[2026-03-19T17:42:46.793+0000] {local_task_job_runner.py:123} INFO - ::group::Pre task execution logs
[2026-03-19T17:42:46.837+0000] {taskinstance.py:2614} INFO - Dependencies all met for dep_context=non-requeueable deps ti=<TaskInstance: ELT_postgresql.store_sales_summary manual__2026-03-19T17:42:30.643881+00:00 [queued]>
[2026-03-19T17:42:46.857+0000] {taskinstance.py:2614} INFO - Dependencies all met for dep_context=requeueable deps ti=<TaskInstance: ELT_postgresql.store_sales_summary manual__2026-03-19T17:42:30.643881+00:00 [queued]>
[2026-03-19T17:42:46.859+0000] {taskinstance.py:2867} INFO - Starting attempt 1 of 1
[2026-03-19T17:42:46.903+0000] {taskinstance.py:2890} INFO - Executing <Task(BashOperator): store_sales_summary> on 2026-03-19 17:42:30.643881+00:00
[2026-03-19T17:42:46.918+0000] {warnings.py:112} WARNING - /home/***/.local/lib/python3.12/site-packages/***/task/task_runner/standard_task_runner.py:70: DeprecationWarning: This process (pid=4067) is multi-threaded, use of fork() may lead to deadlocks in the child.
  pid = os.fork()

[2026-03-19T17:42:46.922+0000] {standard_task_runner.py:72} INFO - Started process 4075 to run task
[2026-03-19T17:42:46.925+0000] {standard_task_runner.py:104} INFO - Running: ['***', 'tasks', 'run', 'ELT_postgresql', 'store_sales_summary', 'manual__2026-03-19T17:42:30.643881+00:00', '--job-id', '168', '--raw', '--subdir', 'DAGS_FOLDER/ETL_postgresql_dag/etl_postgresql.py', '--cfg-path', '/tmp/tmp5oiirt3g']
[2026-03-19T17:42:46.928+0000] {standard_task_runner.py:105} INFO - Job 168: Subtask store_sales_summary
[2026-03-19T17:42:47.040+0000] {task_command.py:467} INFO - Running <TaskInstance: ELT_postgresql.store_sales_summary manual__2026-03-19T17:42:30.643881+00:00 [running]> on host 11702db3a8b2
[2026-03-19T17:42:47.912+0000] {taskinstance.py:3134} INFO - Exporting env vars: AIRFLOW_CTX_DAG_OWNER='Bereket Tafesse' AIRFLOW_CTX_DAG_ID='ELT_postgresql' AIRFLOW_CTX_TASK_ID='store_sales_summary' AIRFLOW_CTX_EXECUTION_DATE='2026-03-19T17:42:30.643881+00:00' AIRFLOW_CTX_TRY_NUMBER='1' AIRFLOW_CTX_DAG_RUN_ID='manual__2026-03-19T17:42:30.643881+00:00'
[2026-03-19T17:42:47.914+0000] {logging_mixin.py:190} INFO - Task instance is in running state
[2026-03-19T17:42:47.916+0000] {logging_mixin.py:190} INFO -  Previous state of the Task instance: queued
[2026-03-19T17:42:47.918+0000] {logging_mixin.py:190} INFO - Current task name:store_sales_summary state:running start_date:2026-03-19 17:42:46.838415+00:00
[2026-03-19T17:42:47.920+0000] {logging_mixin.py:190} INFO - Dag name:ELT_postgresql and current dag run status:running
[2026-03-19T17:42:47.922+0000] {taskinstance.py:732} INFO - ::endgroup::
[2026-03-19T17:42:47.924+0000] {subprocess.py:78} INFO - Tmp dir root location: /tmp
[2026-03-19T17:42:47.928+0000] {subprocess.py:88} INFO - Running command: ['/usr/bin/bash', '-c', 'python /opt/***/dags/ETL_postgresql_dag/python_tasks/store_sales_summary.py']
[2026-03-19T17:42:47.959+0000] {subprocess.py:99} INFO - Output:
[2026-03-19T17:42:57.620+0000] {subprocess.py:106} INFO - [2026-03-19T17:42:57.614+0000] {base.py:84} INFO - Retrieving connection 'postgresql_connection'
[2026-03-19T17:42:57.642+0000] {subprocess.py:106} INFO - [2026-03-19T17:42:57.641+0000] {sql.py:511} INFO - Running statement:
[2026-03-19T17:42:57.644+0000] {subprocess.py:106} INFO -         DROP TABLE IF EXISTS store_sales_summary;
[2026-03-19T17:42:57.646+0000] {subprocess.py:106} INFO - 
[2026-03-19T17:42:57.647+0000] {subprocess.py:106} INFO -         CREATE TABLE store_sales_summary AS
[2026-03-19T17:42:57.649+0000] {subprocess.py:106} INFO -         SELECT
[2026-03-19T17:42:57.651+0000] {subprocess.py:106} INFO -             store_id,
[2026-03-19T17:42:57.653+0000] {subprocess.py:106} INFO -             store_name,
[2026-03-19T17:42:57.654+0000] {subprocess.py:106} INFO -             store_country,
[2026-03-19T17:42:57.656+0000] {subprocess.py:106} INFO -             store_city,
[2026-03-19T17:42:57.658+0000] {subprocess.py:106} INFO -             store_type,
[2026-03-19T17:42:57.659+0000] {subprocess.py:106} INFO -             SUM(total_amount) AS total_sales_amount,
[2026-03-19T17:42:57.662+0000] {subprocess.py:106} INFO -             SUM(total_quantity_sold) AS total_quantity_sold
[2026-03-19T17:42:57.664+0000] {subprocess.py:106} INFO -         FROM exploded_products
[2026-03-19T17:42:57.666+0000] {subprocess.py:106} INFO -         GROUP BY store_id, store_name, store_country, store_city, store_type;
[2026-03-19T17:42:57.668+0000] {subprocess.py:106} INFO -     , parameters: None
[2026-03-19T17:43:00.421+0000] {subprocess.py:106} INFO - [2026-03-19T17:43:00.420+0000] {sql.py:520} INFO - Rows affected: 29930
[2026-03-19T17:43:01.201+0000] {subprocess.py:110} INFO - Command exited with return code 0
[2026-03-19T17:43:01.364+0000] {taskinstance.py:341} INFO - ::group::Post task execution logs
[2026-03-19T17:43:01.373+0000] {taskinstance.py:353} INFO - Marking task as SUCCESS. dag_id=ELT_postgresql, task_id=store_sales_summary, run_id=manual__2026-03-19T17:42:30.643881+00:00, execution_date=20260319T174230, start_date=20260319T174246, end_date=20260319T174301
[2026-03-19T17:43:01.547+0000] {logging_mixin.py:190} INFO - Task instance in success state
[2026-03-19T17:43:01.549+0000] {logging_mixin.py:190} INFO -  Previous state of the Task instance: running
[2026-03-19T17:43:01.550+0000] {logging_mixin.py:190} INFO - Dag name:ELT_postgresql queued_at:2026-03-19 17:42:30.867842+00:00
[2026-03-19T17:43:01.552+0000] {logging_mixin.py:190} INFO - Task hostname:11702db3a8b2 operator:BashOperator
[2026-03-19T17:43:01.598+0000] {local_task_job_runner.py:266} INFO - Task exited with return code 0
[2026-03-19T17:43:02.177+0000] {standard_task_runner.py:217} INFO - Process not found (most likely exited), stop collecting metrics
[2026-03-19T17:43:02.187+0000] {taskinstance.py:3901} INFO - 0 downstream tasks scheduled from follow-on schedule check
[2026-03-19T17:43:02.194+0000] {local_task_job_runner.py:245} INFO - ::endgroup::
