[2026-03-19T12:05:02.512+0000] {local_task_job_runner.py:123} INFO - ::group::Pre task execution logs
[2026-03-19T12:05:02.608+0000] {taskinstance.py:2614} INFO - Dependencies all met for dep_context=non-requeueable deps ti=<TaskInstance: ELT_postgresql.payment_method_analysis scheduled__2026-03-18T00:00:00+00:00 [queued]>
[2026-03-19T12:05:02.653+0000] {taskinstance.py:2614} INFO - Dependencies all met for dep_context=requeueable deps ti=<TaskInstance: ELT_postgresql.payment_method_analysis scheduled__2026-03-18T00:00:00+00:00 [queued]>
[2026-03-19T12:05:02.657+0000] {taskinstance.py:2867} INFO - Starting attempt 1 of 1
[2026-03-19T12:05:02.723+0000] {taskinstance.py:2890} INFO - Executing <Task(BashOperator): payment_method_analysis> on 2026-03-18 00:00:00+00:00
[2026-03-19T12:05:02.753+0000] {warnings.py:112} WARNING - /home/***/.local/lib/python3.12/site-packages/***/task/task_runner/standard_task_runner.py:70: DeprecationWarning: This process (pid=75) is multi-threaded, use of fork() may lead to deadlocks in the child.
  pid = os.fork()

[2026-03-19T12:05:02.763+0000] {standard_task_runner.py:72} INFO - Started process 84 to run task
[2026-03-19T12:05:02.763+0000] {standard_task_runner.py:104} INFO - Running: ['***', 'tasks', 'run', 'ELT_postgresql', 'payment_method_analysis', 'scheduled__2026-03-18T00:00:00+00:00', '--job-id', '158', '--raw', '--subdir', 'DAGS_FOLDER/ETL_postgresql_dag/etl_postgresql.py', '--cfg-path', '/tmp/tmp44q152kt']
[2026-03-19T12:05:02.769+0000] {standard_task_runner.py:105} INFO - Job 158: Subtask payment_method_analysis
[2026-03-19T12:05:03.032+0000] {task_command.py:467} INFO - Running <TaskInstance: ELT_postgresql.payment_method_analysis scheduled__2026-03-18T00:00:00+00:00 [running]> on host 11702db3a8b2
[2026-03-19T12:05:03.467+0000] {taskinstance.py:3134} INFO - Exporting env vars: AIRFLOW_CTX_DAG_OWNER='Bereket Tafesse' AIRFLOW_CTX_DAG_ID='ELT_postgresql' AIRFLOW_CTX_TASK_ID='payment_method_analysis' AIRFLOW_CTX_EXECUTION_DATE='2026-03-18T00:00:00+00:00' AIRFLOW_CTX_TRY_NUMBER='1' AIRFLOW_CTX_DAG_RUN_ID='scheduled__2026-03-18T00:00:00+00:00'
[2026-03-19T12:05:03.475+0000] {logging_mixin.py:190} INFO - Task instance is in running state
[2026-03-19T12:05:03.481+0000] {logging_mixin.py:190} INFO -  Previous state of the Task instance: queued
[2026-03-19T12:05:03.488+0000] {logging_mixin.py:190} INFO - Current task name:payment_method_analysis state:running start_date:2026-03-19 12:05:02.612469+00:00
[2026-03-19T12:05:03.492+0000] {logging_mixin.py:190} INFO - Dag name:ELT_postgresql and current dag run status:running
[2026-03-19T12:05:03.501+0000] {taskinstance.py:732} INFO - ::endgroup::
[2026-03-19T12:05:03.509+0000] {subprocess.py:78} INFO - Tmp dir root location: /tmp
[2026-03-19T12:05:03.518+0000] {subprocess.py:88} INFO - Running command: ['/usr/bin/bash', '-c', 'python /opt/***/dags/ETL_postgresql_dag/python_tasks/payment_method_analysis.py']
[2026-03-19T12:05:03.566+0000] {subprocess.py:99} INFO - Output:
[2026-03-19T12:05:20.309+0000] {subprocess.py:106} INFO - [2026-03-19T12:05:20.304+0000] {base.py:84} INFO - Retrieving connection 'postgresql_connection'
[2026-03-19T12:05:20.420+0000] {subprocess.py:106} INFO - [2026-03-19T12:05:20.418+0000] {sql.py:511} INFO - Running statement:
[2026-03-19T12:05:20.423+0000] {subprocess.py:106} INFO -         DROP TABLE IF EXISTS payment_method_analysis;
[2026-03-19T12:05:20.425+0000] {subprocess.py:106} INFO - 
[2026-03-19T12:05:20.428+0000] {subprocess.py:106} INFO -         CREATE TABLE payment_method_analysis AS
[2026-03-19T12:05:20.431+0000] {subprocess.py:106} INFO -         SELECT
[2026-03-19T12:05:20.436+0000] {subprocess.py:106} INFO -             payment_method,
[2026-03-19T12:05:20.439+0000] {subprocess.py:106} INFO -             COUNT(DISTINCT transaction_id) AS total_transactions,
[2026-03-19T12:05:20.441+0000] {subprocess.py:106} INFO -             SUM(total_amount) AS total_sales_amount,
[2026-03-19T12:05:20.444+0000] {subprocess.py:106} INFO -             AVG(discount_applied) AS average_discount,
[2026-03-19T12:05:20.447+0000] {subprocess.py:106} INFO -             SUM(CASE WHEN return_status = 'Returned' THEN 1 ELSE 0 END)::FLOAT
[2026-03-19T12:05:20.450+0000] {subprocess.py:106} INFO -                 / COUNT(DISTINCT transaction_id) AS return_rate,
[2026-03-19T12:05:20.452+0000] {subprocess.py:106} INFO -             AVG(total_quantity_sold) AS average_items_per_transaction
[2026-03-19T12:05:20.458+0000] {subprocess.py:106} INFO -         FROM exploded_products
[2026-03-19T12:05:20.463+0000] {subprocess.py:106} INFO -         GROUP BY payment_method;
[2026-03-19T12:05:20.466+0000] {subprocess.py:106} INFO -     , parameters: None
[2026-03-19T12:05:22.863+0000] {subprocess.py:106} INFO - [2026-03-19T12:05:22.861+0000] {sql.py:520} INFO - Rows affected: 7
[2026-03-19T12:05:23.928+0000] {subprocess.py:110} INFO - Command exited with return code 0
[2026-03-19T12:05:24.038+0000] {taskinstance.py:341} INFO - ::group::Post task execution logs
[2026-03-19T12:05:24.041+0000] {taskinstance.py:353} INFO - Marking task as SUCCESS. dag_id=ELT_postgresql, task_id=payment_method_analysis, run_id=scheduled__2026-03-18T00:00:00+00:00, execution_date=20260318T000000, start_date=20260319T120502, end_date=20260319T120524
[2026-03-19T12:05:24.148+0000] {logging_mixin.py:190} INFO - Task instance in success state
[2026-03-19T12:05:24.151+0000] {logging_mixin.py:190} INFO -  Previous state of the Task instance: running
[2026-03-19T12:05:24.153+0000] {logging_mixin.py:190} INFO - Dag name:ELT_postgresql queued_at:2026-03-19 11:56:48.888612+00:00
[2026-03-19T12:05:24.155+0000] {logging_mixin.py:190} INFO - Task hostname:11702db3a8b2 operator:BashOperator
[2026-03-19T12:05:24.206+0000] {local_task_job_runner.py:266} INFO - Task exited with return code 0
[2026-03-19T12:05:24.269+0000] {taskinstance.py:3901} INFO - 0 downstream tasks scheduled from follow-on schedule check
[2026-03-19T12:05:24.278+0000] {local_task_job_runner.py:245} INFO - ::endgroup::
