[2026-01-20T16:12:33.284+0000] {local_task_job_runner.py:123} INFO - ::group::Pre task execution logs
[2026-01-20T16:12:33.370+0000] {taskinstance.py:2614} INFO - Dependencies all met for dep_context=non-requeueable deps ti=<TaskInstance: ELT_postgresql.store_sales_summary manual__2026-01-20T16:12:14.863041+00:00 [queued]>
[2026-01-20T16:12:33.410+0000] {taskinstance.py:2614} INFO - Dependencies all met for dep_context=requeueable deps ti=<TaskInstance: ELT_postgresql.store_sales_summary manual__2026-01-20T16:12:14.863041+00:00 [queued]>
[2026-01-20T16:12:33.413+0000] {taskinstance.py:2867} INFO - Starting attempt 1 of 1
[2026-01-20T16:12:33.463+0000] {taskinstance.py:2890} INFO - Executing <Task(BashOperator): store_sales_summary> on 2026-01-20 16:12:14.863041+00:00
[2026-01-20T16:12:33.486+0000] {warnings.py:112} WARNING - /home/***/.local/lib/python3.12/site-packages/***/task/task_runner/standard_task_runner.py:70: DeprecationWarning: This process (pid=97) is multi-threaded, use of fork() may lead to deadlocks in the child.
  pid = os.fork()

[2026-01-20T16:12:33.494+0000] {standard_task_runner.py:72} INFO - Started process 111 to run task
[2026-01-20T16:12:33.492+0000] {standard_task_runner.py:104} INFO - Running: ['***', 'tasks', 'run', 'ELT_postgresql', 'store_sales_summary', 'manual__2026-01-20T16:12:14.863041+00:00', '--job-id', '23', '--raw', '--subdir', 'DAGS_FOLDER/ETL_postgresql_dag/etl_postgresql.py', '--cfg-path', '/tmp/tmpwfsqxkmj']
[2026-01-20T16:12:33.500+0000] {standard_task_runner.py:105} INFO - Job 23: Subtask store_sales_summary
[2026-01-20T16:12:33.705+0000] {task_command.py:467} INFO - Running <TaskInstance: ELT_postgresql.store_sales_summary manual__2026-01-20T16:12:14.863041+00:00 [running]> on host a20474984fd9
[2026-01-20T16:12:34.057+0000] {taskinstance.py:3134} INFO - Exporting env vars: AIRFLOW_CTX_DAG_OWNER='Bereket Tafesse' AIRFLOW_CTX_DAG_ID='ELT_postgresql' AIRFLOW_CTX_TASK_ID='store_sales_summary' AIRFLOW_CTX_EXECUTION_DATE='2026-01-20T16:12:14.863041+00:00' AIRFLOW_CTX_TRY_NUMBER='1' AIRFLOW_CTX_DAG_RUN_ID='manual__2026-01-20T16:12:14.863041+00:00'
[2026-01-20T16:12:34.063+0000] {logging_mixin.py:190} INFO - Task instance is in running state
[2026-01-20T16:12:34.066+0000] {logging_mixin.py:190} INFO -  Previous state of the Task instance: queued
[2026-01-20T16:12:34.070+0000] {logging_mixin.py:190} INFO - Current task name:store_sales_summary state:running start_date:2026-01-20 16:12:33.372868+00:00
[2026-01-20T16:12:34.073+0000] {logging_mixin.py:190} INFO - Dag name:ELT_postgresql and current dag run status:running
[2026-01-20T16:12:34.075+0000] {taskinstance.py:732} INFO - ::endgroup::
[2026-01-20T16:12:34.080+0000] {subprocess.py:78} INFO - Tmp dir root location: /tmp
[2026-01-20T16:12:34.086+0000] {subprocess.py:88} INFO - Running command: ['/usr/bin/bash', '-c', 'python /opt/***/dags/ETL_postgresql_dag/python_tasks/store_sales_summary.py']
[2026-01-20T16:12:34.149+0000] {subprocess.py:99} INFO - Output:
[2026-01-20T16:12:48.961+0000] {subprocess.py:106} INFO - [2026-01-20T16:12:48.957+0000] {base.py:84} INFO - Retrieving connection 'postgresql_connection'
[2026-01-20T16:12:48.980+0000] {subprocess.py:106} INFO - [2026-01-20T16:12:48.978+0000] {sql.py:511} INFO - Running statement:
[2026-01-20T16:12:48.983+0000] {subprocess.py:106} INFO -         DROP TABLE IF EXISTS store_sales_summary;
[2026-01-20T16:12:48.986+0000] {subprocess.py:106} INFO - 
[2026-01-20T16:12:48.988+0000] {subprocess.py:106} INFO -         CREATE TABLE store_sales_summary AS
[2026-01-20T16:12:48.991+0000] {subprocess.py:106} INFO -         SELECT
[2026-01-20T16:12:48.994+0000] {subprocess.py:106} INFO -             store_id,
[2026-01-20T16:12:48.996+0000] {subprocess.py:106} INFO -             store_name,
[2026-01-20T16:12:48.999+0000] {subprocess.py:106} INFO -             store_country,
[2026-01-20T16:12:49.001+0000] {subprocess.py:106} INFO -             store_city,
[2026-01-20T16:12:49.004+0000] {subprocess.py:106} INFO -             store_type,
[2026-01-20T16:12:49.006+0000] {subprocess.py:106} INFO -             SUM(total_amount) AS total_sales_amount,
[2026-01-20T16:12:49.008+0000] {subprocess.py:106} INFO -             SUM(total_quantity_sold) AS total_quantity_sold
[2026-01-20T16:12:49.011+0000] {subprocess.py:106} INFO -         FROM exploded_products
[2026-01-20T16:12:49.014+0000] {subprocess.py:106} INFO -         GROUP BY store_id, store_name, store_country, store_city, store_type;
[2026-01-20T16:12:49.016+0000] {subprocess.py:106} INFO -     , parameters: None
[2026-01-20T16:12:49.019+0000] {subprocess.py:106} INFO - [2026-01-20T16:12:49.001+0000] {sql.py:520} INFO - Rows affected: 0
[2026-01-20T16:12:50.159+0000] {subprocess.py:110} INFO - Command exited with return code 0
[2026-01-20T16:12:50.317+0000] {taskinstance.py:341} INFO - ::group::Post task execution logs
[2026-01-20T16:12:50.320+0000] {taskinstance.py:353} INFO - Marking task as SUCCESS. dag_id=ELT_postgresql, task_id=store_sales_summary, run_id=manual__2026-01-20T16:12:14.863041+00:00, execution_date=20260120T161214, start_date=20260120T161233, end_date=20260120T161250
[2026-01-20T16:12:50.470+0000] {logging_mixin.py:190} INFO - Task instance in success state
[2026-01-20T16:12:50.477+0000] {logging_mixin.py:190} INFO -  Previous state of the Task instance: running
[2026-01-20T16:12:50.480+0000] {logging_mixin.py:190} INFO - Dag name:ELT_postgresql queued_at:2026-01-20 16:12:14.918684+00:00
[2026-01-20T16:12:50.483+0000] {logging_mixin.py:190} INFO - Task hostname:a20474984fd9 operator:BashOperator
[2026-01-20T16:12:50.565+0000] {local_task_job_runner.py:266} INFO - Task exited with return code 0
[2026-01-20T16:12:50.655+0000] {taskinstance.py:3901} INFO - 0 downstream tasks scheduled from follow-on schedule check
[2026-01-20T16:12:50.663+0000] {local_task_job_runner.py:245} INFO - ::endgroup::
