[2026-02-18T13:10:09.228+0000] {processor.py:186} INFO - Started process (PID=104) to work on /home/airflow/.local/lib/python3.12/site-packages/airflow/example_dags/example_external_task_marker_dag.py
[2026-02-18T13:10:09.233+0000] {processor.py:914} INFO - Processing file /home/airflow/.local/lib/python3.12/site-packages/airflow/example_dags/example_external_task_marker_dag.py for tasks to queue
[2026-02-18T13:10:09.245+0000] {logging_mixin.py:190} INFO - [2026-02-18T13:10:09.243+0000] {dagbag.py:588} INFO - Filling up the DagBag from /home/airflow/.local/lib/python3.12/site-packages/airflow/example_dags/example_external_task_marker_dag.py
[2026-02-18T13:10:09.290+0000] {processor.py:925} INFO - DAG(s) 'example_external_task_marker_child', 'example_external_task_marker_parent' retrieved from /home/airflow/.local/lib/python3.12/site-packages/airflow/example_dags/example_external_task_marker_dag.py
[2026-02-18T13:10:09.404+0000] {logging_mixin.py:190} INFO - [2026-02-18T13:10:09.403+0000] {dag.py:3239} INFO - Sync 2 DAGs
[2026-02-18T13:10:09.483+0000] {logging_mixin.py:190} INFO - [2026-02-18T13:10:09.482+0000] {dag.py:4180} INFO - Setting next_dagrun for example_external_task_marker_child to None, run_after=None
[2026-02-18T13:10:09.504+0000] {logging_mixin.py:190} INFO - [2026-02-18T13:10:09.503+0000] {dag.py:4180} INFO - Setting next_dagrun for example_external_task_marker_parent to None, run_after=None
[2026-02-18T13:10:09.584+0000] {processor.py:208} INFO - Processing /home/airflow/.local/lib/python3.12/site-packages/airflow/example_dags/example_external_task_marker_dag.py took 0.382 seconds
[2026-02-18T13:10:41.856+0000] {processor.py:186} INFO - Started process (PID=169) to work on /home/airflow/.local/lib/python3.12/site-packages/airflow/example_dags/example_external_task_marker_dag.py
[2026-02-18T13:10:41.861+0000] {processor.py:914} INFO - Processing file /home/airflow/.local/lib/python3.12/site-packages/airflow/example_dags/example_external_task_marker_dag.py for tasks to queue
[2026-02-18T13:10:41.869+0000] {logging_mixin.py:190} INFO - [2026-02-18T13:10:41.867+0000] {dagbag.py:588} INFO - Filling up the DagBag from /home/airflow/.local/lib/python3.12/site-packages/airflow/example_dags/example_external_task_marker_dag.py
[2026-02-18T13:10:41.912+0000] {processor.py:925} INFO - DAG(s) 'example_external_task_marker_parent', 'example_external_task_marker_child' retrieved from /home/airflow/.local/lib/python3.12/site-packages/airflow/example_dags/example_external_task_marker_dag.py
[2026-02-18T13:10:42.028+0000] {logging_mixin.py:190} INFO - [2026-02-18T13:10:42.026+0000] {dag.py:3239} INFO - Sync 2 DAGs
[2026-02-18T13:10:42.109+0000] {logging_mixin.py:190} INFO - [2026-02-18T13:10:42.108+0000] {dag.py:4180} INFO - Setting next_dagrun for example_external_task_marker_child to None, run_after=None
[2026-02-18T13:10:42.133+0000] {logging_mixin.py:190} INFO - [2026-02-18T13:10:42.132+0000] {dag.py:4180} INFO - Setting next_dagrun for example_external_task_marker_parent to None, run_after=None
[2026-02-18T13:10:42.220+0000] {processor.py:208} INFO - Processing /home/airflow/.local/lib/python3.12/site-packages/airflow/example_dags/example_external_task_marker_dag.py took 0.394 seconds
[2026-02-18T13:11:14.211+0000] {processor.py:186} INFO - Started process (PID=233) to work on /home/airflow/.local/lib/python3.12/site-packages/airflow/example_dags/example_external_task_marker_dag.py
[2026-02-18T13:11:14.218+0000] {processor.py:914} INFO - Processing file /home/airflow/.local/lib/python3.12/site-packages/airflow/example_dags/example_external_task_marker_dag.py for tasks to queue
[2026-02-18T13:11:14.224+0000] {logging_mixin.py:190} INFO - [2026-02-18T13:11:14.222+0000] {dagbag.py:588} INFO - Filling up the DagBag from /home/airflow/.local/lib/python3.12/site-packages/airflow/example_dags/example_external_task_marker_dag.py
[2026-02-18T13:11:14.272+0000] {processor.py:925} INFO - DAG(s) 'example_external_task_marker_child', 'example_external_task_marker_parent' retrieved from /home/airflow/.local/lib/python3.12/site-packages/airflow/example_dags/example_external_task_marker_dag.py
[2026-02-18T13:11:14.406+0000] {logging_mixin.py:190} INFO - [2026-02-18T13:11:14.404+0000] {dag.py:3239} INFO - Sync 2 DAGs
[2026-02-18T13:11:14.499+0000] {logging_mixin.py:190} INFO - [2026-02-18T13:11:14.498+0000] {dag.py:4180} INFO - Setting next_dagrun for example_external_task_marker_child to None, run_after=None
[2026-02-18T13:11:14.522+0000] {logging_mixin.py:190} INFO - [2026-02-18T13:11:14.521+0000] {dag.py:4180} INFO - Setting next_dagrun for example_external_task_marker_parent to None, run_after=None
[2026-02-18T13:11:14.645+0000] {processor.py:208} INFO - Processing /home/airflow/.local/lib/python3.12/site-packages/airflow/example_dags/example_external_task_marker_dag.py took 0.462 seconds
[2026-02-18T13:11:45.532+0000] {processor.py:186} INFO - Started process (PID=296) to work on /home/airflow/.local/lib/python3.12/site-packages/airflow/example_dags/example_external_task_marker_dag.py
[2026-02-18T13:11:45.542+0000] {processor.py:914} INFO - Processing file /home/airflow/.local/lib/python3.12/site-packages/airflow/example_dags/example_external_task_marker_dag.py for tasks to queue
[2026-02-18T13:11:45.553+0000] {logging_mixin.py:190} INFO - [2026-02-18T13:11:45.552+0000] {dagbag.py:588} INFO - Filling up the DagBag from /home/airflow/.local/lib/python3.12/site-packages/airflow/example_dags/example_external_task_marker_dag.py
[2026-02-18T13:11:45.606+0000] {processor.py:925} INFO - DAG(s) 'example_external_task_marker_parent', 'example_external_task_marker_child' retrieved from /home/airflow/.local/lib/python3.12/site-packages/airflow/example_dags/example_external_task_marker_dag.py
[2026-02-18T13:11:45.740+0000] {logging_mixin.py:190} INFO - [2026-02-18T13:11:45.739+0000] {dag.py:3239} INFO - Sync 2 DAGs
[2026-02-18T13:11:45.842+0000] {logging_mixin.py:190} INFO - [2026-02-18T13:11:45.840+0000] {dag.py:4180} INFO - Setting next_dagrun for example_external_task_marker_child to None, run_after=None
[2026-02-18T13:11:45.903+0000] {logging_mixin.py:190} INFO - [2026-02-18T13:11:45.902+0000] {dag.py:4180} INFO - Setting next_dagrun for example_external_task_marker_parent to None, run_after=None
[2026-02-18T13:11:45.993+0000] {processor.py:208} INFO - Processing /home/airflow/.local/lib/python3.12/site-packages/airflow/example_dags/example_external_task_marker_dag.py took 0.493 seconds
[2026-02-18T13:12:18.989+0000] {processor.py:186} INFO - Started process (PID=366) to work on /home/airflow/.local/lib/python3.12/site-packages/airflow/example_dags/example_external_task_marker_dag.py
[2026-02-18T13:12:18.992+0000] {processor.py:914} INFO - Processing file /home/airflow/.local/lib/python3.12/site-packages/airflow/example_dags/example_external_task_marker_dag.py for tasks to queue
[2026-02-18T13:12:18.998+0000] {logging_mixin.py:190} INFO - [2026-02-18T13:12:18.996+0000] {dagbag.py:588} INFO - Filling up the DagBag from /home/airflow/.local/lib/python3.12/site-packages/airflow/example_dags/example_external_task_marker_dag.py
[2026-02-18T13:12:19.035+0000] {processor.py:925} INFO - DAG(s) 'example_external_task_marker_parent', 'example_external_task_marker_child' retrieved from /home/airflow/.local/lib/python3.12/site-packages/airflow/example_dags/example_external_task_marker_dag.py
[2026-02-18T13:12:19.117+0000] {logging_mixin.py:190} INFO - [2026-02-18T13:12:19.116+0000] {dag.py:3239} INFO - Sync 2 DAGs
[2026-02-18T13:12:19.172+0000] {logging_mixin.py:190} INFO - [2026-02-18T13:12:19.171+0000] {dag.py:4180} INFO - Setting next_dagrun for example_external_task_marker_child to None, run_after=None
[2026-02-18T13:12:19.185+0000] {logging_mixin.py:190} INFO - [2026-02-18T13:12:19.184+0000] {dag.py:4180} INFO - Setting next_dagrun for example_external_task_marker_parent to None, run_after=None
[2026-02-18T13:12:19.237+0000] {processor.py:208} INFO - Processing /home/airflow/.local/lib/python3.12/site-packages/airflow/example_dags/example_external_task_marker_dag.py took 0.268 seconds
[2026-02-18T13:12:55.618+0000] {processor.py:186} INFO - Started process (PID=431) to work on /home/airflow/.local/lib/python3.12/site-packages/airflow/example_dags/example_external_task_marker_dag.py
[2026-02-18T13:12:55.622+0000] {processor.py:914} INFO - Processing file /home/airflow/.local/lib/python3.12/site-packages/airflow/example_dags/example_external_task_marker_dag.py for tasks to queue
[2026-02-18T13:12:55.630+0000] {logging_mixin.py:190} INFO - [2026-02-18T13:12:55.628+0000] {dagbag.py:588} INFO - Filling up the DagBag from /home/airflow/.local/lib/python3.12/site-packages/airflow/example_dags/example_external_task_marker_dag.py
[2026-02-18T13:12:55.679+0000] {processor.py:925} INFO - DAG(s) 'example_external_task_marker_parent', 'example_external_task_marker_child' retrieved from /home/airflow/.local/lib/python3.12/site-packages/airflow/example_dags/example_external_task_marker_dag.py
[2026-02-18T13:12:55.804+0000] {logging_mixin.py:190} INFO - [2026-02-18T13:12:55.802+0000] {dag.py:3239} INFO - Sync 2 DAGs
[2026-02-18T13:12:55.895+0000] {logging_mixin.py:190} INFO - [2026-02-18T13:12:55.894+0000] {dag.py:4180} INFO - Setting next_dagrun for example_external_task_marker_child to None, run_after=None
[2026-02-18T13:12:55.919+0000] {logging_mixin.py:190} INFO - [2026-02-18T13:12:55.919+0000] {dag.py:4180} INFO - Setting next_dagrun for example_external_task_marker_parent to None, run_after=None
[2026-02-18T13:12:56.010+0000] {processor.py:208} INFO - Processing /home/airflow/.local/lib/python3.12/site-packages/airflow/example_dags/example_external_task_marker_dag.py took 0.425 seconds
[2026-02-18T13:13:26.271+0000] {processor.py:186} INFO - Started process (PID=496) to work on /home/airflow/.local/lib/python3.12/site-packages/airflow/example_dags/example_external_task_marker_dag.py
[2026-02-18T13:13:26.276+0000] {processor.py:914} INFO - Processing file /home/airflow/.local/lib/python3.12/site-packages/airflow/example_dags/example_external_task_marker_dag.py for tasks to queue
[2026-02-18T13:13:26.281+0000] {logging_mixin.py:190} INFO - [2026-02-18T13:13:26.280+0000] {dagbag.py:588} INFO - Filling up the DagBag from /home/airflow/.local/lib/python3.12/site-packages/airflow/example_dags/example_external_task_marker_dag.py
[2026-02-18T13:13:26.320+0000] {processor.py:925} INFO - DAG(s) 'example_external_task_marker_parent', 'example_external_task_marker_child' retrieved from /home/airflow/.local/lib/python3.12/site-packages/airflow/example_dags/example_external_task_marker_dag.py
[2026-02-18T13:13:26.412+0000] {logging_mixin.py:190} INFO - [2026-02-18T13:13:26.411+0000] {dag.py:3239} INFO - Sync 2 DAGs
[2026-02-18T13:13:26.485+0000] {logging_mixin.py:190} INFO - [2026-02-18T13:13:26.484+0000] {dag.py:4180} INFO - Setting next_dagrun for example_external_task_marker_child to None, run_after=None
[2026-02-18T13:13:26.509+0000] {logging_mixin.py:190} INFO - [2026-02-18T13:13:26.509+0000] {dag.py:4180} INFO - Setting next_dagrun for example_external_task_marker_parent to None, run_after=None
[2026-02-18T13:13:26.571+0000] {processor.py:208} INFO - Processing /home/airflow/.local/lib/python3.12/site-packages/airflow/example_dags/example_external_task_marker_dag.py took 0.329 seconds
[2026-02-18T13:13:56.837+0000] {processor.py:186} INFO - Started process (PID=560) to work on /home/airflow/.local/lib/python3.12/site-packages/airflow/example_dags/example_external_task_marker_dag.py
[2026-02-18T13:13:56.841+0000] {processor.py:914} INFO - Processing file /home/airflow/.local/lib/python3.12/site-packages/airflow/example_dags/example_external_task_marker_dag.py for tasks to queue
[2026-02-18T13:13:56.846+0000] {logging_mixin.py:190} INFO - [2026-02-18T13:13:56.845+0000] {dagbag.py:588} INFO - Filling up the DagBag from /home/airflow/.local/lib/python3.12/site-packages/airflow/example_dags/example_external_task_marker_dag.py
[2026-02-18T13:13:56.882+0000] {processor.py:925} INFO - DAG(s) 'example_external_task_marker_parent', 'example_external_task_marker_child' retrieved from /home/airflow/.local/lib/python3.12/site-packages/airflow/example_dags/example_external_task_marker_dag.py
[2026-02-18T13:13:56.990+0000] {logging_mixin.py:190} INFO - [2026-02-18T13:13:56.989+0000] {dag.py:3239} INFO - Sync 2 DAGs
[2026-02-18T13:13:57.086+0000] {logging_mixin.py:190} INFO - [2026-02-18T13:13:57.085+0000] {dag.py:4180} INFO - Setting next_dagrun for example_external_task_marker_child to None, run_after=None
[2026-02-18T13:13:57.107+0000] {logging_mixin.py:190} INFO - [2026-02-18T13:13:57.106+0000] {dag.py:4180} INFO - Setting next_dagrun for example_external_task_marker_parent to None, run_after=None
[2026-02-18T13:13:57.182+0000] {processor.py:208} INFO - Processing /home/airflow/.local/lib/python3.12/site-packages/airflow/example_dags/example_external_task_marker_dag.py took 0.370 seconds
[2026-02-18T13:14:27.711+0000] {processor.py:186} INFO - Started process (PID=625) to work on /home/airflow/.local/lib/python3.12/site-packages/airflow/example_dags/example_external_task_marker_dag.py
[2026-02-18T13:14:27.714+0000] {processor.py:914} INFO - Processing file /home/airflow/.local/lib/python3.12/site-packages/airflow/example_dags/example_external_task_marker_dag.py for tasks to queue
[2026-02-18T13:14:27.718+0000] {logging_mixin.py:190} INFO - [2026-02-18T13:14:27.717+0000] {dagbag.py:588} INFO - Filling up the DagBag from /home/airflow/.local/lib/python3.12/site-packages/airflow/example_dags/example_external_task_marker_dag.py
[2026-02-18T13:14:27.743+0000] {processor.py:925} INFO - DAG(s) 'example_external_task_marker_child', 'example_external_task_marker_parent' retrieved from /home/airflow/.local/lib/python3.12/site-packages/airflow/example_dags/example_external_task_marker_dag.py
[2026-02-18T13:14:27.813+0000] {logging_mixin.py:190} INFO - [2026-02-18T13:14:27.812+0000] {dag.py:3239} INFO - Sync 2 DAGs
[2026-02-18T13:14:27.858+0000] {logging_mixin.py:190} INFO - [2026-02-18T13:14:27.857+0000] {dag.py:4180} INFO - Setting next_dagrun for example_external_task_marker_child to None, run_after=None
[2026-02-18T13:14:27.870+0000] {logging_mixin.py:190} INFO - [2026-02-18T13:14:27.870+0000] {dag.py:4180} INFO - Setting next_dagrun for example_external_task_marker_parent to None, run_after=None
[2026-02-18T13:14:27.926+0000] {processor.py:208} INFO - Processing /home/airflow/.local/lib/python3.12/site-packages/airflow/example_dags/example_external_task_marker_dag.py took 0.228 seconds
[2026-02-18T13:14:58.852+0000] {processor.py:186} INFO - Started process (PID=690) to work on /home/airflow/.local/lib/python3.12/site-packages/airflow/example_dags/example_external_task_marker_dag.py
[2026-02-18T13:14:58.853+0000] {processor.py:914} INFO - Processing file /home/airflow/.local/lib/python3.12/site-packages/airflow/example_dags/example_external_task_marker_dag.py for tasks to queue
[2026-02-18T13:14:58.854+0000] {logging_mixin.py:190} INFO - [2026-02-18T13:14:58.854+0000] {dagbag.py:588} INFO - Filling up the DagBag from /home/airflow/.local/lib/python3.12/site-packages/airflow/example_dags/example_external_task_marker_dag.py
[2026-02-18T13:14:58.863+0000] {processor.py:925} INFO - DAG(s) 'example_external_task_marker_parent', 'example_external_task_marker_child' retrieved from /home/airflow/.local/lib/python3.12/site-packages/airflow/example_dags/example_external_task_marker_dag.py
[2026-02-18T13:14:58.886+0000] {logging_mixin.py:190} INFO - [2026-02-18T13:14:58.886+0000] {dag.py:3239} INFO - Sync 2 DAGs
[2026-02-18T13:14:58.901+0000] {logging_mixin.py:190} INFO - [2026-02-18T13:14:58.901+0000] {dag.py:4180} INFO - Setting next_dagrun for example_external_task_marker_child to None, run_after=None
[2026-02-18T13:14:58.905+0000] {logging_mixin.py:190} INFO - [2026-02-18T13:14:58.905+0000] {dag.py:4180} INFO - Setting next_dagrun for example_external_task_marker_parent to None, run_after=None
[2026-02-18T13:14:58.924+0000] {processor.py:208} INFO - Processing /home/airflow/.local/lib/python3.12/site-packages/airflow/example_dags/example_external_task_marker_dag.py took 0.078 seconds
[2026-02-18T13:15:37.118+0000] {processor.py:186} INFO - Started process (PID=753) to work on /home/airflow/.local/lib/python3.12/site-packages/airflow/example_dags/example_external_task_marker_dag.py
[2026-02-18T13:15:37.122+0000] {processor.py:914} INFO - Processing file /home/airflow/.local/lib/python3.12/site-packages/airflow/example_dags/example_external_task_marker_dag.py for tasks to queue
[2026-02-18T13:15:37.126+0000] {logging_mixin.py:190} INFO - [2026-02-18T13:15:37.125+0000] {dagbag.py:588} INFO - Filling up the DagBag from /home/airflow/.local/lib/python3.12/site-packages/airflow/example_dags/example_external_task_marker_dag.py
[2026-02-18T13:15:37.149+0000] {processor.py:925} INFO - DAG(s) 'example_external_task_marker_parent', 'example_external_task_marker_child' retrieved from /home/airflow/.local/lib/python3.12/site-packages/airflow/example_dags/example_external_task_marker_dag.py
[2026-02-18T13:15:37.219+0000] {logging_mixin.py:190} INFO - [2026-02-18T13:15:37.219+0000] {dag.py:3239} INFO - Sync 2 DAGs
[2026-02-18T13:15:37.266+0000] {logging_mixin.py:190} INFO - [2026-02-18T13:15:37.265+0000] {dag.py:4180} INFO - Setting next_dagrun for example_external_task_marker_child to None, run_after=None
[2026-02-18T13:15:37.280+0000] {logging_mixin.py:190} INFO - [2026-02-18T13:15:37.279+0000] {dag.py:4180} INFO - Setting next_dagrun for example_external_task_marker_parent to None, run_after=None
[2026-02-18T13:15:37.331+0000] {processor.py:208} INFO - Processing /home/airflow/.local/lib/python3.12/site-packages/airflow/example_dags/example_external_task_marker_dag.py took 0.228 seconds
[2026-02-18T13:16:09.026+0000] {processor.py:186} INFO - Started process (PID=818) to work on /home/airflow/.local/lib/python3.12/site-packages/airflow/example_dags/example_external_task_marker_dag.py
[2026-02-18T13:16:09.028+0000] {processor.py:914} INFO - Processing file /home/airflow/.local/lib/python3.12/site-packages/airflow/example_dags/example_external_task_marker_dag.py for tasks to queue
[2026-02-18T13:16:09.032+0000] {logging_mixin.py:190} INFO - [2026-02-18T13:16:09.031+0000] {dagbag.py:588} INFO - Filling up the DagBag from /home/airflow/.local/lib/python3.12/site-packages/airflow/example_dags/example_external_task_marker_dag.py
[2026-02-18T13:16:09.050+0000] {processor.py:925} INFO - DAG(s) 'example_external_task_marker_child', 'example_external_task_marker_parent' retrieved from /home/airflow/.local/lib/python3.12/site-packages/airflow/example_dags/example_external_task_marker_dag.py
[2026-02-18T13:16:09.104+0000] {logging_mixin.py:190} INFO - [2026-02-18T13:16:09.103+0000] {dag.py:3239} INFO - Sync 2 DAGs
[2026-02-18T13:16:09.145+0000] {logging_mixin.py:190} INFO - [2026-02-18T13:16:09.144+0000] {dag.py:4180} INFO - Setting next_dagrun for example_external_task_marker_child to None, run_after=None
[2026-02-18T13:16:09.155+0000] {logging_mixin.py:190} INFO - [2026-02-18T13:16:09.155+0000] {dag.py:4180} INFO - Setting next_dagrun for example_external_task_marker_parent to None, run_after=None
[2026-02-18T13:16:09.201+0000] {processor.py:208} INFO - Processing /home/airflow/.local/lib/python3.12/site-packages/airflow/example_dags/example_external_task_marker_dag.py took 0.188 seconds
