[2026-02-18T11:46:15.839+0000] {processor.py:186} INFO - Started process (PID=101) to work on /home/airflow/.local/lib/python3.12/site-packages/airflow/example_dags/example_datasets.py
[2026-02-18T11:46:15.848+0000] {processor.py:914} INFO - Processing file /home/airflow/.local/lib/python3.12/site-packages/airflow/example_dags/example_datasets.py for tasks to queue
[2026-02-18T11:46:15.865+0000] {logging_mixin.py:190} INFO - [2026-02-18T11:46:15.863+0000] {dagbag.py:588} INFO - Filling up the DagBag from /home/airflow/.local/lib/python3.12/site-packages/airflow/example_dags/example_datasets.py
[2026-02-18T11:47:31.019+0000] {logging_mixin.py:190} INFO - [2026-02-18T11:46:48.369+0000] {timeout.py:68} ERROR - Process timed out, PID: 101
[2026-02-18T13:10:00.684+0000] {processor.py:186} INFO - Started process (PID=90) to work on /home/airflow/.local/lib/python3.12/site-packages/airflow/example_dags/example_datasets.py
[2026-02-18T13:10:00.689+0000] {processor.py:914} INFO - Processing file /home/airflow/.local/lib/python3.12/site-packages/airflow/example_dags/example_datasets.py for tasks to queue
[2026-02-18T13:10:00.698+0000] {logging_mixin.py:190} INFO - [2026-02-18T13:10:00.696+0000] {dagbag.py:588} INFO - Filling up the DagBag from /home/airflow/.local/lib/python3.12/site-packages/airflow/example_dags/example_datasets.py
[2026-02-18T13:10:04.057+0000] {processor.py:925} INFO - DAG(s) 'dataset_consumes_1', 'consume_1_and_2_with_dataset_expressions', 'dataset_consumes_1_and_2', 'dataset_produces_2', 'consume_1_or_both_2_and_3_with_dataset_expressions', 'dataset_consumes_unknown_never_scheduled', 'dataset_consumes_1_never_scheduled', 'conditional_dataset_and_time_based_timetable', 'consume_1_or_2_with_dataset_expressions', 'dataset_produces_1' retrieved from /home/airflow/.local/lib/python3.12/site-packages/airflow/example_dags/example_datasets.py
[2026-02-18T13:10:05.912+0000] {logging_mixin.py:190} INFO - [2026-02-18T13:10:05.911+0000] {dag.py:3239} INFO - Sync 10 DAGs
[2026-02-18T13:10:06.053+0000] {logging_mixin.py:190} INFO - [2026-02-18T13:10:06.052+0000] {dag.py:4180} INFO - Setting next_dagrun for conditional_dataset_and_time_based_timetable to 2026-02-18 01:00:00+00:00, run_after=2026-02-18 01:00:00+00:00
[2026-02-18T13:10:06.067+0000] {logging_mixin.py:190} INFO - [2026-02-18T13:10:06.066+0000] {dag.py:4180} INFO - Setting next_dagrun for consume_1_and_2_with_dataset_expressions to None, run_after=None
[2026-02-18T13:10:06.075+0000] {logging_mixin.py:190} INFO - [2026-02-18T13:10:06.074+0000] {dag.py:4180} INFO - Setting next_dagrun for consume_1_or_2_with_dataset_expressions to None, run_after=None
[2026-02-18T13:10:06.082+0000] {logging_mixin.py:190} INFO - [2026-02-18T13:10:06.082+0000] {dag.py:4180} INFO - Setting next_dagrun for consume_1_or_both_2_and_3_with_dataset_expressions to None, run_after=None
[2026-02-18T13:10:06.091+0000] {logging_mixin.py:190} INFO - [2026-02-18T13:10:06.091+0000] {dag.py:4180} INFO - Setting next_dagrun for dataset_consumes_1 to None, run_after=None
[2026-02-18T13:10:06.101+0000] {logging_mixin.py:190} INFO - [2026-02-18T13:10:06.100+0000] {dag.py:4180} INFO - Setting next_dagrun for dataset_consumes_1_and_2 to None, run_after=None
[2026-02-18T13:10:06.109+0000] {logging_mixin.py:190} INFO - [2026-02-18T13:10:06.108+0000] {dag.py:4180} INFO - Setting next_dagrun for dataset_consumes_1_never_scheduled to None, run_after=None
[2026-02-18T13:10:06.117+0000] {logging_mixin.py:190} INFO - [2026-02-18T13:10:06.116+0000] {dag.py:4180} INFO - Setting next_dagrun for dataset_consumes_unknown_never_scheduled to None, run_after=None
[2026-02-18T13:10:06.129+0000] {logging_mixin.py:190} INFO - [2026-02-18T13:10:06.128+0000] {dag.py:4180} INFO - Setting next_dagrun for dataset_produces_1 to 2026-02-17 00:00:00+00:00, run_after=2026-02-18 00:00:00+00:00
[2026-02-18T13:10:06.137+0000] {logging_mixin.py:190} INFO - [2026-02-18T13:10:06.136+0000] {dag.py:4180} INFO - Setting next_dagrun for dataset_produces_2 to None, run_after=None
[2026-02-18T13:10:06.346+0000] {processor.py:208} INFO - Processing /home/airflow/.local/lib/python3.12/site-packages/airflow/example_dags/example_datasets.py took 5.666 seconds
[2026-02-18T13:10:36.971+0000] {processor.py:186} INFO - Started process (PID=159) to work on /home/airflow/.local/lib/python3.12/site-packages/airflow/example_dags/example_datasets.py
[2026-02-18T13:10:36.976+0000] {processor.py:914} INFO - Processing file /home/airflow/.local/lib/python3.12/site-packages/airflow/example_dags/example_datasets.py for tasks to queue
[2026-02-18T13:10:36.986+0000] {logging_mixin.py:190} INFO - [2026-02-18T13:10:36.984+0000] {dagbag.py:588} INFO - Filling up the DagBag from /home/airflow/.local/lib/python3.12/site-packages/airflow/example_dags/example_datasets.py
[2026-02-18T13:10:40.328+0000] {processor.py:925} INFO - DAG(s) 'consume_1_and_2_with_dataset_expressions', 'dataset_produces_2', 'consume_1_or_2_with_dataset_expressions', 'consume_1_or_both_2_and_3_with_dataset_expressions', 'dataset_produces_1', 'conditional_dataset_and_time_based_timetable', 'dataset_consumes_unknown_never_scheduled', 'dataset_consumes_1_never_scheduled', 'dataset_consumes_1', 'dataset_consumes_1_and_2' retrieved from /home/airflow/.local/lib/python3.12/site-packages/airflow/example_dags/example_datasets.py
[2026-02-18T13:10:40.548+0000] {logging_mixin.py:190} INFO - [2026-02-18T13:10:40.547+0000] {dag.py:3239} INFO - Sync 10 DAGs
[2026-02-18T13:10:40.689+0000] {logging_mixin.py:190} INFO - [2026-02-18T13:10:40.687+0000] {dag.py:4180} INFO - Setting next_dagrun for conditional_dataset_and_time_based_timetable to 2026-02-18 01:00:00+00:00, run_after=2026-02-18 01:00:00+00:00
[2026-02-18T13:10:40.712+0000] {logging_mixin.py:190} INFO - [2026-02-18T13:10:40.710+0000] {dag.py:4180} INFO - Setting next_dagrun for consume_1_and_2_with_dataset_expressions to None, run_after=None
[2026-02-18T13:10:40.722+0000] {logging_mixin.py:190} INFO - [2026-02-18T13:10:40.721+0000] {dag.py:4180} INFO - Setting next_dagrun for consume_1_or_2_with_dataset_expressions to None, run_after=None
[2026-02-18T13:10:40.731+0000] {logging_mixin.py:190} INFO - [2026-02-18T13:10:40.730+0000] {dag.py:4180} INFO - Setting next_dagrun for consume_1_or_both_2_and_3_with_dataset_expressions to None, run_after=None
[2026-02-18T13:10:40.739+0000] {logging_mixin.py:190} INFO - [2026-02-18T13:10:40.738+0000] {dag.py:4180} INFO - Setting next_dagrun for dataset_consumes_1 to None, run_after=None
[2026-02-18T13:10:40.748+0000] {logging_mixin.py:190} INFO - [2026-02-18T13:10:40.747+0000] {dag.py:4180} INFO - Setting next_dagrun for dataset_consumes_1_and_2 to None, run_after=None
[2026-02-18T13:10:40.756+0000] {logging_mixin.py:190} INFO - [2026-02-18T13:10:40.755+0000] {dag.py:4180} INFO - Setting next_dagrun for dataset_consumes_1_never_scheduled to None, run_after=None
[2026-02-18T13:10:40.763+0000] {logging_mixin.py:190} INFO - [2026-02-18T13:10:40.762+0000] {dag.py:4180} INFO - Setting next_dagrun for dataset_consumes_unknown_never_scheduled to None, run_after=None
[2026-02-18T13:10:40.777+0000] {logging_mixin.py:190} INFO - [2026-02-18T13:10:40.776+0000] {dag.py:4180} INFO - Setting next_dagrun for dataset_produces_1 to 2026-02-17 00:00:00+00:00, run_after=2026-02-18 00:00:00+00:00
[2026-02-18T13:10:40.784+0000] {logging_mixin.py:190} INFO - [2026-02-18T13:10:40.783+0000] {dag.py:4180} INFO - Setting next_dagrun for dataset_produces_2 to None, run_after=None
[2026-02-18T13:10:40.969+0000] {processor.py:208} INFO - Processing /home/airflow/.local/lib/python3.12/site-packages/airflow/example_dags/example_datasets.py took 4.037 seconds
[2026-02-18T13:11:11.828+0000] {processor.py:186} INFO - Started process (PID=229) to work on /home/airflow/.local/lib/python3.12/site-packages/airflow/example_dags/example_datasets.py
[2026-02-18T13:11:11.836+0000] {processor.py:914} INFO - Processing file /home/airflow/.local/lib/python3.12/site-packages/airflow/example_dags/example_datasets.py for tasks to queue
[2026-02-18T13:11:11.844+0000] {logging_mixin.py:190} INFO - [2026-02-18T13:11:11.843+0000] {dagbag.py:588} INFO - Filling up the DagBag from /home/airflow/.local/lib/python3.12/site-packages/airflow/example_dags/example_datasets.py
[2026-02-18T13:11:15.198+0000] {processor.py:925} INFO - DAG(s) 'dataset_produces_1', 'dataset_consumes_unknown_never_scheduled', 'dataset_consumes_1_and_2', 'dataset_consumes_1', 'consume_1_or_both_2_and_3_with_dataset_expressions', 'consume_1_or_2_with_dataset_expressions', 'conditional_dataset_and_time_based_timetable', 'dataset_consumes_1_never_scheduled', 'dataset_produces_2', 'consume_1_and_2_with_dataset_expressions' retrieved from /home/airflow/.local/lib/python3.12/site-packages/airflow/example_dags/example_datasets.py
[2026-02-18T13:11:15.488+0000] {logging_mixin.py:190} INFO - [2026-02-18T13:11:15.484+0000] {dag.py:3239} INFO - Sync 10 DAGs
[2026-02-18T13:11:15.956+0000] {logging_mixin.py:190} INFO - [2026-02-18T13:11:15.953+0000] {dag.py:4180} INFO - Setting next_dagrun for conditional_dataset_and_time_based_timetable to 2026-02-18 01:00:00+00:00, run_after=2026-02-18 01:00:00+00:00
[2026-02-18T13:11:16.016+0000] {logging_mixin.py:190} INFO - [2026-02-18T13:11:16.015+0000] {dag.py:4180} INFO - Setting next_dagrun for consume_1_and_2_with_dataset_expressions to None, run_after=None
[2026-02-18T13:11:16.043+0000] {logging_mixin.py:190} INFO - [2026-02-18T13:11:16.041+0000] {dag.py:4180} INFO - Setting next_dagrun for consume_1_or_2_with_dataset_expressions to None, run_after=None
[2026-02-18T13:11:16.076+0000] {logging_mixin.py:190} INFO - [2026-02-18T13:11:16.075+0000] {dag.py:4180} INFO - Setting next_dagrun for consume_1_or_both_2_and_3_with_dataset_expressions to None, run_after=None
[2026-02-18T13:11:16.092+0000] {logging_mixin.py:190} INFO - [2026-02-18T13:11:16.090+0000] {dag.py:4180} INFO - Setting next_dagrun for dataset_consumes_1 to None, run_after=None
[2026-02-18T13:11:16.107+0000] {logging_mixin.py:190} INFO - [2026-02-18T13:11:16.105+0000] {dag.py:4180} INFO - Setting next_dagrun for dataset_consumes_1_and_2 to None, run_after=None
[2026-02-18T13:11:16.120+0000] {logging_mixin.py:190} INFO - [2026-02-18T13:11:16.119+0000] {dag.py:4180} INFO - Setting next_dagrun for dataset_consumes_1_never_scheduled to None, run_after=None
[2026-02-18T13:11:16.135+0000] {logging_mixin.py:190} INFO - [2026-02-18T13:11:16.133+0000] {dag.py:4180} INFO - Setting next_dagrun for dataset_consumes_unknown_never_scheduled to None, run_after=None
[2026-02-18T13:11:16.185+0000] {logging_mixin.py:190} INFO - [2026-02-18T13:11:16.184+0000] {dag.py:4180} INFO - Setting next_dagrun for dataset_produces_1 to 2026-02-17 00:00:00+00:00, run_after=2026-02-18 00:00:00+00:00
[2026-02-18T13:11:16.205+0000] {logging_mixin.py:190} INFO - [2026-02-18T13:11:16.204+0000] {dag.py:4180} INFO - Setting next_dagrun for dataset_produces_2 to None, run_after=None
[2026-02-18T13:11:16.605+0000] {processor.py:208} INFO - Processing /home/airflow/.local/lib/python3.12/site-packages/airflow/example_dags/example_datasets.py took 4.812 seconds
[2026-02-18T13:11:47.364+0000] {processor.py:186} INFO - Started process (PID=297) to work on /home/airflow/.local/lib/python3.12/site-packages/airflow/example_dags/example_datasets.py
[2026-02-18T13:11:47.376+0000] {processor.py:914} INFO - Processing file /home/airflow/.local/lib/python3.12/site-packages/airflow/example_dags/example_datasets.py for tasks to queue
[2026-02-18T13:11:47.400+0000] {logging_mixin.py:190} INFO - [2026-02-18T13:11:47.398+0000] {dagbag.py:588} INFO - Filling up the DagBag from /home/airflow/.local/lib/python3.12/site-packages/airflow/example_dags/example_datasets.py
[2026-02-18T13:11:51.387+0000] {processor.py:925} INFO - DAG(s) 'dataset_produces_1', 'dataset_consumes_1', 'consume_1_or_both_2_and_3_with_dataset_expressions', 'consume_1_and_2_with_dataset_expressions', 'dataset_consumes_1_never_scheduled', 'dataset_consumes_unknown_never_scheduled', 'dataset_produces_2', 'conditional_dataset_and_time_based_timetable', 'consume_1_or_2_with_dataset_expressions', 'dataset_consumes_1_and_2' retrieved from /home/airflow/.local/lib/python3.12/site-packages/airflow/example_dags/example_datasets.py
[2026-02-18T13:11:51.969+0000] {logging_mixin.py:190} INFO - [2026-02-18T13:11:51.962+0000] {dag.py:3239} INFO - Sync 10 DAGs
[2026-02-18T13:11:52.205+0000] {logging_mixin.py:190} INFO - [2026-02-18T13:11:52.204+0000] {dag.py:4180} INFO - Setting next_dagrun for conditional_dataset_and_time_based_timetable to 2026-02-18 01:00:00+00:00, run_after=2026-02-18 01:00:00+00:00
[2026-02-18T13:11:52.233+0000] {logging_mixin.py:190} INFO - [2026-02-18T13:11:52.232+0000] {dag.py:4180} INFO - Setting next_dagrun for consume_1_and_2_with_dataset_expressions to None, run_after=None
[2026-02-18T13:11:52.247+0000] {logging_mixin.py:190} INFO - [2026-02-18T13:11:52.246+0000] {dag.py:4180} INFO - Setting next_dagrun for consume_1_or_2_with_dataset_expressions to None, run_after=None
[2026-02-18T13:11:52.257+0000] {logging_mixin.py:190} INFO - [2026-02-18T13:11:52.255+0000] {dag.py:4180} INFO - Setting next_dagrun for consume_1_or_both_2_and_3_with_dataset_expressions to None, run_after=None
[2026-02-18T13:11:52.272+0000] {logging_mixin.py:190} INFO - [2026-02-18T13:11:52.270+0000] {dag.py:4180} INFO - Setting next_dagrun for dataset_consumes_1 to None, run_after=None
[2026-02-18T13:11:52.287+0000] {logging_mixin.py:190} INFO - [2026-02-18T13:11:52.286+0000] {dag.py:4180} INFO - Setting next_dagrun for dataset_consumes_1_and_2 to None, run_after=None
[2026-02-18T13:11:52.305+0000] {logging_mixin.py:190} INFO - [2026-02-18T13:11:52.304+0000] {dag.py:4180} INFO - Setting next_dagrun for dataset_consumes_1_never_scheduled to None, run_after=None
[2026-02-18T13:11:52.316+0000] {logging_mixin.py:190} INFO - [2026-02-18T13:11:52.314+0000] {dag.py:4180} INFO - Setting next_dagrun for dataset_consumes_unknown_never_scheduled to None, run_after=None
[2026-02-18T13:11:52.340+0000] {logging_mixin.py:190} INFO - [2026-02-18T13:11:52.339+0000] {dag.py:4180} INFO - Setting next_dagrun for dataset_produces_1 to 2026-02-17 00:00:00+00:00, run_after=2026-02-18 00:00:00+00:00
[2026-02-18T13:11:52.351+0000] {logging_mixin.py:190} INFO - [2026-02-18T13:11:52.349+0000] {dag.py:4180} INFO - Setting next_dagrun for dataset_produces_2 to None, run_after=None
[2026-02-18T13:11:52.672+0000] {processor.py:208} INFO - Processing /home/airflow/.local/lib/python3.12/site-packages/airflow/example_dags/example_datasets.py took 5.341 seconds
[2026-02-18T13:12:23.581+0000] {processor.py:186} INFO - Started process (PID=369) to work on /home/airflow/.local/lib/python3.12/site-packages/airflow/example_dags/example_datasets.py
[2026-02-18T13:12:23.583+0000] {processor.py:914} INFO - Processing file /home/airflow/.local/lib/python3.12/site-packages/airflow/example_dags/example_datasets.py for tasks to queue
[2026-02-18T13:12:23.587+0000] {logging_mixin.py:190} INFO - [2026-02-18T13:12:23.586+0000] {dagbag.py:588} INFO - Filling up the DagBag from /home/airflow/.local/lib/python3.12/site-packages/airflow/example_dags/example_datasets.py
[2026-02-18T13:12:25.659+0000] {processor.py:925} INFO - DAG(s) 'dataset_produces_1', 'dataset_consumes_1_and_2', 'consume_1_and_2_with_dataset_expressions', 'dataset_produces_2', 'dataset_consumes_1_never_scheduled', 'dataset_consumes_1', 'consume_1_or_2_with_dataset_expressions', 'conditional_dataset_and_time_based_timetable', 'dataset_consumes_unknown_never_scheduled', 'consume_1_or_both_2_and_3_with_dataset_expressions' retrieved from /home/airflow/.local/lib/python3.12/site-packages/airflow/example_dags/example_datasets.py
[2026-02-18T13:12:25.886+0000] {logging_mixin.py:190} INFO - [2026-02-18T13:12:25.885+0000] {dag.py:3239} INFO - Sync 10 DAGs
[2026-02-18T13:12:26.025+0000] {logging_mixin.py:190} INFO - [2026-02-18T13:12:26.024+0000] {dag.py:4180} INFO - Setting next_dagrun for conditional_dataset_and_time_based_timetable to 2026-02-18 01:00:00+00:00, run_after=2026-02-18 01:00:00+00:00
[2026-02-18T13:12:26.048+0000] {logging_mixin.py:190} INFO - [2026-02-18T13:12:26.047+0000] {dag.py:4180} INFO - Setting next_dagrun for consume_1_and_2_with_dataset_expressions to None, run_after=None
[2026-02-18T13:12:26.057+0000] {logging_mixin.py:190} INFO - [2026-02-18T13:12:26.056+0000] {dag.py:4180} INFO - Setting next_dagrun for consume_1_or_2_with_dataset_expressions to None, run_after=None
[2026-02-18T13:12:26.067+0000] {logging_mixin.py:190} INFO - [2026-02-18T13:12:26.065+0000] {dag.py:4180} INFO - Setting next_dagrun for consume_1_or_both_2_and_3_with_dataset_expressions to None, run_after=None
[2026-02-18T13:12:26.076+0000] {logging_mixin.py:190} INFO - [2026-02-18T13:12:26.075+0000] {dag.py:4180} INFO - Setting next_dagrun for dataset_consumes_1 to None, run_after=None
[2026-02-18T13:12:26.085+0000] {logging_mixin.py:190} INFO - [2026-02-18T13:12:26.084+0000] {dag.py:4180} INFO - Setting next_dagrun for dataset_consumes_1_and_2 to None, run_after=None
[2026-02-18T13:12:26.094+0000] {logging_mixin.py:190} INFO - [2026-02-18T13:12:26.093+0000] {dag.py:4180} INFO - Setting next_dagrun for dataset_consumes_1_never_scheduled to None, run_after=None
[2026-02-18T13:12:26.103+0000] {logging_mixin.py:190} INFO - [2026-02-18T13:12:26.101+0000] {dag.py:4180} INFO - Setting next_dagrun for dataset_consumes_unknown_never_scheduled to None, run_after=None
[2026-02-18T13:12:26.117+0000] {logging_mixin.py:190} INFO - [2026-02-18T13:12:26.117+0000] {dag.py:4180} INFO - Setting next_dagrun for dataset_produces_1 to 2026-02-17 00:00:00+00:00, run_after=2026-02-18 00:00:00+00:00
[2026-02-18T13:12:26.126+0000] {logging_mixin.py:190} INFO - [2026-02-18T13:12:26.125+0000] {dag.py:4180} INFO - Setting next_dagrun for dataset_produces_2 to None, run_after=None
[2026-02-18T13:12:26.308+0000] {processor.py:208} INFO - Processing /home/airflow/.local/lib/python3.12/site-packages/airflow/example_dags/example_datasets.py took 2.742 seconds
[2026-02-18T13:12:56.824+0000] {processor.py:186} INFO - Started process (PID=435) to work on /home/airflow/.local/lib/python3.12/site-packages/airflow/example_dags/example_datasets.py
[2026-02-18T13:12:56.829+0000] {processor.py:914} INFO - Processing file /home/airflow/.local/lib/python3.12/site-packages/airflow/example_dags/example_datasets.py for tasks to queue
[2026-02-18T13:12:56.835+0000] {logging_mixin.py:190} INFO - [2026-02-18T13:12:56.833+0000] {dagbag.py:588} INFO - Filling up the DagBag from /home/airflow/.local/lib/python3.12/site-packages/airflow/example_dags/example_datasets.py
[2026-02-18T13:12:59.387+0000] {processor.py:925} INFO - DAG(s) 'conditional_dataset_and_time_based_timetable', 'consume_1_and_2_with_dataset_expressions', 'dataset_consumes_1_never_scheduled', 'dataset_produces_1', 'dataset_produces_2', 'dataset_consumes_1_and_2', 'dataset_consumes_unknown_never_scheduled', 'dataset_consumes_1', 'consume_1_or_2_with_dataset_expressions', 'consume_1_or_both_2_and_3_with_dataset_expressions' retrieved from /home/airflow/.local/lib/python3.12/site-packages/airflow/example_dags/example_datasets.py
[2026-02-18T13:12:59.581+0000] {logging_mixin.py:190} INFO - [2026-02-18T13:12:59.580+0000] {dag.py:3239} INFO - Sync 10 DAGs
[2026-02-18T13:12:59.714+0000] {logging_mixin.py:190} INFO - [2026-02-18T13:12:59.712+0000] {dag.py:4180} INFO - Setting next_dagrun for conditional_dataset_and_time_based_timetable to 2026-02-18 01:00:00+00:00, run_after=2026-02-18 01:00:00+00:00
[2026-02-18T13:12:59.731+0000] {logging_mixin.py:190} INFO - [2026-02-18T13:12:59.730+0000] {dag.py:4180} INFO - Setting next_dagrun for consume_1_and_2_with_dataset_expressions to None, run_after=None
[2026-02-18T13:12:59.740+0000] {logging_mixin.py:190} INFO - [2026-02-18T13:12:59.738+0000] {dag.py:4180} INFO - Setting next_dagrun for consume_1_or_2_with_dataset_expressions to None, run_after=None
[2026-02-18T13:12:59.747+0000] {logging_mixin.py:190} INFO - [2026-02-18T13:12:59.746+0000] {dag.py:4180} INFO - Setting next_dagrun for consume_1_or_both_2_and_3_with_dataset_expressions to None, run_after=None
[2026-02-18T13:12:59.754+0000] {logging_mixin.py:190} INFO - [2026-02-18T13:12:59.753+0000] {dag.py:4180} INFO - Setting next_dagrun for dataset_consumes_1 to None, run_after=None
[2026-02-18T13:12:59.763+0000] {logging_mixin.py:190} INFO - [2026-02-18T13:12:59.762+0000] {dag.py:4180} INFO - Setting next_dagrun for dataset_consumes_1_and_2 to None, run_after=None
[2026-02-18T13:12:59.770+0000] {logging_mixin.py:190} INFO - [2026-02-18T13:12:59.769+0000] {dag.py:4180} INFO - Setting next_dagrun for dataset_consumes_1_never_scheduled to None, run_after=None
[2026-02-18T13:12:59.779+0000] {logging_mixin.py:190} INFO - [2026-02-18T13:12:59.778+0000] {dag.py:4180} INFO - Setting next_dagrun for dataset_consumes_unknown_never_scheduled to None, run_after=None
[2026-02-18T13:12:59.793+0000] {logging_mixin.py:190} INFO - [2026-02-18T13:12:59.792+0000] {dag.py:4180} INFO - Setting next_dagrun for dataset_produces_1 to 2026-02-17 00:00:00+00:00, run_after=2026-02-18 00:00:00+00:00
[2026-02-18T13:12:59.802+0000] {logging_mixin.py:190} INFO - [2026-02-18T13:12:59.801+0000] {dag.py:4180} INFO - Setting next_dagrun for dataset_produces_2 to None, run_after=None
[2026-02-18T13:12:59.973+0000] {processor.py:208} INFO - Processing /home/airflow/.local/lib/python3.12/site-packages/airflow/example_dags/example_datasets.py took 3.176 seconds
[2026-02-18T13:13:31.026+0000] {processor.py:186} INFO - Started process (PID=503) to work on /home/airflow/.local/lib/python3.12/site-packages/airflow/example_dags/example_datasets.py
[2026-02-18T13:13:31.036+0000] {processor.py:914} INFO - Processing file /home/airflow/.local/lib/python3.12/site-packages/airflow/example_dags/example_datasets.py for tasks to queue
[2026-02-18T13:13:31.046+0000] {logging_mixin.py:190} INFO - [2026-02-18T13:13:31.044+0000] {dagbag.py:588} INFO - Filling up the DagBag from /home/airflow/.local/lib/python3.12/site-packages/airflow/example_dags/example_datasets.py
[2026-02-18T13:13:34.466+0000] {processor.py:925} INFO - DAG(s) 'dataset_produces_2', 'consume_1_and_2_with_dataset_expressions', 'conditional_dataset_and_time_based_timetable', 'dataset_consumes_unknown_never_scheduled', 'dataset_produces_1', 'consume_1_or_both_2_and_3_with_dataset_expressions', 'consume_1_or_2_with_dataset_expressions', 'dataset_consumes_1_and_2', 'dataset_consumes_1_never_scheduled', 'dataset_consumes_1' retrieved from /home/airflow/.local/lib/python3.12/site-packages/airflow/example_dags/example_datasets.py
[2026-02-18T13:13:34.688+0000] {logging_mixin.py:190} INFO - [2026-02-18T13:13:34.684+0000] {dag.py:3239} INFO - Sync 10 DAGs
[2026-02-18T13:13:34.804+0000] {logging_mixin.py:190} INFO - [2026-02-18T13:13:34.802+0000] {dag.py:4180} INFO - Setting next_dagrun for conditional_dataset_and_time_based_timetable to 2026-02-18 01:00:00+00:00, run_after=2026-02-18 01:00:00+00:00
[2026-02-18T13:13:34.824+0000] {logging_mixin.py:190} INFO - [2026-02-18T13:13:34.823+0000] {dag.py:4180} INFO - Setting next_dagrun for consume_1_and_2_with_dataset_expressions to None, run_after=None
[2026-02-18T13:13:34.830+0000] {logging_mixin.py:190} INFO - [2026-02-18T13:13:34.829+0000] {dag.py:4180} INFO - Setting next_dagrun for consume_1_or_2_with_dataset_expressions to None, run_after=None
[2026-02-18T13:13:34.840+0000] {logging_mixin.py:190} INFO - [2026-02-18T13:13:34.839+0000] {dag.py:4180} INFO - Setting next_dagrun for consume_1_or_both_2_and_3_with_dataset_expressions to None, run_after=None
[2026-02-18T13:13:34.855+0000] {logging_mixin.py:190} INFO - [2026-02-18T13:13:34.854+0000] {dag.py:4180} INFO - Setting next_dagrun for dataset_consumes_1 to None, run_after=None
[2026-02-18T13:13:34.862+0000] {logging_mixin.py:190} INFO - [2026-02-18T13:13:34.862+0000] {dag.py:4180} INFO - Setting next_dagrun for dataset_consumes_1_and_2 to None, run_after=None
[2026-02-18T13:13:34.878+0000] {logging_mixin.py:190} INFO - [2026-02-18T13:13:34.877+0000] {dag.py:4180} INFO - Setting next_dagrun for dataset_consumes_1_never_scheduled to None, run_after=None
[2026-02-18T13:13:34.897+0000] {logging_mixin.py:190} INFO - [2026-02-18T13:13:34.896+0000] {dag.py:4180} INFO - Setting next_dagrun for dataset_consumes_unknown_never_scheduled to None, run_after=None
[2026-02-18T13:13:34.916+0000] {logging_mixin.py:190} INFO - [2026-02-18T13:13:34.915+0000] {dag.py:4180} INFO - Setting next_dagrun for dataset_produces_1 to 2026-02-17 00:00:00+00:00, run_after=2026-02-18 00:00:00+00:00
[2026-02-18T13:13:34.925+0000] {logging_mixin.py:190} INFO - [2026-02-18T13:13:34.924+0000] {dag.py:4180} INFO - Setting next_dagrun for dataset_produces_2 to None, run_after=None
[2026-02-18T13:13:35.113+0000] {processor.py:208} INFO - Processing /home/airflow/.local/lib/python3.12/site-packages/airflow/example_dags/example_datasets.py took 4.103 seconds
[2026-02-18T13:14:05.715+0000] {processor.py:186} INFO - Started process (PID=570) to work on /home/airflow/.local/lib/python3.12/site-packages/airflow/example_dags/example_datasets.py
[2026-02-18T13:14:05.719+0000] {processor.py:914} INFO - Processing file /home/airflow/.local/lib/python3.12/site-packages/airflow/example_dags/example_datasets.py for tasks to queue
[2026-02-18T13:14:05.727+0000] {logging_mixin.py:190} INFO - [2026-02-18T13:14:05.725+0000] {dagbag.py:588} INFO - Filling up the DagBag from /home/airflow/.local/lib/python3.12/site-packages/airflow/example_dags/example_datasets.py
[2026-02-18T13:14:08.424+0000] {processor.py:925} INFO - DAG(s) 'dataset_consumes_unknown_never_scheduled', 'consume_1_and_2_with_dataset_expressions', 'consume_1_or_2_with_dataset_expressions', 'dataset_produces_1', 'conditional_dataset_and_time_based_timetable', 'dataset_consumes_1_never_scheduled', 'dataset_consumes_1', 'dataset_produces_2', 'dataset_consumes_1_and_2', 'consume_1_or_both_2_and_3_with_dataset_expressions' retrieved from /home/airflow/.local/lib/python3.12/site-packages/airflow/example_dags/example_datasets.py
[2026-02-18T13:14:08.627+0000] {logging_mixin.py:190} INFO - [2026-02-18T13:14:08.626+0000] {dag.py:3239} INFO - Sync 10 DAGs
[2026-02-18T13:14:08.749+0000] {logging_mixin.py:190} INFO - [2026-02-18T13:14:08.748+0000] {dag.py:4180} INFO - Setting next_dagrun for conditional_dataset_and_time_based_timetable to 2026-02-18 01:00:00+00:00, run_after=2026-02-18 01:00:00+00:00
[2026-02-18T13:14:08.777+0000] {logging_mixin.py:190} INFO - [2026-02-18T13:14:08.776+0000] {dag.py:4180} INFO - Setting next_dagrun for consume_1_and_2_with_dataset_expressions to None, run_after=None
[2026-02-18T13:14:08.785+0000] {logging_mixin.py:190} INFO - [2026-02-18T13:14:08.784+0000] {dag.py:4180} INFO - Setting next_dagrun for consume_1_or_2_with_dataset_expressions to None, run_after=None
[2026-02-18T13:14:08.793+0000] {logging_mixin.py:190} INFO - [2026-02-18T13:14:08.792+0000] {dag.py:4180} INFO - Setting next_dagrun for consume_1_or_both_2_and_3_with_dataset_expressions to None, run_after=None
[2026-02-18T13:14:08.801+0000] {logging_mixin.py:190} INFO - [2026-02-18T13:14:08.800+0000] {dag.py:4180} INFO - Setting next_dagrun for dataset_consumes_1 to None, run_after=None
[2026-02-18T13:14:08.810+0000] {logging_mixin.py:190} INFO - [2026-02-18T13:14:08.809+0000] {dag.py:4180} INFO - Setting next_dagrun for dataset_consumes_1_and_2 to None, run_after=None
[2026-02-18T13:14:08.818+0000] {logging_mixin.py:190} INFO - [2026-02-18T13:14:08.816+0000] {dag.py:4180} INFO - Setting next_dagrun for dataset_consumes_1_never_scheduled to None, run_after=None
[2026-02-18T13:14:08.825+0000] {logging_mixin.py:190} INFO - [2026-02-18T13:14:08.824+0000] {dag.py:4180} INFO - Setting next_dagrun for dataset_consumes_unknown_never_scheduled to None, run_after=None
[2026-02-18T13:14:08.838+0000] {logging_mixin.py:190} INFO - [2026-02-18T13:14:08.837+0000] {dag.py:4180} INFO - Setting next_dagrun for dataset_produces_1 to 2026-02-17 00:00:00+00:00, run_after=2026-02-18 00:00:00+00:00
[2026-02-18T13:14:08.846+0000] {logging_mixin.py:190} INFO - [2026-02-18T13:14:08.845+0000] {dag.py:4180} INFO - Setting next_dagrun for dataset_produces_2 to None, run_after=None
[2026-02-18T13:14:09.037+0000] {processor.py:208} INFO - Processing /home/airflow/.local/lib/python3.12/site-packages/airflow/example_dags/example_datasets.py took 3.344 seconds
[2026-02-18T13:14:39.215+0000] {processor.py:186} INFO - Started process (PID=637) to work on /home/airflow/.local/lib/python3.12/site-packages/airflow/example_dags/example_datasets.py
[2026-02-18T13:14:39.218+0000] {processor.py:914} INFO - Processing file /home/airflow/.local/lib/python3.12/site-packages/airflow/example_dags/example_datasets.py for tasks to queue
[2026-02-18T13:14:39.223+0000] {logging_mixin.py:190} INFO - [2026-02-18T13:14:39.222+0000] {dagbag.py:588} INFO - Filling up the DagBag from /home/airflow/.local/lib/python3.12/site-packages/airflow/example_dags/example_datasets.py
[2026-02-18T13:14:40.777+0000] {processor.py:925} INFO - DAG(s) 'dataset_produces_1', 'consume_1_or_2_with_dataset_expressions', 'dataset_consumes_1_never_scheduled', 'dataset_consumes_unknown_never_scheduled', 'dataset_consumes_1_and_2', 'dataset_produces_2', 'consume_1_or_both_2_and_3_with_dataset_expressions', 'dataset_consumes_1', 'conditional_dataset_and_time_based_timetable', 'consume_1_and_2_with_dataset_expressions' retrieved from /home/airflow/.local/lib/python3.12/site-packages/airflow/example_dags/example_datasets.py
[2026-02-18T13:14:40.930+0000] {logging_mixin.py:190} INFO - [2026-02-18T13:14:40.929+0000] {dag.py:3239} INFO - Sync 10 DAGs
[2026-02-18T13:14:41.001+0000] {logging_mixin.py:190} INFO - [2026-02-18T13:14:41.001+0000] {dag.py:4180} INFO - Setting next_dagrun for conditional_dataset_and_time_based_timetable to 2026-02-18 01:00:00+00:00, run_after=2026-02-18 01:00:00+00:00
[2026-02-18T13:14:41.013+0000] {logging_mixin.py:190} INFO - [2026-02-18T13:14:41.013+0000] {dag.py:4180} INFO - Setting next_dagrun for consume_1_and_2_with_dataset_expressions to None, run_after=None
[2026-02-18T13:14:41.018+0000] {logging_mixin.py:190} INFO - [2026-02-18T13:14:41.017+0000] {dag.py:4180} INFO - Setting next_dagrun for consume_1_or_2_with_dataset_expressions to None, run_after=None
[2026-02-18T13:14:41.024+0000] {logging_mixin.py:190} INFO - [2026-02-18T13:14:41.023+0000] {dag.py:4180} INFO - Setting next_dagrun for consume_1_or_both_2_and_3_with_dataset_expressions to None, run_after=None
[2026-02-18T13:14:41.029+0000] {logging_mixin.py:190} INFO - [2026-02-18T13:14:41.028+0000] {dag.py:4180} INFO - Setting next_dagrun for dataset_consumes_1 to None, run_after=None
[2026-02-18T13:14:41.033+0000] {logging_mixin.py:190} INFO - [2026-02-18T13:14:41.033+0000] {dag.py:4180} INFO - Setting next_dagrun for dataset_consumes_1_and_2 to None, run_after=None
[2026-02-18T13:14:41.039+0000] {logging_mixin.py:190} INFO - [2026-02-18T13:14:41.038+0000] {dag.py:4180} INFO - Setting next_dagrun for dataset_consumes_1_never_scheduled to None, run_after=None
[2026-02-18T13:14:41.044+0000] {logging_mixin.py:190} INFO - [2026-02-18T13:14:41.043+0000] {dag.py:4180} INFO - Setting next_dagrun for dataset_consumes_unknown_never_scheduled to None, run_after=None
[2026-02-18T13:14:41.051+0000] {logging_mixin.py:190} INFO - [2026-02-18T13:14:41.051+0000] {dag.py:4180} INFO - Setting next_dagrun for dataset_produces_1 to 2026-02-17 00:00:00+00:00, run_after=2026-02-18 00:00:00+00:00
[2026-02-18T13:14:41.056+0000] {logging_mixin.py:190} INFO - [2026-02-18T13:14:41.056+0000] {dag.py:4180} INFO - Setting next_dagrun for dataset_produces_2 to None, run_after=None
[2026-02-18T13:14:41.171+0000] {processor.py:208} INFO - Processing /home/airflow/.local/lib/python3.12/site-packages/airflow/example_dags/example_datasets.py took 1.977 seconds
[2026-02-18T13:15:11.688+0000] {processor.py:186} INFO - Started process (PID=703) to work on /home/airflow/.local/lib/python3.12/site-packages/airflow/example_dags/example_datasets.py
[2026-02-18T13:15:11.700+0000] {processor.py:914} INFO - Processing file /home/airflow/.local/lib/python3.12/site-packages/airflow/example_dags/example_datasets.py for tasks to queue
[2026-02-18T13:15:11.734+0000] {logging_mixin.py:190} INFO - [2026-02-18T13:15:11.720+0000] {dagbag.py:588} INFO - Filling up the DagBag from /home/airflow/.local/lib/python3.12/site-packages/airflow/example_dags/example_datasets.py
[2026-02-18T13:15:15.969+0000] {processor.py:925} INFO - DAG(s) 'dataset_consumes_1_never_scheduled', 'dataset_produces_1', 'dataset_produces_2', 'consume_1_and_2_with_dataset_expressions', 'dataset_consumes_1', 'dataset_consumes_unknown_never_scheduled', 'consume_1_or_2_with_dataset_expressions', 'consume_1_or_both_2_and_3_with_dataset_expressions', 'dataset_consumes_1_and_2', 'conditional_dataset_and_time_based_timetable' retrieved from /home/airflow/.local/lib/python3.12/site-packages/airflow/example_dags/example_datasets.py
[2026-02-18T13:15:16.373+0000] {logging_mixin.py:190} INFO - [2026-02-18T13:15:16.372+0000] {dag.py:3239} INFO - Sync 10 DAGs
[2026-02-18T13:15:16.800+0000] {logging_mixin.py:190} INFO - [2026-02-18T13:15:16.788+0000] {dag.py:4180} INFO - Setting next_dagrun for conditional_dataset_and_time_based_timetable to 2026-02-18 01:00:00+00:00, run_after=2026-02-18 01:00:00+00:00
[2026-02-18T13:15:16.851+0000] {logging_mixin.py:190} INFO - [2026-02-18T13:15:16.850+0000] {dag.py:4180} INFO - Setting next_dagrun for consume_1_and_2_with_dataset_expressions to None, run_after=None
[2026-02-18T13:15:16.866+0000] {logging_mixin.py:190} INFO - [2026-02-18T13:15:16.865+0000] {dag.py:4180} INFO - Setting next_dagrun for consume_1_or_2_with_dataset_expressions to None, run_after=None
[2026-02-18T13:15:16.890+0000] {logging_mixin.py:190} INFO - [2026-02-18T13:15:16.889+0000] {dag.py:4180} INFO - Setting next_dagrun for consume_1_or_both_2_and_3_with_dataset_expressions to None, run_after=None
[2026-02-18T13:15:16.913+0000] {logging_mixin.py:190} INFO - [2026-02-18T13:15:16.912+0000] {dag.py:4180} INFO - Setting next_dagrun for dataset_consumes_1 to None, run_after=None
[2026-02-18T13:15:16.940+0000] {logging_mixin.py:190} INFO - [2026-02-18T13:15:16.939+0000] {dag.py:4180} INFO - Setting next_dagrun for dataset_consumes_1_and_2 to None, run_after=None
[2026-02-18T13:15:16.951+0000] {logging_mixin.py:190} INFO - [2026-02-18T13:15:16.950+0000] {dag.py:4180} INFO - Setting next_dagrun for dataset_consumes_1_never_scheduled to None, run_after=None
[2026-02-18T13:15:16.969+0000] {logging_mixin.py:190} INFO - [2026-02-18T13:15:16.968+0000] {dag.py:4180} INFO - Setting next_dagrun for dataset_consumes_unknown_never_scheduled to None, run_after=None
[2026-02-18T13:15:16.999+0000] {logging_mixin.py:190} INFO - [2026-02-18T13:15:16.998+0000] {dag.py:4180} INFO - Setting next_dagrun for dataset_produces_1 to 2026-02-17 00:00:00+00:00, run_after=2026-02-18 00:00:00+00:00
[2026-02-18T13:15:17.028+0000] {logging_mixin.py:190} INFO - [2026-02-18T13:15:17.027+0000] {dag.py:4180} INFO - Setting next_dagrun for dataset_produces_2 to None, run_after=None
[2026-02-18T13:15:17.437+0000] {processor.py:208} INFO - Processing /home/airflow/.local/lib/python3.12/site-packages/airflow/example_dags/example_datasets.py took 5.841 seconds
[2026-02-18T13:15:48.402+0000] {processor.py:186} INFO - Started process (PID=770) to work on /home/airflow/.local/lib/python3.12/site-packages/airflow/example_dags/example_datasets.py
[2026-02-18T13:15:48.407+0000] {processor.py:914} INFO - Processing file /home/airflow/.local/lib/python3.12/site-packages/airflow/example_dags/example_datasets.py for tasks to queue
[2026-02-18T13:15:48.415+0000] {logging_mixin.py:190} INFO - [2026-02-18T13:15:48.414+0000] {dagbag.py:588} INFO - Filling up the DagBag from /home/airflow/.local/lib/python3.12/site-packages/airflow/example_dags/example_datasets.py
[2026-02-18T13:15:51.604+0000] {processor.py:925} INFO - DAG(s) 'dataset_consumes_1_and_2', 'dataset_consumes_1_never_scheduled', 'dataset_produces_1', 'consume_1_or_2_with_dataset_expressions', 'dataset_consumes_1', 'conditional_dataset_and_time_based_timetable', 'consume_1_or_both_2_and_3_with_dataset_expressions', 'dataset_produces_2', 'dataset_consumes_unknown_never_scheduled', 'consume_1_and_2_with_dataset_expressions' retrieved from /home/airflow/.local/lib/python3.12/site-packages/airflow/example_dags/example_datasets.py
[2026-02-18T13:15:51.909+0000] {logging_mixin.py:190} INFO - [2026-02-18T13:15:51.908+0000] {dag.py:3239} INFO - Sync 10 DAGs
[2026-02-18T13:15:52.149+0000] {logging_mixin.py:190} INFO - [2026-02-18T13:15:52.148+0000] {dag.py:4180} INFO - Setting next_dagrun for conditional_dataset_and_time_based_timetable to 2026-02-18 01:00:00+00:00, run_after=2026-02-18 01:00:00+00:00
[2026-02-18T13:15:52.173+0000] {logging_mixin.py:190} INFO - [2026-02-18T13:15:52.172+0000] {dag.py:4180} INFO - Setting next_dagrun for consume_1_and_2_with_dataset_expressions to None, run_after=None
[2026-02-18T13:15:52.186+0000] {logging_mixin.py:190} INFO - [2026-02-18T13:15:52.185+0000] {dag.py:4180} INFO - Setting next_dagrun for consume_1_or_2_with_dataset_expressions to None, run_after=None
[2026-02-18T13:15:52.197+0000] {logging_mixin.py:190} INFO - [2026-02-18T13:15:52.196+0000] {dag.py:4180} INFO - Setting next_dagrun for consume_1_or_both_2_and_3_with_dataset_expressions to None, run_after=None
[2026-02-18T13:15:52.210+0000] {logging_mixin.py:190} INFO - [2026-02-18T13:15:52.208+0000] {dag.py:4180} INFO - Setting next_dagrun for dataset_consumes_1 to None, run_after=None
[2026-02-18T13:15:52.219+0000] {logging_mixin.py:190} INFO - [2026-02-18T13:15:52.217+0000] {dag.py:4180} INFO - Setting next_dagrun for dataset_consumes_1_and_2 to None, run_after=None
[2026-02-18T13:15:52.229+0000] {logging_mixin.py:190} INFO - [2026-02-18T13:15:52.228+0000] {dag.py:4180} INFO - Setting next_dagrun for dataset_consumes_1_never_scheduled to None, run_after=None
[2026-02-18T13:15:52.248+0000] {logging_mixin.py:190} INFO - [2026-02-18T13:15:52.247+0000] {dag.py:4180} INFO - Setting next_dagrun for dataset_consumes_unknown_never_scheduled to None, run_after=None
[2026-02-18T13:15:52.285+0000] {logging_mixin.py:190} INFO - [2026-02-18T13:15:52.284+0000] {dag.py:4180} INFO - Setting next_dagrun for dataset_produces_1 to 2026-02-17 00:00:00+00:00, run_after=2026-02-18 00:00:00+00:00
[2026-02-18T13:15:52.305+0000] {logging_mixin.py:190} INFO - [2026-02-18T13:15:52.304+0000] {dag.py:4180} INFO - Setting next_dagrun for dataset_produces_2 to None, run_after=None
[2026-02-18T13:15:52.620+0000] {processor.py:208} INFO - Processing /home/airflow/.local/lib/python3.12/site-packages/airflow/example_dags/example_datasets.py took 4.244 seconds
[2026-02-18T13:16:22.847+0000] {processor.py:186} INFO - Started process (PID=844) to work on /home/airflow/.local/lib/python3.12/site-packages/airflow/example_dags/example_datasets.py
[2026-02-18T13:16:22.849+0000] {processor.py:914} INFO - Processing file /home/airflow/.local/lib/python3.12/site-packages/airflow/example_dags/example_datasets.py for tasks to queue
[2026-02-18T13:16:22.851+0000] {logging_mixin.py:190} INFO - [2026-02-18T13:16:22.851+0000] {dagbag.py:588} INFO - Filling up the DagBag from /home/airflow/.local/lib/python3.12/site-packages/airflow/example_dags/example_datasets.py
[2026-02-18T13:16:23.516+0000] {processor.py:925} INFO - DAG(s) 'dataset_produces_2', 'conditional_dataset_and_time_based_timetable', 'consume_1_or_2_with_dataset_expressions', 'dataset_consumes_1_and_2', 'dataset_consumes_1', 'consume_1_and_2_with_dataset_expressions', 'consume_1_or_both_2_and_3_with_dataset_expressions', 'dataset_consumes_unknown_never_scheduled', 'dataset_produces_1', 'dataset_consumes_1_never_scheduled' retrieved from /home/airflow/.local/lib/python3.12/site-packages/airflow/example_dags/example_datasets.py
[2026-02-18T13:16:23.576+0000] {logging_mixin.py:190} INFO - [2026-02-18T13:16:23.576+0000] {dag.py:3239} INFO - Sync 10 DAGs
[2026-02-18T13:16:23.603+0000] {logging_mixin.py:190} INFO - [2026-02-18T13:16:23.603+0000] {dag.py:4180} INFO - Setting next_dagrun for conditional_dataset_and_time_based_timetable to 2026-02-18 01:00:00+00:00, run_after=2026-02-18 01:00:00+00:00
[2026-02-18T13:16:23.609+0000] {logging_mixin.py:190} INFO - [2026-02-18T13:16:23.608+0000] {dag.py:4180} INFO - Setting next_dagrun for consume_1_and_2_with_dataset_expressions to None, run_after=None
[2026-02-18T13:16:23.611+0000] {logging_mixin.py:190} INFO - [2026-02-18T13:16:23.611+0000] {dag.py:4180} INFO - Setting next_dagrun for consume_1_or_2_with_dataset_expressions to None, run_after=None
[2026-02-18T13:16:23.614+0000] {logging_mixin.py:190} INFO - [2026-02-18T13:16:23.614+0000] {dag.py:4180} INFO - Setting next_dagrun for consume_1_or_both_2_and_3_with_dataset_expressions to None, run_after=None
[2026-02-18T13:16:23.617+0000] {logging_mixin.py:190} INFO - [2026-02-18T13:16:23.617+0000] {dag.py:4180} INFO - Setting next_dagrun for dataset_consumes_1 to None, run_after=None
[2026-02-18T13:16:23.620+0000] {logging_mixin.py:190} INFO - [2026-02-18T13:16:23.620+0000] {dag.py:4180} INFO - Setting next_dagrun for dataset_consumes_1_and_2 to None, run_after=None
[2026-02-18T13:16:23.622+0000] {logging_mixin.py:190} INFO - [2026-02-18T13:16:23.622+0000] {dag.py:4180} INFO - Setting next_dagrun for dataset_consumes_1_never_scheduled to None, run_after=None
[2026-02-18T13:16:23.624+0000] {logging_mixin.py:190} INFO - [2026-02-18T13:16:23.624+0000] {dag.py:4180} INFO - Setting next_dagrun for dataset_consumes_unknown_never_scheduled to None, run_after=None
[2026-02-18T13:16:23.627+0000] {logging_mixin.py:190} INFO - [2026-02-18T13:16:23.627+0000] {dag.py:4180} INFO - Setting next_dagrun for dataset_produces_1 to 2026-02-17 00:00:00+00:00, run_after=2026-02-18 00:00:00+00:00
[2026-02-18T13:16:23.629+0000] {logging_mixin.py:190} INFO - [2026-02-18T13:16:23.629+0000] {dag.py:4180} INFO - Setting next_dagrun for dataset_produces_2 to None, run_after=None
[2026-02-18T13:16:23.664+0000] {processor.py:208} INFO - Processing /home/airflow/.local/lib/python3.12/site-packages/airflow/example_dags/example_datasets.py took 0.829 seconds
