[2026-02-18T11:46:11.166+0000] {processor.py:186} INFO - Started process (PID=93) to work on /home/airflow/.local/lib/python3.12/site-packages/airflow/example_dags/example_branch_python_dop_operator_3.py
[2026-02-18T11:46:11.180+0000] {processor.py:914} INFO - Processing file /home/airflow/.local/lib/python3.12/site-packages/airflow/example_dags/example_branch_python_dop_operator_3.py for tasks to queue
[2026-02-18T11:46:11.260+0000] {logging_mixin.py:190} INFO - [2026-02-18T11:46:11.231+0000] {dagbag.py:588} INFO - Filling up the DagBag from /home/airflow/.local/lib/python3.12/site-packages/airflow/example_dags/example_branch_python_dop_operator_3.py
[2026-02-18T11:46:11.866+0000] {processor.py:925} INFO - DAG(s) 'example_branch_dop_operator_v3' retrieved from /home/airflow/.local/lib/python3.12/site-packages/airflow/example_dags/example_branch_python_dop_operator_3.py
[2026-02-18T11:46:13.326+0000] {logging_mixin.py:190} INFO - [2026-02-18T11:46:13.324+0000] {dag.py:3239} INFO - Sync 1 DAGs
[2026-02-18T11:46:14.660+0000] {logging_mixin.py:190} INFO - [2026-02-18T11:46:14.651+0000] {dag.py:4180} INFO - Setting next_dagrun for example_branch_dop_operator_v3 to 2026-02-18 11:45:00+00:00, run_after=2026-02-18 11:46:00+00:00
[2026-02-18T11:46:14.977+0000] {processor.py:208} INFO - Processing /home/airflow/.local/lib/python3.12/site-packages/airflow/example_dags/example_branch_python_dop_operator_3.py took 4.045 seconds
[2026-02-18T13:09:58.843+0000] {processor.py:186} INFO - Started process (PID=88) to work on /home/airflow/.local/lib/python3.12/site-packages/airflow/example_dags/example_branch_python_dop_operator_3.py
[2026-02-18T13:09:58.848+0000] {processor.py:914} INFO - Processing file /home/airflow/.local/lib/python3.12/site-packages/airflow/example_dags/example_branch_python_dop_operator_3.py for tasks to queue
[2026-02-18T13:09:58.853+0000] {logging_mixin.py:190} INFO - [2026-02-18T13:09:58.851+0000] {dagbag.py:588} INFO - Filling up the DagBag from /home/airflow/.local/lib/python3.12/site-packages/airflow/example_dags/example_branch_python_dop_operator_3.py
[2026-02-18T13:09:59.257+0000] {processor.py:925} INFO - DAG(s) 'example_branch_dop_operator_v3' retrieved from /home/airflow/.local/lib/python3.12/site-packages/airflow/example_dags/example_branch_python_dop_operator_3.py
[2026-02-18T13:09:59.565+0000] {logging_mixin.py:190} INFO - [2026-02-18T13:09:59.564+0000] {dag.py:3239} INFO - Sync 1 DAGs
[2026-02-18T13:09:59.714+0000] {logging_mixin.py:190} INFO - [2026-02-18T13:09:59.713+0000] {dag.py:4180} INFO - Setting next_dagrun for example_branch_dop_operator_v3 to 2026-02-18 13:08:00+00:00, run_after=2026-02-18 13:09:00+00:00
[2026-02-18T13:09:59.859+0000] {processor.py:208} INFO - Processing /home/airflow/.local/lib/python3.12/site-packages/airflow/example_dags/example_branch_python_dop_operator_3.py took 1.062 seconds
[2026-02-18T13:10:30.413+0000] {processor.py:186} INFO - Started process (PID=152) to work on /home/airflow/.local/lib/python3.12/site-packages/airflow/example_dags/example_branch_python_dop_operator_3.py
[2026-02-18T13:10:30.417+0000] {processor.py:914} INFO - Processing file /home/airflow/.local/lib/python3.12/site-packages/airflow/example_dags/example_branch_python_dop_operator_3.py for tasks to queue
[2026-02-18T13:10:30.422+0000] {logging_mixin.py:190} INFO - [2026-02-18T13:10:30.421+0000] {dagbag.py:588} INFO - Filling up the DagBag from /home/airflow/.local/lib/python3.12/site-packages/airflow/example_dags/example_branch_python_dop_operator_3.py
[2026-02-18T13:10:30.470+0000] {processor.py:925} INFO - DAG(s) 'example_branch_dop_operator_v3' retrieved from /home/airflow/.local/lib/python3.12/site-packages/airflow/example_dags/example_branch_python_dop_operator_3.py
[2026-02-18T13:10:30.545+0000] {logging_mixin.py:190} INFO - [2026-02-18T13:10:30.544+0000] {dag.py:3239} INFO - Sync 1 DAGs
[2026-02-18T13:10:30.672+0000] {logging_mixin.py:190} INFO - [2026-02-18T13:10:30.671+0000] {dag.py:4180} INFO - Setting next_dagrun for example_branch_dop_operator_v3 to 2026-02-18 13:09:00+00:00, run_after=2026-02-18 13:10:00+00:00
[2026-02-18T13:10:30.748+0000] {processor.py:208} INFO - Processing /home/airflow/.local/lib/python3.12/site-packages/airflow/example_dags/example_branch_python_dop_operator_3.py took 0.359 seconds
[2026-02-18T13:11:00.966+0000] {processor.py:186} INFO - Started process (PID=217) to work on /home/airflow/.local/lib/python3.12/site-packages/airflow/example_dags/example_branch_python_dop_operator_3.py
[2026-02-18T13:11:00.968+0000] {processor.py:914} INFO - Processing file /home/airflow/.local/lib/python3.12/site-packages/airflow/example_dags/example_branch_python_dop_operator_3.py for tasks to queue
[2026-02-18T13:11:00.971+0000] {logging_mixin.py:190} INFO - [2026-02-18T13:11:00.970+0000] {dagbag.py:588} INFO - Filling up the DagBag from /home/airflow/.local/lib/python3.12/site-packages/airflow/example_dags/example_branch_python_dop_operator_3.py
[2026-02-18T13:11:00.995+0000] {processor.py:925} INFO - DAG(s) 'example_branch_dop_operator_v3' retrieved from /home/airflow/.local/lib/python3.12/site-packages/airflow/example_dags/example_branch_python_dop_operator_3.py
[2026-02-18T13:11:01.037+0000] {logging_mixin.py:190} INFO - [2026-02-18T13:11:01.037+0000] {dag.py:3239} INFO - Sync 1 DAGs
[2026-02-18T13:11:01.096+0000] {logging_mixin.py:190} INFO - [2026-02-18T13:11:01.095+0000] {dag.py:4180} INFO - Setting next_dagrun for example_branch_dop_operator_v3 to 2026-02-18 13:10:00+00:00, run_after=2026-02-18 13:11:00+00:00
[2026-02-18T13:11:01.142+0000] {processor.py:208} INFO - Processing /home/airflow/.local/lib/python3.12/site-packages/airflow/example_dags/example_branch_python_dop_operator_3.py took 0.188 seconds
[2026-02-18T13:11:32.114+0000] {processor.py:186} INFO - Started process (PID=281) to work on /home/airflow/.local/lib/python3.12/site-packages/airflow/example_dags/example_branch_python_dop_operator_3.py
[2026-02-18T13:11:32.127+0000] {processor.py:914} INFO - Processing file /home/airflow/.local/lib/python3.12/site-packages/airflow/example_dags/example_branch_python_dop_operator_3.py for tasks to queue
[2026-02-18T13:11:32.150+0000] {logging_mixin.py:190} INFO - [2026-02-18T13:11:32.148+0000] {dagbag.py:588} INFO - Filling up the DagBag from /home/airflow/.local/lib/python3.12/site-packages/airflow/example_dags/example_branch_python_dop_operator_3.py
[2026-02-18T13:11:32.218+0000] {processor.py:925} INFO - DAG(s) 'example_branch_dop_operator_v3' retrieved from /home/airflow/.local/lib/python3.12/site-packages/airflow/example_dags/example_branch_python_dop_operator_3.py
[2026-02-18T13:11:32.352+0000] {logging_mixin.py:190} INFO - [2026-02-18T13:11:32.351+0000] {dag.py:3239} INFO - Sync 1 DAGs
[2026-02-18T13:11:32.497+0000] {logging_mixin.py:190} INFO - [2026-02-18T13:11:32.496+0000] {dag.py:4180} INFO - Setting next_dagrun for example_branch_dop_operator_v3 to 2026-02-18 13:10:00+00:00, run_after=2026-02-18 13:11:00+00:00
[2026-02-18T13:11:32.603+0000] {processor.py:208} INFO - Processing /home/airflow/.local/lib/python3.12/site-packages/airflow/example_dags/example_branch_python_dop_operator_3.py took 0.515 seconds
[2026-02-18T13:12:13.775+0000] {processor.py:186} INFO - Started process (PID=344) to work on /home/airflow/.local/lib/python3.12/site-packages/airflow/example_dags/example_branch_python_dop_operator_3.py
[2026-02-18T13:12:13.779+0000] {processor.py:914} INFO - Processing file /home/airflow/.local/lib/python3.12/site-packages/airflow/example_dags/example_branch_python_dop_operator_3.py for tasks to queue
[2026-02-18T13:12:13.785+0000] {logging_mixin.py:190} INFO - [2026-02-18T13:12:13.783+0000] {dagbag.py:588} INFO - Filling up the DagBag from /home/airflow/.local/lib/python3.12/site-packages/airflow/example_dags/example_branch_python_dop_operator_3.py
[2026-02-18T13:12:13.838+0000] {processor.py:925} INFO - DAG(s) 'example_branch_dop_operator_v3' retrieved from /home/airflow/.local/lib/python3.12/site-packages/airflow/example_dags/example_branch_python_dop_operator_3.py
[2026-02-18T13:12:13.925+0000] {logging_mixin.py:190} INFO - [2026-02-18T13:12:13.924+0000] {dag.py:3239} INFO - Sync 1 DAGs
[2026-02-18T13:12:14.044+0000] {logging_mixin.py:190} INFO - [2026-02-18T13:12:14.042+0000] {dag.py:4180} INFO - Setting next_dagrun for example_branch_dop_operator_v3 to 2026-02-18 13:11:00+00:00, run_after=2026-02-18 13:12:00+00:00
[2026-02-18T13:12:14.130+0000] {processor.py:208} INFO - Processing /home/airflow/.local/lib/python3.12/site-packages/airflow/example_dags/example_branch_python_dop_operator_3.py took 0.379 seconds
[2026-02-18T13:12:44.897+0000] {processor.py:186} INFO - Started process (PID=408) to work on /home/airflow/.local/lib/python3.12/site-packages/airflow/example_dags/example_branch_python_dop_operator_3.py
[2026-02-18T13:12:44.904+0000] {processor.py:914} INFO - Processing file /home/airflow/.local/lib/python3.12/site-packages/airflow/example_dags/example_branch_python_dop_operator_3.py for tasks to queue
[2026-02-18T13:12:44.914+0000] {logging_mixin.py:190} INFO - [2026-02-18T13:12:44.913+0000] {dagbag.py:588} INFO - Filling up the DagBag from /home/airflow/.local/lib/python3.12/site-packages/airflow/example_dags/example_branch_python_dop_operator_3.py
[2026-02-18T13:12:44.973+0000] {processor.py:925} INFO - DAG(s) 'example_branch_dop_operator_v3' retrieved from /home/airflow/.local/lib/python3.12/site-packages/airflow/example_dags/example_branch_python_dop_operator_3.py
[2026-02-18T13:12:45.044+0000] {logging_mixin.py:190} INFO - [2026-02-18T13:12:45.043+0000] {dag.py:3239} INFO - Sync 1 DAGs
[2026-02-18T13:12:45.117+0000] {logging_mixin.py:190} INFO - [2026-02-18T13:12:45.116+0000] {dag.py:4180} INFO - Setting next_dagrun for example_branch_dop_operator_v3 to 2026-02-18 13:11:00+00:00, run_after=2026-02-18 13:12:00+00:00
[2026-02-18T13:12:45.172+0000] {processor.py:208} INFO - Processing /home/airflow/.local/lib/python3.12/site-packages/airflow/example_dags/example_branch_python_dop_operator_3.py took 0.303 seconds
[2026-02-18T13:13:17.049+0000] {processor.py:186} INFO - Started process (PID=473) to work on /home/airflow/.local/lib/python3.12/site-packages/airflow/example_dags/example_branch_python_dop_operator_3.py
[2026-02-18T13:13:17.053+0000] {processor.py:914} INFO - Processing file /home/airflow/.local/lib/python3.12/site-packages/airflow/example_dags/example_branch_python_dop_operator_3.py for tasks to queue
[2026-02-18T13:13:17.059+0000] {logging_mixin.py:190} INFO - [2026-02-18T13:13:17.057+0000] {dagbag.py:588} INFO - Filling up the DagBag from /home/airflow/.local/lib/python3.12/site-packages/airflow/example_dags/example_branch_python_dop_operator_3.py
[2026-02-18T13:13:17.111+0000] {processor.py:925} INFO - DAG(s) 'example_branch_dop_operator_v3' retrieved from /home/airflow/.local/lib/python3.12/site-packages/airflow/example_dags/example_branch_python_dop_operator_3.py
[2026-02-18T13:13:17.185+0000] {logging_mixin.py:190} INFO - [2026-02-18T13:13:17.184+0000] {dag.py:3239} INFO - Sync 1 DAGs
[2026-02-18T13:13:17.320+0000] {logging_mixin.py:190} INFO - [2026-02-18T13:13:17.319+0000] {dag.py:4180} INFO - Setting next_dagrun for example_branch_dop_operator_v3 to 2026-02-18 13:12:00+00:00, run_after=2026-02-18 13:13:00+00:00
[2026-02-18T13:13:17.426+0000] {processor.py:208} INFO - Processing /home/airflow/.local/lib/python3.12/site-packages/airflow/example_dags/example_branch_python_dop_operator_3.py took 0.403 seconds
[2026-02-18T13:13:48.118+0000] {processor.py:186} INFO - Started process (PID=538) to work on /home/airflow/.local/lib/python3.12/site-packages/airflow/example_dags/example_branch_python_dop_operator_3.py
[2026-02-18T13:13:48.123+0000] {processor.py:914} INFO - Processing file /home/airflow/.local/lib/python3.12/site-packages/airflow/example_dags/example_branch_python_dop_operator_3.py for tasks to queue
[2026-02-18T13:13:48.128+0000] {logging_mixin.py:190} INFO - [2026-02-18T13:13:48.127+0000] {dagbag.py:588} INFO - Filling up the DagBag from /home/airflow/.local/lib/python3.12/site-packages/airflow/example_dags/example_branch_python_dop_operator_3.py
[2026-02-18T13:13:48.177+0000] {processor.py:925} INFO - DAG(s) 'example_branch_dop_operator_v3' retrieved from /home/airflow/.local/lib/python3.12/site-packages/airflow/example_dags/example_branch_python_dop_operator_3.py
[2026-02-18T13:13:48.270+0000] {logging_mixin.py:190} INFO - [2026-02-18T13:13:48.269+0000] {dag.py:3239} INFO - Sync 1 DAGs
[2026-02-18T13:13:48.410+0000] {logging_mixin.py:190} INFO - [2026-02-18T13:13:48.409+0000] {dag.py:4180} INFO - Setting next_dagrun for example_branch_dop_operator_v3 to 2026-02-18 13:12:00+00:00, run_after=2026-02-18 13:13:00+00:00
[2026-02-18T13:13:48.495+0000] {processor.py:208} INFO - Processing /home/airflow/.local/lib/python3.12/site-packages/airflow/example_dags/example_branch_python_dop_operator_3.py took 0.404 seconds
[2026-02-18T13:14:20.566+0000] {processor.py:186} INFO - Started process (PID=609) to work on /home/airflow/.local/lib/python3.12/site-packages/airflow/example_dags/example_branch_python_dop_operator_3.py
[2026-02-18T13:14:20.569+0000] {processor.py:914} INFO - Processing file /home/airflow/.local/lib/python3.12/site-packages/airflow/example_dags/example_branch_python_dop_operator_3.py for tasks to queue
[2026-02-18T13:14:20.573+0000] {logging_mixin.py:190} INFO - [2026-02-18T13:14:20.572+0000] {dagbag.py:588} INFO - Filling up the DagBag from /home/airflow/.local/lib/python3.12/site-packages/airflow/example_dags/example_branch_python_dop_operator_3.py
[2026-02-18T13:14:20.613+0000] {processor.py:925} INFO - DAG(s) 'example_branch_dop_operator_v3' retrieved from /home/airflow/.local/lib/python3.12/site-packages/airflow/example_dags/example_branch_python_dop_operator_3.py
[2026-02-18T13:14:20.675+0000] {logging_mixin.py:190} INFO - [2026-02-18T13:14:20.675+0000] {dag.py:3239} INFO - Sync 1 DAGs
[2026-02-18T13:14:20.757+0000] {logging_mixin.py:190} INFO - [2026-02-18T13:14:20.756+0000] {dag.py:4180} INFO - Setting next_dagrun for example_branch_dop_operator_v3 to 2026-02-18 13:13:00+00:00, run_after=2026-02-18 13:14:00+00:00
[2026-02-18T13:14:20.811+0000] {processor.py:208} INFO - Processing /home/airflow/.local/lib/python3.12/site-packages/airflow/example_dags/example_branch_python_dop_operator_3.py took 0.262 seconds
[2026-02-18T13:14:51.237+0000] {processor.py:186} INFO - Started process (PID=674) to work on /home/airflow/.local/lib/python3.12/site-packages/airflow/example_dags/example_branch_python_dop_operator_3.py
[2026-02-18T13:14:51.241+0000] {processor.py:914} INFO - Processing file /home/airflow/.local/lib/python3.12/site-packages/airflow/example_dags/example_branch_python_dop_operator_3.py for tasks to queue
[2026-02-18T13:14:51.244+0000] {logging_mixin.py:190} INFO - [2026-02-18T13:14:51.244+0000] {dagbag.py:588} INFO - Filling up the DagBag from /home/airflow/.local/lib/python3.12/site-packages/airflow/example_dags/example_branch_python_dop_operator_3.py
[2026-02-18T13:14:51.273+0000] {processor.py:925} INFO - DAG(s) 'example_branch_dop_operator_v3' retrieved from /home/airflow/.local/lib/python3.12/site-packages/airflow/example_dags/example_branch_python_dop_operator_3.py
[2026-02-18T13:14:51.322+0000] {logging_mixin.py:190} INFO - [2026-02-18T13:14:51.321+0000] {dag.py:3239} INFO - Sync 1 DAGs
[2026-02-18T13:14:51.390+0000] {logging_mixin.py:190} INFO - [2026-02-18T13:14:51.390+0000] {dag.py:4180} INFO - Setting next_dagrun for example_branch_dop_operator_v3 to 2026-02-18 13:13:00+00:00, run_after=2026-02-18 13:14:00+00:00
[2026-02-18T13:14:51.445+0000] {processor.py:208} INFO - Processing /home/airflow/.local/lib/python3.12/site-packages/airflow/example_dags/example_branch_python_dop_operator_3.py took 0.225 seconds
[2026-02-18T13:15:33.364+0000] {processor.py:186} INFO - Started process (PID=739) to work on /home/airflow/.local/lib/python3.12/site-packages/airflow/example_dags/example_branch_python_dop_operator_3.py
[2026-02-18T13:15:33.368+0000] {processor.py:914} INFO - Processing file /home/airflow/.local/lib/python3.12/site-packages/airflow/example_dags/example_branch_python_dop_operator_3.py for tasks to queue
[2026-02-18T13:15:33.377+0000] {logging_mixin.py:190} INFO - [2026-02-18T13:15:33.374+0000] {dagbag.py:588} INFO - Filling up the DagBag from /home/airflow/.local/lib/python3.12/site-packages/airflow/example_dags/example_branch_python_dop_operator_3.py
[2026-02-18T13:15:33.431+0000] {processor.py:925} INFO - DAG(s) 'example_branch_dop_operator_v3' retrieved from /home/airflow/.local/lib/python3.12/site-packages/airflow/example_dags/example_branch_python_dop_operator_3.py
[2026-02-18T13:15:33.525+0000] {logging_mixin.py:190} INFO - [2026-02-18T13:15:33.524+0000] {dag.py:3239} INFO - Sync 1 DAGs
[2026-02-18T13:15:33.631+0000] {logging_mixin.py:190} INFO - [2026-02-18T13:15:33.630+0000] {dag.py:4180} INFO - Setting next_dagrun for example_branch_dop_operator_v3 to 2026-02-18 13:14:00+00:00, run_after=2026-02-18 13:15:00+00:00
[2026-02-18T13:15:33.699+0000] {processor.py:208} INFO - Processing /home/airflow/.local/lib/python3.12/site-packages/airflow/example_dags/example_branch_python_dop_operator_3.py took 0.358 seconds
[2026-02-18T13:16:06.012+0000] {processor.py:186} INFO - Started process (PID=804) to work on /home/airflow/.local/lib/python3.12/site-packages/airflow/example_dags/example_branch_python_dop_operator_3.py
[2026-02-18T13:16:06.017+0000] {processor.py:914} INFO - Processing file /home/airflow/.local/lib/python3.12/site-packages/airflow/example_dags/example_branch_python_dop_operator_3.py for tasks to queue
[2026-02-18T13:16:06.022+0000] {logging_mixin.py:190} INFO - [2026-02-18T13:16:06.021+0000] {dagbag.py:588} INFO - Filling up the DagBag from /home/airflow/.local/lib/python3.12/site-packages/airflow/example_dags/example_branch_python_dop_operator_3.py
[2026-02-18T13:16:06.071+0000] {processor.py:925} INFO - DAG(s) 'example_branch_dop_operator_v3' retrieved from /home/airflow/.local/lib/python3.12/site-packages/airflow/example_dags/example_branch_python_dop_operator_3.py
[2026-02-18T13:16:06.144+0000] {logging_mixin.py:190} INFO - [2026-02-18T13:16:06.143+0000] {dag.py:3239} INFO - Sync 1 DAGs
[2026-02-18T13:16:06.231+0000] {logging_mixin.py:190} INFO - [2026-02-18T13:16:06.231+0000] {dag.py:4180} INFO - Setting next_dagrun for example_branch_dop_operator_v3 to 2026-02-18 13:15:00+00:00, run_after=2026-02-18 13:16:00+00:00
[2026-02-18T13:16:06.297+0000] {processor.py:208} INFO - Processing /home/airflow/.local/lib/python3.12/site-packages/airflow/example_dags/example_branch_python_dop_operator_3.py took 0.313 seconds
