[2026-02-18T11:38:19.279+0000] {processor.py:186} INFO - Started process (PID=79) to work on /home/airflow/.local/lib/python3.12/site-packages/airflow/example_dags/example_task_group.py
[2026-02-18T11:38:19.287+0000] {processor.py:914} INFO - Processing file /home/airflow/.local/lib/python3.12/site-packages/airflow/example_dags/example_task_group.py for tasks to queue
[2026-02-18T11:38:19.315+0000] {logging_mixin.py:190} INFO - [2026-02-18T11:38:19.308+0000] {dagbag.py:588} INFO - Filling up the DagBag from /home/airflow/.local/lib/python3.12/site-packages/airflow/example_dags/example_task_group.py
[2026-02-18T11:38:19.464+0000] {processor.py:925} INFO - DAG(s) 'example_task_group' retrieved from /home/airflow/.local/lib/python3.12/site-packages/airflow/example_dags/example_task_group.py
[2026-02-18T11:38:19.745+0000] {logging_mixin.py:190} INFO - [2026-02-18T11:38:19.737+0000] {dag.py:3239} INFO - Sync 1 DAGs
[2026-02-18T11:38:19.953+0000] {logging_mixin.py:190} INFO - [2026-02-18T11:38:19.952+0000] {dag.py:4180} INFO - Setting next_dagrun for example_task_group to None, run_after=None
[2026-02-18T11:38:20.324+0000] {processor.py:208} INFO - Processing /home/airflow/.local/lib/python3.12/site-packages/airflow/example_dags/example_task_group.py took 1.121 seconds
[2026-02-18T13:09:47.932+0000] {processor.py:186} INFO - Started process (PID=74) to work on /home/airflow/.local/lib/python3.12/site-packages/airflow/example_dags/example_task_group.py
[2026-02-18T13:09:47.944+0000] {processor.py:914} INFO - Processing file /home/airflow/.local/lib/python3.12/site-packages/airflow/example_dags/example_task_group.py for tasks to queue
[2026-02-18T13:09:47.952+0000] {logging_mixin.py:190} INFO - [2026-02-18T13:09:47.950+0000] {dagbag.py:588} INFO - Filling up the DagBag from /home/airflow/.local/lib/python3.12/site-packages/airflow/example_dags/example_task_group.py
[2026-02-18T13:09:48.009+0000] {processor.py:925} INFO - DAG(s) 'example_task_group' retrieved from /home/airflow/.local/lib/python3.12/site-packages/airflow/example_dags/example_task_group.py
[2026-02-18T13:09:48.258+0000] {logging_mixin.py:190} INFO - [2026-02-18T13:09:48.256+0000] {dag.py:3239} INFO - Sync 1 DAGs
[2026-02-18T13:09:48.375+0000] {logging_mixin.py:190} INFO - [2026-02-18T13:09:48.374+0000] {dag.py:4180} INFO - Setting next_dagrun for example_task_group to None, run_after=None
[2026-02-18T13:09:48.496+0000] {processor.py:208} INFO - Processing /home/airflow/.local/lib/python3.12/site-packages/airflow/example_dags/example_task_group.py took 0.605 seconds
[2026-02-18T13:10:19.217+0000] {processor.py:186} INFO - Started process (PID=139) to work on /home/airflow/.local/lib/python3.12/site-packages/airflow/example_dags/example_task_group.py
[2026-02-18T13:10:19.220+0000] {processor.py:914} INFO - Processing file /home/airflow/.local/lib/python3.12/site-packages/airflow/example_dags/example_task_group.py for tasks to queue
[2026-02-18T13:10:19.222+0000] {logging_mixin.py:190} INFO - [2026-02-18T13:10:19.222+0000] {dagbag.py:588} INFO - Filling up the DagBag from /home/airflow/.local/lib/python3.12/site-packages/airflow/example_dags/example_task_group.py
[2026-02-18T13:10:19.247+0000] {processor.py:925} INFO - DAG(s) 'example_task_group' retrieved from /home/airflow/.local/lib/python3.12/site-packages/airflow/example_dags/example_task_group.py
[2026-02-18T13:10:19.295+0000] {logging_mixin.py:190} INFO - [2026-02-18T13:10:19.294+0000] {dag.py:3239} INFO - Sync 1 DAGs
[2026-02-18T13:10:19.334+0000] {logging_mixin.py:190} INFO - [2026-02-18T13:10:19.333+0000] {dag.py:4180} INFO - Setting next_dagrun for example_task_group to None, run_after=None
[2026-02-18T13:10:19.383+0000] {processor.py:208} INFO - Processing /home/airflow/.local/lib/python3.12/site-packages/airflow/example_dags/example_task_group.py took 0.177 seconds
[2026-02-18T13:10:50.345+0000] {processor.py:186} INFO - Started process (PID=204) to work on /home/airflow/.local/lib/python3.12/site-packages/airflow/example_dags/example_task_group.py
[2026-02-18T13:10:50.347+0000] {processor.py:914} INFO - Processing file /home/airflow/.local/lib/python3.12/site-packages/airflow/example_dags/example_task_group.py for tasks to queue
[2026-02-18T13:10:50.351+0000] {logging_mixin.py:190} INFO - [2026-02-18T13:10:50.350+0000] {dagbag.py:588} INFO - Filling up the DagBag from /home/airflow/.local/lib/python3.12/site-packages/airflow/example_dags/example_task_group.py
[2026-02-18T13:10:50.375+0000] {processor.py:925} INFO - DAG(s) 'example_task_group' retrieved from /home/airflow/.local/lib/python3.12/site-packages/airflow/example_dags/example_task_group.py
[2026-02-18T13:10:50.430+0000] {logging_mixin.py:190} INFO - [2026-02-18T13:10:50.429+0000] {dag.py:3239} INFO - Sync 1 DAGs
[2026-02-18T13:10:50.470+0000] {logging_mixin.py:190} INFO - [2026-02-18T13:10:50.469+0000] {dag.py:4180} INFO - Setting next_dagrun for example_task_group to None, run_after=None
[2026-02-18T13:10:50.519+0000] {processor.py:208} INFO - Processing /home/airflow/.local/lib/python3.12/site-packages/airflow/example_dags/example_task_group.py took 0.197 seconds
[2026-02-18T13:11:28.802+0000] {processor.py:186} INFO - Started process (PID=268) to work on /home/airflow/.local/lib/python3.12/site-packages/airflow/example_dags/example_task_group.py
[2026-02-18T13:11:28.806+0000] {processor.py:914} INFO - Processing file /home/airflow/.local/lib/python3.12/site-packages/airflow/example_dags/example_task_group.py for tasks to queue
[2026-02-18T13:11:28.811+0000] {logging_mixin.py:190} INFO - [2026-02-18T13:11:28.810+0000] {dagbag.py:588} INFO - Filling up the DagBag from /home/airflow/.local/lib/python3.12/site-packages/airflow/example_dags/example_task_group.py
[2026-02-18T13:11:28.847+0000] {processor.py:925} INFO - DAG(s) 'example_task_group' retrieved from /home/airflow/.local/lib/python3.12/site-packages/airflow/example_dags/example_task_group.py
[2026-02-18T13:11:28.928+0000] {logging_mixin.py:190} INFO - [2026-02-18T13:11:28.927+0000] {dag.py:3239} INFO - Sync 1 DAGs
[2026-02-18T13:11:28.976+0000] {logging_mixin.py:190} INFO - [2026-02-18T13:11:28.975+0000] {dag.py:4180} INFO - Setting next_dagrun for example_task_group to None, run_after=None
[2026-02-18T13:11:29.032+0000] {processor.py:208} INFO - Processing /home/airflow/.local/lib/python3.12/site-packages/airflow/example_dags/example_task_group.py took 0.250 seconds
[2026-02-18T13:12:07.416+0000] {processor.py:186} INFO - Started process (PID=331) to work on /home/airflow/.local/lib/python3.12/site-packages/airflow/example_dags/example_task_group.py
[2026-02-18T13:12:07.422+0000] {processor.py:914} INFO - Processing file /home/airflow/.local/lib/python3.12/site-packages/airflow/example_dags/example_task_group.py for tasks to queue
[2026-02-18T13:12:07.430+0000] {logging_mixin.py:190} INFO - [2026-02-18T13:12:07.428+0000] {dagbag.py:588} INFO - Filling up the DagBag from /home/airflow/.local/lib/python3.12/site-packages/airflow/example_dags/example_task_group.py
[2026-02-18T13:12:07.482+0000] {processor.py:925} INFO - DAG(s) 'example_task_group' retrieved from /home/airflow/.local/lib/python3.12/site-packages/airflow/example_dags/example_task_group.py
[2026-02-18T13:12:07.600+0000] {logging_mixin.py:190} INFO - [2026-02-18T13:12:07.599+0000] {dag.py:3239} INFO - Sync 1 DAGs
[2026-02-18T13:12:07.714+0000] {logging_mixin.py:190} INFO - [2026-02-18T13:12:07.712+0000] {dag.py:4180} INFO - Setting next_dagrun for example_task_group to None, run_after=None
[2026-02-18T13:12:07.830+0000] {processor.py:208} INFO - Processing /home/airflow/.local/lib/python3.12/site-packages/airflow/example_dags/example_task_group.py took 0.454 seconds
[2026-02-18T13:12:39.553+0000] {processor.py:186} INFO - Started process (PID=396) to work on /home/airflow/.local/lib/python3.12/site-packages/airflow/example_dags/example_task_group.py
[2026-02-18T13:12:39.557+0000] {processor.py:914} INFO - Processing file /home/airflow/.local/lib/python3.12/site-packages/airflow/example_dags/example_task_group.py for tasks to queue
[2026-02-18T13:12:39.565+0000] {logging_mixin.py:190} INFO - [2026-02-18T13:12:39.564+0000] {dagbag.py:588} INFO - Filling up the DagBag from /home/airflow/.local/lib/python3.12/site-packages/airflow/example_dags/example_task_group.py
[2026-02-18T13:12:39.606+0000] {processor.py:925} INFO - DAG(s) 'example_task_group' retrieved from /home/airflow/.local/lib/python3.12/site-packages/airflow/example_dags/example_task_group.py
[2026-02-18T13:12:39.705+0000] {logging_mixin.py:190} INFO - [2026-02-18T13:12:39.704+0000] {dag.py:3239} INFO - Sync 1 DAGs
[2026-02-18T13:12:39.776+0000] {logging_mixin.py:190} INFO - [2026-02-18T13:12:39.775+0000] {dag.py:4180} INFO - Setting next_dagrun for example_task_group to None, run_after=None
[2026-02-18T13:12:39.888+0000] {processor.py:208} INFO - Processing /home/airflow/.local/lib/python3.12/site-packages/airflow/example_dags/example_task_group.py took 0.365 seconds
[2026-02-18T13:13:11.178+0000] {processor.py:186} INFO - Started process (PID=455) to work on /home/airflow/.local/lib/python3.12/site-packages/airflow/example_dags/example_task_group.py
[2026-02-18T13:13:11.183+0000] {processor.py:914} INFO - Processing file /home/airflow/.local/lib/python3.12/site-packages/airflow/example_dags/example_task_group.py for tasks to queue
[2026-02-18T13:13:11.189+0000] {logging_mixin.py:190} INFO - [2026-02-18T13:13:11.187+0000] {dagbag.py:588} INFO - Filling up the DagBag from /home/airflow/.local/lib/python3.12/site-packages/airflow/example_dags/example_task_group.py
[2026-02-18T13:13:11.232+0000] {processor.py:925} INFO - DAG(s) 'example_task_group' retrieved from /home/airflow/.local/lib/python3.12/site-packages/airflow/example_dags/example_task_group.py
[2026-02-18T13:13:11.326+0000] {logging_mixin.py:190} INFO - [2026-02-18T13:13:11.325+0000] {dag.py:3239} INFO - Sync 1 DAGs
[2026-02-18T13:13:11.395+0000] {logging_mixin.py:190} INFO - [2026-02-18T13:13:11.394+0000] {dag.py:4180} INFO - Setting next_dagrun for example_task_group to None, run_after=None
[2026-02-18T13:13:11.517+0000] {processor.py:208} INFO - Processing /home/airflow/.local/lib/python3.12/site-packages/airflow/example_dags/example_task_group.py took 0.363 seconds
[2026-02-18T13:13:42.635+0000] {processor.py:186} INFO - Started process (PID=519) to work on /home/airflow/.local/lib/python3.12/site-packages/airflow/example_dags/example_task_group.py
[2026-02-18T13:13:42.639+0000] {processor.py:914} INFO - Processing file /home/airflow/.local/lib/python3.12/site-packages/airflow/example_dags/example_task_group.py for tasks to queue
[2026-02-18T13:13:42.643+0000] {logging_mixin.py:190} INFO - [2026-02-18T13:13:42.642+0000] {dagbag.py:588} INFO - Filling up the DagBag from /home/airflow/.local/lib/python3.12/site-packages/airflow/example_dags/example_task_group.py
[2026-02-18T13:13:42.668+0000] {processor.py:925} INFO - DAG(s) 'example_task_group' retrieved from /home/airflow/.local/lib/python3.12/site-packages/airflow/example_dags/example_task_group.py
[2026-02-18T13:13:42.725+0000] {logging_mixin.py:190} INFO - [2026-02-18T13:13:42.724+0000] {dag.py:3239} INFO - Sync 1 DAGs
[2026-02-18T13:13:42.765+0000] {logging_mixin.py:190} INFO - [2026-02-18T13:13:42.764+0000] {dag.py:4180} INFO - Setting next_dagrun for example_task_group to None, run_after=None
[2026-02-18T13:13:42.824+0000] {processor.py:208} INFO - Processing /home/airflow/.local/lib/python3.12/site-packages/airflow/example_dags/example_task_group.py took 0.205 seconds
[2026-02-18T13:14:15.682+0000] {processor.py:186} INFO - Started process (PID=584) to work on /home/airflow/.local/lib/python3.12/site-packages/airflow/example_dags/example_task_group.py
[2026-02-18T13:14:15.686+0000] {processor.py:914} INFO - Processing file /home/airflow/.local/lib/python3.12/site-packages/airflow/example_dags/example_task_group.py for tasks to queue
[2026-02-18T13:14:15.692+0000] {logging_mixin.py:190} INFO - [2026-02-18T13:14:15.690+0000] {dagbag.py:588} INFO - Filling up the DagBag from /home/airflow/.local/lib/python3.12/site-packages/airflow/example_dags/example_task_group.py
[2026-02-18T13:14:15.727+0000] {processor.py:925} INFO - DAG(s) 'example_task_group' retrieved from /home/airflow/.local/lib/python3.12/site-packages/airflow/example_dags/example_task_group.py
[2026-02-18T13:14:15.803+0000] {logging_mixin.py:190} INFO - [2026-02-18T13:14:15.803+0000] {dag.py:3239} INFO - Sync 1 DAGs
[2026-02-18T13:14:15.870+0000] {logging_mixin.py:190} INFO - [2026-02-18T13:14:15.869+0000] {dag.py:4180} INFO - Setting next_dagrun for example_task_group to None, run_after=None
[2026-02-18T13:14:15.945+0000] {processor.py:208} INFO - Processing /home/airflow/.local/lib/python3.12/site-packages/airflow/example_dags/example_task_group.py took 0.284 seconds
[2026-02-18T13:14:47.265+0000] {processor.py:186} INFO - Started process (PID=649) to work on /home/airflow/.local/lib/python3.12/site-packages/airflow/example_dags/example_task_group.py
[2026-02-18T13:14:47.267+0000] {processor.py:914} INFO - Processing file /home/airflow/.local/lib/python3.12/site-packages/airflow/example_dags/example_task_group.py for tasks to queue
[2026-02-18T13:14:47.271+0000] {logging_mixin.py:190} INFO - [2026-02-18T13:14:47.270+0000] {dagbag.py:588} INFO - Filling up the DagBag from /home/airflow/.local/lib/python3.12/site-packages/airflow/example_dags/example_task_group.py
[2026-02-18T13:14:47.302+0000] {processor.py:925} INFO - DAG(s) 'example_task_group' retrieved from /home/airflow/.local/lib/python3.12/site-packages/airflow/example_dags/example_task_group.py
[2026-02-18T13:14:47.362+0000] {logging_mixin.py:190} INFO - [2026-02-18T13:14:47.361+0000] {dag.py:3239} INFO - Sync 1 DAGs
[2026-02-18T13:14:47.403+0000] {logging_mixin.py:190} INFO - [2026-02-18T13:14:47.402+0000] {dag.py:4180} INFO - Setting next_dagrun for example_task_group to None, run_after=None
[2026-02-18T13:14:47.458+0000] {processor.py:208} INFO - Processing /home/airflow/.local/lib/python3.12/site-packages/airflow/example_dags/example_task_group.py took 0.207 seconds
[2026-02-18T13:15:20.839+0000] {processor.py:186} INFO - Started process (PID=717) to work on /home/airflow/.local/lib/python3.12/site-packages/airflow/example_dags/example_task_group.py
[2026-02-18T13:15:20.843+0000] {processor.py:914} INFO - Processing file /home/airflow/.local/lib/python3.12/site-packages/airflow/example_dags/example_task_group.py for tasks to queue
[2026-02-18T13:15:20.859+0000] {logging_mixin.py:190} INFO - [2026-02-18T13:15:20.857+0000] {dagbag.py:588} INFO - Filling up the DagBag from /home/airflow/.local/lib/python3.12/site-packages/airflow/example_dags/example_task_group.py
[2026-02-18T13:15:20.983+0000] {processor.py:925} INFO - DAG(s) 'example_task_group' retrieved from /home/airflow/.local/lib/python3.12/site-packages/airflow/example_dags/example_task_group.py
[2026-02-18T13:15:21.158+0000] {logging_mixin.py:190} INFO - [2026-02-18T13:15:21.156+0000] {dag.py:3239} INFO - Sync 1 DAGs
[2026-02-18T13:15:21.281+0000] {logging_mixin.py:190} INFO - [2026-02-18T13:15:21.278+0000] {dag.py:4180} INFO - Setting next_dagrun for example_task_group to None, run_after=None
[2026-02-18T13:15:21.462+0000] {processor.py:208} INFO - Processing /home/airflow/.local/lib/python3.12/site-packages/airflow/example_dags/example_task_group.py took 0.666 seconds
[2026-02-18T13:15:53.699+0000] {processor.py:186} INFO - Started process (PID=782) to work on /home/airflow/.local/lib/python3.12/site-packages/airflow/example_dags/example_task_group.py
[2026-02-18T13:15:53.710+0000] {processor.py:914} INFO - Processing file /home/airflow/.local/lib/python3.12/site-packages/airflow/example_dags/example_task_group.py for tasks to queue
[2026-02-18T13:15:53.718+0000] {logging_mixin.py:190} INFO - [2026-02-18T13:15:53.716+0000] {dagbag.py:588} INFO - Filling up the DagBag from /home/airflow/.local/lib/python3.12/site-packages/airflow/example_dags/example_task_group.py
[2026-02-18T13:15:53.777+0000] {processor.py:925} INFO - DAG(s) 'example_task_group' retrieved from /home/airflow/.local/lib/python3.12/site-packages/airflow/example_dags/example_task_group.py
[2026-02-18T13:15:53.903+0000] {logging_mixin.py:190} INFO - [2026-02-18T13:15:53.902+0000] {dag.py:3239} INFO - Sync 1 DAGs
[2026-02-18T13:15:53.984+0000] {logging_mixin.py:190} INFO - [2026-02-18T13:15:53.983+0000] {dag.py:4180} INFO - Setting next_dagrun for example_task_group to None, run_after=None
[2026-02-18T13:15:54.073+0000] {processor.py:208} INFO - Processing /home/airflow/.local/lib/python3.12/site-packages/airflow/example_dags/example_task_group.py took 0.407 seconds
[2026-02-18T13:16:24.927+0000] {processor.py:186} INFO - Started process (PID=846) to work on /home/airflow/.local/lib/python3.12/site-packages/airflow/example_dags/example_task_group.py
[2026-02-18T13:16:24.930+0000] {processor.py:914} INFO - Processing file /home/airflow/.local/lib/python3.12/site-packages/airflow/example_dags/example_task_group.py for tasks to queue
[2026-02-18T13:16:24.933+0000] {logging_mixin.py:190} INFO - [2026-02-18T13:16:24.932+0000] {dagbag.py:588} INFO - Filling up the DagBag from /home/airflow/.local/lib/python3.12/site-packages/airflow/example_dags/example_task_group.py
[2026-02-18T13:16:24.950+0000] {processor.py:925} INFO - DAG(s) 'example_task_group' retrieved from /home/airflow/.local/lib/python3.12/site-packages/airflow/example_dags/example_task_group.py
[2026-02-18T13:16:24.991+0000] {logging_mixin.py:190} INFO - [2026-02-18T13:16:24.990+0000] {dag.py:3239} INFO - Sync 1 DAGs
[2026-02-18T13:16:25.018+0000] {logging_mixin.py:190} INFO - [2026-02-18T13:16:25.017+0000] {dag.py:4180} INFO - Setting next_dagrun for example_task_group to None, run_after=None
[2026-02-18T13:16:25.062+0000] {processor.py:208} INFO - Processing /home/airflow/.local/lib/python3.12/site-packages/airflow/example_dags/example_task_group.py took 0.146 seconds
