[2026-02-18T11:38:29.321+0000] {processor.py:186} INFO - Started process (PID=84) to work on /home/airflow/.local/lib/python3.12/site-packages/airflow/example_dags/example_workday_timetable.py
[2026-02-18T11:38:29.333+0000] {processor.py:914} INFO - Processing file /home/airflow/.local/lib/python3.12/site-packages/airflow/example_dags/example_workday_timetable.py for tasks to queue
[2026-02-18T11:38:29.348+0000] {logging_mixin.py:190} INFO - [2026-02-18T11:38:29.347+0000] {dagbag.py:588} INFO - Filling up the DagBag from /home/airflow/.local/lib/python3.12/site-packages/airflow/example_dags/example_workday_timetable.py
[2026-02-18T11:38:29.419+0000] {processor.py:925} INFO - DAG(s) 'example_workday_timetable' retrieved from /home/airflow/.local/lib/python3.12/site-packages/airflow/example_dags/example_workday_timetable.py
[2026-02-18T11:38:29.821+0000] {logging_mixin.py:190} INFO - [2026-02-18T11:38:29.815+0000] {dag.py:3239} INFO - Sync 1 DAGs
[2026-02-18T11:38:30.973+0000] {logging_mixin.py:190} INFO - [2026-02-18T11:38:30.970+0000] {dag.py:4180} INFO - Setting next_dagrun for example_workday_timetable to 2021-01-04 00:00:00+00:00, run_after=2021-01-05 00:00:00+00:00
[2026-02-18T11:38:31.203+0000] {processor.py:208} INFO - Processing /home/airflow/.local/lib/python3.12/site-packages/airflow/example_dags/example_workday_timetable.py took 1.931 seconds
[2026-02-18T13:09:50.791+0000] {processor.py:186} INFO - Started process (PID=79) to work on /home/airflow/.local/lib/python3.12/site-packages/airflow/example_dags/example_workday_timetable.py
[2026-02-18T13:09:50.808+0000] {processor.py:914} INFO - Processing file /home/airflow/.local/lib/python3.12/site-packages/airflow/example_dags/example_workday_timetable.py for tasks to queue
[2026-02-18T13:09:50.821+0000] {logging_mixin.py:190} INFO - [2026-02-18T13:09:50.818+0000] {dagbag.py:588} INFO - Filling up the DagBag from /home/airflow/.local/lib/python3.12/site-packages/airflow/example_dags/example_workday_timetable.py
[2026-02-18T13:09:50.916+0000] {processor.py:925} INFO - DAG(s) 'example_workday_timetable' retrieved from /home/airflow/.local/lib/python3.12/site-packages/airflow/example_dags/example_workday_timetable.py
[2026-02-18T13:09:51.134+0000] {logging_mixin.py:190} INFO - [2026-02-18T13:09:51.132+0000] {dag.py:3239} INFO - Sync 1 DAGs
[2026-02-18T13:09:52.391+0000] {logging_mixin.py:190} INFO - [2026-02-18T13:09:52.390+0000] {dag.py:4180} INFO - Setting next_dagrun for example_workday_timetable to 2021-01-04 00:00:00+00:00, run_after=2021-01-05 00:00:00+00:00
[2026-02-18T13:09:52.560+0000] {processor.py:208} INFO - Processing /home/airflow/.local/lib/python3.12/site-packages/airflow/example_dags/example_workday_timetable.py took 1.824 seconds
[2026-02-18T13:10:22.809+0000] {processor.py:186} INFO - Started process (PID=144) to work on /home/airflow/.local/lib/python3.12/site-packages/airflow/example_dags/example_workday_timetable.py
[2026-02-18T13:10:22.812+0000] {processor.py:914} INFO - Processing file /home/airflow/.local/lib/python3.12/site-packages/airflow/example_dags/example_workday_timetable.py for tasks to queue
[2026-02-18T13:10:22.815+0000] {logging_mixin.py:190} INFO - [2026-02-18T13:10:22.814+0000] {dagbag.py:588} INFO - Filling up the DagBag from /home/airflow/.local/lib/python3.12/site-packages/airflow/example_dags/example_workday_timetable.py
[2026-02-18T13:10:22.832+0000] {processor.py:925} INFO - DAG(s) 'example_workday_timetable' retrieved from /home/airflow/.local/lib/python3.12/site-packages/airflow/example_dags/example_workday_timetable.py
[2026-02-18T13:10:22.918+0000] {logging_mixin.py:190} INFO - [2026-02-18T13:10:22.917+0000] {dag.py:3239} INFO - Sync 1 DAGs
[2026-02-18T13:10:23.106+0000] {logging_mixin.py:190} INFO - [2026-02-18T13:10:23.106+0000] {dag.py:4180} INFO - Setting next_dagrun for example_workday_timetable to 2021-01-04 00:00:00+00:00, run_after=2021-01-05 00:00:00+00:00
[2026-02-18T13:10:23.154+0000] {processor.py:208} INFO - Processing /home/airflow/.local/lib/python3.12/site-packages/airflow/example_dags/example_workday_timetable.py took 0.362 seconds
[2026-02-18T13:10:53.878+0000] {processor.py:186} INFO - Started process (PID=209) to work on /home/airflow/.local/lib/python3.12/site-packages/airflow/example_dags/example_workday_timetable.py
[2026-02-18T13:10:53.882+0000] {processor.py:914} INFO - Processing file /home/airflow/.local/lib/python3.12/site-packages/airflow/example_dags/example_workday_timetable.py for tasks to queue
[2026-02-18T13:10:53.886+0000] {logging_mixin.py:190} INFO - [2026-02-18T13:10:53.885+0000] {dagbag.py:588} INFO - Filling up the DagBag from /home/airflow/.local/lib/python3.12/site-packages/airflow/example_dags/example_workday_timetable.py
[2026-02-18T13:10:53.904+0000] {processor.py:925} INFO - DAG(s) 'example_workday_timetable' retrieved from /home/airflow/.local/lib/python3.12/site-packages/airflow/example_dags/example_workday_timetable.py
[2026-02-18T13:10:53.957+0000] {logging_mixin.py:190} INFO - [2026-02-18T13:10:53.956+0000] {dag.py:3239} INFO - Sync 1 DAGs
[2026-02-18T13:10:54.098+0000] {logging_mixin.py:190} INFO - [2026-02-18T13:10:54.097+0000] {dag.py:4180} INFO - Setting next_dagrun for example_workday_timetable to 2021-01-04 00:00:00+00:00, run_after=2021-01-05 00:00:00+00:00
[2026-02-18T13:10:54.133+0000] {processor.py:208} INFO - Processing /home/airflow/.local/lib/python3.12/site-packages/airflow/example_dags/example_workday_timetable.py took 0.266 seconds
[2026-02-18T13:11:29.625+0000] {processor.py:186} INFO - Started process (PID=273) to work on /home/airflow/.local/lib/python3.12/site-packages/airflow/example_dags/example_workday_timetable.py
[2026-02-18T13:11:29.628+0000] {processor.py:914} INFO - Processing file /home/airflow/.local/lib/python3.12/site-packages/airflow/example_dags/example_workday_timetable.py for tasks to queue
[2026-02-18T13:11:29.632+0000] {logging_mixin.py:190} INFO - [2026-02-18T13:11:29.631+0000] {dagbag.py:588} INFO - Filling up the DagBag from /home/airflow/.local/lib/python3.12/site-packages/airflow/example_dags/example_workday_timetable.py
[2026-02-18T13:11:29.652+0000] {processor.py:925} INFO - DAG(s) 'example_workday_timetable' retrieved from /home/airflow/.local/lib/python3.12/site-packages/airflow/example_dags/example_workday_timetable.py
[2026-02-18T13:11:29.711+0000] {logging_mixin.py:190} INFO - [2026-02-18T13:11:29.710+0000] {dag.py:3239} INFO - Sync 1 DAGs
[2026-02-18T13:11:30.036+0000] {logging_mixin.py:190} INFO - [2026-02-18T13:11:30.036+0000] {dag.py:4180} INFO - Setting next_dagrun for example_workday_timetable to 2021-01-04 00:00:00+00:00, run_after=2021-01-05 00:00:00+00:00
[2026-02-18T13:11:30.101+0000] {processor.py:208} INFO - Processing /home/airflow/.local/lib/python3.12/site-packages/airflow/example_dags/example_workday_timetable.py took 0.491 seconds
[2026-02-18T13:12:09.394+0000] {processor.py:186} INFO - Started process (PID=336) to work on /home/airflow/.local/lib/python3.12/site-packages/airflow/example_dags/example_workday_timetable.py
[2026-02-18T13:12:09.404+0000] {processor.py:914} INFO - Processing file /home/airflow/.local/lib/python3.12/site-packages/airflow/example_dags/example_workday_timetable.py for tasks to queue
[2026-02-18T13:12:09.414+0000] {logging_mixin.py:190} INFO - [2026-02-18T13:12:09.412+0000] {dagbag.py:588} INFO - Filling up the DagBag from /home/airflow/.local/lib/python3.12/site-packages/airflow/example_dags/example_workday_timetable.py
[2026-02-18T13:12:09.470+0000] {processor.py:925} INFO - DAG(s) 'example_workday_timetable' retrieved from /home/airflow/.local/lib/python3.12/site-packages/airflow/example_dags/example_workday_timetable.py
[2026-02-18T13:12:09.684+0000] {logging_mixin.py:190} INFO - [2026-02-18T13:12:09.683+0000] {dag.py:3239} INFO - Sync 1 DAGs
[2026-02-18T13:12:10.249+0000] {logging_mixin.py:190} INFO - [2026-02-18T13:12:10.247+0000] {dag.py:4180} INFO - Setting next_dagrun for example_workday_timetable to 2021-01-04 00:00:00+00:00, run_after=2021-01-05 00:00:00+00:00
[2026-02-18T13:12:10.419+0000] {processor.py:208} INFO - Processing /home/airflow/.local/lib/python3.12/site-packages/airflow/example_dags/example_workday_timetable.py took 1.082 seconds
[2026-02-18T13:12:41.270+0000] {processor.py:186} INFO - Started process (PID=401) to work on /home/airflow/.local/lib/python3.12/site-packages/airflow/example_dags/example_workday_timetable.py
[2026-02-18T13:12:41.274+0000] {processor.py:914} INFO - Processing file /home/airflow/.local/lib/python3.12/site-packages/airflow/example_dags/example_workday_timetable.py for tasks to queue
[2026-02-18T13:12:41.279+0000] {logging_mixin.py:190} INFO - [2026-02-18T13:12:41.278+0000] {dagbag.py:588} INFO - Filling up the DagBag from /home/airflow/.local/lib/python3.12/site-packages/airflow/example_dags/example_workday_timetable.py
[2026-02-18T13:12:41.302+0000] {processor.py:925} INFO - DAG(s) 'example_workday_timetable' retrieved from /home/airflow/.local/lib/python3.12/site-packages/airflow/example_dags/example_workday_timetable.py
[2026-02-18T13:12:41.373+0000] {logging_mixin.py:190} INFO - [2026-02-18T13:12:41.372+0000] {dag.py:3239} INFO - Sync 1 DAGs
[2026-02-18T13:12:41.726+0000] {logging_mixin.py:190} INFO - [2026-02-18T13:12:41.724+0000] {dag.py:4180} INFO - Setting next_dagrun for example_workday_timetable to 2021-01-04 00:00:00+00:00, run_after=2021-01-05 00:00:00+00:00
[2026-02-18T13:12:41.828+0000] {processor.py:208} INFO - Processing /home/airflow/.local/lib/python3.12/site-packages/airflow/example_dags/example_workday_timetable.py took 0.586 seconds
[2026-02-18T13:13:14.710+0000] {processor.py:186} INFO - Started process (PID=466) to work on /home/airflow/.local/lib/python3.12/site-packages/airflow/example_dags/example_workday_timetable.py
[2026-02-18T13:13:14.714+0000] {processor.py:914} INFO - Processing file /home/airflow/.local/lib/python3.12/site-packages/airflow/example_dags/example_workday_timetable.py for tasks to queue
[2026-02-18T13:13:14.719+0000] {logging_mixin.py:190} INFO - [2026-02-18T13:13:14.718+0000] {dagbag.py:588} INFO - Filling up the DagBag from /home/airflow/.local/lib/python3.12/site-packages/airflow/example_dags/example_workday_timetable.py
[2026-02-18T13:13:14.751+0000] {processor.py:925} INFO - DAG(s) 'example_workday_timetable' retrieved from /home/airflow/.local/lib/python3.12/site-packages/airflow/example_dags/example_workday_timetable.py
[2026-02-18T13:13:14.825+0000] {logging_mixin.py:190} INFO - [2026-02-18T13:13:14.824+0000] {dag.py:3239} INFO - Sync 1 DAGs
[2026-02-18T13:13:15.209+0000] {logging_mixin.py:190} INFO - [2026-02-18T13:13:15.205+0000] {dag.py:4180} INFO - Setting next_dagrun for example_workday_timetable to 2021-01-04 00:00:00+00:00, run_after=2021-01-05 00:00:00+00:00
[2026-02-18T13:13:15.312+0000] {processor.py:208} INFO - Processing /home/airflow/.local/lib/python3.12/site-packages/airflow/example_dags/example_workday_timetable.py took 0.630 seconds
[2026-02-18T13:13:45.679+0000] {processor.py:186} INFO - Started process (PID=531) to work on /home/airflow/.local/lib/python3.12/site-packages/airflow/example_dags/example_workday_timetable.py
[2026-02-18T13:13:45.691+0000] {processor.py:914} INFO - Processing file /home/airflow/.local/lib/python3.12/site-packages/airflow/example_dags/example_workday_timetable.py for tasks to queue
[2026-02-18T13:13:45.697+0000] {logging_mixin.py:190} INFO - [2026-02-18T13:13:45.695+0000] {dagbag.py:588} INFO - Filling up the DagBag from /home/airflow/.local/lib/python3.12/site-packages/airflow/example_dags/example_workday_timetable.py
[2026-02-18T13:13:45.721+0000] {processor.py:925} INFO - DAG(s) 'example_workday_timetable' retrieved from /home/airflow/.local/lib/python3.12/site-packages/airflow/example_dags/example_workday_timetable.py
[2026-02-18T13:13:45.811+0000] {logging_mixin.py:190} INFO - [2026-02-18T13:13:45.810+0000] {dag.py:3239} INFO - Sync 1 DAGs
[2026-02-18T13:13:46.175+0000] {logging_mixin.py:190} INFO - [2026-02-18T13:13:46.174+0000] {dag.py:4180} INFO - Setting next_dagrun for example_workday_timetable to 2021-01-04 00:00:00+00:00, run_after=2021-01-05 00:00:00+00:00
[2026-02-18T13:13:46.268+0000] {processor.py:208} INFO - Processing /home/airflow/.local/lib/python3.12/site-packages/airflow/example_dags/example_workday_timetable.py took 0.617 seconds
[2026-02-18T13:14:18.734+0000] {processor.py:186} INFO - Started process (PID=596) to work on /home/airflow/.local/lib/python3.12/site-packages/airflow/example_dags/example_workday_timetable.py
[2026-02-18T13:14:18.738+0000] {processor.py:914} INFO - Processing file /home/airflow/.local/lib/python3.12/site-packages/airflow/example_dags/example_workday_timetable.py for tasks to queue
[2026-02-18T13:14:18.743+0000] {logging_mixin.py:190} INFO - [2026-02-18T13:14:18.742+0000] {dagbag.py:588} INFO - Filling up the DagBag from /home/airflow/.local/lib/python3.12/site-packages/airflow/example_dags/example_workday_timetable.py
[2026-02-18T13:14:18.767+0000] {processor.py:925} INFO - DAG(s) 'example_workday_timetable' retrieved from /home/airflow/.local/lib/python3.12/site-packages/airflow/example_dags/example_workday_timetable.py
[2026-02-18T13:14:18.843+0000] {logging_mixin.py:190} INFO - [2026-02-18T13:14:18.843+0000] {dag.py:3239} INFO - Sync 1 DAGs
[2026-02-18T13:14:19.229+0000] {logging_mixin.py:190} INFO - [2026-02-18T13:14:19.228+0000] {dag.py:4180} INFO - Setting next_dagrun for example_workday_timetable to 2021-01-04 00:00:00+00:00, run_after=2021-01-05 00:00:00+00:00
[2026-02-18T13:14:19.306+0000] {processor.py:208} INFO - Processing /home/airflow/.local/lib/python3.12/site-packages/airflow/example_dags/example_workday_timetable.py took 0.596 seconds
[2026-02-18T13:14:49.818+0000] {processor.py:186} INFO - Started process (PID=667) to work on /home/airflow/.local/lib/python3.12/site-packages/airflow/example_dags/example_workday_timetable.py
[2026-02-18T13:14:49.821+0000] {processor.py:914} INFO - Processing file /home/airflow/.local/lib/python3.12/site-packages/airflow/example_dags/example_workday_timetable.py for tasks to queue
[2026-02-18T13:14:49.826+0000] {logging_mixin.py:190} INFO - [2026-02-18T13:14:49.825+0000] {dagbag.py:588} INFO - Filling up the DagBag from /home/airflow/.local/lib/python3.12/site-packages/airflow/example_dags/example_workday_timetable.py
[2026-02-18T13:14:49.849+0000] {processor.py:925} INFO - DAG(s) 'example_workday_timetable' retrieved from /home/airflow/.local/lib/python3.12/site-packages/airflow/example_dags/example_workday_timetable.py
[2026-02-18T13:14:49.917+0000] {logging_mixin.py:190} INFO - [2026-02-18T13:14:49.916+0000] {dag.py:3239} INFO - Sync 1 DAGs
[2026-02-18T13:14:50.123+0000] {logging_mixin.py:190} INFO - [2026-02-18T13:14:50.122+0000] {dag.py:4180} INFO - Setting next_dagrun for example_workday_timetable to 2021-01-04 00:00:00+00:00, run_after=2021-01-05 00:00:00+00:00
[2026-02-18T13:14:50.173+0000] {processor.py:208} INFO - Processing /home/airflow/.local/lib/python3.12/site-packages/airflow/example_dags/example_workday_timetable.py took 0.372 seconds
[2026-02-18T13:15:30.100+0000] {processor.py:186} INFO - Started process (PID=731) to work on /home/airflow/.local/lib/python3.12/site-packages/airflow/example_dags/example_workday_timetable.py
[2026-02-18T13:15:30.104+0000] {processor.py:914} INFO - Processing file /home/airflow/.local/lib/python3.12/site-packages/airflow/example_dags/example_workday_timetable.py for tasks to queue
[2026-02-18T13:15:30.112+0000] {logging_mixin.py:190} INFO - [2026-02-18T13:15:30.109+0000] {dagbag.py:588} INFO - Filling up the DagBag from /home/airflow/.local/lib/python3.12/site-packages/airflow/example_dags/example_workday_timetable.py
[2026-02-18T13:15:30.137+0000] {processor.py:925} INFO - DAG(s) 'example_workday_timetable' retrieved from /home/airflow/.local/lib/python3.12/site-packages/airflow/example_dags/example_workday_timetable.py
[2026-02-18T13:15:30.229+0000] {logging_mixin.py:190} INFO - [2026-02-18T13:15:30.228+0000] {dag.py:3239} INFO - Sync 1 DAGs
[2026-02-18T13:15:30.729+0000] {logging_mixin.py:190} INFO - [2026-02-18T13:15:30.727+0000] {dag.py:4180} INFO - Setting next_dagrun for example_workday_timetable to 2021-01-04 00:00:00+00:00, run_after=2021-01-05 00:00:00+00:00
[2026-02-18T13:15:30.825+0000] {processor.py:208} INFO - Processing /home/airflow/.local/lib/python3.12/site-packages/airflow/example_dags/example_workday_timetable.py took 0.751 seconds
[2026-02-18T13:16:03.739+0000] {processor.py:186} INFO - Started process (PID=796) to work on /home/airflow/.local/lib/python3.12/site-packages/airflow/example_dags/example_workday_timetable.py
[2026-02-18T13:16:03.742+0000] {processor.py:914} INFO - Processing file /home/airflow/.local/lib/python3.12/site-packages/airflow/example_dags/example_workday_timetable.py for tasks to queue
[2026-02-18T13:16:03.749+0000] {logging_mixin.py:190} INFO - [2026-02-18T13:16:03.746+0000] {dagbag.py:588} INFO - Filling up the DagBag from /home/airflow/.local/lib/python3.12/site-packages/airflow/example_dags/example_workday_timetable.py
[2026-02-18T13:16:03.787+0000] {processor.py:925} INFO - DAG(s) 'example_workday_timetable' retrieved from /home/airflow/.local/lib/python3.12/site-packages/airflow/example_dags/example_workday_timetable.py
[2026-02-18T13:16:03.880+0000] {logging_mixin.py:190} INFO - [2026-02-18T13:16:03.879+0000] {dag.py:3239} INFO - Sync 1 DAGs
[2026-02-18T13:16:04.460+0000] {logging_mixin.py:190} INFO - [2026-02-18T13:16:04.459+0000] {dag.py:4180} INFO - Setting next_dagrun for example_workday_timetable to 2021-01-04 00:00:00+00:00, run_after=2021-01-05 00:00:00+00:00
[2026-02-18T13:16:04.589+0000] {processor.py:208} INFO - Processing /home/airflow/.local/lib/python3.12/site-packages/airflow/example_dags/example_workday_timetable.py took 0.885 seconds
