[2026-02-18T11:38:22.138+0000] {processor.py:186} INFO - Started process (PID=81) to work on /home/airflow/.local/lib/python3.12/site-packages/airflow/example_dags/example_branch_operator.py
[2026-02-18T11:38:22.144+0000] {processor.py:914} INFO - Processing file /home/airflow/.local/lib/python3.12/site-packages/airflow/example_dags/example_branch_operator.py for tasks to queue
[2026-02-18T11:38:24.278+0000] {logging_mixin.py:190} INFO - [2026-02-18T11:38:22.163+0000] {dagbag.py:588} INFO - Filling up the DagBag from /home/airflow/.local/lib/python3.12/site-packages/airflow/example_dags/example_branch_operator.py
[2026-02-18T11:38:25.975+0000] {processor.py:925} INFO - DAG(s) 'example_branch_operator' retrieved from /home/airflow/.local/lib/python3.12/site-packages/airflow/example_dags/example_branch_operator.py
[2026-02-18T11:38:27.601+0000] {logging_mixin.py:190} INFO - [2026-02-18T11:38:27.599+0000] {dag.py:3239} INFO - Sync 1 DAGs
[2026-02-18T11:38:28.278+0000] {logging_mixin.py:190} INFO - [2026-02-18T11:38:28.277+0000] {dag.py:4180} INFO - Setting next_dagrun for example_branch_operator to 2026-02-17 00:00:00+00:00, run_after=2026-02-18 00:00:00+00:00
[2026-02-18T11:38:28.476+0000] {processor.py:208} INFO - Processing /home/airflow/.local/lib/python3.12/site-packages/airflow/example_dags/example_branch_operator.py took 5.451 seconds
[2026-02-18T13:09:49.025+0000] {processor.py:186} INFO - Started process (PID=76) to work on /home/airflow/.local/lib/python3.12/site-packages/airflow/example_dags/example_branch_operator.py
[2026-02-18T13:09:49.033+0000] {processor.py:914} INFO - Processing file /home/airflow/.local/lib/python3.12/site-packages/airflow/example_dags/example_branch_operator.py for tasks to queue
[2026-02-18T13:09:49.041+0000] {logging_mixin.py:190} INFO - [2026-02-18T13:09:49.039+0000] {dagbag.py:588} INFO - Filling up the DagBag from /home/airflow/.local/lib/python3.12/site-packages/airflow/example_dags/example_branch_operator.py
[2026-02-18T13:09:49.200+0000] {processor.py:925} INFO - DAG(s) 'example_branch_operator' retrieved from /home/airflow/.local/lib/python3.12/site-packages/airflow/example_dags/example_branch_operator.py
[2026-02-18T13:09:50.062+0000] {logging_mixin.py:190} INFO - [2026-02-18T13:09:50.061+0000] {dag.py:3239} INFO - Sync 1 DAGs
[2026-02-18T13:09:50.254+0000] {logging_mixin.py:190} INFO - [2026-02-18T13:09:50.251+0000] {dag.py:4180} INFO - Setting next_dagrun for example_branch_operator to 2026-02-17 00:00:00+00:00, run_after=2026-02-18 00:00:00+00:00
[2026-02-18T13:09:50.403+0000] {processor.py:208} INFO - Processing /home/airflow/.local/lib/python3.12/site-packages/airflow/example_dags/example_branch_operator.py took 1.417 seconds
[2026-02-18T13:10:20.737+0000] {processor.py:186} INFO - Started process (PID=142) to work on /home/airflow/.local/lib/python3.12/site-packages/airflow/example_dags/example_branch_operator.py
[2026-02-18T13:10:20.739+0000] {processor.py:914} INFO - Processing file /home/airflow/.local/lib/python3.12/site-packages/airflow/example_dags/example_branch_operator.py for tasks to queue
[2026-02-18T13:10:20.743+0000] {logging_mixin.py:190} INFO - [2026-02-18T13:10:20.742+0000] {dagbag.py:588} INFO - Filling up the DagBag from /home/airflow/.local/lib/python3.12/site-packages/airflow/example_dags/example_branch_operator.py
[2026-02-18T13:10:20.788+0000] {processor.py:925} INFO - DAG(s) 'example_branch_operator' retrieved from /home/airflow/.local/lib/python3.12/site-packages/airflow/example_dags/example_branch_operator.py
[2026-02-18T13:10:20.856+0000] {logging_mixin.py:190} INFO - [2026-02-18T13:10:20.856+0000] {dag.py:3239} INFO - Sync 1 DAGs
[2026-02-18T13:10:20.923+0000] {logging_mixin.py:190} INFO - [2026-02-18T13:10:20.923+0000] {dag.py:4180} INFO - Setting next_dagrun for example_branch_operator to 2026-02-17 00:00:00+00:00, run_after=2026-02-18 00:00:00+00:00
[2026-02-18T13:10:20.975+0000] {processor.py:208} INFO - Processing /home/airflow/.local/lib/python3.12/site-packages/airflow/example_dags/example_branch_operator.py took 0.250 seconds
[2026-02-18T13:10:51.456+0000] {processor.py:186} INFO - Started process (PID=206) to work on /home/airflow/.local/lib/python3.12/site-packages/airflow/example_dags/example_branch_operator.py
[2026-02-18T13:10:51.459+0000] {processor.py:914} INFO - Processing file /home/airflow/.local/lib/python3.12/site-packages/airflow/example_dags/example_branch_operator.py for tasks to queue
[2026-02-18T13:10:51.463+0000] {logging_mixin.py:190} INFO - [2026-02-18T13:10:51.462+0000] {dagbag.py:588} INFO - Filling up the DagBag from /home/airflow/.local/lib/python3.12/site-packages/airflow/example_dags/example_branch_operator.py
[2026-02-18T13:10:51.516+0000] {processor.py:925} INFO - DAG(s) 'example_branch_operator' retrieved from /home/airflow/.local/lib/python3.12/site-packages/airflow/example_dags/example_branch_operator.py
[2026-02-18T13:10:51.604+0000] {logging_mixin.py:190} INFO - [2026-02-18T13:10:51.603+0000] {dag.py:3239} INFO - Sync 1 DAGs
[2026-02-18T13:10:51.678+0000] {logging_mixin.py:190} INFO - [2026-02-18T13:10:51.677+0000] {dag.py:4180} INFO - Setting next_dagrun for example_branch_operator to 2026-02-17 00:00:00+00:00, run_after=2026-02-18 00:00:00+00:00
[2026-02-18T13:10:51.745+0000] {processor.py:208} INFO - Processing /home/airflow/.local/lib/python3.12/site-packages/airflow/example_dags/example_branch_operator.py took 0.303 seconds
[2026-02-18T13:11:29.129+0000] {processor.py:186} INFO - Started process (PID=270) to work on /home/airflow/.local/lib/python3.12/site-packages/airflow/example_dags/example_branch_operator.py
[2026-02-18T13:11:29.131+0000] {processor.py:914} INFO - Processing file /home/airflow/.local/lib/python3.12/site-packages/airflow/example_dags/example_branch_operator.py for tasks to queue
[2026-02-18T13:11:29.135+0000] {logging_mixin.py:190} INFO - [2026-02-18T13:11:29.134+0000] {dagbag.py:588} INFO - Filling up the DagBag from /home/airflow/.local/lib/python3.12/site-packages/airflow/example_dags/example_branch_operator.py
[2026-02-18T13:11:29.182+0000] {processor.py:925} INFO - DAG(s) 'example_branch_operator' retrieved from /home/airflow/.local/lib/python3.12/site-packages/airflow/example_dags/example_branch_operator.py
[2026-02-18T13:11:29.261+0000] {logging_mixin.py:190} INFO - [2026-02-18T13:11:29.260+0000] {dag.py:3239} INFO - Sync 1 DAGs
[2026-02-18T13:11:29.327+0000] {logging_mixin.py:190} INFO - [2026-02-18T13:11:29.327+0000] {dag.py:4180} INFO - Setting next_dagrun for example_branch_operator to 2026-02-17 00:00:00+00:00, run_after=2026-02-18 00:00:00+00:00
[2026-02-18T13:11:29.386+0000] {processor.py:208} INFO - Processing /home/airflow/.local/lib/python3.12/site-packages/airflow/example_dags/example_branch_operator.py took 0.273 seconds
[2026-02-18T13:12:08.087+0000] {processor.py:186} INFO - Started process (PID=333) to work on /home/airflow/.local/lib/python3.12/site-packages/airflow/example_dags/example_branch_operator.py
[2026-02-18T13:12:08.094+0000] {processor.py:914} INFO - Processing file /home/airflow/.local/lib/python3.12/site-packages/airflow/example_dags/example_branch_operator.py for tasks to queue
[2026-02-18T13:12:08.106+0000] {logging_mixin.py:190} INFO - [2026-02-18T13:12:08.104+0000] {dagbag.py:588} INFO - Filling up the DagBag from /home/airflow/.local/lib/python3.12/site-packages/airflow/example_dags/example_branch_operator.py
[2026-02-18T13:12:08.229+0000] {processor.py:925} INFO - DAG(s) 'example_branch_operator' retrieved from /home/airflow/.local/lib/python3.12/site-packages/airflow/example_dags/example_branch_operator.py
[2026-02-18T13:12:08.441+0000] {logging_mixin.py:190} INFO - [2026-02-18T13:12:08.439+0000] {dag.py:3239} INFO - Sync 1 DAGs
[2026-02-18T13:12:08.613+0000] {logging_mixin.py:190} INFO - [2026-02-18T13:12:08.607+0000] {dag.py:4180} INFO - Setting next_dagrun for example_branch_operator to 2026-02-17 00:00:00+00:00, run_after=2026-02-18 00:00:00+00:00
[2026-02-18T13:12:08.723+0000] {processor.py:208} INFO - Processing /home/airflow/.local/lib/python3.12/site-packages/airflow/example_dags/example_branch_operator.py took 0.668 seconds
[2026-02-18T13:12:40.090+0000] {processor.py:186} INFO - Started process (PID=398) to work on /home/airflow/.local/lib/python3.12/site-packages/airflow/example_dags/example_branch_operator.py
[2026-02-18T13:12:40.095+0000] {processor.py:914} INFO - Processing file /home/airflow/.local/lib/python3.12/site-packages/airflow/example_dags/example_branch_operator.py for tasks to queue
[2026-02-18T13:12:40.100+0000] {logging_mixin.py:190} INFO - [2026-02-18T13:12:40.099+0000] {dagbag.py:588} INFO - Filling up the DagBag from /home/airflow/.local/lib/python3.12/site-packages/airflow/example_dags/example_branch_operator.py
[2026-02-18T13:12:40.188+0000] {processor.py:925} INFO - DAG(s) 'example_branch_operator' retrieved from /home/airflow/.local/lib/python3.12/site-packages/airflow/example_dags/example_branch_operator.py
[2026-02-18T13:12:40.313+0000] {logging_mixin.py:190} INFO - [2026-02-18T13:12:40.312+0000] {dag.py:3239} INFO - Sync 1 DAGs
[2026-02-18T13:12:40.458+0000] {logging_mixin.py:190} INFO - [2026-02-18T13:12:40.456+0000] {dag.py:4180} INFO - Setting next_dagrun for example_branch_operator to 2026-02-17 00:00:00+00:00, run_after=2026-02-18 00:00:00+00:00
[2026-02-18T13:12:40.583+0000] {processor.py:208} INFO - Processing /home/airflow/.local/lib/python3.12/site-packages/airflow/example_dags/example_branch_operator.py took 0.519 seconds
[2026-02-18T13:13:13.480+0000] {processor.py:186} INFO - Started process (PID=463) to work on /home/airflow/.local/lib/python3.12/site-packages/airflow/example_dags/example_branch_operator.py
[2026-02-18T13:13:13.489+0000] {processor.py:914} INFO - Processing file /home/airflow/.local/lib/python3.12/site-packages/airflow/example_dags/example_branch_operator.py for tasks to queue
[2026-02-18T13:13:13.495+0000] {logging_mixin.py:190} INFO - [2026-02-18T13:13:13.494+0000] {dagbag.py:588} INFO - Filling up the DagBag from /home/airflow/.local/lib/python3.12/site-packages/airflow/example_dags/example_branch_operator.py
[2026-02-18T13:13:13.602+0000] {processor.py:925} INFO - DAG(s) 'example_branch_operator' retrieved from /home/airflow/.local/lib/python3.12/site-packages/airflow/example_dags/example_branch_operator.py
[2026-02-18T13:13:13.778+0000] {logging_mixin.py:190} INFO - [2026-02-18T13:13:13.777+0000] {dag.py:3239} INFO - Sync 1 DAGs
[2026-02-18T13:13:13.929+0000] {logging_mixin.py:190} INFO - [2026-02-18T13:13:13.928+0000] {dag.py:4180} INFO - Setting next_dagrun for example_branch_operator to 2026-02-17 00:00:00+00:00, run_after=2026-02-18 00:00:00+00:00
[2026-02-18T13:13:14.021+0000] {processor.py:208} INFO - Processing /home/airflow/.local/lib/python3.12/site-packages/airflow/example_dags/example_branch_operator.py took 0.578 seconds
[2026-02-18T13:13:44.796+0000] {processor.py:186} INFO - Started process (PID=528) to work on /home/airflow/.local/lib/python3.12/site-packages/airflow/example_dags/example_branch_operator.py
[2026-02-18T13:13:44.799+0000] {processor.py:914} INFO - Processing file /home/airflow/.local/lib/python3.12/site-packages/airflow/example_dags/example_branch_operator.py for tasks to queue
[2026-02-18T13:13:44.801+0000] {logging_mixin.py:190} INFO - [2026-02-18T13:13:44.801+0000] {dagbag.py:588} INFO - Filling up the DagBag from /home/airflow/.local/lib/python3.12/site-packages/airflow/example_dags/example_branch_operator.py
[2026-02-18T13:13:44.847+0000] {processor.py:925} INFO - DAG(s) 'example_branch_operator' retrieved from /home/airflow/.local/lib/python3.12/site-packages/airflow/example_dags/example_branch_operator.py
[2026-02-18T13:13:44.937+0000] {logging_mixin.py:190} INFO - [2026-02-18T13:13:44.936+0000] {dag.py:3239} INFO - Sync 1 DAGs
[2026-02-18T13:13:45.023+0000] {logging_mixin.py:190} INFO - [2026-02-18T13:13:45.022+0000] {dag.py:4180} INFO - Setting next_dagrun for example_branch_operator to 2026-02-17 00:00:00+00:00, run_after=2026-02-18 00:00:00+00:00
[2026-02-18T13:13:45.103+0000] {processor.py:208} INFO - Processing /home/airflow/.local/lib/python3.12/site-packages/airflow/example_dags/example_branch_operator.py took 0.319 seconds
[2026-02-18T13:14:18.193+0000] {processor.py:186} INFO - Started process (PID=593) to work on /home/airflow/.local/lib/python3.12/site-packages/airflow/example_dags/example_branch_operator.py
[2026-02-18T13:14:18.197+0000] {processor.py:914} INFO - Processing file /home/airflow/.local/lib/python3.12/site-packages/airflow/example_dags/example_branch_operator.py for tasks to queue
[2026-02-18T13:14:18.202+0000] {logging_mixin.py:190} INFO - [2026-02-18T13:14:18.201+0000] {dagbag.py:588} INFO - Filling up the DagBag from /home/airflow/.local/lib/python3.12/site-packages/airflow/example_dags/example_branch_operator.py
[2026-02-18T13:14:18.284+0000] {processor.py:925} INFO - DAG(s) 'example_branch_operator' retrieved from /home/airflow/.local/lib/python3.12/site-packages/airflow/example_dags/example_branch_operator.py
[2026-02-18T13:14:18.407+0000] {logging_mixin.py:190} INFO - [2026-02-18T13:14:18.406+0000] {dag.py:3239} INFO - Sync 1 DAGs
[2026-02-18T13:14:18.518+0000] {logging_mixin.py:190} INFO - [2026-02-18T13:14:18.517+0000] {dag.py:4180} INFO - Setting next_dagrun for example_branch_operator to 2026-02-17 00:00:00+00:00, run_after=2026-02-18 00:00:00+00:00
[2026-02-18T13:14:18.595+0000] {processor.py:208} INFO - Processing /home/airflow/.local/lib/python3.12/site-packages/airflow/example_dags/example_branch_operator.py took 0.425 seconds
[2026-02-18T13:14:49.416+0000] {processor.py:186} INFO - Started process (PID=664) to work on /home/airflow/.local/lib/python3.12/site-packages/airflow/example_dags/example_branch_operator.py
[2026-02-18T13:14:49.418+0000] {processor.py:914} INFO - Processing file /home/airflow/.local/lib/python3.12/site-packages/airflow/example_dags/example_branch_operator.py for tasks to queue
[2026-02-18T13:14:49.423+0000] {logging_mixin.py:190} INFO - [2026-02-18T13:14:49.422+0000] {dagbag.py:588} INFO - Filling up the DagBag from /home/airflow/.local/lib/python3.12/site-packages/airflow/example_dags/example_branch_operator.py
[2026-02-18T13:14:49.475+0000] {processor.py:925} INFO - DAG(s) 'example_branch_operator' retrieved from /home/airflow/.local/lib/python3.12/site-packages/airflow/example_dags/example_branch_operator.py
[2026-02-18T13:14:49.570+0000] {logging_mixin.py:190} INFO - [2026-02-18T13:14:49.569+0000] {dag.py:3239} INFO - Sync 1 DAGs
[2026-02-18T13:14:49.644+0000] {logging_mixin.py:190} INFO - [2026-02-18T13:14:49.644+0000] {dag.py:4180} INFO - Setting next_dagrun for example_branch_operator to 2026-02-17 00:00:00+00:00, run_after=2026-02-18 00:00:00+00:00
[2026-02-18T13:14:49.706+0000] {processor.py:208} INFO - Processing /home/airflow/.local/lib/python3.12/site-packages/airflow/example_dags/example_branch_operator.py took 0.304 seconds
[2026-02-18T13:15:29.524+0000] {processor.py:186} INFO - Started process (PID=728) to work on /home/airflow/.local/lib/python3.12/site-packages/airflow/example_dags/example_branch_operator.py
[2026-02-18T13:15:29.529+0000] {processor.py:914} INFO - Processing file /home/airflow/.local/lib/python3.12/site-packages/airflow/example_dags/example_branch_operator.py for tasks to queue
[2026-02-18T13:15:29.535+0000] {logging_mixin.py:190} INFO - [2026-02-18T13:15:29.533+0000] {dagbag.py:588} INFO - Filling up the DagBag from /home/airflow/.local/lib/python3.12/site-packages/airflow/example_dags/example_branch_operator.py
[2026-02-18T13:15:29.619+0000] {processor.py:925} INFO - DAG(s) 'example_branch_operator' retrieved from /home/airflow/.local/lib/python3.12/site-packages/airflow/example_dags/example_branch_operator.py
[2026-02-18T13:15:29.732+0000] {logging_mixin.py:190} INFO - [2026-02-18T13:15:29.731+0000] {dag.py:3239} INFO - Sync 1 DAGs
[2026-02-18T13:15:29.866+0000] {logging_mixin.py:190} INFO - [2026-02-18T13:15:29.865+0000] {dag.py:4180} INFO - Setting next_dagrun for example_branch_operator to 2026-02-17 00:00:00+00:00, run_after=2026-02-18 00:00:00+00:00
[2026-02-18T13:15:29.958+0000] {processor.py:208} INFO - Processing /home/airflow/.local/lib/python3.12/site-packages/airflow/example_dags/example_branch_operator.py took 0.460 seconds
[2026-02-18T13:16:00.593+0000] {processor.py:186} INFO - Started process (PID=787) to work on /home/airflow/.local/lib/python3.12/site-packages/airflow/example_dags/example_branch_operator.py
[2026-02-18T13:16:00.597+0000] {processor.py:914} INFO - Processing file /home/airflow/.local/lib/python3.12/site-packages/airflow/example_dags/example_branch_operator.py for tasks to queue
[2026-02-18T13:16:00.604+0000] {logging_mixin.py:190} INFO - [2026-02-18T13:16:00.602+0000] {dagbag.py:588} INFO - Filling up the DagBag from /home/airflow/.local/lib/python3.12/site-packages/airflow/example_dags/example_branch_operator.py
[2026-02-18T13:16:00.687+0000] {processor.py:925} INFO - DAG(s) 'example_branch_operator' retrieved from /home/airflow/.local/lib/python3.12/site-packages/airflow/example_dags/example_branch_operator.py
[2026-02-18T13:16:00.813+0000] {logging_mixin.py:190} INFO - [2026-02-18T13:16:00.812+0000] {dag.py:3239} INFO - Sync 1 DAGs
[2026-02-18T13:16:00.935+0000] {logging_mixin.py:190} INFO - [2026-02-18T13:16:00.934+0000] {dag.py:4180} INFO - Setting next_dagrun for example_branch_operator to 2026-02-17 00:00:00+00:00, run_after=2026-02-18 00:00:00+00:00
[2026-02-18T13:16:01.024+0000] {processor.py:208} INFO - Processing /home/airflow/.local/lib/python3.12/site-packages/airflow/example_dags/example_branch_operator.py took 0.452 seconds
[2026-02-18T13:16:31.640+0000] {processor.py:186} INFO - Started process (PID=851) to work on /home/airflow/.local/lib/python3.12/site-packages/airflow/example_dags/example_branch_operator.py
[2026-02-18T13:16:31.664+0000] {processor.py:914} INFO - Processing file /home/airflow/.local/lib/python3.12/site-packages/airflow/example_dags/example_branch_operator.py for tasks to queue
[2026-02-18T13:16:31.674+0000] {logging_mixin.py:190} INFO - [2026-02-18T13:16:31.672+0000] {dagbag.py:588} INFO - Filling up the DagBag from /home/airflow/.local/lib/python3.12/site-packages/airflow/example_dags/example_branch_operator.py
[2026-02-18T13:16:32.082+0000] {processor.py:925} INFO - DAG(s) 'example_branch_operator' retrieved from /home/airflow/.local/lib/python3.12/site-packages/airflow/example_dags/example_branch_operator.py
[2026-02-18T13:16:32.437+0000] {logging_mixin.py:190} INFO - [2026-02-18T13:16:32.435+0000] {dag.py:3239} INFO - Sync 1 DAGs
