[2026-02-18T11:38:31.423+0000] {processor.py:186} INFO - Started process (PID=85) to work on /home/airflow/.local/lib/python3.12/site-packages/airflow/example_dags/example_sla_dag.py
[2026-02-18T11:38:31.430+0000] {processor.py:914} INFO - Processing file /home/airflow/.local/lib/python3.12/site-packages/airflow/example_dags/example_sla_dag.py for tasks to queue
[2026-02-18T11:38:31.442+0000] {logging_mixin.py:190} INFO - [2026-02-18T11:38:31.440+0000] {dagbag.py:588} INFO - Filling up the DagBag from /home/airflow/.local/lib/python3.12/site-packages/airflow/example_dags/example_sla_dag.py
[2026-02-18T11:38:31.559+0000] {processor.py:925} INFO - DAG(s) 'example_sla_dag' retrieved from /home/airflow/.local/lib/python3.12/site-packages/airflow/example_dags/example_sla_dag.py
[2026-02-18T11:38:31.811+0000] {logging_mixin.py:190} INFO - [2026-02-18T11:38:31.810+0000] {dag.py:3239} INFO - Sync 1 DAGs
[2026-02-18T11:38:32.063+0000] {logging_mixin.py:190} INFO - [2026-02-18T11:38:32.060+0000] {dag.py:4180} INFO - Setting next_dagrun for example_sla_dag to 2026-02-18 11:36:00+00:00, run_after=2026-02-18 11:38:00+00:00
[2026-02-18T11:38:32.169+0000] {processor.py:208} INFO - Processing /home/airflow/.local/lib/python3.12/site-packages/airflow/example_dags/example_sla_dag.py took 0.785 seconds
[2026-02-18T13:09:52.406+0000] {processor.py:186} INFO - Started process (PID=80) to work on /home/airflow/.local/lib/python3.12/site-packages/airflow/example_dags/example_sla_dag.py
[2026-02-18T13:09:52.417+0000] {processor.py:914} INFO - Processing file /home/airflow/.local/lib/python3.12/site-packages/airflow/example_dags/example_sla_dag.py for tasks to queue
[2026-02-18T13:09:52.436+0000] {logging_mixin.py:190} INFO - [2026-02-18T13:09:52.434+0000] {dagbag.py:588} INFO - Filling up the DagBag from /home/airflow/.local/lib/python3.12/site-packages/airflow/example_dags/example_sla_dag.py
[2026-02-18T13:09:52.539+0000] {processor.py:925} INFO - DAG(s) 'example_sla_dag' retrieved from /home/airflow/.local/lib/python3.12/site-packages/airflow/example_dags/example_sla_dag.py
[2026-02-18T13:09:52.788+0000] {logging_mixin.py:190} INFO - [2026-02-18T13:09:52.786+0000] {dag.py:3239} INFO - Sync 1 DAGs
[2026-02-18T13:09:52.989+0000] {logging_mixin.py:190} INFO - [2026-02-18T13:09:52.986+0000] {dag.py:4180} INFO - Setting next_dagrun for example_sla_dag to 2026-02-18 13:06:00+00:00, run_after=2026-02-18 13:08:00+00:00
[2026-02-18T13:09:53.125+0000] {processor.py:208} INFO - Processing /home/airflow/.local/lib/python3.12/site-packages/airflow/example_dags/example_sla_dag.py took 0.766 seconds
[2026-02-18T13:10:24.153+0000] {processor.py:186} INFO - Started process (PID=145) to work on /home/airflow/.local/lib/python3.12/site-packages/airflow/example_dags/example_sla_dag.py
[2026-02-18T13:10:24.155+0000] {processor.py:914} INFO - Processing file /home/airflow/.local/lib/python3.12/site-packages/airflow/example_dags/example_sla_dag.py for tasks to queue
[2026-02-18T13:10:24.158+0000] {logging_mixin.py:190} INFO - [2026-02-18T13:10:24.157+0000] {dagbag.py:588} INFO - Filling up the DagBag from /home/airflow/.local/lib/python3.12/site-packages/airflow/example_dags/example_sla_dag.py
[2026-02-18T13:10:24.179+0000] {processor.py:925} INFO - DAG(s) 'example_sla_dag' retrieved from /home/airflow/.local/lib/python3.12/site-packages/airflow/example_dags/example_sla_dag.py
[2026-02-18T13:10:24.219+0000] {logging_mixin.py:190} INFO - [2026-02-18T13:10:24.218+0000] {dag.py:3239} INFO - Sync 1 DAGs
[2026-02-18T13:10:24.290+0000] {logging_mixin.py:190} INFO - [2026-02-18T13:10:24.290+0000] {dag.py:4180} INFO - Setting next_dagrun for example_sla_dag to 2026-02-18 13:08:00+00:00, run_after=2026-02-18 13:10:00+00:00
[2026-02-18T13:10:24.329+0000] {processor.py:208} INFO - Processing /home/airflow/.local/lib/python3.12/site-packages/airflow/example_dags/example_sla_dag.py took 0.186 seconds
[2026-02-18T13:10:55.156+0000] {processor.py:186} INFO - Started process (PID=210) to work on /home/airflow/.local/lib/python3.12/site-packages/airflow/example_dags/example_sla_dag.py
[2026-02-18T13:10:55.158+0000] {processor.py:914} INFO - Processing file /home/airflow/.local/lib/python3.12/site-packages/airflow/example_dags/example_sla_dag.py for tasks to queue
[2026-02-18T13:10:55.161+0000] {logging_mixin.py:190} INFO - [2026-02-18T13:10:55.160+0000] {dagbag.py:588} INFO - Filling up the DagBag from /home/airflow/.local/lib/python3.12/site-packages/airflow/example_dags/example_sla_dag.py
[2026-02-18T13:10:55.180+0000] {processor.py:925} INFO - DAG(s) 'example_sla_dag' retrieved from /home/airflow/.local/lib/python3.12/site-packages/airflow/example_dags/example_sla_dag.py
[2026-02-18T13:10:55.218+0000] {logging_mixin.py:190} INFO - [2026-02-18T13:10:55.218+0000] {dag.py:3239} INFO - Sync 1 DAGs
[2026-02-18T13:10:55.269+0000] {logging_mixin.py:190} INFO - [2026-02-18T13:10:55.268+0000] {dag.py:4180} INFO - Setting next_dagrun for example_sla_dag to 2026-02-18 13:08:00+00:00, run_after=2026-02-18 13:10:00+00:00
[2026-02-18T13:10:55.310+0000] {processor.py:208} INFO - Processing /home/airflow/.local/lib/python3.12/site-packages/airflow/example_dags/example_sla_dag.py took 0.164 seconds
[2026-02-18T13:11:29.826+0000] {processor.py:186} INFO - Started process (PID=274) to work on /home/airflow/.local/lib/python3.12/site-packages/airflow/example_dags/example_sla_dag.py
[2026-02-18T13:11:29.829+0000] {processor.py:914} INFO - Processing file /home/airflow/.local/lib/python3.12/site-packages/airflow/example_dags/example_sla_dag.py for tasks to queue
[2026-02-18T13:11:29.834+0000] {logging_mixin.py:190} INFO - [2026-02-18T13:11:29.833+0000] {dagbag.py:588} INFO - Filling up the DagBag from /home/airflow/.local/lib/python3.12/site-packages/airflow/example_dags/example_sla_dag.py
[2026-02-18T13:11:29.872+0000] {processor.py:925} INFO - DAG(s) 'example_sla_dag' retrieved from /home/airflow/.local/lib/python3.12/site-packages/airflow/example_dags/example_sla_dag.py
[2026-02-18T13:11:29.946+0000] {logging_mixin.py:190} INFO - [2026-02-18T13:11:29.945+0000] {dag.py:3239} INFO - Sync 1 DAGs
[2026-02-18T13:11:30.051+0000] {logging_mixin.py:190} INFO - [2026-02-18T13:11:30.050+0000] {dag.py:4180} INFO - Setting next_dagrun for example_sla_dag to 2026-02-18 13:08:00+00:00, run_after=2026-02-18 13:10:00+00:00
[2026-02-18T13:11:30.116+0000] {processor.py:208} INFO - Processing /home/airflow/.local/lib/python3.12/site-packages/airflow/example_dags/example_sla_dag.py took 0.314 seconds
[2026-02-18T13:12:09.872+0000] {processor.py:186} INFO - Started process (PID=337) to work on /home/airflow/.local/lib/python3.12/site-packages/airflow/example_dags/example_sla_dag.py
[2026-02-18T13:12:09.883+0000] {processor.py:914} INFO - Processing file /home/airflow/.local/lib/python3.12/site-packages/airflow/example_dags/example_sla_dag.py for tasks to queue
[2026-02-18T13:12:09.890+0000] {logging_mixin.py:190} INFO - [2026-02-18T13:12:09.888+0000] {dagbag.py:588} INFO - Filling up the DagBag from /home/airflow/.local/lib/python3.12/site-packages/airflow/example_dags/example_sla_dag.py
[2026-02-18T13:12:09.987+0000] {processor.py:925} INFO - DAG(s) 'example_sla_dag' retrieved from /home/airflow/.local/lib/python3.12/site-packages/airflow/example_dags/example_sla_dag.py
[2026-02-18T13:12:10.146+0000] {logging_mixin.py:190} INFO - [2026-02-18T13:12:10.145+0000] {dag.py:3239} INFO - Sync 1 DAGs
[2026-02-18T13:12:10.384+0000] {logging_mixin.py:190} INFO - [2026-02-18T13:12:10.382+0000] {dag.py:4180} INFO - Setting next_dagrun for example_sla_dag to 2026-02-18 13:10:00+00:00, run_after=2026-02-18 13:12:00+00:00
[2026-02-18T13:12:10.563+0000] {processor.py:208} INFO - Processing /home/airflow/.local/lib/python3.12/site-packages/airflow/example_dags/example_sla_dag.py took 0.735 seconds
[2026-02-18T13:12:41.304+0000] {processor.py:186} INFO - Started process (PID=402) to work on /home/airflow/.local/lib/python3.12/site-packages/airflow/example_dags/example_sla_dag.py
[2026-02-18T13:12:41.308+0000] {processor.py:914} INFO - Processing file /home/airflow/.local/lib/python3.12/site-packages/airflow/example_dags/example_sla_dag.py for tasks to queue
[2026-02-18T13:12:41.313+0000] {logging_mixin.py:190} INFO - [2026-02-18T13:12:41.312+0000] {dagbag.py:588} INFO - Filling up the DagBag from /home/airflow/.local/lib/python3.12/site-packages/airflow/example_dags/example_sla_dag.py
[2026-02-18T13:12:41.357+0000] {processor.py:925} INFO - DAG(s) 'example_sla_dag' retrieved from /home/airflow/.local/lib/python3.12/site-packages/airflow/example_dags/example_sla_dag.py
[2026-02-18T13:12:41.428+0000] {logging_mixin.py:190} INFO - [2026-02-18T13:12:41.427+0000] {dag.py:3239} INFO - Sync 1 DAGs
[2026-02-18T13:12:41.561+0000] {logging_mixin.py:190} INFO - [2026-02-18T13:12:41.560+0000] {dag.py:4180} INFO - Setting next_dagrun for example_sla_dag to 2026-02-18 13:10:00+00:00, run_after=2026-02-18 13:12:00+00:00
[2026-02-18T13:12:41.661+0000] {processor.py:208} INFO - Processing /home/airflow/.local/lib/python3.12/site-packages/airflow/example_dags/example_sla_dag.py took 0.382 seconds
[2026-02-18T13:13:14.746+0000] {processor.py:186} INFO - Started process (PID=467) to work on /home/airflow/.local/lib/python3.12/site-packages/airflow/example_dags/example_sla_dag.py
[2026-02-18T13:13:14.752+0000] {processor.py:914} INFO - Processing file /home/airflow/.local/lib/python3.12/site-packages/airflow/example_dags/example_sla_dag.py for tasks to queue
[2026-02-18T13:13:14.759+0000] {logging_mixin.py:190} INFO - [2026-02-18T13:13:14.758+0000] {dagbag.py:588} INFO - Filling up the DagBag from /home/airflow/.local/lib/python3.12/site-packages/airflow/example_dags/example_sla_dag.py
[2026-02-18T13:13:14.802+0000] {processor.py:925} INFO - DAG(s) 'example_sla_dag' retrieved from /home/airflow/.local/lib/python3.12/site-packages/airflow/example_dags/example_sla_dag.py
[2026-02-18T13:13:14.912+0000] {logging_mixin.py:190} INFO - [2026-02-18T13:13:14.911+0000] {dag.py:3239} INFO - Sync 1 DAGs
[2026-02-18T13:13:15.025+0000] {logging_mixin.py:190} INFO - [2026-02-18T13:13:15.024+0000] {dag.py:4180} INFO - Setting next_dagrun for example_sla_dag to 2026-02-18 13:10:00+00:00, run_after=2026-02-18 13:12:00+00:00
[2026-02-18T13:13:15.179+0000] {processor.py:208} INFO - Processing /home/airflow/.local/lib/python3.12/site-packages/airflow/example_dags/example_sla_dag.py took 0.457 seconds
[2026-02-18T13:13:45.679+0000] {processor.py:186} INFO - Started process (PID=532) to work on /home/airflow/.local/lib/python3.12/site-packages/airflow/example_dags/example_sla_dag.py
[2026-02-18T13:13:45.690+0000] {processor.py:914} INFO - Processing file /home/airflow/.local/lib/python3.12/site-packages/airflow/example_dags/example_sla_dag.py for tasks to queue
[2026-02-18T13:13:45.696+0000] {logging_mixin.py:190} INFO - [2026-02-18T13:13:45.695+0000] {dagbag.py:588} INFO - Filling up the DagBag from /home/airflow/.local/lib/python3.12/site-packages/airflow/example_dags/example_sla_dag.py
[2026-02-18T13:13:45.739+0000] {processor.py:925} INFO - DAG(s) 'example_sla_dag' retrieved from /home/airflow/.local/lib/python3.12/site-packages/airflow/example_dags/example_sla_dag.py
[2026-02-18T13:13:45.833+0000] {logging_mixin.py:190} INFO - [2026-02-18T13:13:45.832+0000] {dag.py:3239} INFO - Sync 1 DAGs
[2026-02-18T13:13:45.981+0000] {logging_mixin.py:190} INFO - [2026-02-18T13:13:45.979+0000] {dag.py:4180} INFO - Setting next_dagrun for example_sla_dag to 2026-02-18 13:10:00+00:00, run_after=2026-02-18 13:12:00+00:00
[2026-02-18T13:13:46.077+0000] {processor.py:208} INFO - Processing /home/airflow/.local/lib/python3.12/site-packages/airflow/example_dags/example_sla_dag.py took 0.422 seconds
[2026-02-18T13:14:19.024+0000] {processor.py:186} INFO - Started process (PID=597) to work on /home/airflow/.local/lib/python3.12/site-packages/airflow/example_dags/example_sla_dag.py
[2026-02-18T13:14:19.028+0000] {processor.py:914} INFO - Processing file /home/airflow/.local/lib/python3.12/site-packages/airflow/example_dags/example_sla_dag.py for tasks to queue
[2026-02-18T13:14:19.034+0000] {logging_mixin.py:190} INFO - [2026-02-18T13:14:19.032+0000] {dagbag.py:588} INFO - Filling up the DagBag from /home/airflow/.local/lib/python3.12/site-packages/airflow/example_dags/example_sla_dag.py
[2026-02-18T13:14:19.083+0000] {processor.py:925} INFO - DAG(s) 'example_sla_dag' retrieved from /home/airflow/.local/lib/python3.12/site-packages/airflow/example_dags/example_sla_dag.py
[2026-02-18T13:14:19.167+0000] {logging_mixin.py:190} INFO - [2026-02-18T13:14:19.167+0000] {dag.py:3239} INFO - Sync 1 DAGs
[2026-02-18T13:14:19.293+0000] {logging_mixin.py:190} INFO - [2026-02-18T13:14:19.292+0000] {dag.py:4180} INFO - Setting next_dagrun for example_sla_dag to 2026-02-18 13:12:00+00:00, run_after=2026-02-18 13:14:00+00:00
[2026-02-18T13:14:19.370+0000] {processor.py:208} INFO - Processing /home/airflow/.local/lib/python3.12/site-packages/airflow/example_dags/example_sla_dag.py took 0.369 seconds
[2026-02-18T13:14:50.057+0000] {processor.py:186} INFO - Started process (PID=668) to work on /home/airflow/.local/lib/python3.12/site-packages/airflow/example_dags/example_sla_dag.py
[2026-02-18T13:14:50.060+0000] {processor.py:914} INFO - Processing file /home/airflow/.local/lib/python3.12/site-packages/airflow/example_dags/example_sla_dag.py for tasks to queue
[2026-02-18T13:14:50.063+0000] {logging_mixin.py:190} INFO - [2026-02-18T13:14:50.063+0000] {dagbag.py:588} INFO - Filling up the DagBag from /home/airflow/.local/lib/python3.12/site-packages/airflow/example_dags/example_sla_dag.py
[2026-02-18T13:14:50.092+0000] {processor.py:925} INFO - DAG(s) 'example_sla_dag' retrieved from /home/airflow/.local/lib/python3.12/site-packages/airflow/example_dags/example_sla_dag.py
[2026-02-18T13:14:50.143+0000] {logging_mixin.py:190} INFO - [2026-02-18T13:14:50.142+0000] {dag.py:3239} INFO - Sync 1 DAGs
[2026-02-18T13:14:50.210+0000] {logging_mixin.py:190} INFO - [2026-02-18T13:14:50.209+0000] {dag.py:4180} INFO - Setting next_dagrun for example_sla_dag to 2026-02-18 13:12:00+00:00, run_after=2026-02-18 13:14:00+00:00
[2026-02-18T13:14:50.262+0000] {processor.py:208} INFO - Processing /home/airflow/.local/lib/python3.12/site-packages/airflow/example_dags/example_sla_dag.py took 0.225 seconds
[2026-02-18T13:15:30.531+0000] {processor.py:186} INFO - Started process (PID=732) to work on /home/airflow/.local/lib/python3.12/site-packages/airflow/example_dags/example_sla_dag.py
[2026-02-18T13:15:30.535+0000] {processor.py:914} INFO - Processing file /home/airflow/.local/lib/python3.12/site-packages/airflow/example_dags/example_sla_dag.py for tasks to queue
[2026-02-18T13:15:30.544+0000] {logging_mixin.py:190} INFO - [2026-02-18T13:15:30.543+0000] {dagbag.py:588} INFO - Filling up the DagBag from /home/airflow/.local/lib/python3.12/site-packages/airflow/example_dags/example_sla_dag.py
[2026-02-18T13:15:30.593+0000] {processor.py:925} INFO - DAG(s) 'example_sla_dag' retrieved from /home/airflow/.local/lib/python3.12/site-packages/airflow/example_dags/example_sla_dag.py
[2026-02-18T13:15:30.694+0000] {logging_mixin.py:190} INFO - [2026-02-18T13:15:30.693+0000] {dag.py:3239} INFO - Sync 1 DAGs
[2026-02-18T13:15:30.845+0000] {logging_mixin.py:190} INFO - [2026-02-18T13:15:30.844+0000] {dag.py:4180} INFO - Setting next_dagrun for example_sla_dag to 2026-02-18 13:12:00+00:00, run_after=2026-02-18 13:14:00+00:00
[2026-02-18T13:15:30.962+0000] {processor.py:208} INFO - Processing /home/airflow/.local/lib/python3.12/site-packages/airflow/example_dags/example_sla_dag.py took 0.450 seconds
[2026-02-18T13:16:03.861+0000] {processor.py:186} INFO - Started process (PID=797) to work on /home/airflow/.local/lib/python3.12/site-packages/airflow/example_dags/example_sla_dag.py
[2026-02-18T13:16:03.867+0000] {processor.py:914} INFO - Processing file /home/airflow/.local/lib/python3.12/site-packages/airflow/example_dags/example_sla_dag.py for tasks to queue
[2026-02-18T13:16:03.879+0000] {logging_mixin.py:190} INFO - [2026-02-18T13:16:03.877+0000] {dagbag.py:588} INFO - Filling up the DagBag from /home/airflow/.local/lib/python3.12/site-packages/airflow/example_dags/example_sla_dag.py
[2026-02-18T13:16:03.944+0000] {processor.py:925} INFO - DAG(s) 'example_sla_dag' retrieved from /home/airflow/.local/lib/python3.12/site-packages/airflow/example_dags/example_sla_dag.py
[2026-02-18T13:16:04.075+0000] {logging_mixin.py:190} INFO - [2026-02-18T13:16:04.074+0000] {dag.py:3239} INFO - Sync 1 DAGs
[2026-02-18T13:16:04.245+0000] {logging_mixin.py:190} INFO - [2026-02-18T13:16:04.244+0000] {dag.py:4180} INFO - Setting next_dagrun for example_sla_dag to 2026-02-18 13:14:00+00:00, run_after=2026-02-18 13:16:00+00:00
[2026-02-18T13:16:04.367+0000] {processor.py:208} INFO - Processing /home/airflow/.local/lib/python3.12/site-packages/airflow/example_dags/example_sla_dag.py took 0.543 seconds
