[2026-02-18T13:10:10.624+0000] {processor.py:186} INFO - Started process (PID=106) to work on /home/airflow/.local/lib/python3.12/site-packages/airflow/example_dags/example_latest_only_with_trigger.py
[2026-02-18T13:10:10.627+0000] {processor.py:914} INFO - Processing file /home/airflow/.local/lib/python3.12/site-packages/airflow/example_dags/example_latest_only_with_trigger.py for tasks to queue
[2026-02-18T13:10:10.631+0000] {logging_mixin.py:190} INFO - [2026-02-18T13:10:10.630+0000] {dagbag.py:588} INFO - Filling up the DagBag from /home/airflow/.local/lib/python3.12/site-packages/airflow/example_dags/example_latest_only_with_trigger.py
[2026-02-18T13:10:10.655+0000] {processor.py:925} INFO - DAG(s) 'latest_only_with_trigger' retrieved from /home/airflow/.local/lib/python3.12/site-packages/airflow/example_dags/example_latest_only_with_trigger.py
[2026-02-18T13:10:10.712+0000] {logging_mixin.py:190} INFO - [2026-02-18T13:10:10.711+0000] {dag.py:3239} INFO - Sync 1 DAGs
[2026-02-18T13:10:10.778+0000] {logging_mixin.py:190} INFO - [2026-02-18T13:10:10.777+0000] {dag.py:4180} INFO - Setting next_dagrun for latest_only_with_trigger to 2026-02-18 08:00:00+00:00, run_after=2026-02-18 12:00:00+00:00
[2026-02-18T13:10:10.832+0000] {processor.py:208} INFO - Processing /home/airflow/.local/lib/python3.12/site-packages/airflow/example_dags/example_latest_only_with_trigger.py took 0.225 seconds
[2026-02-18T13:10:43.026+0000] {processor.py:186} INFO - Started process (PID=171) to work on /home/airflow/.local/lib/python3.12/site-packages/airflow/example_dags/example_latest_only_with_trigger.py
[2026-02-18T13:10:43.031+0000] {processor.py:914} INFO - Processing file /home/airflow/.local/lib/python3.12/site-packages/airflow/example_dags/example_latest_only_with_trigger.py for tasks to queue
[2026-02-18T13:10:43.036+0000] {logging_mixin.py:190} INFO - [2026-02-18T13:10:43.035+0000] {dagbag.py:588} INFO - Filling up the DagBag from /home/airflow/.local/lib/python3.12/site-packages/airflow/example_dags/example_latest_only_with_trigger.py
[2026-02-18T13:10:43.072+0000] {processor.py:925} INFO - DAG(s) 'latest_only_with_trigger' retrieved from /home/airflow/.local/lib/python3.12/site-packages/airflow/example_dags/example_latest_only_with_trigger.py
[2026-02-18T13:10:43.162+0000] {logging_mixin.py:190} INFO - [2026-02-18T13:10:43.161+0000] {dag.py:3239} INFO - Sync 1 DAGs
[2026-02-18T13:10:43.300+0000] {logging_mixin.py:190} INFO - [2026-02-18T13:10:43.298+0000] {dag.py:4180} INFO - Setting next_dagrun for latest_only_with_trigger to 2026-02-18 08:00:00+00:00, run_after=2026-02-18 12:00:00+00:00
[2026-02-18T13:10:43.402+0000] {processor.py:208} INFO - Processing /home/airflow/.local/lib/python3.12/site-packages/airflow/example_dags/example_latest_only_with_trigger.py took 0.399 seconds
[2026-02-18T13:11:17.757+0000] {processor.py:186} INFO - Started process (PID=241) to work on /home/airflow/.local/lib/python3.12/site-packages/airflow/example_dags/example_latest_only_with_trigger.py
[2026-02-18T13:11:17.761+0000] {processor.py:914} INFO - Processing file /home/airflow/.local/lib/python3.12/site-packages/airflow/example_dags/example_latest_only_with_trigger.py for tasks to queue
[2026-02-18T13:11:17.767+0000] {logging_mixin.py:190} INFO - [2026-02-18T13:11:17.766+0000] {dagbag.py:588} INFO - Filling up the DagBag from /home/airflow/.local/lib/python3.12/site-packages/airflow/example_dags/example_latest_only_with_trigger.py
[2026-02-18T13:11:17.803+0000] {processor.py:925} INFO - DAG(s) 'latest_only_with_trigger' retrieved from /home/airflow/.local/lib/python3.12/site-packages/airflow/example_dags/example_latest_only_with_trigger.py
[2026-02-18T13:11:17.870+0000] {logging_mixin.py:190} INFO - [2026-02-18T13:11:17.868+0000] {dag.py:3239} INFO - Sync 1 DAGs
[2026-02-18T13:11:17.988+0000] {logging_mixin.py:190} INFO - [2026-02-18T13:11:17.987+0000] {dag.py:4180} INFO - Setting next_dagrun for latest_only_with_trigger to 2026-02-18 08:00:00+00:00, run_after=2026-02-18 12:00:00+00:00
[2026-02-18T13:11:18.082+0000] {processor.py:208} INFO - Processing /home/airflow/.local/lib/python3.12/site-packages/airflow/example_dags/example_latest_only_with_trigger.py took 0.349 seconds
[2026-02-18T13:11:49.039+0000] {processor.py:186} INFO - Started process (PID=304) to work on /home/airflow/.local/lib/python3.12/site-packages/airflow/example_dags/example_latest_only_with_trigger.py
[2026-02-18T13:11:49.045+0000] {processor.py:914} INFO - Processing file /home/airflow/.local/lib/python3.12/site-packages/airflow/example_dags/example_latest_only_with_trigger.py for tasks to queue
[2026-02-18T13:11:49.053+0000] {logging_mixin.py:190} INFO - [2026-02-18T13:11:49.051+0000] {dagbag.py:588} INFO - Filling up the DagBag from /home/airflow/.local/lib/python3.12/site-packages/airflow/example_dags/example_latest_only_with_trigger.py
[2026-02-18T13:11:49.120+0000] {processor.py:925} INFO - DAG(s) 'latest_only_with_trigger' retrieved from /home/airflow/.local/lib/python3.12/site-packages/airflow/example_dags/example_latest_only_with_trigger.py
[2026-02-18T13:11:49.310+0000] {logging_mixin.py:190} INFO - [2026-02-18T13:11:49.309+0000] {dag.py:3239} INFO - Sync 1 DAGs
[2026-02-18T13:11:49.559+0000] {logging_mixin.py:190} INFO - [2026-02-18T13:11:49.558+0000] {dag.py:4180} INFO - Setting next_dagrun for latest_only_with_trigger to 2026-02-18 08:00:00+00:00, run_after=2026-02-18 12:00:00+00:00
[2026-02-18T13:11:49.719+0000] {processor.py:208} INFO - Processing /home/airflow/.local/lib/python3.12/site-packages/airflow/example_dags/example_latest_only_with_trigger.py took 0.719 seconds
[2026-02-18T13:12:20.393+0000] {processor.py:186} INFO - Started process (PID=368) to work on /home/airflow/.local/lib/python3.12/site-packages/airflow/example_dags/example_latest_only_with_trigger.py
[2026-02-18T13:12:20.400+0000] {processor.py:914} INFO - Processing file /home/airflow/.local/lib/python3.12/site-packages/airflow/example_dags/example_latest_only_with_trigger.py for tasks to queue
[2026-02-18T13:12:20.413+0000] {logging_mixin.py:190} INFO - [2026-02-18T13:12:20.412+0000] {dagbag.py:588} INFO - Filling up the DagBag from /home/airflow/.local/lib/python3.12/site-packages/airflow/example_dags/example_latest_only_with_trigger.py
[2026-02-18T13:12:20.440+0000] {processor.py:925} INFO - DAG(s) 'latest_only_with_trigger' retrieved from /home/airflow/.local/lib/python3.12/site-packages/airflow/example_dags/example_latest_only_with_trigger.py
[2026-02-18T13:12:20.497+0000] {logging_mixin.py:190} INFO - [2026-02-18T13:12:20.496+0000] {dag.py:3239} INFO - Sync 1 DAGs
[2026-02-18T13:12:20.554+0000] {logging_mixin.py:190} INFO - [2026-02-18T13:12:20.554+0000] {dag.py:4180} INFO - Setting next_dagrun for latest_only_with_trigger to 2026-02-18 08:00:00+00:00, run_after=2026-02-18 12:00:00+00:00
[2026-02-18T13:12:20.614+0000] {processor.py:208} INFO - Processing /home/airflow/.local/lib/python3.12/site-packages/airflow/example_dags/example_latest_only_with_trigger.py took 0.237 seconds
[2026-02-18T13:12:56.278+0000] {processor.py:186} INFO - Started process (PID=433) to work on /home/airflow/.local/lib/python3.12/site-packages/airflow/example_dags/example_latest_only_with_trigger.py
[2026-02-18T13:12:56.292+0000] {processor.py:914} INFO - Processing file /home/airflow/.local/lib/python3.12/site-packages/airflow/example_dags/example_latest_only_with_trigger.py for tasks to queue
[2026-02-18T13:12:56.303+0000] {logging_mixin.py:190} INFO - [2026-02-18T13:12:56.301+0000] {dagbag.py:588} INFO - Filling up the DagBag from /home/airflow/.local/lib/python3.12/site-packages/airflow/example_dags/example_latest_only_with_trigger.py
[2026-02-18T13:12:56.353+0000] {processor.py:925} INFO - DAG(s) 'latest_only_with_trigger' retrieved from /home/airflow/.local/lib/python3.12/site-packages/airflow/example_dags/example_latest_only_with_trigger.py
[2026-02-18T13:12:56.460+0000] {logging_mixin.py:190} INFO - [2026-02-18T13:12:56.459+0000] {dag.py:3239} INFO - Sync 1 DAGs
[2026-02-18T13:12:56.585+0000] {logging_mixin.py:190} INFO - [2026-02-18T13:12:56.583+0000] {dag.py:4180} INFO - Setting next_dagrun for latest_only_with_trigger to 2026-02-18 08:00:00+00:00, run_after=2026-02-18 12:00:00+00:00
[2026-02-18T13:12:56.671+0000] {processor.py:208} INFO - Processing /home/airflow/.local/lib/python3.12/site-packages/airflow/example_dags/example_latest_only_with_trigger.py took 0.419 seconds
[2026-02-18T13:13:27.151+0000] {processor.py:186} INFO - Started process (PID=498) to work on /home/airflow/.local/lib/python3.12/site-packages/airflow/example_dags/example_latest_only_with_trigger.py
[2026-02-18T13:13:27.157+0000] {processor.py:914} INFO - Processing file /home/airflow/.local/lib/python3.12/site-packages/airflow/example_dags/example_latest_only_with_trigger.py for tasks to queue
[2026-02-18T13:13:27.167+0000] {logging_mixin.py:190} INFO - [2026-02-18T13:13:27.165+0000] {dagbag.py:588} INFO - Filling up the DagBag from /home/airflow/.local/lib/python3.12/site-packages/airflow/example_dags/example_latest_only_with_trigger.py
[2026-02-18T13:13:27.205+0000] {processor.py:925} INFO - DAG(s) 'latest_only_with_trigger' retrieved from /home/airflow/.local/lib/python3.12/site-packages/airflow/example_dags/example_latest_only_with_trigger.py
[2026-02-18T13:13:27.297+0000] {logging_mixin.py:190} INFO - [2026-02-18T13:13:27.295+0000] {dag.py:3239} INFO - Sync 1 DAGs
[2026-02-18T13:13:27.423+0000] {logging_mixin.py:190} INFO - [2026-02-18T13:13:27.422+0000] {dag.py:4180} INFO - Setting next_dagrun for latest_only_with_trigger to 2026-02-18 08:00:00+00:00, run_after=2026-02-18 12:00:00+00:00
[2026-02-18T13:13:27.512+0000] {processor.py:208} INFO - Processing /home/airflow/.local/lib/python3.12/site-packages/airflow/example_dags/example_latest_only_with_trigger.py took 0.384 seconds
[2026-02-18T13:13:57.862+0000] {processor.py:186} INFO - Started process (PID=562) to work on /home/airflow/.local/lib/python3.12/site-packages/airflow/example_dags/example_latest_only_with_trigger.py
[2026-02-18T13:13:57.866+0000] {processor.py:914} INFO - Processing file /home/airflow/.local/lib/python3.12/site-packages/airflow/example_dags/example_latest_only_with_trigger.py for tasks to queue
[2026-02-18T13:13:57.872+0000] {logging_mixin.py:190} INFO - [2026-02-18T13:13:57.871+0000] {dagbag.py:588} INFO - Filling up the DagBag from /home/airflow/.local/lib/python3.12/site-packages/airflow/example_dags/example_latest_only_with_trigger.py
[2026-02-18T13:13:57.899+0000] {processor.py:925} INFO - DAG(s) 'latest_only_with_trigger' retrieved from /home/airflow/.local/lib/python3.12/site-packages/airflow/example_dags/example_latest_only_with_trigger.py
[2026-02-18T13:13:57.965+0000] {logging_mixin.py:190} INFO - [2026-02-18T13:13:57.964+0000] {dag.py:3239} INFO - Sync 1 DAGs
[2026-02-18T13:13:58.060+0000] {logging_mixin.py:190} INFO - [2026-02-18T13:13:58.059+0000] {dag.py:4180} INFO - Setting next_dagrun for latest_only_with_trigger to 2026-02-18 08:00:00+00:00, run_after=2026-02-18 12:00:00+00:00
[2026-02-18T13:13:58.127+0000] {processor.py:208} INFO - Processing /home/airflow/.local/lib/python3.12/site-packages/airflow/example_dags/example_latest_only_with_trigger.py took 0.288 seconds
[2026-02-18T13:14:28.325+0000] {processor.py:186} INFO - Started process (PID=627) to work on /home/airflow/.local/lib/python3.12/site-packages/airflow/example_dags/example_latest_only_with_trigger.py
[2026-02-18T13:14:28.328+0000] {processor.py:914} INFO - Processing file /home/airflow/.local/lib/python3.12/site-packages/airflow/example_dags/example_latest_only_with_trigger.py for tasks to queue
[2026-02-18T13:14:28.332+0000] {logging_mixin.py:190} INFO - [2026-02-18T13:14:28.331+0000] {dagbag.py:588} INFO - Filling up the DagBag from /home/airflow/.local/lib/python3.12/site-packages/airflow/example_dags/example_latest_only_with_trigger.py
[2026-02-18T13:14:28.358+0000] {processor.py:925} INFO - DAG(s) 'latest_only_with_trigger' retrieved from /home/airflow/.local/lib/python3.12/site-packages/airflow/example_dags/example_latest_only_with_trigger.py
[2026-02-18T13:14:28.433+0000] {logging_mixin.py:190} INFO - [2026-02-18T13:14:28.432+0000] {dag.py:3239} INFO - Sync 1 DAGs
[2026-02-18T13:14:28.522+0000] {logging_mixin.py:190} INFO - [2026-02-18T13:14:28.521+0000] {dag.py:4180} INFO - Setting next_dagrun for latest_only_with_trigger to 2026-02-18 08:00:00+00:00, run_after=2026-02-18 12:00:00+00:00
[2026-02-18T13:14:28.596+0000] {processor.py:208} INFO - Processing /home/airflow/.local/lib/python3.12/site-packages/airflow/example_dags/example_latest_only_with_trigger.py took 0.288 seconds
[2026-02-18T13:14:59.127+0000] {processor.py:186} INFO - Started process (PID=692) to work on /home/airflow/.local/lib/python3.12/site-packages/airflow/example_dags/example_latest_only_with_trigger.py
[2026-02-18T13:14:59.129+0000] {processor.py:914} INFO - Processing file /home/airflow/.local/lib/python3.12/site-packages/airflow/example_dags/example_latest_only_with_trigger.py for tasks to queue
[2026-02-18T13:14:59.130+0000] {logging_mixin.py:190} INFO - [2026-02-18T13:14:59.130+0000] {dagbag.py:588} INFO - Filling up the DagBag from /home/airflow/.local/lib/python3.12/site-packages/airflow/example_dags/example_latest_only_with_trigger.py
[2026-02-18T13:14:59.140+0000] {processor.py:925} INFO - DAG(s) 'latest_only_with_trigger' retrieved from /home/airflow/.local/lib/python3.12/site-packages/airflow/example_dags/example_latest_only_with_trigger.py
[2026-02-18T13:14:59.162+0000] {logging_mixin.py:190} INFO - [2026-02-18T13:14:59.162+0000] {dag.py:3239} INFO - Sync 1 DAGs
[2026-02-18T13:14:59.187+0000] {logging_mixin.py:190} INFO - [2026-02-18T13:14:59.187+0000] {dag.py:4180} INFO - Setting next_dagrun for latest_only_with_trigger to 2026-02-18 08:00:00+00:00, run_after=2026-02-18 12:00:00+00:00
[2026-02-18T13:14:59.209+0000] {processor.py:208} INFO - Processing /home/airflow/.local/lib/python3.12/site-packages/airflow/example_dags/example_latest_only_with_trigger.py took 0.089 seconds
[2026-02-18T13:15:37.459+0000] {processor.py:186} INFO - Started process (PID=755) to work on /home/airflow/.local/lib/python3.12/site-packages/airflow/example_dags/example_latest_only_with_trigger.py
[2026-02-18T13:15:37.462+0000] {processor.py:914} INFO - Processing file /home/airflow/.local/lib/python3.12/site-packages/airflow/example_dags/example_latest_only_with_trigger.py for tasks to queue
[2026-02-18T13:15:37.465+0000] {logging_mixin.py:190} INFO - [2026-02-18T13:15:37.465+0000] {dagbag.py:588} INFO - Filling up the DagBag from /home/airflow/.local/lib/python3.12/site-packages/airflow/example_dags/example_latest_only_with_trigger.py
[2026-02-18T13:15:37.488+0000] {processor.py:925} INFO - DAG(s) 'latest_only_with_trigger' retrieved from /home/airflow/.local/lib/python3.12/site-packages/airflow/example_dags/example_latest_only_with_trigger.py
[2026-02-18T13:15:37.549+0000] {logging_mixin.py:190} INFO - [2026-02-18T13:15:37.549+0000] {dag.py:3239} INFO - Sync 1 DAGs
[2026-02-18T13:15:37.617+0000] {logging_mixin.py:190} INFO - [2026-02-18T13:15:37.617+0000] {dag.py:4180} INFO - Setting next_dagrun for latest_only_with_trigger to 2026-02-18 08:00:00+00:00, run_after=2026-02-18 12:00:00+00:00
[2026-02-18T13:15:37.673+0000] {processor.py:208} INFO - Processing /home/airflow/.local/lib/python3.12/site-packages/airflow/example_dags/example_latest_only_with_trigger.py took 0.229 seconds
[2026-02-18T13:16:09.286+0000] {processor.py:186} INFO - Started process (PID=820) to work on /home/airflow/.local/lib/python3.12/site-packages/airflow/example_dags/example_latest_only_with_trigger.py
[2026-02-18T13:16:09.288+0000] {processor.py:914} INFO - Processing file /home/airflow/.local/lib/python3.12/site-packages/airflow/example_dags/example_latest_only_with_trigger.py for tasks to queue
[2026-02-18T13:16:09.292+0000] {logging_mixin.py:190} INFO - [2026-02-18T13:16:09.291+0000] {dagbag.py:588} INFO - Filling up the DagBag from /home/airflow/.local/lib/python3.12/site-packages/airflow/example_dags/example_latest_only_with_trigger.py
[2026-02-18T13:16:09.317+0000] {processor.py:925} INFO - DAG(s) 'latest_only_with_trigger' retrieved from /home/airflow/.local/lib/python3.12/site-packages/airflow/example_dags/example_latest_only_with_trigger.py
[2026-02-18T13:16:09.371+0000] {logging_mixin.py:190} INFO - [2026-02-18T13:16:09.370+0000] {dag.py:3239} INFO - Sync 1 DAGs
[2026-02-18T13:16:09.437+0000] {logging_mixin.py:190} INFO - [2026-02-18T13:16:09.437+0000] {dag.py:4180} INFO - Setting next_dagrun for latest_only_with_trigger to 2026-02-18 08:00:00+00:00, run_after=2026-02-18 12:00:00+00:00
[2026-02-18T13:16:09.487+0000] {processor.py:208} INFO - Processing /home/airflow/.local/lib/python3.12/site-packages/airflow/example_dags/example_latest_only_with_trigger.py took 0.216 seconds
