[2026-02-18T13:10:12.419+0000] {processor.py:186} INFO - Started process (PID=114) to work on /home/airflow/.local/lib/python3.12/site-packages/airflow/example_dags/example_local_kubernetes_executor.py
[2026-02-18T13:10:12.422+0000] {processor.py:914} INFO - Processing file /home/airflow/.local/lib/python3.12/site-packages/airflow/example_dags/example_local_kubernetes_executor.py for tasks to queue
[2026-02-18T13:10:12.427+0000] {logging_mixin.py:190} INFO - [2026-02-18T13:10:12.426+0000] {dagbag.py:588} INFO - Filling up the DagBag from /home/airflow/.local/lib/python3.12/site-packages/airflow/example_dags/example_local_kubernetes_executor.py
[2026-02-18T13:10:12.461+0000] {processor.py:925} INFO - DAG(s) 'example_local_kubernetes_executor' retrieved from /home/airflow/.local/lib/python3.12/site-packages/airflow/example_dags/example_local_kubernetes_executor.py
[2026-02-18T13:10:12.526+0000] {logging_mixin.py:190} INFO - [2026-02-18T13:10:12.525+0000] {dag.py:3239} INFO - Sync 1 DAGs
[2026-02-18T13:10:12.580+0000] {logging_mixin.py:190} INFO - [2026-02-18T13:10:12.580+0000] {dag.py:4180} INFO - Setting next_dagrun for example_local_kubernetes_executor to None, run_after=None
[2026-02-18T13:10:12.643+0000] {processor.py:208} INFO - Processing /home/airflow/.local/lib/python3.12/site-packages/airflow/example_dags/example_local_kubernetes_executor.py took 0.239 seconds
[2026-02-18T13:10:45.300+0000] {processor.py:186} INFO - Started process (PID=179) to work on /home/airflow/.local/lib/python3.12/site-packages/airflow/example_dags/example_local_kubernetes_executor.py
[2026-02-18T13:10:45.303+0000] {processor.py:914} INFO - Processing file /home/airflow/.local/lib/python3.12/site-packages/airflow/example_dags/example_local_kubernetes_executor.py for tasks to queue
[2026-02-18T13:10:45.308+0000] {logging_mixin.py:190} INFO - [2026-02-18T13:10:45.306+0000] {dagbag.py:588} INFO - Filling up the DagBag from /home/airflow/.local/lib/python3.12/site-packages/airflow/example_dags/example_local_kubernetes_executor.py
[2026-02-18T13:10:45.341+0000] {processor.py:925} INFO - DAG(s) 'example_local_kubernetes_executor' retrieved from /home/airflow/.local/lib/python3.12/site-packages/airflow/example_dags/example_local_kubernetes_executor.py
[2026-02-18T13:10:45.426+0000] {logging_mixin.py:190} INFO - [2026-02-18T13:10:45.425+0000] {dag.py:3239} INFO - Sync 1 DAGs
[2026-02-18T13:10:45.494+0000] {logging_mixin.py:190} INFO - [2026-02-18T13:10:45.493+0000] {dag.py:4180} INFO - Setting next_dagrun for example_local_kubernetes_executor to None, run_after=None
[2026-02-18T13:10:45.561+0000] {processor.py:208} INFO - Processing /home/airflow/.local/lib/python3.12/site-packages/airflow/example_dags/example_local_kubernetes_executor.py took 0.280 seconds
[2026-02-18T13:11:23.014+0000] {processor.py:186} INFO - Started process (PID=252) to work on /home/airflow/.local/lib/python3.12/site-packages/airflow/example_dags/example_local_kubernetes_executor.py
[2026-02-18T13:11:23.025+0000] {processor.py:914} INFO - Processing file /home/airflow/.local/lib/python3.12/site-packages/airflow/example_dags/example_local_kubernetes_executor.py for tasks to queue
[2026-02-18T13:11:23.036+0000] {logging_mixin.py:190} INFO - [2026-02-18T13:11:23.034+0000] {dagbag.py:588} INFO - Filling up the DagBag from /home/airflow/.local/lib/python3.12/site-packages/airflow/example_dags/example_local_kubernetes_executor.py
[2026-02-18T13:11:23.112+0000] {processor.py:925} INFO - DAG(s) 'example_local_kubernetes_executor' retrieved from /home/airflow/.local/lib/python3.12/site-packages/airflow/example_dags/example_local_kubernetes_executor.py
[2026-02-18T13:11:23.260+0000] {logging_mixin.py:190} INFO - [2026-02-18T13:11:23.258+0000] {dag.py:3239} INFO - Sync 1 DAGs
[2026-02-18T13:11:23.364+0000] {logging_mixin.py:190} INFO - [2026-02-18T13:11:23.363+0000] {dag.py:4180} INFO - Setting next_dagrun for example_local_kubernetes_executor to None, run_after=None
[2026-02-18T13:11:23.452+0000] {processor.py:208} INFO - Processing /home/airflow/.local/lib/python3.12/site-packages/airflow/example_dags/example_local_kubernetes_executor.py took 0.506 seconds
[2026-02-18T13:11:57.371+0000] {processor.py:186} INFO - Started process (PID=315) to work on /home/airflow/.local/lib/python3.12/site-packages/airflow/example_dags/example_local_kubernetes_executor.py
[2026-02-18T13:11:57.377+0000] {processor.py:914} INFO - Processing file /home/airflow/.local/lib/python3.12/site-packages/airflow/example_dags/example_local_kubernetes_executor.py for tasks to queue
[2026-02-18T13:11:57.385+0000] {logging_mixin.py:190} INFO - [2026-02-18T13:11:57.382+0000] {dagbag.py:588} INFO - Filling up the DagBag from /home/airflow/.local/lib/python3.12/site-packages/airflow/example_dags/example_local_kubernetes_executor.py
[2026-02-18T13:11:57.437+0000] {processor.py:925} INFO - DAG(s) 'example_local_kubernetes_executor' retrieved from /home/airflow/.local/lib/python3.12/site-packages/airflow/example_dags/example_local_kubernetes_executor.py
[2026-02-18T13:11:57.562+0000] {logging_mixin.py:190} INFO - [2026-02-18T13:11:57.561+0000] {dag.py:3239} INFO - Sync 1 DAGs
[2026-02-18T13:11:57.684+0000] {logging_mixin.py:190} INFO - [2026-02-18T13:11:57.682+0000] {dag.py:4180} INFO - Setting next_dagrun for example_local_kubernetes_executor to None, run_after=None
[2026-02-18T13:11:57.819+0000] {processor.py:208} INFO - Processing /home/airflow/.local/lib/python3.12/site-packages/airflow/example_dags/example_local_kubernetes_executor.py took 0.474 seconds
[2026-02-18T13:12:29.599+0000] {processor.py:186} INFO - Started process (PID=380) to work on /home/airflow/.local/lib/python3.12/site-packages/airflow/example_dags/example_local_kubernetes_executor.py
[2026-02-18T13:12:29.604+0000] {processor.py:914} INFO - Processing file /home/airflow/.local/lib/python3.12/site-packages/airflow/example_dags/example_local_kubernetes_executor.py for tasks to queue
[2026-02-18T13:12:29.616+0000] {logging_mixin.py:190} INFO - [2026-02-18T13:12:29.615+0000] {dagbag.py:588} INFO - Filling up the DagBag from /home/airflow/.local/lib/python3.12/site-packages/airflow/example_dags/example_local_kubernetes_executor.py
[2026-02-18T13:12:29.665+0000] {processor.py:925} INFO - DAG(s) 'example_local_kubernetes_executor' retrieved from /home/airflow/.local/lib/python3.12/site-packages/airflow/example_dags/example_local_kubernetes_executor.py
[2026-02-18T13:12:29.757+0000] {logging_mixin.py:190} INFO - [2026-02-18T13:12:29.756+0000] {dag.py:3239} INFO - Sync 1 DAGs
[2026-02-18T13:12:29.830+0000] {logging_mixin.py:190} INFO - [2026-02-18T13:12:29.829+0000] {dag.py:4180} INFO - Setting next_dagrun for example_local_kubernetes_executor to None, run_after=None
[2026-02-18T13:12:29.924+0000] {processor.py:208} INFO - Processing /home/airflow/.local/lib/python3.12/site-packages/airflow/example_dags/example_local_kubernetes_executor.py took 0.353 seconds
[2026-02-18T13:13:02.342+0000] {processor.py:186} INFO - Started process (PID=445) to work on /home/airflow/.local/lib/python3.12/site-packages/airflow/example_dags/example_local_kubernetes_executor.py
[2026-02-18T13:13:02.346+0000] {processor.py:914} INFO - Processing file /home/airflow/.local/lib/python3.12/site-packages/airflow/example_dags/example_local_kubernetes_executor.py for tasks to queue
[2026-02-18T13:13:02.352+0000] {logging_mixin.py:190} INFO - [2026-02-18T13:13:02.351+0000] {dagbag.py:588} INFO - Filling up the DagBag from /home/airflow/.local/lib/python3.12/site-packages/airflow/example_dags/example_local_kubernetes_executor.py
[2026-02-18T13:13:02.390+0000] {processor.py:925} INFO - DAG(s) 'example_local_kubernetes_executor' retrieved from /home/airflow/.local/lib/python3.12/site-packages/airflow/example_dags/example_local_kubernetes_executor.py
[2026-02-18T13:13:02.479+0000] {logging_mixin.py:190} INFO - [2026-02-18T13:13:02.478+0000] {dag.py:3239} INFO - Sync 1 DAGs
[2026-02-18T13:13:02.550+0000] {logging_mixin.py:190} INFO - [2026-02-18T13:13:02.550+0000] {dag.py:4180} INFO - Setting next_dagrun for example_local_kubernetes_executor to None, run_after=None
[2026-02-18T13:13:02.629+0000] {processor.py:208} INFO - Processing /home/airflow/.local/lib/python3.12/site-packages/airflow/example_dags/example_local_kubernetes_executor.py took 0.309 seconds
[2026-02-18T13:13:36.763+0000] {processor.py:186} INFO - Started process (PID=510) to work on /home/airflow/.local/lib/python3.12/site-packages/airflow/example_dags/example_local_kubernetes_executor.py
[2026-02-18T13:13:36.767+0000] {processor.py:914} INFO - Processing file /home/airflow/.local/lib/python3.12/site-packages/airflow/example_dags/example_local_kubernetes_executor.py for tasks to queue
[2026-02-18T13:13:36.773+0000] {logging_mixin.py:190} INFO - [2026-02-18T13:13:36.772+0000] {dagbag.py:588} INFO - Filling up the DagBag from /home/airflow/.local/lib/python3.12/site-packages/airflow/example_dags/example_local_kubernetes_executor.py
[2026-02-18T13:13:36.818+0000] {processor.py:925} INFO - DAG(s) 'example_local_kubernetes_executor' retrieved from /home/airflow/.local/lib/python3.12/site-packages/airflow/example_dags/example_local_kubernetes_executor.py
[2026-02-18T13:13:36.897+0000] {logging_mixin.py:190} INFO - [2026-02-18T13:13:36.896+0000] {dag.py:3239} INFO - Sync 1 DAGs
[2026-02-18T13:13:36.967+0000] {logging_mixin.py:190} INFO - [2026-02-18T13:13:36.966+0000] {dag.py:4180} INFO - Setting next_dagrun for example_local_kubernetes_executor to None, run_after=None
[2026-02-18T13:13:37.038+0000] {processor.py:208} INFO - Processing /home/airflow/.local/lib/python3.12/site-packages/airflow/example_dags/example_local_kubernetes_executor.py took 0.299 seconds
[2026-02-18T13:14:09.691+0000] {processor.py:186} INFO - Started process (PID=575) to work on /home/airflow/.local/lib/python3.12/site-packages/airflow/example_dags/example_local_kubernetes_executor.py
[2026-02-18T13:14:09.695+0000] {processor.py:914} INFO - Processing file /home/airflow/.local/lib/python3.12/site-packages/airflow/example_dags/example_local_kubernetes_executor.py for tasks to queue
[2026-02-18T13:14:09.701+0000] {logging_mixin.py:190} INFO - [2026-02-18T13:14:09.699+0000] {dagbag.py:588} INFO - Filling up the DagBag from /home/airflow/.local/lib/python3.12/site-packages/airflow/example_dags/example_local_kubernetes_executor.py
[2026-02-18T13:14:09.737+0000] {processor.py:925} INFO - DAG(s) 'example_local_kubernetes_executor' retrieved from /home/airflow/.local/lib/python3.12/site-packages/airflow/example_dags/example_local_kubernetes_executor.py
[2026-02-18T13:14:09.816+0000] {logging_mixin.py:190} INFO - [2026-02-18T13:14:09.815+0000] {dag.py:3239} INFO - Sync 1 DAGs
[2026-02-18T13:14:09.880+0000] {logging_mixin.py:190} INFO - [2026-02-18T13:14:09.880+0000] {dag.py:4180} INFO - Setting next_dagrun for example_local_kubernetes_executor to None, run_after=None
[2026-02-18T13:14:09.958+0000] {processor.py:208} INFO - Processing /home/airflow/.local/lib/python3.12/site-packages/airflow/example_dags/example_local_kubernetes_executor.py took 0.290 seconds
[2026-02-18T13:14:41.274+0000] {processor.py:186} INFO - Started process (PID=640) to work on /home/airflow/.local/lib/python3.12/site-packages/airflow/example_dags/example_local_kubernetes_executor.py
[2026-02-18T13:14:41.278+0000] {processor.py:914} INFO - Processing file /home/airflow/.local/lib/python3.12/site-packages/airflow/example_dags/example_local_kubernetes_executor.py for tasks to queue
[2026-02-18T13:14:41.282+0000] {logging_mixin.py:190} INFO - [2026-02-18T13:14:41.281+0000] {dagbag.py:588} INFO - Filling up the DagBag from /home/airflow/.local/lib/python3.12/site-packages/airflow/example_dags/example_local_kubernetes_executor.py
[2026-02-18T13:14:41.311+0000] {processor.py:925} INFO - DAG(s) 'example_local_kubernetes_executor' retrieved from /home/airflow/.local/lib/python3.12/site-packages/airflow/example_dags/example_local_kubernetes_executor.py
[2026-02-18T13:14:41.371+0000] {logging_mixin.py:190} INFO - [2026-02-18T13:14:41.370+0000] {dag.py:3239} INFO - Sync 1 DAGs
[2026-02-18T13:14:41.415+0000] {logging_mixin.py:190} INFO - [2026-02-18T13:14:41.414+0000] {dag.py:4180} INFO - Setting next_dagrun for example_local_kubernetes_executor to None, run_after=None
[2026-02-18T13:14:41.471+0000] {processor.py:208} INFO - Processing /home/airflow/.local/lib/python3.12/site-packages/airflow/example_dags/example_local_kubernetes_executor.py took 0.212 seconds
[2026-02-18T13:15:12.843+0000] {processor.py:186} INFO - Started process (PID=704) to work on /home/airflow/.local/lib/python3.12/site-packages/airflow/example_dags/example_local_kubernetes_executor.py
[2026-02-18T13:15:12.860+0000] {processor.py:914} INFO - Processing file /home/airflow/.local/lib/python3.12/site-packages/airflow/example_dags/example_local_kubernetes_executor.py for tasks to queue
[2026-02-18T13:15:12.868+0000] {logging_mixin.py:190} INFO - [2026-02-18T13:15:12.867+0000] {dagbag.py:588} INFO - Filling up the DagBag from /home/airflow/.local/lib/python3.12/site-packages/airflow/example_dags/example_local_kubernetes_executor.py
[2026-02-18T13:15:12.946+0000] {processor.py:925} INFO - DAG(s) 'example_local_kubernetes_executor' retrieved from /home/airflow/.local/lib/python3.12/site-packages/airflow/example_dags/example_local_kubernetes_executor.py
[2026-02-18T13:15:13.110+0000] {logging_mixin.py:190} INFO - [2026-02-18T13:15:13.108+0000] {dag.py:3239} INFO - Sync 1 DAGs
[2026-02-18T13:15:13.243+0000] {logging_mixin.py:190} INFO - [2026-02-18T13:15:13.242+0000] {dag.py:4180} INFO - Setting next_dagrun for example_local_kubernetes_executor to None, run_after=None
[2026-02-18T13:15:13.362+0000] {processor.py:208} INFO - Processing /home/airflow/.local/lib/python3.12/site-packages/airflow/example_dags/example_local_kubernetes_executor.py took 0.588 seconds
[2026-02-18T13:15:43.729+0000] {processor.py:186} INFO - Started process (PID=768) to work on /home/airflow/.local/lib/python3.12/site-packages/airflow/example_dags/example_local_kubernetes_executor.py
[2026-02-18T13:15:43.731+0000] {processor.py:914} INFO - Processing file /home/airflow/.local/lib/python3.12/site-packages/airflow/example_dags/example_local_kubernetes_executor.py for tasks to queue
[2026-02-18T13:15:43.734+0000] {logging_mixin.py:190} INFO - [2026-02-18T13:15:43.734+0000] {dagbag.py:588} INFO - Filling up the DagBag from /home/airflow/.local/lib/python3.12/site-packages/airflow/example_dags/example_local_kubernetes_executor.py
[2026-02-18T13:15:43.757+0000] {processor.py:925} INFO - DAG(s) 'example_local_kubernetes_executor' retrieved from /home/airflow/.local/lib/python3.12/site-packages/airflow/example_dags/example_local_kubernetes_executor.py
[2026-02-18T13:15:43.800+0000] {logging_mixin.py:190} INFO - [2026-02-18T13:15:43.799+0000] {dag.py:3239} INFO - Sync 1 DAGs
[2026-02-18T13:15:43.834+0000] {logging_mixin.py:190} INFO - [2026-02-18T13:15:43.834+0000] {dag.py:4180} INFO - Setting next_dagrun for example_local_kubernetes_executor to None, run_after=None
[2026-02-18T13:15:43.876+0000] {processor.py:208} INFO - Processing /home/airflow/.local/lib/python3.12/site-packages/airflow/example_dags/example_local_kubernetes_executor.py took 0.160 seconds
[2026-02-18T13:16:14.229+0000] {processor.py:186} INFO - Started process (PID=833) to work on /home/airflow/.local/lib/python3.12/site-packages/airflow/example_dags/example_local_kubernetes_executor.py
[2026-02-18T13:16:14.232+0000] {processor.py:914} INFO - Processing file /home/airflow/.local/lib/python3.12/site-packages/airflow/example_dags/example_local_kubernetes_executor.py for tasks to queue
[2026-02-18T13:16:14.235+0000] {logging_mixin.py:190} INFO - [2026-02-18T13:16:14.234+0000] {dagbag.py:588} INFO - Filling up the DagBag from /home/airflow/.local/lib/python3.12/site-packages/airflow/example_dags/example_local_kubernetes_executor.py
[2026-02-18T13:16:14.258+0000] {processor.py:925} INFO - DAG(s) 'example_local_kubernetes_executor' retrieved from /home/airflow/.local/lib/python3.12/site-packages/airflow/example_dags/example_local_kubernetes_executor.py
[2026-02-18T13:16:14.293+0000] {logging_mixin.py:190} INFO - [2026-02-18T13:16:14.293+0000] {dag.py:3239} INFO - Sync 1 DAGs
[2026-02-18T13:16:14.316+0000] {logging_mixin.py:190} INFO - [2026-02-18T13:16:14.316+0000] {dag.py:4180} INFO - Setting next_dagrun for example_local_kubernetes_executor to None, run_after=None
[2026-02-18T13:16:14.351+0000] {processor.py:208} INFO - Processing /home/airflow/.local/lib/python3.12/site-packages/airflow/example_dags/example_local_kubernetes_executor.py took 0.135 seconds
