[2026-03-20T08:45:26.099+0000] {local_task_job_runner.py:123} INFO - ::group::Pre task execution logs
[2026-03-20T08:45:26.139+0000] {taskinstance.py:2614} INFO - Dependencies all met for dep_context=non-requeueable deps ti=<TaskInstance: ELT_postgresql.store_sales_summary scheduled__2026-03-19T00:00:00+00:00 [queued]>
[2026-03-20T08:45:26.158+0000] {taskinstance.py:2614} INFO - Dependencies all met for dep_context=requeueable deps ti=<TaskInstance: ELT_postgresql.store_sales_summary scheduled__2026-03-19T00:00:00+00:00 [queued]>
[2026-03-20T08:45:26.160+0000] {taskinstance.py:2867} INFO - Starting attempt 1 of 1
[2026-03-20T08:45:26.185+0000] {taskinstance.py:2890} INFO - Executing <Task(BashOperator): store_sales_summary> on 2026-03-19 00:00:00+00:00
[2026-03-20T08:45:26.204+0000] {warnings.py:112} WARNING - /home/***/.local/lib/python3.12/site-packages/***/task/task_runner/standard_task_runner.py:70: DeprecationWarning: This process (pid=7608) is multi-threaded, use of fork() may lead to deadlocks in the child.
  pid = os.fork()

[2026-03-20T08:45:26.207+0000] {standard_task_runner.py:72} INFO - Started process 7620 to run task
[2026-03-20T08:45:26.207+0000] {standard_task_runner.py:104} INFO - Running: ['***', 'tasks', 'run', 'ELT_postgresql', 'store_sales_summary', 'scheduled__2026-03-19T00:00:00+00:00', '--job-id', '175', '--raw', '--subdir', 'DAGS_FOLDER/ETL_postgresql_dag/etl_postgresql.py', '--cfg-path', '/tmp/tmp57bzb6ip']
[2026-03-20T08:45:26.209+0000] {standard_task_runner.py:105} INFO - Job 175: Subtask store_sales_summary
[2026-03-20T08:45:26.314+0000] {task_command.py:467} INFO - Running <TaskInstance: ELT_postgresql.store_sales_summary scheduled__2026-03-19T00:00:00+00:00 [running]> on host 11702db3a8b2
[2026-03-20T08:45:26.477+0000] {taskinstance.py:3134} INFO - Exporting env vars: AIRFLOW_CTX_DAG_OWNER='Bereket Tafesse' AIRFLOW_CTX_DAG_ID='ELT_postgresql' AIRFLOW_CTX_TASK_ID='store_sales_summary' AIRFLOW_CTX_EXECUTION_DATE='2026-03-19T00:00:00+00:00' AIRFLOW_CTX_TRY_NUMBER='1' AIRFLOW_CTX_DAG_RUN_ID='scheduled__2026-03-19T00:00:00+00:00'
[2026-03-20T08:45:26.479+0000] {logging_mixin.py:190} INFO - Task instance is in running state
[2026-03-20T08:45:26.483+0000] {logging_mixin.py:190} INFO -  Previous state of the Task instance: queued
[2026-03-20T08:45:26.484+0000] {logging_mixin.py:190} INFO - Current task name:store_sales_summary state:running start_date:2026-03-20 08:45:26.140854+00:00
[2026-03-20T08:45:26.484+0000] {logging_mixin.py:190} INFO - Dag name:ELT_postgresql and current dag run status:running
[2026-03-20T08:45:26.487+0000] {taskinstance.py:732} INFO - ::endgroup::
[2026-03-20T08:45:26.491+0000] {subprocess.py:78} INFO - Tmp dir root location: /tmp
[2026-03-20T08:45:26.501+0000] {subprocess.py:88} INFO - Running command: ['/usr/bin/bash', '-c', 'python /opt/***/dags/ETL_postgresql_dag/python_tasks/store_sales_summary.py']
[2026-03-20T08:45:26.522+0000] {subprocess.py:99} INFO - Output:
[2026-03-20T08:45:33.155+0000] {subprocess.py:106} INFO - [2026-03-20T08:45:33.152+0000] {base.py:84} INFO - Retrieving connection 'postgresql_connection'
[2026-03-20T08:45:33.166+0000] {subprocess.py:106} INFO - [2026-03-20T08:45:33.166+0000] {sql.py:511} INFO - Running statement:
[2026-03-20T08:45:33.171+0000] {subprocess.py:106} INFO -         DROP TABLE IF EXISTS store_sales_summary;
[2026-03-20T08:45:33.172+0000] {subprocess.py:106} INFO - 
[2026-03-20T08:45:33.173+0000] {subprocess.py:106} INFO -         CREATE TABLE store_sales_summary AS
[2026-03-20T08:45:33.177+0000] {subprocess.py:106} INFO -         SELECT
[2026-03-20T08:45:33.178+0000] {subprocess.py:106} INFO -             store_id,
[2026-03-20T08:45:33.180+0000] {subprocess.py:106} INFO -             store_name,
[2026-03-20T08:45:33.180+0000] {subprocess.py:106} INFO -             store_country,
[2026-03-20T08:45:33.181+0000] {subprocess.py:106} INFO -             store_city,
[2026-03-20T08:45:33.182+0000] {subprocess.py:106} INFO -             store_type,
[2026-03-20T08:45:33.183+0000] {subprocess.py:106} INFO -             SUM(total_amount) AS total_sales_amount,
[2026-03-20T08:45:33.184+0000] {subprocess.py:106} INFO -             SUM(total_quantity_sold) AS total_quantity_sold
[2026-03-20T08:45:33.185+0000] {subprocess.py:106} INFO -         FROM exploded_products
[2026-03-20T08:45:33.186+0000] {subprocess.py:106} INFO -         GROUP BY store_id, store_name, store_country, store_city, store_type;
[2026-03-20T08:45:33.186+0000] {subprocess.py:106} INFO -     , parameters: None
[2026-03-20T08:45:34.646+0000] {subprocess.py:106} INFO - [2026-03-20T08:45:34.645+0000] {sql.py:520} INFO - Rows affected: 29930
[2026-03-20T08:45:35.239+0000] {subprocess.py:110} INFO - Command exited with return code 0
[2026-03-20T08:45:35.276+0000] {taskinstance.py:341} INFO - ::group::Post task execution logs
[2026-03-20T08:45:35.278+0000] {taskinstance.py:353} INFO - Marking task as SUCCESS. dag_id=ELT_postgresql, task_id=store_sales_summary, run_id=scheduled__2026-03-19T00:00:00+00:00, execution_date=20260319T000000, start_date=20260320T084526, end_date=20260320T084535
[2026-03-20T08:45:35.311+0000] {logging_mixin.py:190} INFO - Task instance in success state
[2026-03-20T08:45:35.312+0000] {logging_mixin.py:190} INFO -  Previous state of the Task instance: running
[2026-03-20T08:45:35.313+0000] {logging_mixin.py:190} INFO - Dag name:ELT_postgresql queued_at:2026-03-20 08:45:11.796139+00:00
[2026-03-20T08:45:35.314+0000] {logging_mixin.py:190} INFO - Task hostname:11702db3a8b2 operator:BashOperator
[2026-03-20T08:45:35.338+0000] {local_task_job_runner.py:266} INFO - Task exited with return code 0
[2026-03-20T08:45:35.368+0000] {taskinstance.py:3901} INFO - 0 downstream tasks scheduled from follow-on schedule check
[2026-03-20T08:45:35.371+0000] {local_task_job_runner.py:245} INFO - ::endgroup::
