[2026-03-19T12:10:45.221+0000] {local_task_job_runner.py:123} INFO - ::group::Pre task execution logs
[2026-03-19T12:10:45.463+0000] {taskinstance.py:2614} INFO - Dependencies all met for dep_context=non-requeueable deps ti=<TaskInstance: ETL_json_postgresql.load_data_to_mysql scheduled__2026-03-13T00:00:00+00:00 [queued]>
[2026-03-19T12:10:46.239+0000] {taskinstance.py:2614} INFO - Dependencies all met for dep_context=requeueable deps ti=<TaskInstance: ETL_json_postgresql.load_data_to_mysql scheduled__2026-03-13T00:00:00+00:00 [queued]>
[2026-03-19T12:10:46.251+0000] {taskinstance.py:2867} INFO - Starting attempt 1 of 1
[2026-03-19T12:10:46.565+0000] {taskinstance.py:2890} INFO - Executing <Task(PythonOperator): load_data_to_mysql> on 2026-03-13 00:00:00+00:00
[2026-03-19T12:10:46.777+0000] {warnings.py:112} WARNING - /home/***/.local/lib/python3.12/site-packages/***/task/task_runner/standard_task_runner.py:70: DeprecationWarning: This process (pid=156) is multi-threaded, use of fork() may lead to deadlocks in the child.
  pid = os.fork()

[2026-03-19T12:10:46.882+0000] {standard_task_runner.py:72} INFO - Started process 176 to run task
[2026-03-19T12:10:46.938+0000] {standard_task_runner.py:104} INFO - Running: ['***', 'tasks', 'run', 'ETL_json_postgresql', 'load_data_to_mysql', 'scheduled__2026-03-13T00:00:00+00:00', '--job-id', '162', '--raw', '--subdir', 'DAGS_FOLDER/ETL_json_postgresql_dag/etl_json_postgresql.py', '--cfg-path', '/tmp/tmpc3n7zfvw']
[2026-03-19T12:10:46.950+0000] {standard_task_runner.py:105} INFO - Job 162: Subtask load_data_to_mysql
[2026-03-19T12:10:48.056+0000] {task_command.py:467} INFO - Running <TaskInstance: ETL_json_postgresql.load_data_to_mysql scheduled__2026-03-13T00:00:00+00:00 [running]> on host 11702db3a8b2
[2026-03-19T12:10:48.841+0000] {taskinstance.py:3134} INFO - Exporting env vars: AIRFLOW_CTX_DAG_OWNER='Bereket Tafesse' AIRFLOW_CTX_DAG_ID='ETL_json_postgresql' AIRFLOW_CTX_TASK_ID='load_data_to_mysql' AIRFLOW_CTX_EXECUTION_DATE='2026-03-13T00:00:00+00:00' AIRFLOW_CTX_TRY_NUMBER='1' AIRFLOW_CTX_DAG_RUN_ID='scheduled__2026-03-13T00:00:00+00:00'
[2026-03-19T12:10:48.863+0000] {logging_mixin.py:190} INFO - Task instance is in running state
[2026-03-19T12:10:48.867+0000] {logging_mixin.py:190} INFO -  Previous state of the Task instance: queued
[2026-03-19T12:10:48.874+0000] {logging_mixin.py:190} INFO - Current task name:load_data_to_mysql state:running start_date:2026-03-19 12:10:45.467982+00:00
[2026-03-19T12:10:48.876+0000] {logging_mixin.py:190} INFO - Dag name:ETL_json_postgresql and current dag run status:running
[2026-03-19T12:10:48.879+0000] {taskinstance.py:732} INFO - ::endgroup::
[2026-03-19T12:11:28.074+0000] {python.py:240} INFO - Done. Returned value was: None
[2026-03-19T12:11:28.101+0000] {taskinstance.py:341} INFO - ::group::Post task execution logs
[2026-03-19T12:11:28.103+0000] {taskinstance.py:353} INFO - Marking task as SUCCESS. dag_id=ETL_json_postgresql, task_id=load_data_to_mysql, run_id=scheduled__2026-03-13T00:00:00+00:00, execution_date=20260313T000000, start_date=20260319T121045, end_date=20260319T121128
[2026-03-19T12:11:28.172+0000] {logging_mixin.py:190} INFO - Task instance in success state
[2026-03-19T12:11:28.173+0000] {logging_mixin.py:190} INFO -  Previous state of the Task instance: running
[2026-03-19T12:11:28.175+0000] {logging_mixin.py:190} INFO - Dag name:ETL_json_postgresql queued_at:2026-03-17 14:53:27.968701+00:00
[2026-03-19T12:11:28.176+0000] {logging_mixin.py:190} INFO - Task hostname:11702db3a8b2 operator:PythonOperator
[2026-03-19T12:11:28.202+0000] {local_task_job_runner.py:266} INFO - Task exited with return code 0
[2026-03-19T12:11:28.237+0000] {taskinstance.py:3901} INFO - 0 downstream tasks scheduled from follow-on schedule check
[2026-03-19T12:11:28.242+0000] {local_task_job_runner.py:245} INFO - ::endgroup::
