[2026-03-19T12:10:52.752+0000] {local_task_job_runner.py:123} INFO - ::group::Pre task execution logs
[2026-03-19T12:10:52.853+0000] {taskinstance.py:2614} INFO - Dependencies all met for dep_context=non-requeueable deps ti=<TaskInstance: ELT_postgresql.daily_sales_country_currency scheduled__2026-03-13T00:00:00+00:00 [queued]>
[2026-03-19T12:10:52.901+0000] {taskinstance.py:2614} INFO - Dependencies all met for dep_context=requeueable deps ti=<TaskInstance: ELT_postgresql.daily_sales_country_currency scheduled__2026-03-13T00:00:00+00:00 [queued]>
[2026-03-19T12:10:52.905+0000] {taskinstance.py:2867} INFO - Starting attempt 1 of 1
[2026-03-19T12:10:52.971+0000] {taskinstance.py:2890} INFO - Executing <Task(BashOperator): daily_sales_country_currency> on 2026-03-13 00:00:00+00:00
[2026-03-19T12:10:53.007+0000] {warnings.py:112} WARNING - /home/***/.local/lib/python3.12/site-packages/***/task/task_runner/standard_task_runner.py:70: DeprecationWarning: This process (pid=159) is multi-threaded, use of fork() may lead to deadlocks in the child.
  pid = os.fork()

[2026-03-19T12:10:53.017+0000] {standard_task_runner.py:104} INFO - Running: ['***', 'tasks', 'run', 'ELT_postgresql', 'daily_sales_country_currency', 'scheduled__2026-03-13T00:00:00+00:00', '--job-id', '167', '--raw', '--subdir', 'DAGS_FOLDER/ETL_postgresql_dag/etl_postgresql.py', '--cfg-path', '/tmp/tmpiqcf63ak']
[2026-03-19T12:10:53.019+0000] {standard_task_runner.py:72} INFO - Started process 191 to run task
[2026-03-19T12:10:53.026+0000] {standard_task_runner.py:105} INFO - Job 167: Subtask daily_sales_country_currency
[2026-03-19T12:10:53.276+0000] {task_command.py:467} INFO - Running <TaskInstance: ELT_postgresql.daily_sales_country_currency scheduled__2026-03-13T00:00:00+00:00 [running]> on host 11702db3a8b2
[2026-03-19T12:10:53.745+0000] {taskinstance.py:3134} INFO - Exporting env vars: AIRFLOW_CTX_DAG_OWNER='Bereket Tafesse' AIRFLOW_CTX_DAG_ID='ELT_postgresql' AIRFLOW_CTX_TASK_ID='daily_sales_country_currency' AIRFLOW_CTX_EXECUTION_DATE='2026-03-13T00:00:00+00:00' AIRFLOW_CTX_TRY_NUMBER='1' AIRFLOW_CTX_DAG_RUN_ID='scheduled__2026-03-13T00:00:00+00:00'
[2026-03-19T12:10:53.754+0000] {logging_mixin.py:190} INFO - Task instance is in running state
[2026-03-19T12:10:53.757+0000] {logging_mixin.py:190} INFO -  Previous state of the Task instance: queued
[2026-03-19T12:10:53.762+0000] {logging_mixin.py:190} INFO - Current task name:daily_sales_country_currency state:running start_date:2026-03-19 12:10:52.862422+00:00
[2026-03-19T12:10:53.768+0000] {logging_mixin.py:190} INFO - Dag name:ELT_postgresql and current dag run status:running
[2026-03-19T12:10:53.775+0000] {taskinstance.py:732} INFO - ::endgroup::
[2026-03-19T12:10:53.784+0000] {subprocess.py:78} INFO - Tmp dir root location: /tmp
[2026-03-19T12:10:53.798+0000] {subprocess.py:88} INFO - Running command: ['/usr/bin/bash', '-c', 'python /opt/***/dags/ETL_postgresql_dag/python_tasks/daily_sales_country_currency.py']
[2026-03-19T12:10:53.877+0000] {subprocess.py:99} INFO - Output:
[2026-03-19T12:11:15.993+0000] {subprocess.py:106} INFO - [2026-03-19T12:11:15.989+0000] {base.py:84} INFO - Retrieving connection 'postgresql_connection'
[2026-03-19T12:11:16.014+0000] {subprocess.py:106} INFO - [2026-03-19T12:11:16.012+0000] {sql.py:511} INFO - Running statement:
[2026-03-19T12:11:16.016+0000] {subprocess.py:106} INFO -         DROP TABLE IF EXISTS daily_sales_country_currency;
[2026-03-19T12:11:16.018+0000] {subprocess.py:106} INFO - 
[2026-03-19T12:11:16.020+0000] {subprocess.py:106} INFO -         CREATE TABLE daily_sales_country_currency AS
[2026-03-19T12:11:16.022+0000] {subprocess.py:106} INFO -         SELECT
[2026-03-19T12:11:16.024+0000] {subprocess.py:106} INFO -             DATE(purchase_timestamp) AS purchase_date,
[2026-03-19T12:11:16.026+0000] {subprocess.py:106} INFO -             store_country,
[2026-03-19T12:11:16.029+0000] {subprocess.py:106} INFO -             currency,
[2026-03-19T12:11:16.032+0000] {subprocess.py:106} INFO -             SUM(total_amount) AS daily_total_sales,
[2026-03-19T12:11:16.037+0000] {subprocess.py:106} INFO -             COUNT(DISTINCT transaction_id) AS number_of_transactions,
[2026-03-19T12:11:16.039+0000] {subprocess.py:106} INFO -             AVG(total_amount) AS average_transaction_value
[2026-03-19T12:11:16.041+0000] {subprocess.py:106} INFO -         FROM exploded_products
[2026-03-19T12:11:16.043+0000] {subprocess.py:106} INFO -         GROUP BY DATE(purchase_timestamp), store_country, currency;
[2026-03-19T12:11:16.045+0000] {subprocess.py:106} INFO -     , parameters: None
[2026-03-19T12:11:20.586+0000] {subprocess.py:106} INFO - [2026-03-19T12:11:20.584+0000] {sql.py:520} INFO - Rows affected: 15474
[2026-03-19T12:11:21.807+0000] {subprocess.py:110} INFO - Command exited with return code 0
[2026-03-19T12:11:21.919+0000] {taskinstance.py:341} INFO - ::group::Post task execution logs
[2026-03-19T12:11:21.937+0000] {taskinstance.py:353} INFO - Marking task as SUCCESS. dag_id=ELT_postgresql, task_id=daily_sales_country_currency, run_id=scheduled__2026-03-13T00:00:00+00:00, execution_date=20260313T000000, start_date=20260319T121052, end_date=20260319T121121
[2026-03-19T12:11:22.049+0000] {logging_mixin.py:190} INFO - Task instance in success state
[2026-03-19T12:11:22.052+0000] {logging_mixin.py:190} INFO -  Previous state of the Task instance: running
[2026-03-19T12:11:22.054+0000] {logging_mixin.py:190} INFO - Dag name:ELT_postgresql queued_at:2026-03-17 14:53:28.103243+00:00
[2026-03-19T12:11:22.056+0000] {logging_mixin.py:190} INFO - Task hostname:11702db3a8b2 operator:BashOperator
[2026-03-19T12:11:22.111+0000] {local_task_job_runner.py:266} INFO - Task exited with return code 0
[2026-03-19T12:11:22.182+0000] {taskinstance.py:3901} INFO - 0 downstream tasks scheduled from follow-on schedule check
[2026-03-19T12:11:22.192+0000] {local_task_job_runner.py:245} INFO - ::endgroup::
