[2026-02-21T10:24:49.806+0000] {processor.py:186} INFO - Started process (PID=57) to work on /opt/airflow/dags/ETL_postgresql_dag/etl_postgresql.py
[2026-02-21T10:24:49.816+0000] {processor.py:914} INFO - Processing file /opt/airflow/dags/ETL_postgresql_dag/etl_postgresql.py for tasks to queue
[2026-02-21T10:24:49.861+0000] {logging_mixin.py:190} INFO - [2026-02-21T10:24:49.859+0000] {dagbag.py:588} INFO - Filling up the DagBag from /opt/airflow/dags/ETL_postgresql_dag/etl_postgresql.py
[2026-02-21T10:24:50.080+0000] {processor.py:925} INFO - DAG(s) 'ELT_postgresql' retrieved from /opt/airflow/dags/ETL_postgresql_dag/etl_postgresql.py
[2026-02-21T10:24:50.636+0000] {logging_mixin.py:190} INFO - [2026-02-21T10:24:50.630+0000] {dag.py:3239} INFO - Sync 1 DAGs
[2026-02-21T10:24:50.953+0000] {logging_mixin.py:190} INFO - [2026-02-21T10:24:50.952+0000] {dag.py:4180} INFO - Setting next_dagrun for ELT_postgresql to 2026-02-21 00:00:00+00:00, run_after=2026-02-22 00:00:00+00:00
[2026-02-21T10:24:51.158+0000] {processor.py:208} INFO - Processing /opt/airflow/dags/ETL_postgresql_dag/etl_postgresql.py took 1.425 seconds
[2026-02-21T12:32:52.115+0000] {processor.py:186} INFO - Started process (PID=66) to work on /opt/airflow/dags/ETL_postgresql_dag/etl_postgresql.py
[2026-02-21T12:32:52.124+0000] {processor.py:914} INFO - Processing file /opt/airflow/dags/ETL_postgresql_dag/etl_postgresql.py for tasks to queue
[2026-02-21T12:32:52.154+0000] {logging_mixin.py:190} INFO - [2026-02-21T12:32:52.149+0000] {dagbag.py:588} INFO - Filling up the DagBag from /opt/airflow/dags/ETL_postgresql_dag/etl_postgresql.py
[2026-02-21T12:32:52.416+0000] {processor.py:925} INFO - DAG(s) 'ELT_postgresql' retrieved from /opt/airflow/dags/ETL_postgresql_dag/etl_postgresql.py
[2026-02-21T12:32:52.688+0000] {logging_mixin.py:190} INFO - [2026-02-21T12:32:52.687+0000] {dag.py:3239} INFO - Sync 1 DAGs
[2026-02-21T12:32:52.961+0000] {logging_mixin.py:190} INFO - [2026-02-21T12:32:52.960+0000] {dag.py:4180} INFO - Setting next_dagrun for ELT_postgresql to 2026-02-21 00:00:00+00:00, run_after=2026-02-22 00:00:00+00:00
[2026-02-21T12:32:53.147+0000] {processor.py:208} INFO - Processing /opt/airflow/dags/ETL_postgresql_dag/etl_postgresql.py took 1.064 seconds
[2026-02-21T12:34:11.196+0000] {processor.py:186} INFO - Started process (PID=56) to work on /opt/airflow/dags/ETL_postgresql_dag/etl_postgresql.py
[2026-02-21T12:34:11.199+0000] {processor.py:914} INFO - Processing file /opt/airflow/dags/ETL_postgresql_dag/etl_postgresql.py for tasks to queue
[2026-02-21T12:34:11.204+0000] {logging_mixin.py:190} INFO - [2026-02-21T12:34:11.204+0000] {dagbag.py:588} INFO - Filling up the DagBag from /opt/airflow/dags/ETL_postgresql_dag/etl_postgresql.py
[2026-02-21T12:34:11.267+0000] {processor.py:925} INFO - DAG(s) 'ELT_postgresql' retrieved from /opt/airflow/dags/ETL_postgresql_dag/etl_postgresql.py
[2026-02-21T12:34:11.329+0000] {logging_mixin.py:190} INFO - [2026-02-21T12:34:11.328+0000] {dag.py:3239} INFO - Sync 1 DAGs
[2026-02-21T12:34:11.395+0000] {logging_mixin.py:190} INFO - [2026-02-21T12:34:11.395+0000] {dag.py:4180} INFO - Setting next_dagrun for ELT_postgresql to 2026-02-21 00:00:00+00:00, run_after=2026-02-22 00:00:00+00:00
[2026-02-21T12:34:11.453+0000] {processor.py:208} INFO - Processing /opt/airflow/dags/ETL_postgresql_dag/etl_postgresql.py took 0.271 seconds
[2026-02-21T12:34:41.824+0000] {processor.py:186} INFO - Started process (PID=121) to work on /opt/airflow/dags/ETL_postgresql_dag/etl_postgresql.py
[2026-02-21T12:34:41.827+0000] {processor.py:914} INFO - Processing file /opt/airflow/dags/ETL_postgresql_dag/etl_postgresql.py for tasks to queue
[2026-02-21T12:34:41.837+0000] {logging_mixin.py:190} INFO - [2026-02-21T12:34:41.836+0000] {dagbag.py:588} INFO - Filling up the DagBag from /opt/airflow/dags/ETL_postgresql_dag/etl_postgresql.py
[2026-02-21T12:34:41.918+0000] {processor.py:925} INFO - DAG(s) 'ELT_postgresql' retrieved from /opt/airflow/dags/ETL_postgresql_dag/etl_postgresql.py
[2026-02-21T12:34:41.983+0000] {logging_mixin.py:190} INFO - [2026-02-21T12:34:41.982+0000] {dag.py:3239} INFO - Sync 1 DAGs
[2026-02-21T12:34:42.065+0000] {logging_mixin.py:190} INFO - [2026-02-21T12:34:42.064+0000] {dag.py:4180} INFO - Setting next_dagrun for ELT_postgresql to 2026-02-21 00:00:00+00:00, run_after=2026-02-22 00:00:00+00:00
[2026-02-21T12:34:42.140+0000] {processor.py:208} INFO - Processing /opt/airflow/dags/ETL_postgresql_dag/etl_postgresql.py took 0.330 seconds
[2026-02-21T12:35:12.534+0000] {processor.py:186} INFO - Started process (PID=186) to work on /opt/airflow/dags/ETL_postgresql_dag/etl_postgresql.py
[2026-02-21T12:35:12.537+0000] {processor.py:914} INFO - Processing file /opt/airflow/dags/ETL_postgresql_dag/etl_postgresql.py for tasks to queue
[2026-02-21T12:35:12.544+0000] {logging_mixin.py:190} INFO - [2026-02-21T12:35:12.543+0000] {dagbag.py:588} INFO - Filling up the DagBag from /opt/airflow/dags/ETL_postgresql_dag/etl_postgresql.py
[2026-02-21T12:35:12.625+0000] {processor.py:925} INFO - DAG(s) 'ELT_postgresql' retrieved from /opt/airflow/dags/ETL_postgresql_dag/etl_postgresql.py
[2026-02-21T12:35:12.692+0000] {logging_mixin.py:190} INFO - [2026-02-21T12:35:12.692+0000] {dag.py:3239} INFO - Sync 1 DAGs
[2026-02-21T12:35:12.777+0000] {logging_mixin.py:190} INFO - [2026-02-21T12:35:12.777+0000] {dag.py:4180} INFO - Setting next_dagrun for ELT_postgresql to 2026-02-21 00:00:00+00:00, run_after=2026-02-22 00:00:00+00:00
[2026-02-21T12:35:12.845+0000] {processor.py:208} INFO - Processing /opt/airflow/dags/ETL_postgresql_dag/etl_postgresql.py took 0.327 seconds
[2026-02-21T12:35:43.725+0000] {processor.py:186} INFO - Started process (PID=251) to work on /opt/airflow/dags/ETL_postgresql_dag/etl_postgresql.py
[2026-02-21T12:35:43.728+0000] {processor.py:914} INFO - Processing file /opt/airflow/dags/ETL_postgresql_dag/etl_postgresql.py for tasks to queue
[2026-02-21T12:35:43.733+0000] {logging_mixin.py:190} INFO - [2026-02-21T12:35:43.732+0000] {dagbag.py:588} INFO - Filling up the DagBag from /opt/airflow/dags/ETL_postgresql_dag/etl_postgresql.py
[2026-02-21T12:35:43.777+0000] {processor.py:925} INFO - DAG(s) 'ELT_postgresql' retrieved from /opt/airflow/dags/ETL_postgresql_dag/etl_postgresql.py
[2026-02-21T12:35:43.806+0000] {logging_mixin.py:190} INFO - [2026-02-21T12:35:43.805+0000] {dag.py:3239} INFO - Sync 1 DAGs
[2026-02-21T12:35:43.840+0000] {logging_mixin.py:190} INFO - [2026-02-21T12:35:43.839+0000] {dag.py:4180} INFO - Setting next_dagrun for ELT_postgresql to 2026-02-21 00:00:00+00:00, run_after=2026-02-22 00:00:00+00:00
[2026-02-21T12:35:43.871+0000] {processor.py:208} INFO - Processing /opt/airflow/dags/ETL_postgresql_dag/etl_postgresql.py took 0.156 seconds
[2026-02-21T12:36:19.427+0000] {processor.py:186} INFO - Started process (PID=317) to work on /opt/airflow/dags/ETL_postgresql_dag/etl_postgresql.py
[2026-02-21T12:36:19.432+0000] {processor.py:914} INFO - Processing file /opt/airflow/dags/ETL_postgresql_dag/etl_postgresql.py for tasks to queue
[2026-02-21T12:36:19.460+0000] {logging_mixin.py:190} INFO - [2026-02-21T12:36:19.459+0000] {dagbag.py:588} INFO - Filling up the DagBag from /opt/airflow/dags/ETL_postgresql_dag/etl_postgresql.py
[2026-02-21T12:36:19.761+0000] {processor.py:925} INFO - DAG(s) 'ELT_postgresql' retrieved from /opt/airflow/dags/ETL_postgresql_dag/etl_postgresql.py
[2026-02-21T12:36:19.984+0000] {logging_mixin.py:190} INFO - [2026-02-21T12:36:19.982+0000] {dag.py:3239} INFO - Sync 1 DAGs
[2026-02-21T12:36:20.191+0000] {logging_mixin.py:190} INFO - [2026-02-21T12:36:20.189+0000] {dag.py:4180} INFO - Setting next_dagrun for ELT_postgresql to 2026-02-21 00:00:00+00:00, run_after=2026-02-22 00:00:00+00:00
[2026-02-21T12:36:20.317+0000] {processor.py:208} INFO - Processing /opt/airflow/dags/ETL_postgresql_dag/etl_postgresql.py took 0.927 seconds
[2026-02-21T12:36:53.609+0000] {processor.py:186} INFO - Started process (PID=370) to work on /opt/airflow/dags/ETL_postgresql_dag/etl_postgresql.py
[2026-02-21T12:36:53.620+0000] {processor.py:914} INFO - Processing file /opt/airflow/dags/ETL_postgresql_dag/etl_postgresql.py for tasks to queue
[2026-02-21T12:36:53.633+0000] {logging_mixin.py:190} INFO - [2026-02-21T12:36:53.631+0000] {dagbag.py:588} INFO - Filling up the DagBag from /opt/airflow/dags/ETL_postgresql_dag/etl_postgresql.py
[2026-02-21T12:36:53.824+0000] {processor.py:925} INFO - DAG(s) 'ELT_postgresql' retrieved from /opt/airflow/dags/ETL_postgresql_dag/etl_postgresql.py
[2026-02-21T12:36:53.959+0000] {logging_mixin.py:190} INFO - [2026-02-21T12:36:53.957+0000] {dag.py:3239} INFO - Sync 1 DAGs
[2026-02-21T12:36:54.130+0000] {logging_mixin.py:190} INFO - [2026-02-21T12:36:54.127+0000] {dag.py:4180} INFO - Setting next_dagrun for ELT_postgresql to 2026-02-21 00:00:00+00:00, run_after=2026-02-22 00:00:00+00:00
[2026-02-21T12:36:54.248+0000] {processor.py:208} INFO - Processing /opt/airflow/dags/ETL_postgresql_dag/etl_postgresql.py took 0.670 seconds
[2026-02-21T12:37:24.624+0000] {processor.py:186} INFO - Started process (PID=444) to work on /opt/airflow/dags/ETL_postgresql_dag/etl_postgresql.py
[2026-02-21T12:37:24.627+0000] {processor.py:914} INFO - Processing file /opt/airflow/dags/ETL_postgresql_dag/etl_postgresql.py for tasks to queue
[2026-02-21T12:37:24.633+0000] {logging_mixin.py:190} INFO - [2026-02-21T12:37:24.632+0000] {dagbag.py:588} INFO - Filling up the DagBag from /opt/airflow/dags/ETL_postgresql_dag/etl_postgresql.py
[2026-02-21T12:37:24.712+0000] {processor.py:925} INFO - DAG(s) 'ELT_postgresql' retrieved from /opt/airflow/dags/ETL_postgresql_dag/etl_postgresql.py
[2026-02-21T12:37:24.777+0000] {logging_mixin.py:190} INFO - [2026-02-21T12:37:24.776+0000] {dag.py:3239} INFO - Sync 1 DAGs
[2026-02-21T12:37:24.867+0000] {logging_mixin.py:190} INFO - [2026-02-21T12:37:24.866+0000] {dag.py:4180} INFO - Setting next_dagrun for ELT_postgresql to 2026-02-21 00:00:00+00:00, run_after=2026-02-22 00:00:00+00:00
[2026-02-21T12:37:24.952+0000] {processor.py:208} INFO - Processing /opt/airflow/dags/ETL_postgresql_dag/etl_postgresql.py took 0.345 seconds
[2026-02-21T12:37:55.651+0000] {processor.py:186} INFO - Started process (PID=509) to work on /opt/airflow/dags/ETL_postgresql_dag/etl_postgresql.py
[2026-02-21T12:37:55.654+0000] {processor.py:914} INFO - Processing file /opt/airflow/dags/ETL_postgresql_dag/etl_postgresql.py for tasks to queue
[2026-02-21T12:37:55.662+0000] {logging_mixin.py:190} INFO - [2026-02-21T12:37:55.661+0000] {dagbag.py:588} INFO - Filling up the DagBag from /opt/airflow/dags/ETL_postgresql_dag/etl_postgresql.py
[2026-02-21T12:37:55.735+0000] {processor.py:925} INFO - DAG(s) 'ELT_postgresql' retrieved from /opt/airflow/dags/ETL_postgresql_dag/etl_postgresql.py
[2026-02-21T12:37:55.795+0000] {logging_mixin.py:190} INFO - [2026-02-21T12:37:55.793+0000] {dag.py:3239} INFO - Sync 1 DAGs
[2026-02-21T12:37:55.874+0000] {logging_mixin.py:190} INFO - [2026-02-21T12:37:55.873+0000] {dag.py:4180} INFO - Setting next_dagrun for ELT_postgresql to 2026-02-21 00:00:00+00:00, run_after=2026-02-22 00:00:00+00:00
[2026-02-21T12:37:55.937+0000] {processor.py:208} INFO - Processing /opt/airflow/dags/ETL_postgresql_dag/etl_postgresql.py took 0.310 seconds
[2026-02-21T12:38:28.345+0000] {processor.py:186} INFO - Started process (PID=574) to work on /opt/airflow/dags/ETL_postgresql_dag/etl_postgresql.py
[2026-02-21T12:38:28.351+0000] {processor.py:914} INFO - Processing file /opt/airflow/dags/ETL_postgresql_dag/etl_postgresql.py for tasks to queue
[2026-02-21T12:38:28.363+0000] {logging_mixin.py:190} INFO - [2026-02-21T12:38:28.361+0000] {dagbag.py:588} INFO - Filling up the DagBag from /opt/airflow/dags/ETL_postgresql_dag/etl_postgresql.py
[2026-02-21T12:38:28.489+0000] {processor.py:925} INFO - DAG(s) 'ELT_postgresql' retrieved from /opt/airflow/dags/ETL_postgresql_dag/etl_postgresql.py
[2026-02-21T12:38:28.581+0000] {logging_mixin.py:190} INFO - [2026-02-21T12:38:28.579+0000] {dag.py:3239} INFO - Sync 1 DAGs
[2026-02-21T12:38:28.694+0000] {logging_mixin.py:190} INFO - [2026-02-21T12:38:28.693+0000] {dag.py:4180} INFO - Setting next_dagrun for ELT_postgresql to 2026-02-21 00:00:00+00:00, run_after=2026-02-22 00:00:00+00:00
[2026-02-21T12:38:28.778+0000] {processor.py:208} INFO - Processing /opt/airflow/dags/ETL_postgresql_dag/etl_postgresql.py took 0.460 seconds
[2026-02-21T12:38:59.147+0000] {processor.py:186} INFO - Started process (PID=639) to work on /opt/airflow/dags/ETL_postgresql_dag/etl_postgresql.py
[2026-02-21T12:38:59.151+0000] {processor.py:914} INFO - Processing file /opt/airflow/dags/ETL_postgresql_dag/etl_postgresql.py for tasks to queue
[2026-02-21T12:38:59.160+0000] {logging_mixin.py:190} INFO - [2026-02-21T12:38:59.159+0000] {dagbag.py:588} INFO - Filling up the DagBag from /opt/airflow/dags/ETL_postgresql_dag/etl_postgresql.py
[2026-02-21T12:38:59.250+0000] {processor.py:925} INFO - DAG(s) 'ELT_postgresql' retrieved from /opt/airflow/dags/ETL_postgresql_dag/etl_postgresql.py
[2026-02-21T12:38:59.334+0000] {logging_mixin.py:190} INFO - [2026-02-21T12:38:59.331+0000] {dag.py:3239} INFO - Sync 1 DAGs
[2026-02-21T12:38:59.482+0000] {logging_mixin.py:190} INFO - [2026-02-21T12:38:59.481+0000] {dag.py:4180} INFO - Setting next_dagrun for ELT_postgresql to 2026-02-21 00:00:00+00:00, run_after=2026-02-22 00:00:00+00:00
[2026-02-21T12:38:59.578+0000] {processor.py:208} INFO - Processing /opt/airflow/dags/ETL_postgresql_dag/etl_postgresql.py took 0.456 seconds
[2026-02-21T12:39:32.272+0000] {processor.py:186} INFO - Started process (PID=702) to work on /opt/airflow/dags/ETL_postgresql_dag/etl_postgresql.py
[2026-02-21T12:39:32.289+0000] {processor.py:914} INFO - Processing file /opt/airflow/dags/ETL_postgresql_dag/etl_postgresql.py for tasks to queue
[2026-02-21T12:39:32.342+0000] {logging_mixin.py:190} INFO - [2026-02-21T12:39:32.328+0000] {dagbag.py:588} INFO - Filling up the DagBag from /opt/airflow/dags/ETL_postgresql_dag/etl_postgresql.py
[2026-02-21T12:39:32.710+0000] {processor.py:925} INFO - DAG(s) 'ELT_postgresql' retrieved from /opt/airflow/dags/ETL_postgresql_dag/etl_postgresql.py
[2026-02-21T12:39:32.968+0000] {logging_mixin.py:190} INFO - [2026-02-21T12:39:32.967+0000] {dag.py:3239} INFO - Sync 1 DAGs
[2026-02-21T12:39:33.296+0000] {logging_mixin.py:190} INFO - [2026-02-21T12:39:33.295+0000] {dag.py:4180} INFO - Setting next_dagrun for ELT_postgresql to 2026-02-21 00:00:00+00:00, run_after=2026-02-22 00:00:00+00:00
[2026-02-21T12:39:33.489+0000] {processor.py:208} INFO - Processing /opt/airflow/dags/ETL_postgresql_dag/etl_postgresql.py took 1.368 seconds
[2026-02-21T12:41:23.900+0000] {processor.py:186} INFO - Started process (PID=778) to work on /opt/airflow/dags/ETL_postgresql_dag/etl_postgresql.py
[2026-02-21T12:41:23.907+0000] {processor.py:914} INFO - Processing file /opt/airflow/dags/ETL_postgresql_dag/etl_postgresql.py for tasks to queue
[2026-02-21T12:41:23.923+0000] {logging_mixin.py:190} INFO - [2026-02-21T12:41:23.921+0000] {dagbag.py:588} INFO - Filling up the DagBag from /opt/airflow/dags/ETL_postgresql_dag/etl_postgresql.py
[2026-02-21T12:41:24.172+0000] {processor.py:925} INFO - DAG(s) 'ELT_postgresql' retrieved from /opt/airflow/dags/ETL_postgresql_dag/etl_postgresql.py
[2026-02-21T12:41:24.347+0000] {logging_mixin.py:190} INFO - [2026-02-21T12:41:24.337+0000] {dag.py:3239} INFO - Sync 1 DAGs
[2026-02-21T12:41:24.638+0000] {logging_mixin.py:190} INFO - [2026-02-21T12:41:24.636+0000] {dag.py:4180} INFO - Setting next_dagrun for ELT_postgresql to 2026-02-21 00:00:00+00:00, run_after=2026-02-22 00:00:00+00:00
[2026-02-21T12:41:24.792+0000] {processor.py:208} INFO - Processing /opt/airflow/dags/ETL_postgresql_dag/etl_postgresql.py took 0.961 seconds
[2026-02-21T12:41:55.237+0000] {processor.py:186} INFO - Started process (PID=843) to work on /opt/airflow/dags/ETL_postgresql_dag/etl_postgresql.py
[2026-02-21T12:41:55.242+0000] {processor.py:914} INFO - Processing file /opt/airflow/dags/ETL_postgresql_dag/etl_postgresql.py for tasks to queue
[2026-02-21T12:41:55.251+0000] {logging_mixin.py:190} INFO - [2026-02-21T12:41:55.249+0000] {dagbag.py:588} INFO - Filling up the DagBag from /opt/airflow/dags/ETL_postgresql_dag/etl_postgresql.py
[2026-02-21T12:41:55.368+0000] {processor.py:925} INFO - DAG(s) 'ELT_postgresql' retrieved from /opt/airflow/dags/ETL_postgresql_dag/etl_postgresql.py
[2026-02-21T12:41:55.470+0000] {logging_mixin.py:190} INFO - [2026-02-21T12:41:55.469+0000] {dag.py:3239} INFO - Sync 1 DAGs
[2026-02-21T12:41:55.611+0000] {logging_mixin.py:190} INFO - [2026-02-21T12:41:55.610+0000] {dag.py:4180} INFO - Setting next_dagrun for ELT_postgresql to 2026-02-21 00:00:00+00:00, run_after=2026-02-22 00:00:00+00:00
[2026-02-21T12:41:55.708+0000] {processor.py:208} INFO - Processing /opt/airflow/dags/ETL_postgresql_dag/etl_postgresql.py took 0.504 seconds
[2026-02-21T12:42:26.454+0000] {processor.py:186} INFO - Started process (PID=894) to work on /opt/airflow/dags/ETL_postgresql_dag/etl_postgresql.py
[2026-02-21T12:42:26.462+0000] {processor.py:914} INFO - Processing file /opt/airflow/dags/ETL_postgresql_dag/etl_postgresql.py for tasks to queue
[2026-02-21T12:42:26.471+0000] {logging_mixin.py:190} INFO - [2026-02-21T12:42:26.469+0000] {dagbag.py:588} INFO - Filling up the DagBag from /opt/airflow/dags/ETL_postgresql_dag/etl_postgresql.py
[2026-02-21T12:42:26.675+0000] {processor.py:925} INFO - DAG(s) 'ELT_postgresql' retrieved from /opt/airflow/dags/ETL_postgresql_dag/etl_postgresql.py
[2026-02-21T12:42:26.843+0000] {logging_mixin.py:190} INFO - [2026-02-21T12:42:26.842+0000] {dag.py:3239} INFO - Sync 1 DAGs
[2026-02-21T12:42:27.141+0000] {logging_mixin.py:190} INFO - [2026-02-21T12:42:27.140+0000] {dag.py:4180} INFO - Setting next_dagrun for ELT_postgresql to 2026-02-21 00:00:00+00:00, run_after=2026-02-22 00:00:00+00:00
[2026-02-21T12:42:27.409+0000] {processor.py:208} INFO - Processing /opt/airflow/dags/ETL_postgresql_dag/etl_postgresql.py took 0.992 seconds
[2026-02-21T12:53:52.897+0000] {processor.py:186} INFO - Started process (PID=939) to work on /opt/airflow/dags/ETL_postgresql_dag/etl_postgresql.py
[2026-02-21T12:53:52.909+0000] {processor.py:914} INFO - Processing file /opt/airflow/dags/ETL_postgresql_dag/etl_postgresql.py for tasks to queue
[2026-02-21T12:53:52.930+0000] {logging_mixin.py:190} INFO - [2026-02-21T12:53:52.928+0000] {dagbag.py:588} INFO - Filling up the DagBag from /opt/airflow/dags/ETL_postgresql_dag/etl_postgresql.py
[2026-02-21T12:53:53.060+0000] {processor.py:925} INFO - DAG(s) 'ELT_postgresql' retrieved from /opt/airflow/dags/ETL_postgresql_dag/etl_postgresql.py
[2026-02-21T12:53:53.190+0000] {logging_mixin.py:190} INFO - [2026-02-21T12:53:53.189+0000] {dag.py:3239} INFO - Sync 1 DAGs
[2026-02-21T12:53:53.256+0000] {logging_mixin.py:190} INFO - [2026-02-21T12:53:53.254+0000] {dag.py:4180} INFO - Setting next_dagrun for ELT_postgresql to 2026-02-21 00:00:00+00:00, run_after=2026-02-22 00:00:00+00:00
[2026-02-21T12:53:53.375+0000] {processor.py:208} INFO - Processing /opt/airflow/dags/ETL_postgresql_dag/etl_postgresql.py took 0.511 seconds
[2026-02-21T12:54:24.372+0000] {processor.py:186} INFO - Started process (PID=1004) to work on /opt/airflow/dags/ETL_postgresql_dag/etl_postgresql.py
[2026-02-21T12:54:24.384+0000] {processor.py:914} INFO - Processing file /opt/airflow/dags/ETL_postgresql_dag/etl_postgresql.py for tasks to queue
[2026-02-21T12:54:24.411+0000] {logging_mixin.py:190} INFO - [2026-02-21T12:54:24.409+0000] {dagbag.py:588} INFO - Filling up the DagBag from /opt/airflow/dags/ETL_postgresql_dag/etl_postgresql.py
[2026-02-21T12:54:24.578+0000] {processor.py:925} INFO - DAG(s) 'ELT_postgresql' retrieved from /opt/airflow/dags/ETL_postgresql_dag/etl_postgresql.py
[2026-02-21T12:54:24.722+0000] {logging_mixin.py:190} INFO - [2026-02-21T12:54:24.721+0000] {dag.py:3239} INFO - Sync 1 DAGs
[2026-02-21T12:54:24.844+0000] {logging_mixin.py:190} INFO - [2026-02-21T12:54:24.843+0000] {dag.py:4180} INFO - Setting next_dagrun for ELT_postgresql to 2026-02-21 00:00:00+00:00, run_after=2026-02-22 00:00:00+00:00
[2026-02-21T12:54:24.939+0000] {processor.py:208} INFO - Processing /opt/airflow/dags/ETL_postgresql_dag/etl_postgresql.py took 0.606 seconds
[2026-02-21T12:54:55.425+0000] {processor.py:186} INFO - Started process (PID=1069) to work on /opt/airflow/dags/ETL_postgresql_dag/etl_postgresql.py
[2026-02-21T12:54:55.438+0000] {processor.py:914} INFO - Processing file /opt/airflow/dags/ETL_postgresql_dag/etl_postgresql.py for tasks to queue
[2026-02-21T12:54:55.453+0000] {logging_mixin.py:190} INFO - [2026-02-21T12:54:55.451+0000] {dagbag.py:588} INFO - Filling up the DagBag from /opt/airflow/dags/ETL_postgresql_dag/etl_postgresql.py
[2026-02-21T12:54:55.698+0000] {processor.py:925} INFO - DAG(s) 'ELT_postgresql' retrieved from /opt/airflow/dags/ETL_postgresql_dag/etl_postgresql.py
[2026-02-21T12:54:55.817+0000] {logging_mixin.py:190} INFO - [2026-02-21T12:54:55.816+0000] {dag.py:3239} INFO - Sync 1 DAGs
[2026-02-21T12:54:55.959+0000] {logging_mixin.py:190} INFO - [2026-02-21T12:54:55.957+0000] {dag.py:4180} INFO - Setting next_dagrun for ELT_postgresql to 2026-02-21 00:00:00+00:00, run_after=2026-02-22 00:00:00+00:00
[2026-02-21T12:54:56.081+0000] {processor.py:208} INFO - Processing /opt/airflow/dags/ETL_postgresql_dag/etl_postgresql.py took 0.682 seconds
[2026-02-21T12:55:26.733+0000] {processor.py:186} INFO - Started process (PID=1133) to work on /opt/airflow/dags/ETL_postgresql_dag/etl_postgresql.py
[2026-02-21T12:55:26.736+0000] {processor.py:914} INFO - Processing file /opt/airflow/dags/ETL_postgresql_dag/etl_postgresql.py for tasks to queue
[2026-02-21T12:55:26.740+0000] {logging_mixin.py:190} INFO - [2026-02-21T12:55:26.739+0000] {dagbag.py:588} INFO - Filling up the DagBag from /opt/airflow/dags/ETL_postgresql_dag/etl_postgresql.py
[2026-02-21T12:55:26.796+0000] {processor.py:925} INFO - DAG(s) 'ELT_postgresql' retrieved from /opt/airflow/dags/ETL_postgresql_dag/etl_postgresql.py
[2026-02-21T12:55:26.842+0000] {logging_mixin.py:190} INFO - [2026-02-21T12:55:26.841+0000] {dag.py:3239} INFO - Sync 1 DAGs
[2026-02-21T12:55:26.884+0000] {logging_mixin.py:190} INFO - [2026-02-21T12:55:26.883+0000] {dag.py:4180} INFO - Setting next_dagrun for ELT_postgresql to 2026-02-21 00:00:00+00:00, run_after=2026-02-22 00:00:00+00:00
[2026-02-21T12:55:26.927+0000] {processor.py:208} INFO - Processing /opt/airflow/dags/ETL_postgresql_dag/etl_postgresql.py took 0.204 seconds
[2026-02-21T17:10:10.095+0000] {processor.py:186} INFO - Started process (PID=1178) to work on /opt/airflow/dags/ETL_postgresql_dag/etl_postgresql.py
[2026-02-21T17:10:10.103+0000] {processor.py:914} INFO - Processing file /opt/airflow/dags/ETL_postgresql_dag/etl_postgresql.py for tasks to queue
[2026-02-21T17:10:10.118+0000] {logging_mixin.py:190} INFO - [2026-02-21T17:10:10.117+0000] {dagbag.py:588} INFO - Filling up the DagBag from /opt/airflow/dags/ETL_postgresql_dag/etl_postgresql.py
[2026-02-21T17:10:10.297+0000] {processor.py:925} INFO - DAG(s) 'ELT_postgresql' retrieved from /opt/airflow/dags/ETL_postgresql_dag/etl_postgresql.py
[2026-02-21T17:10:10.622+0000] {logging_mixin.py:190} INFO - [2026-02-21T17:10:10.621+0000] {dag.py:3239} INFO - Sync 1 DAGs
[2026-02-21T17:10:10.854+0000] {logging_mixin.py:190} INFO - [2026-02-21T17:10:10.853+0000] {dag.py:4180} INFO - Setting next_dagrun for ELT_postgresql to 2026-02-21 00:00:00+00:00, run_after=2026-02-22 00:00:00+00:00
[2026-02-21T17:10:10.986+0000] {processor.py:208} INFO - Processing /opt/airflow/dags/ETL_postgresql_dag/etl_postgresql.py took 0.951 seconds
[2026-02-21T17:10:42.140+0000] {processor.py:186} INFO - Started process (PID=1243) to work on /opt/airflow/dags/ETL_postgresql_dag/etl_postgresql.py
[2026-02-21T17:10:42.143+0000] {processor.py:914} INFO - Processing file /opt/airflow/dags/ETL_postgresql_dag/etl_postgresql.py for tasks to queue
[2026-02-21T17:10:42.154+0000] {logging_mixin.py:190} INFO - [2026-02-21T17:10:42.153+0000] {dagbag.py:588} INFO - Filling up the DagBag from /opt/airflow/dags/ETL_postgresql_dag/etl_postgresql.py
[2026-02-21T17:10:42.231+0000] {processor.py:925} INFO - DAG(s) 'ELT_postgresql' retrieved from /opt/airflow/dags/ETL_postgresql_dag/etl_postgresql.py
[2026-02-21T17:10:42.284+0000] {logging_mixin.py:190} INFO - [2026-02-21T17:10:42.284+0000] {dag.py:3239} INFO - Sync 1 DAGs
[2026-02-21T17:10:42.345+0000] {logging_mixin.py:190} INFO - [2026-02-21T17:10:42.344+0000] {dag.py:4180} INFO - Setting next_dagrun for ELT_postgresql to 2026-02-21 00:00:00+00:00, run_after=2026-02-22 00:00:00+00:00
[2026-02-21T17:10:42.404+0000] {processor.py:208} INFO - Processing /opt/airflow/dags/ETL_postgresql_dag/etl_postgresql.py took 0.284 seconds
[2026-02-21T17:11:12.924+0000] {processor.py:186} INFO - Started process (PID=1308) to work on /opt/airflow/dags/ETL_postgresql_dag/etl_postgresql.py
[2026-02-21T17:11:12.925+0000] {processor.py:914} INFO - Processing file /opt/airflow/dags/ETL_postgresql_dag/etl_postgresql.py for tasks to queue
[2026-02-21T17:11:12.929+0000] {logging_mixin.py:190} INFO - [2026-02-21T17:11:12.929+0000] {dagbag.py:588} INFO - Filling up the DagBag from /opt/airflow/dags/ETL_postgresql_dag/etl_postgresql.py
[2026-02-21T17:11:12.975+0000] {processor.py:925} INFO - DAG(s) 'ELT_postgresql' retrieved from /opt/airflow/dags/ETL_postgresql_dag/etl_postgresql.py
[2026-02-21T17:11:13.002+0000] {logging_mixin.py:190} INFO - [2026-02-21T17:11:13.002+0000] {dag.py:3239} INFO - Sync 1 DAGs
[2026-02-21T17:11:13.033+0000] {logging_mixin.py:190} INFO - [2026-02-21T17:11:13.033+0000] {dag.py:4180} INFO - Setting next_dagrun for ELT_postgresql to 2026-02-21 00:00:00+00:00, run_after=2026-02-22 00:00:00+00:00
[2026-02-21T17:11:13.060+0000] {processor.py:208} INFO - Processing /opt/airflow/dags/ETL_postgresql_dag/etl_postgresql.py took 0.144 seconds
[2026-02-21T17:11:43.490+0000] {processor.py:186} INFO - Started process (PID=1373) to work on /opt/airflow/dags/ETL_postgresql_dag/etl_postgresql.py
[2026-02-21T17:11:43.491+0000] {processor.py:914} INFO - Processing file /opt/airflow/dags/ETL_postgresql_dag/etl_postgresql.py for tasks to queue
[2026-02-21T17:11:43.495+0000] {logging_mixin.py:190} INFO - [2026-02-21T17:11:43.494+0000] {dagbag.py:588} INFO - Filling up the DagBag from /opt/airflow/dags/ETL_postgresql_dag/etl_postgresql.py
[2026-02-21T17:11:43.536+0000] {processor.py:925} INFO - DAG(s) 'ELT_postgresql' retrieved from /opt/airflow/dags/ETL_postgresql_dag/etl_postgresql.py
[2026-02-21T17:11:43.566+0000] {logging_mixin.py:190} INFO - [2026-02-21T17:11:43.566+0000] {dag.py:3239} INFO - Sync 1 DAGs
[2026-02-21T17:11:43.594+0000] {logging_mixin.py:190} INFO - [2026-02-21T17:11:43.593+0000] {dag.py:4180} INFO - Setting next_dagrun for ELT_postgresql to 2026-02-21 00:00:00+00:00, run_after=2026-02-22 00:00:00+00:00
[2026-02-21T17:11:43.622+0000] {processor.py:208} INFO - Processing /opt/airflow/dags/ETL_postgresql_dag/etl_postgresql.py took 0.140 seconds
[2026-02-21T17:12:14.793+0000] {processor.py:186} INFO - Started process (PID=1436) to work on /opt/airflow/dags/ETL_postgresql_dag/etl_postgresql.py
[2026-02-21T17:12:14.796+0000] {processor.py:914} INFO - Processing file /opt/airflow/dags/ETL_postgresql_dag/etl_postgresql.py for tasks to queue
[2026-02-21T17:12:14.807+0000] {logging_mixin.py:190} INFO - [2026-02-21T17:12:14.806+0000] {dagbag.py:588} INFO - Filling up the DagBag from /opt/airflow/dags/ETL_postgresql_dag/etl_postgresql.py
[2026-02-21T17:12:14.938+0000] {processor.py:925} INFO - DAG(s) 'ELT_postgresql' retrieved from /opt/airflow/dags/ETL_postgresql_dag/etl_postgresql.py
[2026-02-21T17:12:15.039+0000] {logging_mixin.py:190} INFO - [2026-02-21T17:12:15.038+0000] {dag.py:3239} INFO - Sync 1 DAGs
[2026-02-21T17:12:15.143+0000] {logging_mixin.py:190} INFO - [2026-02-21T17:12:15.142+0000] {dag.py:4180} INFO - Setting next_dagrun for ELT_postgresql to 2026-02-21 00:00:00+00:00, run_after=2026-02-22 00:00:00+00:00
[2026-02-21T17:12:15.251+0000] {processor.py:208} INFO - Processing /opt/airflow/dags/ETL_postgresql_dag/etl_postgresql.py took 0.477 seconds
[2026-02-21T17:12:45.921+0000] {processor.py:186} INFO - Started process (PID=1502) to work on /opt/airflow/dags/ETL_postgresql_dag/etl_postgresql.py
[2026-02-21T17:12:45.922+0000] {processor.py:914} INFO - Processing file /opt/airflow/dags/ETL_postgresql_dag/etl_postgresql.py for tasks to queue
[2026-02-21T17:12:45.925+0000] {logging_mixin.py:190} INFO - [2026-02-21T17:12:45.924+0000] {dagbag.py:588} INFO - Filling up the DagBag from /opt/airflow/dags/ETL_postgresql_dag/etl_postgresql.py
[2026-02-21T17:12:45.958+0000] {processor.py:925} INFO - DAG(s) 'ELT_postgresql' retrieved from /opt/airflow/dags/ETL_postgresql_dag/etl_postgresql.py
[2026-02-21T17:12:45.990+0000] {logging_mixin.py:190} INFO - [2026-02-21T17:12:45.990+0000] {dag.py:3239} INFO - Sync 1 DAGs
[2026-02-21T17:12:46.016+0000] {logging_mixin.py:190} INFO - [2026-02-21T17:12:46.015+0000] {dag.py:4180} INFO - Setting next_dagrun for ELT_postgresql to 2026-02-21 00:00:00+00:00, run_after=2026-02-22 00:00:00+00:00
[2026-02-21T17:12:46.042+0000] {processor.py:208} INFO - Processing /opt/airflow/dags/ETL_postgresql_dag/etl_postgresql.py took 0.127 seconds
[2026-02-21T17:13:16.330+0000] {processor.py:186} INFO - Started process (PID=1561) to work on /opt/airflow/dags/ETL_postgresql_dag/etl_postgresql.py
[2026-02-21T17:13:16.333+0000] {processor.py:914} INFO - Processing file /opt/airflow/dags/ETL_postgresql_dag/etl_postgresql.py for tasks to queue
[2026-02-21T17:13:16.337+0000] {logging_mixin.py:190} INFO - [2026-02-21T17:13:16.336+0000] {dagbag.py:588} INFO - Filling up the DagBag from /opt/airflow/dags/ETL_postgresql_dag/etl_postgresql.py
[2026-02-21T17:13:16.392+0000] {processor.py:925} INFO - DAG(s) 'ELT_postgresql' retrieved from /opt/airflow/dags/ETL_postgresql_dag/etl_postgresql.py
[2026-02-21T17:13:16.427+0000] {logging_mixin.py:190} INFO - [2026-02-21T17:13:16.426+0000] {dag.py:3239} INFO - Sync 1 DAGs
[2026-02-21T17:13:16.458+0000] {logging_mixin.py:190} INFO - [2026-02-21T17:13:16.458+0000] {dag.py:4180} INFO - Setting next_dagrun for ELT_postgresql to 2026-02-21 00:00:00+00:00, run_after=2026-02-22 00:00:00+00:00
[2026-02-21T17:13:16.494+0000] {processor.py:208} INFO - Processing /opt/airflow/dags/ETL_postgresql_dag/etl_postgresql.py took 0.173 seconds
[2026-02-21T19:41:11.905+0000] {processor.py:186} INFO - Started process (PID=1625) to work on /opt/airflow/dags/ETL_postgresql_dag/etl_postgresql.py
[2026-02-21T19:41:11.909+0000] {processor.py:914} INFO - Processing file /opt/airflow/dags/ETL_postgresql_dag/etl_postgresql.py for tasks to queue
[2026-02-21T19:41:11.948+0000] {logging_mixin.py:190} INFO - [2026-02-21T19:41:11.947+0000] {dagbag.py:588} INFO - Filling up the DagBag from /opt/airflow/dags/ETL_postgresql_dag/etl_postgresql.py
[2026-02-21T19:41:12.162+0000] {processor.py:925} INFO - DAG(s) 'ELT_postgresql' retrieved from /opt/airflow/dags/ETL_postgresql_dag/etl_postgresql.py
[2026-02-21T19:41:12.293+0000] {logging_mixin.py:190} INFO - [2026-02-21T19:41:12.292+0000] {dag.py:3239} INFO - Sync 1 DAGs
[2026-02-21T19:41:12.374+0000] {logging_mixin.py:190} INFO - [2026-02-21T19:41:12.373+0000] {dag.py:4180} INFO - Setting next_dagrun for ELT_postgresql to 2026-02-21 00:00:00+00:00, run_after=2026-02-22 00:00:00+00:00
[2026-02-21T19:41:12.449+0000] {processor.py:208} INFO - Processing /opt/airflow/dags/ETL_postgresql_dag/etl_postgresql.py took 0.625 seconds
[2026-02-21T19:41:44.055+0000] {processor.py:186} INFO - Started process (PID=2282) to work on /opt/airflow/dags/ETL_postgresql_dag/etl_postgresql.py
[2026-02-21T19:41:44.060+0000] {processor.py:914} INFO - Processing file /opt/airflow/dags/ETL_postgresql_dag/etl_postgresql.py for tasks to queue
[2026-02-21T19:41:44.066+0000] {logging_mixin.py:190} INFO - [2026-02-21T19:41:44.064+0000] {dagbag.py:588} INFO - Filling up the DagBag from /opt/airflow/dags/ETL_postgresql_dag/etl_postgresql.py
[2026-02-21T19:41:44.189+0000] {processor.py:925} INFO - DAG(s) 'ELT_postgresql' retrieved from /opt/airflow/dags/ETL_postgresql_dag/etl_postgresql.py
[2026-02-21T19:41:44.314+0000] {logging_mixin.py:190} INFO - [2026-02-21T19:41:44.313+0000] {dag.py:3239} INFO - Sync 1 DAGs
[2026-02-21T19:41:44.442+0000] {logging_mixin.py:190} INFO - [2026-02-21T19:41:44.441+0000] {dag.py:4180} INFO - Setting next_dagrun for ELT_postgresql to 2026-02-21 00:00:00+00:00, run_after=2026-02-22 00:00:00+00:00
[2026-02-21T19:41:44.559+0000] {processor.py:208} INFO - Processing /opt/airflow/dags/ETL_postgresql_dag/etl_postgresql.py took 0.538 seconds
[2026-02-21T20:16:51.682+0000] {processor.py:186} INFO - Started process (PID=2350) to work on /opt/airflow/dags/ETL_postgresql_dag/etl_postgresql.py
[2026-02-21T20:16:51.696+0000] {processor.py:914} INFO - Processing file /opt/airflow/dags/ETL_postgresql_dag/etl_postgresql.py for tasks to queue
[2026-02-21T20:16:51.709+0000] {logging_mixin.py:190} INFO - [2026-02-21T20:16:51.707+0000] {dagbag.py:588} INFO - Filling up the DagBag from /opt/airflow/dags/ETL_postgresql_dag/etl_postgresql.py
[2026-02-21T20:16:52.113+0000] {processor.py:925} INFO - DAG(s) 'ELT_postgresql' retrieved from /opt/airflow/dags/ETL_postgresql_dag/etl_postgresql.py
[2026-02-21T20:16:52.540+0000] {logging_mixin.py:190} INFO - [2026-02-21T20:16:52.538+0000] {dag.py:3239} INFO - Sync 1 DAGs
[2026-02-21T20:16:53.013+0000] {logging_mixin.py:190} INFO - [2026-02-21T20:16:53.011+0000] {dag.py:4180} INFO - Setting next_dagrun for ELT_postgresql to 2026-02-21 00:00:00+00:00, run_after=2026-02-22 00:00:00+00:00
[2026-02-21T20:16:53.228+0000] {processor.py:208} INFO - Processing /opt/airflow/dags/ETL_postgresql_dag/etl_postgresql.py took 1.594 seconds
[2026-02-21T20:59:02.277+0000] {processor.py:186} INFO - Started process (PID=2382) to work on /opt/airflow/dags/ETL_postgresql_dag/etl_postgresql.py
[2026-02-21T20:59:02.286+0000] {processor.py:914} INFO - Processing file /opt/airflow/dags/ETL_postgresql_dag/etl_postgresql.py for tasks to queue
[2026-02-21T20:59:02.318+0000] {logging_mixin.py:190} INFO - [2026-02-21T20:59:02.311+0000] {dagbag.py:588} INFO - Filling up the DagBag from /opt/airflow/dags/ETL_postgresql_dag/etl_postgresql.py
[2026-02-21T20:59:02.779+0000] {processor.py:925} INFO - DAG(s) 'ELT_postgresql' retrieved from /opt/airflow/dags/ETL_postgresql_dag/etl_postgresql.py
[2026-02-21T20:59:03.184+0000] {logging_mixin.py:190} INFO - [2026-02-21T20:59:03.180+0000] {dag.py:3239} INFO - Sync 1 DAGs
[2026-02-21T20:59:04.067+0000] {logging_mixin.py:190} INFO - [2026-02-21T20:59:04.057+0000] {dag.py:4180} INFO - Setting next_dagrun for ELT_postgresql to 2026-02-21 00:00:00+00:00, run_after=2026-02-22 00:00:00+00:00
[2026-02-21T20:59:04.639+0000] {processor.py:208} INFO - Processing /opt/airflow/dags/ETL_postgresql_dag/etl_postgresql.py took 2.440 seconds
[2026-02-21T21:00:17.006+0000] {processor.py:186} INFO - Started process (PID=2453) to work on /opt/airflow/dags/ETL_postgresql_dag/etl_postgresql.py
[2026-02-21T21:00:17.016+0000] {processor.py:914} INFO - Processing file /opt/airflow/dags/ETL_postgresql_dag/etl_postgresql.py for tasks to queue
[2026-02-21T21:00:17.033+0000] {logging_mixin.py:190} INFO - [2026-02-21T21:00:17.031+0000] {dagbag.py:588} INFO - Filling up the DagBag from /opt/airflow/dags/ETL_postgresql_dag/etl_postgresql.py
[2026-02-21T21:00:17.433+0000] {processor.py:925} INFO - DAG(s) 'ELT_postgresql' retrieved from /opt/airflow/dags/ETL_postgresql_dag/etl_postgresql.py
[2026-02-21T21:00:17.580+0000] {logging_mixin.py:190} INFO - [2026-02-21T21:00:17.579+0000] {dag.py:3239} INFO - Sync 1 DAGs
[2026-02-21T21:00:17.895+0000] {logging_mixin.py:190} INFO - [2026-02-21T21:00:17.894+0000] {dag.py:4180} INFO - Setting next_dagrun for ELT_postgresql to 2026-02-21 00:00:00+00:00, run_after=2026-02-22 00:00:00+00:00
[2026-02-21T21:00:18.106+0000] {processor.py:208} INFO - Processing /opt/airflow/dags/ETL_postgresql_dag/etl_postgresql.py took 1.139 seconds
[2026-02-21T21:00:50.387+0000] {processor.py:186} INFO - Started process (PID=2497) to work on /opt/airflow/dags/ETL_postgresql_dag/etl_postgresql.py
[2026-02-21T21:00:50.399+0000] {processor.py:914} INFO - Processing file /opt/airflow/dags/ETL_postgresql_dag/etl_postgresql.py for tasks to queue
[2026-02-21T21:00:50.432+0000] {logging_mixin.py:190} INFO - [2026-02-21T21:00:50.428+0000] {dagbag.py:588} INFO - Filling up the DagBag from /opt/airflow/dags/ETL_postgresql_dag/etl_postgresql.py
[2026-02-21T21:00:50.785+0000] {processor.py:925} INFO - DAG(s) 'ELT_postgresql' retrieved from /opt/airflow/dags/ETL_postgresql_dag/etl_postgresql.py
[2026-02-21T21:00:50.958+0000] {logging_mixin.py:190} INFO - [2026-02-21T21:00:50.957+0000] {dag.py:3239} INFO - Sync 1 DAGs
[2026-02-21T21:00:51.205+0000] {logging_mixin.py:190} INFO - [2026-02-21T21:00:51.204+0000] {dag.py:4180} INFO - Setting next_dagrun for ELT_postgresql to 2026-02-21 00:00:00+00:00, run_after=2026-02-22 00:00:00+00:00
[2026-02-21T21:00:51.403+0000] {processor.py:208} INFO - Processing /opt/airflow/dags/ETL_postgresql_dag/etl_postgresql.py took 1.094 seconds
[2026-02-21T21:09:20.345+0000] {processor.py:186} INFO - Started process (PID=2553) to work on /opt/airflow/dags/ETL_postgresql_dag/etl_postgresql.py
[2026-02-21T21:09:20.391+0000] {processor.py:914} INFO - Processing file /opt/airflow/dags/ETL_postgresql_dag/etl_postgresql.py for tasks to queue
[2026-02-21T21:09:20.412+0000] {logging_mixin.py:190} INFO - [2026-02-21T21:09:20.411+0000] {dagbag.py:588} INFO - Filling up the DagBag from /opt/airflow/dags/ETL_postgresql_dag/etl_postgresql.py
[2026-02-21T21:09:20.864+0000] {processor.py:925} INFO - DAG(s) 'ELT_postgresql' retrieved from /opt/airflow/dags/ETL_postgresql_dag/etl_postgresql.py
[2026-02-21T21:09:21.321+0000] {logging_mixin.py:190} INFO - [2026-02-21T21:09:21.320+0000] {dag.py:3239} INFO - Sync 1 DAGs
[2026-02-21T21:09:21.733+0000] {logging_mixin.py:190} INFO - [2026-02-21T21:09:21.718+0000] {dag.py:4180} INFO - Setting next_dagrun for ELT_postgresql to 2026-02-21 00:00:00+00:00, run_after=2026-02-22 00:00:00+00:00
[2026-02-21T21:09:22.088+0000] {processor.py:208} INFO - Processing /opt/airflow/dags/ETL_postgresql_dag/etl_postgresql.py took 1.828 seconds
[2026-02-21T21:34:06.666+0000] {processor.py:186} INFO - Started process (PID=2600) to work on /opt/airflow/dags/ETL_postgresql_dag/etl_postgresql.py
[2026-02-21T21:34:06.684+0000] {processor.py:914} INFO - Processing file /opt/airflow/dags/ETL_postgresql_dag/etl_postgresql.py for tasks to queue
[2026-02-21T21:34:06.705+0000] {logging_mixin.py:190} INFO - [2026-02-21T21:34:06.702+0000] {dagbag.py:588} INFO - Filling up the DagBag from /opt/airflow/dags/ETL_postgresql_dag/etl_postgresql.py
[2026-02-21T21:34:07.234+0000] {processor.py:925} INFO - DAG(s) 'ELT_postgresql' retrieved from /opt/airflow/dags/ETL_postgresql_dag/etl_postgresql.py
[2026-02-21T21:34:08.801+0000] {logging_mixin.py:190} INFO - [2026-02-21T21:34:08.787+0000] {dag.py:3239} INFO - Sync 1 DAGs
[2026-02-21T21:34:09.062+0000] {logging_mixin.py:190} INFO - [2026-02-21T21:34:09.060+0000] {dag.py:4180} INFO - Setting next_dagrun for ELT_postgresql to 2026-02-21 00:00:00+00:00, run_after=2026-02-22 00:00:00+00:00
[2026-02-21T21:34:09.234+0000] {processor.py:208} INFO - Processing /opt/airflow/dags/ETL_postgresql_dag/etl_postgresql.py took 2.627 seconds
[2026-02-21T21:35:41.689+0000] {processor.py:186} INFO - Started process (PID=2668) to work on /opt/airflow/dags/ETL_postgresql_dag/etl_postgresql.py
[2026-02-21T21:35:41.702+0000] {processor.py:914} INFO - Processing file /opt/airflow/dags/ETL_postgresql_dag/etl_postgresql.py for tasks to queue
[2026-02-21T21:35:41.718+0000] {logging_mixin.py:190} INFO - [2026-02-21T21:35:41.715+0000] {dagbag.py:588} INFO - Filling up the DagBag from /opt/airflow/dags/ETL_postgresql_dag/etl_postgresql.py
[2026-02-21T21:35:42.073+0000] {processor.py:925} INFO - DAG(s) 'ELT_postgresql' retrieved from /opt/airflow/dags/ETL_postgresql_dag/etl_postgresql.py
[2026-02-21T21:35:42.267+0000] {logging_mixin.py:190} INFO - [2026-02-21T21:35:42.266+0000] {dag.py:3239} INFO - Sync 1 DAGs
[2026-02-21T21:35:42.523+0000] {logging_mixin.py:190} INFO - [2026-02-21T21:35:42.521+0000] {dag.py:4180} INFO - Setting next_dagrun for ELT_postgresql to 2026-02-21 00:00:00+00:00, run_after=2026-02-22 00:00:00+00:00
[2026-02-21T21:35:42.778+0000] {processor.py:208} INFO - Processing /opt/airflow/dags/ETL_postgresql_dag/etl_postgresql.py took 1.137 seconds
