[2026-02-23T07:41:39.689+0000] {processor.py:186} INFO - Started process (PID=3300) to work on /opt/airflow/dags/ETL_json_postgresql_dag/etl_json_postgresql.py
[2026-02-23T07:41:39.705+0000] {processor.py:914} INFO - Processing file /opt/airflow/dags/ETL_json_postgresql_dag/etl_json_postgresql.py for tasks to queue
[2026-02-23T07:41:39.717+0000] {logging_mixin.py:190} INFO - [2026-02-23T07:41:39.716+0000] {dagbag.py:588} INFO - Filling up the DagBag from /opt/airflow/dags/ETL_json_postgresql_dag/etl_json_postgresql.py
[2026-02-23T07:41:39.902+0000] {processor.py:925} INFO - DAG(s) 'ETL_json_postgresql' retrieved from /opt/airflow/dags/ETL_json_postgresql_dag/etl_json_postgresql.py
[2026-02-23T07:41:40.095+0000] {logging_mixin.py:190} INFO - [2026-02-23T07:41:40.094+0000] {dag.py:3239} INFO - Sync 1 DAGs
[2026-02-23T07:41:40.270+0000] {logging_mixin.py:190} INFO - [2026-02-23T07:41:40.269+0000] {dag.py:4180} INFO - Setting next_dagrun for ETL_json_postgresql to 2026-02-23 00:00:00+00:00, run_after=2026-02-24 00:00:00+00:00
[2026-02-23T07:41:40.365+0000] {processor.py:208} INFO - Processing /opt/airflow/dags/ETL_json_postgresql_dag/etl_json_postgresql.py took 0.691 seconds
[2026-02-23T07:42:14.625+0000] {processor.py:186} INFO - Started process (PID=3355) to work on /opt/airflow/dags/ETL_json_postgresql_dag/etl_json_postgresql.py
[2026-02-23T07:42:14.629+0000] {processor.py:914} INFO - Processing file /opt/airflow/dags/ETL_json_postgresql_dag/etl_json_postgresql.py for tasks to queue
[2026-02-23T07:42:14.634+0000] {logging_mixin.py:190} INFO - [2026-02-23T07:42:14.633+0000] {dagbag.py:588} INFO - Filling up the DagBag from /opt/airflow/dags/ETL_json_postgresql_dag/etl_json_postgresql.py
[2026-02-23T07:42:14.707+0000] {processor.py:925} INFO - DAG(s) 'ETL_json_postgresql' retrieved from /opt/airflow/dags/ETL_json_postgresql_dag/etl_json_postgresql.py
[2026-02-23T07:42:14.765+0000] {logging_mixin.py:190} INFO - [2026-02-23T07:42:14.764+0000] {dag.py:3239} INFO - Sync 1 DAGs
[2026-02-23T07:42:14.843+0000] {logging_mixin.py:190} INFO - [2026-02-23T07:42:14.842+0000] {dag.py:4180} INFO - Setting next_dagrun for ETL_json_postgresql to 2026-02-23 00:00:00+00:00, run_after=2026-02-24 00:00:00+00:00
[2026-02-23T07:42:14.923+0000] {processor.py:208} INFO - Processing /opt/airflow/dags/ETL_json_postgresql_dag/etl_json_postgresql.py took 0.320 seconds
[2026-02-23T07:42:45.066+0000] {processor.py:186} INFO - Started process (PID=3417) to work on /opt/airflow/dags/ETL_json_postgresql_dag/etl_json_postgresql.py
[2026-02-23T07:42:45.069+0000] {processor.py:914} INFO - Processing file /opt/airflow/dags/ETL_json_postgresql_dag/etl_json_postgresql.py for tasks to queue
[2026-02-23T07:42:45.073+0000] {logging_mixin.py:190} INFO - [2026-02-23T07:42:45.072+0000] {dagbag.py:588} INFO - Filling up the DagBag from /opt/airflow/dags/ETL_json_postgresql_dag/etl_json_postgresql.py
[2026-02-23T07:42:45.132+0000] {processor.py:925} INFO - DAG(s) 'ETL_json_postgresql' retrieved from /opt/airflow/dags/ETL_json_postgresql_dag/etl_json_postgresql.py
[2026-02-23T07:42:45.185+0000] {logging_mixin.py:190} INFO - [2026-02-23T07:42:45.185+0000] {dag.py:3239} INFO - Sync 1 DAGs
[2026-02-23T07:42:45.255+0000] {logging_mixin.py:190} INFO - [2026-02-23T07:42:45.254+0000] {dag.py:4180} INFO - Setting next_dagrun for ETL_json_postgresql to 2026-02-23 00:00:00+00:00, run_after=2026-02-24 00:00:00+00:00
[2026-02-23T07:42:45.309+0000] {processor.py:208} INFO - Processing /opt/airflow/dags/ETL_json_postgresql_dag/etl_json_postgresql.py took 0.261 seconds
[2026-02-23T07:43:34.420+0000] {processor.py:186} INFO - Started process (PID=3460) to work on /opt/airflow/dags/ETL_json_postgresql_dag/etl_json_postgresql.py
[2026-02-23T07:43:34.442+0000] {processor.py:914} INFO - Processing file /opt/airflow/dags/ETL_json_postgresql_dag/etl_json_postgresql.py for tasks to queue
[2026-02-23T07:43:34.453+0000] {logging_mixin.py:190} INFO - [2026-02-23T07:43:34.451+0000] {dagbag.py:588} INFO - Filling up the DagBag from /opt/airflow/dags/ETL_json_postgresql_dag/etl_json_postgresql.py
[2026-02-23T07:43:34.693+0000] {processor.py:925} INFO - DAG(s) 'ETL_json_postgresql' retrieved from /opt/airflow/dags/ETL_json_postgresql_dag/etl_json_postgresql.py
[2026-02-23T07:43:34.921+0000] {logging_mixin.py:190} INFO - [2026-02-23T07:43:34.920+0000] {dag.py:3239} INFO - Sync 1 DAGs
[2026-02-23T07:43:35.157+0000] {logging_mixin.py:190} INFO - [2026-02-23T07:43:35.157+0000] {dag.py:4180} INFO - Setting next_dagrun for ETL_json_postgresql to 2026-02-23 00:00:00+00:00, run_after=2026-02-24 00:00:00+00:00
[2026-02-23T07:43:35.305+0000] {processor.py:208} INFO - Processing /opt/airflow/dags/ETL_json_postgresql_dag/etl_json_postgresql.py took 0.919 seconds
[2026-02-23T08:17:52.695+0000] {processor.py:186} INFO - Started process (PID=54) to work on /opt/airflow/dags/ETL_json_postgresql_dag/etl_json_postgresql.py
[2026-02-23T08:17:52.698+0000] {processor.py:914} INFO - Processing file /opt/airflow/dags/ETL_json_postgresql_dag/etl_json_postgresql.py for tasks to queue
[2026-02-23T08:17:52.704+0000] {logging_mixin.py:190} INFO - [2026-02-23T08:17:52.703+0000] {dagbag.py:588} INFO - Filling up the DagBag from /opt/airflow/dags/ETL_json_postgresql_dag/etl_json_postgresql.py
[2026-02-23T08:17:52.784+0000] {processor.py:925} INFO - DAG(s) 'ETL_json_postgresql' retrieved from /opt/airflow/dags/ETL_json_postgresql_dag/etl_json_postgresql.py
[2026-02-23T08:17:52.868+0000] {logging_mixin.py:190} INFO - [2026-02-23T08:17:52.867+0000] {dag.py:3239} INFO - Sync 1 DAGs
[2026-02-23T08:17:52.939+0000] {logging_mixin.py:190} INFO - [2026-02-23T08:17:52.938+0000] {dag.py:4180} INFO - Setting next_dagrun for ETL_json_postgresql to 2026-02-23 00:00:00+00:00, run_after=2026-02-24 00:00:00+00:00
[2026-02-23T08:17:52.990+0000] {processor.py:208} INFO - Processing /opt/airflow/dags/ETL_json_postgresql_dag/etl_json_postgresql.py took 0.309 seconds
[2026-02-23T08:18:23.562+0000] {processor.py:186} INFO - Started process (PID=119) to work on /opt/airflow/dags/ETL_json_postgresql_dag/etl_json_postgresql.py
[2026-02-23T08:18:23.564+0000] {processor.py:914} INFO - Processing file /opt/airflow/dags/ETL_json_postgresql_dag/etl_json_postgresql.py for tasks to queue
[2026-02-23T08:18:23.569+0000] {logging_mixin.py:190} INFO - [2026-02-23T08:18:23.569+0000] {dagbag.py:588} INFO - Filling up the DagBag from /opt/airflow/dags/ETL_json_postgresql_dag/etl_json_postgresql.py
[2026-02-23T08:18:23.634+0000] {processor.py:925} INFO - DAG(s) 'ETL_json_postgresql' retrieved from /opt/airflow/dags/ETL_json_postgresql_dag/etl_json_postgresql.py
[2026-02-23T08:18:23.672+0000] {logging_mixin.py:190} INFO - [2026-02-23T08:18:23.671+0000] {dag.py:3239} INFO - Sync 1 DAGs
[2026-02-23T08:18:23.711+0000] {logging_mixin.py:190} INFO - [2026-02-23T08:18:23.710+0000] {dag.py:4180} INFO - Setting next_dagrun for ETL_json_postgresql to 2026-02-23 00:00:00+00:00, run_after=2026-02-24 00:00:00+00:00
[2026-02-23T08:18:23.744+0000] {processor.py:208} INFO - Processing /opt/airflow/dags/ETL_json_postgresql_dag/etl_json_postgresql.py took 0.189 seconds
[2026-02-23T08:18:54.074+0000] {processor.py:186} INFO - Started process (PID=184) to work on /opt/airflow/dags/ETL_json_postgresql_dag/etl_json_postgresql.py
[2026-02-23T08:18:54.082+0000] {processor.py:914} INFO - Processing file /opt/airflow/dags/ETL_json_postgresql_dag/etl_json_postgresql.py for tasks to queue
[2026-02-23T08:18:54.095+0000] {logging_mixin.py:190} INFO - [2026-02-23T08:18:54.093+0000] {dagbag.py:588} INFO - Filling up the DagBag from /opt/airflow/dags/ETL_json_postgresql_dag/etl_json_postgresql.py
[2026-02-23T08:18:54.250+0000] {processor.py:925} INFO - DAG(s) 'ETL_json_postgresql' retrieved from /opt/airflow/dags/ETL_json_postgresql_dag/etl_json_postgresql.py
[2026-02-23T08:18:54.336+0000] {logging_mixin.py:190} INFO - [2026-02-23T08:18:54.335+0000] {dag.py:3239} INFO - Sync 1 DAGs
[2026-02-23T08:18:54.477+0000] {logging_mixin.py:190} INFO - [2026-02-23T08:18:54.476+0000] {dag.py:4180} INFO - Setting next_dagrun for ETL_json_postgresql to 2026-02-23 00:00:00+00:00, run_after=2026-02-24 00:00:00+00:00
[2026-02-23T08:18:54.603+0000] {processor.py:208} INFO - Processing /opt/airflow/dags/ETL_json_postgresql_dag/etl_json_postgresql.py took 0.568 seconds
[2026-02-23T08:19:25.093+0000] {processor.py:186} INFO - Started process (PID=249) to work on /opt/airflow/dags/ETL_json_postgresql_dag/etl_json_postgresql.py
[2026-02-23T08:19:25.097+0000] {processor.py:914} INFO - Processing file /opt/airflow/dags/ETL_json_postgresql_dag/etl_json_postgresql.py for tasks to queue
[2026-02-23T08:19:25.103+0000] {logging_mixin.py:190} INFO - [2026-02-23T08:19:25.103+0000] {dagbag.py:588} INFO - Filling up the DagBag from /opt/airflow/dags/ETL_json_postgresql_dag/etl_json_postgresql.py
[2026-02-23T08:19:25.187+0000] {processor.py:925} INFO - DAG(s) 'ETL_json_postgresql' retrieved from /opt/airflow/dags/ETL_json_postgresql_dag/etl_json_postgresql.py
[2026-02-23T08:19:25.245+0000] {logging_mixin.py:190} INFO - [2026-02-23T08:19:25.245+0000] {dag.py:3239} INFO - Sync 1 DAGs
[2026-02-23T08:19:25.298+0000] {logging_mixin.py:190} INFO - [2026-02-23T08:19:25.298+0000] {dag.py:4180} INFO - Setting next_dagrun for ETL_json_postgresql to 2026-02-23 00:00:00+00:00, run_after=2026-02-24 00:00:00+00:00
[2026-02-23T08:19:25.359+0000] {processor.py:208} INFO - Processing /opt/airflow/dags/ETL_json_postgresql_dag/etl_json_postgresql.py took 0.280 seconds
[2026-02-23T08:19:56.148+0000] {processor.py:186} INFO - Started process (PID=314) to work on /opt/airflow/dags/ETL_json_postgresql_dag/etl_json_postgresql.py
[2026-02-23T08:19:56.150+0000] {processor.py:914} INFO - Processing file /opt/airflow/dags/ETL_json_postgresql_dag/etl_json_postgresql.py for tasks to queue
[2026-02-23T08:19:56.157+0000] {logging_mixin.py:190} INFO - [2026-02-23T08:19:56.156+0000] {dagbag.py:588} INFO - Filling up the DagBag from /opt/airflow/dags/ETL_json_postgresql_dag/etl_json_postgresql.py
[2026-02-23T08:19:56.217+0000] {processor.py:925} INFO - DAG(s) 'ETL_json_postgresql' retrieved from /opt/airflow/dags/ETL_json_postgresql_dag/etl_json_postgresql.py
[2026-02-23T08:19:56.266+0000] {logging_mixin.py:190} INFO - [2026-02-23T08:19:56.266+0000] {dag.py:3239} INFO - Sync 1 DAGs
[2026-02-23T08:19:56.321+0000] {logging_mixin.py:190} INFO - [2026-02-23T08:19:56.321+0000] {dag.py:4180} INFO - Setting next_dagrun for ETL_json_postgresql to 2026-02-23 00:00:00+00:00, run_after=2026-02-24 00:00:00+00:00
[2026-02-23T08:19:56.369+0000] {processor.py:208} INFO - Processing /opt/airflow/dags/ETL_json_postgresql_dag/etl_json_postgresql.py took 0.236 seconds
[2026-02-23T08:20:27.104+0000] {processor.py:186} INFO - Started process (PID=379) to work on /opt/airflow/dags/ETL_json_postgresql_dag/etl_json_postgresql.py
[2026-02-23T08:20:27.108+0000] {processor.py:914} INFO - Processing file /opt/airflow/dags/ETL_json_postgresql_dag/etl_json_postgresql.py for tasks to queue
[2026-02-23T08:20:27.118+0000] {logging_mixin.py:190} INFO - [2026-02-23T08:20:27.116+0000] {dagbag.py:588} INFO - Filling up the DagBag from /opt/airflow/dags/ETL_json_postgresql_dag/etl_json_postgresql.py
[2026-02-23T08:20:27.204+0000] {processor.py:925} INFO - DAG(s) 'ETL_json_postgresql' retrieved from /opt/airflow/dags/ETL_json_postgresql_dag/etl_json_postgresql.py
[2026-02-23T08:20:27.255+0000] {logging_mixin.py:190} INFO - [2026-02-23T08:20:27.255+0000] {dag.py:3239} INFO - Sync 1 DAGs
[2026-02-23T08:20:27.329+0000] {logging_mixin.py:190} INFO - [2026-02-23T08:20:27.328+0000] {dag.py:4180} INFO - Setting next_dagrun for ETL_json_postgresql to 2026-02-23 00:00:00+00:00, run_after=2026-02-24 00:00:00+00:00
[2026-02-23T08:20:27.395+0000] {processor.py:208} INFO - Processing /opt/airflow/dags/ETL_json_postgresql_dag/etl_json_postgresql.py took 0.310 seconds
[2026-02-23T08:20:57.623+0000] {processor.py:186} INFO - Started process (PID=443) to work on /opt/airflow/dags/ETL_json_postgresql_dag/etl_json_postgresql.py
[2026-02-23T08:20:57.625+0000] {processor.py:914} INFO - Processing file /opt/airflow/dags/ETL_json_postgresql_dag/etl_json_postgresql.py for tasks to queue
[2026-02-23T08:20:57.630+0000] {logging_mixin.py:190} INFO - [2026-02-23T08:20:57.629+0000] {dagbag.py:588} INFO - Filling up the DagBag from /opt/airflow/dags/ETL_json_postgresql_dag/etl_json_postgresql.py
[2026-02-23T08:20:57.686+0000] {processor.py:925} INFO - DAG(s) 'ETL_json_postgresql' retrieved from /opt/airflow/dags/ETL_json_postgresql_dag/etl_json_postgresql.py
[2026-02-23T08:20:57.737+0000] {logging_mixin.py:190} INFO - [2026-02-23T08:20:57.736+0000] {dag.py:3239} INFO - Sync 1 DAGs
[2026-02-23T08:20:57.804+0000] {logging_mixin.py:190} INFO - [2026-02-23T08:20:57.803+0000] {dag.py:4180} INFO - Setting next_dagrun for ETL_json_postgresql to 2026-02-23 00:00:00+00:00, run_after=2026-02-24 00:00:00+00:00
[2026-02-23T08:20:57.871+0000] {processor.py:208} INFO - Processing /opt/airflow/dags/ETL_json_postgresql_dag/etl_json_postgresql.py took 0.261 seconds
[2026-02-23T08:21:28.136+0000] {processor.py:186} INFO - Started process (PID=508) to work on /opt/airflow/dags/ETL_json_postgresql_dag/etl_json_postgresql.py
[2026-02-23T08:21:28.138+0000] {processor.py:914} INFO - Processing file /opt/airflow/dags/ETL_json_postgresql_dag/etl_json_postgresql.py for tasks to queue
[2026-02-23T08:21:28.142+0000] {logging_mixin.py:190} INFO - [2026-02-23T08:21:28.141+0000] {dagbag.py:588} INFO - Filling up the DagBag from /opt/airflow/dags/ETL_json_postgresql_dag/etl_json_postgresql.py
[2026-02-23T08:21:28.188+0000] {processor.py:925} INFO - DAG(s) 'ETL_json_postgresql' retrieved from /opt/airflow/dags/ETL_json_postgresql_dag/etl_json_postgresql.py
[2026-02-23T08:21:28.212+0000] {logging_mixin.py:190} INFO - [2026-02-23T08:21:28.212+0000] {dag.py:3239} INFO - Sync 1 DAGs
[2026-02-23T08:21:28.246+0000] {logging_mixin.py:190} INFO - [2026-02-23T08:21:28.246+0000] {dag.py:4180} INFO - Setting next_dagrun for ETL_json_postgresql to 2026-02-23 00:00:00+00:00, run_after=2026-02-24 00:00:00+00:00
[2026-02-23T08:21:28.276+0000] {processor.py:208} INFO - Processing /opt/airflow/dags/ETL_json_postgresql_dag/etl_json_postgresql.py took 0.149 seconds
[2026-02-23T08:21:58.582+0000] {processor.py:186} INFO - Started process (PID=573) to work on /opt/airflow/dags/ETL_json_postgresql_dag/etl_json_postgresql.py
[2026-02-23T08:21:58.585+0000] {processor.py:914} INFO - Processing file /opt/airflow/dags/ETL_json_postgresql_dag/etl_json_postgresql.py for tasks to queue
[2026-02-23T08:21:58.589+0000] {logging_mixin.py:190} INFO - [2026-02-23T08:21:58.588+0000] {dagbag.py:588} INFO - Filling up the DagBag from /opt/airflow/dags/ETL_json_postgresql_dag/etl_json_postgresql.py
[2026-02-23T08:21:58.633+0000] {processor.py:925} INFO - DAG(s) 'ETL_json_postgresql' retrieved from /opt/airflow/dags/ETL_json_postgresql_dag/etl_json_postgresql.py
[2026-02-23T08:21:58.671+0000] {logging_mixin.py:190} INFO - [2026-02-23T08:21:58.671+0000] {dag.py:3239} INFO - Sync 1 DAGs
[2026-02-23T08:21:58.702+0000] {logging_mixin.py:190} INFO - [2026-02-23T08:21:58.701+0000] {dag.py:4180} INFO - Setting next_dagrun for ETL_json_postgresql to 2026-02-23 00:00:00+00:00, run_after=2026-02-24 00:00:00+00:00
[2026-02-23T08:21:58.738+0000] {processor.py:208} INFO - Processing /opt/airflow/dags/ETL_json_postgresql_dag/etl_json_postgresql.py took 0.163 seconds
[2026-02-23T08:22:29.195+0000] {processor.py:186} INFO - Started process (PID=638) to work on /opt/airflow/dags/ETL_json_postgresql_dag/etl_json_postgresql.py
[2026-02-23T08:22:29.200+0000] {processor.py:914} INFO - Processing file /opt/airflow/dags/ETL_json_postgresql_dag/etl_json_postgresql.py for tasks to queue
[2026-02-23T08:22:29.213+0000] {logging_mixin.py:190} INFO - [2026-02-23T08:22:29.212+0000] {dagbag.py:588} INFO - Filling up the DagBag from /opt/airflow/dags/ETL_json_postgresql_dag/etl_json_postgresql.py
[2026-02-23T08:22:29.339+0000] {processor.py:925} INFO - DAG(s) 'ETL_json_postgresql' retrieved from /opt/airflow/dags/ETL_json_postgresql_dag/etl_json_postgresql.py
[2026-02-23T08:22:29.422+0000] {logging_mixin.py:190} INFO - [2026-02-23T08:22:29.421+0000] {dag.py:3239} INFO - Sync 1 DAGs
[2026-02-23T08:22:29.551+0000] {logging_mixin.py:190} INFO - [2026-02-23T08:22:29.551+0000] {dag.py:4180} INFO - Setting next_dagrun for ETL_json_postgresql to 2026-02-23 00:00:00+00:00, run_after=2026-02-24 00:00:00+00:00
[2026-02-23T08:22:29.649+0000] {processor.py:208} INFO - Processing /opt/airflow/dags/ETL_json_postgresql_dag/etl_json_postgresql.py took 0.474 seconds
[2026-02-23T08:24:11.849+0000] {processor.py:186} INFO - Started process (PID=49) to work on /opt/airflow/dags/ETL_json_postgresql_dag/etl_json_postgresql.py
[2026-02-23T08:24:11.853+0000] {processor.py:914} INFO - Processing file /opt/airflow/dags/ETL_json_postgresql_dag/etl_json_postgresql.py for tasks to queue
[2026-02-23T08:24:11.860+0000] {logging_mixin.py:190} INFO - [2026-02-23T08:24:11.859+0000] {dagbag.py:588} INFO - Filling up the DagBag from /opt/airflow/dags/ETL_json_postgresql_dag/etl_json_postgresql.py
[2026-02-23T08:24:11.943+0000] {processor.py:925} INFO - DAG(s) 'ETL_json_postgresql' retrieved from /opt/airflow/dags/ETL_json_postgresql_dag/etl_json_postgresql.py
[2026-02-23T08:24:12.094+0000] {logging_mixin.py:190} INFO - [2026-02-23T08:24:12.093+0000] {dag.py:3239} INFO - Sync 1 DAGs
[2026-02-23T08:24:12.195+0000] {logging_mixin.py:190} INFO - [2026-02-23T08:24:12.194+0000] {dag.py:4180} INFO - Setting next_dagrun for ETL_json_postgresql to 2026-02-23 00:00:00+00:00, run_after=2026-02-24 00:00:00+00:00
[2026-02-23T08:24:12.267+0000] {processor.py:208} INFO - Processing /opt/airflow/dags/ETL_json_postgresql_dag/etl_json_postgresql.py took 0.453 seconds
[2026-02-23T08:24:42.465+0000] {processor.py:186} INFO - Started process (PID=117) to work on /opt/airflow/dags/ETL_json_postgresql_dag/etl_json_postgresql.py
[2026-02-23T08:24:42.467+0000] {processor.py:914} INFO - Processing file /opt/airflow/dags/ETL_json_postgresql_dag/etl_json_postgresql.py for tasks to queue
[2026-02-23T08:24:42.471+0000] {logging_mixin.py:190} INFO - [2026-02-23T08:24:42.470+0000] {dagbag.py:588} INFO - Filling up the DagBag from /opt/airflow/dags/ETL_json_postgresql_dag/etl_json_postgresql.py
[2026-02-23T08:24:42.535+0000] {processor.py:925} INFO - DAG(s) 'ETL_json_postgresql' retrieved from /opt/airflow/dags/ETL_json_postgresql_dag/etl_json_postgresql.py
[2026-02-23T08:24:42.565+0000] {logging_mixin.py:190} INFO - [2026-02-23T08:24:42.565+0000] {dag.py:3239} INFO - Sync 1 DAGs
[2026-02-23T08:24:42.604+0000] {logging_mixin.py:190} INFO - [2026-02-23T08:24:42.604+0000] {dag.py:4180} INFO - Setting next_dagrun for ETL_json_postgresql to 2026-02-23 00:00:00+00:00, run_after=2026-02-24 00:00:00+00:00
[2026-02-23T08:24:42.640+0000] {processor.py:208} INFO - Processing /opt/airflow/dags/ETL_json_postgresql_dag/etl_json_postgresql.py took 0.184 seconds
[2026-02-23T08:25:12.903+0000] {processor.py:186} INFO - Started process (PID=179) to work on /opt/airflow/dags/ETL_json_postgresql_dag/etl_json_postgresql.py
[2026-02-23T08:25:12.908+0000] {processor.py:914} INFO - Processing file /opt/airflow/dags/ETL_json_postgresql_dag/etl_json_postgresql.py for tasks to queue
[2026-02-23T08:25:12.917+0000] {logging_mixin.py:190} INFO - [2026-02-23T08:25:12.916+0000] {dagbag.py:588} INFO - Filling up the DagBag from /opt/airflow/dags/ETL_json_postgresql_dag/etl_json_postgresql.py
[2026-02-23T08:25:13.012+0000] {processor.py:925} INFO - DAG(s) 'ETL_json_postgresql' retrieved from /opt/airflow/dags/ETL_json_postgresql_dag/etl_json_postgresql.py
[2026-02-23T08:25:13.088+0000] {logging_mixin.py:190} INFO - [2026-02-23T08:25:13.087+0000] {dag.py:3239} INFO - Sync 1 DAGs
[2026-02-23T08:25:13.210+0000] {logging_mixin.py:190} INFO - [2026-02-23T08:25:13.209+0000] {dag.py:4180} INFO - Setting next_dagrun for ETL_json_postgresql to 2026-02-23 00:00:00+00:00, run_after=2026-02-24 00:00:00+00:00
[2026-02-23T08:25:13.303+0000] {processor.py:208} INFO - Processing /opt/airflow/dags/ETL_json_postgresql_dag/etl_json_postgresql.py took 0.426 seconds
[2026-02-23T08:25:43.658+0000] {processor.py:186} INFO - Started process (PID=244) to work on /opt/airflow/dags/ETL_json_postgresql_dag/etl_json_postgresql.py
[2026-02-23T08:25:43.660+0000] {processor.py:914} INFO - Processing file /opt/airflow/dags/ETL_json_postgresql_dag/etl_json_postgresql.py for tasks to queue
[2026-02-23T08:25:43.664+0000] {logging_mixin.py:190} INFO - [2026-02-23T08:25:43.664+0000] {dagbag.py:588} INFO - Filling up the DagBag from /opt/airflow/dags/ETL_json_postgresql_dag/etl_json_postgresql.py
[2026-02-23T08:25:43.708+0000] {processor.py:925} INFO - DAG(s) 'ETL_json_postgresql' retrieved from /opt/airflow/dags/ETL_json_postgresql_dag/etl_json_postgresql.py
[2026-02-23T08:25:43.738+0000] {logging_mixin.py:190} INFO - [2026-02-23T08:25:43.738+0000] {dag.py:3239} INFO - Sync 1 DAGs
[2026-02-23T08:25:43.770+0000] {logging_mixin.py:190} INFO - [2026-02-23T08:25:43.769+0000] {dag.py:4180} INFO - Setting next_dagrun for ETL_json_postgresql to 2026-02-23 00:00:00+00:00, run_after=2026-02-24 00:00:00+00:00
[2026-02-23T08:25:43.804+0000] {processor.py:208} INFO - Processing /opt/airflow/dags/ETL_json_postgresql_dag/etl_json_postgresql.py took 0.157 seconds
[2026-02-23T08:26:14.129+0000] {processor.py:186} INFO - Started process (PID=309) to work on /opt/airflow/dags/ETL_json_postgresql_dag/etl_json_postgresql.py
[2026-02-23T08:26:14.131+0000] {processor.py:914} INFO - Processing file /opt/airflow/dags/ETL_json_postgresql_dag/etl_json_postgresql.py for tasks to queue
[2026-02-23T08:26:14.136+0000] {logging_mixin.py:190} INFO - [2026-02-23T08:26:14.136+0000] {dagbag.py:588} INFO - Filling up the DagBag from /opt/airflow/dags/ETL_json_postgresql_dag/etl_json_postgresql.py
[2026-02-23T08:26:14.188+0000] {processor.py:925} INFO - DAG(s) 'ETL_json_postgresql' retrieved from /opt/airflow/dags/ETL_json_postgresql_dag/etl_json_postgresql.py
[2026-02-23T08:26:14.225+0000] {logging_mixin.py:190} INFO - [2026-02-23T08:26:14.225+0000] {dag.py:3239} INFO - Sync 1 DAGs
[2026-02-23T08:26:14.273+0000] {logging_mixin.py:190} INFO - [2026-02-23T08:26:14.273+0000] {dag.py:4180} INFO - Setting next_dagrun for ETL_json_postgresql to 2026-02-23 00:00:00+00:00, run_after=2026-02-24 00:00:00+00:00
[2026-02-23T08:26:14.314+0000] {processor.py:208} INFO - Processing /opt/airflow/dags/ETL_json_postgresql_dag/etl_json_postgresql.py took 0.197 seconds
[2026-02-23T08:26:44.453+0000] {processor.py:186} INFO - Started process (PID=374) to work on /opt/airflow/dags/ETL_json_postgresql_dag/etl_json_postgresql.py
[2026-02-23T08:26:44.455+0000] {processor.py:914} INFO - Processing file /opt/airflow/dags/ETL_json_postgresql_dag/etl_json_postgresql.py for tasks to queue
[2026-02-23T08:26:44.458+0000] {logging_mixin.py:190} INFO - [2026-02-23T08:26:44.458+0000] {dagbag.py:588} INFO - Filling up the DagBag from /opt/airflow/dags/ETL_json_postgresql_dag/etl_json_postgresql.py
[2026-02-23T08:26:44.491+0000] {processor.py:925} INFO - DAG(s) 'ETL_json_postgresql' retrieved from /opt/airflow/dags/ETL_json_postgresql_dag/etl_json_postgresql.py
[2026-02-23T08:26:44.512+0000] {logging_mixin.py:190} INFO - [2026-02-23T08:26:44.512+0000] {dag.py:3239} INFO - Sync 1 DAGs
[2026-02-23T08:26:44.540+0000] {logging_mixin.py:190} INFO - [2026-02-23T08:26:44.539+0000] {dag.py:4180} INFO - Setting next_dagrun for ETL_json_postgresql to 2026-02-23 00:00:00+00:00, run_after=2026-02-24 00:00:00+00:00
[2026-02-23T08:26:44.567+0000] {processor.py:208} INFO - Processing /opt/airflow/dags/ETL_json_postgresql_dag/etl_json_postgresql.py took 0.123 seconds
[2026-02-23T08:31:01.518+0000] {processor.py:186} INFO - Started process (PID=67) to work on /opt/airflow/dags/ETL_json_postgresql_dag/etl_json_postgresql.py
[2026-02-23T08:31:01.524+0000] {processor.py:914} INFO - Processing file /opt/airflow/dags/ETL_json_postgresql_dag/etl_json_postgresql.py for tasks to queue
[2026-02-23T08:31:01.543+0000] {logging_mixin.py:190} INFO - [2026-02-23T08:31:01.541+0000] {dagbag.py:588} INFO - Filling up the DagBag from /opt/airflow/dags/ETL_json_postgresql_dag/etl_json_postgresql.py
[2026-02-23T08:31:01.704+0000] {processor.py:925} INFO - DAG(s) 'ETL_json_postgresql' retrieved from /opt/airflow/dags/ETL_json_postgresql_dag/etl_json_postgresql.py
[2026-02-23T08:31:01.886+0000] {logging_mixin.py:190} INFO - [2026-02-23T08:31:01.885+0000] {dag.py:3239} INFO - Sync 1 DAGs
[2026-02-23T08:31:02.160+0000] {logging_mixin.py:190} INFO - [2026-02-23T08:31:02.158+0000] {dag.py:4180} INFO - Setting next_dagrun for ETL_json_postgresql to 2026-02-23 00:00:00+00:00, run_after=2026-02-24 00:00:00+00:00
[2026-02-23T08:31:02.285+0000] {processor.py:208} INFO - Processing /opt/airflow/dags/ETL_json_postgresql_dag/etl_json_postgresql.py took 0.794 seconds
[2026-02-23T08:32:19.009+0000] {processor.py:186} INFO - Started process (PID=145) to work on /opt/airflow/dags/ETL_json_postgresql_dag/etl_json_postgresql.py
[2026-02-23T08:32:19.011+0000] {processor.py:914} INFO - Processing file /opt/airflow/dags/ETL_json_postgresql_dag/etl_json_postgresql.py for tasks to queue
[2026-02-23T08:32:19.023+0000] {logging_mixin.py:190} INFO - [2026-02-23T08:32:19.022+0000] {dagbag.py:588} INFO - Filling up the DagBag from /opt/airflow/dags/ETL_json_postgresql_dag/etl_json_postgresql.py
[2026-02-23T08:32:19.215+0000] {processor.py:925} INFO - DAG(s) 'ETL_json_postgresql' retrieved from /opt/airflow/dags/ETL_json_postgresql_dag/etl_json_postgresql.py
[2026-02-23T08:32:19.312+0000] {logging_mixin.py:190} INFO - [2026-02-23T08:32:19.311+0000] {dag.py:3239} INFO - Sync 1 DAGs
[2026-02-23T08:32:19.459+0000] {logging_mixin.py:190} INFO - [2026-02-23T08:32:19.458+0000] {dag.py:4180} INFO - Setting next_dagrun for ETL_json_postgresql to 2026-02-23 00:00:00+00:00, run_after=2026-02-24 00:00:00+00:00
[2026-02-23T08:32:19.548+0000] {processor.py:208} INFO - Processing /opt/airflow/dags/ETL_json_postgresql_dag/etl_json_postgresql.py took 0.559 seconds
[2026-02-23T15:42:12.774+0000] {processor.py:186} INFO - Started process (PID=184) to work on /opt/airflow/dags/ETL_json_postgresql_dag/etl_json_postgresql.py
[2026-02-23T15:42:12.778+0000] {processor.py:914} INFO - Processing file /opt/airflow/dags/ETL_json_postgresql_dag/etl_json_postgresql.py for tasks to queue
[2026-02-23T15:42:12.782+0000] {logging_mixin.py:190} INFO - [2026-02-23T15:42:12.782+0000] {dagbag.py:588} INFO - Filling up the DagBag from /opt/airflow/dags/ETL_json_postgresql_dag/etl_json_postgresql.py
[2026-02-23T15:42:12.860+0000] {processor.py:925} INFO - DAG(s) 'ETL_json_postgresql' retrieved from /opt/airflow/dags/ETL_json_postgresql_dag/etl_json_postgresql.py
[2026-02-23T15:42:12.918+0000] {logging_mixin.py:190} INFO - [2026-02-23T15:42:12.918+0000] {dag.py:3239} INFO - Sync 1 DAGs
[2026-02-23T15:42:12.997+0000] {logging_mixin.py:190} INFO - [2026-02-23T15:42:12.988+0000] {dag.py:4180} INFO - Setting next_dagrun for ETL_json_postgresql to 2026-02-23 00:00:00+00:00, run_after=2026-02-24 00:00:00+00:00
[2026-02-23T15:42:13.070+0000] {processor.py:208} INFO - Processing /opt/airflow/dags/ETL_json_postgresql_dag/etl_json_postgresql.py took 0.307 seconds
[2026-02-23T15:42:43.901+0000] {processor.py:186} INFO - Started process (PID=249) to work on /opt/airflow/dags/ETL_json_postgresql_dag/etl_json_postgresql.py
[2026-02-23T15:42:43.903+0000] {processor.py:914} INFO - Processing file /opt/airflow/dags/ETL_json_postgresql_dag/etl_json_postgresql.py for tasks to queue
[2026-02-23T15:42:43.905+0000] {logging_mixin.py:190} INFO - [2026-02-23T15:42:43.905+0000] {dagbag.py:588} INFO - Filling up the DagBag from /opt/airflow/dags/ETL_json_postgresql_dag/etl_json_postgresql.py
[2026-02-23T15:42:43.950+0000] {processor.py:925} INFO - DAG(s) 'ETL_json_postgresql' retrieved from /opt/airflow/dags/ETL_json_postgresql_dag/etl_json_postgresql.py
[2026-02-23T15:42:43.985+0000] {logging_mixin.py:190} INFO - [2026-02-23T15:42:43.985+0000] {dag.py:3239} INFO - Sync 1 DAGs
[2026-02-23T15:42:44.038+0000] {logging_mixin.py:190} INFO - [2026-02-23T15:42:44.037+0000] {dag.py:4180} INFO - Setting next_dagrun for ETL_json_postgresql to 2026-02-23 00:00:00+00:00, run_after=2026-02-24 00:00:00+00:00
[2026-02-23T15:42:44.082+0000] {processor.py:208} INFO - Processing /opt/airflow/dags/ETL_json_postgresql_dag/etl_json_postgresql.py took 0.193 seconds
