[2026-02-22T21:43:54.227+0000] {processor.py:186} INFO - Started process (PID=2733) to work on /home/airflow/.local/lib/python3.12/site-packages/airflow/example_dags/example_branch_day_of_week_operator.py
[2026-02-22T21:43:54.274+0000] {processor.py:914} INFO - Processing file /home/airflow/.local/lib/python3.12/site-packages/airflow/example_dags/example_branch_day_of_week_operator.py for tasks to queue
[2026-02-22T21:43:54.285+0000] {logging_mixin.py:190} INFO - [2026-02-22T21:43:54.283+0000] {dagbag.py:588} INFO - Filling up the DagBag from /home/airflow/.local/lib/python3.12/site-packages/airflow/example_dags/example_branch_day_of_week_operator.py
[2026-02-22T21:43:54.475+0000] {processor.py:925} INFO - DAG(s) 'example_weekday_branch_operator' retrieved from /home/airflow/.local/lib/python3.12/site-packages/airflow/example_dags/example_branch_day_of_week_operator.py
[2026-02-22T21:43:54.766+0000] {logging_mixin.py:190} INFO - [2026-02-22T21:43:54.764+0000] {dag.py:3239} INFO - Sync 1 DAGs
[2026-02-22T21:43:55.854+0000] {logging_mixin.py:190} INFO - [2026-02-22T21:43:55.832+0000] {dag.py:4180} INFO - Setting next_dagrun for example_weekday_branch_operator to 2026-02-21 00:00:00+00:00, run_after=2026-02-22 00:00:00+00:00
[2026-02-22T21:43:56.235+0000] {processor.py:208} INFO - Processing /home/airflow/.local/lib/python3.12/site-packages/airflow/example_dags/example_branch_day_of_week_operator.py took 1.977 seconds
[2026-02-22T21:46:46.394+0000] {processor.py:186} INFO - Started process (PID=2806) to work on /home/airflow/.local/lib/python3.12/site-packages/airflow/example_dags/example_branch_day_of_week_operator.py
[2026-02-22T21:46:46.402+0000] {processor.py:914} INFO - Processing file /home/airflow/.local/lib/python3.12/site-packages/airflow/example_dags/example_branch_day_of_week_operator.py for tasks to queue
[2026-02-22T21:46:46.412+0000] {logging_mixin.py:190} INFO - [2026-02-22T21:46:46.410+0000] {dagbag.py:588} INFO - Filling up the DagBag from /home/airflow/.local/lib/python3.12/site-packages/airflow/example_dags/example_branch_day_of_week_operator.py
[2026-02-22T21:46:46.464+0000] {processor.py:925} INFO - DAG(s) 'example_weekday_branch_operator' retrieved from /home/airflow/.local/lib/python3.12/site-packages/airflow/example_dags/example_branch_day_of_week_operator.py
[2026-02-22T21:46:46.594+0000] {logging_mixin.py:190} INFO - [2026-02-22T21:46:46.590+0000] {dag.py:3239} INFO - Sync 1 DAGs
[2026-02-22T21:46:46.720+0000] {logging_mixin.py:190} INFO - [2026-02-22T21:46:46.719+0000] {dag.py:4180} INFO - Setting next_dagrun for example_weekday_branch_operator to 2026-02-21 00:00:00+00:00, run_after=2026-02-22 00:00:00+00:00
[2026-02-22T21:46:46.815+0000] {processor.py:208} INFO - Processing /home/airflow/.local/lib/python3.12/site-packages/airflow/example_dags/example_branch_day_of_week_operator.py took 0.446 seconds
[2026-02-22T21:47:35.589+0000] {processor.py:186} INFO - Started process (PID=2867) to work on /home/airflow/.local/lib/python3.12/site-packages/airflow/example_dags/example_branch_day_of_week_operator.py
[2026-02-22T21:47:35.605+0000] {processor.py:914} INFO - Processing file /home/airflow/.local/lib/python3.12/site-packages/airflow/example_dags/example_branch_day_of_week_operator.py for tasks to queue
[2026-02-22T21:47:35.629+0000] {logging_mixin.py:190} INFO - [2026-02-22T21:47:35.627+0000] {dagbag.py:588} INFO - Filling up the DagBag from /home/airflow/.local/lib/python3.12/site-packages/airflow/example_dags/example_branch_day_of_week_operator.py
[2026-02-22T21:47:35.783+0000] {processor.py:925} INFO - DAG(s) 'example_weekday_branch_operator' retrieved from /home/airflow/.local/lib/python3.12/site-packages/airflow/example_dags/example_branch_day_of_week_operator.py
[2026-02-22T21:47:35.991+0000] {logging_mixin.py:190} INFO - [2026-02-22T21:47:35.990+0000] {dag.py:3239} INFO - Sync 1 DAGs
[2026-02-22T21:47:36.254+0000] {logging_mixin.py:190} INFO - [2026-02-22T21:47:36.252+0000] {dag.py:4180} INFO - Setting next_dagrun for example_weekday_branch_operator to 2026-02-21 00:00:00+00:00, run_after=2026-02-22 00:00:00+00:00
[2026-02-22T21:47:36.533+0000] {processor.py:208} INFO - Processing /home/airflow/.local/lib/python3.12/site-packages/airflow/example_dags/example_branch_day_of_week_operator.py took 1.034 seconds
[2026-02-22T21:48:12.872+0000] {processor.py:186} INFO - Started process (PID=2904) to work on /home/airflow/.local/lib/python3.12/site-packages/airflow/example_dags/example_branch_day_of_week_operator.py
[2026-02-22T21:48:12.893+0000] {processor.py:914} INFO - Processing file /home/airflow/.local/lib/python3.12/site-packages/airflow/example_dags/example_branch_day_of_week_operator.py for tasks to queue
[2026-02-22T21:48:12.912+0000] {logging_mixin.py:190} INFO - [2026-02-22T21:48:12.910+0000] {dagbag.py:588} INFO - Filling up the DagBag from /home/airflow/.local/lib/python3.12/site-packages/airflow/example_dags/example_branch_day_of_week_operator.py
[2026-02-22T21:48:13.347+0000] {processor.py:925} INFO - DAG(s) 'example_weekday_branch_operator' retrieved from /home/airflow/.local/lib/python3.12/site-packages/airflow/example_dags/example_branch_day_of_week_operator.py
[2026-02-22T21:48:14.035+0000] {logging_mixin.py:190} INFO - [2026-02-22T21:48:14.033+0000] {dag.py:3239} INFO - Sync 1 DAGs
[2026-02-22T21:48:14.506+0000] {logging_mixin.py:190} INFO - [2026-02-22T21:48:14.505+0000] {dag.py:4180} INFO - Setting next_dagrun for example_weekday_branch_operator to 2026-02-21 00:00:00+00:00, run_after=2026-02-22 00:00:00+00:00
[2026-02-22T21:48:15.000+0000] {processor.py:208} INFO - Processing /home/airflow/.local/lib/python3.12/site-packages/airflow/example_dags/example_branch_day_of_week_operator.py took 2.176 seconds
[2026-02-22T22:32:02.311+0000] {processor.py:186} INFO - Started process (PID=2923) to work on /home/airflow/.local/lib/python3.12/site-packages/airflow/example_dags/example_branch_day_of_week_operator.py
[2026-02-22T22:32:02.453+0000] {processor.py:914} INFO - Processing file /home/airflow/.local/lib/python3.12/site-packages/airflow/example_dags/example_branch_day_of_week_operator.py for tasks to queue
[2026-02-22T22:32:02.631+0000] {logging_mixin.py:190} INFO - [2026-02-22T22:32:02.519+0000] {dagbag.py:588} INFO - Filling up the DagBag from /home/airflow/.local/lib/python3.12/site-packages/airflow/example_dags/example_branch_day_of_week_operator.py
[2026-02-22T22:32:07.051+0000] {processor.py:925} INFO - DAG(s) 'example_weekday_branch_operator' retrieved from /home/airflow/.local/lib/python3.12/site-packages/airflow/example_dags/example_branch_day_of_week_operator.py
[2026-02-22T22:32:12.083+0000] {logging_mixin.py:190} INFO - [2026-02-22T22:32:12.081+0000] {dag.py:3239} INFO - Sync 1 DAGs
[2026-02-22T22:32:12.278+0000] {logging_mixin.py:190} INFO - [2026-02-22T22:32:12.274+0000] {dag.py:4180} INFO - Setting next_dagrun for example_weekday_branch_operator to 2026-02-21 00:00:00+00:00, run_after=2026-02-22 00:00:00+00:00
[2026-02-22T22:32:12.405+0000] {processor.py:208} INFO - Processing /home/airflow/.local/lib/python3.12/site-packages/airflow/example_dags/example_branch_day_of_week_operator.py took 10.373 seconds
[2026-02-22T22:33:02.653+0000] {processor.py:186} INFO - Started process (PID=2994) to work on /home/airflow/.local/lib/python3.12/site-packages/airflow/example_dags/example_branch_day_of_week_operator.py
[2026-02-22T22:33:02.658+0000] {processor.py:914} INFO - Processing file /home/airflow/.local/lib/python3.12/site-packages/airflow/example_dags/example_branch_day_of_week_operator.py for tasks to queue
[2026-02-22T22:33:02.674+0000] {logging_mixin.py:190} INFO - [2026-02-22T22:33:02.666+0000] {dagbag.py:588} INFO - Filling up the DagBag from /home/airflow/.local/lib/python3.12/site-packages/airflow/example_dags/example_branch_day_of_week_operator.py
[2026-02-22T22:33:02.724+0000] {processor.py:925} INFO - DAG(s) 'example_weekday_branch_operator' retrieved from /home/airflow/.local/lib/python3.12/site-packages/airflow/example_dags/example_branch_day_of_week_operator.py
[2026-02-22T22:33:02.836+0000] {logging_mixin.py:190} INFO - [2026-02-22T22:33:02.835+0000] {dag.py:3239} INFO - Sync 1 DAGs
[2026-02-22T22:33:02.973+0000] {logging_mixin.py:190} INFO - [2026-02-22T22:33:02.970+0000] {dag.py:4180} INFO - Setting next_dagrun for example_weekday_branch_operator to 2026-02-21 00:00:00+00:00, run_after=2026-02-22 00:00:00+00:00
[2026-02-22T22:33:03.092+0000] {processor.py:208} INFO - Processing /home/airflow/.local/lib/python3.12/site-packages/airflow/example_dags/example_branch_day_of_week_operator.py took 0.482 seconds
[2026-02-22T22:33:39.869+0000] {processor.py:186} INFO - Started process (PID=3059) to work on /home/airflow/.local/lib/python3.12/site-packages/airflow/example_dags/example_branch_day_of_week_operator.py
[2026-02-22T22:33:39.887+0000] {processor.py:914} INFO - Processing file /home/airflow/.local/lib/python3.12/site-packages/airflow/example_dags/example_branch_day_of_week_operator.py for tasks to queue
[2026-02-22T22:33:39.908+0000] {logging_mixin.py:190} INFO - [2026-02-22T22:33:39.906+0000] {dagbag.py:588} INFO - Filling up the DagBag from /home/airflow/.local/lib/python3.12/site-packages/airflow/example_dags/example_branch_day_of_week_operator.py
[2026-02-22T22:33:39.950+0000] {processor.py:925} INFO - DAG(s) 'example_weekday_branch_operator' retrieved from /home/airflow/.local/lib/python3.12/site-packages/airflow/example_dags/example_branch_day_of_week_operator.py
[2026-02-22T22:33:40.085+0000] {logging_mixin.py:190} INFO - [2026-02-22T22:33:40.084+0000] {dag.py:3239} INFO - Sync 1 DAGs
[2026-02-22T22:33:40.219+0000] {logging_mixin.py:190} INFO - [2026-02-22T22:33:40.218+0000] {dag.py:4180} INFO - Setting next_dagrun for example_weekday_branch_operator to 2026-02-21 00:00:00+00:00, run_after=2026-02-22 00:00:00+00:00
[2026-02-22T22:33:40.319+0000] {processor.py:208} INFO - Processing /home/airflow/.local/lib/python3.12/site-packages/airflow/example_dags/example_branch_day_of_week_operator.py took 0.489 seconds
[2026-02-22T22:51:46.547+0000] {processor.py:186} INFO - Started process (PID=3116) to work on /home/airflow/.local/lib/python3.12/site-packages/airflow/example_dags/example_branch_day_of_week_operator.py
[2026-02-22T22:51:46.564+0000] {processor.py:914} INFO - Processing file /home/airflow/.local/lib/python3.12/site-packages/airflow/example_dags/example_branch_day_of_week_operator.py for tasks to queue
[2026-02-22T22:51:46.583+0000] {logging_mixin.py:190} INFO - [2026-02-22T22:51:46.575+0000] {dagbag.py:588} INFO - Filling up the DagBag from /home/airflow/.local/lib/python3.12/site-packages/airflow/example_dags/example_branch_day_of_week_operator.py
[2026-02-22T22:51:46.770+0000] {processor.py:925} INFO - DAG(s) 'example_weekday_branch_operator' retrieved from /home/airflow/.local/lib/python3.12/site-packages/airflow/example_dags/example_branch_day_of_week_operator.py
[2026-02-22T22:51:46.992+0000] {logging_mixin.py:190} INFO - [2026-02-22T22:51:46.991+0000] {dag.py:3239} INFO - Sync 1 DAGs
[2026-02-22T22:51:47.379+0000] {logging_mixin.py:190} INFO - [2026-02-22T22:51:47.373+0000] {dag.py:4180} INFO - Setting next_dagrun for example_weekday_branch_operator to 2026-02-21 00:00:00+00:00, run_after=2026-02-22 00:00:00+00:00
[2026-02-22T22:51:47.660+0000] {processor.py:208} INFO - Processing /home/airflow/.local/lib/python3.12/site-packages/airflow/example_dags/example_branch_day_of_week_operator.py took 1.169 seconds
[2026-02-22T23:12:41.052+0000] {processor.py:186} INFO - Started process (PID=3154) to work on /home/airflow/.local/lib/python3.12/site-packages/airflow/example_dags/example_branch_day_of_week_operator.py
[2026-02-22T23:12:41.059+0000] {processor.py:914} INFO - Processing file /home/airflow/.local/lib/python3.12/site-packages/airflow/example_dags/example_branch_day_of_week_operator.py for tasks to queue
[2026-02-22T23:12:41.067+0000] {logging_mixin.py:190} INFO - [2026-02-22T23:12:41.066+0000] {dagbag.py:588} INFO - Filling up the DagBag from /home/airflow/.local/lib/python3.12/site-packages/airflow/example_dags/example_branch_day_of_week_operator.py
[2026-02-22T23:12:41.155+0000] {processor.py:925} INFO - DAG(s) 'example_weekday_branch_operator' retrieved from /home/airflow/.local/lib/python3.12/site-packages/airflow/example_dags/example_branch_day_of_week_operator.py
[2026-02-22T23:12:41.398+0000] {logging_mixin.py:190} INFO - [2026-02-22T23:12:41.397+0000] {dag.py:3239} INFO - Sync 1 DAGs
[2026-02-22T23:12:41.540+0000] {logging_mixin.py:190} INFO - [2026-02-22T23:12:41.539+0000] {dag.py:4180} INFO - Setting next_dagrun for example_weekday_branch_operator to 2026-02-21 00:00:00+00:00, run_after=2026-02-22 00:00:00+00:00
[2026-02-22T23:12:41.644+0000] {processor.py:208} INFO - Processing /home/airflow/.local/lib/python3.12/site-packages/airflow/example_dags/example_branch_day_of_week_operator.py took 0.649 seconds
[2026-02-22T23:13:33.558+0000] {processor.py:186} INFO - Started process (PID=3225) to work on /home/airflow/.local/lib/python3.12/site-packages/airflow/example_dags/example_branch_day_of_week_operator.py
[2026-02-22T23:13:33.564+0000] {processor.py:914} INFO - Processing file /home/airflow/.local/lib/python3.12/site-packages/airflow/example_dags/example_branch_day_of_week_operator.py for tasks to queue
[2026-02-22T23:13:33.573+0000] {logging_mixin.py:190} INFO - [2026-02-22T23:13:33.572+0000] {dagbag.py:588} INFO - Filling up the DagBag from /home/airflow/.local/lib/python3.12/site-packages/airflow/example_dags/example_branch_day_of_week_operator.py
[2026-02-22T23:13:33.618+0000] {processor.py:925} INFO - DAG(s) 'example_weekday_branch_operator' retrieved from /home/airflow/.local/lib/python3.12/site-packages/airflow/example_dags/example_branch_day_of_week_operator.py
[2026-02-22T23:13:33.715+0000] {logging_mixin.py:190} INFO - [2026-02-22T23:13:33.714+0000] {dag.py:3239} INFO - Sync 1 DAGs
[2026-02-22T23:13:33.830+0000] {logging_mixin.py:190} INFO - [2026-02-22T23:13:33.829+0000] {dag.py:4180} INFO - Setting next_dagrun for example_weekday_branch_operator to 2026-02-21 00:00:00+00:00, run_after=2026-02-22 00:00:00+00:00
[2026-02-22T23:13:33.928+0000] {processor.py:208} INFO - Processing /home/airflow/.local/lib/python3.12/site-packages/airflow/example_dags/example_branch_day_of_week_operator.py took 0.396 seconds
