[2026-02-22T21:46:36.400+0000] {processor.py:186} INFO - Started process (PID=2786) to work on /home/airflow/.local/lib/python3.12/site-packages/airflow/example_dags/example_kubernetes_executor.py
[2026-02-22T21:46:36.410+0000] {processor.py:914} INFO - Processing file /home/airflow/.local/lib/python3.12/site-packages/airflow/example_dags/example_kubernetes_executor.py for tasks to queue
[2026-02-22T21:46:36.428+0000] {logging_mixin.py:190} INFO - [2026-02-22T21:46:36.426+0000] {dagbag.py:588} INFO - Filling up the DagBag from /home/airflow/.local/lib/python3.12/site-packages/airflow/example_dags/example_kubernetes_executor.py
[2026-02-22T21:46:36.524+0000] {processor.py:925} INFO - DAG(s) 'example_kubernetes_executor' retrieved from /home/airflow/.local/lib/python3.12/site-packages/airflow/example_dags/example_kubernetes_executor.py
[2026-02-22T21:46:36.745+0000] {logging_mixin.py:190} INFO - [2026-02-22T21:46:36.744+0000] {dag.py:3239} INFO - Sync 1 DAGs
[2026-02-22T21:46:36.863+0000] {logging_mixin.py:190} INFO - [2026-02-22T21:46:36.863+0000] {dag.py:4180} INFO - Setting next_dagrun for example_kubernetes_executor to None, run_after=None
[2026-02-22T21:46:37.012+0000] {processor.py:208} INFO - Processing /home/airflow/.local/lib/python3.12/site-packages/airflow/example_dags/example_kubernetes_executor.py took 0.664 seconds
[2026-02-22T21:47:27.334+0000] {processor.py:186} INFO - Started process (PID=2858) to work on /home/airflow/.local/lib/python3.12/site-packages/airflow/example_dags/example_kubernetes_executor.py
[2026-02-22T21:47:27.342+0000] {processor.py:914} INFO - Processing file /home/airflow/.local/lib/python3.12/site-packages/airflow/example_dags/example_kubernetes_executor.py for tasks to queue
[2026-02-22T21:47:27.351+0000] {logging_mixin.py:190} INFO - [2026-02-22T21:47:27.350+0000] {dagbag.py:588} INFO - Filling up the DagBag from /home/airflow/.local/lib/python3.12/site-packages/airflow/example_dags/example_kubernetes_executor.py
[2026-02-22T21:47:27.453+0000] {processor.py:925} INFO - DAG(s) 'example_kubernetes_executor' retrieved from /home/airflow/.local/lib/python3.12/site-packages/airflow/example_dags/example_kubernetes_executor.py
[2026-02-22T21:47:27.627+0000] {logging_mixin.py:190} INFO - [2026-02-22T21:47:27.626+0000] {dag.py:3239} INFO - Sync 1 DAGs
[2026-02-22T21:47:27.728+0000] {logging_mixin.py:190} INFO - [2026-02-22T21:47:27.727+0000] {dag.py:4180} INFO - Setting next_dagrun for example_kubernetes_executor to None, run_after=None
[2026-02-22T21:47:27.869+0000] {processor.py:208} INFO - Processing /home/airflow/.local/lib/python3.12/site-packages/airflow/example_dags/example_kubernetes_executor.py took 0.575 seconds
[2026-02-22T22:32:54.167+0000] {processor.py:186} INFO - Started process (PID=2978) to work on /home/airflow/.local/lib/python3.12/site-packages/airflow/example_dags/example_kubernetes_executor.py
[2026-02-22T22:32:54.173+0000] {processor.py:914} INFO - Processing file /home/airflow/.local/lib/python3.12/site-packages/airflow/example_dags/example_kubernetes_executor.py for tasks to queue
[2026-02-22T22:32:54.181+0000] {logging_mixin.py:190} INFO - [2026-02-22T22:32:54.180+0000] {dagbag.py:588} INFO - Filling up the DagBag from /home/airflow/.local/lib/python3.12/site-packages/airflow/example_dags/example_kubernetes_executor.py
[2026-02-22T22:32:54.263+0000] {processor.py:925} INFO - DAG(s) 'example_kubernetes_executor' retrieved from /home/airflow/.local/lib/python3.12/site-packages/airflow/example_dags/example_kubernetes_executor.py
[2026-02-22T22:32:54.411+0000] {logging_mixin.py:190} INFO - [2026-02-22T22:32:54.410+0000] {dag.py:3239} INFO - Sync 1 DAGs
[2026-02-22T22:32:54.484+0000] {logging_mixin.py:190} INFO - [2026-02-22T22:32:54.483+0000] {dag.py:4180} INFO - Setting next_dagrun for example_kubernetes_executor to None, run_after=None
[2026-02-22T22:32:54.582+0000] {processor.py:208} INFO - Processing /home/airflow/.local/lib/python3.12/site-packages/airflow/example_dags/example_kubernetes_executor.py took 0.463 seconds
[2026-02-22T22:33:29.311+0000] {processor.py:186} INFO - Started process (PID=3043) to work on /home/airflow/.local/lib/python3.12/site-packages/airflow/example_dags/example_kubernetes_executor.py
[2026-02-22T22:33:29.322+0000] {processor.py:914} INFO - Processing file /home/airflow/.local/lib/python3.12/site-packages/airflow/example_dags/example_kubernetes_executor.py for tasks to queue
[2026-02-22T22:33:29.331+0000] {logging_mixin.py:190} INFO - [2026-02-22T22:33:29.329+0000] {dagbag.py:588} INFO - Filling up the DagBag from /home/airflow/.local/lib/python3.12/site-packages/airflow/example_dags/example_kubernetes_executor.py
[2026-02-22T22:33:29.405+0000] {processor.py:925} INFO - DAG(s) 'example_kubernetes_executor' retrieved from /home/airflow/.local/lib/python3.12/site-packages/airflow/example_dags/example_kubernetes_executor.py
[2026-02-22T22:33:29.598+0000] {logging_mixin.py:190} INFO - [2026-02-22T22:33:29.597+0000] {dag.py:3239} INFO - Sync 1 DAGs
[2026-02-22T22:33:29.703+0000] {logging_mixin.py:190} INFO - [2026-02-22T22:33:29.702+0000] {dag.py:4180} INFO - Setting next_dagrun for example_kubernetes_executor to None, run_after=None
[2026-02-22T22:33:29.830+0000] {processor.py:208} INFO - Processing /home/airflow/.local/lib/python3.12/site-packages/airflow/example_dags/example_kubernetes_executor.py took 0.553 seconds
[2026-02-22T23:13:23.210+0000] {processor.py:186} INFO - Started process (PID=3203) to work on /home/airflow/.local/lib/python3.12/site-packages/airflow/example_dags/example_kubernetes_executor.py
[2026-02-22T23:13:23.223+0000] {processor.py:914} INFO - Processing file /home/airflow/.local/lib/python3.12/site-packages/airflow/example_dags/example_kubernetes_executor.py for tasks to queue
[2026-02-22T23:13:23.254+0000] {logging_mixin.py:190} INFO - [2026-02-22T23:13:23.249+0000] {dagbag.py:588} INFO - Filling up the DagBag from /home/airflow/.local/lib/python3.12/site-packages/airflow/example_dags/example_kubernetes_executor.py
[2026-02-22T23:13:23.497+0000] {processor.py:925} INFO - DAG(s) 'example_kubernetes_executor' retrieved from /home/airflow/.local/lib/python3.12/site-packages/airflow/example_dags/example_kubernetes_executor.py
[2026-02-22T23:13:23.811+0000] {logging_mixin.py:190} INFO - [2026-02-22T23:13:23.809+0000] {dag.py:3239} INFO - Sync 1 DAGs
[2026-02-22T23:13:23.970+0000] {logging_mixin.py:190} INFO - [2026-02-22T23:13:23.968+0000] {dag.py:4180} INFO - Setting next_dagrun for example_kubernetes_executor to None, run_after=None
[2026-02-22T23:13:24.139+0000] {processor.py:208} INFO - Processing /home/airflow/.local/lib/python3.12/site-packages/airflow/example_dags/example_kubernetes_executor.py took 1.015 seconds
[2026-02-22T23:13:55.609+0000] {processor.py:186} INFO - Started process (PID=3267) to work on /home/airflow/.local/lib/python3.12/site-packages/airflow/example_dags/example_kubernetes_executor.py
[2026-02-22T23:13:55.631+0000] {processor.py:914} INFO - Processing file /home/airflow/.local/lib/python3.12/site-packages/airflow/example_dags/example_kubernetes_executor.py for tasks to queue
[2026-02-22T23:13:55.646+0000] {logging_mixin.py:190} INFO - [2026-02-22T23:13:55.644+0000] {dagbag.py:588} INFO - Filling up the DagBag from /home/airflow/.local/lib/python3.12/site-packages/airflow/example_dags/example_kubernetes_executor.py
[2026-02-22T23:13:55.817+0000] {processor.py:925} INFO - DAG(s) 'example_kubernetes_executor' retrieved from /home/airflow/.local/lib/python3.12/site-packages/airflow/example_dags/example_kubernetes_executor.py
[2026-02-22T23:13:56.050+0000] {logging_mixin.py:190} INFO - [2026-02-22T23:13:56.049+0000] {dag.py:3239} INFO - Sync 1 DAGs
[2026-02-22T23:13:56.137+0000] {logging_mixin.py:190} INFO - [2026-02-22T23:13:56.136+0000] {dag.py:4180} INFO - Setting next_dagrun for example_kubernetes_executor to None, run_after=None
[2026-02-22T23:13:56.264+0000] {processor.py:208} INFO - Processing /home/airflow/.local/lib/python3.12/site-packages/airflow/example_dags/example_kubernetes_executor.py took 0.794 seconds
