[2026-02-22T21:45:25.654+0000] {processor.py:186} INFO - Started process (PID=2743) to work on /home/airflow/.local/lib/python3.12/site-packages/airflow/example_dags/example_sla_dag.py
[2026-02-22T21:45:25.675+0000] {processor.py:914} INFO - Processing file /home/airflow/.local/lib/python3.12/site-packages/airflow/example_dags/example_sla_dag.py for tasks to queue
[2026-02-22T21:45:25.731+0000] {logging_mixin.py:190} INFO - [2026-02-22T21:45:25.728+0000] {dagbag.py:588} INFO - Filling up the DagBag from /home/airflow/.local/lib/python3.12/site-packages/airflow/example_dags/example_sla_dag.py
[2026-02-22T21:45:26.169+0000] {processor.py:925} INFO - DAG(s) 'example_sla_dag' retrieved from /home/airflow/.local/lib/python3.12/site-packages/airflow/example_dags/example_sla_dag.py
[2026-02-22T21:45:33.175+0000] {logging_mixin.py:190} INFO - [2026-02-22T21:45:33.174+0000] {dag.py:3239} INFO - Sync 1 DAGs
[2026-02-22T21:45:33.686+0000] {logging_mixin.py:190} INFO - [2026-02-22T21:45:33.667+0000] {dag.py:4180} INFO - Setting next_dagrun for example_sla_dag to 2026-02-22 21:42:00+00:00, run_after=2026-02-22 21:44:00+00:00
[2026-02-22T21:45:33.978+0000] {processor.py:208} INFO - Processing /home/airflow/.local/lib/python3.12/site-packages/airflow/example_dags/example_sla_dag.py took 8.469 seconds
[2026-02-22T21:46:50.309+0000] {processor.py:186} INFO - Started process (PID=2816) to work on /home/airflow/.local/lib/python3.12/site-packages/airflow/example_dags/example_sla_dag.py
[2026-02-22T21:46:50.312+0000] {processor.py:914} INFO - Processing file /home/airflow/.local/lib/python3.12/site-packages/airflow/example_dags/example_sla_dag.py for tasks to queue
[2026-02-22T21:46:50.320+0000] {logging_mixin.py:190} INFO - [2026-02-22T21:46:50.317+0000] {dagbag.py:588} INFO - Filling up the DagBag from /home/airflow/.local/lib/python3.12/site-packages/airflow/example_dags/example_sla_dag.py
[2026-02-22T21:46:50.403+0000] {processor.py:925} INFO - DAG(s) 'example_sla_dag' retrieved from /home/airflow/.local/lib/python3.12/site-packages/airflow/example_dags/example_sla_dag.py
[2026-02-22T21:46:50.540+0000] {logging_mixin.py:190} INFO - [2026-02-22T21:46:50.538+0000] {dag.py:3239} INFO - Sync 1 DAGs
[2026-02-22T21:46:50.696+0000] {logging_mixin.py:190} INFO - [2026-02-22T21:46:50.695+0000] {dag.py:4180} INFO - Setting next_dagrun for example_sla_dag to 2026-02-22 21:44:00+00:00, run_after=2026-02-22 21:46:00+00:00
[2026-02-22T21:46:50.816+0000] {processor.py:208} INFO - Processing /home/airflow/.local/lib/python3.12/site-packages/airflow/example_dags/example_sla_dag.py took 0.540 seconds
[2026-02-22T21:47:44.772+0000] {processor.py:186} INFO - Started process (PID=2884) to work on /home/airflow/.local/lib/python3.12/site-packages/airflow/example_dags/example_sla_dag.py
[2026-02-22T21:47:44.790+0000] {processor.py:914} INFO - Processing file /home/airflow/.local/lib/python3.12/site-packages/airflow/example_dags/example_sla_dag.py for tasks to queue
[2026-02-22T21:47:44.810+0000] {logging_mixin.py:190} INFO - [2026-02-22T21:47:44.808+0000] {dagbag.py:588} INFO - Filling up the DagBag from /home/airflow/.local/lib/python3.12/site-packages/airflow/example_dags/example_sla_dag.py
[2026-02-22T21:47:44.948+0000] {processor.py:925} INFO - DAG(s) 'example_sla_dag' retrieved from /home/airflow/.local/lib/python3.12/site-packages/airflow/example_dags/example_sla_dag.py
[2026-02-22T21:47:45.217+0000] {logging_mixin.py:190} INFO - [2026-02-22T21:47:45.216+0000] {dag.py:3239} INFO - Sync 1 DAGs
[2026-02-22T21:47:45.446+0000] {logging_mixin.py:190} INFO - [2026-02-22T21:47:45.444+0000] {dag.py:4180} INFO - Setting next_dagrun for example_sla_dag to 2026-02-22 21:44:00+00:00, run_after=2026-02-22 21:46:00+00:00
[2026-02-22T21:47:45.615+0000] {processor.py:208} INFO - Processing /home/airflow/.local/lib/python3.12/site-packages/airflow/example_dags/example_sla_dag.py took 0.911 seconds
[2026-02-22T22:32:17.749+0000] {processor.py:186} INFO - Started process (PID=2933) to work on /home/airflow/.local/lib/python3.12/site-packages/airflow/example_dags/example_sla_dag.py
[2026-02-22T22:32:17.755+0000] {processor.py:914} INFO - Processing file /home/airflow/.local/lib/python3.12/site-packages/airflow/example_dags/example_sla_dag.py for tasks to queue
[2026-02-22T22:32:17.762+0000] {logging_mixin.py:190} INFO - [2026-02-22T22:32:17.760+0000] {dagbag.py:588} INFO - Filling up the DagBag from /home/airflow/.local/lib/python3.12/site-packages/airflow/example_dags/example_sla_dag.py
[2026-02-22T22:32:17.826+0000] {processor.py:925} INFO - DAG(s) 'example_sla_dag' retrieved from /home/airflow/.local/lib/python3.12/site-packages/airflow/example_dags/example_sla_dag.py
[2026-02-22T22:32:17.976+0000] {logging_mixin.py:190} INFO - [2026-02-22T22:32:17.964+0000] {dag.py:3239} INFO - Sync 1 DAGs
[2026-02-22T22:32:18.189+0000] {logging_mixin.py:190} INFO - [2026-02-22T22:32:18.188+0000] {dag.py:4180} INFO - Setting next_dagrun for example_sla_dag to 2026-02-22 22:30:00+00:00, run_after=2026-02-22 22:32:00+00:00
[2026-02-22T22:32:18.444+0000] {processor.py:208} INFO - Processing /home/airflow/.local/lib/python3.12/site-packages/airflow/example_dags/example_sla_dag.py took 0.732 seconds
[2026-02-22T22:33:06.134+0000] {processor.py:186} INFO - Started process (PID=3004) to work on /home/airflow/.local/lib/python3.12/site-packages/airflow/example_dags/example_sla_dag.py
[2026-02-22T22:33:06.140+0000] {processor.py:914} INFO - Processing file /home/airflow/.local/lib/python3.12/site-packages/airflow/example_dags/example_sla_dag.py for tasks to queue
[2026-02-22T22:33:06.148+0000] {logging_mixin.py:190} INFO - [2026-02-22T22:33:06.146+0000] {dagbag.py:588} INFO - Filling up the DagBag from /home/airflow/.local/lib/python3.12/site-packages/airflow/example_dags/example_sla_dag.py
[2026-02-22T22:33:06.191+0000] {processor.py:925} INFO - DAG(s) 'example_sla_dag' retrieved from /home/airflow/.local/lib/python3.12/site-packages/airflow/example_dags/example_sla_dag.py
[2026-02-22T22:33:06.296+0000] {logging_mixin.py:190} INFO - [2026-02-22T22:33:06.295+0000] {dag.py:3239} INFO - Sync 1 DAGs
[2026-02-22T22:33:06.409+0000] {logging_mixin.py:190} INFO - [2026-02-22T22:33:06.408+0000] {dag.py:4180} INFO - Setting next_dagrun for example_sla_dag to 2026-02-22 22:30:00+00:00, run_after=2026-02-22 22:32:00+00:00
[2026-02-22T22:33:06.500+0000] {processor.py:208} INFO - Processing /home/airflow/.local/lib/python3.12/site-packages/airflow/example_dags/example_sla_dag.py took 0.399 seconds
[2026-02-22T22:33:45.147+0000] {processor.py:186} INFO - Started process (PID=3069) to work on /home/airflow/.local/lib/python3.12/site-packages/airflow/example_dags/example_sla_dag.py
[2026-02-22T22:33:45.153+0000] {processor.py:914} INFO - Processing file /home/airflow/.local/lib/python3.12/site-packages/airflow/example_dags/example_sla_dag.py for tasks to queue
[2026-02-22T22:33:45.165+0000] {logging_mixin.py:190} INFO - [2026-02-22T22:33:45.160+0000] {dagbag.py:588} INFO - Filling up the DagBag from /home/airflow/.local/lib/python3.12/site-packages/airflow/example_dags/example_sla_dag.py
[2026-02-22T22:33:45.245+0000] {processor.py:925} INFO - DAG(s) 'example_sla_dag' retrieved from /home/airflow/.local/lib/python3.12/site-packages/airflow/example_dags/example_sla_dag.py
[2026-02-22T22:33:45.506+0000] {logging_mixin.py:190} INFO - [2026-02-22T22:33:45.504+0000] {dag.py:3239} INFO - Sync 1 DAGs
[2026-02-22T22:33:45.758+0000] {logging_mixin.py:190} INFO - [2026-02-22T22:33:45.756+0000] {dag.py:4180} INFO - Setting next_dagrun for example_sla_dag to 2026-02-22 22:30:00+00:00, run_after=2026-02-22 22:32:00+00:00
[2026-02-22T22:33:45.976+0000] {processor.py:208} INFO - Processing /home/airflow/.local/lib/python3.12/site-packages/airflow/example_dags/example_sla_dag.py took 0.920 seconds
[2026-02-22T22:52:00.591+0000] {processor.py:186} INFO - Started process (PID=3126) to work on /home/airflow/.local/lib/python3.12/site-packages/airflow/example_dags/example_sla_dag.py
[2026-02-22T22:52:00.599+0000] {processor.py:914} INFO - Processing file /home/airflow/.local/lib/python3.12/site-packages/airflow/example_dags/example_sla_dag.py for tasks to queue
[2026-02-22T22:52:00.607+0000] {logging_mixin.py:190} INFO - [2026-02-22T22:52:00.602+0000] {dagbag.py:588} INFO - Filling up the DagBag from /home/airflow/.local/lib/python3.12/site-packages/airflow/example_dags/example_sla_dag.py
[2026-02-22T22:52:00.816+0000] {processor.py:925} INFO - DAG(s) 'example_sla_dag' retrieved from /home/airflow/.local/lib/python3.12/site-packages/airflow/example_dags/example_sla_dag.py
[2026-02-22T22:52:01.087+0000] {logging_mixin.py:190} INFO - [2026-02-22T22:52:01.086+0000] {dag.py:3239} INFO - Sync 1 DAGs
[2026-02-22T22:52:01.475+0000] {logging_mixin.py:190} INFO - [2026-02-22T22:52:01.463+0000] {dag.py:4180} INFO - Setting next_dagrun for example_sla_dag to 2026-02-22 22:50:00+00:00, run_after=2026-02-22 22:52:00+00:00
[2026-02-22T22:52:01.869+0000] {processor.py:208} INFO - Processing /home/airflow/.local/lib/python3.12/site-packages/airflow/example_dags/example_sla_dag.py took 1.277 seconds
[2026-02-22T23:12:46.416+0000] {processor.py:186} INFO - Started process (PID=3164) to work on /home/airflow/.local/lib/python3.12/site-packages/airflow/example_dags/example_sla_dag.py
[2026-02-22T23:12:46.421+0000] {processor.py:914} INFO - Processing file /home/airflow/.local/lib/python3.12/site-packages/airflow/example_dags/example_sla_dag.py for tasks to queue
[2026-02-22T23:12:46.428+0000] {logging_mixin.py:190} INFO - [2026-02-22T23:12:46.426+0000] {dagbag.py:588} INFO - Filling up the DagBag from /home/airflow/.local/lib/python3.12/site-packages/airflow/example_dags/example_sla_dag.py
[2026-02-22T23:12:46.481+0000] {processor.py:925} INFO - DAG(s) 'example_sla_dag' retrieved from /home/airflow/.local/lib/python3.12/site-packages/airflow/example_dags/example_sla_dag.py
[2026-02-22T23:12:46.664+0000] {logging_mixin.py:190} INFO - [2026-02-22T23:12:46.661+0000] {dag.py:3239} INFO - Sync 1 DAGs
[2026-02-22T23:12:46.929+0000] {logging_mixin.py:190} INFO - [2026-02-22T23:12:46.918+0000] {dag.py:4180} INFO - Setting next_dagrun for example_sla_dag to 2026-02-22 23:10:00+00:00, run_after=2026-02-22 23:12:00+00:00
[2026-02-22T23:12:47.154+0000] {processor.py:208} INFO - Processing /home/airflow/.local/lib/python3.12/site-packages/airflow/example_dags/example_sla_dag.py took 0.778 seconds
[2026-02-22T23:13:36.655+0000] {processor.py:186} INFO - Started process (PID=3235) to work on /home/airflow/.local/lib/python3.12/site-packages/airflow/example_dags/example_sla_dag.py
[2026-02-22T23:13:36.660+0000] {processor.py:914} INFO - Processing file /home/airflow/.local/lib/python3.12/site-packages/airflow/example_dags/example_sla_dag.py for tasks to queue
[2026-02-22T23:13:36.666+0000] {logging_mixin.py:190} INFO - [2026-02-22T23:13:36.664+0000] {dagbag.py:588} INFO - Filling up the DagBag from /home/airflow/.local/lib/python3.12/site-packages/airflow/example_dags/example_sla_dag.py
[2026-02-22T23:13:36.699+0000] {processor.py:925} INFO - DAG(s) 'example_sla_dag' retrieved from /home/airflow/.local/lib/python3.12/site-packages/airflow/example_dags/example_sla_dag.py
[2026-02-22T23:13:36.796+0000] {logging_mixin.py:190} INFO - [2026-02-22T23:13:36.795+0000] {dag.py:3239} INFO - Sync 1 DAGs
[2026-02-22T23:13:36.921+0000] {logging_mixin.py:190} INFO - [2026-02-22T23:13:36.920+0000] {dag.py:4180} INFO - Setting next_dagrun for example_sla_dag to 2026-02-22 23:10:00+00:00, run_after=2026-02-22 23:12:00+00:00
[2026-02-22T23:13:37.006+0000] {processor.py:208} INFO - Processing /home/airflow/.local/lib/python3.12/site-packages/airflow/example_dags/example_sla_dag.py took 0.375 seconds
