[2026-02-22T21:46:40.377+0000] {processor.py:186} INFO - Started process (PID=2791) to work on /home/airflow/.local/lib/python3.12/site-packages/airflow/example_dags/example_python_operator.py
[2026-02-22T21:46:40.383+0000] {processor.py:914} INFO - Processing file /home/airflow/.local/lib/python3.12/site-packages/airflow/example_dags/example_python_operator.py for tasks to queue
[2026-02-22T21:46:40.396+0000] {logging_mixin.py:190} INFO - [2026-02-22T21:46:40.393+0000] {dagbag.py:588} INFO - Filling up the DagBag from /home/airflow/.local/lib/python3.12/site-packages/airflow/example_dags/example_python_operator.py
[2026-02-22T21:46:40.511+0000] {processor.py:925} INFO - DAG(s) 'example_python_operator' retrieved from /home/airflow/.local/lib/python3.12/site-packages/airflow/example_dags/example_python_operator.py
[2026-02-22T21:46:40.756+0000] {logging_mixin.py:190} INFO - [2026-02-22T21:46:40.754+0000] {dag.py:3239} INFO - Sync 1 DAGs
[2026-02-22T21:46:40.929+0000] {logging_mixin.py:190} INFO - [2026-02-22T21:46:40.927+0000] {dag.py:4180} INFO - Setting next_dagrun for example_python_operator to None, run_after=None
[2026-02-22T21:46:41.036+0000] {processor.py:208} INFO - Processing /home/airflow/.local/lib/python3.12/site-packages/airflow/example_dags/example_python_operator.py took 0.704 seconds
[2026-02-22T21:47:30.167+0000] {processor.py:186} INFO - Started process (PID=2862) to work on /home/airflow/.local/lib/python3.12/site-packages/airflow/example_dags/example_python_operator.py
[2026-02-22T21:47:30.176+0000] {processor.py:914} INFO - Processing file /home/airflow/.local/lib/python3.12/site-packages/airflow/example_dags/example_python_operator.py for tasks to queue
[2026-02-22T21:47:30.182+0000] {logging_mixin.py:190} INFO - [2026-02-22T21:47:30.180+0000] {dagbag.py:588} INFO - Filling up the DagBag from /home/airflow/.local/lib/python3.12/site-packages/airflow/example_dags/example_python_operator.py
[2026-02-22T21:47:30.276+0000] {processor.py:925} INFO - DAG(s) 'example_python_operator' retrieved from /home/airflow/.local/lib/python3.12/site-packages/airflow/example_dags/example_python_operator.py
[2026-02-22T21:47:30.449+0000] {logging_mixin.py:190} INFO - [2026-02-22T21:47:30.447+0000] {dag.py:3239} INFO - Sync 1 DAGs
[2026-02-22T21:47:30.581+0000] {logging_mixin.py:190} INFO - [2026-02-22T21:47:30.568+0000] {dag.py:4180} INFO - Setting next_dagrun for example_python_operator to None, run_after=None
[2026-02-22T21:47:30.761+0000] {processor.py:208} INFO - Processing /home/airflow/.local/lib/python3.12/site-packages/airflow/example_dags/example_python_operator.py took 0.634 seconds
[2026-02-22T22:32:57.308+0000] {processor.py:186} INFO - Started process (PID=2983) to work on /home/airflow/.local/lib/python3.12/site-packages/airflow/example_dags/example_python_operator.py
[2026-02-22T22:32:57.313+0000] {processor.py:914} INFO - Processing file /home/airflow/.local/lib/python3.12/site-packages/airflow/example_dags/example_python_operator.py for tasks to queue
[2026-02-22T22:32:57.320+0000] {logging_mixin.py:190} INFO - [2026-02-22T22:32:57.319+0000] {dagbag.py:588} INFO - Filling up the DagBag from /home/airflow/.local/lib/python3.12/site-packages/airflow/example_dags/example_python_operator.py
[2026-02-22T22:32:57.379+0000] {processor.py:925} INFO - DAG(s) 'example_python_operator' retrieved from /home/airflow/.local/lib/python3.12/site-packages/airflow/example_dags/example_python_operator.py
[2026-02-22T22:32:57.487+0000] {logging_mixin.py:190} INFO - [2026-02-22T22:32:57.485+0000] {dag.py:3239} INFO - Sync 1 DAGs
[2026-02-22T22:32:57.574+0000] {logging_mixin.py:190} INFO - [2026-02-22T22:32:57.573+0000] {dag.py:4180} INFO - Setting next_dagrun for example_python_operator to None, run_after=None
[2026-02-22T22:32:57.657+0000] {processor.py:208} INFO - Processing /home/airflow/.local/lib/python3.12/site-packages/airflow/example_dags/example_python_operator.py took 0.385 seconds
[2026-02-22T22:33:33.791+0000] {processor.py:186} INFO - Started process (PID=3048) to work on /home/airflow/.local/lib/python3.12/site-packages/airflow/example_dags/example_python_operator.py
[2026-02-22T22:33:33.797+0000] {processor.py:914} INFO - Processing file /home/airflow/.local/lib/python3.12/site-packages/airflow/example_dags/example_python_operator.py for tasks to queue
[2026-02-22T22:33:33.810+0000] {logging_mixin.py:190} INFO - [2026-02-22T22:33:33.807+0000] {dagbag.py:588} INFO - Filling up the DagBag from /home/airflow/.local/lib/python3.12/site-packages/airflow/example_dags/example_python_operator.py
[2026-02-22T22:33:33.899+0000] {processor.py:925} INFO - DAG(s) 'example_python_operator' retrieved from /home/airflow/.local/lib/python3.12/site-packages/airflow/example_dags/example_python_operator.py
[2026-02-22T22:33:34.078+0000] {logging_mixin.py:190} INFO - [2026-02-22T22:33:34.076+0000] {dag.py:3239} INFO - Sync 1 DAGs
[2026-02-22T22:33:34.172+0000] {logging_mixin.py:190} INFO - [2026-02-22T22:33:34.171+0000] {dag.py:4180} INFO - Setting next_dagrun for example_python_operator to None, run_after=None
[2026-02-22T22:33:34.299+0000] {processor.py:208} INFO - Processing /home/airflow/.local/lib/python3.12/site-packages/airflow/example_dags/example_python_operator.py took 0.552 seconds
[2026-02-22T23:13:29.047+0000] {processor.py:186} INFO - Started process (PID=3214) to work on /home/airflow/.local/lib/python3.12/site-packages/airflow/example_dags/example_python_operator.py
[2026-02-22T23:13:29.054+0000] {processor.py:914} INFO - Processing file /home/airflow/.local/lib/python3.12/site-packages/airflow/example_dags/example_python_operator.py for tasks to queue
[2026-02-22T23:13:29.065+0000] {logging_mixin.py:190} INFO - [2026-02-22T23:13:29.063+0000] {dagbag.py:588} INFO - Filling up the DagBag from /home/airflow/.local/lib/python3.12/site-packages/airflow/example_dags/example_python_operator.py
[2026-02-22T23:13:29.142+0000] {processor.py:925} INFO - DAG(s) 'example_python_operator' retrieved from /home/airflow/.local/lib/python3.12/site-packages/airflow/example_dags/example_python_operator.py
[2026-02-22T23:13:29.326+0000] {logging_mixin.py:190} INFO - [2026-02-22T23:13:29.325+0000] {dag.py:3239} INFO - Sync 1 DAGs
[2026-02-22T23:13:29.472+0000] {logging_mixin.py:190} INFO - [2026-02-22T23:13:29.471+0000] {dag.py:4180} INFO - Setting next_dagrun for example_python_operator to None, run_after=None
[2026-02-22T23:13:29.600+0000] {processor.py:208} INFO - Processing /home/airflow/.local/lib/python3.12/site-packages/airflow/example_dags/example_python_operator.py took 0.603 seconds
[2026-02-22T23:14:02.443+0000] {processor.py:186} INFO - Started process (PID=3279) to work on /home/airflow/.local/lib/python3.12/site-packages/airflow/example_dags/example_python_operator.py
[2026-02-22T23:14:02.451+0000] {processor.py:914} INFO - Processing file /home/airflow/.local/lib/python3.12/site-packages/airflow/example_dags/example_python_operator.py for tasks to queue
[2026-02-22T23:14:02.468+0000] {logging_mixin.py:190} INFO - [2026-02-22T23:14:02.466+0000] {dagbag.py:588} INFO - Filling up the DagBag from /home/airflow/.local/lib/python3.12/site-packages/airflow/example_dags/example_python_operator.py
[2026-02-22T23:14:02.572+0000] {processor.py:925} INFO - DAG(s) 'example_python_operator' retrieved from /home/airflow/.local/lib/python3.12/site-packages/airflow/example_dags/example_python_operator.py
[2026-02-22T23:14:02.931+0000] {logging_mixin.py:190} INFO - [2026-02-22T23:14:02.928+0000] {dag.py:3239} INFO - Sync 1 DAGs
[2026-02-22T23:14:03.150+0000] {logging_mixin.py:190} INFO - [2026-02-22T23:14:03.130+0000] {dag.py:4180} INFO - Setting next_dagrun for example_python_operator to None, run_after=None
[2026-02-22T23:14:03.341+0000] {processor.py:208} INFO - Processing /home/airflow/.local/lib/python3.12/site-packages/airflow/example_dags/example_python_operator.py took 0.947 seconds
