[2026-02-22T21:44:06.399+0000] {processor.py:186} INFO - Started process (PID=2741) to work on /home/airflow/.local/lib/python3.12/site-packages/airflow/example_dags/example_bash_decorator.py
[2026-02-22T21:44:06.495+0000] {processor.py:914} INFO - Processing file /home/airflow/.local/lib/python3.12/site-packages/airflow/example_dags/example_bash_decorator.py for tasks to queue
[2026-02-22T21:44:06.564+0000] {logging_mixin.py:190} INFO - [2026-02-22T21:44:06.557+0000] {dagbag.py:588} INFO - Filling up the DagBag from /home/airflow/.local/lib/python3.12/site-packages/airflow/example_dags/example_bash_decorator.py
[2026-02-22T21:44:07.504+0000] {processor.py:925} INFO - DAG(s) 'example_bash_decorator' retrieved from /home/airflow/.local/lib/python3.12/site-packages/airflow/example_dags/example_bash_decorator.py
[2026-02-22T21:46:49.140+0000] {processor.py:186} INFO - Started process (PID=2814) to work on /home/airflow/.local/lib/python3.12/site-packages/airflow/example_dags/example_bash_decorator.py
[2026-02-22T21:46:49.144+0000] {processor.py:914} INFO - Processing file /home/airflow/.local/lib/python3.12/site-packages/airflow/example_dags/example_bash_decorator.py for tasks to queue
[2026-02-22T21:46:49.155+0000] {logging_mixin.py:190} INFO - [2026-02-22T21:46:49.153+0000] {dagbag.py:588} INFO - Filling up the DagBag from /home/airflow/.local/lib/python3.12/site-packages/airflow/example_dags/example_bash_decorator.py
[2026-02-22T21:46:49.273+0000] {processor.py:925} INFO - DAG(s) 'example_bash_decorator' retrieved from /home/airflow/.local/lib/python3.12/site-packages/airflow/example_dags/example_bash_decorator.py
[2026-02-22T21:46:49.909+0000] {logging_mixin.py:190} INFO - [2026-02-22T21:46:49.908+0000] {dag.py:3239} INFO - Sync 1 DAGs
[2026-02-22T21:46:49.984+0000] {logging_mixin.py:190} INFO - [2026-02-22T21:46:49.983+0000] {dag.py:4180} INFO - Setting next_dagrun for example_bash_decorator to None, run_after=None
[2026-02-22T21:46:50.069+0000] {processor.py:208} INFO - Processing /home/airflow/.local/lib/python3.12/site-packages/airflow/example_dags/example_bash_decorator.py took 0.966 seconds
[2026-02-22T21:47:43.261+0000] {processor.py:186} INFO - Started process (PID=2882) to work on /home/airflow/.local/lib/python3.12/site-packages/airflow/example_dags/example_bash_decorator.py
[2026-02-22T21:47:43.267+0000] {processor.py:914} INFO - Processing file /home/airflow/.local/lib/python3.12/site-packages/airflow/example_dags/example_bash_decorator.py for tasks to queue
[2026-02-22T21:47:43.275+0000] {logging_mixin.py:190} INFO - [2026-02-22T21:47:43.273+0000] {dagbag.py:588} INFO - Filling up the DagBag from /home/airflow/.local/lib/python3.12/site-packages/airflow/example_dags/example_bash_decorator.py
[2026-02-22T21:47:43.555+0000] {processor.py:925} INFO - DAG(s) 'example_bash_decorator' retrieved from /home/airflow/.local/lib/python3.12/site-packages/airflow/example_dags/example_bash_decorator.py
[2026-02-22T21:47:43.894+0000] {logging_mixin.py:190} INFO - [2026-02-22T21:47:43.893+0000] {dag.py:3239} INFO - Sync 1 DAGs
[2026-02-22T21:47:44.036+0000] {logging_mixin.py:190} INFO - [2026-02-22T21:47:44.035+0000] {dag.py:4180} INFO - Setting next_dagrun for example_bash_decorator to None, run_after=None
[2026-02-22T21:47:44.226+0000] {processor.py:208} INFO - Processing /home/airflow/.local/lib/python3.12/site-packages/airflow/example_dags/example_bash_decorator.py took 1.025 seconds
[2026-02-22T22:32:16.777+0000] {processor.py:186} INFO - Started process (PID=2931) to work on /home/airflow/.local/lib/python3.12/site-packages/airflow/example_dags/example_bash_decorator.py
[2026-02-22T22:32:16.784+0000] {processor.py:914} INFO - Processing file /home/airflow/.local/lib/python3.12/site-packages/airflow/example_dags/example_bash_decorator.py for tasks to queue
[2026-02-22T22:32:16.793+0000] {logging_mixin.py:190} INFO - [2026-02-22T22:32:16.790+0000] {dagbag.py:588} INFO - Filling up the DagBag from /home/airflow/.local/lib/python3.12/site-packages/airflow/example_dags/example_bash_decorator.py
[2026-02-22T22:32:16.884+0000] {processor.py:925} INFO - DAG(s) 'example_bash_decorator' retrieved from /home/airflow/.local/lib/python3.12/site-packages/airflow/example_dags/example_bash_decorator.py
[2026-02-22T22:32:17.123+0000] {logging_mixin.py:190} INFO - [2026-02-22T22:32:17.122+0000] {dag.py:3239} INFO - Sync 1 DAGs
[2026-02-22T22:32:17.226+0000] {logging_mixin.py:190} INFO - [2026-02-22T22:32:17.225+0000] {dag.py:4180} INFO - Setting next_dagrun for example_bash_decorator to None, run_after=None
[2026-02-22T22:32:17.418+0000] {processor.py:208} INFO - Processing /home/airflow/.local/lib/python3.12/site-packages/airflow/example_dags/example_bash_decorator.py took 0.724 seconds
[2026-02-22T22:33:05.534+0000] {processor.py:186} INFO - Started process (PID=3002) to work on /home/airflow/.local/lib/python3.12/site-packages/airflow/example_dags/example_bash_decorator.py
[2026-02-22T22:33:05.539+0000] {processor.py:914} INFO - Processing file /home/airflow/.local/lib/python3.12/site-packages/airflow/example_dags/example_bash_decorator.py for tasks to queue
[2026-02-22T22:33:05.546+0000] {logging_mixin.py:190} INFO - [2026-02-22T22:33:05.544+0000] {dagbag.py:588} INFO - Filling up the DagBag from /home/airflow/.local/lib/python3.12/site-packages/airflow/example_dags/example_bash_decorator.py
[2026-02-22T22:33:05.613+0000] {processor.py:925} INFO - DAG(s) 'example_bash_decorator' retrieved from /home/airflow/.local/lib/python3.12/site-packages/airflow/example_dags/example_bash_decorator.py
[2026-02-22T22:33:05.740+0000] {logging_mixin.py:190} INFO - [2026-02-22T22:33:05.739+0000] {dag.py:3239} INFO - Sync 1 DAGs
[2026-02-22T22:33:05.811+0000] {logging_mixin.py:190} INFO - [2026-02-22T22:33:05.810+0000] {dag.py:4180} INFO - Setting next_dagrun for example_bash_decorator to None, run_after=None
[2026-02-22T22:33:05.905+0000] {processor.py:208} INFO - Processing /home/airflow/.local/lib/python3.12/site-packages/airflow/example_dags/example_bash_decorator.py took 0.397 seconds
[2026-02-22T22:33:43.779+0000] {processor.py:186} INFO - Started process (PID=3067) to work on /home/airflow/.local/lib/python3.12/site-packages/airflow/example_dags/example_bash_decorator.py
[2026-02-22T22:33:43.790+0000] {processor.py:914} INFO - Processing file /home/airflow/.local/lib/python3.12/site-packages/airflow/example_dags/example_bash_decorator.py for tasks to queue
[2026-02-22T22:33:43.802+0000] {logging_mixin.py:190} INFO - [2026-02-22T22:33:43.800+0000] {dagbag.py:588} INFO - Filling up the DagBag from /home/airflow/.local/lib/python3.12/site-packages/airflow/example_dags/example_bash_decorator.py
[2026-02-22T22:33:43.894+0000] {processor.py:925} INFO - DAG(s) 'example_bash_decorator' retrieved from /home/airflow/.local/lib/python3.12/site-packages/airflow/example_dags/example_bash_decorator.py
[2026-02-22T22:33:44.202+0000] {logging_mixin.py:190} INFO - [2026-02-22T22:33:44.201+0000] {dag.py:3239} INFO - Sync 1 DAGs
[2026-02-22T22:33:44.472+0000] {logging_mixin.py:190} INFO - [2026-02-22T22:33:44.471+0000] {dag.py:4180} INFO - Setting next_dagrun for example_bash_decorator to None, run_after=None
[2026-02-22T22:33:44.643+0000] {processor.py:208} INFO - Processing /home/airflow/.local/lib/python3.12/site-packages/airflow/example_dags/example_bash_decorator.py took 0.903 seconds
[2026-02-22T22:51:57.471+0000] {processor.py:186} INFO - Started process (PID=3124) to work on /home/airflow/.local/lib/python3.12/site-packages/airflow/example_dags/example_bash_decorator.py
[2026-02-22T22:51:57.534+0000] {processor.py:914} INFO - Processing file /home/airflow/.local/lib/python3.12/site-packages/airflow/example_dags/example_bash_decorator.py for tasks to queue
[2026-02-22T22:51:57.583+0000] {logging_mixin.py:190} INFO - [2026-02-22T22:51:57.539+0000] {dagbag.py:588} INFO - Filling up the DagBag from /home/airflow/.local/lib/python3.12/site-packages/airflow/example_dags/example_bash_decorator.py
[2026-02-22T22:51:58.059+0000] {processor.py:925} INFO - DAG(s) 'example_bash_decorator' retrieved from /home/airflow/.local/lib/python3.12/site-packages/airflow/example_dags/example_bash_decorator.py
[2026-02-22T22:51:58.732+0000] {logging_mixin.py:190} INFO - [2026-02-22T22:51:58.731+0000] {dag.py:3239} INFO - Sync 1 DAGs
[2026-02-22T22:51:59.118+0000] {logging_mixin.py:190} INFO - [2026-02-22T22:51:59.117+0000] {dag.py:4180} INFO - Setting next_dagrun for example_bash_decorator to None, run_after=None
[2026-02-22T22:51:59.530+0000] {processor.py:208} INFO - Processing /home/airflow/.local/lib/python3.12/site-packages/airflow/example_dags/example_bash_decorator.py took 2.134 seconds
[2026-02-22T23:12:45.397+0000] {processor.py:186} INFO - Started process (PID=3162) to work on /home/airflow/.local/lib/python3.12/site-packages/airflow/example_dags/example_bash_decorator.py
[2026-02-22T23:12:45.421+0000] {processor.py:914} INFO - Processing file /home/airflow/.local/lib/python3.12/site-packages/airflow/example_dags/example_bash_decorator.py for tasks to queue
[2026-02-22T23:12:45.432+0000] {logging_mixin.py:190} INFO - [2026-02-22T23:12:45.431+0000] {dagbag.py:588} INFO - Filling up the DagBag from /home/airflow/.local/lib/python3.12/site-packages/airflow/example_dags/example_bash_decorator.py
[2026-02-22T23:12:45.560+0000] {processor.py:925} INFO - DAG(s) 'example_bash_decorator' retrieved from /home/airflow/.local/lib/python3.12/site-packages/airflow/example_dags/example_bash_decorator.py
[2026-02-22T23:12:45.766+0000] {logging_mixin.py:190} INFO - [2026-02-22T23:12:45.765+0000] {dag.py:3239} INFO - Sync 1 DAGs
[2026-02-22T23:12:45.872+0000] {logging_mixin.py:190} INFO - [2026-02-22T23:12:45.871+0000] {dag.py:4180} INFO - Setting next_dagrun for example_bash_decorator to None, run_after=None
[2026-02-22T23:12:45.993+0000] {processor.py:208} INFO - Processing /home/airflow/.local/lib/python3.12/site-packages/airflow/example_dags/example_bash_decorator.py took 0.676 seconds
[2026-02-22T23:13:36.137+0000] {processor.py:186} INFO - Started process (PID=3233) to work on /home/airflow/.local/lib/python3.12/site-packages/airflow/example_dags/example_bash_decorator.py
[2026-02-22T23:13:36.142+0000] {processor.py:914} INFO - Processing file /home/airflow/.local/lib/python3.12/site-packages/airflow/example_dags/example_bash_decorator.py for tasks to queue
[2026-02-22T23:13:36.150+0000] {logging_mixin.py:190} INFO - [2026-02-22T23:13:36.148+0000] {dagbag.py:588} INFO - Filling up the DagBag from /home/airflow/.local/lib/python3.12/site-packages/airflow/example_dags/example_bash_decorator.py
[2026-02-22T23:13:36.220+0000] {processor.py:925} INFO - DAG(s) 'example_bash_decorator' retrieved from /home/airflow/.local/lib/python3.12/site-packages/airflow/example_dags/example_bash_decorator.py
[2026-02-22T23:13:36.330+0000] {logging_mixin.py:190} INFO - [2026-02-22T23:13:36.329+0000] {dag.py:3239} INFO - Sync 1 DAGs
[2026-02-22T23:13:36.411+0000] {logging_mixin.py:190} INFO - [2026-02-22T23:13:36.410+0000] {dag.py:4180} INFO - Setting next_dagrun for example_bash_decorator to None, run_after=None
[2026-02-22T23:13:36.497+0000] {processor.py:208} INFO - Processing /home/airflow/.local/lib/python3.12/site-packages/airflow/example_dags/example_bash_decorator.py took 0.396 seconds
