[2026-02-22T21:46:29.446+0000] {processor.py:186} INFO - Started process (PID=2778) to work on /home/airflow/.local/lib/python3.12/site-packages/airflow/example_dags/example_branch_labels.py
[2026-02-22T21:46:29.451+0000] {processor.py:914} INFO - Processing file /home/airflow/.local/lib/python3.12/site-packages/airflow/example_dags/example_branch_labels.py for tasks to queue
[2026-02-22T21:46:29.462+0000] {logging_mixin.py:190} INFO - [2026-02-22T21:46:29.461+0000] {dagbag.py:588} INFO - Filling up the DagBag from /home/airflow/.local/lib/python3.12/site-packages/airflow/example_dags/example_branch_labels.py
[2026-02-22T21:46:29.542+0000] {processor.py:925} INFO - DAG(s) 'example_branch_labels' retrieved from /home/airflow/.local/lib/python3.12/site-packages/airflow/example_dags/example_branch_labels.py
[2026-02-22T21:46:29.652+0000] {logging_mixin.py:190} INFO - [2026-02-22T21:46:29.651+0000] {dag.py:3239} INFO - Sync 1 DAGs
[2026-02-22T21:46:29.758+0000] {logging_mixin.py:190} INFO - [2026-02-22T21:46:29.757+0000] {dag.py:4180} INFO - Setting next_dagrun for example_branch_labels to 2026-02-21 00:00:00+00:00, run_after=2026-02-22 00:00:00+00:00
[2026-02-22T21:46:29.896+0000] {processor.py:208} INFO - Processing /home/airflow/.local/lib/python3.12/site-packages/airflow/example_dags/example_branch_labels.py took 0.506 seconds
[2026-02-22T21:47:18.199+0000] {processor.py:186} INFO - Started process (PID=2850) to work on /home/airflow/.local/lib/python3.12/site-packages/airflow/example_dags/example_branch_labels.py
[2026-02-22T21:47:18.204+0000] {processor.py:914} INFO - Processing file /home/airflow/.local/lib/python3.12/site-packages/airflow/example_dags/example_branch_labels.py for tasks to queue
[2026-02-22T21:47:18.231+0000] {logging_mixin.py:190} INFO - [2026-02-22T21:47:18.220+0000] {dagbag.py:588} INFO - Filling up the DagBag from /home/airflow/.local/lib/python3.12/site-packages/airflow/example_dags/example_branch_labels.py
[2026-02-22T21:47:18.399+0000] {processor.py:925} INFO - DAG(s) 'example_branch_labels' retrieved from /home/airflow/.local/lib/python3.12/site-packages/airflow/example_dags/example_branch_labels.py
[2026-02-22T21:47:18.651+0000] {logging_mixin.py:190} INFO - [2026-02-22T21:47:18.650+0000] {dag.py:3239} INFO - Sync 1 DAGs
[2026-02-22T21:47:18.834+0000] {logging_mixin.py:190} INFO - [2026-02-22T21:47:18.832+0000] {dag.py:4180} INFO - Setting next_dagrun for example_branch_labels to 2026-02-21 00:00:00+00:00, run_after=2026-02-22 00:00:00+00:00
[2026-02-22T21:47:18.960+0000] {processor.py:208} INFO - Processing /home/airflow/.local/lib/python3.12/site-packages/airflow/example_dags/example_branch_labels.py took 0.913 seconds
[2026-02-22T22:32:49.324+0000] {processor.py:186} INFO - Started process (PID=2964) to work on /home/airflow/.local/lib/python3.12/site-packages/airflow/example_dags/example_branch_labels.py
[2026-02-22T22:32:49.331+0000] {processor.py:914} INFO - Processing file /home/airflow/.local/lib/python3.12/site-packages/airflow/example_dags/example_branch_labels.py for tasks to queue
[2026-02-22T22:32:49.340+0000] {logging_mixin.py:190} INFO - [2026-02-22T22:32:49.338+0000] {dagbag.py:588} INFO - Filling up the DagBag from /home/airflow/.local/lib/python3.12/site-packages/airflow/example_dags/example_branch_labels.py
[2026-02-22T22:32:49.392+0000] {processor.py:925} INFO - DAG(s) 'example_branch_labels' retrieved from /home/airflow/.local/lib/python3.12/site-packages/airflow/example_dags/example_branch_labels.py
[2026-02-22T22:32:49.570+0000] {logging_mixin.py:190} INFO - [2026-02-22T22:32:49.569+0000] {dag.py:3239} INFO - Sync 1 DAGs
[2026-02-22T22:32:49.685+0000] {logging_mixin.py:190} INFO - [2026-02-22T22:32:49.685+0000] {dag.py:4180} INFO - Setting next_dagrun for example_branch_labels to 2026-02-21 00:00:00+00:00, run_after=2026-02-22 00:00:00+00:00
[2026-02-22T22:32:49.799+0000] {processor.py:208} INFO - Processing /home/airflow/.local/lib/python3.12/site-packages/airflow/example_dags/example_branch_labels.py took 0.513 seconds
[2026-02-22T22:33:24.400+0000] {processor.py:186} INFO - Started process (PID=3035) to work on /home/airflow/.local/lib/python3.12/site-packages/airflow/example_dags/example_branch_labels.py
[2026-02-22T22:33:24.426+0000] {processor.py:914} INFO - Processing file /home/airflow/.local/lib/python3.12/site-packages/airflow/example_dags/example_branch_labels.py for tasks to queue
[2026-02-22T22:33:24.441+0000] {logging_mixin.py:190} INFO - [2026-02-22T22:33:24.437+0000] {dagbag.py:588} INFO - Filling up the DagBag from /home/airflow/.local/lib/python3.12/site-packages/airflow/example_dags/example_branch_labels.py
[2026-02-22T22:33:24.519+0000] {processor.py:925} INFO - DAG(s) 'example_branch_labels' retrieved from /home/airflow/.local/lib/python3.12/site-packages/airflow/example_dags/example_branch_labels.py
[2026-02-22T22:33:24.723+0000] {logging_mixin.py:190} INFO - [2026-02-22T22:33:24.722+0000] {dag.py:3239} INFO - Sync 1 DAGs
[2026-02-22T22:33:24.929+0000] {logging_mixin.py:190} INFO - [2026-02-22T22:33:24.928+0000] {dag.py:4180} INFO - Setting next_dagrun for example_branch_labels to 2026-02-21 00:00:00+00:00, run_after=2026-02-22 00:00:00+00:00
[2026-02-22T22:33:25.070+0000] {processor.py:208} INFO - Processing /home/airflow/.local/lib/python3.12/site-packages/airflow/example_dags/example_branch_labels.py took 0.714 seconds
[2026-02-22T22:34:13.257+0000] {processor.py:186} INFO - Started process (PID=3100) to work on /home/airflow/.local/lib/python3.12/site-packages/airflow/example_dags/example_branch_labels.py
[2026-02-22T22:34:13.266+0000] {processor.py:914} INFO - Processing file /home/airflow/.local/lib/python3.12/site-packages/airflow/example_dags/example_branch_labels.py for tasks to queue
[2026-02-22T22:34:13.279+0000] {logging_mixin.py:190} INFO - [2026-02-22T22:34:13.278+0000] {dagbag.py:588} INFO - Filling up the DagBag from /home/airflow/.local/lib/python3.12/site-packages/airflow/example_dags/example_branch_labels.py
[2026-02-22T22:34:13.359+0000] {processor.py:925} INFO - DAG(s) 'example_branch_labels' retrieved from /home/airflow/.local/lib/python3.12/site-packages/airflow/example_dags/example_branch_labels.py
[2026-02-22T22:34:13.546+0000] {logging_mixin.py:190} INFO - [2026-02-22T22:34:13.544+0000] {dag.py:3239} INFO - Sync 1 DAGs
[2026-02-22T22:34:13.725+0000] {logging_mixin.py:190} INFO - [2026-02-22T22:34:13.722+0000] {dag.py:4180} INFO - Setting next_dagrun for example_branch_labels to 2026-02-21 00:00:00+00:00, run_after=2026-02-22 00:00:00+00:00
[2026-02-22T22:34:13.875+0000] {processor.py:208} INFO - Processing /home/airflow/.local/lib/python3.12/site-packages/airflow/example_dags/example_branch_labels.py took 0.688 seconds
[2026-02-22T23:13:15.986+0000] {processor.py:186} INFO - Started process (PID=3195) to work on /home/airflow/.local/lib/python3.12/site-packages/airflow/example_dags/example_branch_labels.py
[2026-02-22T23:13:15.998+0000] {processor.py:914} INFO - Processing file /home/airflow/.local/lib/python3.12/site-packages/airflow/example_dags/example_branch_labels.py for tasks to queue
[2026-02-22T23:13:16.010+0000] {logging_mixin.py:190} INFO - [2026-02-22T23:13:16.005+0000] {dagbag.py:588} INFO - Filling up the DagBag from /home/airflow/.local/lib/python3.12/site-packages/airflow/example_dags/example_branch_labels.py
[2026-02-22T23:13:16.055+0000] {processor.py:925} INFO - DAG(s) 'example_branch_labels' retrieved from /home/airflow/.local/lib/python3.12/site-packages/airflow/example_dags/example_branch_labels.py
[2026-02-22T23:13:16.189+0000] {logging_mixin.py:190} INFO - [2026-02-22T23:13:16.188+0000] {dag.py:3239} INFO - Sync 1 DAGs
[2026-02-22T23:13:16.356+0000] {logging_mixin.py:190} INFO - [2026-02-22T23:13:16.355+0000] {dag.py:4180} INFO - Setting next_dagrun for example_branch_labels to 2026-02-21 00:00:00+00:00, run_after=2026-02-22 00:00:00+00:00
[2026-02-22T23:13:16.520+0000] {processor.py:208} INFO - Processing /home/airflow/.local/lib/python3.12/site-packages/airflow/example_dags/example_branch_labels.py took 0.575 seconds
[2026-02-22T23:13:50.823+0000] {processor.py:186} INFO - Started process (PID=3259) to work on /home/airflow/.local/lib/python3.12/site-packages/airflow/example_dags/example_branch_labels.py
[2026-02-22T23:13:50.831+0000] {processor.py:914} INFO - Processing file /home/airflow/.local/lib/python3.12/site-packages/airflow/example_dags/example_branch_labels.py for tasks to queue
[2026-02-22T23:13:50.840+0000] {logging_mixin.py:190} INFO - [2026-02-22T23:13:50.838+0000] {dagbag.py:588} INFO - Filling up the DagBag from /home/airflow/.local/lib/python3.12/site-packages/airflow/example_dags/example_branch_labels.py
[2026-02-22T23:13:50.923+0000] {processor.py:925} INFO - DAG(s) 'example_branch_labels' retrieved from /home/airflow/.local/lib/python3.12/site-packages/airflow/example_dags/example_branch_labels.py
[2026-02-22T23:13:51.066+0000] {logging_mixin.py:190} INFO - [2026-02-22T23:13:51.065+0000] {dag.py:3239} INFO - Sync 1 DAGs
[2026-02-22T23:13:51.245+0000] {logging_mixin.py:190} INFO - [2026-02-22T23:13:51.244+0000] {dag.py:4180} INFO - Setting next_dagrun for example_branch_labels to 2026-02-21 00:00:00+00:00, run_after=2026-02-22 00:00:00+00:00
[2026-02-22T23:13:51.399+0000] {processor.py:208} INFO - Processing /home/airflow/.local/lib/python3.12/site-packages/airflow/example_dags/example_branch_labels.py took 0.623 seconds
