[2026-02-22T21:45:32.926+0000] {processor.py:186} INFO - Started process (PID=2750) to work on /home/airflow/.local/lib/python3.12/site-packages/airflow/example_dags/example_params_ui_tutorial.py
[2026-02-22T21:45:32.940+0000] {processor.py:914} INFO - Processing file /home/airflow/.local/lib/python3.12/site-packages/airflow/example_dags/example_params_ui_tutorial.py for tasks to queue
[2026-02-22T21:45:32.972+0000] {logging_mixin.py:190} INFO - [2026-02-22T21:45:32.967+0000] {dagbag.py:588} INFO - Filling up the DagBag from /home/airflow/.local/lib/python3.12/site-packages/airflow/example_dags/example_params_ui_tutorial.py
[2026-02-22T21:45:33.231+0000] {processor.py:925} INFO - DAG(s) 'example_params_ui_tutorial' retrieved from /home/airflow/.local/lib/python3.12/site-packages/airflow/example_dags/example_params_ui_tutorial.py
[2026-02-22T21:45:37.411+0000] {logging_mixin.py:190} INFO - [2026-02-22T21:45:37.409+0000] {dag.py:3239} INFO - Sync 1 DAGs
[2026-02-22T21:45:37.592+0000] {logging_mixin.py:190} INFO - [2026-02-22T21:45:37.591+0000] {dag.py:4180} INFO - Setting next_dagrun for example_params_ui_tutorial to None, run_after=None
[2026-02-22T21:45:37.944+0000] {processor.py:208} INFO - Processing /home/airflow/.local/lib/python3.12/site-packages/airflow/example_dags/example_params_ui_tutorial.py took 5.293 seconds
[2026-02-22T21:46:51.132+0000] {processor.py:186} INFO - Started process (PID=2817) to work on /home/airflow/.local/lib/python3.12/site-packages/airflow/example_dags/example_params_ui_tutorial.py
[2026-02-22T21:46:51.148+0000] {processor.py:914} INFO - Processing file /home/airflow/.local/lib/python3.12/site-packages/airflow/example_dags/example_params_ui_tutorial.py for tasks to queue
[2026-02-22T21:46:51.155+0000] {logging_mixin.py:190} INFO - [2026-02-22T21:46:51.153+0000] {dagbag.py:588} INFO - Filling up the DagBag from /home/airflow/.local/lib/python3.12/site-packages/airflow/example_dags/example_params_ui_tutorial.py
[2026-02-22T21:46:51.331+0000] {processor.py:925} INFO - DAG(s) 'example_params_ui_tutorial' retrieved from /home/airflow/.local/lib/python3.12/site-packages/airflow/example_dags/example_params_ui_tutorial.py
[2026-02-22T21:46:51.765+0000] {logging_mixin.py:190} INFO - [2026-02-22T21:46:51.764+0000] {dag.py:3239} INFO - Sync 1 DAGs
[2026-02-22T21:46:51.880+0000] {logging_mixin.py:190} INFO - [2026-02-22T21:46:51.879+0000] {dag.py:4180} INFO - Setting next_dagrun for example_params_ui_tutorial to None, run_after=None
[2026-02-22T21:46:52.038+0000] {processor.py:208} INFO - Processing /home/airflow/.local/lib/python3.12/site-packages/airflow/example_dags/example_params_ui_tutorial.py took 0.951 seconds
[2026-02-22T21:47:46.166+0000] {processor.py:186} INFO - Started process (PID=2885) to work on /home/airflow/.local/lib/python3.12/site-packages/airflow/example_dags/example_params_ui_tutorial.py
[2026-02-22T21:47:46.184+0000] {processor.py:914} INFO - Processing file /home/airflow/.local/lib/python3.12/site-packages/airflow/example_dags/example_params_ui_tutorial.py for tasks to queue
[2026-02-22T21:47:46.225+0000] {logging_mixin.py:190} INFO - [2026-02-22T21:47:46.218+0000] {dagbag.py:588} INFO - Filling up the DagBag from /home/airflow/.local/lib/python3.12/site-packages/airflow/example_dags/example_params_ui_tutorial.py
[2026-02-22T21:47:46.401+0000] {processor.py:925} INFO - DAG(s) 'example_params_ui_tutorial' retrieved from /home/airflow/.local/lib/python3.12/site-packages/airflow/example_dags/example_params_ui_tutorial.py
[2026-02-22T21:47:46.939+0000] {logging_mixin.py:190} INFO - [2026-02-22T21:47:46.938+0000] {dag.py:3239} INFO - Sync 1 DAGs
[2026-02-22T21:47:47.040+0000] {logging_mixin.py:190} INFO - [2026-02-22T21:47:47.039+0000] {dag.py:4180} INFO - Setting next_dagrun for example_params_ui_tutorial to None, run_after=None
[2026-02-22T21:47:47.445+0000] {processor.py:208} INFO - Processing /home/airflow/.local/lib/python3.12/site-packages/airflow/example_dags/example_params_ui_tutorial.py took 1.397 seconds
[2026-02-22T22:32:18.862+0000] {processor.py:186} INFO - Started process (PID=2934) to work on /home/airflow/.local/lib/python3.12/site-packages/airflow/example_dags/example_params_ui_tutorial.py
[2026-02-22T22:32:18.879+0000] {processor.py:914} INFO - Processing file /home/airflow/.local/lib/python3.12/site-packages/airflow/example_dags/example_params_ui_tutorial.py for tasks to queue
[2026-02-22T22:32:18.893+0000] {logging_mixin.py:190} INFO - [2026-02-22T22:32:18.890+0000] {dagbag.py:588} INFO - Filling up the DagBag from /home/airflow/.local/lib/python3.12/site-packages/airflow/example_dags/example_params_ui_tutorial.py
[2026-02-22T22:32:19.136+0000] {processor.py:925} INFO - DAG(s) 'example_params_ui_tutorial' retrieved from /home/airflow/.local/lib/python3.12/site-packages/airflow/example_dags/example_params_ui_tutorial.py
[2026-02-22T22:32:20.094+0000] {logging_mixin.py:190} INFO - [2026-02-22T22:32:20.084+0000] {dag.py:3239} INFO - Sync 1 DAGs
[2026-02-22T22:32:20.257+0000] {logging_mixin.py:190} INFO - [2026-02-22T22:32:20.256+0000] {dag.py:4180} INFO - Setting next_dagrun for example_params_ui_tutorial to None, run_after=None
[2026-02-22T22:32:20.367+0000] {processor.py:208} INFO - Processing /home/airflow/.local/lib/python3.12/site-packages/airflow/example_dags/example_params_ui_tutorial.py took 1.580 seconds
[2026-02-22T22:33:06.728+0000] {processor.py:186} INFO - Started process (PID=3005) to work on /home/airflow/.local/lib/python3.12/site-packages/airflow/example_dags/example_params_ui_tutorial.py
[2026-02-22T22:33:06.735+0000] {processor.py:914} INFO - Processing file /home/airflow/.local/lib/python3.12/site-packages/airflow/example_dags/example_params_ui_tutorial.py for tasks to queue
[2026-02-22T22:33:06.748+0000] {logging_mixin.py:190} INFO - [2026-02-22T22:33:06.746+0000] {dagbag.py:588} INFO - Filling up the DagBag from /home/airflow/.local/lib/python3.12/site-packages/airflow/example_dags/example_params_ui_tutorial.py
[2026-02-22T22:33:06.779+0000] {processor.py:925} INFO - DAG(s) 'example_params_ui_tutorial' retrieved from /home/airflow/.local/lib/python3.12/site-packages/airflow/example_dags/example_params_ui_tutorial.py
[2026-02-22T22:33:07.030+0000] {logging_mixin.py:190} INFO - [2026-02-22T22:33:07.029+0000] {dag.py:3239} INFO - Sync 1 DAGs
[2026-02-22T22:33:07.095+0000] {logging_mixin.py:190} INFO - [2026-02-22T22:33:07.094+0000] {dag.py:4180} INFO - Setting next_dagrun for example_params_ui_tutorial to None, run_after=None
[2026-02-22T22:33:07.189+0000] {processor.py:208} INFO - Processing /home/airflow/.local/lib/python3.12/site-packages/airflow/example_dags/example_params_ui_tutorial.py took 0.490 seconds
[2026-02-22T22:33:45.944+0000] {processor.py:186} INFO - Started process (PID=3070) to work on /home/airflow/.local/lib/python3.12/site-packages/airflow/example_dags/example_params_ui_tutorial.py
[2026-02-22T22:33:45.959+0000] {processor.py:914} INFO - Processing file /home/airflow/.local/lib/python3.12/site-packages/airflow/example_dags/example_params_ui_tutorial.py for tasks to queue
[2026-02-22T22:33:45.974+0000] {logging_mixin.py:190} INFO - [2026-02-22T22:33:45.969+0000] {dagbag.py:588} INFO - Filling up the DagBag from /home/airflow/.local/lib/python3.12/site-packages/airflow/example_dags/example_params_ui_tutorial.py
[2026-02-22T22:33:46.060+0000] {processor.py:925} INFO - DAG(s) 'example_params_ui_tutorial' retrieved from /home/airflow/.local/lib/python3.12/site-packages/airflow/example_dags/example_params_ui_tutorial.py
[2026-02-22T22:33:46.684+0000] {logging_mixin.py:190} INFO - [2026-02-22T22:33:46.682+0000] {dag.py:3239} INFO - Sync 1 DAGs
[2026-02-22T22:33:46.890+0000] {logging_mixin.py:190} INFO - [2026-02-22T22:33:46.889+0000] {dag.py:4180} INFO - Setting next_dagrun for example_params_ui_tutorial to None, run_after=None
[2026-02-22T22:33:47.114+0000] {processor.py:208} INFO - Processing /home/airflow/.local/lib/python3.12/site-packages/airflow/example_dags/example_params_ui_tutorial.py took 1.238 seconds
[2026-02-22T22:52:02.855+0000] {processor.py:186} INFO - Started process (PID=3127) to work on /home/airflow/.local/lib/python3.12/site-packages/airflow/example_dags/example_params_ui_tutorial.py
[2026-02-22T22:52:02.915+0000] {processor.py:914} INFO - Processing file /home/airflow/.local/lib/python3.12/site-packages/airflow/example_dags/example_params_ui_tutorial.py for tasks to queue
[2026-02-22T22:52:02.932+0000] {logging_mixin.py:190} INFO - [2026-02-22T22:52:02.931+0000] {dagbag.py:588} INFO - Filling up the DagBag from /home/airflow/.local/lib/python3.12/site-packages/airflow/example_dags/example_params_ui_tutorial.py
[2026-02-22T22:52:03.102+0000] {processor.py:925} INFO - DAG(s) 'example_params_ui_tutorial' retrieved from /home/airflow/.local/lib/python3.12/site-packages/airflow/example_dags/example_params_ui_tutorial.py
[2026-02-22T22:52:04.201+0000] {logging_mixin.py:190} INFO - [2026-02-22T22:52:04.197+0000] {dag.py:3239} INFO - Sync 1 DAGs
[2026-02-22T22:52:04.521+0000] {logging_mixin.py:190} INFO - [2026-02-22T22:52:04.520+0000] {dag.py:4180} INFO - Setting next_dagrun for example_params_ui_tutorial to None, run_after=None
[2026-02-22T22:52:04.872+0000] {processor.py:208} INFO - Processing /home/airflow/.local/lib/python3.12/site-packages/airflow/example_dags/example_params_ui_tutorial.py took 2.114 seconds
[2026-02-22T23:12:47.589+0000] {processor.py:186} INFO - Started process (PID=3165) to work on /home/airflow/.local/lib/python3.12/site-packages/airflow/example_dags/example_params_ui_tutorial.py
[2026-02-22T23:12:47.593+0000] {processor.py:914} INFO - Processing file /home/airflow/.local/lib/python3.12/site-packages/airflow/example_dags/example_params_ui_tutorial.py for tasks to queue
[2026-02-22T23:12:47.605+0000] {logging_mixin.py:190} INFO - [2026-02-22T23:12:47.604+0000] {dagbag.py:588} INFO - Filling up the DagBag from /home/airflow/.local/lib/python3.12/site-packages/airflow/example_dags/example_params_ui_tutorial.py
[2026-02-22T23:12:47.694+0000] {processor.py:925} INFO - DAG(s) 'example_params_ui_tutorial' retrieved from /home/airflow/.local/lib/python3.12/site-packages/airflow/example_dags/example_params_ui_tutorial.py
[2026-02-22T23:12:48.624+0000] {logging_mixin.py:190} INFO - [2026-02-22T23:12:48.623+0000] {dag.py:3239} INFO - Sync 1 DAGs
[2026-02-22T23:12:48.707+0000] {logging_mixin.py:190} INFO - [2026-02-22T23:12:48.706+0000] {dag.py:4180} INFO - Setting next_dagrun for example_params_ui_tutorial to None, run_after=None
[2026-02-22T23:12:48.854+0000] {processor.py:208} INFO - Processing /home/airflow/.local/lib/python3.12/site-packages/airflow/example_dags/example_params_ui_tutorial.py took 1.305 seconds
[2026-02-22T23:13:37.064+0000] {processor.py:186} INFO - Started process (PID=3236) to work on /home/airflow/.local/lib/python3.12/site-packages/airflow/example_dags/example_params_ui_tutorial.py
[2026-02-22T23:13:37.071+0000] {processor.py:914} INFO - Processing file /home/airflow/.local/lib/python3.12/site-packages/airflow/example_dags/example_params_ui_tutorial.py for tasks to queue
[2026-02-22T23:13:37.078+0000] {logging_mixin.py:190} INFO - [2026-02-22T23:13:37.077+0000] {dagbag.py:588} INFO - Filling up the DagBag from /home/airflow/.local/lib/python3.12/site-packages/airflow/example_dags/example_params_ui_tutorial.py
[2026-02-22T23:13:37.113+0000] {processor.py:925} INFO - DAG(s) 'example_params_ui_tutorial' retrieved from /home/airflow/.local/lib/python3.12/site-packages/airflow/example_dags/example_params_ui_tutorial.py
[2026-02-22T23:13:37.355+0000] {logging_mixin.py:190} INFO - [2026-02-22T23:13:37.354+0000] {dag.py:3239} INFO - Sync 1 DAGs
[2026-02-22T23:13:37.427+0000] {logging_mixin.py:190} INFO - [2026-02-22T23:13:37.426+0000] {dag.py:4180} INFO - Setting next_dagrun for example_params_ui_tutorial to None, run_after=None
[2026-02-22T23:13:37.500+0000] {processor.py:208} INFO - Processing /home/airflow/.local/lib/python3.12/site-packages/airflow/example_dags/example_params_ui_tutorial.py took 0.459 seconds
