[2026-02-22T10:25:47.228+0000] {processor.py:186} INFO - Started process (PID=2695) to work on /home/airflow/.local/lib/python3.12/site-packages/airflow/example_dags/example_xcom.py
[2026-02-22T10:25:47.264+0000] {processor.py:914} INFO - Processing file /home/airflow/.local/lib/python3.12/site-packages/airflow/example_dags/example_xcom.py for tasks to queue
[2026-02-22T10:25:47.309+0000] {logging_mixin.py:190} INFO - [2026-02-22T10:25:47.296+0000] {dagbag.py:588} INFO - Filling up the DagBag from /home/airflow/.local/lib/python3.12/site-packages/airflow/example_dags/example_xcom.py
[2026-02-22T10:25:47.900+0000] {processor.py:925} INFO - DAG(s) 'example_xcom' retrieved from /home/airflow/.local/lib/python3.12/site-packages/airflow/example_dags/example_xcom.py
[2026-02-22T10:25:49.182+0000] {logging_mixin.py:190} INFO - [2026-02-22T10:25:49.164+0000] {dag.py:3239} INFO - Sync 1 DAGs
[2026-02-22T10:25:49.640+0000] {logging_mixin.py:190} INFO - [2026-02-22T10:25:49.632+0000] {dag.py:4180} INFO - Setting next_dagrun for example_xcom to 2021-01-01 00:00:00+00:00, run_after=2021-01-01 00:00:00+00:00
[2026-02-22T10:25:49.833+0000] {processor.py:208} INFO - Processing /home/airflow/.local/lib/python3.12/site-packages/airflow/example_dags/example_xcom.py took 2.991 seconds
[2026-02-22T21:45:55.275+0000] {processor.py:186} INFO - Started process (PID=2758) to work on /home/airflow/.local/lib/python3.12/site-packages/airflow/example_dags/example_xcom.py
[2026-02-22T21:45:55.281+0000] {processor.py:914} INFO - Processing file /home/airflow/.local/lib/python3.12/site-packages/airflow/example_dags/example_xcom.py for tasks to queue
[2026-02-22T21:45:55.318+0000] {logging_mixin.py:190} INFO - [2026-02-22T21:45:55.316+0000] {dagbag.py:588} INFO - Filling up the DagBag from /home/airflow/.local/lib/python3.12/site-packages/airflow/example_dags/example_xcom.py
[2026-02-22T21:45:55.565+0000] {processor.py:925} INFO - DAG(s) 'example_xcom' retrieved from /home/airflow/.local/lib/python3.12/site-packages/airflow/example_dags/example_xcom.py
[2026-02-22T21:45:55.882+0000] {logging_mixin.py:190} INFO - [2026-02-22T21:45:55.880+0000] {dag.py:3239} INFO - Sync 1 DAGs
[2026-02-22T21:45:56.168+0000] {logging_mixin.py:190} INFO - [2026-02-22T21:45:56.165+0000] {dag.py:4180} INFO - Setting next_dagrun for example_xcom to 2021-01-01 00:00:00+00:00, run_after=2021-01-01 00:00:00+00:00
[2026-02-22T21:45:56.393+0000] {processor.py:208} INFO - Processing /home/airflow/.local/lib/python3.12/site-packages/airflow/example_dags/example_xcom.py took 1.176 seconds
[2026-02-22T21:46:55.048+0000] {processor.py:186} INFO - Started process (PID=2824) to work on /home/airflow/.local/lib/python3.12/site-packages/airflow/example_dags/example_xcom.py
[2026-02-22T21:46:55.055+0000] {processor.py:914} INFO - Processing file /home/airflow/.local/lib/python3.12/site-packages/airflow/example_dags/example_xcom.py for tasks to queue
[2026-02-22T21:46:55.061+0000] {logging_mixin.py:190} INFO - [2026-02-22T21:46:55.060+0000] {dagbag.py:588} INFO - Filling up the DagBag from /home/airflow/.local/lib/python3.12/site-packages/airflow/example_dags/example_xcom.py
[2026-02-22T21:46:55.112+0000] {processor.py:925} INFO - DAG(s) 'example_xcom' retrieved from /home/airflow/.local/lib/python3.12/site-packages/airflow/example_dags/example_xcom.py
[2026-02-22T21:46:55.289+0000] {logging_mixin.py:190} INFO - [2026-02-22T21:46:55.288+0000] {dag.py:3239} INFO - Sync 1 DAGs
[2026-02-22T21:46:55.488+0000] {logging_mixin.py:190} INFO - [2026-02-22T21:46:55.487+0000] {dag.py:4180} INFO - Setting next_dagrun for example_xcom to 2021-01-01 00:00:00+00:00, run_after=2021-01-01 00:00:00+00:00
[2026-02-22T21:46:55.649+0000] {processor.py:208} INFO - Processing /home/airflow/.local/lib/python3.12/site-packages/airflow/example_dags/example_xcom.py took 0.635 seconds
[2026-02-22T21:47:56.623+0000] {processor.py:186} INFO - Started process (PID=2892) to work on /home/airflow/.local/lib/python3.12/site-packages/airflow/example_dags/example_xcom.py
[2026-02-22T21:47:56.629+0000] {processor.py:914} INFO - Processing file /home/airflow/.local/lib/python3.12/site-packages/airflow/example_dags/example_xcom.py for tasks to queue
[2026-02-22T21:47:56.653+0000] {logging_mixin.py:190} INFO - [2026-02-22T21:47:56.651+0000] {dagbag.py:588} INFO - Filling up the DagBag from /home/airflow/.local/lib/python3.12/site-packages/airflow/example_dags/example_xcom.py
[2026-02-22T21:47:56.762+0000] {processor.py:925} INFO - DAG(s) 'example_xcom' retrieved from /home/airflow/.local/lib/python3.12/site-packages/airflow/example_dags/example_xcom.py
[2026-02-22T21:47:57.103+0000] {logging_mixin.py:190} INFO - [2026-02-22T21:47:57.101+0000] {dag.py:3239} INFO - Sync 1 DAGs
[2026-02-22T21:47:57.443+0000] {logging_mixin.py:190} INFO - [2026-02-22T21:47:57.442+0000] {dag.py:4180} INFO - Setting next_dagrun for example_xcom to 2021-01-01 00:00:00+00:00, run_after=2021-01-01 00:00:00+00:00
[2026-02-22T21:47:57.664+0000] {processor.py:208} INFO - Processing /home/airflow/.local/lib/python3.12/site-packages/airflow/example_dags/example_xcom.py took 1.096 seconds
[2026-02-22T22:32:33.459+0000] {processor.py:186} INFO - Started process (PID=2948) to work on /home/airflow/.local/lib/python3.12/site-packages/airflow/example_dags/example_xcom.py
[2026-02-22T22:32:33.464+0000] {processor.py:914} INFO - Processing file /home/airflow/.local/lib/python3.12/site-packages/airflow/example_dags/example_xcom.py for tasks to queue
[2026-02-22T22:32:33.474+0000] {logging_mixin.py:190} INFO - [2026-02-22T22:32:33.471+0000] {dagbag.py:588} INFO - Filling up the DagBag from /home/airflow/.local/lib/python3.12/site-packages/airflow/example_dags/example_xcom.py
[2026-02-22T22:32:33.529+0000] {processor.py:925} INFO - DAG(s) 'example_xcom' retrieved from /home/airflow/.local/lib/python3.12/site-packages/airflow/example_dags/example_xcom.py
[2026-02-22T22:32:33.708+0000] {logging_mixin.py:190} INFO - [2026-02-22T22:32:33.707+0000] {dag.py:3239} INFO - Sync 1 DAGs
[2026-02-22T22:32:33.871+0000] {logging_mixin.py:190} INFO - [2026-02-22T22:32:33.870+0000] {dag.py:4180} INFO - Setting next_dagrun for example_xcom to 2021-01-01 00:00:00+00:00, run_after=2021-01-01 00:00:00+00:00
[2026-02-22T22:32:33.979+0000] {processor.py:208} INFO - Processing /home/airflow/.local/lib/python3.12/site-packages/airflow/example_dags/example_xcom.py took 0.550 seconds
[2026-02-22T22:33:09.758+0000] {processor.py:186} INFO - Started process (PID=3012) to work on /home/airflow/.local/lib/python3.12/site-packages/airflow/example_dags/example_xcom.py
[2026-02-22T22:33:09.766+0000] {processor.py:914} INFO - Processing file /home/airflow/.local/lib/python3.12/site-packages/airflow/example_dags/example_xcom.py for tasks to queue
[2026-02-22T22:33:09.773+0000] {logging_mixin.py:190} INFO - [2026-02-22T22:33:09.772+0000] {dagbag.py:588} INFO - Filling up the DagBag from /home/airflow/.local/lib/python3.12/site-packages/airflow/example_dags/example_xcom.py
[2026-02-22T22:33:09.819+0000] {processor.py:925} INFO - DAG(s) 'example_xcom' retrieved from /home/airflow/.local/lib/python3.12/site-packages/airflow/example_dags/example_xcom.py
[2026-02-22T22:33:09.941+0000] {logging_mixin.py:190} INFO - [2026-02-22T22:33:09.939+0000] {dag.py:3239} INFO - Sync 1 DAGs
[2026-02-22T22:33:10.065+0000] {logging_mixin.py:190} INFO - [2026-02-22T22:33:10.064+0000] {dag.py:4180} INFO - Setting next_dagrun for example_xcom to 2021-01-01 00:00:00+00:00, run_after=2021-01-01 00:00:00+00:00
[2026-02-22T22:33:10.163+0000] {processor.py:208} INFO - Processing /home/airflow/.local/lib/python3.12/site-packages/airflow/example_dags/example_xcom.py took 0.435 seconds
[2026-02-22T22:33:57.831+0000] {processor.py:186} INFO - Started process (PID=3084) to work on /home/airflow/.local/lib/python3.12/site-packages/airflow/example_dags/example_xcom.py
[2026-02-22T22:33:57.835+0000] {processor.py:914} INFO - Processing file /home/airflow/.local/lib/python3.12/site-packages/airflow/example_dags/example_xcom.py for tasks to queue
[2026-02-22T22:33:57.841+0000] {logging_mixin.py:190} INFO - [2026-02-22T22:33:57.839+0000] {dagbag.py:588} INFO - Filling up the DagBag from /home/airflow/.local/lib/python3.12/site-packages/airflow/example_dags/example_xcom.py
[2026-02-22T22:33:57.911+0000] {processor.py:925} INFO - DAG(s) 'example_xcom' retrieved from /home/airflow/.local/lib/python3.12/site-packages/airflow/example_dags/example_xcom.py
[2026-02-22T22:33:58.116+0000] {logging_mixin.py:190} INFO - [2026-02-22T22:33:58.111+0000] {dag.py:3239} INFO - Sync 1 DAGs
[2026-02-22T22:33:58.347+0000] {logging_mixin.py:190} INFO - [2026-02-22T22:33:58.337+0000] {dag.py:4180} INFO - Setting next_dagrun for example_xcom to 2021-01-01 00:00:00+00:00, run_after=2021-01-01 00:00:00+00:00
[2026-02-22T22:33:58.525+0000] {processor.py:208} INFO - Processing /home/airflow/.local/lib/python3.12/site-packages/airflow/example_dags/example_xcom.py took 0.760 seconds
[2026-02-22T22:52:17.667+0000] {processor.py:186} INFO - Started process (PID=3142) to work on /home/airflow/.local/lib/python3.12/site-packages/airflow/example_dags/example_xcom.py
[2026-02-22T22:52:17.685+0000] {processor.py:914} INFO - Processing file /home/airflow/.local/lib/python3.12/site-packages/airflow/example_dags/example_xcom.py for tasks to queue
[2026-02-22T22:52:17.713+0000] {logging_mixin.py:190} INFO - [2026-02-22T22:52:17.706+0000] {dagbag.py:588} INFO - Filling up the DagBag from /home/airflow/.local/lib/python3.12/site-packages/airflow/example_dags/example_xcom.py
[2026-02-22T22:52:17.959+0000] {processor.py:925} INFO - DAG(s) 'example_xcom' retrieved from /home/airflow/.local/lib/python3.12/site-packages/airflow/example_dags/example_xcom.py
[2026-02-22T22:52:18.465+0000] {logging_mixin.py:190} INFO - [2026-02-22T22:52:18.441+0000] {dag.py:3239} INFO - Sync 1 DAGs
[2026-02-22T22:52:18.948+0000] {logging_mixin.py:190} INFO - [2026-02-22T22:52:18.943+0000] {dag.py:4180} INFO - Setting next_dagrun for example_xcom to 2021-01-01 00:00:00+00:00, run_after=2021-01-01 00:00:00+00:00
[2026-02-22T22:52:19.218+0000] {processor.py:208} INFO - Processing /home/airflow/.local/lib/python3.12/site-packages/airflow/example_dags/example_xcom.py took 1.714 seconds
[2026-02-22T23:12:56.012+0000] {processor.py:186} INFO - Started process (PID=3173) to work on /home/airflow/.local/lib/python3.12/site-packages/airflow/example_dags/example_xcom.py
[2026-02-22T23:12:56.016+0000] {processor.py:914} INFO - Processing file /home/airflow/.local/lib/python3.12/site-packages/airflow/example_dags/example_xcom.py for tasks to queue
[2026-02-22T23:12:56.020+0000] {logging_mixin.py:190} INFO - [2026-02-22T23:12:56.019+0000] {dagbag.py:588} INFO - Filling up the DagBag from /home/airflow/.local/lib/python3.12/site-packages/airflow/example_dags/example_xcom.py
[2026-02-22T23:12:56.053+0000] {processor.py:925} INFO - DAG(s) 'example_xcom' retrieved from /home/airflow/.local/lib/python3.12/site-packages/airflow/example_dags/example_xcom.py
[2026-02-22T23:12:56.177+0000] {logging_mixin.py:190} INFO - [2026-02-22T23:12:56.176+0000] {dag.py:3239} INFO - Sync 1 DAGs
[2026-02-22T23:12:56.290+0000] {logging_mixin.py:190} INFO - [2026-02-22T23:12:56.289+0000] {dag.py:4180} INFO - Setting next_dagrun for example_xcom to 2021-01-01 00:00:00+00:00, run_after=2021-01-01 00:00:00+00:00
[2026-02-22T23:12:56.421+0000] {processor.py:208} INFO - Processing /home/airflow/.local/lib/python3.12/site-packages/airflow/example_dags/example_xcom.py took 0.434 seconds
[2026-02-22T23:13:39.895+0000] {processor.py:186} INFO - Started process (PID=3243) to work on /home/airflow/.local/lib/python3.12/site-packages/airflow/example_dags/example_xcom.py
[2026-02-22T23:13:39.905+0000] {processor.py:914} INFO - Processing file /home/airflow/.local/lib/python3.12/site-packages/airflow/example_dags/example_xcom.py for tasks to queue
[2026-02-22T23:13:39.911+0000] {logging_mixin.py:190} INFO - [2026-02-22T23:13:39.910+0000] {dagbag.py:588} INFO - Filling up the DagBag from /home/airflow/.local/lib/python3.12/site-packages/airflow/example_dags/example_xcom.py
[2026-02-22T23:13:39.962+0000] {processor.py:925} INFO - DAG(s) 'example_xcom' retrieved from /home/airflow/.local/lib/python3.12/site-packages/airflow/example_dags/example_xcom.py
[2026-02-22T23:13:40.123+0000] {logging_mixin.py:190} INFO - [2026-02-22T23:13:40.121+0000] {dag.py:3239} INFO - Sync 1 DAGs
[2026-02-22T23:13:40.257+0000] {logging_mixin.py:190} INFO - [2026-02-22T23:13:40.256+0000] {dag.py:4180} INFO - Setting next_dagrun for example_xcom to 2021-01-01 00:00:00+00:00, run_after=2021-01-01 00:00:00+00:00
[2026-02-22T23:13:40.384+0000] {processor.py:208} INFO - Processing /home/airflow/.local/lib/python3.12/site-packages/airflow/example_dags/example_xcom.py took 0.524 seconds
