[2026-02-22T21:46:30.036+0000] {processor.py:186} INFO - Started process (PID=2779) to work on /home/airflow/.local/lib/python3.12/site-packages/airflow/example_dags/example_latest_only_with_trigger.py
[2026-02-22T21:46:30.041+0000] {processor.py:914} INFO - Processing file /home/airflow/.local/lib/python3.12/site-packages/airflow/example_dags/example_latest_only_with_trigger.py for tasks to queue
[2026-02-22T21:46:30.052+0000] {logging_mixin.py:190} INFO - [2026-02-22T21:46:30.051+0000] {dagbag.py:588} INFO - Filling up the DagBag from /home/airflow/.local/lib/python3.12/site-packages/airflow/example_dags/example_latest_only_with_trigger.py
[2026-02-22T21:46:30.120+0000] {processor.py:925} INFO - DAG(s) 'latest_only_with_trigger' retrieved from /home/airflow/.local/lib/python3.12/site-packages/airflow/example_dags/example_latest_only_with_trigger.py
[2026-02-22T21:46:30.234+0000] {logging_mixin.py:190} INFO - [2026-02-22T21:46:30.233+0000] {dag.py:3239} INFO - Sync 1 DAGs
[2026-02-22T21:46:30.354+0000] {logging_mixin.py:190} INFO - [2026-02-22T21:46:30.354+0000] {dag.py:4180} INFO - Setting next_dagrun for latest_only_with_trigger to 2026-02-22 16:00:00+00:00, run_after=2026-02-22 20:00:00+00:00
[2026-02-22T21:46:30.449+0000] {processor.py:208} INFO - Processing /home/airflow/.local/lib/python3.12/site-packages/airflow/example_dags/example_latest_only_with_trigger.py took 0.446 seconds
[2026-02-22T21:47:19.197+0000] {processor.py:186} INFO - Started process (PID=2851) to work on /home/airflow/.local/lib/python3.12/site-packages/airflow/example_dags/example_latest_only_with_trigger.py
[2026-02-22T21:47:19.203+0000] {processor.py:914} INFO - Processing file /home/airflow/.local/lib/python3.12/site-packages/airflow/example_dags/example_latest_only_with_trigger.py for tasks to queue
[2026-02-22T21:47:19.210+0000] {logging_mixin.py:190} INFO - [2026-02-22T21:47:19.208+0000] {dagbag.py:588} INFO - Filling up the DagBag from /home/airflow/.local/lib/python3.12/site-packages/airflow/example_dags/example_latest_only_with_trigger.py
[2026-02-22T21:47:19.350+0000] {processor.py:925} INFO - DAG(s) 'latest_only_with_trigger' retrieved from /home/airflow/.local/lib/python3.12/site-packages/airflow/example_dags/example_latest_only_with_trigger.py
[2026-02-22T21:47:19.550+0000] {logging_mixin.py:190} INFO - [2026-02-22T21:47:19.548+0000] {dag.py:3239} INFO - Sync 1 DAGs
[2026-02-22T21:47:19.703+0000] {logging_mixin.py:190} INFO - [2026-02-22T21:47:19.695+0000] {dag.py:4180} INFO - Setting next_dagrun for latest_only_with_trigger to 2026-02-22 16:00:00+00:00, run_after=2026-02-22 20:00:00+00:00
[2026-02-22T21:47:19.851+0000] {processor.py:208} INFO - Processing /home/airflow/.local/lib/python3.12/site-packages/airflow/example_dags/example_latest_only_with_trigger.py took 0.695 seconds
[2026-02-22T22:32:50.049+0000] {processor.py:186} INFO - Started process (PID=2965) to work on /home/airflow/.local/lib/python3.12/site-packages/airflow/example_dags/example_latest_only_with_trigger.py
[2026-02-22T22:32:50.056+0000] {processor.py:914} INFO - Processing file /home/airflow/.local/lib/python3.12/site-packages/airflow/example_dags/example_latest_only_with_trigger.py for tasks to queue
[2026-02-22T22:32:50.067+0000] {logging_mixin.py:190} INFO - [2026-02-22T22:32:50.063+0000] {dagbag.py:588} INFO - Filling up the DagBag from /home/airflow/.local/lib/python3.12/site-packages/airflow/example_dags/example_latest_only_with_trigger.py
[2026-02-22T22:32:50.112+0000] {processor.py:925} INFO - DAG(s) 'latest_only_with_trigger' retrieved from /home/airflow/.local/lib/python3.12/site-packages/airflow/example_dags/example_latest_only_with_trigger.py
[2026-02-22T22:32:50.220+0000] {logging_mixin.py:190} INFO - [2026-02-22T22:32:50.219+0000] {dag.py:3239} INFO - Sync 1 DAGs
[2026-02-22T22:32:50.341+0000] {logging_mixin.py:190} INFO - [2026-02-22T22:32:50.340+0000] {dag.py:4180} INFO - Setting next_dagrun for latest_only_with_trigger to 2026-02-22 16:00:00+00:00, run_after=2026-02-22 20:00:00+00:00
[2026-02-22T22:32:50.461+0000] {processor.py:208} INFO - Processing /home/airflow/.local/lib/python3.12/site-packages/airflow/example_dags/example_latest_only_with_trigger.py took 0.462 seconds
[2026-02-22T22:33:25.343+0000] {processor.py:186} INFO - Started process (PID=3036) to work on /home/airflow/.local/lib/python3.12/site-packages/airflow/example_dags/example_latest_only_with_trigger.py
[2026-02-22T22:33:25.358+0000] {processor.py:914} INFO - Processing file /home/airflow/.local/lib/python3.12/site-packages/airflow/example_dags/example_latest_only_with_trigger.py for tasks to queue
[2026-02-22T22:33:25.371+0000] {logging_mixin.py:190} INFO - [2026-02-22T22:33:25.370+0000] {dagbag.py:588} INFO - Filling up the DagBag from /home/airflow/.local/lib/python3.12/site-packages/airflow/example_dags/example_latest_only_with_trigger.py
[2026-02-22T22:33:25.409+0000] {processor.py:925} INFO - DAG(s) 'latest_only_with_trigger' retrieved from /home/airflow/.local/lib/python3.12/site-packages/airflow/example_dags/example_latest_only_with_trigger.py
[2026-02-22T22:33:25.516+0000] {logging_mixin.py:190} INFO - [2026-02-22T22:33:25.515+0000] {dag.py:3239} INFO - Sync 1 DAGs
[2026-02-22T22:33:25.643+0000] {logging_mixin.py:190} INFO - [2026-02-22T22:33:25.643+0000] {dag.py:4180} INFO - Setting next_dagrun for latest_only_with_trigger to 2026-02-22 16:00:00+00:00, run_after=2026-02-22 20:00:00+00:00
[2026-02-22T22:33:25.744+0000] {processor.py:208} INFO - Processing /home/airflow/.local/lib/python3.12/site-packages/airflow/example_dags/example_latest_only_with_trigger.py took 0.437 seconds
[2026-02-22T22:34:14.228+0000] {processor.py:186} INFO - Started process (PID=3101) to work on /home/airflow/.local/lib/python3.12/site-packages/airflow/example_dags/example_latest_only_with_trigger.py
[2026-02-22T22:34:14.241+0000] {processor.py:914} INFO - Processing file /home/airflow/.local/lib/python3.12/site-packages/airflow/example_dags/example_latest_only_with_trigger.py for tasks to queue
[2026-02-22T22:34:14.250+0000] {logging_mixin.py:190} INFO - [2026-02-22T22:34:14.247+0000] {dagbag.py:588} INFO - Filling up the DagBag from /home/airflow/.local/lib/python3.12/site-packages/airflow/example_dags/example_latest_only_with_trigger.py
[2026-02-22T22:34:14.318+0000] {processor.py:925} INFO - DAG(s) 'latest_only_with_trigger' retrieved from /home/airflow/.local/lib/python3.12/site-packages/airflow/example_dags/example_latest_only_with_trigger.py
[2026-02-22T22:34:14.477+0000] {logging_mixin.py:190} INFO - [2026-02-22T22:34:14.476+0000] {dag.py:3239} INFO - Sync 1 DAGs
[2026-02-22T22:34:14.683+0000] {logging_mixin.py:190} INFO - [2026-02-22T22:34:14.682+0000] {dag.py:4180} INFO - Setting next_dagrun for latest_only_with_trigger to 2026-02-22 16:00:00+00:00, run_after=2026-02-22 20:00:00+00:00
[2026-02-22T22:34:14.875+0000] {processor.py:208} INFO - Processing /home/airflow/.local/lib/python3.12/site-packages/airflow/example_dags/example_latest_only_with_trigger.py took 0.716 seconds
[2026-02-22T23:13:16.811+0000] {processor.py:186} INFO - Started process (PID=3196) to work on /home/airflow/.local/lib/python3.12/site-packages/airflow/example_dags/example_latest_only_with_trigger.py
[2026-02-22T23:13:16.828+0000] {processor.py:914} INFO - Processing file /home/airflow/.local/lib/python3.12/site-packages/airflow/example_dags/example_latest_only_with_trigger.py for tasks to queue
[2026-02-22T23:13:16.837+0000] {logging_mixin.py:190} INFO - [2026-02-22T23:13:16.835+0000] {dagbag.py:588} INFO - Filling up the DagBag from /home/airflow/.local/lib/python3.12/site-packages/airflow/example_dags/example_latest_only_with_trigger.py
[2026-02-22T23:13:16.888+0000] {processor.py:925} INFO - DAG(s) 'latest_only_with_trigger' retrieved from /home/airflow/.local/lib/python3.12/site-packages/airflow/example_dags/example_latest_only_with_trigger.py
[2026-02-22T23:13:17.032+0000] {logging_mixin.py:190} INFO - [2026-02-22T23:13:17.030+0000] {dag.py:3239} INFO - Sync 1 DAGs
[2026-02-22T23:13:17.181+0000] {logging_mixin.py:190} INFO - [2026-02-22T23:13:17.180+0000] {dag.py:4180} INFO - Setting next_dagrun for latest_only_with_trigger to 2026-02-22 16:00:00+00:00, run_after=2026-02-22 20:00:00+00:00
[2026-02-22T23:13:17.298+0000] {processor.py:208} INFO - Processing /home/airflow/.local/lib/python3.12/site-packages/airflow/example_dags/example_latest_only_with_trigger.py took 0.521 seconds
[2026-02-22T23:13:51.011+0000] {processor.py:186} INFO - Started process (PID=3260) to work on /home/airflow/.local/lib/python3.12/site-packages/airflow/example_dags/example_latest_only_with_trigger.py
[2026-02-22T23:13:51.031+0000] {processor.py:914} INFO - Processing file /home/airflow/.local/lib/python3.12/site-packages/airflow/example_dags/example_latest_only_with_trigger.py for tasks to queue
[2026-02-22T23:13:51.041+0000] {logging_mixin.py:190} INFO - [2026-02-22T23:13:51.039+0000] {dagbag.py:588} INFO - Filling up the DagBag from /home/airflow/.local/lib/python3.12/site-packages/airflow/example_dags/example_latest_only_with_trigger.py
[2026-02-22T23:13:51.083+0000] {processor.py:925} INFO - DAG(s) 'latest_only_with_trigger' retrieved from /home/airflow/.local/lib/python3.12/site-packages/airflow/example_dags/example_latest_only_with_trigger.py
[2026-02-22T23:13:51.230+0000] {logging_mixin.py:190} INFO - [2026-02-22T23:13:51.229+0000] {dag.py:3239} INFO - Sync 1 DAGs
[2026-02-22T23:13:51.434+0000] {logging_mixin.py:190} INFO - [2026-02-22T23:13:51.432+0000] {dag.py:4180} INFO - Setting next_dagrun for latest_only_with_trigger to 2026-02-22 16:00:00+00:00, run_after=2026-02-22 20:00:00+00:00
[2026-02-22T23:13:51.629+0000] {processor.py:208} INFO - Processing /home/airflow/.local/lib/python3.12/site-packages/airflow/example_dags/example_latest_only_with_trigger.py took 0.649 seconds
