[2026-02-22T20:09:49.790+0000] {processor.py:186} INFO - Started process (PID=2719) to work on /home/airflow/.local/lib/python3.12/site-packages/airflow/example_dags/example_params_trigger_ui.py
[2026-02-22T20:09:49.793+0000] {processor.py:914} INFO - Processing file /home/airflow/.local/lib/python3.12/site-packages/airflow/example_dags/example_params_trigger_ui.py for tasks to queue
[2026-02-22T20:09:49.815+0000] {logging_mixin.py:190} INFO - [2026-02-22T20:09:49.810+0000] {dagbag.py:588} INFO - Filling up the DagBag from /home/airflow/.local/lib/python3.12/site-packages/airflow/example_dags/example_params_trigger_ui.py
[2026-02-22T20:09:49.978+0000] {processor.py:925} INFO - DAG(s) 'example_params_trigger_ui' retrieved from /home/airflow/.local/lib/python3.12/site-packages/airflow/example_dags/example_params_trigger_ui.py
[2026-02-22T20:09:51.146+0000] {logging_mixin.py:190} INFO - [2026-02-22T20:09:51.139+0000] {dag.py:3239} INFO - Sync 1 DAGs
[2026-02-22T20:09:51.234+0000] {logging_mixin.py:190} INFO - [2026-02-22T20:09:51.232+0000] {dag.py:4180} INFO - Setting next_dagrun for example_params_trigger_ui to None, run_after=None
[2026-02-22T20:09:55.297+0000] {processor.py:208} INFO - Processing /home/airflow/.local/lib/python3.12/site-packages/airflow/example_dags/example_params_trigger_ui.py took 5.562 seconds
[2026-02-22T21:46:27.205+0000] {processor.py:186} INFO - Started process (PID=2775) to work on /home/airflow/.local/lib/python3.12/site-packages/airflow/example_dags/example_params_trigger_ui.py
[2026-02-22T21:46:27.218+0000] {processor.py:914} INFO - Processing file /home/airflow/.local/lib/python3.12/site-packages/airflow/example_dags/example_params_trigger_ui.py for tasks to queue
[2026-02-22T21:46:27.243+0000] {logging_mixin.py:190} INFO - [2026-02-22T21:46:27.240+0000] {dagbag.py:588} INFO - Filling up the DagBag from /home/airflow/.local/lib/python3.12/site-packages/airflow/example_dags/example_params_trigger_ui.py
[2026-02-22T21:46:27.349+0000] {processor.py:925} INFO - DAG(s) 'example_params_trigger_ui' retrieved from /home/airflow/.local/lib/python3.12/site-packages/airflow/example_dags/example_params_trigger_ui.py
[2026-02-22T21:46:27.771+0000] {logging_mixin.py:190} INFO - [2026-02-22T21:46:27.770+0000] {dag.py:3239} INFO - Sync 1 DAGs
[2026-02-22T21:46:27.923+0000] {logging_mixin.py:190} INFO - [2026-02-22T21:46:27.922+0000] {dag.py:4180} INFO - Setting next_dagrun for example_params_trigger_ui to None, run_after=None
[2026-02-22T21:46:28.068+0000] {processor.py:208} INFO - Processing /home/airflow/.local/lib/python3.12/site-packages/airflow/example_dags/example_params_trigger_ui.py took 0.914 seconds
[2026-02-22T21:47:14.023+0000] {processor.py:186} INFO - Started process (PID=2847) to work on /home/airflow/.local/lib/python3.12/site-packages/airflow/example_dags/example_params_trigger_ui.py
[2026-02-22T21:47:14.041+0000] {processor.py:914} INFO - Processing file /home/airflow/.local/lib/python3.12/site-packages/airflow/example_dags/example_params_trigger_ui.py for tasks to queue
[2026-02-22T21:47:14.062+0000] {logging_mixin.py:190} INFO - [2026-02-22T21:47:14.060+0000] {dagbag.py:588} INFO - Filling up the DagBag from /home/airflow/.local/lib/python3.12/site-packages/airflow/example_dags/example_params_trigger_ui.py
[2026-02-22T21:47:14.242+0000] {processor.py:925} INFO - DAG(s) 'example_params_trigger_ui' retrieved from /home/airflow/.local/lib/python3.12/site-packages/airflow/example_dags/example_params_trigger_ui.py
[2026-02-22T21:47:15.049+0000] {logging_mixin.py:190} INFO - [2026-02-22T21:47:15.048+0000] {dag.py:3239} INFO - Sync 1 DAGs
[2026-02-22T21:47:15.196+0000] {logging_mixin.py:190} INFO - [2026-02-22T21:47:15.194+0000] {dag.py:4180} INFO - Setting next_dagrun for example_params_trigger_ui to None, run_after=None
[2026-02-22T21:47:15.413+0000] {processor.py:208} INFO - Processing /home/airflow/.local/lib/python3.12/site-packages/airflow/example_dags/example_params_trigger_ui.py took 1.448 seconds
[2026-02-22T22:32:46.187+0000] {processor.py:186} INFO - Started process (PID=2959) to work on /home/airflow/.local/lib/python3.12/site-packages/airflow/example_dags/example_params_trigger_ui.py
[2026-02-22T22:32:46.202+0000] {processor.py:914} INFO - Processing file /home/airflow/.local/lib/python3.12/site-packages/airflow/example_dags/example_params_trigger_ui.py for tasks to queue
[2026-02-22T22:32:46.217+0000] {logging_mixin.py:190} INFO - [2026-02-22T22:32:46.215+0000] {dagbag.py:588} INFO - Filling up the DagBag from /home/airflow/.local/lib/python3.12/site-packages/airflow/example_dags/example_params_trigger_ui.py
[2026-02-22T22:32:46.310+0000] {processor.py:925} INFO - DAG(s) 'example_params_trigger_ui' retrieved from /home/airflow/.local/lib/python3.12/site-packages/airflow/example_dags/example_params_trigger_ui.py
[2026-02-22T22:32:46.633+0000] {logging_mixin.py:190} INFO - [2026-02-22T22:32:46.629+0000] {dag.py:3239} INFO - Sync 1 DAGs
[2026-02-22T22:32:46.723+0000] {logging_mixin.py:190} INFO - [2026-02-22T22:32:46.722+0000] {dag.py:4180} INFO - Setting next_dagrun for example_params_trigger_ui to None, run_after=None
[2026-02-22T22:32:46.874+0000] {processor.py:208} INFO - Processing /home/airflow/.local/lib/python3.12/site-packages/airflow/example_dags/example_params_trigger_ui.py took 0.756 seconds
[2026-02-22T22:33:21.943+0000] {processor.py:186} INFO - Started process (PID=3030) to work on /home/airflow/.local/lib/python3.12/site-packages/airflow/example_dags/example_params_trigger_ui.py
[2026-02-22T22:33:21.954+0000] {processor.py:914} INFO - Processing file /home/airflow/.local/lib/python3.12/site-packages/airflow/example_dags/example_params_trigger_ui.py for tasks to queue
[2026-02-22T22:33:21.960+0000] {logging_mixin.py:190} INFO - [2026-02-22T22:33:21.959+0000] {dagbag.py:588} INFO - Filling up the DagBag from /home/airflow/.local/lib/python3.12/site-packages/airflow/example_dags/example_params_trigger_ui.py
[2026-02-22T22:33:22.009+0000] {processor.py:925} INFO - DAG(s) 'example_params_trigger_ui' retrieved from /home/airflow/.local/lib/python3.12/site-packages/airflow/example_dags/example_params_trigger_ui.py
[2026-02-22T22:33:22.282+0000] {logging_mixin.py:190} INFO - [2026-02-22T22:33:22.281+0000] {dag.py:3239} INFO - Sync 1 DAGs
[2026-02-22T22:33:22.378+0000] {logging_mixin.py:190} INFO - [2026-02-22T22:33:22.377+0000] {dag.py:4180} INFO - Setting next_dagrun for example_params_trigger_ui to None, run_after=None
[2026-02-22T22:33:22.488+0000] {processor.py:208} INFO - Processing /home/airflow/.local/lib/python3.12/site-packages/airflow/example_dags/example_params_trigger_ui.py took 0.571 seconds
[2026-02-22T22:34:09.439+0000] {processor.py:186} INFO - Started process (PID=3095) to work on /home/airflow/.local/lib/python3.12/site-packages/airflow/example_dags/example_params_trigger_ui.py
[2026-02-22T22:34:09.453+0000] {processor.py:914} INFO - Processing file /home/airflow/.local/lib/python3.12/site-packages/airflow/example_dags/example_params_trigger_ui.py for tasks to queue
[2026-02-22T22:34:09.472+0000] {logging_mixin.py:190} INFO - [2026-02-22T22:34:09.463+0000] {dagbag.py:588} INFO - Filling up the DagBag from /home/airflow/.local/lib/python3.12/site-packages/airflow/example_dags/example_params_trigger_ui.py
[2026-02-22T22:34:09.590+0000] {processor.py:925} INFO - DAG(s) 'example_params_trigger_ui' retrieved from /home/airflow/.local/lib/python3.12/site-packages/airflow/example_dags/example_params_trigger_ui.py
[2026-02-22T22:34:10.079+0000] {logging_mixin.py:190} INFO - [2026-02-22T22:34:10.075+0000] {dag.py:3239} INFO - Sync 1 DAGs
[2026-02-22T22:34:10.186+0000] {logging_mixin.py:190} INFO - [2026-02-22T22:34:10.185+0000] {dag.py:4180} INFO - Setting next_dagrun for example_params_trigger_ui to None, run_after=None
[2026-02-22T22:34:10.344+0000] {processor.py:208} INFO - Processing /home/airflow/.local/lib/python3.12/site-packages/airflow/example_dags/example_params_trigger_ui.py took 0.976 seconds
[2026-02-22T23:13:12.712+0000] {processor.py:186} INFO - Started process (PID=3190) to work on /home/airflow/.local/lib/python3.12/site-packages/airflow/example_dags/example_params_trigger_ui.py
[2026-02-22T23:13:12.721+0000] {processor.py:914} INFO - Processing file /home/airflow/.local/lib/python3.12/site-packages/airflow/example_dags/example_params_trigger_ui.py for tasks to queue
[2026-02-22T23:13:12.737+0000] {logging_mixin.py:190} INFO - [2026-02-22T23:13:12.728+0000] {dagbag.py:588} INFO - Filling up the DagBag from /home/airflow/.local/lib/python3.12/site-packages/airflow/example_dags/example_params_trigger_ui.py
[2026-02-22T23:13:12.832+0000] {processor.py:925} INFO - DAG(s) 'example_params_trigger_ui' retrieved from /home/airflow/.local/lib/python3.12/site-packages/airflow/example_dags/example_params_trigger_ui.py
[2026-02-22T23:13:13.204+0000] {logging_mixin.py:190} INFO - [2026-02-22T23:13:13.203+0000] {dag.py:3239} INFO - Sync 1 DAGs
[2026-02-22T23:13:13.336+0000] {logging_mixin.py:190} INFO - [2026-02-22T23:13:13.335+0000] {dag.py:4180} INFO - Setting next_dagrun for example_params_trigger_ui to None, run_after=None
[2026-02-22T23:13:13.464+0000] {processor.py:208} INFO - Processing /home/airflow/.local/lib/python3.12/site-packages/airflow/example_dags/example_params_trigger_ui.py took 0.813 seconds
[2026-02-22T23:13:49.175+0000] {processor.py:186} INFO - Started process (PID=3255) to work on /home/airflow/.local/lib/python3.12/site-packages/airflow/example_dags/example_params_trigger_ui.py
[2026-02-22T23:13:49.184+0000] {processor.py:914} INFO - Processing file /home/airflow/.local/lib/python3.12/site-packages/airflow/example_dags/example_params_trigger_ui.py for tasks to queue
[2026-02-22T23:13:49.198+0000] {logging_mixin.py:190} INFO - [2026-02-22T23:13:49.196+0000] {dagbag.py:588} INFO - Filling up the DagBag from /home/airflow/.local/lib/python3.12/site-packages/airflow/example_dags/example_params_trigger_ui.py
[2026-02-22T23:13:49.254+0000] {processor.py:925} INFO - DAG(s) 'example_params_trigger_ui' retrieved from /home/airflow/.local/lib/python3.12/site-packages/airflow/example_dags/example_params_trigger_ui.py
[2026-02-22T23:13:49.488+0000] {logging_mixin.py:190} INFO - [2026-02-22T23:13:49.487+0000] {dag.py:3239} INFO - Sync 1 DAGs
[2026-02-22T23:13:49.560+0000] {logging_mixin.py:190} INFO - [2026-02-22T23:13:49.558+0000] {dag.py:4180} INFO - Setting next_dagrun for example_params_trigger_ui to None, run_after=None
[2026-02-22T23:13:49.666+0000] {processor.py:208} INFO - Processing /home/airflow/.local/lib/python3.12/site-packages/airflow/example_dags/example_params_trigger_ui.py took 0.521 seconds
