[2026-02-22T21:46:34.919+0000] {processor.py:186} INFO - Started process (PID=2785) to work on /home/airflow/.local/lib/python3.12/site-packages/airflow/example_dags/example_inlet_event_extra.py
[2026-02-22T21:46:34.934+0000] {processor.py:914} INFO - Processing file /home/airflow/.local/lib/python3.12/site-packages/airflow/example_dags/example_inlet_event_extra.py for tasks to queue
[2026-02-22T21:46:34.957+0000] {logging_mixin.py:190} INFO - [2026-02-22T21:46:34.954+0000] {dagbag.py:588} INFO - Filling up the DagBag from /home/airflow/.local/lib/python3.12/site-packages/airflow/example_dags/example_inlet_event_extra.py
[2026-02-22T21:46:38.745+0000] {processor.py:925} INFO - DAG(s) 'read_dataset_event_from_classic', 'read_dataset_event' retrieved from /home/airflow/.local/lib/python3.12/site-packages/airflow/example_dags/example_inlet_event_extra.py
[2026-02-22T21:46:38.914+0000] {logging_mixin.py:190} INFO - [2026-02-22T21:46:38.910+0000] {dag.py:3239} INFO - Sync 2 DAGs
[2026-02-22T21:46:39.863+0000] {logging_mixin.py:190} INFO - [2026-02-22T21:46:39.862+0000] {dag.py:4180} INFO - Setting next_dagrun for read_dataset_event to 2026-02-21 00:00:00+00:00, run_after=2026-02-22 00:00:00+00:00
[2026-02-22T21:46:39.928+0000] {logging_mixin.py:190} INFO - [2026-02-22T21:46:39.924+0000] {dag.py:4180} INFO - Setting next_dagrun for read_dataset_event_from_classic to 2026-02-21 00:00:00+00:00, run_after=2026-02-22 00:00:00+00:00
[2026-02-22T21:46:40.048+0000] {processor.py:208} INFO - Processing /home/airflow/.local/lib/python3.12/site-packages/airflow/example_dags/example_inlet_event_extra.py took 5.253 seconds
[2026-02-22T21:47:25.866+0000] {processor.py:186} INFO - Started process (PID=2857) to work on /home/airflow/.local/lib/python3.12/site-packages/airflow/example_dags/example_inlet_event_extra.py
[2026-02-22T21:47:25.880+0000] {processor.py:914} INFO - Processing file /home/airflow/.local/lib/python3.12/site-packages/airflow/example_dags/example_inlet_event_extra.py for tasks to queue
[2026-02-22T21:47:25.902+0000] {logging_mixin.py:190} INFO - [2026-02-22T21:47:25.889+0000] {dagbag.py:588} INFO - Filling up the DagBag from /home/airflow/.local/lib/python3.12/site-packages/airflow/example_dags/example_inlet_event_extra.py
[2026-02-22T21:47:30.615+0000] {processor.py:925} INFO - DAG(s) 'read_dataset_event', 'read_dataset_event_from_classic' retrieved from /home/airflow/.local/lib/python3.12/site-packages/airflow/example_dags/example_inlet_event_extra.py
[2026-02-22T21:47:30.788+0000] {logging_mixin.py:190} INFO - [2026-02-22T21:47:30.787+0000] {dag.py:3239} INFO - Sync 2 DAGs
[2026-02-22T21:47:32.137+0000] {logging_mixin.py:190} INFO - [2026-02-22T21:47:32.136+0000] {dag.py:4180} INFO - Setting next_dagrun for read_dataset_event to 2026-02-21 00:00:00+00:00, run_after=2026-02-22 00:00:00+00:00
[2026-02-22T21:47:32.192+0000] {logging_mixin.py:190} INFO - [2026-02-22T21:47:32.191+0000] {dag.py:4180} INFO - Setting next_dagrun for read_dataset_event_from_classic to 2026-02-21 00:00:00+00:00, run_after=2026-02-22 00:00:00+00:00
[2026-02-22T21:47:32.345+0000] {processor.py:208} INFO - Processing /home/airflow/.local/lib/python3.12/site-packages/airflow/example_dags/example_inlet_event_extra.py took 6.572 seconds
[2026-02-22T22:32:53.669+0000] {processor.py:186} INFO - Started process (PID=2977) to work on /home/airflow/.local/lib/python3.12/site-packages/airflow/example_dags/example_inlet_event_extra.py
[2026-02-22T22:32:53.676+0000] {processor.py:914} INFO - Processing file /home/airflow/.local/lib/python3.12/site-packages/airflow/example_dags/example_inlet_event_extra.py for tasks to queue
[2026-02-22T22:32:53.684+0000] {logging_mixin.py:190} INFO - [2026-02-22T22:32:53.682+0000] {dagbag.py:588} INFO - Filling up the DagBag from /home/airflow/.local/lib/python3.12/site-packages/airflow/example_dags/example_inlet_event_extra.py
[2026-02-22T22:32:56.769+0000] {processor.py:925} INFO - DAG(s) 'read_dataset_event', 'read_dataset_event_from_classic' retrieved from /home/airflow/.local/lib/python3.12/site-packages/airflow/example_dags/example_inlet_event_extra.py
[2026-02-22T22:32:56.878+0000] {logging_mixin.py:190} INFO - [2026-02-22T22:32:56.876+0000] {dag.py:3239} INFO - Sync 2 DAGs
[2026-02-22T22:32:56.993+0000] {logging_mixin.py:190} INFO - [2026-02-22T22:32:56.992+0000] {dag.py:4180} INFO - Setting next_dagrun for read_dataset_event to 2026-02-21 00:00:00+00:00, run_after=2026-02-22 00:00:00+00:00
[2026-02-22T22:32:57.022+0000] {logging_mixin.py:190} INFO - [2026-02-22T22:32:57.021+0000] {dag.py:4180} INFO - Setting next_dagrun for read_dataset_event_from_classic to 2026-02-21 00:00:00+00:00, run_after=2026-02-22 00:00:00+00:00
[2026-02-22T22:32:57.105+0000] {processor.py:208} INFO - Processing /home/airflow/.local/lib/python3.12/site-packages/airflow/example_dags/example_inlet_event_extra.py took 3.466 seconds
[2026-02-22T22:33:29.063+0000] {processor.py:186} INFO - Started process (PID=3042) to work on /home/airflow/.local/lib/python3.12/site-packages/airflow/example_dags/example_inlet_event_extra.py
[2026-02-22T22:33:29.069+0000] {processor.py:914} INFO - Processing file /home/airflow/.local/lib/python3.12/site-packages/airflow/example_dags/example_inlet_event_extra.py for tasks to queue
[2026-02-22T22:33:29.077+0000] {logging_mixin.py:190} INFO - [2026-02-22T22:33:29.075+0000] {dagbag.py:588} INFO - Filling up the DagBag from /home/airflow/.local/lib/python3.12/site-packages/airflow/example_dags/example_inlet_event_extra.py
[2026-02-22T22:33:33.039+0000] {processor.py:925} INFO - DAG(s) 'read_dataset_event_from_classic', 'read_dataset_event' retrieved from /home/airflow/.local/lib/python3.12/site-packages/airflow/example_dags/example_inlet_event_extra.py
[2026-02-22T22:33:33.213+0000] {logging_mixin.py:190} INFO - [2026-02-22T22:33:33.212+0000] {dag.py:3239} INFO - Sync 2 DAGs
[2026-02-22T22:33:33.383+0000] {logging_mixin.py:190} INFO - [2026-02-22T22:33:33.382+0000] {dag.py:4180} INFO - Setting next_dagrun for read_dataset_event to 2026-02-21 00:00:00+00:00, run_after=2026-02-22 00:00:00+00:00
[2026-02-22T22:33:33.422+0000] {logging_mixin.py:190} INFO - [2026-02-22T22:33:33.421+0000] {dag.py:4180} INFO - Setting next_dagrun for read_dataset_event_from_classic to 2026-02-21 00:00:00+00:00, run_after=2026-02-22 00:00:00+00:00
[2026-02-22T22:33:33.523+0000] {processor.py:208} INFO - Processing /home/airflow/.local/lib/python3.12/site-packages/airflow/example_dags/example_inlet_event_extra.py took 4.508 seconds
[2026-02-22T23:13:22.460+0000] {processor.py:186} INFO - Started process (PID=3202) to work on /home/airflow/.local/lib/python3.12/site-packages/airflow/example_dags/example_inlet_event_extra.py
[2026-02-22T23:13:22.483+0000] {processor.py:914} INFO - Processing file /home/airflow/.local/lib/python3.12/site-packages/airflow/example_dags/example_inlet_event_extra.py for tasks to queue
[2026-02-22T23:13:22.508+0000] {logging_mixin.py:190} INFO - [2026-02-22T23:13:22.502+0000] {dagbag.py:588} INFO - Filling up the DagBag from /home/airflow/.local/lib/python3.12/site-packages/airflow/example_dags/example_inlet_event_extra.py
[2026-02-22T23:13:28.175+0000] {processor.py:925} INFO - DAG(s) 'read_dataset_event', 'read_dataset_event_from_classic' retrieved from /home/airflow/.local/lib/python3.12/site-packages/airflow/example_dags/example_inlet_event_extra.py
[2026-02-22T23:13:28.323+0000] {logging_mixin.py:190} INFO - [2026-02-22T23:13:28.322+0000] {dag.py:3239} INFO - Sync 2 DAGs
[2026-02-22T23:13:28.467+0000] {logging_mixin.py:190} INFO - [2026-02-22T23:13:28.466+0000] {dag.py:4180} INFO - Setting next_dagrun for read_dataset_event to 2026-02-21 00:00:00+00:00, run_after=2026-02-22 00:00:00+00:00
[2026-02-22T23:13:28.508+0000] {logging_mixin.py:190} INFO - [2026-02-22T23:13:28.507+0000] {dag.py:4180} INFO - Setting next_dagrun for read_dataset_event_from_classic to 2026-02-21 00:00:00+00:00, run_after=2026-02-22 00:00:00+00:00
[2026-02-22T23:13:28.653+0000] {processor.py:208} INFO - Processing /home/airflow/.local/lib/python3.12/site-packages/airflow/example_dags/example_inlet_event_extra.py took 6.240 seconds
[2026-02-22T23:14:00.199+0000] {processor.py:186} INFO - Started process (PID=3278) to work on /home/airflow/.local/lib/python3.12/site-packages/airflow/example_dags/example_inlet_event_extra.py
[2026-02-22T23:14:00.207+0000] {processor.py:914} INFO - Processing file /home/airflow/.local/lib/python3.12/site-packages/airflow/example_dags/example_inlet_event_extra.py for tasks to queue
[2026-02-22T23:14:00.228+0000] {logging_mixin.py:190} INFO - [2026-02-22T23:14:00.216+0000] {dagbag.py:588} INFO - Filling up the DagBag from /home/airflow/.local/lib/python3.12/site-packages/airflow/example_dags/example_inlet_event_extra.py
[2026-02-22T23:44:39.362+0000] {logging_mixin.py:190} INFO - [2026-02-22T23:14:36.440+0000] {timeout.py:68} ERROR - Process timed out, PID: 3278
[2026-02-23T07:41:26.223+0000] {logging_mixin.py:190} INFO - [2026-02-22T23:44:39.988+0000] {dagbag.py:387} ERROR - Failed to import: /home/airflow/.local/lib/python3.12/site-packages/airflow/example_dags/example_inlet_event_extra.py
Traceback (most recent call last):
  File "/home/airflow/.local/lib/python3.12/site-packages/airflow/models/dagbag.py", line 383, in parse
    loader.exec_module(new_module)
  File "<frozen importlib._bootstrap_external>", line 999, in exec_module
  File "<frozen importlib._bootstrap>", line 488, in _call_with_frames_removed
  File "/home/airflow/.local/lib/python3.12/site-packages/airflow/example_dags/example_inlet_event_extra.py", line 33, in <module>
    ds = Dataset("s3://output/1.txt")
         ^^^^^^^^^^^^^^^^^^^^^^^^^^^^
  File "<attrs generated init airflow.datasets.Dataset>", line 3, in __init__
    _setattr('uri', __attr_converter_uri(uri))
                    ^^^^^^^^^^^^^^^^^^^^^^^^^
  File "/home/airflow/.local/lib/python3.12/site-packages/airflow/datasets/__init__.py", line 108, in _sanitize_uri
    if (normalizer := _get_uri_normalizer(normalized_scheme)) is not None:
                      ^^^^^^^^^^^^^^^^^^^^^^^^^^^^^^^^^^^^^^
  File "/home/airflow/.local/lib/python3.12/site-packages/airflow/datasets/__init__.py", line 58, in _get_uri_normalizer
    return ProvidersManager().dataset_uri_handlers.get(scheme)
           ^^^^^^^^^^^^^^^^^^^^^^^^^^^^^^^^^^^^^^^
  File "/home/airflow/.local/lib/python3.12/site-packages/airflow/providers_manager.py", line 1333, in dataset_uri_handlers
    self.initialize_providers_dataset_uri_resources()
  File "/home/airflow/.local/lib/python3.12/site-packages/airflow/providers_manager.py", line 384, in wrapped_function
    func(*args, **kwargs)
  File "/home/airflow/.local/lib/python3.12/site-packages/airflow/providers_manager.py", line 532, in initialize_providers_dataset_uri_resources
    self._discover_dataset_uri_resources()
  File "/home/airflow/.local/lib/python3.12/site-packages/airflow/providers_manager.py", line 914, in _discover_dataset_uri_resources
    _safe_register_resource(
  File "/home/airflow/.local/lib/python3.12/site-packages/airflow/providers_manager.py", line 902, in _safe_register_resource
    _correctness_check(provider_package_name, resource_path, provider)
  File "/home/airflow/.local/lib/python3.12/site-packages/airflow/providers_manager.py", line 327, in _correctness_check
    imported_class = import_string(class_name)
                     ^^^^^^^^^^^^^^^^^^^^^^^^^
  File "/home/airflow/.local/lib/python3.12/site-packages/airflow/utils/module_loading.py", line 39, in import_string
    module = import_module(module_path)
             ^^^^^^^^^^^^^^^^^^^^^^^^^^
  File "/usr/local/lib/python3.12/importlib/__init__.py", line 90, in import_module
    return _bootstrap._gcd_import(name[level:], package, level)
           ^^^^^^^^^^^^^^^^^^^^^^^^^^^^^^^^^^^^^^^^^^^^^^^^^^^^
  File "<frozen importlib._bootstrap>", line 1387, in _gcd_import
  File "<frozen importlib._bootstrap>", line 1360, in _find_and_load
  File "<frozen importlib._bootstrap>", line 1331, in _find_and_load_unlocked
  File "<frozen importlib._bootstrap>", line 935, in _load_unlocked
  File "<frozen importlib._bootstrap_external>", line 999, in exec_module
  File "<frozen importlib._bootstrap>", line 488, in _call_with_frames_removed
  File "/home/airflow/.local/lib/python3.12/site-packages/airflow/providers/google/assets/gcs.py", line 21, in <module>
    from airflow.providers.google.cloud.hooks.gcs import _parse_gcs_url
  File "/home/airflow/.local/lib/python3.12/site-packages/airflow/providers/google/cloud/hooks/gcs.py", line 41, in <module>
    from google.cloud import storage  # type: ignore[attr-defined]
    ^^^^^^^^^^^^^^^^^^^^^^^^^^^^^^^^
  File "/home/airflow/.local/lib/python3.12/site-packages/google/cloud/storage/__init__.py", line 35, in <module>
    from google.cloud.storage.batch import Batch
  File "/home/airflow/.local/lib/python3.12/site-packages/google/cloud/storage/batch.py", line 44, in <module>
    from google.cloud.storage._http import Connection
  File "/home/airflow/.local/lib/python3.12/site-packages/google/cloud/storage/_http.py", line 21, in <module>
    from google.cloud.storage._opentelemetry_tracing import create_trace_span
  File "/home/airflow/.local/lib/python3.12/site-packages/google/cloud/storage/_opentelemetry_tracing.py", line 37, in <module>
    from opentelemetry import trace
  File "/home/airflow/.local/lib/python3.12/site-packages/opentelemetry/trace/__init__.py", line 86, in <module>
    from opentelemetry import context as context_api
  File "/home/airflow/.local/lib/python3.12/site-packages/opentelemetry/context/__init__.py", line 69, in <module>
    _RUNTIME_CONTEXT = _load_runtime_context()
                       ^^^^^^^^^^^^^^^^^^^^^^^
  File "/home/airflow/.local/lib/python3.12/site-packages/opentelemetry/context/__init__.py", line 47, in _load_runtime_context
    entry_points(  # type: ignore
  File "/home/airflow/.local/lib/python3.12/site-packages/importlib_metadata/__init__.py", line 952, in entry_points
    return EntryPoints(eps).select(**params)
           ^^^^^^^^^^^^^^^^
  File "/home/airflow/.local/lib/python3.12/site-packages/importlib_metadata/__init__.py", line 950, in <genexpr>
    dist.entry_points for dist in _unique(distributions())
                                  ^^^^^^^^^^^^^^^^^^^^^^^^
  File "/home/airflow/.local/lib/python3.12/site-packages/importlib_metadata/_itertools.py", line 15, in unique_everseen
    for element in iterable:
                   ^^^^^^^^
  File "/home/airflow/.local/lib/python3.12/site-packages/importlib_metadata/__init__.py", line 369, in __new__
    name for subclass in inspect.getmro(cls) for name in vars(subclass)
    ^^^^
  File "/home/airflow/.local/lib/python3.12/site-packages/airflow/utils/timeout.py", line 69, in handle_timeout
    raise AirflowTaskTimeout(self.error_message)
airflow.exceptions.AirflowTaskTimeout: DagBag import timeout for /home/airflow/.local/lib/python3.12/site-packages/airflow/example_dags/example_inlet_event_extra.py after 30.0s.
Please take a look at these docs to improve your DAG import time:
* https://airflow.apache.org/docs/apache-airflow/2.10.5/best-practices.html#top-level-python-code
* https://airflow.apache.org/docs/apache-airflow/2.10.5/best-practices.html#reducing-dag-complexity, PID: 3278
[2026-02-23T07:41:26.431+0000] {processor.py:927} WARNING - No viable dags retrieved from /home/airflow/.local/lib/python3.12/site-packages/airflow/example_dags/example_inlet_event_extra.py
