[2026-01-26T02:33:00.662+0000] {local_task_job_runner.py:123} INFO - ::group::Pre task execution logs
[2026-01-26T02:33:00.696+0000] {taskinstance.py:2614} INFO - Dependencies all met for dep_context=non-requeueable deps ti=<TaskInstance: ELT_postgresql.store_sales_summary scheduled__2026-01-25T00:00:00+00:00 [queued]>
[2026-01-26T02:33:00.713+0000] {taskinstance.py:2614} INFO - Dependencies all met for dep_context=requeueable deps ti=<TaskInstance: ELT_postgresql.store_sales_summary scheduled__2026-01-25T00:00:00+00:00 [queued]>
[2026-01-26T02:33:00.720+0000] {taskinstance.py:2867} INFO - Starting attempt 1 of 1
[2026-01-26T02:33:00.743+0000] {taskinstance.py:2890} INFO - Executing <Task(BashOperator): store_sales_summary> on 2026-01-25 00:00:00+00:00
[2026-01-26T02:33:00.767+0000] {warnings.py:112} WARNING - /home/***/.local/lib/python3.12/site-packages/***/task/task_runner/standard_task_runner.py:70: DeprecationWarning: This process (pid=9683) is multi-threaded, use of fork() may lead to deadlocks in the child.
  pid = os.fork()

[2026-01-26T02:33:00.770+0000] {standard_task_runner.py:104} INFO - Running: ['***', 'tasks', 'run', 'ELT_postgresql', 'store_sales_summary', 'scheduled__2026-01-25T00:00:00+00:00', '--job-id', '65', '--raw', '--subdir', 'DAGS_FOLDER/ETL_postgresql_dag/etl_postgresql.py', '--cfg-path', '/tmp/tmp7500l80f']
[2026-01-26T02:33:00.772+0000] {standard_task_runner.py:72} INFO - Started process 9690 to run task
[2026-01-26T02:33:00.777+0000] {standard_task_runner.py:105} INFO - Job 65: Subtask store_sales_summary
[2026-01-26T02:33:00.846+0000] {task_command.py:467} INFO - Running <TaskInstance: ELT_postgresql.store_sales_summary scheduled__2026-01-25T00:00:00+00:00 [running]> on host 0ea653c42ac5
[2026-01-26T02:33:01.729+0000] {taskinstance.py:3134} INFO - Exporting env vars: AIRFLOW_CTX_DAG_OWNER='Bereket Tafesse' AIRFLOW_CTX_DAG_ID='ELT_postgresql' AIRFLOW_CTX_TASK_ID='store_sales_summary' AIRFLOW_CTX_EXECUTION_DATE='2026-01-25T00:00:00+00:00' AIRFLOW_CTX_TRY_NUMBER='1' AIRFLOW_CTX_DAG_RUN_ID='scheduled__2026-01-25T00:00:00+00:00'
[2026-01-26T02:33:01.738+0000] {logging_mixin.py:190} INFO - Task instance is in running state
[2026-01-26T02:33:01.751+0000] {logging_mixin.py:190} INFO -  Previous state of the Task instance: queued
[2026-01-26T02:33:01.761+0000] {logging_mixin.py:190} INFO - Current task name:store_sales_summary state:running start_date:2026-01-26 02:33:00.703821+00:00
[2026-01-26T02:33:01.767+0000] {logging_mixin.py:190} INFO - Dag name:ELT_postgresql and current dag run status:running
[2026-01-26T02:33:01.771+0000] {taskinstance.py:732} INFO - ::endgroup::
[2026-01-26T02:33:01.774+0000] {subprocess.py:78} INFO - Tmp dir root location: /tmp
[2026-01-26T02:33:01.783+0000] {subprocess.py:88} INFO - Running command: ['/usr/bin/bash', '-c', 'python /opt/***/dags/ETL_postgresql_dag/python_tasks/store_sales_summary.py']
[2026-01-26T02:33:01.821+0000] {subprocess.py:99} INFO - Output:
[2026-01-26T02:33:09.096+0000] {subprocess.py:106} INFO - [2026-01-26T02:33:09.094+0000] {base.py:84} INFO - Retrieving connection 'postgresql_connection'
[2026-01-26T02:33:09.106+0000] {subprocess.py:106} INFO - [2026-01-26T02:33:09.106+0000] {sql.py:511} INFO - Running statement:
[2026-01-26T02:33:09.108+0000] {subprocess.py:106} INFO -         DROP TABLE IF EXISTS store_sales_summary;
[2026-01-26T02:33:09.109+0000] {subprocess.py:106} INFO - 
[2026-01-26T02:33:09.110+0000] {subprocess.py:106} INFO -         CREATE TABLE store_sales_summary AS
[2026-01-26T02:33:09.111+0000] {subprocess.py:106} INFO -         SELECT
[2026-01-26T02:33:09.113+0000] {subprocess.py:106} INFO -             store_id,
[2026-01-26T02:33:09.115+0000] {subprocess.py:106} INFO -             store_name,
[2026-01-26T02:33:09.116+0000] {subprocess.py:106} INFO -             store_country,
[2026-01-26T02:33:09.117+0000] {subprocess.py:106} INFO -             store_city,
[2026-01-26T02:33:09.122+0000] {subprocess.py:106} INFO -             store_type,
[2026-01-26T02:33:09.124+0000] {subprocess.py:106} INFO -             SUM(total_amount) AS total_sales_amount,
[2026-01-26T02:33:09.125+0000] {subprocess.py:106} INFO -             SUM(total_quantity_sold) AS total_quantity_sold
[2026-01-26T02:33:09.126+0000] {subprocess.py:106} INFO -         FROM exploded_products
[2026-01-26T02:33:09.128+0000] {subprocess.py:106} INFO -         GROUP BY store_id, store_name, store_country, store_city, store_type;
[2026-01-26T02:33:09.129+0000] {subprocess.py:106} INFO -     , parameters: None
[2026-01-26T02:33:09.752+0000] {subprocess.py:106} INFO - [2026-01-26T02:33:09.751+0000] {sql.py:520} INFO - Rows affected: 29930
[2026-01-26T02:33:10.289+0000] {subprocess.py:110} INFO - Command exited with return code 0
[2026-01-26T02:33:10.336+0000] {taskinstance.py:341} INFO - ::group::Post task execution logs
[2026-01-26T02:33:10.339+0000] {taskinstance.py:353} INFO - Marking task as SUCCESS. dag_id=ELT_postgresql, task_id=store_sales_summary, run_id=scheduled__2026-01-25T00:00:00+00:00, execution_date=20260125T000000, start_date=20260126T023300, end_date=20260126T023310
[2026-01-26T02:33:10.394+0000] {logging_mixin.py:190} INFO - Task instance in success state
[2026-01-26T02:33:10.398+0000] {logging_mixin.py:190} INFO -  Previous state of the Task instance: running
[2026-01-26T02:33:10.402+0000] {logging_mixin.py:190} INFO - Dag name:ELT_postgresql queued_at:2026-01-26 02:32:51.855463+00:00
[2026-01-26T02:33:10.406+0000] {logging_mixin.py:190} INFO - Task hostname:0ea653c42ac5 operator:BashOperator
[2026-01-26T02:33:10.462+0000] {local_task_job_runner.py:266} INFO - Task exited with return code 0
[2026-01-26T02:33:10.499+0000] {taskinstance.py:3901} INFO - 0 downstream tasks scheduled from follow-on schedule check
[2026-01-26T02:33:10.505+0000] {local_task_job_runner.py:245} INFO - ::endgroup::
