[2026-01-24T08:43:53.485+0000] {local_task_job_runner.py:123} INFO - ::group::Pre task execution logs
[2026-01-24T08:43:53.519+0000] {taskinstance.py:2614} INFO - Dependencies all met for dep_context=non-requeueable deps ti=<TaskInstance: ELT_postgresql.daily_sales_country_currency scheduled__2026-01-23T00:00:00+00:00 [queued]>
[2026-01-24T08:43:53.536+0000] {taskinstance.py:2614} INFO - Dependencies all met for dep_context=requeueable deps ti=<TaskInstance: ELT_postgresql.daily_sales_country_currency scheduled__2026-01-23T00:00:00+00:00 [queued]>
[2026-01-24T08:43:53.536+0000] {taskinstance.py:2867} INFO - Starting attempt 1 of 1
[2026-01-24T08:43:53.564+0000] {taskinstance.py:2890} INFO - Executing <Task(BashOperator): daily_sales_country_currency> on 2026-01-23 00:00:00+00:00
[2026-01-24T08:43:53.666+0000] {standard_task_runner.py:104} INFO - Running: ['***', 'tasks', 'run', 'ELT_postgresql', 'daily_sales_country_currency', 'scheduled__2026-01-23T00:00:00+00:00', '--job-id', '58', '--raw', '--subdir', 'DAGS_FOLDER/ETL_postgresql_dag/etl_postgresql.py', '--cfg-path', '/tmp/tmpqm4zf12e']
[2026-01-24T08:43:53.656+0000] {warnings.py:112} WARNING - /home/***/.local/lib/python3.12/site-packages/***/task/task_runner/standard_task_runner.py:70: DeprecationWarning: This process (pid=1554) is multi-threaded, use of fork() may lead to deadlocks in the child.
  pid = os.fork()

[2026-01-24T08:43:53.679+0000] {standard_task_runner.py:105} INFO - Job 58: Subtask daily_sales_country_currency
[2026-01-24T08:43:53.680+0000] {standard_task_runner.py:72} INFO - Started process 1565 to run task
[2026-01-24T08:43:54.056+0000] {task_command.py:467} INFO - Running <TaskInstance: ELT_postgresql.daily_sales_country_currency scheduled__2026-01-23T00:00:00+00:00 [running]> on host 0ea653c42ac5
[2026-01-24T08:43:54.337+0000] {taskinstance.py:3134} INFO - Exporting env vars: AIRFLOW_CTX_DAG_OWNER='Bereket Tafesse' AIRFLOW_CTX_DAG_ID='ELT_postgresql' AIRFLOW_CTX_TASK_ID='daily_sales_country_currency' AIRFLOW_CTX_EXECUTION_DATE='2026-01-23T00:00:00+00:00' AIRFLOW_CTX_TRY_NUMBER='1' AIRFLOW_CTX_DAG_RUN_ID='scheduled__2026-01-23T00:00:00+00:00'
[2026-01-24T08:43:54.345+0000] {logging_mixin.py:190} INFO - Task instance is in running state
[2026-01-24T08:43:54.345+0000] {logging_mixin.py:190} INFO -  Previous state of the Task instance: queued
[2026-01-24T08:43:54.346+0000] {logging_mixin.py:190} INFO - Current task name:daily_sales_country_currency state:running start_date:2026-01-24 08:43:53.520290+00:00
[2026-01-24T08:43:54.347+0000] {logging_mixin.py:190} INFO - Dag name:ELT_postgresql and current dag run status:running
[2026-01-24T08:43:54.348+0000] {taskinstance.py:732} INFO - ::endgroup::
[2026-01-24T08:43:54.351+0000] {subprocess.py:78} INFO - Tmp dir root location: /tmp
[2026-01-24T08:43:54.353+0000] {subprocess.py:88} INFO - Running command: ['/usr/bin/bash', '-c', 'python /opt/***/dags/ETL_postgresql_dag/python_tasks/daily_sales_country_currency.py']
[2026-01-24T08:43:54.398+0000] {subprocess.py:99} INFO - Output:
[2026-01-24T08:44:00.373+0000] {subprocess.py:106} INFO - [2026-01-24T08:44:00.371+0000] {base.py:84} INFO - Retrieving connection 'postgresql_connection'
[2026-01-24T08:44:00.382+0000] {subprocess.py:106} INFO - [2026-01-24T08:44:00.381+0000] {sql.py:511} INFO - Running statement:
[2026-01-24T08:44:00.383+0000] {subprocess.py:106} INFO -         DROP TABLE IF EXISTS daily_sales_country_currency;
[2026-01-24T08:44:00.383+0000] {subprocess.py:106} INFO - 
[2026-01-24T08:44:00.384+0000] {subprocess.py:106} INFO -         CREATE TABLE daily_sales_country_currency AS
[2026-01-24T08:44:00.385+0000] {subprocess.py:106} INFO -         SELECT
[2026-01-24T08:44:00.385+0000] {subprocess.py:106} INFO -             DATE(purchase_timestamp) AS purchase_date,
[2026-01-24T08:44:00.386+0000] {subprocess.py:106} INFO -             store_country,
[2026-01-24T08:44:00.386+0000] {subprocess.py:106} INFO -             currency,
[2026-01-24T08:44:00.387+0000] {subprocess.py:106} INFO -             SUM(total_amount) AS daily_total_sales,
[2026-01-24T08:44:00.387+0000] {subprocess.py:106} INFO -             COUNT(DISTINCT transaction_id) AS number_of_transactions,
[2026-01-24T08:44:00.388+0000] {subprocess.py:106} INFO -             AVG(total_amount) AS average_transaction_value
[2026-01-24T08:44:00.389+0000] {subprocess.py:106} INFO -         FROM exploded_products
[2026-01-24T08:44:00.389+0000] {subprocess.py:106} INFO -         GROUP BY DATE(purchase_timestamp), store_country, currency;
[2026-01-24T08:44:00.390+0000] {subprocess.py:106} INFO -     , parameters: None
[2026-01-24T08:44:01.196+0000] {subprocess.py:106} INFO - [2026-01-24T08:44:01.195+0000] {sql.py:520} INFO - Rows affected: 15474
[2026-01-24T08:44:01.742+0000] {subprocess.py:110} INFO - Command exited with return code 0
[2026-01-24T08:44:01.801+0000] {taskinstance.py:341} INFO - ::group::Post task execution logs
[2026-01-24T08:44:01.803+0000] {taskinstance.py:353} INFO - Marking task as SUCCESS. dag_id=ELT_postgresql, task_id=daily_sales_country_currency, run_id=scheduled__2026-01-23T00:00:00+00:00, execution_date=20260123T000000, start_date=20260124T084353, end_date=20260124T084401
[2026-01-24T08:44:01.880+0000] {logging_mixin.py:190} INFO - Task instance in success state
[2026-01-24T08:44:01.883+0000] {logging_mixin.py:190} INFO -  Previous state of the Task instance: running
[2026-01-24T08:44:01.890+0000] {logging_mixin.py:190} INFO - Dag name:ELT_postgresql queued_at:2026-01-24 08:43:35.579061+00:00
[2026-01-24T08:44:01.893+0000] {logging_mixin.py:190} INFO - Task hostname:0ea653c42ac5 operator:BashOperator
[2026-01-24T08:44:01.919+0000] {local_task_job_runner.py:266} INFO - Task exited with return code 0
[2026-01-24T08:44:01.936+0000] {local_task_job_runner.py:245} INFO - ::endgroup::
