[2026-03-19T17:42:47.014+0000] {local_task_job_runner.py:123} INFO - ::group::Pre task execution logs
[2026-03-19T17:42:47.070+0000] {taskinstance.py:2614} INFO - Dependencies all met for dep_context=non-requeueable deps ti=<TaskInstance: ELT_postgresql.daily_sales_country_currency manual__2026-03-19T17:42:30.643881+00:00 [queued]>
[2026-03-19T17:42:47.096+0000] {taskinstance.py:2614} INFO - Dependencies all met for dep_context=requeueable deps ti=<TaskInstance: ELT_postgresql.daily_sales_country_currency manual__2026-03-19T17:42:30.643881+00:00 [queued]>
[2026-03-19T17:42:47.097+0000] {taskinstance.py:2867} INFO - Starting attempt 1 of 1
[2026-03-19T17:42:47.140+0000] {taskinstance.py:2890} INFO - Executing <Task(BashOperator): daily_sales_country_currency> on 2026-03-19 17:42:30.643881+00:00
[2026-03-19T17:42:47.158+0000] {warnings.py:112} WARNING - /home/***/.local/lib/python3.12/site-packages/***/task/task_runner/standard_task_runner.py:70: DeprecationWarning: This process (pid=4065) is multi-threaded, use of fork() may lead to deadlocks in the child.
  pid = os.fork()

[2026-03-19T17:42:47.166+0000] {standard_task_runner.py:72} INFO - Started process 4079 to run task
[2026-03-19T17:42:47.167+0000] {standard_task_runner.py:104} INFO - Running: ['***', 'tasks', 'run', 'ELT_postgresql', 'daily_sales_country_currency', 'manual__2026-03-19T17:42:30.643881+00:00', '--job-id', '171', '--raw', '--subdir', 'DAGS_FOLDER/ETL_postgresql_dag/etl_postgresql.py', '--cfg-path', '/tmp/tmpvnm1op6w']
[2026-03-19T17:42:47.170+0000] {standard_task_runner.py:105} INFO - Job 171: Subtask daily_sales_country_currency
[2026-03-19T17:42:47.316+0000] {task_command.py:467} INFO - Running <TaskInstance: ELT_postgresql.daily_sales_country_currency manual__2026-03-19T17:42:30.643881+00:00 [running]> on host 11702db3a8b2
[2026-03-19T17:42:47.657+0000] {taskinstance.py:3134} INFO - Exporting env vars: AIRFLOW_CTX_DAG_OWNER='Bereket Tafesse' AIRFLOW_CTX_DAG_ID='ELT_postgresql' AIRFLOW_CTX_TASK_ID='daily_sales_country_currency' AIRFLOW_CTX_EXECUTION_DATE='2026-03-19T17:42:30.643881+00:00' AIRFLOW_CTX_TRY_NUMBER='1' AIRFLOW_CTX_DAG_RUN_ID='manual__2026-03-19T17:42:30.643881+00:00'
[2026-03-19T17:42:47.662+0000] {logging_mixin.py:190} INFO - Task instance is in running state
[2026-03-19T17:42:47.664+0000] {logging_mixin.py:190} INFO -  Previous state of the Task instance: queued
[2026-03-19T17:42:47.665+0000] {logging_mixin.py:190} INFO - Current task name:daily_sales_country_currency state:running start_date:2026-03-19 17:42:47.072340+00:00
[2026-03-19T17:42:47.668+0000] {logging_mixin.py:190} INFO - Dag name:ELT_postgresql and current dag run status:running
[2026-03-19T17:42:47.670+0000] {taskinstance.py:732} INFO - ::endgroup::
[2026-03-19T17:42:47.683+0000] {subprocess.py:78} INFO - Tmp dir root location: /tmp
[2026-03-19T17:42:47.689+0000] {subprocess.py:88} INFO - Running command: ['/usr/bin/bash', '-c', 'python /opt/***/dags/ETL_postgresql_dag/python_tasks/daily_sales_country_currency.py']
[2026-03-19T17:42:47.723+0000] {subprocess.py:99} INFO - Output:
[2026-03-19T17:42:57.621+0000] {subprocess.py:106} INFO - [2026-03-19T17:42:57.617+0000] {base.py:84} INFO - Retrieving connection 'postgresql_connection'
[2026-03-19T17:42:57.640+0000] {subprocess.py:106} INFO - [2026-03-19T17:42:57.639+0000] {sql.py:511} INFO - Running statement:
[2026-03-19T17:42:57.642+0000] {subprocess.py:106} INFO -         DROP TABLE IF EXISTS daily_sales_country_currency;
[2026-03-19T17:42:57.644+0000] {subprocess.py:106} INFO - 
[2026-03-19T17:42:57.646+0000] {subprocess.py:106} INFO -         CREATE TABLE daily_sales_country_currency AS
[2026-03-19T17:42:57.648+0000] {subprocess.py:106} INFO -         SELECT
[2026-03-19T17:42:57.650+0000] {subprocess.py:106} INFO -             DATE(purchase_timestamp) AS purchase_date,
[2026-03-19T17:42:57.652+0000] {subprocess.py:106} INFO -             store_country,
[2026-03-19T17:42:57.654+0000] {subprocess.py:106} INFO -             currency,
[2026-03-19T17:42:57.656+0000] {subprocess.py:106} INFO -             SUM(total_amount) AS daily_total_sales,
[2026-03-19T17:42:57.658+0000] {subprocess.py:106} INFO -             COUNT(DISTINCT transaction_id) AS number_of_transactions,
[2026-03-19T17:42:57.659+0000] {subprocess.py:106} INFO -             AVG(total_amount) AS average_transaction_value
[2026-03-19T17:42:57.662+0000] {subprocess.py:106} INFO -         FROM exploded_products
[2026-03-19T17:42:57.664+0000] {subprocess.py:106} INFO -         GROUP BY DATE(purchase_timestamp), store_country, currency;
[2026-03-19T17:42:57.665+0000] {subprocess.py:106} INFO -     , parameters: None
[2026-03-19T17:43:00.828+0000] {subprocess.py:106} INFO - [2026-03-19T17:43:00.826+0000] {sql.py:520} INFO - Rows affected: 15474
[2026-03-19T17:43:01.736+0000] {subprocess.py:110} INFO - Command exited with return code 0
[2026-03-19T17:43:01.841+0000] {taskinstance.py:341} INFO - ::group::Post task execution logs
[2026-03-19T17:43:01.845+0000] {taskinstance.py:353} INFO - Marking task as SUCCESS. dag_id=ELT_postgresql, task_id=daily_sales_country_currency, run_id=manual__2026-03-19T17:42:30.643881+00:00, execution_date=20260319T174230, start_date=20260319T174247, end_date=20260319T174301
[2026-03-19T17:43:01.960+0000] {logging_mixin.py:190} INFO - Task instance in success state
[2026-03-19T17:43:01.963+0000] {logging_mixin.py:190} INFO -  Previous state of the Task instance: running
[2026-03-19T17:43:01.965+0000] {logging_mixin.py:190} INFO - Dag name:ELT_postgresql queued_at:2026-03-19 17:42:30.867842+00:00
[2026-03-19T17:43:01.966+0000] {logging_mixin.py:190} INFO - Task hostname:11702db3a8b2 operator:BashOperator
[2026-03-19T17:43:02.029+0000] {local_task_job_runner.py:266} INFO - Task exited with return code 0
[2026-03-19T17:43:02.062+0000] {local_task_job_runner.py:245} INFO - ::endgroup::
