[2026-03-19T12:10:45.836+0000] {local_task_job_runner.py:123} INFO - ::group::Pre task execution logs
[2026-03-19T12:10:46.142+0000] {taskinstance.py:2614} INFO - Dependencies all met for dep_context=non-requeueable deps ti=<TaskInstance: ELT_postgresql.payment_method_analysis scheduled__2026-03-16T00:00:00+00:00 [queued]>
[2026-03-19T12:10:46.296+0000] {taskinstance.py:2614} INFO - Dependencies all met for dep_context=requeueable deps ti=<TaskInstance: ELT_postgresql.payment_method_analysis scheduled__2026-03-16T00:00:00+00:00 [queued]>
[2026-03-19T12:10:46.305+0000] {taskinstance.py:2867} INFO - Starting attempt 1 of 1
[2026-03-19T12:10:46.715+0000] {taskinstance.py:2890} INFO - Executing <Task(BashOperator): payment_method_analysis> on 2026-03-16 00:00:00+00:00
[2026-03-19T12:10:46.860+0000] {warnings.py:112} WARNING - /home/***/.local/lib/python3.12/site-packages/***/task/task_runner/standard_task_runner.py:70: DeprecationWarning: This process (pid=161) is multi-threaded, use of fork() may lead to deadlocks in the child.
  pid = os.fork()

[2026-03-19T12:10:46.896+0000] {standard_task_runner.py:104} INFO - Running: ['***', 'tasks', 'run', 'ELT_postgresql', 'payment_method_analysis', 'scheduled__2026-03-16T00:00:00+00:00', '--job-id', '163', '--raw', '--subdir', 'DAGS_FOLDER/ETL_postgresql_dag/etl_postgresql.py', '--cfg-path', '/tmp/tmp2jrq0zi1']
[2026-03-19T12:10:46.921+0000] {standard_task_runner.py:72} INFO - Started process 178 to run task
[2026-03-19T12:10:46.926+0000] {standard_task_runner.py:105} INFO - Job 163: Subtask payment_method_analysis
[2026-03-19T12:10:47.965+0000] {task_command.py:467} INFO - Running <TaskInstance: ELT_postgresql.payment_method_analysis scheduled__2026-03-16T00:00:00+00:00 [running]> on host 11702db3a8b2
[2026-03-19T12:10:52.512+0000] {taskinstance.py:3134} INFO - Exporting env vars: AIRFLOW_CTX_DAG_OWNER='Bereket Tafesse' AIRFLOW_CTX_DAG_ID='ELT_postgresql' AIRFLOW_CTX_TASK_ID='payment_method_analysis' AIRFLOW_CTX_EXECUTION_DATE='2026-03-16T00:00:00+00:00' AIRFLOW_CTX_TRY_NUMBER='1' AIRFLOW_CTX_DAG_RUN_ID='scheduled__2026-03-16T00:00:00+00:00'
[2026-03-19T12:10:52.526+0000] {logging_mixin.py:190} INFO - Task instance is in running state
[2026-03-19T12:10:52.533+0000] {logging_mixin.py:190} INFO -  Previous state of the Task instance: queued
[2026-03-19T12:10:52.540+0000] {logging_mixin.py:190} INFO - Current task name:payment_method_analysis state:running start_date:2026-03-19 12:10:46.153333+00:00
[2026-03-19T12:10:52.547+0000] {logging_mixin.py:190} INFO - Dag name:ELT_postgresql and current dag run status:running
[2026-03-19T12:10:52.557+0000] {taskinstance.py:732} INFO - ::endgroup::
[2026-03-19T12:10:52.563+0000] {subprocess.py:78} INFO - Tmp dir root location: /tmp
[2026-03-19T12:10:52.569+0000] {subprocess.py:88} INFO - Running command: ['/usr/bin/bash', '-c', 'python /opt/***/dags/ETL_postgresql_dag/python_tasks/payment_method_analysis.py']
[2026-03-19T12:10:52.631+0000] {subprocess.py:99} INFO - Output:
[2026-03-19T12:11:14.635+0000] {subprocess.py:106} INFO - [2026-03-19T12:11:14.629+0000] {base.py:84} INFO - Retrieving connection 'postgresql_connection'
[2026-03-19T12:11:14.685+0000] {subprocess.py:106} INFO - [2026-03-19T12:11:14.683+0000] {sql.py:511} INFO - Running statement:
[2026-03-19T12:11:14.688+0000] {subprocess.py:106} INFO -         DROP TABLE IF EXISTS payment_method_analysis;
[2026-03-19T12:11:14.697+0000] {subprocess.py:106} INFO - 
[2026-03-19T12:11:14.701+0000] {subprocess.py:106} INFO -         CREATE TABLE payment_method_analysis AS
[2026-03-19T12:11:14.704+0000] {subprocess.py:106} INFO -         SELECT
[2026-03-19T12:11:14.706+0000] {subprocess.py:106} INFO -             payment_method,
[2026-03-19T12:11:14.708+0000] {subprocess.py:106} INFO -             COUNT(DISTINCT transaction_id) AS total_transactions,
[2026-03-19T12:11:14.709+0000] {subprocess.py:106} INFO -             SUM(total_amount) AS total_sales_amount,
[2026-03-19T12:11:14.711+0000] {subprocess.py:106} INFO -             AVG(discount_applied) AS average_discount,
[2026-03-19T12:11:14.714+0000] {subprocess.py:106} INFO -             SUM(CASE WHEN return_status = 'Returned' THEN 1 ELSE 0 END)::FLOAT
[2026-03-19T12:11:14.717+0000] {subprocess.py:106} INFO -                 / COUNT(DISTINCT transaction_id) AS return_rate,
[2026-03-19T12:11:14.720+0000] {subprocess.py:106} INFO -             AVG(total_quantity_sold) AS average_items_per_transaction
[2026-03-19T12:11:14.724+0000] {subprocess.py:106} INFO -         FROM exploded_products
[2026-03-19T12:11:14.726+0000] {subprocess.py:106} INFO -         GROUP BY payment_method;
[2026-03-19T12:11:14.728+0000] {subprocess.py:106} INFO -     , parameters: None
[2026-03-19T12:11:19.193+0000] {subprocess.py:106} INFO - [2026-03-19T12:11:19.191+0000] {sql.py:520} INFO - Rows affected: 7
[2026-03-19T12:11:20.649+0000] {subprocess.py:110} INFO - Command exited with return code 0
[2026-03-19T12:11:20.777+0000] {taskinstance.py:341} INFO - ::group::Post task execution logs
[2026-03-19T12:11:20.780+0000] {taskinstance.py:353} INFO - Marking task as SUCCESS. dag_id=ELT_postgresql, task_id=payment_method_analysis, run_id=scheduled__2026-03-16T00:00:00+00:00, execution_date=20260316T000000, start_date=20260319T121046, end_date=20260319T121120
[2026-03-19T12:11:20.949+0000] {logging_mixin.py:190} INFO - Task instance in success state
[2026-03-19T12:11:20.952+0000] {logging_mixin.py:190} INFO -  Previous state of the Task instance: running
[2026-03-19T12:11:20.967+0000] {logging_mixin.py:190} INFO - Dag name:ELT_postgresql queued_at:2026-03-17 14:53:29.388330+00:00
[2026-03-19T12:11:20.976+0000] {logging_mixin.py:190} INFO - Task hostname:11702db3a8b2 operator:BashOperator
[2026-03-19T12:11:21.081+0000] {local_task_job_runner.py:266} INFO - Task exited with return code 0
[2026-03-19T12:11:21.208+0000] {taskinstance.py:3901} INFO - 0 downstream tasks scheduled from follow-on schedule check
[2026-03-19T12:11:21.218+0000] {local_task_job_runner.py:245} INFO - ::endgroup::
