[2026-03-22T00:00:50.947+0000] {processor.py:186} INFO - Started process (PID=24875) to work on /home/airflow/.local/lib/python3.12/site-packages/airflow/example_dags/example_dataset_alias.py
[2026-03-22T00:00:50.951+0000] {processor.py:914} INFO - Processing file /home/airflow/.local/lib/python3.12/site-packages/airflow/example_dags/example_dataset_alias.py for tasks to queue
[2026-03-22T00:00:50.960+0000] {logging_mixin.py:190} INFO - [2026-03-22T00:00:50.957+0000] {dagbag.py:588} INFO - Filling up the DagBag from /home/airflow/.local/lib/python3.12/site-packages/airflow/example_dags/example_dataset_alias.py
[2026-03-22T00:00:53.595+0000] {processor.py:925} INFO - DAG(s) 'dataset_alias_example_alias_producer', 'dataset_alias_example_alias_consumer', 'dataset_s3_bucket_consumer', 'dataset_s3_bucket_producer' retrieved from /home/airflow/.local/lib/python3.12/site-packages/airflow/example_dags/example_dataset_alias.py
[2026-03-22T00:00:53.709+0000] {logging_mixin.py:190} INFO - [2026-03-22T00:00:53.707+0000] {dag.py:3239} INFO - Sync 4 DAGs
[2026-03-22T00:00:53.802+0000] {logging_mixin.py:190} INFO - [2026-03-22T00:00:53.801+0000] {dag.py:4180} INFO - Setting next_dagrun for dataset_alias_example_alias_consumer to None, run_after=None
[2026-03-22T00:00:53.812+0000] {logging_mixin.py:190} INFO - [2026-03-22T00:00:53.811+0000] {dag.py:4180} INFO - Setting next_dagrun for dataset_alias_example_alias_producer to None, run_after=None
[2026-03-22T00:00:53.820+0000] {logging_mixin.py:190} INFO - [2026-03-22T00:00:53.819+0000] {dag.py:4180} INFO - Setting next_dagrun for dataset_s3_bucket_consumer to None, run_after=None
[2026-03-22T00:00:53.827+0000] {logging_mixin.py:190} INFO - [2026-03-22T00:00:53.827+0000] {dag.py:4180} INFO - Setting next_dagrun for dataset_s3_bucket_producer to None, run_after=None
[2026-03-22T00:00:53.941+0000] {processor.py:208} INFO - Processing /home/airflow/.local/lib/python3.12/site-packages/airflow/example_dags/example_dataset_alias.py took 3.023 seconds
[2026-03-22T00:02:20.722+0000] {processor.py:186} INFO - Started process (PID=24945) to work on /home/airflow/.local/lib/python3.12/site-packages/airflow/example_dags/example_dataset_alias.py
[2026-03-22T00:02:20.728+0000] {processor.py:914} INFO - Processing file /home/airflow/.local/lib/python3.12/site-packages/airflow/example_dags/example_dataset_alias.py for tasks to queue
[2026-03-22T00:02:20.744+0000] {logging_mixin.py:190} INFO - [2026-03-22T00:02:20.742+0000] {dagbag.py:588} INFO - Filling up the DagBag from /home/airflow/.local/lib/python3.12/site-packages/airflow/example_dags/example_dataset_alias.py
[2026-03-22T00:04:51.060+0000] {processor.py:186} INFO - Started process (PID=25026) to work on /home/airflow/.local/lib/python3.12/site-packages/airflow/example_dags/example_dataset_alias.py
[2026-03-22T00:04:51.068+0000] {processor.py:914} INFO - Processing file /home/airflow/.local/lib/python3.12/site-packages/airflow/example_dags/example_dataset_alias.py for tasks to queue
[2026-03-22T00:04:51.076+0000] {logging_mixin.py:190} INFO - [2026-03-22T00:04:51.075+0000] {dagbag.py:588} INFO - Filling up the DagBag from /home/airflow/.local/lib/python3.12/site-packages/airflow/example_dags/example_dataset_alias.py
[2026-03-22T00:04:55.438+0000] {processor.py:925} INFO - DAG(s) 'dataset_s3_bucket_consumer', 'dataset_alias_example_alias_consumer', 'dataset_s3_bucket_producer', 'dataset_alias_example_alias_producer' retrieved from /home/airflow/.local/lib/python3.12/site-packages/airflow/example_dags/example_dataset_alias.py
[2026-03-22T00:04:56.892+0000] {logging_mixin.py:190} INFO - [2026-03-22T00:04:56.890+0000] {dag.py:3239} INFO - Sync 4 DAGs
[2026-03-22T00:04:57.040+0000] {logging_mixin.py:190} INFO - [2026-03-22T00:04:57.039+0000] {dag.py:4180} INFO - Setting next_dagrun for dataset_alias_example_alias_consumer to None, run_after=None
[2026-03-22T00:04:57.056+0000] {logging_mixin.py:190} INFO - [2026-03-22T00:04:57.055+0000] {dag.py:4180} INFO - Setting next_dagrun for dataset_alias_example_alias_producer to None, run_after=None
[2026-03-22T00:04:57.074+0000] {logging_mixin.py:190} INFO - [2026-03-22T00:04:57.073+0000] {dag.py:4180} INFO - Setting next_dagrun for dataset_s3_bucket_consumer to None, run_after=None
[2026-03-22T00:04:57.088+0000] {logging_mixin.py:190} INFO - [2026-03-22T00:04:57.087+0000] {dag.py:4180} INFO - Setting next_dagrun for dataset_s3_bucket_producer to None, run_after=None
[2026-03-22T00:04:57.284+0000] {processor.py:208} INFO - Processing /home/airflow/.local/lib/python3.12/site-packages/airflow/example_dags/example_dataset_alias.py took 6.292 seconds
[2026-03-22T00:05:27.443+0000] {processor.py:186} INFO - Started process (PID=25096) to work on /home/airflow/.local/lib/python3.12/site-packages/airflow/example_dags/example_dataset_alias.py
[2026-03-22T00:05:27.445+0000] {processor.py:914} INFO - Processing file /home/airflow/.local/lib/python3.12/site-packages/airflow/example_dags/example_dataset_alias.py for tasks to queue
[2026-03-22T00:05:27.447+0000] {logging_mixin.py:190} INFO - [2026-03-22T00:05:27.447+0000] {dagbag.py:588} INFO - Filling up the DagBag from /home/airflow/.local/lib/python3.12/site-packages/airflow/example_dags/example_dataset_alias.py
[2026-03-22T00:05:28.508+0000] {processor.py:925} INFO - DAG(s) 'dataset_s3_bucket_producer', 'dataset_alias_example_alias_producer', 'dataset_alias_example_alias_consumer', 'dataset_s3_bucket_consumer' retrieved from /home/airflow/.local/lib/python3.12/site-packages/airflow/example_dags/example_dataset_alias.py
[2026-03-22T00:05:28.557+0000] {logging_mixin.py:190} INFO - [2026-03-22T00:05:28.555+0000] {dag.py:3239} INFO - Sync 4 DAGs
[2026-03-22T00:05:28.601+0000] {logging_mixin.py:190} INFO - [2026-03-22T00:05:28.601+0000] {dag.py:4180} INFO - Setting next_dagrun for dataset_alias_example_alias_consumer to None, run_after=None
[2026-03-22T00:05:28.607+0000] {logging_mixin.py:190} INFO - [2026-03-22T00:05:28.607+0000] {dag.py:4180} INFO - Setting next_dagrun for dataset_alias_example_alias_producer to None, run_after=None
[2026-03-22T00:05:28.611+0000] {logging_mixin.py:190} INFO - [2026-03-22T00:05:28.610+0000] {dag.py:4180} INFO - Setting next_dagrun for dataset_s3_bucket_consumer to None, run_after=None
[2026-03-22T00:05:28.614+0000] {logging_mixin.py:190} INFO - [2026-03-22T00:05:28.613+0000] {dag.py:4180} INFO - Setting next_dagrun for dataset_s3_bucket_producer to None, run_after=None
[2026-03-22T00:05:28.658+0000] {processor.py:208} INFO - Processing /home/airflow/.local/lib/python3.12/site-packages/airflow/example_dags/example_dataset_alias.py took 1.225 seconds
[2026-03-22T00:05:58.829+0000] {processor.py:186} INFO - Started process (PID=25161) to work on /home/airflow/.local/lib/python3.12/site-packages/airflow/example_dags/example_dataset_alias.py
[2026-03-22T00:05:58.831+0000] {processor.py:914} INFO - Processing file /home/airflow/.local/lib/python3.12/site-packages/airflow/example_dags/example_dataset_alias.py for tasks to queue
[2026-03-22T00:05:58.833+0000] {logging_mixin.py:190} INFO - [2026-03-22T00:05:58.832+0000] {dagbag.py:588} INFO - Filling up the DagBag from /home/airflow/.local/lib/python3.12/site-packages/airflow/example_dags/example_dataset_alias.py
[2026-03-22T00:05:59.808+0000] {processor.py:925} INFO - DAG(s) 'dataset_alias_example_alias_producer', 'dataset_s3_bucket_consumer', 'dataset_alias_example_alias_consumer', 'dataset_s3_bucket_producer' retrieved from /home/airflow/.local/lib/python3.12/site-packages/airflow/example_dags/example_dataset_alias.py
[2026-03-22T00:05:59.853+0000] {logging_mixin.py:190} INFO - [2026-03-22T00:05:59.851+0000] {dag.py:3239} INFO - Sync 4 DAGs
[2026-03-22T00:05:59.896+0000] {logging_mixin.py:190} INFO - [2026-03-22T00:05:59.896+0000] {dag.py:4180} INFO - Setting next_dagrun for dataset_alias_example_alias_consumer to None, run_after=None
[2026-03-22T00:05:59.903+0000] {logging_mixin.py:190} INFO - [2026-03-22T00:05:59.902+0000] {dag.py:4180} INFO - Setting next_dagrun for dataset_alias_example_alias_producer to None, run_after=None
[2026-03-22T00:05:59.907+0000] {logging_mixin.py:190} INFO - [2026-03-22T00:05:59.907+0000] {dag.py:4180} INFO - Setting next_dagrun for dataset_s3_bucket_consumer to None, run_after=None
[2026-03-22T00:05:59.911+0000] {logging_mixin.py:190} INFO - [2026-03-22T00:05:59.911+0000] {dag.py:4180} INFO - Setting next_dagrun for dataset_s3_bucket_producer to None, run_after=None
[2026-03-22T00:05:59.957+0000] {processor.py:208} INFO - Processing /home/airflow/.local/lib/python3.12/site-packages/airflow/example_dags/example_dataset_alias.py took 1.136 seconds
[2026-03-22T00:06:30.107+0000] {processor.py:186} INFO - Started process (PID=25230) to work on /home/airflow/.local/lib/python3.12/site-packages/airflow/example_dags/example_dataset_alias.py
[2026-03-22T00:06:30.109+0000] {processor.py:914} INFO - Processing file /home/airflow/.local/lib/python3.12/site-packages/airflow/example_dags/example_dataset_alias.py for tasks to queue
[2026-03-22T00:06:30.111+0000] {logging_mixin.py:190} INFO - [2026-03-22T00:06:30.111+0000] {dagbag.py:588} INFO - Filling up the DagBag from /home/airflow/.local/lib/python3.12/site-packages/airflow/example_dags/example_dataset_alias.py
[2026-03-22T00:06:30.948+0000] {processor.py:925} INFO - DAG(s) 'dataset_alias_example_alias_consumer', 'dataset_alias_example_alias_producer', 'dataset_s3_bucket_producer', 'dataset_s3_bucket_consumer' retrieved from /home/airflow/.local/lib/python3.12/site-packages/airflow/example_dags/example_dataset_alias.py
[2026-03-22T00:06:30.982+0000] {logging_mixin.py:190} INFO - [2026-03-22T00:06:30.981+0000] {dag.py:3239} INFO - Sync 4 DAGs
[2026-03-22T00:06:31.016+0000] {logging_mixin.py:190} INFO - [2026-03-22T00:06:31.016+0000] {dag.py:4180} INFO - Setting next_dagrun for dataset_alias_example_alias_consumer to None, run_after=None
[2026-03-22T00:06:31.022+0000] {logging_mixin.py:190} INFO - [2026-03-22T00:06:31.021+0000] {dag.py:4180} INFO - Setting next_dagrun for dataset_alias_example_alias_producer to None, run_after=None
[2026-03-22T00:06:31.026+0000] {logging_mixin.py:190} INFO - [2026-03-22T00:06:31.025+0000] {dag.py:4180} INFO - Setting next_dagrun for dataset_s3_bucket_consumer to None, run_after=None
[2026-03-22T00:06:31.029+0000] {logging_mixin.py:190} INFO - [2026-03-22T00:06:31.029+0000] {dag.py:4180} INFO - Setting next_dagrun for dataset_s3_bucket_producer to None, run_after=None
[2026-03-22T00:06:31.066+0000] {processor.py:208} INFO - Processing /home/airflow/.local/lib/python3.12/site-packages/airflow/example_dags/example_dataset_alias.py took 0.966 seconds
[2026-03-22T00:07:01.868+0000] {processor.py:186} INFO - Started process (PID=25296) to work on /home/airflow/.local/lib/python3.12/site-packages/airflow/example_dags/example_dataset_alias.py
[2026-03-22T00:07:01.870+0000] {processor.py:914} INFO - Processing file /home/airflow/.local/lib/python3.12/site-packages/airflow/example_dags/example_dataset_alias.py for tasks to queue
[2026-03-22T00:07:01.873+0000] {logging_mixin.py:190} INFO - [2026-03-22T00:07:01.872+0000] {dagbag.py:588} INFO - Filling up the DagBag from /home/airflow/.local/lib/python3.12/site-packages/airflow/example_dags/example_dataset_alias.py
[2026-03-22T00:07:02.814+0000] {processor.py:925} INFO - DAG(s) 'dataset_s3_bucket_consumer', 'dataset_alias_example_alias_producer', 'dataset_s3_bucket_producer', 'dataset_alias_example_alias_consumer' retrieved from /home/airflow/.local/lib/python3.12/site-packages/airflow/example_dags/example_dataset_alias.py
[2026-03-22T00:07:02.856+0000] {logging_mixin.py:190} INFO - [2026-03-22T00:07:02.855+0000] {dag.py:3239} INFO - Sync 4 DAGs
[2026-03-22T00:07:02.892+0000] {logging_mixin.py:190} INFO - [2026-03-22T00:07:02.892+0000] {dag.py:4180} INFO - Setting next_dagrun for dataset_alias_example_alias_consumer to None, run_after=None
[2026-03-22T00:07:02.898+0000] {logging_mixin.py:190} INFO - [2026-03-22T00:07:02.897+0000] {dag.py:4180} INFO - Setting next_dagrun for dataset_alias_example_alias_producer to None, run_after=None
[2026-03-22T00:07:02.902+0000] {logging_mixin.py:190} INFO - [2026-03-22T00:07:02.901+0000] {dag.py:4180} INFO - Setting next_dagrun for dataset_s3_bucket_consumer to None, run_after=None
[2026-03-22T00:07:02.905+0000] {logging_mixin.py:190} INFO - [2026-03-22T00:07:02.905+0000] {dag.py:4180} INFO - Setting next_dagrun for dataset_s3_bucket_producer to None, run_after=None
[2026-03-22T00:07:02.945+0000] {processor.py:208} INFO - Processing /home/airflow/.local/lib/python3.12/site-packages/airflow/example_dags/example_dataset_alias.py took 1.086 seconds
[2026-03-22T00:07:36.048+0000] {processor.py:186} INFO - Started process (PID=25358) to work on /home/airflow/.local/lib/python3.12/site-packages/airflow/example_dags/example_dataset_alias.py
[2026-03-22T00:07:36.052+0000] {processor.py:914} INFO - Processing file /home/airflow/.local/lib/python3.12/site-packages/airflow/example_dags/example_dataset_alias.py for tasks to queue
[2026-03-22T00:07:36.057+0000] {logging_mixin.py:190} INFO - [2026-03-22T00:07:36.056+0000] {dagbag.py:588} INFO - Filling up the DagBag from /home/airflow/.local/lib/python3.12/site-packages/airflow/example_dags/example_dataset_alias.py
[2026-03-22T00:07:38.824+0000] {processor.py:925} INFO - DAG(s) 'dataset_alias_example_alias_consumer', 'dataset_s3_bucket_producer', 'dataset_s3_bucket_consumer', 'dataset_alias_example_alias_producer' retrieved from /home/airflow/.local/lib/python3.12/site-packages/airflow/example_dags/example_dataset_alias.py
[2026-03-22T00:07:38.927+0000] {logging_mixin.py:190} INFO - [2026-03-22T00:07:38.925+0000] {dag.py:3239} INFO - Sync 4 DAGs
[2026-03-22T00:07:39.026+0000] {logging_mixin.py:190} INFO - [2026-03-22T00:07:39.025+0000] {dag.py:4180} INFO - Setting next_dagrun for dataset_alias_example_alias_consumer to None, run_after=None
[2026-03-22T00:07:39.039+0000] {logging_mixin.py:190} INFO - [2026-03-22T00:07:39.038+0000] {dag.py:4180} INFO - Setting next_dagrun for dataset_alias_example_alias_producer to None, run_after=None
[2026-03-22T00:07:39.045+0000] {logging_mixin.py:190} INFO - [2026-03-22T00:07:39.045+0000] {dag.py:4180} INFO - Setting next_dagrun for dataset_s3_bucket_consumer to None, run_after=None
[2026-03-22T00:07:39.053+0000] {logging_mixin.py:190} INFO - [2026-03-22T00:07:39.051+0000] {dag.py:4180} INFO - Setting next_dagrun for dataset_s3_bucket_producer to None, run_after=None
[2026-03-22T00:07:39.136+0000] {processor.py:208} INFO - Processing /home/airflow/.local/lib/python3.12/site-packages/airflow/example_dags/example_dataset_alias.py took 3.118 seconds
[2026-03-22T00:08:11.618+0000] {processor.py:186} INFO - Started process (PID=25424) to work on /home/airflow/.local/lib/python3.12/site-packages/airflow/example_dags/example_dataset_alias.py
[2026-03-22T00:08:11.624+0000] {processor.py:914} INFO - Processing file /home/airflow/.local/lib/python3.12/site-packages/airflow/example_dags/example_dataset_alias.py for tasks to queue
[2026-03-22T00:08:11.630+0000] {logging_mixin.py:190} INFO - [2026-03-22T00:08:11.628+0000] {dagbag.py:588} INFO - Filling up the DagBag from /home/airflow/.local/lib/python3.12/site-packages/airflow/example_dags/example_dataset_alias.py
[2026-03-22T00:08:15.503+0000] {processor.py:925} INFO - DAG(s) 'dataset_alias_example_alias_producer', 'dataset_alias_example_alias_consumer', 'dataset_s3_bucket_consumer', 'dataset_s3_bucket_producer' retrieved from /home/airflow/.local/lib/python3.12/site-packages/airflow/example_dags/example_dataset_alias.py
[2026-03-22T00:08:15.603+0000] {logging_mixin.py:190} INFO - [2026-03-22T00:08:15.601+0000] {dag.py:3239} INFO - Sync 4 DAGs
[2026-03-22T00:08:15.730+0000] {logging_mixin.py:190} INFO - [2026-03-22T00:08:15.729+0000] {dag.py:4180} INFO - Setting next_dagrun for dataset_alias_example_alias_consumer to None, run_after=None
[2026-03-22T00:08:15.744+0000] {logging_mixin.py:190} INFO - [2026-03-22T00:08:15.742+0000] {dag.py:4180} INFO - Setting next_dagrun for dataset_alias_example_alias_producer to None, run_after=None
[2026-03-22T00:08:15.750+0000] {logging_mixin.py:190} INFO - [2026-03-22T00:08:15.750+0000] {dag.py:4180} INFO - Setting next_dagrun for dataset_s3_bucket_consumer to None, run_after=None
[2026-03-22T00:08:15.758+0000] {logging_mixin.py:190} INFO - [2026-03-22T00:08:15.757+0000] {dag.py:4180} INFO - Setting next_dagrun for dataset_s3_bucket_producer to None, run_after=None
[2026-03-22T00:08:15.861+0000] {processor.py:208} INFO - Processing /home/airflow/.local/lib/python3.12/site-packages/airflow/example_dags/example_dataset_alias.py took 4.275 seconds
[2026-03-22T00:08:46.045+0000] {processor.py:186} INFO - Started process (PID=25492) to work on /home/airflow/.local/lib/python3.12/site-packages/airflow/example_dags/example_dataset_alias.py
[2026-03-22T00:08:46.048+0000] {processor.py:914} INFO - Processing file /home/airflow/.local/lib/python3.12/site-packages/airflow/example_dags/example_dataset_alias.py for tasks to queue
[2026-03-22T00:08:46.054+0000] {logging_mixin.py:190} INFO - [2026-03-22T00:08:46.053+0000] {dagbag.py:588} INFO - Filling up the DagBag from /home/airflow/.local/lib/python3.12/site-packages/airflow/example_dags/example_dataset_alias.py
[2026-03-22T00:08:48.010+0000] {processor.py:925} INFO - DAG(s) 'dataset_s3_bucket_consumer', 'dataset_s3_bucket_producer', 'dataset_alias_example_alias_producer', 'dataset_alias_example_alias_consumer' retrieved from /home/airflow/.local/lib/python3.12/site-packages/airflow/example_dags/example_dataset_alias.py
[2026-03-22T00:08:48.092+0000] {logging_mixin.py:190} INFO - [2026-03-22T00:08:48.090+0000] {dag.py:3239} INFO - Sync 4 DAGs
[2026-03-22T00:08:48.186+0000] {logging_mixin.py:190} INFO - [2026-03-22T00:08:48.185+0000] {dag.py:4180} INFO - Setting next_dagrun for dataset_alias_example_alias_consumer to None, run_after=None
[2026-03-22T00:08:48.199+0000] {logging_mixin.py:190} INFO - [2026-03-22T00:08:48.198+0000] {dag.py:4180} INFO - Setting next_dagrun for dataset_alias_example_alias_producer to None, run_after=None
[2026-03-22T00:08:48.206+0000] {logging_mixin.py:190} INFO - [2026-03-22T00:08:48.205+0000] {dag.py:4180} INFO - Setting next_dagrun for dataset_s3_bucket_consumer to None, run_after=None
[2026-03-22T00:08:48.213+0000] {logging_mixin.py:190} INFO - [2026-03-22T00:08:48.211+0000] {dag.py:4180} INFO - Setting next_dagrun for dataset_s3_bucket_producer to None, run_after=None
[2026-03-22T00:08:48.297+0000] {processor.py:208} INFO - Processing /home/airflow/.local/lib/python3.12/site-packages/airflow/example_dags/example_dataset_alias.py took 2.270 seconds
[2026-03-22T00:09:18.535+0000] {processor.py:186} INFO - Started process (PID=25558) to work on /home/airflow/.local/lib/python3.12/site-packages/airflow/example_dags/example_dataset_alias.py
[2026-03-22T00:09:18.537+0000] {processor.py:914} INFO - Processing file /home/airflow/.local/lib/python3.12/site-packages/airflow/example_dags/example_dataset_alias.py for tasks to queue
[2026-03-22T00:09:18.540+0000] {logging_mixin.py:190} INFO - [2026-03-22T00:09:18.540+0000] {dagbag.py:588} INFO - Filling up the DagBag from /home/airflow/.local/lib/python3.12/site-packages/airflow/example_dags/example_dataset_alias.py
[2026-03-22T00:09:19.651+0000] {processor.py:925} INFO - DAG(s) 'dataset_alias_example_alias_consumer', 'dataset_s3_bucket_producer', 'dataset_alias_example_alias_producer', 'dataset_s3_bucket_consumer' retrieved from /home/airflow/.local/lib/python3.12/site-packages/airflow/example_dags/example_dataset_alias.py
[2026-03-22T00:09:19.715+0000] {logging_mixin.py:190} INFO - [2026-03-22T00:09:19.713+0000] {dag.py:3239} INFO - Sync 4 DAGs
[2026-03-22T00:09:19.806+0000] {logging_mixin.py:190} INFO - [2026-03-22T00:09:19.805+0000] {dag.py:4180} INFO - Setting next_dagrun for dataset_alias_example_alias_consumer to None, run_after=None
[2026-03-22T00:09:19.814+0000] {logging_mixin.py:190} INFO - [2026-03-22T00:09:19.814+0000] {dag.py:4180} INFO - Setting next_dagrun for dataset_alias_example_alias_producer to None, run_after=None
[2026-03-22T00:09:19.819+0000] {logging_mixin.py:190} INFO - [2026-03-22T00:09:19.819+0000] {dag.py:4180} INFO - Setting next_dagrun for dataset_s3_bucket_consumer to None, run_after=None
[2026-03-22T00:09:19.824+0000] {logging_mixin.py:190} INFO - [2026-03-22T00:09:19.823+0000] {dag.py:4180} INFO - Setting next_dagrun for dataset_s3_bucket_producer to None, run_after=None
[2026-03-22T00:09:19.887+0000] {processor.py:208} INFO - Processing /home/airflow/.local/lib/python3.12/site-packages/airflow/example_dags/example_dataset_alias.py took 1.361 seconds
[2026-03-22T00:09:50.080+0000] {processor.py:186} INFO - Started process (PID=25625) to work on /home/airflow/.local/lib/python3.12/site-packages/airflow/example_dags/example_dataset_alias.py
[2026-03-22T00:09:50.082+0000] {processor.py:914} INFO - Processing file /home/airflow/.local/lib/python3.12/site-packages/airflow/example_dags/example_dataset_alias.py for tasks to queue
[2026-03-22T00:09:50.085+0000] {logging_mixin.py:190} INFO - [2026-03-22T00:09:50.084+0000] {dagbag.py:588} INFO - Filling up the DagBag from /home/airflow/.local/lib/python3.12/site-packages/airflow/example_dags/example_dataset_alias.py
[2026-03-22T00:09:51.261+0000] {processor.py:925} INFO - DAG(s) 'dataset_alias_example_alias_producer', 'dataset_s3_bucket_consumer', 'dataset_s3_bucket_producer', 'dataset_alias_example_alias_consumer' retrieved from /home/airflow/.local/lib/python3.12/site-packages/airflow/example_dags/example_dataset_alias.py
[2026-03-22T00:09:51.329+0000] {logging_mixin.py:190} INFO - [2026-03-22T00:09:51.328+0000] {dag.py:3239} INFO - Sync 4 DAGs
[2026-03-22T00:09:51.438+0000] {logging_mixin.py:190} INFO - [2026-03-22T00:09:51.436+0000] {dag.py:4180} INFO - Setting next_dagrun for dataset_alias_example_alias_consumer to None, run_after=None
[2026-03-22T00:09:51.452+0000] {logging_mixin.py:190} INFO - [2026-03-22T00:09:51.451+0000] {dag.py:4180} INFO - Setting next_dagrun for dataset_alias_example_alias_producer to None, run_after=None
[2026-03-22T00:09:51.472+0000] {logging_mixin.py:190} INFO - [2026-03-22T00:09:51.471+0000] {dag.py:4180} INFO - Setting next_dagrun for dataset_s3_bucket_consumer to None, run_after=None
[2026-03-22T00:09:51.483+0000] {logging_mixin.py:190} INFO - [2026-03-22T00:09:51.482+0000] {dag.py:4180} INFO - Setting next_dagrun for dataset_s3_bucket_producer to None, run_after=None
[2026-03-22T00:09:51.587+0000] {processor.py:208} INFO - Processing /home/airflow/.local/lib/python3.12/site-packages/airflow/example_dags/example_dataset_alias.py took 1.516 seconds
[2026-03-22T00:10:22.075+0000] {processor.py:186} INFO - Started process (PID=25695) to work on /home/airflow/.local/lib/python3.12/site-packages/airflow/example_dags/example_dataset_alias.py
[2026-03-22T00:10:22.077+0000] {processor.py:914} INFO - Processing file /home/airflow/.local/lib/python3.12/site-packages/airflow/example_dags/example_dataset_alias.py for tasks to queue
[2026-03-22T00:10:22.079+0000] {logging_mixin.py:190} INFO - [2026-03-22T00:10:22.078+0000] {dagbag.py:588} INFO - Filling up the DagBag from /home/airflow/.local/lib/python3.12/site-packages/airflow/example_dags/example_dataset_alias.py
[2026-03-22T00:10:22.902+0000] {processor.py:925} INFO - DAG(s) 'dataset_s3_bucket_producer', 'dataset_s3_bucket_consumer', 'dataset_alias_example_alias_producer', 'dataset_alias_example_alias_consumer' retrieved from /home/airflow/.local/lib/python3.12/site-packages/airflow/example_dags/example_dataset_alias.py
[2026-03-22T00:10:22.937+0000] {logging_mixin.py:190} INFO - [2026-03-22T00:10:22.936+0000] {dag.py:3239} INFO - Sync 4 DAGs
[2026-03-22T00:10:22.972+0000] {logging_mixin.py:190} INFO - [2026-03-22T00:10:22.972+0000] {dag.py:4180} INFO - Setting next_dagrun for dataset_alias_example_alias_consumer to None, run_after=None
[2026-03-22T00:10:22.977+0000] {logging_mixin.py:190} INFO - [2026-03-22T00:10:22.976+0000] {dag.py:4180} INFO - Setting next_dagrun for dataset_alias_example_alias_producer to None, run_after=None
[2026-03-22T00:10:22.982+0000] {logging_mixin.py:190} INFO - [2026-03-22T00:10:22.981+0000] {dag.py:4180} INFO - Setting next_dagrun for dataset_s3_bucket_consumer to None, run_after=None
[2026-03-22T00:10:22.985+0000] {logging_mixin.py:190} INFO - [2026-03-22T00:10:22.984+0000] {dag.py:4180} INFO - Setting next_dagrun for dataset_s3_bucket_producer to None, run_after=None
[2026-03-22T00:10:23.018+0000] {processor.py:208} INFO - Processing /home/airflow/.local/lib/python3.12/site-packages/airflow/example_dags/example_dataset_alias.py took 0.949 seconds
[2026-03-22T00:10:53.612+0000] {processor.py:186} INFO - Started process (PID=25761) to work on /home/airflow/.local/lib/python3.12/site-packages/airflow/example_dags/example_dataset_alias.py
[2026-03-22T00:10:53.615+0000] {processor.py:914} INFO - Processing file /home/airflow/.local/lib/python3.12/site-packages/airflow/example_dags/example_dataset_alias.py for tasks to queue
[2026-03-22T00:10:53.618+0000] {logging_mixin.py:190} INFO - [2026-03-22T00:10:53.617+0000] {dagbag.py:588} INFO - Filling up the DagBag from /home/airflow/.local/lib/python3.12/site-packages/airflow/example_dags/example_dataset_alias.py
[2026-03-22T00:10:54.110+0000] {processor.py:925} INFO - DAG(s) 'dataset_s3_bucket_producer', 'dataset_s3_bucket_consumer', 'dataset_alias_example_alias_consumer', 'dataset_alias_example_alias_producer' retrieved from /home/airflow/.local/lib/python3.12/site-packages/airflow/example_dags/example_dataset_alias.py
[2026-03-22T00:10:54.130+0000] {logging_mixin.py:190} INFO - [2026-03-22T00:10:54.129+0000] {dag.py:3239} INFO - Sync 4 DAGs
[2026-03-22T00:10:54.149+0000] {logging_mixin.py:190} INFO - [2026-03-22T00:10:54.149+0000] {dag.py:4180} INFO - Setting next_dagrun for dataset_alias_example_alias_consumer to None, run_after=None
[2026-03-22T00:10:54.152+0000] {logging_mixin.py:190} INFO - [2026-03-22T00:10:54.152+0000] {dag.py:4180} INFO - Setting next_dagrun for dataset_alias_example_alias_producer to None, run_after=None
[2026-03-22T00:10:54.155+0000] {logging_mixin.py:190} INFO - [2026-03-22T00:10:54.154+0000] {dag.py:4180} INFO - Setting next_dagrun for dataset_s3_bucket_consumer to None, run_after=None
[2026-03-22T00:10:54.158+0000] {logging_mixin.py:190} INFO - [2026-03-22T00:10:54.158+0000] {dag.py:4180} INFO - Setting next_dagrun for dataset_s3_bucket_producer to None, run_after=None
[2026-03-22T00:10:54.182+0000] {processor.py:208} INFO - Processing /home/airflow/.local/lib/python3.12/site-packages/airflow/example_dags/example_dataset_alias.py took 0.577 seconds
[2026-03-22T00:11:24.367+0000] {processor.py:186} INFO - Started process (PID=25829) to work on /home/airflow/.local/lib/python3.12/site-packages/airflow/example_dags/example_dataset_alias.py
[2026-03-22T00:11:24.369+0000] {processor.py:914} INFO - Processing file /home/airflow/.local/lib/python3.12/site-packages/airflow/example_dags/example_dataset_alias.py for tasks to queue
[2026-03-22T00:11:24.372+0000] {logging_mixin.py:190} INFO - [2026-03-22T00:11:24.371+0000] {dagbag.py:588} INFO - Filling up the DagBag from /home/airflow/.local/lib/python3.12/site-packages/airflow/example_dags/example_dataset_alias.py
[2026-03-22T00:11:25.028+0000] {processor.py:925} INFO - DAG(s) 'dataset_alias_example_alias_producer', 'dataset_s3_bucket_consumer', 'dataset_s3_bucket_producer', 'dataset_alias_example_alias_consumer' retrieved from /home/airflow/.local/lib/python3.12/site-packages/airflow/example_dags/example_dataset_alias.py
[2026-03-22T00:11:25.055+0000] {logging_mixin.py:190} INFO - [2026-03-22T00:11:25.054+0000] {dag.py:3239} INFO - Sync 4 DAGs
[2026-03-22T00:11:25.081+0000] {logging_mixin.py:190} INFO - [2026-03-22T00:11:25.080+0000] {dag.py:4180} INFO - Setting next_dagrun for dataset_alias_example_alias_consumer to None, run_after=None
[2026-03-22T00:11:25.085+0000] {logging_mixin.py:190} INFO - [2026-03-22T00:11:25.085+0000] {dag.py:4180} INFO - Setting next_dagrun for dataset_alias_example_alias_producer to None, run_after=None
[2026-03-22T00:11:25.088+0000] {logging_mixin.py:190} INFO - [2026-03-22T00:11:25.087+0000] {dag.py:4180} INFO - Setting next_dagrun for dataset_s3_bucket_consumer to None, run_after=None
[2026-03-22T00:11:25.090+0000] {logging_mixin.py:190} INFO - [2026-03-22T00:11:25.090+0000] {dag.py:4180} INFO - Setting next_dagrun for dataset_s3_bucket_producer to None, run_after=None
[2026-03-22T00:11:25.121+0000] {processor.py:208} INFO - Processing /home/airflow/.local/lib/python3.12/site-packages/airflow/example_dags/example_dataset_alias.py took 0.760 seconds
[2026-03-22T00:11:55.896+0000] {processor.py:186} INFO - Started process (PID=25896) to work on /home/airflow/.local/lib/python3.12/site-packages/airflow/example_dags/example_dataset_alias.py
[2026-03-22T00:11:55.897+0000] {processor.py:914} INFO - Processing file /home/airflow/.local/lib/python3.12/site-packages/airflow/example_dags/example_dataset_alias.py for tasks to queue
[2026-03-22T00:11:55.899+0000] {logging_mixin.py:190} INFO - [2026-03-22T00:11:55.899+0000] {dagbag.py:588} INFO - Filling up the DagBag from /home/airflow/.local/lib/python3.12/site-packages/airflow/example_dags/example_dataset_alias.py
[2026-03-22T00:11:56.441+0000] {processor.py:925} INFO - DAG(s) 'dataset_s3_bucket_producer', 'dataset_alias_example_alias_producer', 'dataset_alias_example_alias_consumer', 'dataset_s3_bucket_consumer' retrieved from /home/airflow/.local/lib/python3.12/site-packages/airflow/example_dags/example_dataset_alias.py
[2026-03-22T00:11:56.467+0000] {logging_mixin.py:190} INFO - [2026-03-22T00:11:56.466+0000] {dag.py:3239} INFO - Sync 4 DAGs
[2026-03-22T00:11:56.492+0000] {logging_mixin.py:190} INFO - [2026-03-22T00:11:56.491+0000] {dag.py:4180} INFO - Setting next_dagrun for dataset_alias_example_alias_consumer to None, run_after=None
[2026-03-22T00:11:56.495+0000] {logging_mixin.py:190} INFO - [2026-03-22T00:11:56.495+0000] {dag.py:4180} INFO - Setting next_dagrun for dataset_alias_example_alias_producer to None, run_after=None
[2026-03-22T00:11:56.497+0000] {logging_mixin.py:190} INFO - [2026-03-22T00:11:56.497+0000] {dag.py:4180} INFO - Setting next_dagrun for dataset_s3_bucket_consumer to None, run_after=None
[2026-03-22T00:11:56.500+0000] {logging_mixin.py:190} INFO - [2026-03-22T00:11:56.499+0000] {dag.py:4180} INFO - Setting next_dagrun for dataset_s3_bucket_producer to None, run_after=None
[2026-03-22T00:11:56.531+0000] {processor.py:208} INFO - Processing /home/airflow/.local/lib/python3.12/site-packages/airflow/example_dags/example_dataset_alias.py took 0.642 seconds
[2026-03-22T00:12:26.952+0000] {processor.py:186} INFO - Started process (PID=25961) to work on /home/airflow/.local/lib/python3.12/site-packages/airflow/example_dags/example_dataset_alias.py
[2026-03-22T00:12:26.955+0000] {processor.py:914} INFO - Processing file /home/airflow/.local/lib/python3.12/site-packages/airflow/example_dags/example_dataset_alias.py for tasks to queue
[2026-03-22T00:12:26.956+0000] {logging_mixin.py:190} INFO - [2026-03-22T00:12:26.956+0000] {dagbag.py:588} INFO - Filling up the DagBag from /home/airflow/.local/lib/python3.12/site-packages/airflow/example_dags/example_dataset_alias.py
[2026-03-22T00:12:27.597+0000] {processor.py:925} INFO - DAG(s) 'dataset_alias_example_alias_producer', 'dataset_alias_example_alias_consumer', 'dataset_s3_bucket_producer', 'dataset_s3_bucket_consumer' retrieved from /home/airflow/.local/lib/python3.12/site-packages/airflow/example_dags/example_dataset_alias.py
[2026-03-22T00:12:27.626+0000] {logging_mixin.py:190} INFO - [2026-03-22T00:12:27.625+0000] {dag.py:3239} INFO - Sync 4 DAGs
[2026-03-22T00:12:27.653+0000] {logging_mixin.py:190} INFO - [2026-03-22T00:12:27.652+0000] {dag.py:4180} INFO - Setting next_dagrun for dataset_alias_example_alias_consumer to None, run_after=None
[2026-03-22T00:12:27.658+0000] {logging_mixin.py:190} INFO - [2026-03-22T00:12:27.658+0000] {dag.py:4180} INFO - Setting next_dagrun for dataset_alias_example_alias_producer to None, run_after=None
[2026-03-22T00:12:27.661+0000] {logging_mixin.py:190} INFO - [2026-03-22T00:12:27.661+0000] {dag.py:4180} INFO - Setting next_dagrun for dataset_s3_bucket_consumer to None, run_after=None
[2026-03-22T00:12:27.664+0000] {logging_mixin.py:190} INFO - [2026-03-22T00:12:27.664+0000] {dag.py:4180} INFO - Setting next_dagrun for dataset_s3_bucket_producer to None, run_after=None
[2026-03-22T00:12:27.693+0000] {processor.py:208} INFO - Processing /home/airflow/.local/lib/python3.12/site-packages/airflow/example_dags/example_dataset_alias.py took 0.749 seconds
[2026-03-22T00:12:57.983+0000] {processor.py:186} INFO - Started process (PID=26029) to work on /home/airflow/.local/lib/python3.12/site-packages/airflow/example_dags/example_dataset_alias.py
[2026-03-22T00:12:57.985+0000] {processor.py:914} INFO - Processing file /home/airflow/.local/lib/python3.12/site-packages/airflow/example_dags/example_dataset_alias.py for tasks to queue
[2026-03-22T00:12:57.989+0000] {logging_mixin.py:190} INFO - [2026-03-22T00:12:57.988+0000] {dagbag.py:588} INFO - Filling up the DagBag from /home/airflow/.local/lib/python3.12/site-packages/airflow/example_dags/example_dataset_alias.py
[2026-03-22T00:12:59.175+0000] {processor.py:925} INFO - DAG(s) 'dataset_s3_bucket_consumer', 'dataset_s3_bucket_producer', 'dataset_alias_example_alias_consumer', 'dataset_alias_example_alias_producer' retrieved from /home/airflow/.local/lib/python3.12/site-packages/airflow/example_dags/example_dataset_alias.py
[2026-03-22T00:12:59.218+0000] {logging_mixin.py:190} INFO - [2026-03-22T00:12:59.217+0000] {dag.py:3239} INFO - Sync 4 DAGs
[2026-03-22T00:12:59.263+0000] {logging_mixin.py:190} INFO - [2026-03-22T00:12:59.262+0000] {dag.py:4180} INFO - Setting next_dagrun for dataset_alias_example_alias_consumer to None, run_after=None
[2026-03-22T00:12:59.270+0000] {logging_mixin.py:190} INFO - [2026-03-22T00:12:59.269+0000] {dag.py:4180} INFO - Setting next_dagrun for dataset_alias_example_alias_producer to None, run_after=None
[2026-03-22T00:12:59.274+0000] {logging_mixin.py:190} INFO - [2026-03-22T00:12:59.274+0000] {dag.py:4180} INFO - Setting next_dagrun for dataset_s3_bucket_consumer to None, run_after=None
[2026-03-22T00:12:59.280+0000] {logging_mixin.py:190} INFO - [2026-03-22T00:12:59.280+0000] {dag.py:4180} INFO - Setting next_dagrun for dataset_s3_bucket_producer to None, run_after=None
[2026-03-22T00:12:59.326+0000] {processor.py:208} INFO - Processing /home/airflow/.local/lib/python3.12/site-packages/airflow/example_dags/example_dataset_alias.py took 1.358 seconds
[2026-03-22T00:13:29.423+0000] {processor.py:186} INFO - Started process (PID=26097) to work on /home/airflow/.local/lib/python3.12/site-packages/airflow/example_dags/example_dataset_alias.py
[2026-03-22T00:13:29.426+0000] {processor.py:914} INFO - Processing file /home/airflow/.local/lib/python3.12/site-packages/airflow/example_dags/example_dataset_alias.py for tasks to queue
[2026-03-22T00:13:29.429+0000] {logging_mixin.py:190} INFO - [2026-03-22T00:13:29.429+0000] {dagbag.py:588} INFO - Filling up the DagBag from /home/airflow/.local/lib/python3.12/site-packages/airflow/example_dags/example_dataset_alias.py
[2026-03-22T00:13:30.816+0000] {processor.py:925} INFO - DAG(s) 'dataset_s3_bucket_producer', 'dataset_s3_bucket_consumer', 'dataset_alias_example_alias_producer', 'dataset_alias_example_alias_consumer' retrieved from /home/airflow/.local/lib/python3.12/site-packages/airflow/example_dags/example_dataset_alias.py
[2026-03-22T00:13:30.873+0000] {logging_mixin.py:190} INFO - [2026-03-22T00:13:30.871+0000] {dag.py:3239} INFO - Sync 4 DAGs
[2026-03-22T00:13:30.924+0000] {logging_mixin.py:190} INFO - [2026-03-22T00:13:30.923+0000] {dag.py:4180} INFO - Setting next_dagrun for dataset_alias_example_alias_consumer to None, run_after=None
[2026-03-22T00:13:30.931+0000] {logging_mixin.py:190} INFO - [2026-03-22T00:13:30.931+0000] {dag.py:4180} INFO - Setting next_dagrun for dataset_alias_example_alias_producer to None, run_after=None
[2026-03-22T00:13:30.936+0000] {logging_mixin.py:190} INFO - [2026-03-22T00:13:30.935+0000] {dag.py:4180} INFO - Setting next_dagrun for dataset_s3_bucket_consumer to None, run_after=None
[2026-03-22T00:13:30.940+0000] {logging_mixin.py:190} INFO - [2026-03-22T00:13:30.939+0000] {dag.py:4180} INFO - Setting next_dagrun for dataset_s3_bucket_producer to None, run_after=None
[2026-03-22T00:13:30.997+0000] {processor.py:208} INFO - Processing /home/airflow/.local/lib/python3.12/site-packages/airflow/example_dags/example_dataset_alias.py took 1.589 seconds
[2026-03-22T00:14:01.559+0000] {processor.py:186} INFO - Started process (PID=26165) to work on /home/airflow/.local/lib/python3.12/site-packages/airflow/example_dags/example_dataset_alias.py
[2026-03-22T00:14:01.561+0000] {processor.py:914} INFO - Processing file /home/airflow/.local/lib/python3.12/site-packages/airflow/example_dags/example_dataset_alias.py for tasks to queue
[2026-03-22T00:14:01.564+0000] {logging_mixin.py:190} INFO - [2026-03-22T00:14:01.563+0000] {dagbag.py:588} INFO - Filling up the DagBag from /home/airflow/.local/lib/python3.12/site-packages/airflow/example_dags/example_dataset_alias.py
[2026-03-22T00:14:02.584+0000] {processor.py:925} INFO - DAG(s) 'dataset_alias_example_alias_producer', 'dataset_s3_bucket_producer', 'dataset_alias_example_alias_consumer', 'dataset_s3_bucket_consumer' retrieved from /home/airflow/.local/lib/python3.12/site-packages/airflow/example_dags/example_dataset_alias.py
[2026-03-22T00:14:02.627+0000] {logging_mixin.py:190} INFO - [2026-03-22T00:14:02.626+0000] {dag.py:3239} INFO - Sync 4 DAGs
[2026-03-22T00:14:02.665+0000] {logging_mixin.py:190} INFO - [2026-03-22T00:14:02.664+0000] {dag.py:4180} INFO - Setting next_dagrun for dataset_alias_example_alias_consumer to None, run_after=None
[2026-03-22T00:14:02.671+0000] {logging_mixin.py:190} INFO - [2026-03-22T00:14:02.670+0000] {dag.py:4180} INFO - Setting next_dagrun for dataset_alias_example_alias_producer to None, run_after=None
[2026-03-22T00:14:02.674+0000] {logging_mixin.py:190} INFO - [2026-03-22T00:14:02.674+0000] {dag.py:4180} INFO - Setting next_dagrun for dataset_s3_bucket_consumer to None, run_after=None
[2026-03-22T00:14:02.678+0000] {logging_mixin.py:190} INFO - [2026-03-22T00:14:02.678+0000] {dag.py:4180} INFO - Setting next_dagrun for dataset_s3_bucket_producer to None, run_after=None
[2026-03-22T00:14:02.717+0000] {processor.py:208} INFO - Processing /home/airflow/.local/lib/python3.12/site-packages/airflow/example_dags/example_dataset_alias.py took 1.170 seconds
[2026-03-22T00:14:33.015+0000] {processor.py:186} INFO - Started process (PID=26232) to work on /home/airflow/.local/lib/python3.12/site-packages/airflow/example_dags/example_dataset_alias.py
[2026-03-22T00:14:33.018+0000] {processor.py:914} INFO - Processing file /home/airflow/.local/lib/python3.12/site-packages/airflow/example_dags/example_dataset_alias.py for tasks to queue
[2026-03-22T00:14:33.021+0000] {logging_mixin.py:190} INFO - [2026-03-22T00:14:33.020+0000] {dagbag.py:588} INFO - Filling up the DagBag from /home/airflow/.local/lib/python3.12/site-packages/airflow/example_dags/example_dataset_alias.py
[2026-03-22T00:14:34.291+0000] {processor.py:925} INFO - DAG(s) 'dataset_alias_example_alias_consumer', 'dataset_s3_bucket_producer', 'dataset_s3_bucket_consumer', 'dataset_alias_example_alias_producer' retrieved from /home/airflow/.local/lib/python3.12/site-packages/airflow/example_dags/example_dataset_alias.py
[2026-03-22T00:14:34.382+0000] {logging_mixin.py:190} INFO - [2026-03-22T00:14:34.374+0000] {dag.py:3239} INFO - Sync 4 DAGs
[2026-03-22T00:14:34.446+0000] {logging_mixin.py:190} INFO - [2026-03-22T00:14:34.445+0000] {dag.py:4180} INFO - Setting next_dagrun for dataset_alias_example_alias_consumer to None, run_after=None
[2026-03-22T00:14:34.455+0000] {logging_mixin.py:190} INFO - [2026-03-22T00:14:34.454+0000] {dag.py:4180} INFO - Setting next_dagrun for dataset_alias_example_alias_producer to None, run_after=None
[2026-03-22T00:14:34.460+0000] {logging_mixin.py:190} INFO - [2026-03-22T00:14:34.460+0000] {dag.py:4180} INFO - Setting next_dagrun for dataset_s3_bucket_consumer to None, run_after=None
[2026-03-22T00:14:34.466+0000] {logging_mixin.py:190} INFO - [2026-03-22T00:14:34.465+0000] {dag.py:4180} INFO - Setting next_dagrun for dataset_s3_bucket_producer to None, run_after=None
[2026-03-22T00:14:34.529+0000] {processor.py:208} INFO - Processing /home/airflow/.local/lib/python3.12/site-packages/airflow/example_dags/example_dataset_alias.py took 1.527 seconds
[2026-03-22T00:15:04.678+0000] {processor.py:186} INFO - Started process (PID=26299) to work on /home/airflow/.local/lib/python3.12/site-packages/airflow/example_dags/example_dataset_alias.py
[2026-03-22T00:15:04.680+0000] {processor.py:914} INFO - Processing file /home/airflow/.local/lib/python3.12/site-packages/airflow/example_dags/example_dataset_alias.py for tasks to queue
[2026-03-22T00:15:04.682+0000] {logging_mixin.py:190} INFO - [2026-03-22T00:15:04.681+0000] {dagbag.py:588} INFO - Filling up the DagBag from /home/airflow/.local/lib/python3.12/site-packages/airflow/example_dags/example_dataset_alias.py
[2026-03-22T00:15:05.394+0000] {processor.py:925} INFO - DAG(s) 'dataset_s3_bucket_consumer', 'dataset_alias_example_alias_consumer', 'dataset_s3_bucket_producer', 'dataset_alias_example_alias_producer' retrieved from /home/airflow/.local/lib/python3.12/site-packages/airflow/example_dags/example_dataset_alias.py
[2026-03-22T00:15:05.424+0000] {logging_mixin.py:190} INFO - [2026-03-22T00:15:05.423+0000] {dag.py:3239} INFO - Sync 4 DAGs
[2026-03-22T00:15:05.455+0000] {logging_mixin.py:190} INFO - [2026-03-22T00:15:05.455+0000] {dag.py:4180} INFO - Setting next_dagrun for dataset_alias_example_alias_consumer to None, run_after=None
[2026-03-22T00:15:05.459+0000] {logging_mixin.py:190} INFO - [2026-03-22T00:15:05.459+0000] {dag.py:4180} INFO - Setting next_dagrun for dataset_alias_example_alias_producer to None, run_after=None
[2026-03-22T00:15:05.462+0000] {logging_mixin.py:190} INFO - [2026-03-22T00:15:05.461+0000] {dag.py:4180} INFO - Setting next_dagrun for dataset_s3_bucket_consumer to None, run_after=None
[2026-03-22T00:15:05.464+0000] {logging_mixin.py:190} INFO - [2026-03-22T00:15:05.464+0000] {dag.py:4180} INFO - Setting next_dagrun for dataset_s3_bucket_producer to None, run_after=None
[2026-03-22T00:15:05.495+0000] {processor.py:208} INFO - Processing /home/airflow/.local/lib/python3.12/site-packages/airflow/example_dags/example_dataset_alias.py took 0.823 seconds
[2026-03-22T00:15:35.595+0000] {processor.py:186} INFO - Started process (PID=26371) to work on /home/airflow/.local/lib/python3.12/site-packages/airflow/example_dags/example_dataset_alias.py
[2026-03-22T00:15:35.596+0000] {processor.py:914} INFO - Processing file /home/airflow/.local/lib/python3.12/site-packages/airflow/example_dags/example_dataset_alias.py for tasks to queue
[2026-03-22T00:15:35.598+0000] {logging_mixin.py:190} INFO - [2026-03-22T00:15:35.597+0000] {dagbag.py:588} INFO - Filling up the DagBag from /home/airflow/.local/lib/python3.12/site-packages/airflow/example_dags/example_dataset_alias.py
[2026-03-22T00:15:36.095+0000] {processor.py:925} INFO - DAG(s) 'dataset_s3_bucket_producer', 'dataset_s3_bucket_consumer', 'dataset_alias_example_alias_producer', 'dataset_alias_example_alias_consumer' retrieved from /home/airflow/.local/lib/python3.12/site-packages/airflow/example_dags/example_dataset_alias.py
[2026-03-22T00:15:36.112+0000] {logging_mixin.py:190} INFO - [2026-03-22T00:15:36.112+0000] {dag.py:3239} INFO - Sync 4 DAGs
[2026-03-22T00:15:36.130+0000] {logging_mixin.py:190} INFO - [2026-03-22T00:15:36.130+0000] {dag.py:4180} INFO - Setting next_dagrun for dataset_alias_example_alias_consumer to None, run_after=None
[2026-03-22T00:15:36.132+0000] {logging_mixin.py:190} INFO - [2026-03-22T00:15:36.132+0000] {dag.py:4180} INFO - Setting next_dagrun for dataset_alias_example_alias_producer to None, run_after=None
[2026-03-22T00:15:36.134+0000] {logging_mixin.py:190} INFO - [2026-03-22T00:15:36.134+0000] {dag.py:4180} INFO - Setting next_dagrun for dataset_s3_bucket_consumer to None, run_after=None
[2026-03-22T00:15:36.136+0000] {logging_mixin.py:190} INFO - [2026-03-22T00:15:36.136+0000] {dag.py:4180} INFO - Setting next_dagrun for dataset_s3_bucket_producer to None, run_after=None
[2026-03-22T00:15:36.157+0000] {processor.py:208} INFO - Processing /home/airflow/.local/lib/python3.12/site-packages/airflow/example_dags/example_dataset_alias.py took 0.567 seconds
[2026-03-22T02:12:53.192+0000] {processor.py:186} INFO - Started process (PID=26395) to work on /home/airflow/.local/lib/python3.12/site-packages/airflow/example_dags/example_dataset_alias.py
[2026-03-22T02:12:53.193+0000] {processor.py:914} INFO - Processing file /home/airflow/.local/lib/python3.12/site-packages/airflow/example_dags/example_dataset_alias.py for tasks to queue
[2026-03-22T02:12:53.195+0000] {logging_mixin.py:190} INFO - [2026-03-22T02:12:53.195+0000] {dagbag.py:588} INFO - Filling up the DagBag from /home/airflow/.local/lib/python3.12/site-packages/airflow/example_dags/example_dataset_alias.py
[2026-03-22T02:12:53.743+0000] {processor.py:925} INFO - DAG(s) 'dataset_s3_bucket_producer', 'dataset_alias_example_alias_producer', 'dataset_s3_bucket_consumer', 'dataset_alias_example_alias_consumer' retrieved from /home/airflow/.local/lib/python3.12/site-packages/airflow/example_dags/example_dataset_alias.py
[2026-03-22T02:12:53.767+0000] {logging_mixin.py:190} INFO - [2026-03-22T02:12:53.767+0000] {dag.py:3239} INFO - Sync 4 DAGs
[2026-03-22T02:12:53.789+0000] {logging_mixin.py:190} INFO - [2026-03-22T02:12:53.789+0000] {dag.py:4180} INFO - Setting next_dagrun for dataset_alias_example_alias_consumer to None, run_after=None
[2026-03-22T02:12:53.792+0000] {logging_mixin.py:190} INFO - [2026-03-22T02:12:53.792+0000] {dag.py:4180} INFO - Setting next_dagrun for dataset_alias_example_alias_producer to None, run_after=None
[2026-03-22T02:12:53.794+0000] {logging_mixin.py:190} INFO - [2026-03-22T02:12:53.794+0000] {dag.py:4180} INFO - Setting next_dagrun for dataset_s3_bucket_consumer to None, run_after=None
[2026-03-22T02:12:53.797+0000] {logging_mixin.py:190} INFO - [2026-03-22T02:12:53.797+0000] {dag.py:4180} INFO - Setting next_dagrun for dataset_s3_bucket_producer to None, run_after=None
[2026-03-22T02:12:53.820+0000] {processor.py:208} INFO - Processing /home/airflow/.local/lib/python3.12/site-packages/airflow/example_dags/example_dataset_alias.py took 0.636 seconds
[2026-03-22T02:13:23.945+0000] {processor.py:186} INFO - Started process (PID=26463) to work on /home/airflow/.local/lib/python3.12/site-packages/airflow/example_dags/example_dataset_alias.py
[2026-03-22T02:13:23.947+0000] {processor.py:914} INFO - Processing file /home/airflow/.local/lib/python3.12/site-packages/airflow/example_dags/example_dataset_alias.py for tasks to queue
[2026-03-22T02:13:23.948+0000] {logging_mixin.py:190} INFO - [2026-03-22T02:13:23.948+0000] {dagbag.py:588} INFO - Filling up the DagBag from /home/airflow/.local/lib/python3.12/site-packages/airflow/example_dags/example_dataset_alias.py
[2026-03-22T02:13:24.438+0000] {processor.py:925} INFO - DAG(s) 'dataset_s3_bucket_consumer', 'dataset_s3_bucket_producer', 'dataset_alias_example_alias_producer', 'dataset_alias_example_alias_consumer' retrieved from /home/airflow/.local/lib/python3.12/site-packages/airflow/example_dags/example_dataset_alias.py
[2026-03-22T02:13:24.456+0000] {logging_mixin.py:190} INFO - [2026-03-22T02:13:24.456+0000] {dag.py:3239} INFO - Sync 4 DAGs
[2026-03-22T02:13:24.477+0000] {logging_mixin.py:190} INFO - [2026-03-22T02:13:24.477+0000] {dag.py:4180} INFO - Setting next_dagrun for dataset_alias_example_alias_consumer to None, run_after=None
[2026-03-22T02:13:24.481+0000] {logging_mixin.py:190} INFO - [2026-03-22T02:13:24.481+0000] {dag.py:4180} INFO - Setting next_dagrun for dataset_alias_example_alias_producer to None, run_after=None
[2026-03-22T02:13:24.484+0000] {logging_mixin.py:190} INFO - [2026-03-22T02:13:24.484+0000] {dag.py:4180} INFO - Setting next_dagrun for dataset_s3_bucket_consumer to None, run_after=None
[2026-03-22T02:13:24.486+0000] {logging_mixin.py:190} INFO - [2026-03-22T02:13:24.486+0000] {dag.py:4180} INFO - Setting next_dagrun for dataset_s3_bucket_producer to None, run_after=None
[2026-03-22T02:13:24.506+0000] {processor.py:208} INFO - Processing /home/airflow/.local/lib/python3.12/site-packages/airflow/example_dags/example_dataset_alias.py took 0.567 seconds
[2026-03-22T02:13:54.874+0000] {processor.py:186} INFO - Started process (PID=26530) to work on /home/airflow/.local/lib/python3.12/site-packages/airflow/example_dags/example_dataset_alias.py
[2026-03-22T02:13:54.876+0000] {processor.py:914} INFO - Processing file /home/airflow/.local/lib/python3.12/site-packages/airflow/example_dags/example_dataset_alias.py for tasks to queue
[2026-03-22T02:13:54.878+0000] {logging_mixin.py:190} INFO - [2026-03-22T02:13:54.878+0000] {dagbag.py:588} INFO - Filling up the DagBag from /home/airflow/.local/lib/python3.12/site-packages/airflow/example_dags/example_dataset_alias.py
[2026-03-22T02:13:55.451+0000] {processor.py:925} INFO - DAG(s) 'dataset_s3_bucket_producer', 'dataset_s3_bucket_consumer', 'dataset_alias_example_alias_producer', 'dataset_alias_example_alias_consumer' retrieved from /home/airflow/.local/lib/python3.12/site-packages/airflow/example_dags/example_dataset_alias.py
[2026-03-22T02:13:55.469+0000] {logging_mixin.py:190} INFO - [2026-03-22T02:13:55.469+0000] {dag.py:3239} INFO - Sync 4 DAGs
[2026-03-22T02:13:55.486+0000] {logging_mixin.py:190} INFO - [2026-03-22T02:13:55.486+0000] {dag.py:4180} INFO - Setting next_dagrun for dataset_alias_example_alias_consumer to None, run_after=None
[2026-03-22T02:13:55.489+0000] {logging_mixin.py:190} INFO - [2026-03-22T02:13:55.489+0000] {dag.py:4180} INFO - Setting next_dagrun for dataset_alias_example_alias_producer to None, run_after=None
[2026-03-22T02:13:55.491+0000] {logging_mixin.py:190} INFO - [2026-03-22T02:13:55.490+0000] {dag.py:4180} INFO - Setting next_dagrun for dataset_s3_bucket_consumer to None, run_after=None
[2026-03-22T02:13:55.492+0000] {logging_mixin.py:190} INFO - [2026-03-22T02:13:55.492+0000] {dag.py:4180} INFO - Setting next_dagrun for dataset_s3_bucket_producer to None, run_after=None
[2026-03-22T02:13:55.510+0000] {processor.py:208} INFO - Processing /home/airflow/.local/lib/python3.12/site-packages/airflow/example_dags/example_dataset_alias.py took 0.642 seconds
[2026-03-22T02:14:25.784+0000] {processor.py:186} INFO - Started process (PID=26597) to work on /home/airflow/.local/lib/python3.12/site-packages/airflow/example_dags/example_dataset_alias.py
[2026-03-22T02:14:25.788+0000] {processor.py:914} INFO - Processing file /home/airflow/.local/lib/python3.12/site-packages/airflow/example_dags/example_dataset_alias.py for tasks to queue
[2026-03-22T02:14:25.791+0000] {logging_mixin.py:190} INFO - [2026-03-22T02:14:25.791+0000] {dagbag.py:588} INFO - Filling up the DagBag from /home/airflow/.local/lib/python3.12/site-packages/airflow/example_dags/example_dataset_alias.py
[2026-03-22T02:14:26.577+0000] {processor.py:925} INFO - DAG(s) 'dataset_alias_example_alias_producer', 'dataset_s3_bucket_consumer', 'dataset_s3_bucket_producer', 'dataset_alias_example_alias_consumer' retrieved from /home/airflow/.local/lib/python3.12/site-packages/airflow/example_dags/example_dataset_alias.py
[2026-03-22T02:14:26.629+0000] {logging_mixin.py:190} INFO - [2026-03-22T02:14:26.628+0000] {dag.py:3239} INFO - Sync 4 DAGs
[2026-03-22T02:14:26.659+0000] {logging_mixin.py:190} INFO - [2026-03-22T02:14:26.658+0000] {dag.py:4180} INFO - Setting next_dagrun for dataset_alias_example_alias_consumer to None, run_after=None
[2026-03-22T02:14:26.665+0000] {logging_mixin.py:190} INFO - [2026-03-22T02:14:26.664+0000] {dag.py:4180} INFO - Setting next_dagrun for dataset_alias_example_alias_producer to None, run_after=None
[2026-03-22T02:14:26.669+0000] {logging_mixin.py:190} INFO - [2026-03-22T02:14:26.668+0000] {dag.py:4180} INFO - Setting next_dagrun for dataset_s3_bucket_consumer to None, run_after=None
[2026-03-22T02:14:26.673+0000] {logging_mixin.py:190} INFO - [2026-03-22T02:14:26.673+0000] {dag.py:4180} INFO - Setting next_dagrun for dataset_s3_bucket_producer to None, run_after=None
[2026-03-22T02:14:26.706+0000] {processor.py:208} INFO - Processing /home/airflow/.local/lib/python3.12/site-packages/airflow/example_dags/example_dataset_alias.py took 0.928 seconds
[2026-03-22T02:14:57.700+0000] {processor.py:186} INFO - Started process (PID=26665) to work on /home/airflow/.local/lib/python3.12/site-packages/airflow/example_dags/example_dataset_alias.py
[2026-03-22T02:14:57.702+0000] {processor.py:914} INFO - Processing file /home/airflow/.local/lib/python3.12/site-packages/airflow/example_dags/example_dataset_alias.py for tasks to queue
[2026-03-22T02:14:57.705+0000] {logging_mixin.py:190} INFO - [2026-03-22T02:14:57.704+0000] {dagbag.py:588} INFO - Filling up the DagBag from /home/airflow/.local/lib/python3.12/site-packages/airflow/example_dags/example_dataset_alias.py
[2026-03-22T02:14:58.216+0000] {processor.py:925} INFO - DAG(s) 'dataset_alias_example_alias_consumer', 'dataset_s3_bucket_producer', 'dataset_alias_example_alias_producer', 'dataset_s3_bucket_consumer' retrieved from /home/airflow/.local/lib/python3.12/site-packages/airflow/example_dags/example_dataset_alias.py
[2026-03-22T02:14:58.236+0000] {logging_mixin.py:190} INFO - [2026-03-22T02:14:58.235+0000] {dag.py:3239} INFO - Sync 4 DAGs
[2026-03-22T02:14:58.255+0000] {logging_mixin.py:190} INFO - [2026-03-22T02:14:58.255+0000] {dag.py:4180} INFO - Setting next_dagrun for dataset_alias_example_alias_consumer to None, run_after=None
[2026-03-22T02:14:58.258+0000] {logging_mixin.py:190} INFO - [2026-03-22T02:14:58.258+0000] {dag.py:4180} INFO - Setting next_dagrun for dataset_alias_example_alias_producer to None, run_after=None
[2026-03-22T02:14:58.260+0000] {logging_mixin.py:190} INFO - [2026-03-22T02:14:58.260+0000] {dag.py:4180} INFO - Setting next_dagrun for dataset_s3_bucket_consumer to None, run_after=None
[2026-03-22T02:14:58.262+0000] {logging_mixin.py:190} INFO - [2026-03-22T02:14:58.262+0000] {dag.py:4180} INFO - Setting next_dagrun for dataset_s3_bucket_producer to None, run_after=None
[2026-03-22T02:14:58.284+0000] {processor.py:208} INFO - Processing /home/airflow/.local/lib/python3.12/site-packages/airflow/example_dags/example_dataset_alias.py took 0.591 seconds
[2026-03-22T02:15:29.282+0000] {processor.py:186} INFO - Started process (PID=26730) to work on /home/airflow/.local/lib/python3.12/site-packages/airflow/example_dags/example_dataset_alias.py
[2026-03-22T02:15:29.283+0000] {processor.py:914} INFO - Processing file /home/airflow/.local/lib/python3.12/site-packages/airflow/example_dags/example_dataset_alias.py for tasks to queue
[2026-03-22T02:15:29.285+0000] {logging_mixin.py:190} INFO - [2026-03-22T02:15:29.284+0000] {dagbag.py:588} INFO - Filling up the DagBag from /home/airflow/.local/lib/python3.12/site-packages/airflow/example_dags/example_dataset_alias.py
[2026-03-22T02:15:29.756+0000] {processor.py:925} INFO - DAG(s) 'dataset_alias_example_alias_consumer', 'dataset_s3_bucket_producer', 'dataset_s3_bucket_consumer', 'dataset_alias_example_alias_producer' retrieved from /home/airflow/.local/lib/python3.12/site-packages/airflow/example_dags/example_dataset_alias.py
[2026-03-22T02:15:29.775+0000] {logging_mixin.py:190} INFO - [2026-03-22T02:15:29.775+0000] {dag.py:3239} INFO - Sync 4 DAGs
[2026-03-22T02:15:29.795+0000] {logging_mixin.py:190} INFO - [2026-03-22T02:15:29.795+0000] {dag.py:4180} INFO - Setting next_dagrun for dataset_alias_example_alias_consumer to None, run_after=None
[2026-03-22T02:15:29.798+0000] {logging_mixin.py:190} INFO - [2026-03-22T02:15:29.798+0000] {dag.py:4180} INFO - Setting next_dagrun for dataset_alias_example_alias_producer to None, run_after=None
[2026-03-22T02:15:29.800+0000] {logging_mixin.py:190} INFO - [2026-03-22T02:15:29.800+0000] {dag.py:4180} INFO - Setting next_dagrun for dataset_s3_bucket_consumer to None, run_after=None
[2026-03-22T02:15:29.801+0000] {logging_mixin.py:190} INFO - [2026-03-22T02:15:29.801+0000] {dag.py:4180} INFO - Setting next_dagrun for dataset_s3_bucket_producer to None, run_after=None
[2026-03-22T02:15:29.824+0000] {processor.py:208} INFO - Processing /home/airflow/.local/lib/python3.12/site-packages/airflow/example_dags/example_dataset_alias.py took 0.547 seconds
[2026-03-22T02:16:00.493+0000] {processor.py:186} INFO - Started process (PID=26795) to work on /home/airflow/.local/lib/python3.12/site-packages/airflow/example_dags/example_dataset_alias.py
[2026-03-22T02:16:00.495+0000] {processor.py:914} INFO - Processing file /home/airflow/.local/lib/python3.12/site-packages/airflow/example_dags/example_dataset_alias.py for tasks to queue
[2026-03-22T02:16:00.496+0000] {logging_mixin.py:190} INFO - [2026-03-22T02:16:00.496+0000] {dagbag.py:588} INFO - Filling up the DagBag from /home/airflow/.local/lib/python3.12/site-packages/airflow/example_dags/example_dataset_alias.py
[2026-03-22T02:16:00.964+0000] {processor.py:925} INFO - DAG(s) 'dataset_s3_bucket_producer', 'dataset_s3_bucket_consumer', 'dataset_alias_example_alias_consumer', 'dataset_alias_example_alias_producer' retrieved from /home/airflow/.local/lib/python3.12/site-packages/airflow/example_dags/example_dataset_alias.py
[2026-03-22T02:16:00.980+0000] {logging_mixin.py:190} INFO - [2026-03-22T02:16:00.980+0000] {dag.py:3239} INFO - Sync 4 DAGs
[2026-03-22T02:16:00.998+0000] {logging_mixin.py:190} INFO - [2026-03-22T02:16:00.998+0000] {dag.py:4180} INFO - Setting next_dagrun for dataset_alias_example_alias_consumer to None, run_after=None
[2026-03-22T02:16:01.001+0000] {logging_mixin.py:190} INFO - [2026-03-22T02:16:01.001+0000] {dag.py:4180} INFO - Setting next_dagrun for dataset_alias_example_alias_producer to None, run_after=None
[2026-03-22T02:16:01.004+0000] {logging_mixin.py:190} INFO - [2026-03-22T02:16:01.004+0000] {dag.py:4180} INFO - Setting next_dagrun for dataset_s3_bucket_consumer to None, run_after=None
[2026-03-22T02:16:01.006+0000] {logging_mixin.py:190} INFO - [2026-03-22T02:16:01.005+0000] {dag.py:4180} INFO - Setting next_dagrun for dataset_s3_bucket_producer to None, run_after=None
[2026-03-22T02:16:01.025+0000] {processor.py:208} INFO - Processing /home/airflow/.local/lib/python3.12/site-packages/airflow/example_dags/example_dataset_alias.py took 0.536 seconds
[2026-03-22T02:16:31.151+0000] {processor.py:186} INFO - Started process (PID=26860) to work on /home/airflow/.local/lib/python3.12/site-packages/airflow/example_dags/example_dataset_alias.py
[2026-03-22T02:16:31.153+0000] {processor.py:914} INFO - Processing file /home/airflow/.local/lib/python3.12/site-packages/airflow/example_dags/example_dataset_alias.py for tasks to queue
[2026-03-22T02:16:31.155+0000] {logging_mixin.py:190} INFO - [2026-03-22T02:16:31.155+0000] {dagbag.py:588} INFO - Filling up the DagBag from /home/airflow/.local/lib/python3.12/site-packages/airflow/example_dags/example_dataset_alias.py
[2026-03-22T02:16:31.711+0000] {processor.py:925} INFO - DAG(s) 'dataset_alias_example_alias_producer', 'dataset_alias_example_alias_consumer', 'dataset_s3_bucket_producer', 'dataset_s3_bucket_consumer' retrieved from /home/airflow/.local/lib/python3.12/site-packages/airflow/example_dags/example_dataset_alias.py
[2026-03-22T02:16:31.732+0000] {logging_mixin.py:190} INFO - [2026-03-22T02:16:31.732+0000] {dag.py:3239} INFO - Sync 4 DAGs
[2026-03-22T02:16:31.755+0000] {logging_mixin.py:190} INFO - [2026-03-22T02:16:31.755+0000] {dag.py:4180} INFO - Setting next_dagrun for dataset_alias_example_alias_consumer to None, run_after=None
[2026-03-22T02:16:31.759+0000] {logging_mixin.py:190} INFO - [2026-03-22T02:16:31.758+0000] {dag.py:4180} INFO - Setting next_dagrun for dataset_alias_example_alias_producer to None, run_after=None
[2026-03-22T02:16:31.761+0000] {logging_mixin.py:190} INFO - [2026-03-22T02:16:31.760+0000] {dag.py:4180} INFO - Setting next_dagrun for dataset_s3_bucket_consumer to None, run_after=None
[2026-03-22T02:16:31.762+0000] {logging_mixin.py:190} INFO - [2026-03-22T02:16:31.762+0000] {dag.py:4180} INFO - Setting next_dagrun for dataset_s3_bucket_producer to None, run_after=None
[2026-03-22T02:16:31.783+0000] {processor.py:208} INFO - Processing /home/airflow/.local/lib/python3.12/site-packages/airflow/example_dags/example_dataset_alias.py took 0.637 seconds
[2026-03-22T02:17:02.684+0000] {processor.py:186} INFO - Started process (PID=26925) to work on /home/airflow/.local/lib/python3.12/site-packages/airflow/example_dags/example_dataset_alias.py
[2026-03-22T02:17:02.685+0000] {processor.py:914} INFO - Processing file /home/airflow/.local/lib/python3.12/site-packages/airflow/example_dags/example_dataset_alias.py for tasks to queue
[2026-03-22T02:17:02.686+0000] {logging_mixin.py:190} INFO - [2026-03-22T02:17:02.686+0000] {dagbag.py:588} INFO - Filling up the DagBag from /home/airflow/.local/lib/python3.12/site-packages/airflow/example_dags/example_dataset_alias.py
