[2026-03-22T00:00:19.908+0000] {processor.py:186} INFO - Started process (PID=24823) to work on /home/airflow/.local/lib/python3.12/site-packages/airflow/example_dags/example_external_task_marker_dag.py
[2026-03-22T00:00:19.912+0000] {processor.py:914} INFO - Processing file /home/airflow/.local/lib/python3.12/site-packages/airflow/example_dags/example_external_task_marker_dag.py for tasks to queue
[2026-03-22T00:00:19.921+0000] {logging_mixin.py:190} INFO - [2026-03-22T00:00:19.919+0000] {dagbag.py:588} INFO - Filling up the DagBag from /home/airflow/.local/lib/python3.12/site-packages/airflow/example_dags/example_external_task_marker_dag.py
[2026-03-22T00:00:20.010+0000] {processor.py:925} INFO - DAG(s) 'example_external_task_marker_child', 'example_external_task_marker_parent' retrieved from /home/airflow/.local/lib/python3.12/site-packages/airflow/example_dags/example_external_task_marker_dag.py
[2026-03-22T00:00:20.319+0000] {logging_mixin.py:190} INFO - [2026-03-22T00:00:20.318+0000] {dag.py:3239} INFO - Sync 2 DAGs
[2026-03-22T00:00:20.528+0000] {logging_mixin.py:190} INFO - [2026-03-22T00:00:20.527+0000] {dag.py:4180} INFO - Setting next_dagrun for example_external_task_marker_child to None, run_after=None
[2026-03-22T00:00:20.571+0000] {logging_mixin.py:190} INFO - [2026-03-22T00:00:20.570+0000] {dag.py:4180} INFO - Setting next_dagrun for example_external_task_marker_parent to None, run_after=None
[2026-03-22T00:00:20.820+0000] {processor.py:208} INFO - Processing /home/airflow/.local/lib/python3.12/site-packages/airflow/example_dags/example_external_task_marker_dag.py took 0.971 seconds
[2026-03-22T00:01:02.427+0000] {processor.py:186} INFO - Started process (PID=24902) to work on /home/airflow/.local/lib/python3.12/site-packages/airflow/example_dags/example_external_task_marker_dag.py
[2026-03-22T00:01:02.443+0000] {processor.py:914} INFO - Processing file /home/airflow/.local/lib/python3.12/site-packages/airflow/example_dags/example_external_task_marker_dag.py for tasks to queue
[2026-03-22T00:01:02.464+0000] {logging_mixin.py:190} INFO - [2026-03-22T00:01:02.453+0000] {dagbag.py:588} INFO - Filling up the DagBag from /home/airflow/.local/lib/python3.12/site-packages/airflow/example_dags/example_external_task_marker_dag.py
[2026-03-22T00:01:02.544+0000] {processor.py:925} INFO - DAG(s) 'example_external_task_marker_child', 'example_external_task_marker_parent' retrieved from /home/airflow/.local/lib/python3.12/site-packages/airflow/example_dags/example_external_task_marker_dag.py
[2026-03-22T00:01:02.718+0000] {logging_mixin.py:190} INFO - [2026-03-22T00:01:02.717+0000] {dag.py:3239} INFO - Sync 2 DAGs
[2026-03-22T00:01:02.909+0000] {logging_mixin.py:190} INFO - [2026-03-22T00:01:02.905+0000] {dag.py:4180} INFO - Setting next_dagrun for example_external_task_marker_child to None, run_after=None
[2026-03-22T00:01:02.968+0000] {logging_mixin.py:190} INFO - [2026-03-22T00:01:02.966+0000] {dag.py:4180} INFO - Setting next_dagrun for example_external_task_marker_parent to None, run_after=None
[2026-03-22T00:01:03.258+0000] {processor.py:208} INFO - Processing /home/airflow/.local/lib/python3.12/site-packages/airflow/example_dags/example_external_task_marker_dag.py took 0.918 seconds
[2026-03-22T00:04:18.186+0000] {processor.py:186} INFO - Started process (PID=24982) to work on /home/airflow/.local/lib/python3.12/site-packages/airflow/example_dags/example_external_task_marker_dag.py
[2026-03-22T00:04:18.224+0000] {processor.py:914} INFO - Processing file /home/airflow/.local/lib/python3.12/site-packages/airflow/example_dags/example_external_task_marker_dag.py for tasks to queue
[2026-03-22T00:04:18.244+0000] {logging_mixin.py:190} INFO - [2026-03-22T00:04:18.242+0000] {dagbag.py:588} INFO - Filling up the DagBag from /home/airflow/.local/lib/python3.12/site-packages/airflow/example_dags/example_external_task_marker_dag.py
[2026-03-22T00:04:18.425+0000] {processor.py:925} INFO - DAG(s) 'example_external_task_marker_parent', 'example_external_task_marker_child' retrieved from /home/airflow/.local/lib/python3.12/site-packages/airflow/example_dags/example_external_task_marker_dag.py
[2026-03-22T00:04:18.753+0000] {logging_mixin.py:190} INFO - [2026-03-22T00:04:18.752+0000] {dag.py:3239} INFO - Sync 2 DAGs
[2026-03-22T00:04:19.049+0000] {logging_mixin.py:190} INFO - [2026-03-22T00:04:19.037+0000] {dag.py:4180} INFO - Setting next_dagrun for example_external_task_marker_child to None, run_after=None
[2026-03-22T00:04:19.130+0000] {logging_mixin.py:190} INFO - [2026-03-22T00:04:19.118+0000] {dag.py:4180} INFO - Setting next_dagrun for example_external_task_marker_parent to None, run_after=None
[2026-03-22T00:04:19.349+0000] {processor.py:208} INFO - Processing /home/airflow/.local/lib/python3.12/site-packages/airflow/example_dags/example_external_task_marker_dag.py took 1.275 seconds
[2026-03-22T00:05:08.307+0000] {processor.py:186} INFO - Started process (PID=25053) to work on /home/airflow/.local/lib/python3.12/site-packages/airflow/example_dags/example_external_task_marker_dag.py
[2026-03-22T00:05:08.311+0000] {processor.py:914} INFO - Processing file /home/airflow/.local/lib/python3.12/site-packages/airflow/example_dags/example_external_task_marker_dag.py for tasks to queue
[2026-03-22T00:05:08.316+0000] {logging_mixin.py:190} INFO - [2026-03-22T00:05:08.315+0000] {dagbag.py:588} INFO - Filling up the DagBag from /home/airflow/.local/lib/python3.12/site-packages/airflow/example_dags/example_external_task_marker_dag.py
[2026-03-22T00:05:08.359+0000] {processor.py:925} INFO - DAG(s) 'example_external_task_marker_parent', 'example_external_task_marker_child' retrieved from /home/airflow/.local/lib/python3.12/site-packages/airflow/example_dags/example_external_task_marker_dag.py
[2026-03-22T00:05:08.473+0000] {logging_mixin.py:190} INFO - [2026-03-22T00:05:08.471+0000] {dag.py:3239} INFO - Sync 2 DAGs
[2026-03-22T00:05:08.556+0000] {logging_mixin.py:190} INFO - [2026-03-22T00:05:08.554+0000] {dag.py:4180} INFO - Setting next_dagrun for example_external_task_marker_child to None, run_after=None
[2026-03-22T00:05:08.575+0000] {logging_mixin.py:190} INFO - [2026-03-22T00:05:08.574+0000] {dag.py:4180} INFO - Setting next_dagrun for example_external_task_marker_parent to None, run_after=None
[2026-03-22T00:05:08.654+0000] {processor.py:208} INFO - Processing /home/airflow/.local/lib/python3.12/site-packages/airflow/example_dags/example_external_task_marker_dag.py took 0.371 seconds
[2026-03-22T00:05:38.968+0000] {processor.py:186} INFO - Started process (PID=25117) to work on /home/airflow/.local/lib/python3.12/site-packages/airflow/example_dags/example_external_task_marker_dag.py
[2026-03-22T00:05:38.970+0000] {processor.py:914} INFO - Processing file /home/airflow/.local/lib/python3.12/site-packages/airflow/example_dags/example_external_task_marker_dag.py for tasks to queue
[2026-03-22T00:05:38.973+0000] {logging_mixin.py:190} INFO - [2026-03-22T00:05:38.972+0000] {dagbag.py:588} INFO - Filling up the DagBag from /home/airflow/.local/lib/python3.12/site-packages/airflow/example_dags/example_external_task_marker_dag.py
[2026-03-22T00:05:38.988+0000] {processor.py:925} INFO - DAG(s) 'example_external_task_marker_parent', 'example_external_task_marker_child' retrieved from /home/airflow/.local/lib/python3.12/site-packages/airflow/example_dags/example_external_task_marker_dag.py
[2026-03-22T00:05:39.028+0000] {logging_mixin.py:190} INFO - [2026-03-22T00:05:39.027+0000] {dag.py:3239} INFO - Sync 2 DAGs
[2026-03-22T00:05:39.051+0000] {logging_mixin.py:190} INFO - [2026-03-22T00:05:39.051+0000] {dag.py:4180} INFO - Setting next_dagrun for example_external_task_marker_child to None, run_after=None
[2026-03-22T00:05:39.058+0000] {logging_mixin.py:190} INFO - [2026-03-22T00:05:39.057+0000] {dag.py:4180} INFO - Setting next_dagrun for example_external_task_marker_parent to None, run_after=None
[2026-03-22T00:05:39.088+0000] {processor.py:208} INFO - Processing /home/airflow/.local/lib/python3.12/site-packages/airflow/example_dags/example_external_task_marker_dag.py took 0.130 seconds
[2026-03-22T00:06:10.295+0000] {processor.py:186} INFO - Started process (PID=25182) to work on /home/airflow/.local/lib/python3.12/site-packages/airflow/example_dags/example_external_task_marker_dag.py
[2026-03-22T00:06:10.298+0000] {processor.py:914} INFO - Processing file /home/airflow/.local/lib/python3.12/site-packages/airflow/example_dags/example_external_task_marker_dag.py for tasks to queue
[2026-03-22T00:06:10.301+0000] {logging_mixin.py:190} INFO - [2026-03-22T00:06:10.300+0000] {dagbag.py:588} INFO - Filling up the DagBag from /home/airflow/.local/lib/python3.12/site-packages/airflow/example_dags/example_external_task_marker_dag.py
[2026-03-22T00:06:10.325+0000] {processor.py:925} INFO - DAG(s) 'example_external_task_marker_parent', 'example_external_task_marker_child' retrieved from /home/airflow/.local/lib/python3.12/site-packages/airflow/example_dags/example_external_task_marker_dag.py
[2026-03-22T00:06:10.391+0000] {logging_mixin.py:190} INFO - [2026-03-22T00:06:10.391+0000] {dag.py:3239} INFO - Sync 2 DAGs
[2026-03-22T00:06:10.425+0000] {logging_mixin.py:190} INFO - [2026-03-22T00:06:10.424+0000] {dag.py:4180} INFO - Setting next_dagrun for example_external_task_marker_child to None, run_after=None
[2026-03-22T00:06:10.434+0000] {logging_mixin.py:190} INFO - [2026-03-22T00:06:10.434+0000] {dag.py:4180} INFO - Setting next_dagrun for example_external_task_marker_parent to None, run_after=None
[2026-03-22T00:06:10.478+0000] {processor.py:208} INFO - Processing /home/airflow/.local/lib/python3.12/site-packages/airflow/example_dags/example_external_task_marker_dag.py took 0.204 seconds
[2026-03-22T00:06:40.993+0000] {processor.py:186} INFO - Started process (PID=25245) to work on /home/airflow/.local/lib/python3.12/site-packages/airflow/example_dags/example_external_task_marker_dag.py
[2026-03-22T00:06:40.997+0000] {processor.py:914} INFO - Processing file /home/airflow/.local/lib/python3.12/site-packages/airflow/example_dags/example_external_task_marker_dag.py for tasks to queue
[2026-03-22T00:06:41.003+0000] {logging_mixin.py:190} INFO - [2026-03-22T00:06:41.001+0000] {dagbag.py:588} INFO - Filling up the DagBag from /home/airflow/.local/lib/python3.12/site-packages/airflow/example_dags/example_external_task_marker_dag.py
[2026-03-22T00:06:41.057+0000] {processor.py:925} INFO - DAG(s) 'example_external_task_marker_parent', 'example_external_task_marker_child' retrieved from /home/airflow/.local/lib/python3.12/site-packages/airflow/example_dags/example_external_task_marker_dag.py
[2026-03-22T00:06:41.203+0000] {logging_mixin.py:190} INFO - [2026-03-22T00:06:41.202+0000] {dag.py:3239} INFO - Sync 2 DAGs
[2026-03-22T00:06:41.295+0000] {logging_mixin.py:190} INFO - [2026-03-22T00:06:41.294+0000] {dag.py:4180} INFO - Setting next_dagrun for example_external_task_marker_child to None, run_after=None
[2026-03-22T00:06:41.313+0000] {logging_mixin.py:190} INFO - [2026-03-22T00:06:41.311+0000] {dag.py:4180} INFO - Setting next_dagrun for example_external_task_marker_parent to None, run_after=None
[2026-03-22T00:06:41.391+0000] {processor.py:208} INFO - Processing /home/airflow/.local/lib/python3.12/site-packages/airflow/example_dags/example_external_task_marker_dag.py took 0.425 seconds
[2026-03-22T00:07:11.668+0000] {processor.py:186} INFO - Started process (PID=25310) to work on /home/airflow/.local/lib/python3.12/site-packages/airflow/example_dags/example_external_task_marker_dag.py
[2026-03-22T00:07:11.670+0000] {processor.py:914} INFO - Processing file /home/airflow/.local/lib/python3.12/site-packages/airflow/example_dags/example_external_task_marker_dag.py for tasks to queue
[2026-03-22T00:07:11.672+0000] {logging_mixin.py:190} INFO - [2026-03-22T00:07:11.672+0000] {dagbag.py:588} INFO - Filling up the DagBag from /home/airflow/.local/lib/python3.12/site-packages/airflow/example_dags/example_external_task_marker_dag.py
[2026-03-22T00:07:11.684+0000] {processor.py:925} INFO - DAG(s) 'example_external_task_marker_parent', 'example_external_task_marker_child' retrieved from /home/airflow/.local/lib/python3.12/site-packages/airflow/example_dags/example_external_task_marker_dag.py
[2026-03-22T00:07:11.715+0000] {logging_mixin.py:190} INFO - [2026-03-22T00:07:11.714+0000] {dag.py:3239} INFO - Sync 2 DAGs
[2026-03-22T00:07:11.734+0000] {logging_mixin.py:190} INFO - [2026-03-22T00:07:11.733+0000] {dag.py:4180} INFO - Setting next_dagrun for example_external_task_marker_child to None, run_after=None
[2026-03-22T00:07:11.740+0000] {logging_mixin.py:190} INFO - [2026-03-22T00:07:11.739+0000] {dag.py:4180} INFO - Setting next_dagrun for example_external_task_marker_parent to None, run_after=None
[2026-03-22T00:07:11.766+0000] {processor.py:208} INFO - Processing /home/airflow/.local/lib/python3.12/site-packages/airflow/example_dags/example_external_task_marker_dag.py took 0.105 seconds
[2026-03-22T00:07:43.511+0000] {processor.py:186} INFO - Started process (PID=25375) to work on /home/airflow/.local/lib/python3.12/site-packages/airflow/example_dags/example_external_task_marker_dag.py
[2026-03-22T00:07:43.514+0000] {processor.py:914} INFO - Processing file /home/airflow/.local/lib/python3.12/site-packages/airflow/example_dags/example_external_task_marker_dag.py for tasks to queue
[2026-03-22T00:07:43.519+0000] {logging_mixin.py:190} INFO - [2026-03-22T00:07:43.517+0000] {dagbag.py:588} INFO - Filling up the DagBag from /home/airflow/.local/lib/python3.12/site-packages/airflow/example_dags/example_external_task_marker_dag.py
[2026-03-22T00:07:43.552+0000] {processor.py:925} INFO - DAG(s) 'example_external_task_marker_child', 'example_external_task_marker_parent' retrieved from /home/airflow/.local/lib/python3.12/site-packages/airflow/example_dags/example_external_task_marker_dag.py
[2026-03-22T00:07:43.642+0000] {logging_mixin.py:190} INFO - [2026-03-22T00:07:43.640+0000] {dag.py:3239} INFO - Sync 2 DAGs
[2026-03-22T00:07:43.717+0000] {logging_mixin.py:190} INFO - [2026-03-22T00:07:43.716+0000] {dag.py:4180} INFO - Setting next_dagrun for example_external_task_marker_child to None, run_after=None
[2026-03-22T00:07:43.748+0000] {logging_mixin.py:190} INFO - [2026-03-22T00:07:43.746+0000] {dag.py:4180} INFO - Setting next_dagrun for example_external_task_marker_parent to None, run_after=None
[2026-03-22T00:07:43.859+0000] {processor.py:208} INFO - Processing /home/airflow/.local/lib/python3.12/site-packages/airflow/example_dags/example_external_task_marker_dag.py took 0.368 seconds
[2026-03-22T00:08:18.998+0000] {processor.py:186} INFO - Started process (PID=25440) to work on /home/airflow/.local/lib/python3.12/site-packages/airflow/example_dags/example_external_task_marker_dag.py
[2026-03-22T00:08:19.002+0000] {processor.py:914} INFO - Processing file /home/airflow/.local/lib/python3.12/site-packages/airflow/example_dags/example_external_task_marker_dag.py for tasks to queue
[2026-03-22T00:08:19.008+0000] {logging_mixin.py:190} INFO - [2026-03-22T00:08:19.006+0000] {dagbag.py:588} INFO - Filling up the DagBag from /home/airflow/.local/lib/python3.12/site-packages/airflow/example_dags/example_external_task_marker_dag.py
[2026-03-22T00:08:19.041+0000] {processor.py:925} INFO - DAG(s) 'example_external_task_marker_child', 'example_external_task_marker_parent' retrieved from /home/airflow/.local/lib/python3.12/site-packages/airflow/example_dags/example_external_task_marker_dag.py
[2026-03-22T00:08:19.141+0000] {logging_mixin.py:190} INFO - [2026-03-22T00:08:19.140+0000] {dag.py:3239} INFO - Sync 2 DAGs
[2026-03-22T00:08:19.213+0000] {logging_mixin.py:190} INFO - [2026-03-22T00:08:19.212+0000] {dag.py:4180} INFO - Setting next_dagrun for example_external_task_marker_child to None, run_after=None
[2026-03-22T00:08:19.230+0000] {logging_mixin.py:190} INFO - [2026-03-22T00:08:19.230+0000] {dag.py:4180} INFO - Setting next_dagrun for example_external_task_marker_parent to None, run_after=None
[2026-03-22T00:08:19.300+0000] {processor.py:208} INFO - Processing /home/airflow/.local/lib/python3.12/site-packages/airflow/example_dags/example_external_task_marker_dag.py took 0.332 seconds
[2026-03-22T00:08:50.134+0000] {processor.py:186} INFO - Started process (PID=25505) to work on /home/airflow/.local/lib/python3.12/site-packages/airflow/example_dags/example_external_task_marker_dag.py
[2026-03-22T00:08:50.141+0000] {processor.py:914} INFO - Processing file /home/airflow/.local/lib/python3.12/site-packages/airflow/example_dags/example_external_task_marker_dag.py for tasks to queue
[2026-03-22T00:08:50.149+0000] {logging_mixin.py:190} INFO - [2026-03-22T00:08:50.148+0000] {dagbag.py:588} INFO - Filling up the DagBag from /home/airflow/.local/lib/python3.12/site-packages/airflow/example_dags/example_external_task_marker_dag.py
[2026-03-22T00:08:50.191+0000] {processor.py:925} INFO - DAG(s) 'example_external_task_marker_child', 'example_external_task_marker_parent' retrieved from /home/airflow/.local/lib/python3.12/site-packages/airflow/example_dags/example_external_task_marker_dag.py
[2026-03-22T00:08:50.302+0000] {logging_mixin.py:190} INFO - [2026-03-22T00:08:50.301+0000] {dag.py:3239} INFO - Sync 2 DAGs
[2026-03-22T00:08:50.375+0000] {logging_mixin.py:190} INFO - [2026-03-22T00:08:50.374+0000] {dag.py:4180} INFO - Setting next_dagrun for example_external_task_marker_child to None, run_after=None
[2026-03-22T00:08:50.393+0000] {logging_mixin.py:190} INFO - [2026-03-22T00:08:50.392+0000] {dag.py:4180} INFO - Setting next_dagrun for example_external_task_marker_parent to None, run_after=None
[2026-03-22T00:08:50.464+0000] {processor.py:208} INFO - Processing /home/airflow/.local/lib/python3.12/site-packages/airflow/example_dags/example_external_task_marker_dag.py took 0.359 seconds
[2026-03-22T00:09:20.776+0000] {processor.py:186} INFO - Started process (PID=25570) to work on /home/airflow/.local/lib/python3.12/site-packages/airflow/example_dags/example_external_task_marker_dag.py
[2026-03-22T00:09:20.778+0000] {processor.py:914} INFO - Processing file /home/airflow/.local/lib/python3.12/site-packages/airflow/example_dags/example_external_task_marker_dag.py for tasks to queue
[2026-03-22T00:09:20.781+0000] {logging_mixin.py:190} INFO - [2026-03-22T00:09:20.780+0000] {dagbag.py:588} INFO - Filling up the DagBag from /home/airflow/.local/lib/python3.12/site-packages/airflow/example_dags/example_external_task_marker_dag.py
[2026-03-22T00:09:20.797+0000] {processor.py:925} INFO - DAG(s) 'example_external_task_marker_child', 'example_external_task_marker_parent' retrieved from /home/airflow/.local/lib/python3.12/site-packages/airflow/example_dags/example_external_task_marker_dag.py
[2026-03-22T00:09:20.851+0000] {logging_mixin.py:190} INFO - [2026-03-22T00:09:20.851+0000] {dag.py:3239} INFO - Sync 2 DAGs
[2026-03-22T00:09:20.887+0000] {logging_mixin.py:190} INFO - [2026-03-22T00:09:20.886+0000] {dag.py:4180} INFO - Setting next_dagrun for example_external_task_marker_child to None, run_after=None
[2026-03-22T00:09:20.895+0000] {logging_mixin.py:190} INFO - [2026-03-22T00:09:20.895+0000] {dag.py:4180} INFO - Setting next_dagrun for example_external_task_marker_parent to None, run_after=None
[2026-03-22T00:09:20.931+0000] {processor.py:208} INFO - Processing /home/airflow/.local/lib/python3.12/site-packages/airflow/example_dags/example_external_task_marker_dag.py took 0.166 seconds
[2026-03-22T00:09:52.853+0000] {processor.py:186} INFO - Started process (PID=25635) to work on /home/airflow/.local/lib/python3.12/site-packages/airflow/example_dags/example_external_task_marker_dag.py
[2026-03-22T00:09:52.856+0000] {processor.py:914} INFO - Processing file /home/airflow/.local/lib/python3.12/site-packages/airflow/example_dags/example_external_task_marker_dag.py for tasks to queue
[2026-03-22T00:09:52.859+0000] {logging_mixin.py:190} INFO - [2026-03-22T00:09:52.858+0000] {dagbag.py:588} INFO - Filling up the DagBag from /home/airflow/.local/lib/python3.12/site-packages/airflow/example_dags/example_external_task_marker_dag.py
[2026-03-22T00:09:52.887+0000] {processor.py:925} INFO - DAG(s) 'example_external_task_marker_parent', 'example_external_task_marker_child' retrieved from /home/airflow/.local/lib/python3.12/site-packages/airflow/example_dags/example_external_task_marker_dag.py
[2026-03-22T00:09:52.962+0000] {logging_mixin.py:190} INFO - [2026-03-22T00:09:52.962+0000] {dag.py:3239} INFO - Sync 2 DAGs
[2026-03-22T00:09:53.011+0000] {logging_mixin.py:190} INFO - [2026-03-22T00:09:53.010+0000] {dag.py:4180} INFO - Setting next_dagrun for example_external_task_marker_child to None, run_after=None
[2026-03-22T00:09:53.026+0000] {logging_mixin.py:190} INFO - [2026-03-22T00:09:53.025+0000] {dag.py:4180} INFO - Setting next_dagrun for example_external_task_marker_parent to None, run_after=None
[2026-03-22T00:09:53.083+0000] {processor.py:208} INFO - Processing /home/airflow/.local/lib/python3.12/site-packages/airflow/example_dags/example_external_task_marker_dag.py took 0.246 seconds
[2026-03-22T00:10:23.503+0000] {processor.py:186} INFO - Started process (PID=25700) to work on /home/airflow/.local/lib/python3.12/site-packages/airflow/example_dags/example_external_task_marker_dag.py
[2026-03-22T00:10:23.517+0000] {processor.py:914} INFO - Processing file /home/airflow/.local/lib/python3.12/site-packages/airflow/example_dags/example_external_task_marker_dag.py for tasks to queue
[2026-03-22T00:10:23.523+0000] {logging_mixin.py:190} INFO - [2026-03-22T00:10:23.521+0000] {dagbag.py:588} INFO - Filling up the DagBag from /home/airflow/.local/lib/python3.12/site-packages/airflow/example_dags/example_external_task_marker_dag.py
[2026-03-22T00:10:23.576+0000] {processor.py:925} INFO - DAG(s) 'example_external_task_marker_child', 'example_external_task_marker_parent' retrieved from /home/airflow/.local/lib/python3.12/site-packages/airflow/example_dags/example_external_task_marker_dag.py
[2026-03-22T00:10:23.683+0000] {logging_mixin.py:190} INFO - [2026-03-22T00:10:23.682+0000] {dag.py:3239} INFO - Sync 2 DAGs
[2026-03-22T00:10:23.741+0000] {logging_mixin.py:190} INFO - [2026-03-22T00:10:23.740+0000] {dag.py:4180} INFO - Setting next_dagrun for example_external_task_marker_child to None, run_after=None
[2026-03-22T00:10:23.757+0000] {logging_mixin.py:190} INFO - [2026-03-22T00:10:23.756+0000] {dag.py:4180} INFO - Setting next_dagrun for example_external_task_marker_parent to None, run_after=None
[2026-03-22T00:10:23.814+0000] {processor.py:208} INFO - Processing /home/airflow/.local/lib/python3.12/site-packages/airflow/example_dags/example_external_task_marker_dag.py took 0.337 seconds
[2026-03-22T00:10:53.959+0000] {processor.py:186} INFO - Started process (PID=25765) to work on /home/airflow/.local/lib/python3.12/site-packages/airflow/example_dags/example_external_task_marker_dag.py
[2026-03-22T00:10:53.961+0000] {processor.py:914} INFO - Processing file /home/airflow/.local/lib/python3.12/site-packages/airflow/example_dags/example_external_task_marker_dag.py for tasks to queue
[2026-03-22T00:10:53.962+0000] {logging_mixin.py:190} INFO - [2026-03-22T00:10:53.962+0000] {dagbag.py:588} INFO - Filling up the DagBag from /home/airflow/.local/lib/python3.12/site-packages/airflow/example_dags/example_external_task_marker_dag.py
[2026-03-22T00:10:53.971+0000] {processor.py:925} INFO - DAG(s) 'example_external_task_marker_parent', 'example_external_task_marker_child' retrieved from /home/airflow/.local/lib/python3.12/site-packages/airflow/example_dags/example_external_task_marker_dag.py
[2026-03-22T00:10:53.992+0000] {logging_mixin.py:190} INFO - [2026-03-22T00:10:53.991+0000] {dag.py:3239} INFO - Sync 2 DAGs
[2026-03-22T00:10:54.005+0000] {logging_mixin.py:190} INFO - [2026-03-22T00:10:54.005+0000] {dag.py:4180} INFO - Setting next_dagrun for example_external_task_marker_child to None, run_after=None
[2026-03-22T00:10:54.009+0000] {logging_mixin.py:190} INFO - [2026-03-22T00:10:54.008+0000] {dag.py:4180} INFO - Setting next_dagrun for example_external_task_marker_parent to None, run_after=None
[2026-03-22T00:10:54.024+0000] {processor.py:208} INFO - Processing /home/airflow/.local/lib/python3.12/site-packages/airflow/example_dags/example_external_task_marker_dag.py took 0.070 seconds
[2026-03-22T00:11:24.368+0000] {processor.py:186} INFO - Started process (PID=25830) to work on /home/airflow/.local/lib/python3.12/site-packages/airflow/example_dags/example_external_task_marker_dag.py
[2026-03-22T00:11:24.371+0000] {processor.py:914} INFO - Processing file /home/airflow/.local/lib/python3.12/site-packages/airflow/example_dags/example_external_task_marker_dag.py for tasks to queue
[2026-03-22T00:11:24.373+0000] {logging_mixin.py:190} INFO - [2026-03-22T00:11:24.373+0000] {dagbag.py:588} INFO - Filling up the DagBag from /home/airflow/.local/lib/python3.12/site-packages/airflow/example_dags/example_external_task_marker_dag.py
[2026-03-22T00:11:24.383+0000] {processor.py:925} INFO - DAG(s) 'example_external_task_marker_parent', 'example_external_task_marker_child' retrieved from /home/airflow/.local/lib/python3.12/site-packages/airflow/example_dags/example_external_task_marker_dag.py
[2026-03-22T00:11:24.413+0000] {logging_mixin.py:190} INFO - [2026-03-22T00:11:24.413+0000] {dag.py:3239} INFO - Sync 2 DAGs
[2026-03-22T00:11:24.431+0000] {logging_mixin.py:190} INFO - [2026-03-22T00:11:24.431+0000] {dag.py:4180} INFO - Setting next_dagrun for example_external_task_marker_child to None, run_after=None
[2026-03-22T00:11:24.436+0000] {logging_mixin.py:190} INFO - [2026-03-22T00:11:24.436+0000] {dag.py:4180} INFO - Setting next_dagrun for example_external_task_marker_parent to None, run_after=None
[2026-03-22T00:11:24.460+0000] {processor.py:208} INFO - Processing /home/airflow/.local/lib/python3.12/site-packages/airflow/example_dags/example_external_task_marker_dag.py took 0.099 seconds
[2026-03-22T00:11:54.681+0000] {processor.py:186} INFO - Started process (PID=25894) to work on /home/airflow/.local/lib/python3.12/site-packages/airflow/example_dags/example_external_task_marker_dag.py
[2026-03-22T00:11:54.684+0000] {processor.py:914} INFO - Processing file /home/airflow/.local/lib/python3.12/site-packages/airflow/example_dags/example_external_task_marker_dag.py for tasks to queue
[2026-03-22T00:11:54.687+0000] {logging_mixin.py:190} INFO - [2026-03-22T00:11:54.687+0000] {dagbag.py:588} INFO - Filling up the DagBag from /home/airflow/.local/lib/python3.12/site-packages/airflow/example_dags/example_external_task_marker_dag.py
[2026-03-22T00:11:54.699+0000] {processor.py:925} INFO - DAG(s) 'example_external_task_marker_child', 'example_external_task_marker_parent' retrieved from /home/airflow/.local/lib/python3.12/site-packages/airflow/example_dags/example_external_task_marker_dag.py
[2026-03-22T00:11:54.725+0000] {logging_mixin.py:190} INFO - [2026-03-22T00:11:54.725+0000] {dag.py:3239} INFO - Sync 2 DAGs
[2026-03-22T00:11:54.744+0000] {logging_mixin.py:190} INFO - [2026-03-22T00:11:54.744+0000] {dag.py:4180} INFO - Setting next_dagrun for example_external_task_marker_child to None, run_after=None
[2026-03-22T00:11:54.751+0000] {logging_mixin.py:190} INFO - [2026-03-22T00:11:54.751+0000] {dag.py:4180} INFO - Setting next_dagrun for example_external_task_marker_parent to None, run_after=None
[2026-03-22T00:11:54.776+0000] {processor.py:208} INFO - Processing /home/airflow/.local/lib/python3.12/site-packages/airflow/example_dags/example_external_task_marker_dag.py took 0.103 seconds
[2026-03-22T00:12:25.696+0000] {processor.py:186} INFO - Started process (PID=25959) to work on /home/airflow/.local/lib/python3.12/site-packages/airflow/example_dags/example_external_task_marker_dag.py
[2026-03-22T00:12:25.697+0000] {processor.py:914} INFO - Processing file /home/airflow/.local/lib/python3.12/site-packages/airflow/example_dags/example_external_task_marker_dag.py for tasks to queue
[2026-03-22T00:12:25.699+0000] {logging_mixin.py:190} INFO - [2026-03-22T00:12:25.699+0000] {dagbag.py:588} INFO - Filling up the DagBag from /home/airflow/.local/lib/python3.12/site-packages/airflow/example_dags/example_external_task_marker_dag.py
[2026-03-22T00:12:25.711+0000] {processor.py:925} INFO - DAG(s) 'example_external_task_marker_parent', 'example_external_task_marker_child' retrieved from /home/airflow/.local/lib/python3.12/site-packages/airflow/example_dags/example_external_task_marker_dag.py
[2026-03-22T00:12:25.742+0000] {logging_mixin.py:190} INFO - [2026-03-22T00:12:25.742+0000] {dag.py:3239} INFO - Sync 2 DAGs
[2026-03-22T00:12:25.766+0000] {logging_mixin.py:190} INFO - [2026-03-22T00:12:25.766+0000] {dag.py:4180} INFO - Setting next_dagrun for example_external_task_marker_child to None, run_after=None
[2026-03-22T00:12:25.773+0000] {logging_mixin.py:190} INFO - [2026-03-22T00:12:25.773+0000] {dag.py:4180} INFO - Setting next_dagrun for example_external_task_marker_parent to None, run_after=None
[2026-03-22T00:12:25.801+0000] {processor.py:208} INFO - Processing /home/airflow/.local/lib/python3.12/site-packages/airflow/example_dags/example_external_task_marker_dag.py took 0.113 seconds
[2026-03-22T00:12:56.258+0000] {processor.py:186} INFO - Started process (PID=26024) to work on /home/airflow/.local/lib/python3.12/site-packages/airflow/example_dags/example_external_task_marker_dag.py
[2026-03-22T00:12:56.259+0000] {processor.py:914} INFO - Processing file /home/airflow/.local/lib/python3.12/site-packages/airflow/example_dags/example_external_task_marker_dag.py for tasks to queue
[2026-03-22T00:12:56.262+0000] {logging_mixin.py:190} INFO - [2026-03-22T00:12:56.261+0000] {dagbag.py:588} INFO - Filling up the DagBag from /home/airflow/.local/lib/python3.12/site-packages/airflow/example_dags/example_external_task_marker_dag.py
[2026-03-22T00:12:56.276+0000] {processor.py:925} INFO - DAG(s) 'example_external_task_marker_child', 'example_external_task_marker_parent' retrieved from /home/airflow/.local/lib/python3.12/site-packages/airflow/example_dags/example_external_task_marker_dag.py
[2026-03-22T00:12:56.319+0000] {logging_mixin.py:190} INFO - [2026-03-22T00:12:56.318+0000] {dag.py:3239} INFO - Sync 2 DAGs
[2026-03-22T00:12:56.349+0000] {logging_mixin.py:190} INFO - [2026-03-22T00:12:56.349+0000] {dag.py:4180} INFO - Setting next_dagrun for example_external_task_marker_child to None, run_after=None
[2026-03-22T00:12:56.357+0000] {logging_mixin.py:190} INFO - [2026-03-22T00:12:56.356+0000] {dag.py:4180} INFO - Setting next_dagrun for example_external_task_marker_parent to None, run_after=None
[2026-03-22T00:12:56.389+0000] {processor.py:208} INFO - Processing /home/airflow/.local/lib/python3.12/site-packages/airflow/example_dags/example_external_task_marker_dag.py took 0.141 seconds
[2026-03-22T00:13:27.013+0000] {processor.py:186} INFO - Started process (PID=26088) to work on /home/airflow/.local/lib/python3.12/site-packages/airflow/example_dags/example_external_task_marker_dag.py
[2026-03-22T00:13:27.015+0000] {processor.py:914} INFO - Processing file /home/airflow/.local/lib/python3.12/site-packages/airflow/example_dags/example_external_task_marker_dag.py for tasks to queue
[2026-03-22T00:13:27.018+0000] {logging_mixin.py:190} INFO - [2026-03-22T00:13:27.017+0000] {dagbag.py:588} INFO - Filling up the DagBag from /home/airflow/.local/lib/python3.12/site-packages/airflow/example_dags/example_external_task_marker_dag.py
[2026-03-22T00:13:27.035+0000] {processor.py:925} INFO - DAG(s) 'example_external_task_marker_parent', 'example_external_task_marker_child' retrieved from /home/airflow/.local/lib/python3.12/site-packages/airflow/example_dags/example_external_task_marker_dag.py
[2026-03-22T00:13:27.079+0000] {logging_mixin.py:190} INFO - [2026-03-22T00:13:27.078+0000] {dag.py:3239} INFO - Sync 2 DAGs
[2026-03-22T00:13:27.109+0000] {logging_mixin.py:190} INFO - [2026-03-22T00:13:27.108+0000] {dag.py:4180} INFO - Setting next_dagrun for example_external_task_marker_child to None, run_after=None
[2026-03-22T00:13:27.118+0000] {logging_mixin.py:190} INFO - [2026-03-22T00:13:27.117+0000] {dag.py:4180} INFO - Setting next_dagrun for example_external_task_marker_parent to None, run_after=None
[2026-03-22T00:13:27.160+0000] {processor.py:208} INFO - Processing /home/airflow/.local/lib/python3.12/site-packages/airflow/example_dags/example_external_task_marker_dag.py took 0.158 seconds
[2026-03-22T00:13:57.270+0000] {processor.py:186} INFO - Started process (PID=26153) to work on /home/airflow/.local/lib/python3.12/site-packages/airflow/example_dags/example_external_task_marker_dag.py
[2026-03-22T00:13:57.272+0000] {processor.py:914} INFO - Processing file /home/airflow/.local/lib/python3.12/site-packages/airflow/example_dags/example_external_task_marker_dag.py for tasks to queue
[2026-03-22T00:13:57.274+0000] {logging_mixin.py:190} INFO - [2026-03-22T00:13:57.273+0000] {dagbag.py:588} INFO - Filling up the DagBag from /home/airflow/.local/lib/python3.12/site-packages/airflow/example_dags/example_external_task_marker_dag.py
[2026-03-22T00:13:57.285+0000] {processor.py:925} INFO - DAG(s) 'example_external_task_marker_child', 'example_external_task_marker_parent' retrieved from /home/airflow/.local/lib/python3.12/site-packages/airflow/example_dags/example_external_task_marker_dag.py
[2026-03-22T00:13:57.312+0000] {logging_mixin.py:190} INFO - [2026-03-22T00:13:57.312+0000] {dag.py:3239} INFO - Sync 2 DAGs
[2026-03-22T00:13:57.332+0000] {logging_mixin.py:190} INFO - [2026-03-22T00:13:57.332+0000] {dag.py:4180} INFO - Setting next_dagrun for example_external_task_marker_child to None, run_after=None
[2026-03-22T00:13:57.337+0000] {logging_mixin.py:190} INFO - [2026-03-22T00:13:57.336+0000] {dag.py:4180} INFO - Setting next_dagrun for example_external_task_marker_parent to None, run_after=None
[2026-03-22T00:13:57.360+0000] {processor.py:208} INFO - Processing /home/airflow/.local/lib/python3.12/site-packages/airflow/example_dags/example_external_task_marker_dag.py took 0.097 seconds
[2026-03-22T00:14:27.831+0000] {processor.py:186} INFO - Started process (PID=26218) to work on /home/airflow/.local/lib/python3.12/site-packages/airflow/example_dags/example_external_task_marker_dag.py
[2026-03-22T00:14:27.833+0000] {processor.py:914} INFO - Processing file /home/airflow/.local/lib/python3.12/site-packages/airflow/example_dags/example_external_task_marker_dag.py for tasks to queue
[2026-03-22T00:14:27.834+0000] {logging_mixin.py:190} INFO - [2026-03-22T00:14:27.834+0000] {dagbag.py:588} INFO - Filling up the DagBag from /home/airflow/.local/lib/python3.12/site-packages/airflow/example_dags/example_external_task_marker_dag.py
[2026-03-22T00:14:27.842+0000] {processor.py:925} INFO - DAG(s) 'example_external_task_marker_child', 'example_external_task_marker_parent' retrieved from /home/airflow/.local/lib/python3.12/site-packages/airflow/example_dags/example_external_task_marker_dag.py
[2026-03-22T00:14:27.863+0000] {logging_mixin.py:190} INFO - [2026-03-22T00:14:27.863+0000] {dag.py:3239} INFO - Sync 2 DAGs
[2026-03-22T00:14:27.875+0000] {logging_mixin.py:190} INFO - [2026-03-22T00:14:27.874+0000] {dag.py:4180} INFO - Setting next_dagrun for example_external_task_marker_child to None, run_after=None
[2026-03-22T00:14:27.878+0000] {logging_mixin.py:190} INFO - [2026-03-22T00:14:27.878+0000] {dag.py:4180} INFO - Setting next_dagrun for example_external_task_marker_parent to None, run_after=None
[2026-03-22T00:14:27.894+0000] {processor.py:208} INFO - Processing /home/airflow/.local/lib/python3.12/site-packages/airflow/example_dags/example_external_task_marker_dag.py took 0.068 seconds
[2026-03-22T00:14:58.585+0000] {processor.py:186} INFO - Started process (PID=26283) to work on /home/airflow/.local/lib/python3.12/site-packages/airflow/example_dags/example_external_task_marker_dag.py
[2026-03-22T00:14:58.587+0000] {processor.py:914} INFO - Processing file /home/airflow/.local/lib/python3.12/site-packages/airflow/example_dags/example_external_task_marker_dag.py for tasks to queue
[2026-03-22T00:14:58.588+0000] {logging_mixin.py:190} INFO - [2026-03-22T00:14:58.588+0000] {dagbag.py:588} INFO - Filling up the DagBag from /home/airflow/.local/lib/python3.12/site-packages/airflow/example_dags/example_external_task_marker_dag.py
[2026-03-22T00:14:58.595+0000] {processor.py:925} INFO - DAG(s) 'example_external_task_marker_parent', 'example_external_task_marker_child' retrieved from /home/airflow/.local/lib/python3.12/site-packages/airflow/example_dags/example_external_task_marker_dag.py
[2026-03-22T00:14:58.615+0000] {logging_mixin.py:190} INFO - [2026-03-22T00:14:58.615+0000] {dag.py:3239} INFO - Sync 2 DAGs
[2026-03-22T00:14:58.628+0000] {logging_mixin.py:190} INFO - [2026-03-22T00:14:58.628+0000] {dag.py:4180} INFO - Setting next_dagrun for example_external_task_marker_child to None, run_after=None
[2026-03-22T00:14:58.632+0000] {logging_mixin.py:190} INFO - [2026-03-22T00:14:58.632+0000] {dag.py:4180} INFO - Setting next_dagrun for example_external_task_marker_parent to None, run_after=None
[2026-03-22T00:14:58.649+0000] {processor.py:208} INFO - Processing /home/airflow/.local/lib/python3.12/site-packages/airflow/example_dags/example_external_task_marker_dag.py took 0.069 seconds
[2026-03-22T00:15:29.412+0000] {processor.py:186} INFO - Started process (PID=26347) to work on /home/airflow/.local/lib/python3.12/site-packages/airflow/example_dags/example_external_task_marker_dag.py
[2026-03-22T00:15:29.414+0000] {processor.py:914} INFO - Processing file /home/airflow/.local/lib/python3.12/site-packages/airflow/example_dags/example_external_task_marker_dag.py for tasks to queue
[2026-03-22T00:15:29.416+0000] {logging_mixin.py:190} INFO - [2026-03-22T00:15:29.415+0000] {dagbag.py:588} INFO - Filling up the DagBag from /home/airflow/.local/lib/python3.12/site-packages/airflow/example_dags/example_external_task_marker_dag.py
[2026-03-22T00:15:29.425+0000] {processor.py:925} INFO - DAG(s) 'example_external_task_marker_child', 'example_external_task_marker_parent' retrieved from /home/airflow/.local/lib/python3.12/site-packages/airflow/example_dags/example_external_task_marker_dag.py
[2026-03-22T00:15:29.452+0000] {logging_mixin.py:190} INFO - [2026-03-22T00:15:29.452+0000] {dag.py:3239} INFO - Sync 2 DAGs
[2026-03-22T00:15:29.469+0000] {logging_mixin.py:190} INFO - [2026-03-22T00:15:29.469+0000] {dag.py:4180} INFO - Setting next_dagrun for example_external_task_marker_child to None, run_after=None
[2026-03-22T00:15:29.473+0000] {logging_mixin.py:190} INFO - [2026-03-22T00:15:29.473+0000] {dag.py:4180} INFO - Setting next_dagrun for example_external_task_marker_parent to None, run_after=None
[2026-03-22T00:15:29.490+0000] {processor.py:208} INFO - Processing /home/airflow/.local/lib/python3.12/site-packages/airflow/example_dags/example_external_task_marker_dag.py took 0.085 seconds
[2026-03-22T02:12:55.177+0000] {processor.py:186} INFO - Started process (PID=26415) to work on /home/airflow/.local/lib/python3.12/site-packages/airflow/example_dags/example_external_task_marker_dag.py
[2026-03-22T02:12:55.178+0000] {processor.py:914} INFO - Processing file /home/airflow/.local/lib/python3.12/site-packages/airflow/example_dags/example_external_task_marker_dag.py for tasks to queue
[2026-03-22T02:12:55.179+0000] {logging_mixin.py:190} INFO - [2026-03-22T02:12:55.179+0000] {dagbag.py:588} INFO - Filling up the DagBag from /home/airflow/.local/lib/python3.12/site-packages/airflow/example_dags/example_external_task_marker_dag.py
[2026-03-22T02:12:55.189+0000] {processor.py:925} INFO - DAG(s) 'example_external_task_marker_child', 'example_external_task_marker_parent' retrieved from /home/airflow/.local/lib/python3.12/site-packages/airflow/example_dags/example_external_task_marker_dag.py
[2026-03-22T02:12:55.210+0000] {logging_mixin.py:190} INFO - [2026-03-22T02:12:55.210+0000] {dag.py:3239} INFO - Sync 2 DAGs
[2026-03-22T02:12:55.224+0000] {logging_mixin.py:190} INFO - [2026-03-22T02:12:55.223+0000] {dag.py:4180} INFO - Setting next_dagrun for example_external_task_marker_child to None, run_after=None
[2026-03-22T02:12:55.228+0000] {logging_mixin.py:190} INFO - [2026-03-22T02:12:55.227+0000] {dag.py:4180} INFO - Setting next_dagrun for example_external_task_marker_parent to None, run_after=None
[2026-03-22T02:12:55.242+0000] {processor.py:208} INFO - Processing /home/airflow/.local/lib/python3.12/site-packages/airflow/example_dags/example_external_task_marker_dag.py took 0.071 seconds
[2026-03-22T02:13:25.544+0000] {processor.py:186} INFO - Started process (PID=26479) to work on /home/airflow/.local/lib/python3.12/site-packages/airflow/example_dags/example_external_task_marker_dag.py
[2026-03-22T02:13:25.545+0000] {processor.py:914} INFO - Processing file /home/airflow/.local/lib/python3.12/site-packages/airflow/example_dags/example_external_task_marker_dag.py for tasks to queue
[2026-03-22T02:13:25.547+0000] {logging_mixin.py:190} INFO - [2026-03-22T02:13:25.547+0000] {dagbag.py:588} INFO - Filling up the DagBag from /home/airflow/.local/lib/python3.12/site-packages/airflow/example_dags/example_external_task_marker_dag.py
[2026-03-22T02:13:25.558+0000] {processor.py:925} INFO - DAG(s) 'example_external_task_marker_child', 'example_external_task_marker_parent' retrieved from /home/airflow/.local/lib/python3.12/site-packages/airflow/example_dags/example_external_task_marker_dag.py
[2026-03-22T02:13:25.581+0000] {logging_mixin.py:190} INFO - [2026-03-22T02:13:25.581+0000] {dag.py:3239} INFO - Sync 2 DAGs
[2026-03-22T02:13:25.593+0000] {logging_mixin.py:190} INFO - [2026-03-22T02:13:25.593+0000] {dag.py:4180} INFO - Setting next_dagrun for example_external_task_marker_child to None, run_after=None
[2026-03-22T02:13:25.597+0000] {logging_mixin.py:190} INFO - [2026-03-22T02:13:25.597+0000] {dag.py:4180} INFO - Setting next_dagrun for example_external_task_marker_parent to None, run_after=None
[2026-03-22T02:13:25.613+0000] {processor.py:208} INFO - Processing /home/airflow/.local/lib/python3.12/site-packages/airflow/example_dags/example_external_task_marker_dag.py took 0.077 seconds
[2026-03-22T02:13:56.785+0000] {processor.py:186} INFO - Started process (PID=26545) to work on /home/airflow/.local/lib/python3.12/site-packages/airflow/example_dags/example_external_task_marker_dag.py
[2026-03-22T02:13:56.787+0000] {processor.py:914} INFO - Processing file /home/airflow/.local/lib/python3.12/site-packages/airflow/example_dags/example_external_task_marker_dag.py for tasks to queue
[2026-03-22T02:13:56.788+0000] {logging_mixin.py:190} INFO - [2026-03-22T02:13:56.788+0000] {dagbag.py:588} INFO - Filling up the DagBag from /home/airflow/.local/lib/python3.12/site-packages/airflow/example_dags/example_external_task_marker_dag.py
[2026-03-22T02:13:56.797+0000] {processor.py:925} INFO - DAG(s) 'example_external_task_marker_child', 'example_external_task_marker_parent' retrieved from /home/airflow/.local/lib/python3.12/site-packages/airflow/example_dags/example_external_task_marker_dag.py
[2026-03-22T02:13:56.818+0000] {logging_mixin.py:190} INFO - [2026-03-22T02:13:56.818+0000] {dag.py:3239} INFO - Sync 2 DAGs
[2026-03-22T02:13:56.833+0000] {logging_mixin.py:190} INFO - [2026-03-22T02:13:56.833+0000] {dag.py:4180} INFO - Setting next_dagrun for example_external_task_marker_child to None, run_after=None
[2026-03-22T02:13:56.837+0000] {logging_mixin.py:190} INFO - [2026-03-22T02:13:56.837+0000] {dag.py:4180} INFO - Setting next_dagrun for example_external_task_marker_parent to None, run_after=None
[2026-03-22T02:13:56.851+0000] {processor.py:208} INFO - Processing /home/airflow/.local/lib/python3.12/site-packages/airflow/example_dags/example_external_task_marker_dag.py took 0.071 seconds
[2026-03-22T02:14:27.414+0000] {processor.py:186} INFO - Started process (PID=26609) to work on /home/airflow/.local/lib/python3.12/site-packages/airflow/example_dags/example_external_task_marker_dag.py
[2026-03-22T02:14:27.416+0000] {processor.py:914} INFO - Processing file /home/airflow/.local/lib/python3.12/site-packages/airflow/example_dags/example_external_task_marker_dag.py for tasks to queue
[2026-03-22T02:14:27.417+0000] {logging_mixin.py:190} INFO - [2026-03-22T02:14:27.417+0000] {dagbag.py:588} INFO - Filling up the DagBag from /home/airflow/.local/lib/python3.12/site-packages/airflow/example_dags/example_external_task_marker_dag.py
[2026-03-22T02:14:27.428+0000] {processor.py:925} INFO - DAG(s) 'example_external_task_marker_parent', 'example_external_task_marker_child' retrieved from /home/airflow/.local/lib/python3.12/site-packages/airflow/example_dags/example_external_task_marker_dag.py
[2026-03-22T02:14:27.450+0000] {logging_mixin.py:190} INFO - [2026-03-22T02:14:27.450+0000] {dag.py:3239} INFO - Sync 2 DAGs
[2026-03-22T02:14:27.464+0000] {logging_mixin.py:190} INFO - [2026-03-22T02:14:27.464+0000] {dag.py:4180} INFO - Setting next_dagrun for example_external_task_marker_child to None, run_after=None
[2026-03-22T02:14:27.468+0000] {logging_mixin.py:190} INFO - [2026-03-22T02:14:27.468+0000] {dag.py:4180} INFO - Setting next_dagrun for example_external_task_marker_parent to None, run_after=None
[2026-03-22T02:14:27.482+0000] {processor.py:208} INFO - Processing /home/airflow/.local/lib/python3.12/site-packages/airflow/example_dags/example_external_task_marker_dag.py took 0.074 seconds
[2026-03-22T02:14:58.771+0000] {processor.py:186} INFO - Started process (PID=26674) to work on /home/airflow/.local/lib/python3.12/site-packages/airflow/example_dags/example_external_task_marker_dag.py
[2026-03-22T02:14:58.772+0000] {processor.py:914} INFO - Processing file /home/airflow/.local/lib/python3.12/site-packages/airflow/example_dags/example_external_task_marker_dag.py for tasks to queue
[2026-03-22T02:14:58.774+0000] {logging_mixin.py:190} INFO - [2026-03-22T02:14:58.773+0000] {dagbag.py:588} INFO - Filling up the DagBag from /home/airflow/.local/lib/python3.12/site-packages/airflow/example_dags/example_external_task_marker_dag.py
[2026-03-22T02:14:58.784+0000] {processor.py:925} INFO - DAG(s) 'example_external_task_marker_child', 'example_external_task_marker_parent' retrieved from /home/airflow/.local/lib/python3.12/site-packages/airflow/example_dags/example_external_task_marker_dag.py
[2026-03-22T02:14:58.807+0000] {logging_mixin.py:190} INFO - [2026-03-22T02:14:58.807+0000] {dag.py:3239} INFO - Sync 2 DAGs
[2026-03-22T02:14:58.821+0000] {logging_mixin.py:190} INFO - [2026-03-22T02:14:58.821+0000] {dag.py:4180} INFO - Setting next_dagrun for example_external_task_marker_child to None, run_after=None
[2026-03-22T02:14:58.825+0000] {logging_mixin.py:190} INFO - [2026-03-22T02:14:58.825+0000] {dag.py:4180} INFO - Setting next_dagrun for example_external_task_marker_parent to None, run_after=None
[2026-03-22T02:14:58.840+0000] {processor.py:208} INFO - Processing /home/airflow/.local/lib/python3.12/site-packages/airflow/example_dags/example_external_task_marker_dag.py took 0.075 seconds
[2026-03-22T02:15:30.278+0000] {processor.py:186} INFO - Started process (PID=26739) to work on /home/airflow/.local/lib/python3.12/site-packages/airflow/example_dags/example_external_task_marker_dag.py
[2026-03-22T02:15:30.280+0000] {processor.py:914} INFO - Processing file /home/airflow/.local/lib/python3.12/site-packages/airflow/example_dags/example_external_task_marker_dag.py for tasks to queue
[2026-03-22T02:15:30.282+0000] {logging_mixin.py:190} INFO - [2026-03-22T02:15:30.281+0000] {dagbag.py:588} INFO - Filling up the DagBag from /home/airflow/.local/lib/python3.12/site-packages/airflow/example_dags/example_external_task_marker_dag.py
[2026-03-22T02:15:30.291+0000] {processor.py:925} INFO - DAG(s) 'example_external_task_marker_parent', 'example_external_task_marker_child' retrieved from /home/airflow/.local/lib/python3.12/site-packages/airflow/example_dags/example_external_task_marker_dag.py
[2026-03-22T02:15:30.320+0000] {logging_mixin.py:190} INFO - [2026-03-22T02:15:30.319+0000] {dag.py:3239} INFO - Sync 2 DAGs
[2026-03-22T02:15:30.344+0000] {logging_mixin.py:190} INFO - [2026-03-22T02:15:30.344+0000] {dag.py:4180} INFO - Setting next_dagrun for example_external_task_marker_child to None, run_after=None
[2026-03-22T02:15:30.350+0000] {logging_mixin.py:190} INFO - [2026-03-22T02:15:30.350+0000] {dag.py:4180} INFO - Setting next_dagrun for example_external_task_marker_parent to None, run_after=None
[2026-03-22T02:15:30.373+0000] {processor.py:208} INFO - Processing /home/airflow/.local/lib/python3.12/site-packages/airflow/example_dags/example_external_task_marker_dag.py took 0.101 seconds
[2026-03-22T02:16:01.418+0000] {processor.py:186} INFO - Started process (PID=26804) to work on /home/airflow/.local/lib/python3.12/site-packages/airflow/example_dags/example_external_task_marker_dag.py
[2026-03-22T02:16:01.420+0000] {processor.py:914} INFO - Processing file /home/airflow/.local/lib/python3.12/site-packages/airflow/example_dags/example_external_task_marker_dag.py for tasks to queue
[2026-03-22T02:16:01.421+0000] {logging_mixin.py:190} INFO - [2026-03-22T02:16:01.421+0000] {dagbag.py:588} INFO - Filling up the DagBag from /home/airflow/.local/lib/python3.12/site-packages/airflow/example_dags/example_external_task_marker_dag.py
[2026-03-22T02:16:01.430+0000] {processor.py:925} INFO - DAG(s) 'example_external_task_marker_parent', 'example_external_task_marker_child' retrieved from /home/airflow/.local/lib/python3.12/site-packages/airflow/example_dags/example_external_task_marker_dag.py
[2026-03-22T02:16:01.451+0000] {logging_mixin.py:190} INFO - [2026-03-22T02:16:01.451+0000] {dag.py:3239} INFO - Sync 2 DAGs
[2026-03-22T02:16:01.466+0000] {logging_mixin.py:190} INFO - [2026-03-22T02:16:01.466+0000] {dag.py:4180} INFO - Setting next_dagrun for example_external_task_marker_child to None, run_after=None
[2026-03-22T02:16:01.470+0000] {logging_mixin.py:190} INFO - [2026-03-22T02:16:01.470+0000] {dag.py:4180} INFO - Setting next_dagrun for example_external_task_marker_parent to None, run_after=None
[2026-03-22T02:16:01.487+0000] {processor.py:208} INFO - Processing /home/airflow/.local/lib/python3.12/site-packages/airflow/example_dags/example_external_task_marker_dag.py took 0.074 seconds
[2026-03-22T02:16:32.272+0000] {processor.py:186} INFO - Started process (PID=26869) to work on /home/airflow/.local/lib/python3.12/site-packages/airflow/example_dags/example_external_task_marker_dag.py
[2026-03-22T02:16:32.273+0000] {processor.py:914} INFO - Processing file /home/airflow/.local/lib/python3.12/site-packages/airflow/example_dags/example_external_task_marker_dag.py for tasks to queue
[2026-03-22T02:16:32.275+0000] {logging_mixin.py:190} INFO - [2026-03-22T02:16:32.274+0000] {dagbag.py:588} INFO - Filling up the DagBag from /home/airflow/.local/lib/python3.12/site-packages/airflow/example_dags/example_external_task_marker_dag.py
[2026-03-22T02:16:32.286+0000] {processor.py:925} INFO - DAG(s) 'example_external_task_marker_parent', 'example_external_task_marker_child' retrieved from /home/airflow/.local/lib/python3.12/site-packages/airflow/example_dags/example_external_task_marker_dag.py
[2026-03-22T02:16:32.311+0000] {logging_mixin.py:190} INFO - [2026-03-22T02:16:32.311+0000] {dag.py:3239} INFO - Sync 2 DAGs
[2026-03-22T02:16:32.327+0000] {logging_mixin.py:190} INFO - [2026-03-22T02:16:32.327+0000] {dag.py:4180} INFO - Setting next_dagrun for example_external_task_marker_child to None, run_after=None
[2026-03-22T02:16:32.331+0000] {logging_mixin.py:190} INFO - [2026-03-22T02:16:32.331+0000] {dag.py:4180} INFO - Setting next_dagrun for example_external_task_marker_parent to None, run_after=None
[2026-03-22T02:16:32.348+0000] {processor.py:208} INFO - Processing /home/airflow/.local/lib/python3.12/site-packages/airflow/example_dags/example_external_task_marker_dag.py took 0.083 seconds
