[2026-03-22T00:00:45.030+0000] {processor.py:186} INFO - Started process (PID=24860) to work on /home/airflow/.local/lib/python3.12/site-packages/airflow/example_dags/example_setup_teardown_taskflow.py
[2026-03-22T00:00:45.034+0000] {processor.py:914} INFO - Processing file /home/airflow/.local/lib/python3.12/site-packages/airflow/example_dags/example_setup_teardown_taskflow.py for tasks to queue
[2026-03-22T00:00:45.040+0000] {logging_mixin.py:190} INFO - [2026-03-22T00:00:45.038+0000] {dagbag.py:588} INFO - Filling up the DagBag from /home/airflow/.local/lib/python3.12/site-packages/airflow/example_dags/example_setup_teardown_taskflow.py
[2026-03-22T00:00:45.092+0000] {processor.py:925} INFO - DAG(s) 'example_setup_teardown_taskflow' retrieved from /home/airflow/.local/lib/python3.12/site-packages/airflow/example_dags/example_setup_teardown_taskflow.py
[2026-03-22T00:00:45.162+0000] {logging_mixin.py:190} INFO - [2026-03-22T00:00:45.161+0000] {dag.py:3239} INFO - Sync 1 DAGs
[2026-03-22T00:00:45.219+0000] {logging_mixin.py:190} INFO - [2026-03-22T00:00:45.218+0000] {dag.py:4180} INFO - Setting next_dagrun for example_setup_teardown_taskflow to None, run_after=None
[2026-03-22T00:00:45.290+0000] {processor.py:208} INFO - Processing /home/airflow/.local/lib/python3.12/site-packages/airflow/example_dags/example_setup_teardown_taskflow.py took 0.287 seconds
[2026-03-22T00:04:27.810+0000] {processor.py:186} INFO - Started process (PID=24989) to work on /home/airflow/.local/lib/python3.12/site-packages/airflow/example_dags/example_setup_teardown_taskflow.py
[2026-03-22T00:04:27.818+0000] {processor.py:914} INFO - Processing file /home/airflow/.local/lib/python3.12/site-packages/airflow/example_dags/example_setup_teardown_taskflow.py for tasks to queue
[2026-03-22T00:04:27.840+0000] {logging_mixin.py:190} INFO - [2026-03-22T00:04:27.827+0000] {dagbag.py:588} INFO - Filling up the DagBag from /home/airflow/.local/lib/python3.12/site-packages/airflow/example_dags/example_setup_teardown_taskflow.py
[2026-03-22T00:04:28.014+0000] {processor.py:925} INFO - DAG(s) 'example_setup_teardown_taskflow' retrieved from /home/airflow/.local/lib/python3.12/site-packages/airflow/example_dags/example_setup_teardown_taskflow.py
[2026-03-22T00:04:28.345+0000] {logging_mixin.py:190} INFO - [2026-03-22T00:04:28.339+0000] {dag.py:3239} INFO - Sync 1 DAGs
[2026-03-22T00:04:28.604+0000] {logging_mixin.py:190} INFO - [2026-03-22T00:04:28.591+0000] {dag.py:4180} INFO - Setting next_dagrun for example_setup_teardown_taskflow to None, run_after=None
[2026-03-22T00:04:29.089+0000] {processor.py:208} INFO - Processing /home/airflow/.local/lib/python3.12/site-packages/airflow/example_dags/example_setup_teardown_taskflow.py took 1.362 seconds
[2026-03-22T00:05:10.681+0000] {processor.py:186} INFO - Started process (PID=25060) to work on /home/airflow/.local/lib/python3.12/site-packages/airflow/example_dags/example_setup_teardown_taskflow.py
[2026-03-22T00:05:10.684+0000] {processor.py:914} INFO - Processing file /home/airflow/.local/lib/python3.12/site-packages/airflow/example_dags/example_setup_teardown_taskflow.py for tasks to queue
[2026-03-22T00:05:10.691+0000] {logging_mixin.py:190} INFO - [2026-03-22T00:05:10.689+0000] {dagbag.py:588} INFO - Filling up the DagBag from /home/airflow/.local/lib/python3.12/site-packages/airflow/example_dags/example_setup_teardown_taskflow.py
[2026-03-22T00:05:10.746+0000] {processor.py:925} INFO - DAG(s) 'example_setup_teardown_taskflow' retrieved from /home/airflow/.local/lib/python3.12/site-packages/airflow/example_dags/example_setup_teardown_taskflow.py
[2026-03-22T00:05:10.851+0000] {logging_mixin.py:190} INFO - [2026-03-22T00:05:10.849+0000] {dag.py:3239} INFO - Sync 1 DAGs
[2026-03-22T00:05:10.926+0000] {logging_mixin.py:190} INFO - [2026-03-22T00:05:10.925+0000] {dag.py:4180} INFO - Setting next_dagrun for example_setup_teardown_taskflow to None, run_after=None
[2026-03-22T00:05:11.017+0000] {processor.py:208} INFO - Processing /home/airflow/.local/lib/python3.12/site-packages/airflow/example_dags/example_setup_teardown_taskflow.py took 0.365 seconds
[2026-03-22T00:05:41.203+0000] {processor.py:186} INFO - Started process (PID=25125) to work on /home/airflow/.local/lib/python3.12/site-packages/airflow/example_dags/example_setup_teardown_taskflow.py
[2026-03-22T00:05:41.204+0000] {processor.py:914} INFO - Processing file /home/airflow/.local/lib/python3.12/site-packages/airflow/example_dags/example_setup_teardown_taskflow.py for tasks to queue
[2026-03-22T00:05:41.207+0000] {logging_mixin.py:190} INFO - [2026-03-22T00:05:41.206+0000] {dagbag.py:588} INFO - Filling up the DagBag from /home/airflow/.local/lib/python3.12/site-packages/airflow/example_dags/example_setup_teardown_taskflow.py
[2026-03-22T00:05:41.228+0000] {processor.py:925} INFO - DAG(s) 'example_setup_teardown_taskflow' retrieved from /home/airflow/.local/lib/python3.12/site-packages/airflow/example_dags/example_setup_teardown_taskflow.py
[2026-03-22T00:05:41.270+0000] {logging_mixin.py:190} INFO - [2026-03-22T00:05:41.270+0000] {dag.py:3239} INFO - Sync 1 DAGs
[2026-03-22T00:05:41.300+0000] {logging_mixin.py:190} INFO - [2026-03-22T00:05:41.299+0000] {dag.py:4180} INFO - Setting next_dagrun for example_setup_teardown_taskflow to None, run_after=None
[2026-03-22T00:05:41.338+0000] {processor.py:208} INFO - Processing /home/airflow/.local/lib/python3.12/site-packages/airflow/example_dags/example_setup_teardown_taskflow.py took 0.146 seconds
[2026-03-22T00:06:12.248+0000] {processor.py:186} INFO - Started process (PID=25190) to work on /home/airflow/.local/lib/python3.12/site-packages/airflow/example_dags/example_setup_teardown_taskflow.py
[2026-03-22T00:06:12.250+0000] {processor.py:914} INFO - Processing file /home/airflow/.local/lib/python3.12/site-packages/airflow/example_dags/example_setup_teardown_taskflow.py for tasks to queue
[2026-03-22T00:06:12.253+0000] {logging_mixin.py:190} INFO - [2026-03-22T00:06:12.253+0000] {dagbag.py:588} INFO - Filling up the DagBag from /home/airflow/.local/lib/python3.12/site-packages/airflow/example_dags/example_setup_teardown_taskflow.py
[2026-03-22T00:06:12.276+0000] {processor.py:925} INFO - DAG(s) 'example_setup_teardown_taskflow' retrieved from /home/airflow/.local/lib/python3.12/site-packages/airflow/example_dags/example_setup_teardown_taskflow.py
[2026-03-22T00:06:12.323+0000] {logging_mixin.py:190} INFO - [2026-03-22T00:06:12.322+0000] {dag.py:3239} INFO - Sync 1 DAGs
[2026-03-22T00:06:12.353+0000] {logging_mixin.py:190} INFO - [2026-03-22T00:06:12.352+0000] {dag.py:4180} INFO - Setting next_dagrun for example_setup_teardown_taskflow to None, run_after=None
[2026-03-22T00:06:12.393+0000] {processor.py:208} INFO - Processing /home/airflow/.local/lib/python3.12/site-packages/airflow/example_dags/example_setup_teardown_taskflow.py took 0.156 seconds
[2026-03-22T00:06:46.668+0000] {processor.py:186} INFO - Started process (PID=25255) to work on /home/airflow/.local/lib/python3.12/site-packages/airflow/example_dags/example_setup_teardown_taskflow.py
[2026-03-22T00:06:46.672+0000] {processor.py:914} INFO - Processing file /home/airflow/.local/lib/python3.12/site-packages/airflow/example_dags/example_setup_teardown_taskflow.py for tasks to queue
[2026-03-22T00:06:46.680+0000] {logging_mixin.py:190} INFO - [2026-03-22T00:06:46.678+0000] {dagbag.py:588} INFO - Filling up the DagBag from /home/airflow/.local/lib/python3.12/site-packages/airflow/example_dags/example_setup_teardown_taskflow.py
[2026-03-22T00:06:46.740+0000] {processor.py:925} INFO - DAG(s) 'example_setup_teardown_taskflow' retrieved from /home/airflow/.local/lib/python3.12/site-packages/airflow/example_dags/example_setup_teardown_taskflow.py
[2026-03-22T00:06:46.851+0000] {logging_mixin.py:190} INFO - [2026-03-22T00:06:46.850+0000] {dag.py:3239} INFO - Sync 1 DAGs
[2026-03-22T00:06:46.931+0000] {logging_mixin.py:190} INFO - [2026-03-22T00:06:46.930+0000] {dag.py:4180} INFO - Setting next_dagrun for example_setup_teardown_taskflow to None, run_after=None
[2026-03-22T00:06:47.031+0000] {processor.py:208} INFO - Processing /home/airflow/.local/lib/python3.12/site-packages/airflow/example_dags/example_setup_teardown_taskflow.py took 0.392 seconds
[2026-03-22T00:07:17.384+0000] {processor.py:186} INFO - Started process (PID=25319) to work on /home/airflow/.local/lib/python3.12/site-packages/airflow/example_dags/example_setup_teardown_taskflow.py
[2026-03-22T00:07:17.388+0000] {processor.py:914} INFO - Processing file /home/airflow/.local/lib/python3.12/site-packages/airflow/example_dags/example_setup_teardown_taskflow.py for tasks to queue
[2026-03-22T00:07:17.395+0000] {logging_mixin.py:190} INFO - [2026-03-22T00:07:17.393+0000] {dagbag.py:588} INFO - Filling up the DagBag from /home/airflow/.local/lib/python3.12/site-packages/airflow/example_dags/example_setup_teardown_taskflow.py
[2026-03-22T00:07:17.442+0000] {processor.py:925} INFO - DAG(s) 'example_setup_teardown_taskflow' retrieved from /home/airflow/.local/lib/python3.12/site-packages/airflow/example_dags/example_setup_teardown_taskflow.py
[2026-03-22T00:07:17.533+0000] {logging_mixin.py:190} INFO - [2026-03-22T00:07:17.532+0000] {dag.py:3239} INFO - Sync 1 DAGs
[2026-03-22T00:07:17.577+0000] {logging_mixin.py:190} INFO - [2026-03-22T00:07:17.576+0000] {dag.py:4180} INFO - Setting next_dagrun for example_setup_teardown_taskflow to None, run_after=None
[2026-03-22T00:07:17.658+0000] {processor.py:208} INFO - Processing /home/airflow/.local/lib/python3.12/site-packages/airflow/example_dags/example_setup_teardown_taskflow.py took 0.297 seconds
[2026-03-22T00:07:49.092+0000] {processor.py:186} INFO - Started process (PID=25384) to work on /home/airflow/.local/lib/python3.12/site-packages/airflow/example_dags/example_setup_teardown_taskflow.py
[2026-03-22T00:07:49.096+0000] {processor.py:914} INFO - Processing file /home/airflow/.local/lib/python3.12/site-packages/airflow/example_dags/example_setup_teardown_taskflow.py for tasks to queue
[2026-03-22T00:07:49.101+0000] {logging_mixin.py:190} INFO - [2026-03-22T00:07:49.100+0000] {dagbag.py:588} INFO - Filling up the DagBag from /home/airflow/.local/lib/python3.12/site-packages/airflow/example_dags/example_setup_teardown_taskflow.py
[2026-03-22T00:07:49.146+0000] {processor.py:925} INFO - DAG(s) 'example_setup_teardown_taskflow' retrieved from /home/airflow/.local/lib/python3.12/site-packages/airflow/example_dags/example_setup_teardown_taskflow.py
[2026-03-22T00:07:49.222+0000] {logging_mixin.py:190} INFO - [2026-03-22T00:07:49.222+0000] {dag.py:3239} INFO - Sync 1 DAGs
[2026-03-22T00:07:49.274+0000] {logging_mixin.py:190} INFO - [2026-03-22T00:07:49.273+0000] {dag.py:4180} INFO - Setting next_dagrun for example_setup_teardown_taskflow to None, run_after=None
[2026-03-22T00:07:49.343+0000] {processor.py:208} INFO - Processing /home/airflow/.local/lib/python3.12/site-packages/airflow/example_dags/example_setup_teardown_taskflow.py took 0.274 seconds
[2026-03-22T00:08:23.688+0000] {processor.py:186} INFO - Started process (PID=25449) to work on /home/airflow/.local/lib/python3.12/site-packages/airflow/example_dags/example_setup_teardown_taskflow.py
[2026-03-22T00:08:23.692+0000] {processor.py:914} INFO - Processing file /home/airflow/.local/lib/python3.12/site-packages/airflow/example_dags/example_setup_teardown_taskflow.py for tasks to queue
[2026-03-22T00:08:23.698+0000] {logging_mixin.py:190} INFO - [2026-03-22T00:08:23.696+0000] {dagbag.py:588} INFO - Filling up the DagBag from /home/airflow/.local/lib/python3.12/site-packages/airflow/example_dags/example_setup_teardown_taskflow.py
[2026-03-22T00:08:23.747+0000] {processor.py:925} INFO - DAG(s) 'example_setup_teardown_taskflow' retrieved from /home/airflow/.local/lib/python3.12/site-packages/airflow/example_dags/example_setup_teardown_taskflow.py
[2026-03-22T00:08:23.845+0000] {logging_mixin.py:190} INFO - [2026-03-22T00:08:23.844+0000] {dag.py:3239} INFO - Sync 1 DAGs
[2026-03-22T00:08:23.924+0000] {logging_mixin.py:190} INFO - [2026-03-22T00:08:23.923+0000] {dag.py:4180} INFO - Setting next_dagrun for example_setup_teardown_taskflow to None, run_after=None
[2026-03-22T00:08:24.056+0000] {processor.py:208} INFO - Processing /home/airflow/.local/lib/python3.12/site-packages/airflow/example_dags/example_setup_teardown_taskflow.py took 0.393 seconds
[2026-03-22T00:08:54.782+0000] {processor.py:186} INFO - Started process (PID=25514) to work on /home/airflow/.local/lib/python3.12/site-packages/airflow/example_dags/example_setup_teardown_taskflow.py
[2026-03-22T00:08:54.784+0000] {processor.py:914} INFO - Processing file /home/airflow/.local/lib/python3.12/site-packages/airflow/example_dags/example_setup_teardown_taskflow.py for tasks to queue
[2026-03-22T00:08:54.787+0000] {logging_mixin.py:190} INFO - [2026-03-22T00:08:54.787+0000] {dagbag.py:588} INFO - Filling up the DagBag from /home/airflow/.local/lib/python3.12/site-packages/airflow/example_dags/example_setup_teardown_taskflow.py
[2026-03-22T00:08:54.808+0000] {processor.py:925} INFO - DAG(s) 'example_setup_teardown_taskflow' retrieved from /home/airflow/.local/lib/python3.12/site-packages/airflow/example_dags/example_setup_teardown_taskflow.py
[2026-03-22T00:08:54.851+0000] {logging_mixin.py:190} INFO - [2026-03-22T00:08:54.850+0000] {dag.py:3239} INFO - Sync 1 DAGs
[2026-03-22T00:08:54.878+0000] {logging_mixin.py:190} INFO - [2026-03-22T00:08:54.878+0000] {dag.py:4180} INFO - Setting next_dagrun for example_setup_teardown_taskflow to None, run_after=None
[2026-03-22T00:08:54.929+0000] {processor.py:208} INFO - Processing /home/airflow/.local/lib/python3.12/site-packages/airflow/example_dags/example_setup_teardown_taskflow.py took 0.159 seconds
[2026-03-22T00:09:25.102+0000] {processor.py:186} INFO - Started process (PID=25578) to work on /home/airflow/.local/lib/python3.12/site-packages/airflow/example_dags/example_setup_teardown_taskflow.py
[2026-03-22T00:09:25.104+0000] {processor.py:914} INFO - Processing file /home/airflow/.local/lib/python3.12/site-packages/airflow/example_dags/example_setup_teardown_taskflow.py for tasks to queue
[2026-03-22T00:09:25.107+0000] {logging_mixin.py:190} INFO - [2026-03-22T00:09:25.106+0000] {dagbag.py:588} INFO - Filling up the DagBag from /home/airflow/.local/lib/python3.12/site-packages/airflow/example_dags/example_setup_teardown_taskflow.py
[2026-03-22T00:09:25.127+0000] {processor.py:925} INFO - DAG(s) 'example_setup_teardown_taskflow' retrieved from /home/airflow/.local/lib/python3.12/site-packages/airflow/example_dags/example_setup_teardown_taskflow.py
[2026-03-22T00:09:25.171+0000] {logging_mixin.py:190} INFO - [2026-03-22T00:09:25.171+0000] {dag.py:3239} INFO - Sync 1 DAGs
[2026-03-22T00:09:25.198+0000] {logging_mixin.py:190} INFO - [2026-03-22T00:09:25.198+0000] {dag.py:4180} INFO - Setting next_dagrun for example_setup_teardown_taskflow to None, run_after=None
[2026-03-22T00:09:25.235+0000] {processor.py:208} INFO - Processing /home/airflow/.local/lib/python3.12/site-packages/airflow/example_dags/example_setup_teardown_taskflow.py took 0.143 seconds
[2026-03-22T00:09:55.381+0000] {processor.py:186} INFO - Started process (PID=25642) to work on /home/airflow/.local/lib/python3.12/site-packages/airflow/example_dags/example_setup_teardown_taskflow.py
[2026-03-22T00:09:55.383+0000] {processor.py:914} INFO - Processing file /home/airflow/.local/lib/python3.12/site-packages/airflow/example_dags/example_setup_teardown_taskflow.py for tasks to queue
[2026-03-22T00:09:55.386+0000] {logging_mixin.py:190} INFO - [2026-03-22T00:09:55.385+0000] {dagbag.py:588} INFO - Filling up the DagBag from /home/airflow/.local/lib/python3.12/site-packages/airflow/example_dags/example_setup_teardown_taskflow.py
[2026-03-22T00:09:55.408+0000] {processor.py:925} INFO - DAG(s) 'example_setup_teardown_taskflow' retrieved from /home/airflow/.local/lib/python3.12/site-packages/airflow/example_dags/example_setup_teardown_taskflow.py
[2026-03-22T00:09:55.450+0000] {logging_mixin.py:190} INFO - [2026-03-22T00:09:55.450+0000] {dag.py:3239} INFO - Sync 1 DAGs
[2026-03-22T00:09:55.477+0000] {logging_mixin.py:190} INFO - [2026-03-22T00:09:55.476+0000] {dag.py:4180} INFO - Setting next_dagrun for example_setup_teardown_taskflow to None, run_after=None
[2026-03-22T00:09:55.511+0000] {processor.py:208} INFO - Processing /home/airflow/.local/lib/python3.12/site-packages/airflow/example_dags/example_setup_teardown_taskflow.py took 0.141 seconds
[2026-03-22T00:10:25.896+0000] {processor.py:186} INFO - Started process (PID=25707) to work on /home/airflow/.local/lib/python3.12/site-packages/airflow/example_dags/example_setup_teardown_taskflow.py
[2026-03-22T00:10:25.901+0000] {processor.py:914} INFO - Processing file /home/airflow/.local/lib/python3.12/site-packages/airflow/example_dags/example_setup_teardown_taskflow.py for tasks to queue
[2026-03-22T00:10:25.908+0000] {logging_mixin.py:190} INFO - [2026-03-22T00:10:25.907+0000] {dagbag.py:588} INFO - Filling up the DagBag from /home/airflow/.local/lib/python3.12/site-packages/airflow/example_dags/example_setup_teardown_taskflow.py
[2026-03-22T00:10:25.962+0000] {processor.py:925} INFO - DAG(s) 'example_setup_teardown_taskflow' retrieved from /home/airflow/.local/lib/python3.12/site-packages/airflow/example_dags/example_setup_teardown_taskflow.py
[2026-03-22T00:10:26.065+0000] {logging_mixin.py:190} INFO - [2026-03-22T00:10:26.064+0000] {dag.py:3239} INFO - Sync 1 DAGs
[2026-03-22T00:10:26.129+0000] {logging_mixin.py:190} INFO - [2026-03-22T00:10:26.128+0000] {dag.py:4180} INFO - Setting next_dagrun for example_setup_teardown_taskflow to None, run_after=None
[2026-03-22T00:10:26.212+0000] {processor.py:208} INFO - Processing /home/airflow/.local/lib/python3.12/site-packages/airflow/example_dags/example_setup_teardown_taskflow.py took 0.342 seconds
[2026-03-22T00:10:56.502+0000] {processor.py:186} INFO - Started process (PID=25772) to work on /home/airflow/.local/lib/python3.12/site-packages/airflow/example_dags/example_setup_teardown_taskflow.py
[2026-03-22T00:10:56.503+0000] {processor.py:914} INFO - Processing file /home/airflow/.local/lib/python3.12/site-packages/airflow/example_dags/example_setup_teardown_taskflow.py for tasks to queue
[2026-03-22T00:10:56.505+0000] {logging_mixin.py:190} INFO - [2026-03-22T00:10:56.505+0000] {dagbag.py:588} INFO - Filling up the DagBag from /home/airflow/.local/lib/python3.12/site-packages/airflow/example_dags/example_setup_teardown_taskflow.py
[2026-03-22T00:10:56.517+0000] {processor.py:925} INFO - DAG(s) 'example_setup_teardown_taskflow' retrieved from /home/airflow/.local/lib/python3.12/site-packages/airflow/example_dags/example_setup_teardown_taskflow.py
[2026-03-22T00:10:56.539+0000] {logging_mixin.py:190} INFO - [2026-03-22T00:10:56.539+0000] {dag.py:3239} INFO - Sync 1 DAGs
[2026-03-22T00:10:56.554+0000] {logging_mixin.py:190} INFO - [2026-03-22T00:10:56.554+0000] {dag.py:4180} INFO - Setting next_dagrun for example_setup_teardown_taskflow to None, run_after=None
[2026-03-22T00:10:56.576+0000] {processor.py:208} INFO - Processing /home/airflow/.local/lib/python3.12/site-packages/airflow/example_dags/example_setup_teardown_taskflow.py took 0.080 seconds
[2026-03-22T00:11:27.135+0000] {processor.py:186} INFO - Started process (PID=25837) to work on /home/airflow/.local/lib/python3.12/site-packages/airflow/example_dags/example_setup_teardown_taskflow.py
[2026-03-22T00:11:27.137+0000] {processor.py:914} INFO - Processing file /home/airflow/.local/lib/python3.12/site-packages/airflow/example_dags/example_setup_teardown_taskflow.py for tasks to queue
[2026-03-22T00:11:27.139+0000] {logging_mixin.py:190} INFO - [2026-03-22T00:11:27.138+0000] {dagbag.py:588} INFO - Filling up the DagBag from /home/airflow/.local/lib/python3.12/site-packages/airflow/example_dags/example_setup_teardown_taskflow.py
[2026-03-22T00:11:27.151+0000] {processor.py:925} INFO - DAG(s) 'example_setup_teardown_taskflow' retrieved from /home/airflow/.local/lib/python3.12/site-packages/airflow/example_dags/example_setup_teardown_taskflow.py
[2026-03-22T00:11:27.176+0000] {logging_mixin.py:190} INFO - [2026-03-22T00:11:27.176+0000] {dag.py:3239} INFO - Sync 1 DAGs
[2026-03-22T00:11:27.191+0000] {logging_mixin.py:190} INFO - [2026-03-22T00:11:27.191+0000] {dag.py:4180} INFO - Setting next_dagrun for example_setup_teardown_taskflow to None, run_after=None
[2026-03-22T00:11:27.213+0000] {processor.py:208} INFO - Processing /home/airflow/.local/lib/python3.12/site-packages/airflow/example_dags/example_setup_teardown_taskflow.py took 0.085 seconds
[2026-03-22T00:11:57.669+0000] {processor.py:186} INFO - Started process (PID=25902) to work on /home/airflow/.local/lib/python3.12/site-packages/airflow/example_dags/example_setup_teardown_taskflow.py
[2026-03-22T00:11:57.671+0000] {processor.py:914} INFO - Processing file /home/airflow/.local/lib/python3.12/site-packages/airflow/example_dags/example_setup_teardown_taskflow.py for tasks to queue
[2026-03-22T00:11:57.672+0000] {logging_mixin.py:190} INFO - [2026-03-22T00:11:57.672+0000] {dagbag.py:588} INFO - Filling up the DagBag from /home/airflow/.local/lib/python3.12/site-packages/airflow/example_dags/example_setup_teardown_taskflow.py
[2026-03-22T00:11:57.684+0000] {processor.py:925} INFO - DAG(s) 'example_setup_teardown_taskflow' retrieved from /home/airflow/.local/lib/python3.12/site-packages/airflow/example_dags/example_setup_teardown_taskflow.py
[2026-03-22T00:11:57.708+0000] {logging_mixin.py:190} INFO - [2026-03-22T00:11:57.708+0000] {dag.py:3239} INFO - Sync 1 DAGs
[2026-03-22T00:11:57.723+0000] {logging_mixin.py:190} INFO - [2026-03-22T00:11:57.722+0000] {dag.py:4180} INFO - Setting next_dagrun for example_setup_teardown_taskflow to None, run_after=None
[2026-03-22T00:11:57.746+0000] {processor.py:208} INFO - Processing /home/airflow/.local/lib/python3.12/site-packages/airflow/example_dags/example_setup_teardown_taskflow.py took 0.084 seconds
[2026-03-22T00:12:27.999+0000] {processor.py:186} INFO - Started process (PID=25967) to work on /home/airflow/.local/lib/python3.12/site-packages/airflow/example_dags/example_setup_teardown_taskflow.py
[2026-03-22T00:12:28.002+0000] {processor.py:914} INFO - Processing file /home/airflow/.local/lib/python3.12/site-packages/airflow/example_dags/example_setup_teardown_taskflow.py for tasks to queue
[2026-03-22T00:12:28.005+0000] {logging_mixin.py:190} INFO - [2026-03-22T00:12:28.004+0000] {dagbag.py:588} INFO - Filling up the DagBag from /home/airflow/.local/lib/python3.12/site-packages/airflow/example_dags/example_setup_teardown_taskflow.py
[2026-03-22T00:12:28.020+0000] {processor.py:925} INFO - DAG(s) 'example_setup_teardown_taskflow' retrieved from /home/airflow/.local/lib/python3.12/site-packages/airflow/example_dags/example_setup_teardown_taskflow.py
[2026-03-22T00:12:28.053+0000] {logging_mixin.py:190} INFO - [2026-03-22T00:12:28.053+0000] {dag.py:3239} INFO - Sync 1 DAGs
[2026-03-22T00:12:28.074+0000] {logging_mixin.py:190} INFO - [2026-03-22T00:12:28.073+0000] {dag.py:4180} INFO - Setting next_dagrun for example_setup_teardown_taskflow to None, run_after=None
[2026-03-22T00:12:28.103+0000] {processor.py:208} INFO - Processing /home/airflow/.local/lib/python3.12/site-packages/airflow/example_dags/example_setup_teardown_taskflow.py took 0.115 seconds
[2026-03-22T00:12:58.658+0000] {processor.py:186} INFO - Started process (PID=26032) to work on /home/airflow/.local/lib/python3.12/site-packages/airflow/example_dags/example_setup_teardown_taskflow.py
[2026-03-22T00:12:58.661+0000] {processor.py:914} INFO - Processing file /home/airflow/.local/lib/python3.12/site-packages/airflow/example_dags/example_setup_teardown_taskflow.py for tasks to queue
[2026-03-22T00:12:58.664+0000] {logging_mixin.py:190} INFO - [2026-03-22T00:12:58.663+0000] {dagbag.py:588} INFO - Filling up the DagBag from /home/airflow/.local/lib/python3.12/site-packages/airflow/example_dags/example_setup_teardown_taskflow.py
[2026-03-22T00:12:58.689+0000] {processor.py:925} INFO - DAG(s) 'example_setup_teardown_taskflow' retrieved from /home/airflow/.local/lib/python3.12/site-packages/airflow/example_dags/example_setup_teardown_taskflow.py
[2026-03-22T00:12:58.738+0000] {logging_mixin.py:190} INFO - [2026-03-22T00:12:58.738+0000] {dag.py:3239} INFO - Sync 1 DAGs
[2026-03-22T00:12:58.771+0000] {logging_mixin.py:190} INFO - [2026-03-22T00:12:58.770+0000] {dag.py:4180} INFO - Setting next_dagrun for example_setup_teardown_taskflow to None, run_after=None
[2026-03-22T00:12:58.813+0000] {processor.py:208} INFO - Processing /home/airflow/.local/lib/python3.12/site-packages/airflow/example_dags/example_setup_teardown_taskflow.py took 0.168 seconds
[2026-03-22T00:13:29.148+0000] {processor.py:186} INFO - Started process (PID=26096) to work on /home/airflow/.local/lib/python3.12/site-packages/airflow/example_dags/example_setup_teardown_taskflow.py
[2026-03-22T00:13:29.151+0000] {processor.py:914} INFO - Processing file /home/airflow/.local/lib/python3.12/site-packages/airflow/example_dags/example_setup_teardown_taskflow.py for tasks to queue
[2026-03-22T00:13:29.155+0000] {logging_mixin.py:190} INFO - [2026-03-22T00:13:29.154+0000] {dagbag.py:588} INFO - Filling up the DagBag from /home/airflow/.local/lib/python3.12/site-packages/airflow/example_dags/example_setup_teardown_taskflow.py
[2026-03-22T00:13:29.183+0000] {processor.py:925} INFO - DAG(s) 'example_setup_teardown_taskflow' retrieved from /home/airflow/.local/lib/python3.12/site-packages/airflow/example_dags/example_setup_teardown_taskflow.py
[2026-03-22T00:13:29.237+0000] {logging_mixin.py:190} INFO - [2026-03-22T00:13:29.236+0000] {dag.py:3239} INFO - Sync 1 DAGs
[2026-03-22T00:13:29.284+0000] {logging_mixin.py:190} INFO - [2026-03-22T00:13:29.284+0000] {dag.py:4180} INFO - Setting next_dagrun for example_setup_teardown_taskflow to None, run_after=None
[2026-03-22T00:13:29.338+0000] {processor.py:208} INFO - Processing /home/airflow/.local/lib/python3.12/site-packages/airflow/example_dags/example_setup_teardown_taskflow.py took 0.206 seconds
[2026-03-22T00:13:59.628+0000] {processor.py:186} INFO - Started process (PID=26160) to work on /home/airflow/.local/lib/python3.12/site-packages/airflow/example_dags/example_setup_teardown_taskflow.py
[2026-03-22T00:13:59.630+0000] {processor.py:914} INFO - Processing file /home/airflow/.local/lib/python3.12/site-packages/airflow/example_dags/example_setup_teardown_taskflow.py for tasks to queue
[2026-03-22T00:13:59.633+0000] {logging_mixin.py:190} INFO - [2026-03-22T00:13:59.632+0000] {dagbag.py:588} INFO - Filling up the DagBag from /home/airflow/.local/lib/python3.12/site-packages/airflow/example_dags/example_setup_teardown_taskflow.py
[2026-03-22T00:13:59.654+0000] {processor.py:925} INFO - DAG(s) 'example_setup_teardown_taskflow' retrieved from /home/airflow/.local/lib/python3.12/site-packages/airflow/example_dags/example_setup_teardown_taskflow.py
[2026-03-22T00:13:59.696+0000] {logging_mixin.py:190} INFO - [2026-03-22T00:13:59.695+0000] {dag.py:3239} INFO - Sync 1 DAGs
[2026-03-22T00:13:59.722+0000] {logging_mixin.py:190} INFO - [2026-03-22T00:13:59.722+0000] {dag.py:4180} INFO - Setting next_dagrun for example_setup_teardown_taskflow to None, run_after=None
[2026-03-22T00:13:59.757+0000] {processor.py:208} INFO - Processing /home/airflow/.local/lib/python3.12/site-packages/airflow/example_dags/example_setup_teardown_taskflow.py took 0.141 seconds
[2026-03-22T00:14:30.277+0000] {processor.py:186} INFO - Started process (PID=26225) to work on /home/airflow/.local/lib/python3.12/site-packages/airflow/example_dags/example_setup_teardown_taskflow.py
[2026-03-22T00:14:30.278+0000] {processor.py:914} INFO - Processing file /home/airflow/.local/lib/python3.12/site-packages/airflow/example_dags/example_setup_teardown_taskflow.py for tasks to queue
[2026-03-22T00:14:30.279+0000] {logging_mixin.py:190} INFO - [2026-03-22T00:14:30.279+0000] {dagbag.py:588} INFO - Filling up the DagBag from /home/airflow/.local/lib/python3.12/site-packages/airflow/example_dags/example_setup_teardown_taskflow.py
[2026-03-22T00:14:30.288+0000] {processor.py:925} INFO - DAG(s) 'example_setup_teardown_taskflow' retrieved from /home/airflow/.local/lib/python3.12/site-packages/airflow/example_dags/example_setup_teardown_taskflow.py
[2026-03-22T00:14:30.307+0000] {logging_mixin.py:190} INFO - [2026-03-22T00:14:30.307+0000] {dag.py:3239} INFO - Sync 1 DAGs
[2026-03-22T00:14:30.320+0000] {logging_mixin.py:190} INFO - [2026-03-22T00:14:30.320+0000] {dag.py:4180} INFO - Setting next_dagrun for example_setup_teardown_taskflow to None, run_after=None
[2026-03-22T00:14:30.337+0000] {processor.py:208} INFO - Processing /home/airflow/.local/lib/python3.12/site-packages/airflow/example_dags/example_setup_teardown_taskflow.py took 0.067 seconds
[2026-03-22T00:15:00.993+0000] {processor.py:186} INFO - Started process (PID=26290) to work on /home/airflow/.local/lib/python3.12/site-packages/airflow/example_dags/example_setup_teardown_taskflow.py
[2026-03-22T00:15:00.994+0000] {processor.py:914} INFO - Processing file /home/airflow/.local/lib/python3.12/site-packages/airflow/example_dags/example_setup_teardown_taskflow.py for tasks to queue
[2026-03-22T00:15:00.996+0000] {logging_mixin.py:190} INFO - [2026-03-22T00:15:00.996+0000] {dagbag.py:588} INFO - Filling up the DagBag from /home/airflow/.local/lib/python3.12/site-packages/airflow/example_dags/example_setup_teardown_taskflow.py
[2026-03-22T00:15:01.007+0000] {processor.py:925} INFO - DAG(s) 'example_setup_teardown_taskflow' retrieved from /home/airflow/.local/lib/python3.12/site-packages/airflow/example_dags/example_setup_teardown_taskflow.py
[2026-03-22T00:15:01.028+0000] {logging_mixin.py:190} INFO - [2026-03-22T00:15:01.028+0000] {dag.py:3239} INFO - Sync 1 DAGs
[2026-03-22T00:15:01.042+0000] {logging_mixin.py:190} INFO - [2026-03-22T00:15:01.042+0000] {dag.py:4180} INFO - Setting next_dagrun for example_setup_teardown_taskflow to None, run_after=None
[2026-03-22T00:15:01.061+0000] {processor.py:208} INFO - Processing /home/airflow/.local/lib/python3.12/site-packages/airflow/example_dags/example_setup_teardown_taskflow.py took 0.074 seconds
[2026-03-22T00:15:31.828+0000] {processor.py:186} INFO - Started process (PID=26354) to work on /home/airflow/.local/lib/python3.12/site-packages/airflow/example_dags/example_setup_teardown_taskflow.py
[2026-03-22T00:15:31.829+0000] {processor.py:914} INFO - Processing file /home/airflow/.local/lib/python3.12/site-packages/airflow/example_dags/example_setup_teardown_taskflow.py for tasks to queue
[2026-03-22T00:15:31.831+0000] {logging_mixin.py:190} INFO - [2026-03-22T00:15:31.830+0000] {dagbag.py:588} INFO - Filling up the DagBag from /home/airflow/.local/lib/python3.12/site-packages/airflow/example_dags/example_setup_teardown_taskflow.py
[2026-03-22T00:15:31.839+0000] {processor.py:925} INFO - DAG(s) 'example_setup_teardown_taskflow' retrieved from /home/airflow/.local/lib/python3.12/site-packages/airflow/example_dags/example_setup_teardown_taskflow.py
[2026-03-22T00:15:31.858+0000] {logging_mixin.py:190} INFO - [2026-03-22T00:15:31.857+0000] {dag.py:3239} INFO - Sync 1 DAGs
[2026-03-22T00:15:31.868+0000] {logging_mixin.py:190} INFO - [2026-03-22T00:15:31.868+0000] {dag.py:4180} INFO - Setting next_dagrun for example_setup_teardown_taskflow to None, run_after=None
[2026-03-22T00:15:31.884+0000] {processor.py:208} INFO - Processing /home/airflow/.local/lib/python3.12/site-packages/airflow/example_dags/example_setup_teardown_taskflow.py took 0.062 seconds
[2026-03-22T02:12:55.783+0000] {processor.py:186} INFO - Started process (PID=26422) to work on /home/airflow/.local/lib/python3.12/site-packages/airflow/example_dags/example_setup_teardown_taskflow.py
[2026-03-22T02:12:55.784+0000] {processor.py:914} INFO - Processing file /home/airflow/.local/lib/python3.12/site-packages/airflow/example_dags/example_setup_teardown_taskflow.py for tasks to queue
[2026-03-22T02:12:55.785+0000] {logging_mixin.py:190} INFO - [2026-03-22T02:12:55.785+0000] {dagbag.py:588} INFO - Filling up the DagBag from /home/airflow/.local/lib/python3.12/site-packages/airflow/example_dags/example_setup_teardown_taskflow.py
[2026-03-22T02:12:55.798+0000] {processor.py:925} INFO - DAG(s) 'example_setup_teardown_taskflow' retrieved from /home/airflow/.local/lib/python3.12/site-packages/airflow/example_dags/example_setup_teardown_taskflow.py
[2026-03-22T02:12:55.818+0000] {logging_mixin.py:190} INFO - [2026-03-22T02:12:55.817+0000] {dag.py:3239} INFO - Sync 1 DAGs
[2026-03-22T02:12:55.831+0000] {logging_mixin.py:190} INFO - [2026-03-22T02:12:55.831+0000] {dag.py:4180} INFO - Setting next_dagrun for example_setup_teardown_taskflow to None, run_after=None
[2026-03-22T02:12:55.849+0000] {processor.py:208} INFO - Processing /home/airflow/.local/lib/python3.12/site-packages/airflow/example_dags/example_setup_teardown_taskflow.py took 0.072 seconds
[2026-03-22T02:13:26.345+0000] {processor.py:186} INFO - Started process (PID=26487) to work on /home/airflow/.local/lib/python3.12/site-packages/airflow/example_dags/example_setup_teardown_taskflow.py
[2026-03-22T02:13:26.347+0000] {processor.py:914} INFO - Processing file /home/airflow/.local/lib/python3.12/site-packages/airflow/example_dags/example_setup_teardown_taskflow.py for tasks to queue
[2026-03-22T02:13:26.348+0000] {logging_mixin.py:190} INFO - [2026-03-22T02:13:26.348+0000] {dagbag.py:588} INFO - Filling up the DagBag from /home/airflow/.local/lib/python3.12/site-packages/airflow/example_dags/example_setup_teardown_taskflow.py
[2026-03-22T02:13:26.359+0000] {processor.py:925} INFO - DAG(s) 'example_setup_teardown_taskflow' retrieved from /home/airflow/.local/lib/python3.12/site-packages/airflow/example_dags/example_setup_teardown_taskflow.py
[2026-03-22T02:13:26.384+0000] {logging_mixin.py:190} INFO - [2026-03-22T02:13:26.384+0000] {dag.py:3239} INFO - Sync 1 DAGs
[2026-03-22T02:13:26.400+0000] {logging_mixin.py:190} INFO - [2026-03-22T02:13:26.400+0000] {dag.py:4180} INFO - Setting next_dagrun for example_setup_teardown_taskflow to None, run_after=None
[2026-03-22T02:13:26.419+0000] {processor.py:208} INFO - Processing /home/airflow/.local/lib/python3.12/site-packages/airflow/example_dags/example_setup_teardown_taskflow.py took 0.080 seconds
[2026-03-22T02:13:57.407+0000] {processor.py:186} INFO - Started process (PID=26552) to work on /home/airflow/.local/lib/python3.12/site-packages/airflow/example_dags/example_setup_teardown_taskflow.py
[2026-03-22T02:13:57.408+0000] {processor.py:914} INFO - Processing file /home/airflow/.local/lib/python3.12/site-packages/airflow/example_dags/example_setup_teardown_taskflow.py for tasks to queue
[2026-03-22T02:13:57.410+0000] {logging_mixin.py:190} INFO - [2026-03-22T02:13:57.410+0000] {dagbag.py:588} INFO - Filling up the DagBag from /home/airflow/.local/lib/python3.12/site-packages/airflow/example_dags/example_setup_teardown_taskflow.py
[2026-03-22T02:13:57.421+0000] {processor.py:925} INFO - DAG(s) 'example_setup_teardown_taskflow' retrieved from /home/airflow/.local/lib/python3.12/site-packages/airflow/example_dags/example_setup_teardown_taskflow.py
[2026-03-22T02:13:57.441+0000] {logging_mixin.py:190} INFO - [2026-03-22T02:13:57.441+0000] {dag.py:3239} INFO - Sync 1 DAGs
[2026-03-22T02:13:57.455+0000] {logging_mixin.py:190} INFO - [2026-03-22T02:13:57.455+0000] {dag.py:4180} INFO - Setting next_dagrun for example_setup_teardown_taskflow to None, run_after=None
[2026-03-22T02:13:57.472+0000] {processor.py:208} INFO - Processing /home/airflow/.local/lib/python3.12/site-packages/airflow/example_dags/example_setup_teardown_taskflow.py took 0.071 seconds
[2026-03-22T02:14:28.052+0000] {processor.py:186} INFO - Started process (PID=26617) to work on /home/airflow/.local/lib/python3.12/site-packages/airflow/example_dags/example_setup_teardown_taskflow.py
[2026-03-22T02:14:28.053+0000] {processor.py:914} INFO - Processing file /home/airflow/.local/lib/python3.12/site-packages/airflow/example_dags/example_setup_teardown_taskflow.py for tasks to queue
[2026-03-22T02:14:28.055+0000] {logging_mixin.py:190} INFO - [2026-03-22T02:14:28.055+0000] {dagbag.py:588} INFO - Filling up the DagBag from /home/airflow/.local/lib/python3.12/site-packages/airflow/example_dags/example_setup_teardown_taskflow.py
[2026-03-22T02:14:28.065+0000] {processor.py:925} INFO - DAG(s) 'example_setup_teardown_taskflow' retrieved from /home/airflow/.local/lib/python3.12/site-packages/airflow/example_dags/example_setup_teardown_taskflow.py
[2026-03-22T02:14:28.083+0000] {logging_mixin.py:190} INFO - [2026-03-22T02:14:28.083+0000] {dag.py:3239} INFO - Sync 1 DAGs
[2026-03-22T02:14:28.095+0000] {logging_mixin.py:190} INFO - [2026-03-22T02:14:28.095+0000] {dag.py:4180} INFO - Setting next_dagrun for example_setup_teardown_taskflow to None, run_after=None
[2026-03-22T02:14:28.111+0000] {processor.py:208} INFO - Processing /home/airflow/.local/lib/python3.12/site-packages/airflow/example_dags/example_setup_teardown_taskflow.py took 0.064 seconds
[2026-03-22T02:14:59.438+0000] {processor.py:186} INFO - Started process (PID=26682) to work on /home/airflow/.local/lib/python3.12/site-packages/airflow/example_dags/example_setup_teardown_taskflow.py
[2026-03-22T02:14:59.439+0000] {processor.py:914} INFO - Processing file /home/airflow/.local/lib/python3.12/site-packages/airflow/example_dags/example_setup_teardown_taskflow.py for tasks to queue
[2026-03-22T02:14:59.440+0000] {logging_mixin.py:190} INFO - [2026-03-22T02:14:59.440+0000] {dagbag.py:588} INFO - Filling up the DagBag from /home/airflow/.local/lib/python3.12/site-packages/airflow/example_dags/example_setup_teardown_taskflow.py
[2026-03-22T02:14:59.450+0000] {processor.py:925} INFO - DAG(s) 'example_setup_teardown_taskflow' retrieved from /home/airflow/.local/lib/python3.12/site-packages/airflow/example_dags/example_setup_teardown_taskflow.py
[2026-03-22T02:14:59.469+0000] {logging_mixin.py:190} INFO - [2026-03-22T02:14:59.469+0000] {dag.py:3239} INFO - Sync 1 DAGs
[2026-03-22T02:14:59.482+0000] {logging_mixin.py:190} INFO - [2026-03-22T02:14:59.482+0000] {dag.py:4180} INFO - Setting next_dagrun for example_setup_teardown_taskflow to None, run_after=None
[2026-03-22T02:14:59.501+0000] {processor.py:208} INFO - Processing /home/airflow/.local/lib/python3.12/site-packages/airflow/example_dags/example_setup_teardown_taskflow.py took 0.070 seconds
[2026-03-22T02:15:30.909+0000] {processor.py:186} INFO - Started process (PID=26747) to work on /home/airflow/.local/lib/python3.12/site-packages/airflow/example_dags/example_setup_teardown_taskflow.py
[2026-03-22T02:15:30.911+0000] {processor.py:914} INFO - Processing file /home/airflow/.local/lib/python3.12/site-packages/airflow/example_dags/example_setup_teardown_taskflow.py for tasks to queue
[2026-03-22T02:15:30.912+0000] {logging_mixin.py:190} INFO - [2026-03-22T02:15:30.912+0000] {dagbag.py:588} INFO - Filling up the DagBag from /home/airflow/.local/lib/python3.12/site-packages/airflow/example_dags/example_setup_teardown_taskflow.py
[2026-03-22T02:15:30.922+0000] {processor.py:925} INFO - DAG(s) 'example_setup_teardown_taskflow' retrieved from /home/airflow/.local/lib/python3.12/site-packages/airflow/example_dags/example_setup_teardown_taskflow.py
[2026-03-22T02:15:30.941+0000] {logging_mixin.py:190} INFO - [2026-03-22T02:15:30.941+0000] {dag.py:3239} INFO - Sync 1 DAGs
[2026-03-22T02:15:30.954+0000] {logging_mixin.py:190} INFO - [2026-03-22T02:15:30.954+0000] {dag.py:4180} INFO - Setting next_dagrun for example_setup_teardown_taskflow to None, run_after=None
[2026-03-22T02:15:30.970+0000] {processor.py:208} INFO - Processing /home/airflow/.local/lib/python3.12/site-packages/airflow/example_dags/example_setup_teardown_taskflow.py took 0.066 seconds
[2026-03-22T02:16:02.211+0000] {processor.py:186} INFO - Started process (PID=26812) to work on /home/airflow/.local/lib/python3.12/site-packages/airflow/example_dags/example_setup_teardown_taskflow.py
[2026-03-22T02:16:02.213+0000] {processor.py:914} INFO - Processing file /home/airflow/.local/lib/python3.12/site-packages/airflow/example_dags/example_setup_teardown_taskflow.py for tasks to queue
[2026-03-22T02:16:02.214+0000] {logging_mixin.py:190} INFO - [2026-03-22T02:16:02.214+0000] {dagbag.py:588} INFO - Filling up the DagBag from /home/airflow/.local/lib/python3.12/site-packages/airflow/example_dags/example_setup_teardown_taskflow.py
[2026-03-22T02:16:02.230+0000] {processor.py:925} INFO - DAG(s) 'example_setup_teardown_taskflow' retrieved from /home/airflow/.local/lib/python3.12/site-packages/airflow/example_dags/example_setup_teardown_taskflow.py
[2026-03-22T02:16:02.252+0000] {logging_mixin.py:190} INFO - [2026-03-22T02:16:02.251+0000] {dag.py:3239} INFO - Sync 1 DAGs
[2026-03-22T02:16:02.265+0000] {logging_mixin.py:190} INFO - [2026-03-22T02:16:02.265+0000] {dag.py:4180} INFO - Setting next_dagrun for example_setup_teardown_taskflow to None, run_after=None
[2026-03-22T02:16:02.282+0000] {processor.py:208} INFO - Processing /home/airflow/.local/lib/python3.12/site-packages/airflow/example_dags/example_setup_teardown_taskflow.py took 0.076 seconds
[2026-03-22T02:16:32.931+0000] {processor.py:186} INFO - Started process (PID=26877) to work on /home/airflow/.local/lib/python3.12/site-packages/airflow/example_dags/example_setup_teardown_taskflow.py
[2026-03-22T02:16:32.932+0000] {processor.py:914} INFO - Processing file /home/airflow/.local/lib/python3.12/site-packages/airflow/example_dags/example_setup_teardown_taskflow.py for tasks to queue
[2026-03-22T02:16:32.933+0000] {logging_mixin.py:190} INFO - [2026-03-22T02:16:32.933+0000] {dagbag.py:588} INFO - Filling up the DagBag from /home/airflow/.local/lib/python3.12/site-packages/airflow/example_dags/example_setup_teardown_taskflow.py
[2026-03-22T02:16:32.944+0000] {processor.py:925} INFO - DAG(s) 'example_setup_teardown_taskflow' retrieved from /home/airflow/.local/lib/python3.12/site-packages/airflow/example_dags/example_setup_teardown_taskflow.py
[2026-03-22T02:16:32.966+0000] {logging_mixin.py:190} INFO - [2026-03-22T02:16:32.966+0000] {dag.py:3239} INFO - Sync 1 DAGs
[2026-03-22T02:16:32.982+0000] {logging_mixin.py:190} INFO - [2026-03-22T02:16:32.982+0000] {dag.py:4180} INFO - Setting next_dagrun for example_setup_teardown_taskflow to None, run_after=None
[2026-03-22T02:16:33.002+0000] {processor.py:208} INFO - Processing /home/airflow/.local/lib/python3.12/site-packages/airflow/example_dags/example_setup_teardown_taskflow.py took 0.078 seconds
