[2026-03-22T00:00:52.959+0000] {processor.py:186} INFO - Started process (PID=24878) to work on /home/airflow/.local/lib/python3.12/site-packages/airflow/example_dags/example_branch_python_dop_operator_3.py
[2026-03-22T00:00:52.965+0000] {processor.py:914} INFO - Processing file /home/airflow/.local/lib/python3.12/site-packages/airflow/example_dags/example_branch_python_dop_operator_3.py for tasks to queue
[2026-03-22T00:00:52.971+0000] {logging_mixin.py:190} INFO - [2026-03-22T00:00:52.970+0000] {dagbag.py:588} INFO - Filling up the DagBag from /home/airflow/.local/lib/python3.12/site-packages/airflow/example_dags/example_branch_python_dop_operator_3.py
[2026-03-22T00:00:53.036+0000] {processor.py:925} INFO - DAG(s) 'example_branch_dop_operator_v3' retrieved from /home/airflow/.local/lib/python3.12/site-packages/airflow/example_dags/example_branch_python_dop_operator_3.py
[2026-03-22T00:00:53.134+0000] {logging_mixin.py:190} INFO - [2026-03-22T00:00:53.133+0000] {dag.py:3239} INFO - Sync 1 DAGs
[2026-03-22T00:00:53.253+0000] {logging_mixin.py:190} INFO - [2026-03-22T00:00:53.252+0000] {dag.py:4180} INFO - Setting next_dagrun for example_branch_dop_operator_v3 to 2026-03-21 23:59:00+00:00, run_after=2026-03-22 00:00:00+00:00
[2026-03-22T00:00:53.335+0000] {processor.py:208} INFO - Processing /home/airflow/.local/lib/python3.12/site-packages/airflow/example_dags/example_branch_python_dop_operator_3.py took 0.403 seconds
[2026-03-22T00:03:08.267+0000] {processor.py:186} INFO - Started process (PID=24955) to work on /home/airflow/.local/lib/python3.12/site-packages/airflow/example_dags/example_branch_python_dop_operator_3.py
[2026-03-22T00:03:08.293+0000] {processor.py:914} INFO - Processing file /home/airflow/.local/lib/python3.12/site-packages/airflow/example_dags/example_branch_python_dop_operator_3.py for tasks to queue
[2026-03-22T00:03:08.333+0000] {logging_mixin.py:190} INFO - [2026-03-22T00:03:08.309+0000] {dagbag.py:588} INFO - Filling up the DagBag from /home/airflow/.local/lib/python3.12/site-packages/airflow/example_dags/example_branch_python_dop_operator_3.py
[2026-03-22T00:03:08.423+0000] {processor.py:925} INFO - DAG(s) 'example_branch_dop_operator_v3' retrieved from /home/airflow/.local/lib/python3.12/site-packages/airflow/example_dags/example_branch_python_dop_operator_3.py
[2026-03-22T00:03:08.836+0000] {logging_mixin.py:190} INFO - [2026-03-22T00:03:08.834+0000] {dag.py:3239} INFO - Sync 1 DAGs
[2026-03-22T00:03:09.485+0000] {logging_mixin.py:190} INFO - [2026-03-22T00:03:09.483+0000] {dag.py:4180} INFO - Setting next_dagrun for example_branch_dop_operator_v3 to 2026-03-22 00:02:00+00:00, run_after=2026-03-22 00:03:00+00:00
[2026-03-22T00:03:10.130+0000] {processor.py:208} INFO - Processing /home/airflow/.local/lib/python3.12/site-packages/airflow/example_dags/example_branch_python_dop_operator_3.py took 1.934 seconds
[2026-03-22T00:04:55.722+0000] {processor.py:186} INFO - Started process (PID=25030) to work on /home/airflow/.local/lib/python3.12/site-packages/airflow/example_dags/example_branch_python_dop_operator_3.py
[2026-03-22T00:04:55.731+0000] {processor.py:914} INFO - Processing file /home/airflow/.local/lib/python3.12/site-packages/airflow/example_dags/example_branch_python_dop_operator_3.py for tasks to queue
[2026-03-22T00:04:55.737+0000] {logging_mixin.py:190} INFO - [2026-03-22T00:04:55.736+0000] {dagbag.py:588} INFO - Filling up the DagBag from /home/airflow/.local/lib/python3.12/site-packages/airflow/example_dags/example_branch_python_dop_operator_3.py
[2026-03-22T00:04:55.818+0000] {processor.py:925} INFO - DAG(s) 'example_branch_dop_operator_v3' retrieved from /home/airflow/.local/lib/python3.12/site-packages/airflow/example_dags/example_branch_python_dop_operator_3.py
[2026-03-22T00:04:55.939+0000] {logging_mixin.py:190} INFO - [2026-03-22T00:04:55.938+0000] {dag.py:3239} INFO - Sync 1 DAGs
[2026-03-22T00:04:56.150+0000] {logging_mixin.py:190} INFO - [2026-03-22T00:04:56.149+0000] {dag.py:4180} INFO - Setting next_dagrun for example_branch_dop_operator_v3 to 2026-03-22 00:03:00+00:00, run_after=2026-03-22 00:04:00+00:00
[2026-03-22T00:04:56.351+0000] {processor.py:208} INFO - Processing /home/airflow/.local/lib/python3.12/site-packages/airflow/example_dags/example_branch_python_dop_operator_3.py took 0.665 seconds
[2026-03-22T00:05:27.022+0000] {processor.py:186} INFO - Started process (PID=25094) to work on /home/airflow/.local/lib/python3.12/site-packages/airflow/example_dags/example_branch_python_dop_operator_3.py
[2026-03-22T00:05:27.024+0000] {processor.py:914} INFO - Processing file /home/airflow/.local/lib/python3.12/site-packages/airflow/example_dags/example_branch_python_dop_operator_3.py for tasks to queue
[2026-03-22T00:05:27.026+0000] {logging_mixin.py:190} INFO - [2026-03-22T00:05:27.026+0000] {dagbag.py:588} INFO - Filling up the DagBag from /home/airflow/.local/lib/python3.12/site-packages/airflow/example_dags/example_branch_python_dop_operator_3.py
[2026-03-22T00:05:27.046+0000] {processor.py:925} INFO - DAG(s) 'example_branch_dop_operator_v3' retrieved from /home/airflow/.local/lib/python3.12/site-packages/airflow/example_dags/example_branch_python_dop_operator_3.py
[2026-03-22T00:05:27.077+0000] {logging_mixin.py:190} INFO - [2026-03-22T00:05:27.077+0000] {dag.py:3239} INFO - Sync 1 DAGs
[2026-03-22T00:05:27.119+0000] {logging_mixin.py:190} INFO - [2026-03-22T00:05:27.119+0000] {dag.py:4180} INFO - Setting next_dagrun for example_branch_dop_operator_v3 to 2026-03-22 00:04:00+00:00, run_after=2026-03-22 00:05:00+00:00
[2026-03-22T00:05:27.158+0000] {processor.py:208} INFO - Processing /home/airflow/.local/lib/python3.12/site-packages/airflow/example_dags/example_branch_python_dop_operator_3.py took 0.146 seconds
[2026-03-22T00:05:57.686+0000] {processor.py:186} INFO - Started process (PID=25159) to work on /home/airflow/.local/lib/python3.12/site-packages/airflow/example_dags/example_branch_python_dop_operator_3.py
[2026-03-22T00:05:57.688+0000] {processor.py:914} INFO - Processing file /home/airflow/.local/lib/python3.12/site-packages/airflow/example_dags/example_branch_python_dop_operator_3.py for tasks to queue
[2026-03-22T00:05:57.690+0000] {logging_mixin.py:190} INFO - [2026-03-22T00:05:57.689+0000] {dagbag.py:588} INFO - Filling up the DagBag from /home/airflow/.local/lib/python3.12/site-packages/airflow/example_dags/example_branch_python_dop_operator_3.py
[2026-03-22T00:05:57.704+0000] {processor.py:925} INFO - DAG(s) 'example_branch_dop_operator_v3' retrieved from /home/airflow/.local/lib/python3.12/site-packages/airflow/example_dags/example_branch_python_dop_operator_3.py
[2026-03-22T00:05:57.732+0000] {logging_mixin.py:190} INFO - [2026-03-22T00:05:57.731+0000] {dag.py:3239} INFO - Sync 1 DAGs
[2026-03-22T00:05:57.767+0000] {logging_mixin.py:190} INFO - [2026-03-22T00:05:57.766+0000] {dag.py:4180} INFO - Setting next_dagrun for example_branch_dop_operator_v3 to 2026-03-22 00:04:00+00:00, run_after=2026-03-22 00:05:00+00:00
[2026-03-22T00:05:57.799+0000] {processor.py:208} INFO - Processing /home/airflow/.local/lib/python3.12/site-packages/airflow/example_dags/example_branch_python_dop_operator_3.py took 0.120 seconds
[2026-03-22T00:06:28.331+0000] {processor.py:186} INFO - Started process (PID=25224) to work on /home/airflow/.local/lib/python3.12/site-packages/airflow/example_dags/example_branch_python_dop_operator_3.py
[2026-03-22T00:06:28.332+0000] {processor.py:914} INFO - Processing file /home/airflow/.local/lib/python3.12/site-packages/airflow/example_dags/example_branch_python_dop_operator_3.py for tasks to queue
[2026-03-22T00:06:28.334+0000] {logging_mixin.py:190} INFO - [2026-03-22T00:06:28.334+0000] {dagbag.py:588} INFO - Filling up the DagBag from /home/airflow/.local/lib/python3.12/site-packages/airflow/example_dags/example_branch_python_dop_operator_3.py
[2026-03-22T00:06:28.348+0000] {processor.py:925} INFO - DAG(s) 'example_branch_dop_operator_v3' retrieved from /home/airflow/.local/lib/python3.12/site-packages/airflow/example_dags/example_branch_python_dop_operator_3.py
[2026-03-22T00:06:28.374+0000] {logging_mixin.py:190} INFO - [2026-03-22T00:06:28.374+0000] {dag.py:3239} INFO - Sync 1 DAGs
[2026-03-22T00:06:28.410+0000] {logging_mixin.py:190} INFO - [2026-03-22T00:06:28.410+0000] {dag.py:4180} INFO - Setting next_dagrun for example_branch_dop_operator_v3 to 2026-03-22 00:05:00+00:00, run_after=2026-03-22 00:06:00+00:00
[2026-03-22T00:06:28.438+0000] {processor.py:208} INFO - Processing /home/airflow/.local/lib/python3.12/site-packages/airflow/example_dags/example_branch_python_dop_operator_3.py took 0.115 seconds
[2026-03-22T00:06:58.879+0000] {processor.py:186} INFO - Started process (PID=25289) to work on /home/airflow/.local/lib/python3.12/site-packages/airflow/example_dags/example_branch_python_dop_operator_3.py
[2026-03-22T00:06:58.883+0000] {processor.py:914} INFO - Processing file /home/airflow/.local/lib/python3.12/site-packages/airflow/example_dags/example_branch_python_dop_operator_3.py for tasks to queue
[2026-03-22T00:06:58.886+0000] {logging_mixin.py:190} INFO - [2026-03-22T00:06:58.885+0000] {dagbag.py:588} INFO - Filling up the DagBag from /home/airflow/.local/lib/python3.12/site-packages/airflow/example_dags/example_branch_python_dop_operator_3.py
[2026-03-22T00:06:58.908+0000] {processor.py:925} INFO - DAG(s) 'example_branch_dop_operator_v3' retrieved from /home/airflow/.local/lib/python3.12/site-packages/airflow/example_dags/example_branch_python_dop_operator_3.py
[2026-03-22T00:06:58.950+0000] {logging_mixin.py:190} INFO - [2026-03-22T00:06:58.949+0000] {dag.py:3239} INFO - Sync 1 DAGs
[2026-03-22T00:06:59.006+0000] {logging_mixin.py:190} INFO - [2026-03-22T00:06:59.006+0000] {dag.py:4180} INFO - Setting next_dagrun for example_branch_dop_operator_v3 to 2026-03-22 00:05:00+00:00, run_after=2026-03-22 00:06:00+00:00
[2026-03-22T00:06:59.050+0000] {processor.py:208} INFO - Processing /home/airflow/.local/lib/python3.12/site-packages/airflow/example_dags/example_branch_python_dop_operator_3.py took 0.183 seconds
[2026-03-22T00:07:39.316+0000] {processor.py:186} INFO - Started process (PID=25361) to work on /home/airflow/.local/lib/python3.12/site-packages/airflow/example_dags/example_branch_python_dop_operator_3.py
[2026-03-22T00:07:39.320+0000] {processor.py:914} INFO - Processing file /home/airflow/.local/lib/python3.12/site-packages/airflow/example_dags/example_branch_python_dop_operator_3.py for tasks to queue
[2026-03-22T00:07:39.326+0000] {logging_mixin.py:190} INFO - [2026-03-22T00:07:39.325+0000] {dagbag.py:588} INFO - Filling up the DagBag from /home/airflow/.local/lib/python3.12/site-packages/airflow/example_dags/example_branch_python_dop_operator_3.py
[2026-03-22T00:07:39.374+0000] {processor.py:925} INFO - DAG(s) 'example_branch_dop_operator_v3' retrieved from /home/airflow/.local/lib/python3.12/site-packages/airflow/example_dags/example_branch_python_dop_operator_3.py
[2026-03-22T00:07:39.446+0000] {logging_mixin.py:190} INFO - [2026-03-22T00:07:39.445+0000] {dag.py:3239} INFO - Sync 1 DAGs
[2026-03-22T00:07:39.555+0000] {logging_mixin.py:190} INFO - [2026-03-22T00:07:39.554+0000] {dag.py:4180} INFO - Setting next_dagrun for example_branch_dop_operator_v3 to 2026-03-22 00:06:00+00:00, run_after=2026-03-22 00:07:00+00:00
[2026-03-22T00:07:39.636+0000] {processor.py:208} INFO - Processing /home/airflow/.local/lib/python3.12/site-packages/airflow/example_dags/example_branch_python_dop_operator_3.py took 0.343 seconds
[2026-03-22T00:08:13.673+0000] {processor.py:186} INFO - Started process (PID=25426) to work on /home/airflow/.local/lib/python3.12/site-packages/airflow/example_dags/example_branch_python_dop_operator_3.py
[2026-03-22T00:08:13.678+0000] {processor.py:914} INFO - Processing file /home/airflow/.local/lib/python3.12/site-packages/airflow/example_dags/example_branch_python_dop_operator_3.py for tasks to queue
[2026-03-22T00:08:13.696+0000] {logging_mixin.py:190} INFO - [2026-03-22T00:08:13.687+0000] {dagbag.py:588} INFO - Filling up the DagBag from /home/airflow/.local/lib/python3.12/site-packages/airflow/example_dags/example_branch_python_dop_operator_3.py
[2026-03-22T00:08:13.832+0000] {processor.py:925} INFO - DAG(s) 'example_branch_dop_operator_v3' retrieved from /home/airflow/.local/lib/python3.12/site-packages/airflow/example_dags/example_branch_python_dop_operator_3.py
[2026-03-22T00:08:14.061+0000] {logging_mixin.py:190} INFO - [2026-03-22T00:08:14.059+0000] {dag.py:3239} INFO - Sync 1 DAGs
[2026-03-22T00:08:14.415+0000] {logging_mixin.py:190} INFO - [2026-03-22T00:08:14.415+0000] {dag.py:4180} INFO - Setting next_dagrun for example_branch_dop_operator_v3 to 2026-03-22 00:07:00+00:00, run_after=2026-03-22 00:08:00+00:00
[2026-03-22T00:08:14.575+0000] {processor.py:208} INFO - Processing /home/airflow/.local/lib/python3.12/site-packages/airflow/example_dags/example_branch_python_dop_operator_3.py took 0.989 seconds
[2026-03-22T00:08:45.203+0000] {processor.py:186} INFO - Started process (PID=25490) to work on /home/airflow/.local/lib/python3.12/site-packages/airflow/example_dags/example_branch_python_dop_operator_3.py
[2026-03-22T00:08:45.209+0000] {processor.py:914} INFO - Processing file /home/airflow/.local/lib/python3.12/site-packages/airflow/example_dags/example_branch_python_dop_operator_3.py for tasks to queue
[2026-03-22T00:08:45.217+0000] {logging_mixin.py:190} INFO - [2026-03-22T00:08:45.215+0000] {dagbag.py:588} INFO - Filling up the DagBag from /home/airflow/.local/lib/python3.12/site-packages/airflow/example_dags/example_branch_python_dop_operator_3.py
[2026-03-22T00:08:45.290+0000] {processor.py:925} INFO - DAG(s) 'example_branch_dop_operator_v3' retrieved from /home/airflow/.local/lib/python3.12/site-packages/airflow/example_dags/example_branch_python_dop_operator_3.py
[2026-03-22T00:08:45.369+0000] {logging_mixin.py:190} INFO - [2026-03-22T00:08:45.368+0000] {dag.py:3239} INFO - Sync 1 DAGs
[2026-03-22T00:08:45.497+0000] {logging_mixin.py:190} INFO - [2026-03-22T00:08:45.496+0000] {dag.py:4180} INFO - Setting next_dagrun for example_branch_dop_operator_v3 to 2026-03-22 00:07:00+00:00, run_after=2026-03-22 00:08:00+00:00
[2026-03-22T00:08:45.575+0000] {processor.py:208} INFO - Processing /home/airflow/.local/lib/python3.12/site-packages/airflow/example_dags/example_branch_python_dop_operator_3.py took 0.414 seconds
[2026-03-22T00:09:16.291+0000] {processor.py:186} INFO - Started process (PID=25554) to work on /home/airflow/.local/lib/python3.12/site-packages/airflow/example_dags/example_branch_python_dop_operator_3.py
[2026-03-22T00:09:16.293+0000] {processor.py:914} INFO - Processing file /home/airflow/.local/lib/python3.12/site-packages/airflow/example_dags/example_branch_python_dop_operator_3.py for tasks to queue
[2026-03-22T00:09:16.296+0000] {logging_mixin.py:190} INFO - [2026-03-22T00:09:16.295+0000] {dagbag.py:588} INFO - Filling up the DagBag from /home/airflow/.local/lib/python3.12/site-packages/airflow/example_dags/example_branch_python_dop_operator_3.py
[2026-03-22T00:09:16.313+0000] {processor.py:925} INFO - DAG(s) 'example_branch_dop_operator_v3' retrieved from /home/airflow/.local/lib/python3.12/site-packages/airflow/example_dags/example_branch_python_dop_operator_3.py
[2026-03-22T00:09:16.344+0000] {logging_mixin.py:190} INFO - [2026-03-22T00:09:16.344+0000] {dag.py:3239} INFO - Sync 1 DAGs
[2026-03-22T00:09:16.383+0000] {logging_mixin.py:190} INFO - [2026-03-22T00:09:16.382+0000] {dag.py:4180} INFO - Setting next_dagrun for example_branch_dop_operator_v3 to 2026-03-22 00:08:00+00:00, run_after=2026-03-22 00:09:00+00:00
[2026-03-22T00:09:16.410+0000] {processor.py:208} INFO - Processing /home/airflow/.local/lib/python3.12/site-packages/airflow/example_dags/example_branch_python_dop_operator_3.py took 0.127 seconds
[2026-03-22T00:09:46.525+0000] {processor.py:186} INFO - Started process (PID=25619) to work on /home/airflow/.local/lib/python3.12/site-packages/airflow/example_dags/example_branch_python_dop_operator_3.py
[2026-03-22T00:09:46.526+0000] {processor.py:914} INFO - Processing file /home/airflow/.local/lib/python3.12/site-packages/airflow/example_dags/example_branch_python_dop_operator_3.py for tasks to queue
[2026-03-22T00:09:46.528+0000] {logging_mixin.py:190} INFO - [2026-03-22T00:09:46.528+0000] {dagbag.py:588} INFO - Filling up the DagBag from /home/airflow/.local/lib/python3.12/site-packages/airflow/example_dags/example_branch_python_dop_operator_3.py
[2026-03-22T00:09:46.536+0000] {processor.py:925} INFO - DAG(s) 'example_branch_dop_operator_v3' retrieved from /home/airflow/.local/lib/python3.12/site-packages/airflow/example_dags/example_branch_python_dop_operator_3.py
[2026-03-22T00:09:46.555+0000] {logging_mixin.py:190} INFO - [2026-03-22T00:09:46.555+0000] {dag.py:3239} INFO - Sync 1 DAGs
[2026-03-22T00:09:46.579+0000] {logging_mixin.py:190} INFO - [2026-03-22T00:09:46.579+0000] {dag.py:4180} INFO - Setting next_dagrun for example_branch_dop_operator_v3 to 2026-03-22 00:08:00+00:00, run_after=2026-03-22 00:09:00+00:00
[2026-03-22T00:09:46.599+0000] {processor.py:208} INFO - Processing /home/airflow/.local/lib/python3.12/site-packages/airflow/example_dags/example_branch_python_dop_operator_3.py took 0.080 seconds
[2026-03-22T00:10:16.893+0000] {processor.py:186} INFO - Started process (PID=25684) to work on /home/airflow/.local/lib/python3.12/site-packages/airflow/example_dags/example_branch_python_dop_operator_3.py
[2026-03-22T00:10:16.894+0000] {processor.py:914} INFO - Processing file /home/airflow/.local/lib/python3.12/site-packages/airflow/example_dags/example_branch_python_dop_operator_3.py for tasks to queue
[2026-03-22T00:10:16.896+0000] {logging_mixin.py:190} INFO - [2026-03-22T00:10:16.896+0000] {dagbag.py:588} INFO - Filling up the DagBag from /home/airflow/.local/lib/python3.12/site-packages/airflow/example_dags/example_branch_python_dop_operator_3.py
[2026-03-22T00:10:16.905+0000] {processor.py:925} INFO - DAG(s) 'example_branch_dop_operator_v3' retrieved from /home/airflow/.local/lib/python3.12/site-packages/airflow/example_dags/example_branch_python_dop_operator_3.py
[2026-03-22T00:10:16.923+0000] {logging_mixin.py:190} INFO - [2026-03-22T00:10:16.923+0000] {dag.py:3239} INFO - Sync 1 DAGs
[2026-03-22T00:10:16.947+0000] {logging_mixin.py:190} INFO - [2026-03-22T00:10:16.946+0000] {dag.py:4180} INFO - Setting next_dagrun for example_branch_dop_operator_v3 to 2026-03-22 00:09:00+00:00, run_after=2026-03-22 00:10:00+00:00
[2026-03-22T00:10:16.965+0000] {processor.py:208} INFO - Processing /home/airflow/.local/lib/python3.12/site-packages/airflow/example_dags/example_branch_python_dop_operator_3.py took 0.078 seconds
[2026-03-22T00:10:47.188+0000] {processor.py:186} INFO - Started process (PID=25749) to work on /home/airflow/.local/lib/python3.12/site-packages/airflow/example_dags/example_branch_python_dop_operator_3.py
[2026-03-22T00:10:47.189+0000] {processor.py:914} INFO - Processing file /home/airflow/.local/lib/python3.12/site-packages/airflow/example_dags/example_branch_python_dop_operator_3.py for tasks to queue
[2026-03-22T00:10:47.191+0000] {logging_mixin.py:190} INFO - [2026-03-22T00:10:47.191+0000] {dagbag.py:588} INFO - Filling up the DagBag from /home/airflow/.local/lib/python3.12/site-packages/airflow/example_dags/example_branch_python_dop_operator_3.py
[2026-03-22T00:10:47.200+0000] {processor.py:925} INFO - DAG(s) 'example_branch_dop_operator_v3' retrieved from /home/airflow/.local/lib/python3.12/site-packages/airflow/example_dags/example_branch_python_dop_operator_3.py
[2026-03-22T00:10:47.217+0000] {logging_mixin.py:190} INFO - [2026-03-22T00:10:47.217+0000] {dag.py:3239} INFO - Sync 1 DAGs
[2026-03-22T00:10:47.238+0000] {logging_mixin.py:190} INFO - [2026-03-22T00:10:47.238+0000] {dag.py:4180} INFO - Setting next_dagrun for example_branch_dop_operator_v3 to 2026-03-22 00:09:00+00:00, run_after=2026-03-22 00:10:00+00:00
[2026-03-22T00:10:47.258+0000] {processor.py:208} INFO - Processing /home/airflow/.local/lib/python3.12/site-packages/airflow/example_dags/example_branch_python_dop_operator_3.py took 0.075 seconds
[2026-03-22T00:11:17.713+0000] {processor.py:186} INFO - Started process (PID=25814) to work on /home/airflow/.local/lib/python3.12/site-packages/airflow/example_dags/example_branch_python_dop_operator_3.py
[2026-03-22T00:11:17.714+0000] {processor.py:914} INFO - Processing file /home/airflow/.local/lib/python3.12/site-packages/airflow/example_dags/example_branch_python_dop_operator_3.py for tasks to queue
[2026-03-22T00:11:17.716+0000] {logging_mixin.py:190} INFO - [2026-03-22T00:11:17.716+0000] {dagbag.py:588} INFO - Filling up the DagBag from /home/airflow/.local/lib/python3.12/site-packages/airflow/example_dags/example_branch_python_dop_operator_3.py
[2026-03-22T00:11:17.725+0000] {processor.py:925} INFO - DAG(s) 'example_branch_dop_operator_v3' retrieved from /home/airflow/.local/lib/python3.12/site-packages/airflow/example_dags/example_branch_python_dop_operator_3.py
[2026-03-22T00:11:17.743+0000] {logging_mixin.py:190} INFO - [2026-03-22T00:11:17.742+0000] {dag.py:3239} INFO - Sync 1 DAGs
[2026-03-22T00:11:17.763+0000] {logging_mixin.py:190} INFO - [2026-03-22T00:11:17.763+0000] {dag.py:4180} INFO - Setting next_dagrun for example_branch_dop_operator_v3 to 2026-03-22 00:10:00+00:00, run_after=2026-03-22 00:11:00+00:00
[2026-03-22T00:11:17.783+0000] {processor.py:208} INFO - Processing /home/airflow/.local/lib/python3.12/site-packages/airflow/example_dags/example_branch_python_dop_operator_3.py took 0.075 seconds
[2026-03-22T00:11:48.176+0000] {processor.py:186} INFO - Started process (PID=25879) to work on /home/airflow/.local/lib/python3.12/site-packages/airflow/example_dags/example_branch_python_dop_operator_3.py
[2026-03-22T00:11:48.180+0000] {processor.py:914} INFO - Processing file /home/airflow/.local/lib/python3.12/site-packages/airflow/example_dags/example_branch_python_dop_operator_3.py for tasks to queue
[2026-03-22T00:11:48.182+0000] {logging_mixin.py:190} INFO - [2026-03-22T00:11:48.182+0000] {dagbag.py:588} INFO - Filling up the DagBag from /home/airflow/.local/lib/python3.12/site-packages/airflow/example_dags/example_branch_python_dop_operator_3.py
[2026-03-22T00:11:48.199+0000] {processor.py:925} INFO - DAG(s) 'example_branch_dop_operator_v3' retrieved from /home/airflow/.local/lib/python3.12/site-packages/airflow/example_dags/example_branch_python_dop_operator_3.py
[2026-03-22T00:11:48.230+0000] {logging_mixin.py:190} INFO - [2026-03-22T00:11:48.230+0000] {dag.py:3239} INFO - Sync 1 DAGs
[2026-03-22T00:11:48.270+0000] {logging_mixin.py:190} INFO - [2026-03-22T00:11:48.270+0000] {dag.py:4180} INFO - Setting next_dagrun for example_branch_dop_operator_v3 to 2026-03-22 00:10:00+00:00, run_after=2026-03-22 00:11:00+00:00
[2026-03-22T00:11:48.300+0000] {processor.py:208} INFO - Processing /home/airflow/.local/lib/python3.12/site-packages/airflow/example_dags/example_branch_python_dop_operator_3.py took 0.134 seconds
[2026-03-22T00:12:18.560+0000] {processor.py:186} INFO - Started process (PID=25944) to work on /home/airflow/.local/lib/python3.12/site-packages/airflow/example_dags/example_branch_python_dop_operator_3.py
[2026-03-22T00:12:18.563+0000] {processor.py:914} INFO - Processing file /home/airflow/.local/lib/python3.12/site-packages/airflow/example_dags/example_branch_python_dop_operator_3.py for tasks to queue
[2026-03-22T00:12:18.566+0000] {logging_mixin.py:190} INFO - [2026-03-22T00:12:18.565+0000] {dagbag.py:588} INFO - Filling up the DagBag from /home/airflow/.local/lib/python3.12/site-packages/airflow/example_dags/example_branch_python_dop_operator_3.py
[2026-03-22T00:12:18.583+0000] {processor.py:925} INFO - DAG(s) 'example_branch_dop_operator_v3' retrieved from /home/airflow/.local/lib/python3.12/site-packages/airflow/example_dags/example_branch_python_dop_operator_3.py
[2026-03-22T00:12:18.619+0000] {logging_mixin.py:190} INFO - [2026-03-22T00:12:18.618+0000] {dag.py:3239} INFO - Sync 1 DAGs
[2026-03-22T00:12:18.664+0000] {logging_mixin.py:190} INFO - [2026-03-22T00:12:18.664+0000] {dag.py:4180} INFO - Setting next_dagrun for example_branch_dop_operator_v3 to 2026-03-22 00:11:00+00:00, run_after=2026-03-22 00:12:00+00:00
[2026-03-22T00:12:18.701+0000] {processor.py:208} INFO - Processing /home/airflow/.local/lib/python3.12/site-packages/airflow/example_dags/example_branch_python_dop_operator_3.py took 0.151 seconds
[2026-03-22T00:12:48.967+0000] {processor.py:186} INFO - Started process (PID=26009) to work on /home/airflow/.local/lib/python3.12/site-packages/airflow/example_dags/example_branch_python_dop_operator_3.py
[2026-03-22T00:12:48.969+0000] {processor.py:914} INFO - Processing file /home/airflow/.local/lib/python3.12/site-packages/airflow/example_dags/example_branch_python_dop_operator_3.py for tasks to queue
[2026-03-22T00:12:48.971+0000] {logging_mixin.py:190} INFO - [2026-03-22T00:12:48.970+0000] {dagbag.py:588} INFO - Filling up the DagBag from /home/airflow/.local/lib/python3.12/site-packages/airflow/example_dags/example_branch_python_dop_operator_3.py
[2026-03-22T00:12:48.979+0000] {processor.py:925} INFO - DAG(s) 'example_branch_dop_operator_v3' retrieved from /home/airflow/.local/lib/python3.12/site-packages/airflow/example_dags/example_branch_python_dop_operator_3.py
[2026-03-22T00:12:48.998+0000] {logging_mixin.py:190} INFO - [2026-03-22T00:12:48.997+0000] {dag.py:3239} INFO - Sync 1 DAGs
[2026-03-22T00:12:49.017+0000] {logging_mixin.py:190} INFO - [2026-03-22T00:12:49.017+0000] {dag.py:4180} INFO - Setting next_dagrun for example_branch_dop_operator_v3 to 2026-03-22 00:11:00+00:00, run_after=2026-03-22 00:12:00+00:00
[2026-03-22T00:12:49.036+0000] {processor.py:208} INFO - Processing /home/airflow/.local/lib/python3.12/site-packages/airflow/example_dags/example_branch_python_dop_operator_3.py took 0.074 seconds
[2026-03-22T00:13:19.860+0000] {processor.py:186} INFO - Started process (PID=26074) to work on /home/airflow/.local/lib/python3.12/site-packages/airflow/example_dags/example_branch_python_dop_operator_3.py
[2026-03-22T00:13:19.862+0000] {processor.py:914} INFO - Processing file /home/airflow/.local/lib/python3.12/site-packages/airflow/example_dags/example_branch_python_dop_operator_3.py for tasks to queue
[2026-03-22T00:13:19.865+0000] {logging_mixin.py:190} INFO - [2026-03-22T00:13:19.865+0000] {dagbag.py:588} INFO - Filling up the DagBag from /home/airflow/.local/lib/python3.12/site-packages/airflow/example_dags/example_branch_python_dop_operator_3.py
[2026-03-22T00:13:19.876+0000] {processor.py:925} INFO - DAG(s) 'example_branch_dop_operator_v3' retrieved from /home/airflow/.local/lib/python3.12/site-packages/airflow/example_dags/example_branch_python_dop_operator_3.py
[2026-03-22T00:13:19.894+0000] {logging_mixin.py:190} INFO - [2026-03-22T00:13:19.894+0000] {dag.py:3239} INFO - Sync 1 DAGs
[2026-03-22T00:13:19.917+0000] {logging_mixin.py:190} INFO - [2026-03-22T00:13:19.917+0000] {dag.py:4180} INFO - Setting next_dagrun for example_branch_dop_operator_v3 to 2026-03-22 00:12:00+00:00, run_after=2026-03-22 00:13:00+00:00
[2026-03-22T00:13:19.937+0000] {processor.py:208} INFO - Processing /home/airflow/.local/lib/python3.12/site-packages/airflow/example_dags/example_branch_python_dop_operator_3.py took 0.082 seconds
[2026-03-22T00:13:50.379+0000] {processor.py:186} INFO - Started process (PID=26139) to work on /home/airflow/.local/lib/python3.12/site-packages/airflow/example_dags/example_branch_python_dop_operator_3.py
[2026-03-22T00:13:50.381+0000] {processor.py:914} INFO - Processing file /home/airflow/.local/lib/python3.12/site-packages/airflow/example_dags/example_branch_python_dop_operator_3.py for tasks to queue
[2026-03-22T00:13:50.382+0000] {logging_mixin.py:190} INFO - [2026-03-22T00:13:50.382+0000] {dagbag.py:588} INFO - Filling up the DagBag from /home/airflow/.local/lib/python3.12/site-packages/airflow/example_dags/example_branch_python_dop_operator_3.py
[2026-03-22T00:13:50.391+0000] {processor.py:925} INFO - DAG(s) 'example_branch_dop_operator_v3' retrieved from /home/airflow/.local/lib/python3.12/site-packages/airflow/example_dags/example_branch_python_dop_operator_3.py
[2026-03-22T00:13:50.409+0000] {logging_mixin.py:190} INFO - [2026-03-22T00:13:50.409+0000] {dag.py:3239} INFO - Sync 1 DAGs
[2026-03-22T00:13:50.430+0000] {logging_mixin.py:190} INFO - [2026-03-22T00:13:50.430+0000] {dag.py:4180} INFO - Setting next_dagrun for example_branch_dop_operator_v3 to 2026-03-22 00:12:00+00:00, run_after=2026-03-22 00:13:00+00:00
[2026-03-22T00:13:50.449+0000] {processor.py:208} INFO - Processing /home/airflow/.local/lib/python3.12/site-packages/airflow/example_dags/example_branch_python_dop_operator_3.py took 0.076 seconds
[2026-03-22T00:14:21.007+0000] {processor.py:186} INFO - Started process (PID=26204) to work on /home/airflow/.local/lib/python3.12/site-packages/airflow/example_dags/example_branch_python_dop_operator_3.py
[2026-03-22T00:14:21.009+0000] {processor.py:914} INFO - Processing file /home/airflow/.local/lib/python3.12/site-packages/airflow/example_dags/example_branch_python_dop_operator_3.py for tasks to queue
[2026-03-22T00:14:21.011+0000] {logging_mixin.py:190} INFO - [2026-03-22T00:14:21.010+0000] {dagbag.py:588} INFO - Filling up the DagBag from /home/airflow/.local/lib/python3.12/site-packages/airflow/example_dags/example_branch_python_dop_operator_3.py
[2026-03-22T00:14:21.019+0000] {processor.py:925} INFO - DAG(s) 'example_branch_dop_operator_v3' retrieved from /home/airflow/.local/lib/python3.12/site-packages/airflow/example_dags/example_branch_python_dop_operator_3.py
[2026-03-22T00:14:21.037+0000] {logging_mixin.py:190} INFO - [2026-03-22T00:14:21.037+0000] {dag.py:3239} INFO - Sync 1 DAGs
[2026-03-22T00:14:21.058+0000] {logging_mixin.py:190} INFO - [2026-03-22T00:14:21.058+0000] {dag.py:4180} INFO - Setting next_dagrun for example_branch_dop_operator_v3 to 2026-03-22 00:13:00+00:00, run_after=2026-03-22 00:14:00+00:00
[2026-03-22T00:14:21.076+0000] {processor.py:208} INFO - Processing /home/airflow/.local/lib/python3.12/site-packages/airflow/example_dags/example_branch_python_dop_operator_3.py took 0.076 seconds
[2026-03-22T00:14:51.710+0000] {processor.py:186} INFO - Started process (PID=26269) to work on /home/airflow/.local/lib/python3.12/site-packages/airflow/example_dags/example_branch_python_dop_operator_3.py
[2026-03-22T00:14:51.712+0000] {processor.py:914} INFO - Processing file /home/airflow/.local/lib/python3.12/site-packages/airflow/example_dags/example_branch_python_dop_operator_3.py for tasks to queue
[2026-03-22T00:14:51.714+0000] {logging_mixin.py:190} INFO - [2026-03-22T00:14:51.713+0000] {dagbag.py:588} INFO - Filling up the DagBag from /home/airflow/.local/lib/python3.12/site-packages/airflow/example_dags/example_branch_python_dop_operator_3.py
[2026-03-22T00:14:51.722+0000] {processor.py:925} INFO - DAG(s) 'example_branch_dop_operator_v3' retrieved from /home/airflow/.local/lib/python3.12/site-packages/airflow/example_dags/example_branch_python_dop_operator_3.py
[2026-03-22T00:14:51.741+0000] {logging_mixin.py:190} INFO - [2026-03-22T00:14:51.740+0000] {dag.py:3239} INFO - Sync 1 DAGs
[2026-03-22T00:14:51.761+0000] {logging_mixin.py:190} INFO - [2026-03-22T00:14:51.761+0000] {dag.py:4180} INFO - Setting next_dagrun for example_branch_dop_operator_v3 to 2026-03-22 00:13:00+00:00, run_after=2026-03-22 00:14:00+00:00
[2026-03-22T00:14:51.780+0000] {processor.py:208} INFO - Processing /home/airflow/.local/lib/python3.12/site-packages/airflow/example_dags/example_branch_python_dop_operator_3.py took 0.076 seconds
[2026-03-22T00:15:22.403+0000] {processor.py:186} INFO - Started process (PID=26333) to work on /home/airflow/.local/lib/python3.12/site-packages/airflow/example_dags/example_branch_python_dop_operator_3.py
[2026-03-22T00:15:22.405+0000] {processor.py:914} INFO - Processing file /home/airflow/.local/lib/python3.12/site-packages/airflow/example_dags/example_branch_python_dop_operator_3.py for tasks to queue
[2026-03-22T00:15:22.406+0000] {logging_mixin.py:190} INFO - [2026-03-22T00:15:22.406+0000] {dagbag.py:588} INFO - Filling up the DagBag from /home/airflow/.local/lib/python3.12/site-packages/airflow/example_dags/example_branch_python_dop_operator_3.py
[2026-03-22T00:15:22.418+0000] {processor.py:925} INFO - DAG(s) 'example_branch_dop_operator_v3' retrieved from /home/airflow/.local/lib/python3.12/site-packages/airflow/example_dags/example_branch_python_dop_operator_3.py
[2026-03-22T00:15:22.438+0000] {logging_mixin.py:190} INFO - [2026-03-22T00:15:22.437+0000] {dag.py:3239} INFO - Sync 1 DAGs
[2026-03-22T00:15:22.466+0000] {logging_mixin.py:190} INFO - [2026-03-22T00:15:22.466+0000] {dag.py:4180} INFO - Setting next_dagrun for example_branch_dop_operator_v3 to 2026-03-22 00:14:00+00:00, run_after=2026-03-22 00:15:00+00:00
[2026-03-22T00:15:22.488+0000] {processor.py:208} INFO - Processing /home/airflow/.local/lib/python3.12/site-packages/airflow/example_dags/example_branch_python_dop_operator_3.py took 0.090 seconds
[2026-03-22T02:12:53.761+0000] {processor.py:186} INFO - Started process (PID=26399) to work on /home/airflow/.local/lib/python3.12/site-packages/airflow/example_dags/example_branch_python_dop_operator_3.py
[2026-03-22T02:12:53.762+0000] {processor.py:914} INFO - Processing file /home/airflow/.local/lib/python3.12/site-packages/airflow/example_dags/example_branch_python_dop_operator_3.py for tasks to queue
[2026-03-22T02:12:53.763+0000] {logging_mixin.py:190} INFO - [2026-03-22T02:12:53.763+0000] {dagbag.py:588} INFO - Filling up the DagBag from /home/airflow/.local/lib/python3.12/site-packages/airflow/example_dags/example_branch_python_dop_operator_3.py
[2026-03-22T02:12:53.774+0000] {processor.py:925} INFO - DAG(s) 'example_branch_dop_operator_v3' retrieved from /home/airflow/.local/lib/python3.12/site-packages/airflow/example_dags/example_branch_python_dop_operator_3.py
[2026-03-22T02:12:53.794+0000] {logging_mixin.py:190} INFO - [2026-03-22T02:12:53.794+0000] {dag.py:3239} INFO - Sync 1 DAGs
[2026-03-22T02:12:53.823+0000] {logging_mixin.py:190} INFO - [2026-03-22T02:12:53.823+0000] {dag.py:4180} INFO - Setting next_dagrun for example_branch_dop_operator_v3 to 2026-03-22 02:11:00+00:00, run_after=2026-03-22 02:12:00+00:00
[2026-03-22T02:12:53.844+0000] {processor.py:208} INFO - Processing /home/airflow/.local/lib/python3.12/site-packages/airflow/example_dags/example_branch_python_dop_operator_3.py took 0.090 seconds
[2026-03-22T02:13:24.169+0000] {processor.py:186} INFO - Started process (PID=26464) to work on /home/airflow/.local/lib/python3.12/site-packages/airflow/example_dags/example_branch_python_dop_operator_3.py
[2026-03-22T02:13:24.171+0000] {processor.py:914} INFO - Processing file /home/airflow/.local/lib/python3.12/site-packages/airflow/example_dags/example_branch_python_dop_operator_3.py for tasks to queue
[2026-03-22T02:13:24.172+0000] {logging_mixin.py:190} INFO - [2026-03-22T02:13:24.172+0000] {dagbag.py:588} INFO - Filling up the DagBag from /home/airflow/.local/lib/python3.12/site-packages/airflow/example_dags/example_branch_python_dop_operator_3.py
[2026-03-22T02:13:24.182+0000] {processor.py:925} INFO - DAG(s) 'example_branch_dop_operator_v3' retrieved from /home/airflow/.local/lib/python3.12/site-packages/airflow/example_dags/example_branch_python_dop_operator_3.py
[2026-03-22T02:13:24.200+0000] {logging_mixin.py:190} INFO - [2026-03-22T02:13:24.200+0000] {dag.py:3239} INFO - Sync 1 DAGs
[2026-03-22T02:13:24.219+0000] {logging_mixin.py:190} INFO - [2026-03-22T02:13:24.219+0000] {dag.py:4180} INFO - Setting next_dagrun for example_branch_dop_operator_v3 to 2026-03-22 02:12:00+00:00, run_after=2026-03-22 02:13:00+00:00
[2026-03-22T02:13:24.235+0000] {processor.py:208} INFO - Processing /home/airflow/.local/lib/python3.12/site-packages/airflow/example_dags/example_branch_python_dop_operator_3.py took 0.071 seconds
[2026-03-22T02:13:54.623+0000] {processor.py:186} INFO - Started process (PID=26528) to work on /home/airflow/.local/lib/python3.12/site-packages/airflow/example_dags/example_branch_python_dop_operator_3.py
[2026-03-22T02:13:54.624+0000] {processor.py:914} INFO - Processing file /home/airflow/.local/lib/python3.12/site-packages/airflow/example_dags/example_branch_python_dop_operator_3.py for tasks to queue
[2026-03-22T02:13:54.625+0000] {logging_mixin.py:190} INFO - [2026-03-22T02:13:54.625+0000] {dagbag.py:588} INFO - Filling up the DagBag from /home/airflow/.local/lib/python3.12/site-packages/airflow/example_dags/example_branch_python_dop_operator_3.py
[2026-03-22T02:13:54.642+0000] {processor.py:925} INFO - DAG(s) 'example_branch_dop_operator_v3' retrieved from /home/airflow/.local/lib/python3.12/site-packages/airflow/example_dags/example_branch_python_dop_operator_3.py
[2026-03-22T02:13:54.662+0000] {logging_mixin.py:190} INFO - [2026-03-22T02:13:54.662+0000] {dag.py:3239} INFO - Sync 1 DAGs
[2026-03-22T02:13:54.688+0000] {logging_mixin.py:190} INFO - [2026-03-22T02:13:54.687+0000] {dag.py:4180} INFO - Setting next_dagrun for example_branch_dop_operator_v3 to 2026-03-22 02:12:00+00:00, run_after=2026-03-22 02:13:00+00:00
[2026-03-22T02:13:54.706+0000] {processor.py:208} INFO - Processing /home/airflow/.local/lib/python3.12/site-packages/airflow/example_dags/example_branch_python_dop_operator_3.py took 0.089 seconds
[2026-03-22T02:14:25.416+0000] {processor.py:186} INFO - Started process (PID=26593) to work on /home/airflow/.local/lib/python3.12/site-packages/airflow/example_dags/example_branch_python_dop_operator_3.py
[2026-03-22T02:14:25.417+0000] {processor.py:914} INFO - Processing file /home/airflow/.local/lib/python3.12/site-packages/airflow/example_dags/example_branch_python_dop_operator_3.py for tasks to queue
[2026-03-22T02:14:25.418+0000] {logging_mixin.py:190} INFO - [2026-03-22T02:14:25.418+0000] {dagbag.py:588} INFO - Filling up the DagBag from /home/airflow/.local/lib/python3.12/site-packages/airflow/example_dags/example_branch_python_dop_operator_3.py
[2026-03-22T02:14:25.427+0000] {processor.py:925} INFO - DAG(s) 'example_branch_dop_operator_v3' retrieved from /home/airflow/.local/lib/python3.12/site-packages/airflow/example_dags/example_branch_python_dop_operator_3.py
[2026-03-22T02:14:25.446+0000] {logging_mixin.py:190} INFO - [2026-03-22T02:14:25.446+0000] {dag.py:3239} INFO - Sync 1 DAGs
[2026-03-22T02:14:25.468+0000] {logging_mixin.py:190} INFO - [2026-03-22T02:14:25.468+0000] {dag.py:4180} INFO - Setting next_dagrun for example_branch_dop_operator_v3 to 2026-03-22 02:13:00+00:00, run_after=2026-03-22 02:14:00+00:00
[2026-03-22T02:14:25.488+0000] {processor.py:208} INFO - Processing /home/airflow/.local/lib/python3.12/site-packages/airflow/example_dags/example_branch_python_dop_operator_3.py took 0.077 seconds
[2026-03-22T02:14:56.028+0000] {processor.py:186} INFO - Started process (PID=26657) to work on /home/airflow/.local/lib/python3.12/site-packages/airflow/example_dags/example_branch_python_dop_operator_3.py
[2026-03-22T02:14:56.029+0000] {processor.py:914} INFO - Processing file /home/airflow/.local/lib/python3.12/site-packages/airflow/example_dags/example_branch_python_dop_operator_3.py for tasks to queue
[2026-03-22T02:14:56.030+0000] {logging_mixin.py:190} INFO - [2026-03-22T02:14:56.030+0000] {dagbag.py:588} INFO - Filling up the DagBag from /home/airflow/.local/lib/python3.12/site-packages/airflow/example_dags/example_branch_python_dop_operator_3.py
[2026-03-22T02:14:56.041+0000] {processor.py:925} INFO - DAG(s) 'example_branch_dop_operator_v3' retrieved from /home/airflow/.local/lib/python3.12/site-packages/airflow/example_dags/example_branch_python_dop_operator_3.py
[2026-03-22T02:14:56.061+0000] {logging_mixin.py:190} INFO - [2026-03-22T02:14:56.061+0000] {dag.py:3239} INFO - Sync 1 DAGs
[2026-03-22T02:14:56.090+0000] {logging_mixin.py:190} INFO - [2026-03-22T02:14:56.089+0000] {dag.py:4180} INFO - Setting next_dagrun for example_branch_dop_operator_v3 to 2026-03-22 02:13:00+00:00, run_after=2026-03-22 02:14:00+00:00
[2026-03-22T02:14:56.109+0000] {processor.py:208} INFO - Processing /home/airflow/.local/lib/python3.12/site-packages/airflow/example_dags/example_branch_python_dop_operator_3.py took 0.086 seconds
[2026-03-22T02:15:26.718+0000] {processor.py:186} INFO - Started process (PID=26723) to work on /home/airflow/.local/lib/python3.12/site-packages/airflow/example_dags/example_branch_python_dop_operator_3.py
[2026-03-22T02:15:26.719+0000] {processor.py:914} INFO - Processing file /home/airflow/.local/lib/python3.12/site-packages/airflow/example_dags/example_branch_python_dop_operator_3.py for tasks to queue
[2026-03-22T02:15:26.721+0000] {logging_mixin.py:190} INFO - [2026-03-22T02:15:26.721+0000] {dagbag.py:588} INFO - Filling up the DagBag from /home/airflow/.local/lib/python3.12/site-packages/airflow/example_dags/example_branch_python_dop_operator_3.py
[2026-03-22T02:15:26.736+0000] {processor.py:925} INFO - DAG(s) 'example_branch_dop_operator_v3' retrieved from /home/airflow/.local/lib/python3.12/site-packages/airflow/example_dags/example_branch_python_dop_operator_3.py
[2026-03-22T02:15:26.757+0000] {logging_mixin.py:190} INFO - [2026-03-22T02:15:26.757+0000] {dag.py:3239} INFO - Sync 1 DAGs
[2026-03-22T02:15:26.783+0000] {logging_mixin.py:190} INFO - [2026-03-22T02:15:26.783+0000] {dag.py:4180} INFO - Setting next_dagrun for example_branch_dop_operator_v3 to 2026-03-22 02:14:00+00:00, run_after=2026-03-22 02:15:00+00:00
[2026-03-22T02:15:26.801+0000] {processor.py:208} INFO - Processing /home/airflow/.local/lib/python3.12/site-packages/airflow/example_dags/example_branch_python_dop_operator_3.py took 0.089 seconds
[2026-03-22T02:15:57.862+0000] {processor.py:186} INFO - Started process (PID=26788) to work on /home/airflow/.local/lib/python3.12/site-packages/airflow/example_dags/example_branch_python_dop_operator_3.py
[2026-03-22T02:15:57.864+0000] {processor.py:914} INFO - Processing file /home/airflow/.local/lib/python3.12/site-packages/airflow/example_dags/example_branch_python_dop_operator_3.py for tasks to queue
[2026-03-22T02:15:57.866+0000] {logging_mixin.py:190} INFO - [2026-03-22T02:15:57.865+0000] {dagbag.py:588} INFO - Filling up the DagBag from /home/airflow/.local/lib/python3.12/site-packages/airflow/example_dags/example_branch_python_dop_operator_3.py
[2026-03-22T02:15:57.876+0000] {processor.py:925} INFO - DAG(s) 'example_branch_dop_operator_v3' retrieved from /home/airflow/.local/lib/python3.12/site-packages/airflow/example_dags/example_branch_python_dop_operator_3.py
[2026-03-22T02:15:57.896+0000] {logging_mixin.py:190} INFO - [2026-03-22T02:15:57.896+0000] {dag.py:3239} INFO - Sync 1 DAGs
[2026-03-22T02:15:57.916+0000] {logging_mixin.py:190} INFO - [2026-03-22T02:15:57.916+0000] {dag.py:4180} INFO - Setting next_dagrun for example_branch_dop_operator_v3 to 2026-03-22 02:14:00+00:00, run_after=2026-03-22 02:15:00+00:00
[2026-03-22T02:15:57.934+0000] {processor.py:208} INFO - Processing /home/airflow/.local/lib/python3.12/site-packages/airflow/example_dags/example_branch_python_dop_operator_3.py took 0.079 seconds
[2026-03-22T02:16:28.460+0000] {processor.py:186} INFO - Started process (PID=26853) to work on /home/airflow/.local/lib/python3.12/site-packages/airflow/example_dags/example_branch_python_dop_operator_3.py
[2026-03-22T02:16:28.462+0000] {processor.py:914} INFO - Processing file /home/airflow/.local/lib/python3.12/site-packages/airflow/example_dags/example_branch_python_dop_operator_3.py for tasks to queue
[2026-03-22T02:16:28.464+0000] {logging_mixin.py:190} INFO - [2026-03-22T02:16:28.464+0000] {dagbag.py:588} INFO - Filling up the DagBag from /home/airflow/.local/lib/python3.12/site-packages/airflow/example_dags/example_branch_python_dop_operator_3.py
[2026-03-22T02:16:28.476+0000] {processor.py:925} INFO - DAG(s) 'example_branch_dop_operator_v3' retrieved from /home/airflow/.local/lib/python3.12/site-packages/airflow/example_dags/example_branch_python_dop_operator_3.py
[2026-03-22T02:16:28.500+0000] {logging_mixin.py:190} INFO - [2026-03-22T02:16:28.500+0000] {dag.py:3239} INFO - Sync 1 DAGs
[2026-03-22T02:16:28.523+0000] {logging_mixin.py:190} INFO - [2026-03-22T02:16:28.523+0000] {dag.py:4180} INFO - Setting next_dagrun for example_branch_dop_operator_v3 to 2026-03-22 02:15:00+00:00, run_after=2026-03-22 02:16:00+00:00
[2026-03-22T02:16:28.541+0000] {processor.py:208} INFO - Processing /home/airflow/.local/lib/python3.12/site-packages/airflow/example_dags/example_branch_python_dop_operator_3.py took 0.088 seconds
[2026-03-22T02:16:59.418+0000] {processor.py:186} INFO - Started process (PID=26917) to work on /home/airflow/.local/lib/python3.12/site-packages/airflow/example_dags/example_branch_python_dop_operator_3.py
[2026-03-22T02:16:59.420+0000] {processor.py:914} INFO - Processing file /home/airflow/.local/lib/python3.12/site-packages/airflow/example_dags/example_branch_python_dop_operator_3.py for tasks to queue
[2026-03-22T02:16:59.423+0000] {logging_mixin.py:190} INFO - [2026-03-22T02:16:59.422+0000] {dagbag.py:588} INFO - Filling up the DagBag from /home/airflow/.local/lib/python3.12/site-packages/airflow/example_dags/example_branch_python_dop_operator_3.py
[2026-03-22T02:16:59.437+0000] {processor.py:925} INFO - DAG(s) 'example_branch_dop_operator_v3' retrieved from /home/airflow/.local/lib/python3.12/site-packages/airflow/example_dags/example_branch_python_dop_operator_3.py
[2026-03-22T02:16:59.469+0000] {logging_mixin.py:190} INFO - [2026-03-22T02:16:59.469+0000] {dag.py:3239} INFO - Sync 1 DAGs
[2026-03-22T02:16:59.513+0000] {logging_mixin.py:190} INFO - [2026-03-22T02:16:59.513+0000] {dag.py:4180} INFO - Setting next_dagrun for example_branch_dop_operator_v3 to 2026-03-22 02:15:00+00:00, run_after=2026-03-22 02:16:00+00:00
[2026-03-22T02:16:59.538+0000] {processor.py:208} INFO - Processing /home/airflow/.local/lib/python3.12/site-packages/airflow/example_dags/example_branch_python_dop_operator_3.py took 0.128 seconds
