[2026-03-22T00:00:45.433+0000] {processor.py:186} INFO - Started process (PID=24861) to work on /home/airflow/.local/lib/python3.12/site-packages/airflow/example_dags/example_inlet_event_extra.py
[2026-03-22T00:00:45.437+0000] {processor.py:914} INFO - Processing file /home/airflow/.local/lib/python3.12/site-packages/airflow/example_dags/example_inlet_event_extra.py for tasks to queue
[2026-03-22T00:00:45.441+0000] {logging_mixin.py:190} INFO - [2026-03-22T00:00:45.440+0000] {dagbag.py:588} INFO - Filling up the DagBag from /home/airflow/.local/lib/python3.12/site-packages/airflow/example_dags/example_inlet_event_extra.py
[2026-03-22T00:00:47.987+0000] {processor.py:925} INFO - DAG(s) 'read_dataset_event_from_classic', 'read_dataset_event' retrieved from /home/airflow/.local/lib/python3.12/site-packages/airflow/example_dags/example_inlet_event_extra.py
[2026-03-22T00:00:48.099+0000] {logging_mixin.py:190} INFO - [2026-03-22T00:00:48.098+0000] {dag.py:3239} INFO - Sync 2 DAGs
[2026-03-22T00:00:48.236+0000] {logging_mixin.py:190} INFO - [2026-03-22T00:00:48.235+0000] {dag.py:4180} INFO - Setting next_dagrun for read_dataset_event to 2026-03-21 00:00:00+00:00, run_after=2026-03-22 00:00:00+00:00
[2026-03-22T00:00:48.265+0000] {logging_mixin.py:190} INFO - [2026-03-22T00:00:48.264+0000] {dag.py:4180} INFO - Setting next_dagrun for read_dataset_event_from_classic to 2026-03-21 00:00:00+00:00, run_after=2026-03-22 00:00:00+00:00
[2026-03-22T00:00:48.354+0000] {processor.py:208} INFO - Processing /home/airflow/.local/lib/python3.12/site-packages/airflow/example_dags/example_inlet_event_extra.py took 2.943 seconds
[2026-03-22T00:04:28.660+0000] {processor.py:186} INFO - Started process (PID=24990) to work on /home/airflow/.local/lib/python3.12/site-packages/airflow/example_dags/example_inlet_event_extra.py
[2026-03-22T00:04:28.728+0000] {processor.py:914} INFO - Processing file /home/airflow/.local/lib/python3.12/site-packages/airflow/example_dags/example_inlet_event_extra.py for tasks to queue
[2026-03-22T00:04:28.743+0000] {logging_mixin.py:190} INFO - [2026-03-22T00:04:28.741+0000] {dagbag.py:588} INFO - Filling up the DagBag from /home/airflow/.local/lib/python3.12/site-packages/airflow/example_dags/example_inlet_event_extra.py
[2026-03-22T00:04:35.927+0000] {processor.py:925} INFO - DAG(s) 'read_dataset_event', 'read_dataset_event_from_classic' retrieved from /home/airflow/.local/lib/python3.12/site-packages/airflow/example_dags/example_inlet_event_extra.py
[2026-03-22T00:04:36.163+0000] {logging_mixin.py:190} INFO - [2026-03-22T00:04:36.162+0000] {dag.py:3239} INFO - Sync 2 DAGs
[2026-03-22T00:04:36.407+0000] {logging_mixin.py:190} INFO - [2026-03-22T00:04:36.406+0000] {dag.py:4180} INFO - Setting next_dagrun for read_dataset_event to 2026-03-21 00:00:00+00:00, run_after=2026-03-22 00:00:00+00:00
[2026-03-22T00:04:36.449+0000] {logging_mixin.py:190} INFO - [2026-03-22T00:04:36.448+0000] {dag.py:4180} INFO - Setting next_dagrun for read_dataset_event_from_classic to 2026-03-21 00:00:00+00:00, run_after=2026-03-22 00:00:00+00:00
[2026-03-22T00:04:36.598+0000] {processor.py:208} INFO - Processing /home/airflow/.local/lib/python3.12/site-packages/airflow/example_dags/example_inlet_event_extra.py took 8.023 seconds
[2026-03-22T00:05:11.179+0000] {processor.py:186} INFO - Started process (PID=25062) to work on /home/airflow/.local/lib/python3.12/site-packages/airflow/example_dags/example_inlet_event_extra.py
[2026-03-22T00:05:11.184+0000] {processor.py:914} INFO - Processing file /home/airflow/.local/lib/python3.12/site-packages/airflow/example_dags/example_inlet_event_extra.py for tasks to queue
[2026-03-22T00:05:11.190+0000] {logging_mixin.py:190} INFO - [2026-03-22T00:05:11.188+0000] {dagbag.py:588} INFO - Filling up the DagBag from /home/airflow/.local/lib/python3.12/site-packages/airflow/example_dags/example_inlet_event_extra.py
[2026-03-22T00:05:13.630+0000] {processor.py:925} INFO - DAG(s) 'read_dataset_event_from_classic', 'read_dataset_event' retrieved from /home/airflow/.local/lib/python3.12/site-packages/airflow/example_dags/example_inlet_event_extra.py
[2026-03-22T00:05:13.730+0000] {logging_mixin.py:190} INFO - [2026-03-22T00:05:13.728+0000] {dag.py:3239} INFO - Sync 2 DAGs
[2026-03-22T00:05:13.872+0000] {logging_mixin.py:190} INFO - [2026-03-22T00:05:13.870+0000] {dag.py:4180} INFO - Setting next_dagrun for read_dataset_event to 2026-03-21 00:00:00+00:00, run_after=2026-03-22 00:00:00+00:00
[2026-03-22T00:05:13.902+0000] {logging_mixin.py:190} INFO - [2026-03-22T00:05:13.901+0000] {dag.py:4180} INFO - Setting next_dagrun for read_dataset_event_from_classic to 2026-03-21 00:00:00+00:00, run_after=2026-03-22 00:00:00+00:00
[2026-03-22T00:05:13.996+0000] {processor.py:208} INFO - Processing /home/airflow/.local/lib/python3.12/site-packages/airflow/example_dags/example_inlet_event_extra.py took 2.843 seconds
[2026-03-22T00:05:44.783+0000] {processor.py:186} INFO - Started process (PID=25131) to work on /home/airflow/.local/lib/python3.12/site-packages/airflow/example_dags/example_inlet_event_extra.py
[2026-03-22T00:05:44.787+0000] {processor.py:914} INFO - Processing file /home/airflow/.local/lib/python3.12/site-packages/airflow/example_dags/example_inlet_event_extra.py for tasks to queue
[2026-03-22T00:05:44.790+0000] {logging_mixin.py:190} INFO - [2026-03-22T00:05:44.789+0000] {dagbag.py:588} INFO - Filling up the DagBag from /home/airflow/.local/lib/python3.12/site-packages/airflow/example_dags/example_inlet_event_extra.py
[2026-03-22T00:05:45.965+0000] {processor.py:925} INFO - DAG(s) 'read_dataset_event_from_classic', 'read_dataset_event' retrieved from /home/airflow/.local/lib/python3.12/site-packages/airflow/example_dags/example_inlet_event_extra.py
[2026-03-22T00:05:46.016+0000] {logging_mixin.py:190} INFO - [2026-03-22T00:05:46.015+0000] {dag.py:3239} INFO - Sync 2 DAGs
[2026-03-22T00:05:46.076+0000] {logging_mixin.py:190} INFO - [2026-03-22T00:05:46.075+0000] {dag.py:4180} INFO - Setting next_dagrun for read_dataset_event to 2026-03-21 00:00:00+00:00, run_after=2026-03-22 00:00:00+00:00
[2026-03-22T00:05:46.087+0000] {logging_mixin.py:190} INFO - [2026-03-22T00:05:46.087+0000] {dag.py:4180} INFO - Setting next_dagrun for read_dataset_event_from_classic to 2026-03-21 00:00:00+00:00, run_after=2026-03-22 00:00:00+00:00
[2026-03-22T00:05:46.129+0000] {processor.py:208} INFO - Processing /home/airflow/.local/lib/python3.12/site-packages/airflow/example_dags/example_inlet_event_extra.py took 1.359 seconds
[2026-03-22T00:06:16.295+0000] {processor.py:186} INFO - Started process (PID=25202) to work on /home/airflow/.local/lib/python3.12/site-packages/airflow/example_dags/example_inlet_event_extra.py
[2026-03-22T00:06:16.297+0000] {processor.py:914} INFO - Processing file /home/airflow/.local/lib/python3.12/site-packages/airflow/example_dags/example_inlet_event_extra.py for tasks to queue
[2026-03-22T00:06:16.300+0000] {logging_mixin.py:190} INFO - [2026-03-22T00:06:16.299+0000] {dagbag.py:588} INFO - Filling up the DagBag from /home/airflow/.local/lib/python3.12/site-packages/airflow/example_dags/example_inlet_event_extra.py
[2026-03-22T00:06:17.269+0000] {processor.py:925} INFO - DAG(s) 'read_dataset_event', 'read_dataset_event_from_classic' retrieved from /home/airflow/.local/lib/python3.12/site-packages/airflow/example_dags/example_inlet_event_extra.py
[2026-03-22T00:06:17.306+0000] {logging_mixin.py:190} INFO - [2026-03-22T00:06:17.305+0000] {dag.py:3239} INFO - Sync 2 DAGs
[2026-03-22T00:06:17.347+0000] {logging_mixin.py:190} INFO - [2026-03-22T00:06:17.347+0000] {dag.py:4180} INFO - Setting next_dagrun for read_dataset_event to 2026-03-21 00:00:00+00:00, run_after=2026-03-22 00:00:00+00:00
[2026-03-22T00:06:17.356+0000] {logging_mixin.py:190} INFO - [2026-03-22T00:06:17.356+0000] {dag.py:4180} INFO - Setting next_dagrun for read_dataset_event_from_classic to 2026-03-21 00:00:00+00:00, run_after=2026-03-22 00:00:00+00:00
[2026-03-22T00:06:17.387+0000] {processor.py:208} INFO - Processing /home/airflow/.local/lib/python3.12/site-packages/airflow/example_dags/example_inlet_event_extra.py took 1.105 seconds
[2026-03-22T00:06:50.938+0000] {processor.py:186} INFO - Started process (PID=25268) to work on /home/airflow/.local/lib/python3.12/site-packages/airflow/example_dags/example_inlet_event_extra.py
[2026-03-22T00:06:50.943+0000] {processor.py:914} INFO - Processing file /home/airflow/.local/lib/python3.12/site-packages/airflow/example_dags/example_inlet_event_extra.py for tasks to queue
[2026-03-22T00:06:50.948+0000] {logging_mixin.py:190} INFO - [2026-03-22T00:06:50.947+0000] {dagbag.py:588} INFO - Filling up the DagBag from /home/airflow/.local/lib/python3.12/site-packages/airflow/example_dags/example_inlet_event_extra.py
[2026-03-22T00:06:53.153+0000] {processor.py:925} INFO - DAG(s) 'read_dataset_event', 'read_dataset_event_from_classic' retrieved from /home/airflow/.local/lib/python3.12/site-packages/airflow/example_dags/example_inlet_event_extra.py
[2026-03-22T00:06:53.221+0000] {logging_mixin.py:190} INFO - [2026-03-22T00:06:53.221+0000] {dag.py:3239} INFO - Sync 2 DAGs
[2026-03-22T00:06:53.305+0000] {logging_mixin.py:190} INFO - [2026-03-22T00:06:53.304+0000] {dag.py:4180} INFO - Setting next_dagrun for read_dataset_event to 2026-03-21 00:00:00+00:00, run_after=2026-03-22 00:00:00+00:00
[2026-03-22T00:06:53.319+0000] {logging_mixin.py:190} INFO - [2026-03-22T00:06:53.318+0000] {dag.py:4180} INFO - Setting next_dagrun for read_dataset_event_from_classic to 2026-03-21 00:00:00+00:00, run_after=2026-03-22 00:00:00+00:00
[2026-03-22T00:06:53.381+0000] {processor.py:208} INFO - Processing /home/airflow/.local/lib/python3.12/site-packages/airflow/example_dags/example_inlet_event_extra.py took 2.467 seconds
[2026-03-22T00:07:33.402+0000] {processor.py:186} INFO - Started process (PID=25347) to work on /home/airflow/.local/lib/python3.12/site-packages/airflow/example_dags/example_inlet_event_extra.py
[2026-03-22T00:07:33.411+0000] {processor.py:914} INFO - Processing file /home/airflow/.local/lib/python3.12/site-packages/airflow/example_dags/example_inlet_event_extra.py for tasks to queue
[2026-03-22T00:07:33.422+0000] {logging_mixin.py:190} INFO - [2026-03-22T00:07:33.416+0000] {dagbag.py:588} INFO - Filling up the DagBag from /home/airflow/.local/lib/python3.12/site-packages/airflow/example_dags/example_inlet_event_extra.py
[2026-03-22T00:07:37.018+0000] {processor.py:925} INFO - DAG(s) 'read_dataset_event', 'read_dataset_event_from_classic' retrieved from /home/airflow/.local/lib/python3.12/site-packages/airflow/example_dags/example_inlet_event_extra.py
[2026-03-22T00:07:37.137+0000] {logging_mixin.py:190} INFO - [2026-03-22T00:07:37.135+0000] {dag.py:3239} INFO - Sync 2 DAGs
[2026-03-22T00:07:37.275+0000] {logging_mixin.py:190} INFO - [2026-03-22T00:07:37.274+0000] {dag.py:4180} INFO - Setting next_dagrun for read_dataset_event to 2026-03-21 00:00:00+00:00, run_after=2026-03-22 00:00:00+00:00
[2026-03-22T00:07:37.308+0000] {logging_mixin.py:190} INFO - [2026-03-22T00:07:37.307+0000] {dag.py:4180} INFO - Setting next_dagrun for read_dataset_event_from_classic to 2026-03-21 00:00:00+00:00, run_after=2026-03-22 00:00:00+00:00
[2026-03-22T00:07:37.372+0000] {processor.py:208} INFO - Processing /home/airflow/.local/lib/python3.12/site-packages/airflow/example_dags/example_inlet_event_extra.py took 4.028 seconds
[2026-03-22T00:08:08.132+0000] {processor.py:186} INFO - Started process (PID=25422) to work on /home/airflow/.local/lib/python3.12/site-packages/airflow/example_dags/example_inlet_event_extra.py
[2026-03-22T00:08:08.136+0000] {processor.py:914} INFO - Processing file /home/airflow/.local/lib/python3.12/site-packages/airflow/example_dags/example_inlet_event_extra.py for tasks to queue
[2026-03-22T00:08:08.141+0000] {logging_mixin.py:190} INFO - [2026-03-22T00:08:08.140+0000] {dagbag.py:588} INFO - Filling up the DagBag from /home/airflow/.local/lib/python3.12/site-packages/airflow/example_dags/example_inlet_event_extra.py
[2026-03-22T00:08:12.028+0000] {processor.py:925} INFO - DAG(s) 'read_dataset_event_from_classic', 'read_dataset_event' retrieved from /home/airflow/.local/lib/python3.12/site-packages/airflow/example_dags/example_inlet_event_extra.py
[2026-03-22T00:08:12.136+0000] {logging_mixin.py:190} INFO - [2026-03-22T00:08:12.132+0000] {dag.py:3239} INFO - Sync 2 DAGs
[2026-03-22T00:08:12.424+0000] {logging_mixin.py:190} INFO - [2026-03-22T00:08:12.423+0000] {dag.py:4180} INFO - Setting next_dagrun for read_dataset_event to 2026-03-21 00:00:00+00:00, run_after=2026-03-22 00:00:00+00:00
[2026-03-22T00:08:12.508+0000] {logging_mixin.py:190} INFO - [2026-03-22T00:08:12.507+0000] {dag.py:4180} INFO - Setting next_dagrun for read_dataset_event_from_classic to 2026-03-21 00:00:00+00:00, run_after=2026-03-22 00:00:00+00:00
[2026-03-22T00:08:12.661+0000] {processor.py:208} INFO - Processing /home/airflow/.local/lib/python3.12/site-packages/airflow/example_dags/example_inlet_event_extra.py took 4.562 seconds
[2026-03-22T00:08:43.100+0000] {processor.py:186} INFO - Started process (PID=25488) to work on /home/airflow/.local/lib/python3.12/site-packages/airflow/example_dags/example_inlet_event_extra.py
[2026-03-22T00:08:43.104+0000] {processor.py:914} INFO - Processing file /home/airflow/.local/lib/python3.12/site-packages/airflow/example_dags/example_inlet_event_extra.py for tasks to queue
[2026-03-22T00:08:43.109+0000] {logging_mixin.py:190} INFO - [2026-03-22T00:08:43.108+0000] {dagbag.py:588} INFO - Filling up the DagBag from /home/airflow/.local/lib/python3.12/site-packages/airflow/example_dags/example_inlet_event_extra.py
[2026-03-22T00:08:45.656+0000] {processor.py:925} INFO - DAG(s) 'read_dataset_event', 'read_dataset_event_from_classic' retrieved from /home/airflow/.local/lib/python3.12/site-packages/airflow/example_dags/example_inlet_event_extra.py
[2026-03-22T00:08:45.725+0000] {logging_mixin.py:190} INFO - [2026-03-22T00:08:45.724+0000] {dag.py:3239} INFO - Sync 2 DAGs
[2026-03-22T00:08:45.814+0000] {logging_mixin.py:190} INFO - [2026-03-22T00:08:45.813+0000] {dag.py:4180} INFO - Setting next_dagrun for read_dataset_event to 2026-03-21 00:00:00+00:00, run_after=2026-03-22 00:00:00+00:00
[2026-03-22T00:08:45.835+0000] {logging_mixin.py:190} INFO - [2026-03-22T00:08:45.834+0000] {dag.py:4180} INFO - Setting next_dagrun for read_dataset_event_from_classic to 2026-03-21 00:00:00+00:00, run_after=2026-03-22 00:00:00+00:00
[2026-03-22T00:08:45.902+0000] {processor.py:208} INFO - Processing /home/airflow/.local/lib/python3.12/site-packages/airflow/example_dags/example_inlet_event_extra.py took 2.824 seconds
[2026-03-22T00:09:16.471+0000] {processor.py:186} INFO - Started process (PID=25556) to work on /home/airflow/.local/lib/python3.12/site-packages/airflow/example_dags/example_inlet_event_extra.py
[2026-03-22T00:09:16.473+0000] {processor.py:914} INFO - Processing file /home/airflow/.local/lib/python3.12/site-packages/airflow/example_dags/example_inlet_event_extra.py for tasks to queue
[2026-03-22T00:09:16.476+0000] {logging_mixin.py:190} INFO - [2026-03-22T00:09:16.475+0000] {dagbag.py:588} INFO - Filling up the DagBag from /home/airflow/.local/lib/python3.12/site-packages/airflow/example_dags/example_inlet_event_extra.py
[2026-03-22T00:09:17.271+0000] {processor.py:925} INFO - DAG(s) 'read_dataset_event', 'read_dataset_event_from_classic' retrieved from /home/airflow/.local/lib/python3.12/site-packages/airflow/example_dags/example_inlet_event_extra.py
[2026-03-22T00:09:17.306+0000] {logging_mixin.py:190} INFO - [2026-03-22T00:09:17.305+0000] {dag.py:3239} INFO - Sync 2 DAGs
[2026-03-22T00:09:17.346+0000] {logging_mixin.py:190} INFO - [2026-03-22T00:09:17.345+0000] {dag.py:4180} INFO - Setting next_dagrun for read_dataset_event to 2026-03-21 00:00:00+00:00, run_after=2026-03-22 00:00:00+00:00
[2026-03-22T00:09:17.355+0000] {logging_mixin.py:190} INFO - [2026-03-22T00:09:17.355+0000] {dag.py:4180} INFO - Setting next_dagrun for read_dataset_event_from_classic to 2026-03-21 00:00:00+00:00, run_after=2026-03-22 00:00:00+00:00
[2026-03-22T00:09:17.386+0000] {processor.py:208} INFO - Processing /home/airflow/.local/lib/python3.12/site-packages/airflow/example_dags/example_inlet_event_extra.py took 0.925 seconds
[2026-03-22T00:09:47.671+0000] {processor.py:186} INFO - Started process (PID=25621) to work on /home/airflow/.local/lib/python3.12/site-packages/airflow/example_dags/example_inlet_event_extra.py
[2026-03-22T00:09:47.674+0000] {processor.py:914} INFO - Processing file /home/airflow/.local/lib/python3.12/site-packages/airflow/example_dags/example_inlet_event_extra.py for tasks to queue
[2026-03-22T00:09:47.677+0000] {logging_mixin.py:190} INFO - [2026-03-22T00:09:47.676+0000] {dagbag.py:588} INFO - Filling up the DagBag from /home/airflow/.local/lib/python3.12/site-packages/airflow/example_dags/example_inlet_event_extra.py
[2026-03-22T00:09:48.170+0000] {processor.py:925} INFO - DAG(s) 'read_dataset_event', 'read_dataset_event_from_classic' retrieved from /home/airflow/.local/lib/python3.12/site-packages/airflow/example_dags/example_inlet_event_extra.py
[2026-03-22T00:09:48.186+0000] {logging_mixin.py:190} INFO - [2026-03-22T00:09:48.186+0000] {dag.py:3239} INFO - Sync 2 DAGs
[2026-03-22T00:09:48.203+0000] {logging_mixin.py:190} INFO - [2026-03-22T00:09:48.203+0000] {dag.py:4180} INFO - Setting next_dagrun for read_dataset_event to 2026-03-21 00:00:00+00:00, run_after=2026-03-22 00:00:00+00:00
[2026-03-22T00:09:48.207+0000] {logging_mixin.py:190} INFO - [2026-03-22T00:09:48.207+0000] {dag.py:4180} INFO - Setting next_dagrun for read_dataset_event_from_classic to 2026-03-21 00:00:00+00:00, run_after=2026-03-22 00:00:00+00:00
[2026-03-22T00:09:48.226+0000] {processor.py:208} INFO - Processing /home/airflow/.local/lib/python3.12/site-packages/airflow/example_dags/example_inlet_event_extra.py took 0.559 seconds
[2026-03-22T00:10:19.071+0000] {processor.py:186} INFO - Started process (PID=25688) to work on /home/airflow/.local/lib/python3.12/site-packages/airflow/example_dags/example_inlet_event_extra.py
[2026-03-22T00:10:19.072+0000] {processor.py:914} INFO - Processing file /home/airflow/.local/lib/python3.12/site-packages/airflow/example_dags/example_inlet_event_extra.py for tasks to queue
[2026-03-22T00:10:19.073+0000] {logging_mixin.py:190} INFO - [2026-03-22T00:10:19.073+0000] {dagbag.py:588} INFO - Filling up the DagBag from /home/airflow/.local/lib/python3.12/site-packages/airflow/example_dags/example_inlet_event_extra.py
[2026-03-22T00:10:19.555+0000] {processor.py:925} INFO - DAG(s) 'read_dataset_event', 'read_dataset_event_from_classic' retrieved from /home/airflow/.local/lib/python3.12/site-packages/airflow/example_dags/example_inlet_event_extra.py
[2026-03-22T00:10:19.576+0000] {logging_mixin.py:190} INFO - [2026-03-22T00:10:19.576+0000] {dag.py:3239} INFO - Sync 2 DAGs
[2026-03-22T00:10:19.599+0000] {logging_mixin.py:190} INFO - [2026-03-22T00:10:19.598+0000] {dag.py:4180} INFO - Setting next_dagrun for read_dataset_event to 2026-03-21 00:00:00+00:00, run_after=2026-03-22 00:00:00+00:00
[2026-03-22T00:10:19.607+0000] {logging_mixin.py:190} INFO - [2026-03-22T00:10:19.607+0000] {dag.py:4180} INFO - Setting next_dagrun for read_dataset_event_from_classic to 2026-03-21 00:00:00+00:00, run_after=2026-03-22 00:00:00+00:00
[2026-03-22T00:10:19.625+0000] {processor.py:208} INFO - Processing /home/airflow/.local/lib/python3.12/site-packages/airflow/example_dags/example_inlet_event_extra.py took 0.560 seconds
[2026-03-22T00:10:50.511+0000] {processor.py:186} INFO - Started process (PID=25754) to work on /home/airflow/.local/lib/python3.12/site-packages/airflow/example_dags/example_inlet_event_extra.py
[2026-03-22T00:10:50.514+0000] {processor.py:914} INFO - Processing file /home/airflow/.local/lib/python3.12/site-packages/airflow/example_dags/example_inlet_event_extra.py for tasks to queue
[2026-03-22T00:10:50.516+0000] {logging_mixin.py:190} INFO - [2026-03-22T00:10:50.516+0000] {dagbag.py:588} INFO - Filling up the DagBag from /home/airflow/.local/lib/python3.12/site-packages/airflow/example_dags/example_inlet_event_extra.py
[2026-03-22T00:10:50.972+0000] {processor.py:925} INFO - DAG(s) 'read_dataset_event_from_classic', 'read_dataset_event' retrieved from /home/airflow/.local/lib/python3.12/site-packages/airflow/example_dags/example_inlet_event_extra.py
[2026-03-22T00:10:50.991+0000] {logging_mixin.py:190} INFO - [2026-03-22T00:10:50.991+0000] {dag.py:3239} INFO - Sync 2 DAGs
[2026-03-22T00:10:51.008+0000] {logging_mixin.py:190} INFO - [2026-03-22T00:10:51.008+0000] {dag.py:4180} INFO - Setting next_dagrun for read_dataset_event to 2026-03-21 00:00:00+00:00, run_after=2026-03-22 00:00:00+00:00
[2026-03-22T00:10:51.012+0000] {logging_mixin.py:190} INFO - [2026-03-22T00:10:51.012+0000] {dag.py:4180} INFO - Setting next_dagrun for read_dataset_event_from_classic to 2026-03-21 00:00:00+00:00, run_after=2026-03-22 00:00:00+00:00
[2026-03-22T00:10:51.030+0000] {processor.py:208} INFO - Processing /home/airflow/.local/lib/python3.12/site-packages/airflow/example_dags/example_inlet_event_extra.py took 0.529 seconds
[2026-03-22T00:11:22.102+0000] {processor.py:186} INFO - Started process (PID=25821) to work on /home/airflow/.local/lib/python3.12/site-packages/airflow/example_dags/example_inlet_event_extra.py
[2026-03-22T00:11:22.103+0000] {processor.py:914} INFO - Processing file /home/airflow/.local/lib/python3.12/site-packages/airflow/example_dags/example_inlet_event_extra.py for tasks to queue
[2026-03-22T00:11:22.104+0000] {logging_mixin.py:190} INFO - [2026-03-22T00:11:22.104+0000] {dagbag.py:588} INFO - Filling up the DagBag from /home/airflow/.local/lib/python3.12/site-packages/airflow/example_dags/example_inlet_event_extra.py
[2026-03-22T00:11:22.563+0000] {processor.py:925} INFO - DAG(s) 'read_dataset_event', 'read_dataset_event_from_classic' retrieved from /home/airflow/.local/lib/python3.12/site-packages/airflow/example_dags/example_inlet_event_extra.py
[2026-03-22T00:11:22.585+0000] {logging_mixin.py:190} INFO - [2026-03-22T00:11:22.585+0000] {dag.py:3239} INFO - Sync 2 DAGs
[2026-03-22T00:11:22.606+0000] {logging_mixin.py:190} INFO - [2026-03-22T00:11:22.605+0000] {dag.py:4180} INFO - Setting next_dagrun for read_dataset_event to 2026-03-21 00:00:00+00:00, run_after=2026-03-22 00:00:00+00:00
[2026-03-22T00:11:22.611+0000] {logging_mixin.py:190} INFO - [2026-03-22T00:11:22.610+0000] {dag.py:4180} INFO - Setting next_dagrun for read_dataset_event_from_classic to 2026-03-21 00:00:00+00:00, run_after=2026-03-22 00:00:00+00:00
[2026-03-22T00:11:22.629+0000] {processor.py:208} INFO - Processing /home/airflow/.local/lib/python3.12/site-packages/airflow/example_dags/example_inlet_event_extra.py took 0.532 seconds
[2026-03-22T00:11:53.867+0000] {processor.py:186} INFO - Started process (PID=25890) to work on /home/airflow/.local/lib/python3.12/site-packages/airflow/example_dags/example_inlet_event_extra.py
[2026-03-22T00:11:53.868+0000] {processor.py:914} INFO - Processing file /home/airflow/.local/lib/python3.12/site-packages/airflow/example_dags/example_inlet_event_extra.py for tasks to queue
[2026-03-22T00:11:53.870+0000] {logging_mixin.py:190} INFO - [2026-03-22T00:11:53.869+0000] {dagbag.py:588} INFO - Filling up the DagBag from /home/airflow/.local/lib/python3.12/site-packages/airflow/example_dags/example_inlet_event_extra.py
[2026-03-22T00:11:54.397+0000] {processor.py:925} INFO - DAG(s) 'read_dataset_event_from_classic', 'read_dataset_event' retrieved from /home/airflow/.local/lib/python3.12/site-packages/airflow/example_dags/example_inlet_event_extra.py
[2026-03-22T00:11:54.417+0000] {logging_mixin.py:190} INFO - [2026-03-22T00:11:54.417+0000] {dag.py:3239} INFO - Sync 2 DAGs
[2026-03-22T00:11:54.438+0000] {logging_mixin.py:190} INFO - [2026-03-22T00:11:54.437+0000] {dag.py:4180} INFO - Setting next_dagrun for read_dataset_event to 2026-03-21 00:00:00+00:00, run_after=2026-03-22 00:00:00+00:00
[2026-03-22T00:11:54.442+0000] {logging_mixin.py:190} INFO - [2026-03-22T00:11:54.442+0000] {dag.py:4180} INFO - Setting next_dagrun for read_dataset_event_from_classic to 2026-03-21 00:00:00+00:00, run_after=2026-03-22 00:00:00+00:00
[2026-03-22T00:11:54.459+0000] {processor.py:208} INFO - Processing /home/airflow/.local/lib/python3.12/site-packages/airflow/example_dags/example_inlet_event_extra.py took 0.597 seconds
[2026-03-22T00:12:24.701+0000] {processor.py:186} INFO - Started process (PID=25955) to work on /home/airflow/.local/lib/python3.12/site-packages/airflow/example_dags/example_inlet_event_extra.py
[2026-03-22T00:12:24.702+0000] {processor.py:914} INFO - Processing file /home/airflow/.local/lib/python3.12/site-packages/airflow/example_dags/example_inlet_event_extra.py for tasks to queue
[2026-03-22T00:12:24.705+0000] {logging_mixin.py:190} INFO - [2026-03-22T00:12:24.704+0000] {dagbag.py:588} INFO - Filling up the DagBag from /home/airflow/.local/lib/python3.12/site-packages/airflow/example_dags/example_inlet_event_extra.py
[2026-03-22T00:12:25.393+0000] {processor.py:925} INFO - DAG(s) 'read_dataset_event_from_classic', 'read_dataset_event' retrieved from /home/airflow/.local/lib/python3.12/site-packages/airflow/example_dags/example_inlet_event_extra.py
[2026-03-22T00:12:25.420+0000] {logging_mixin.py:190} INFO - [2026-03-22T00:12:25.420+0000] {dag.py:3239} INFO - Sync 2 DAGs
[2026-03-22T00:12:25.447+0000] {logging_mixin.py:190} INFO - [2026-03-22T00:12:25.447+0000] {dag.py:4180} INFO - Setting next_dagrun for read_dataset_event to 2026-03-21 00:00:00+00:00, run_after=2026-03-22 00:00:00+00:00
[2026-03-22T00:12:25.454+0000] {logging_mixin.py:190} INFO - [2026-03-22T00:12:25.453+0000] {dag.py:4180} INFO - Setting next_dagrun for read_dataset_event_from_classic to 2026-03-21 00:00:00+00:00, run_after=2026-03-22 00:00:00+00:00
[2026-03-22T00:12:25.477+0000] {processor.py:208} INFO - Processing /home/airflow/.local/lib/python3.12/site-packages/airflow/example_dags/example_inlet_event_extra.py took 0.786 seconds
[2026-03-22T00:12:56.094+0000] {processor.py:186} INFO - Started process (PID=26023) to work on /home/airflow/.local/lib/python3.12/site-packages/airflow/example_dags/example_inlet_event_extra.py
[2026-03-22T00:12:56.096+0000] {processor.py:914} INFO - Processing file /home/airflow/.local/lib/python3.12/site-packages/airflow/example_dags/example_inlet_event_extra.py for tasks to queue
[2026-03-22T00:12:56.099+0000] {logging_mixin.py:190} INFO - [2026-03-22T00:12:56.098+0000] {dagbag.py:588} INFO - Filling up the DagBag from /home/airflow/.local/lib/python3.12/site-packages/airflow/example_dags/example_inlet_event_extra.py
[2026-03-22T00:12:57.299+0000] {processor.py:925} INFO - DAG(s) 'read_dataset_event_from_classic', 'read_dataset_event' retrieved from /home/airflow/.local/lib/python3.12/site-packages/airflow/example_dags/example_inlet_event_extra.py
[2026-03-22T00:12:57.371+0000] {logging_mixin.py:190} INFO - [2026-03-22T00:12:57.370+0000] {dag.py:3239} INFO - Sync 2 DAGs
[2026-03-22T00:12:57.451+0000] {logging_mixin.py:190} INFO - [2026-03-22T00:12:57.451+0000] {dag.py:4180} INFO - Setting next_dagrun for read_dataset_event to 2026-03-21 00:00:00+00:00, run_after=2026-03-22 00:00:00+00:00
[2026-03-22T00:12:57.467+0000] {logging_mixin.py:190} INFO - [2026-03-22T00:12:57.467+0000] {dag.py:4180} INFO - Setting next_dagrun for read_dataset_event_from_classic to 2026-03-21 00:00:00+00:00, run_after=2026-03-22 00:00:00+00:00
[2026-03-22T00:12:57.520+0000] {processor.py:208} INFO - Processing /home/airflow/.local/lib/python3.12/site-packages/airflow/example_dags/example_inlet_event_extra.py took 1.436 seconds
[2026-03-22T00:13:28.468+0000] {processor.py:186} INFO - Started process (PID=26093) to work on /home/airflow/.local/lib/python3.12/site-packages/airflow/example_dags/example_inlet_event_extra.py
[2026-03-22T00:13:28.470+0000] {processor.py:914} INFO - Processing file /home/airflow/.local/lib/python3.12/site-packages/airflow/example_dags/example_inlet_event_extra.py for tasks to queue
[2026-03-22T00:13:28.472+0000] {logging_mixin.py:190} INFO - [2026-03-22T00:13:28.471+0000] {dagbag.py:588} INFO - Filling up the DagBag from /home/airflow/.local/lib/python3.12/site-packages/airflow/example_dags/example_inlet_event_extra.py
[2026-03-22T00:13:29.558+0000] {processor.py:925} INFO - DAG(s) 'read_dataset_event', 'read_dataset_event_from_classic' retrieved from /home/airflow/.local/lib/python3.12/site-packages/airflow/example_dags/example_inlet_event_extra.py
[2026-03-22T00:13:29.611+0000] {logging_mixin.py:190} INFO - [2026-03-22T00:13:29.611+0000] {dag.py:3239} INFO - Sync 2 DAGs
[2026-03-22T00:13:29.680+0000] {logging_mixin.py:190} INFO - [2026-03-22T00:13:29.680+0000] {dag.py:4180} INFO - Setting next_dagrun for read_dataset_event to 2026-03-21 00:00:00+00:00, run_after=2026-03-22 00:00:00+00:00
[2026-03-22T00:13:29.696+0000] {logging_mixin.py:190} INFO - [2026-03-22T00:13:29.695+0000] {dag.py:4180} INFO - Setting next_dagrun for read_dataset_event_from_classic to 2026-03-21 00:00:00+00:00, run_after=2026-03-22 00:00:00+00:00
[2026-03-22T00:13:29.743+0000] {processor.py:208} INFO - Processing /home/airflow/.local/lib/python3.12/site-packages/airflow/example_dags/example_inlet_event_extra.py took 1.284 seconds
[2026-03-22T00:14:00.699+0000] {processor.py:186} INFO - Started process (PID=26162) to work on /home/airflow/.local/lib/python3.12/site-packages/airflow/example_dags/example_inlet_event_extra.py
[2026-03-22T00:14:00.702+0000] {processor.py:914} INFO - Processing file /home/airflow/.local/lib/python3.12/site-packages/airflow/example_dags/example_inlet_event_extra.py for tasks to queue
[2026-03-22T00:14:00.706+0000] {logging_mixin.py:190} INFO - [2026-03-22T00:14:00.706+0000] {dagbag.py:588} INFO - Filling up the DagBag from /home/airflow/.local/lib/python3.12/site-packages/airflow/example_dags/example_inlet_event_extra.py
[2026-03-22T00:14:01.689+0000] {processor.py:925} INFO - DAG(s) 'read_dataset_event_from_classic', 'read_dataset_event' retrieved from /home/airflow/.local/lib/python3.12/site-packages/airflow/example_dags/example_inlet_event_extra.py
[2026-03-22T00:14:01.724+0000] {logging_mixin.py:190} INFO - [2026-03-22T00:14:01.723+0000] {dag.py:3239} INFO - Sync 2 DAGs
[2026-03-22T00:14:01.769+0000] {logging_mixin.py:190} INFO - [2026-03-22T00:14:01.768+0000] {dag.py:4180} INFO - Setting next_dagrun for read_dataset_event to 2026-03-21 00:00:00+00:00, run_after=2026-03-22 00:00:00+00:00
[2026-03-22T00:14:01.778+0000] {logging_mixin.py:190} INFO - [2026-03-22T00:14:01.778+0000] {dag.py:4180} INFO - Setting next_dagrun for read_dataset_event_from_classic to 2026-03-21 00:00:00+00:00, run_after=2026-03-22 00:00:00+00:00
[2026-03-22T00:14:01.810+0000] {processor.py:208} INFO - Processing /home/airflow/.local/lib/python3.12/site-packages/airflow/example_dags/example_inlet_event_extra.py took 1.123 seconds
[2026-03-22T00:14:32.641+0000] {processor.py:186} INFO - Started process (PID=26230) to work on /home/airflow/.local/lib/python3.12/site-packages/airflow/example_dags/example_inlet_event_extra.py
[2026-03-22T00:14:32.644+0000] {processor.py:914} INFO - Processing file /home/airflow/.local/lib/python3.12/site-packages/airflow/example_dags/example_inlet_event_extra.py for tasks to queue
[2026-03-22T00:14:32.646+0000] {logging_mixin.py:190} INFO - [2026-03-22T00:14:32.646+0000] {dagbag.py:588} INFO - Filling up the DagBag from /home/airflow/.local/lib/python3.12/site-packages/airflow/example_dags/example_inlet_event_extra.py
[2026-03-22T00:14:33.602+0000] {processor.py:925} INFO - DAG(s) 'read_dataset_event', 'read_dataset_event_from_classic' retrieved from /home/airflow/.local/lib/python3.12/site-packages/airflow/example_dags/example_inlet_event_extra.py
[2026-03-22T00:14:33.648+0000] {logging_mixin.py:190} INFO - [2026-03-22T00:14:33.647+0000] {dag.py:3239} INFO - Sync 2 DAGs
[2026-03-22T00:14:33.703+0000] {logging_mixin.py:190} INFO - [2026-03-22T00:14:33.703+0000] {dag.py:4180} INFO - Setting next_dagrun for read_dataset_event to 2026-03-21 00:00:00+00:00, run_after=2026-03-22 00:00:00+00:00
[2026-03-22T00:14:33.715+0000] {logging_mixin.py:190} INFO - [2026-03-22T00:14:33.714+0000] {dag.py:4180} INFO - Setting next_dagrun for read_dataset_event_from_classic to 2026-03-21 00:00:00+00:00, run_after=2026-03-22 00:00:00+00:00
[2026-03-22T00:14:33.752+0000] {processor.py:208} INFO - Processing /home/airflow/.local/lib/python3.12/site-packages/airflow/example_dags/example_inlet_event_extra.py took 1.119 seconds
[2026-03-22T00:15:04.398+0000] {processor.py:186} INFO - Started process (PID=26297) to work on /home/airflow/.local/lib/python3.12/site-packages/airflow/example_dags/example_inlet_event_extra.py
[2026-03-22T00:15:04.400+0000] {processor.py:914} INFO - Processing file /home/airflow/.local/lib/python3.12/site-packages/airflow/example_dags/example_inlet_event_extra.py for tasks to queue
[2026-03-22T00:15:04.401+0000] {logging_mixin.py:190} INFO - [2026-03-22T00:15:04.401+0000] {dagbag.py:588} INFO - Filling up the DagBag from /home/airflow/.local/lib/python3.12/site-packages/airflow/example_dags/example_inlet_event_extra.py
[2026-03-22T00:15:04.930+0000] {processor.py:925} INFO - DAG(s) 'read_dataset_event_from_classic', 'read_dataset_event' retrieved from /home/airflow/.local/lib/python3.12/site-packages/airflow/example_dags/example_inlet_event_extra.py
[2026-03-22T00:15:04.956+0000] {logging_mixin.py:190} INFO - [2026-03-22T00:15:04.955+0000] {dag.py:3239} INFO - Sync 2 DAGs
[2026-03-22T00:15:04.988+0000] {logging_mixin.py:190} INFO - [2026-03-22T00:15:04.988+0000] {dag.py:4180} INFO - Setting next_dagrun for read_dataset_event to 2026-03-21 00:00:00+00:00, run_after=2026-03-22 00:00:00+00:00
[2026-03-22T00:15:04.995+0000] {logging_mixin.py:190} INFO - [2026-03-22T00:15:04.994+0000] {dag.py:4180} INFO - Setting next_dagrun for read_dataset_event_from_classic to 2026-03-21 00:00:00+00:00, run_after=2026-03-22 00:00:00+00:00
[2026-03-22T00:15:05.018+0000] {processor.py:208} INFO - Processing /home/airflow/.local/lib/python3.12/site-packages/airflow/example_dags/example_inlet_event_extra.py took 0.625 seconds
[2026-03-22T00:15:35.329+0000] {processor.py:186} INFO - Started process (PID=26368) to work on /home/airflow/.local/lib/python3.12/site-packages/airflow/example_dags/example_inlet_event_extra.py
[2026-03-22T00:15:35.330+0000] {processor.py:914} INFO - Processing file /home/airflow/.local/lib/python3.12/site-packages/airflow/example_dags/example_inlet_event_extra.py for tasks to queue
[2026-03-22T00:15:35.332+0000] {logging_mixin.py:190} INFO - [2026-03-22T00:15:35.332+0000] {dagbag.py:588} INFO - Filling up the DagBag from /home/airflow/.local/lib/python3.12/site-packages/airflow/example_dags/example_inlet_event_extra.py
[2026-03-22T00:15:35.793+0000] {processor.py:925} INFO - DAG(s) 'read_dataset_event_from_classic', 'read_dataset_event' retrieved from /home/airflow/.local/lib/python3.12/site-packages/airflow/example_dags/example_inlet_event_extra.py
[2026-03-22T00:15:35.815+0000] {logging_mixin.py:190} INFO - [2026-03-22T00:15:35.814+0000] {dag.py:3239} INFO - Sync 2 DAGs
[2026-03-22T00:15:35.838+0000] {logging_mixin.py:190} INFO - [2026-03-22T00:15:35.838+0000] {dag.py:4180} INFO - Setting next_dagrun for read_dataset_event to 2026-03-21 00:00:00+00:00, run_after=2026-03-22 00:00:00+00:00
[2026-03-22T00:15:35.843+0000] {logging_mixin.py:190} INFO - [2026-03-22T00:15:35.842+0000] {dag.py:4180} INFO - Setting next_dagrun for read_dataset_event_from_classic to 2026-03-21 00:00:00+00:00, run_after=2026-03-22 00:00:00+00:00
[2026-03-22T00:15:35.856+0000] {processor.py:208} INFO - Processing /home/airflow/.local/lib/python3.12/site-packages/airflow/example_dags/example_inlet_event_extra.py took 0.533 seconds
[2026-03-22T02:12:55.833+0000] {processor.py:186} INFO - Started process (PID=26423) to work on /home/airflow/.local/lib/python3.12/site-packages/airflow/example_dags/example_inlet_event_extra.py
[2026-03-22T02:12:55.834+0000] {processor.py:914} INFO - Processing file /home/airflow/.local/lib/python3.12/site-packages/airflow/example_dags/example_inlet_event_extra.py for tasks to queue
[2026-03-22T02:12:55.835+0000] {logging_mixin.py:190} INFO - [2026-03-22T02:12:55.835+0000] {dagbag.py:588} INFO - Filling up the DagBag from /home/airflow/.local/lib/python3.12/site-packages/airflow/example_dags/example_inlet_event_extra.py
[2026-03-22T02:12:56.305+0000] {processor.py:925} INFO - DAG(s) 'read_dataset_event', 'read_dataset_event_from_classic' retrieved from /home/airflow/.local/lib/python3.12/site-packages/airflow/example_dags/example_inlet_event_extra.py
[2026-03-22T02:12:56.322+0000] {logging_mixin.py:190} INFO - [2026-03-22T02:12:56.322+0000] {dag.py:3239} INFO - Sync 2 DAGs
[2026-03-22T02:12:56.341+0000] {logging_mixin.py:190} INFO - [2026-03-22T02:12:56.341+0000] {dag.py:4180} INFO - Setting next_dagrun for read_dataset_event to 2026-03-21 00:00:00+00:00, run_after=2026-03-22 00:00:00+00:00
[2026-03-22T02:12:56.345+0000] {logging_mixin.py:190} INFO - [2026-03-22T02:12:56.345+0000] {dag.py:4180} INFO - Setting next_dagrun for read_dataset_event_from_classic to 2026-03-21 00:00:00+00:00, run_after=2026-03-22 00:00:00+00:00
[2026-03-22T02:12:56.361+0000] {processor.py:208} INFO - Processing /home/airflow/.local/lib/python3.12/site-packages/airflow/example_dags/example_inlet_event_extra.py took 0.534 seconds
[2026-03-22T02:13:26.460+0000] {processor.py:186} INFO - Started process (PID=26488) to work on /home/airflow/.local/lib/python3.12/site-packages/airflow/example_dags/example_inlet_event_extra.py
[2026-03-22T02:13:26.461+0000] {processor.py:914} INFO - Processing file /home/airflow/.local/lib/python3.12/site-packages/airflow/example_dags/example_inlet_event_extra.py for tasks to queue
[2026-03-22T02:13:26.463+0000] {logging_mixin.py:190} INFO - [2026-03-22T02:13:26.462+0000] {dagbag.py:588} INFO - Filling up the DagBag from /home/airflow/.local/lib/python3.12/site-packages/airflow/example_dags/example_inlet_event_extra.py
[2026-03-22T02:13:26.975+0000] {processor.py:925} INFO - DAG(s) 'read_dataset_event', 'read_dataset_event_from_classic' retrieved from /home/airflow/.local/lib/python3.12/site-packages/airflow/example_dags/example_inlet_event_extra.py
[2026-03-22T02:13:26.996+0000] {logging_mixin.py:190} INFO - [2026-03-22T02:13:26.996+0000] {dag.py:3239} INFO - Sync 2 DAGs
[2026-03-22T02:13:27.021+0000] {logging_mixin.py:190} INFO - [2026-03-22T02:13:27.021+0000] {dag.py:4180} INFO - Setting next_dagrun for read_dataset_event to 2026-03-21 00:00:00+00:00, run_after=2026-03-22 00:00:00+00:00
[2026-03-22T02:13:27.027+0000] {logging_mixin.py:190} INFO - [2026-03-22T02:13:27.026+0000] {dag.py:4180} INFO - Setting next_dagrun for read_dataset_event_from_classic to 2026-03-21 00:00:00+00:00, run_after=2026-03-22 00:00:00+00:00
[2026-03-22T02:13:27.048+0000] {processor.py:208} INFO - Processing /home/airflow/.local/lib/python3.12/site-packages/airflow/example_dags/example_inlet_event_extra.py took 0.593 seconds
[2026-03-22T02:13:57.521+0000] {processor.py:186} INFO - Started process (PID=26554) to work on /home/airflow/.local/lib/python3.12/site-packages/airflow/example_dags/example_inlet_event_extra.py
[2026-03-22T02:13:57.522+0000] {processor.py:914} INFO - Processing file /home/airflow/.local/lib/python3.12/site-packages/airflow/example_dags/example_inlet_event_extra.py for tasks to queue
[2026-03-22T02:13:57.523+0000] {logging_mixin.py:190} INFO - [2026-03-22T02:13:57.523+0000] {dagbag.py:588} INFO - Filling up the DagBag from /home/airflow/.local/lib/python3.12/site-packages/airflow/example_dags/example_inlet_event_extra.py
[2026-03-22T02:13:57.980+0000] {processor.py:925} INFO - DAG(s) 'read_dataset_event', 'read_dataset_event_from_classic' retrieved from /home/airflow/.local/lib/python3.12/site-packages/airflow/example_dags/example_inlet_event_extra.py
[2026-03-22T02:13:58.001+0000] {logging_mixin.py:190} INFO - [2026-03-22T02:13:58.001+0000] {dag.py:3239} INFO - Sync 2 DAGs
[2026-03-22T02:13:58.021+0000] {logging_mixin.py:190} INFO - [2026-03-22T02:13:58.021+0000] {dag.py:4180} INFO - Setting next_dagrun for read_dataset_event to 2026-03-21 00:00:00+00:00, run_after=2026-03-22 00:00:00+00:00
[2026-03-22T02:13:58.026+0000] {logging_mixin.py:190} INFO - [2026-03-22T02:13:58.026+0000] {dag.py:4180} INFO - Setting next_dagrun for read_dataset_event_from_classic to 2026-03-21 00:00:00+00:00, run_after=2026-03-22 00:00:00+00:00
[2026-03-22T02:13:58.043+0000] {processor.py:208} INFO - Processing /home/airflow/.local/lib/python3.12/site-packages/airflow/example_dags/example_inlet_event_extra.py took 0.528 seconds
[2026-03-22T02:14:28.182+0000] {processor.py:186} INFO - Started process (PID=26619) to work on /home/airflow/.local/lib/python3.12/site-packages/airflow/example_dags/example_inlet_event_extra.py
[2026-03-22T02:14:28.183+0000] {processor.py:914} INFO - Processing file /home/airflow/.local/lib/python3.12/site-packages/airflow/example_dags/example_inlet_event_extra.py for tasks to queue
[2026-03-22T02:14:28.185+0000] {logging_mixin.py:190} INFO - [2026-03-22T02:14:28.184+0000] {dagbag.py:588} INFO - Filling up the DagBag from /home/airflow/.local/lib/python3.12/site-packages/airflow/example_dags/example_inlet_event_extra.py
[2026-03-22T02:14:28.611+0000] {processor.py:925} INFO - DAG(s) 'read_dataset_event_from_classic', 'read_dataset_event' retrieved from /home/airflow/.local/lib/python3.12/site-packages/airflow/example_dags/example_inlet_event_extra.py
[2026-03-22T02:14:28.629+0000] {logging_mixin.py:190} INFO - [2026-03-22T02:14:28.629+0000] {dag.py:3239} INFO - Sync 2 DAGs
[2026-03-22T02:14:28.650+0000] {logging_mixin.py:190} INFO - [2026-03-22T02:14:28.650+0000] {dag.py:4180} INFO - Setting next_dagrun for read_dataset_event to 2026-03-21 00:00:00+00:00, run_after=2026-03-22 00:00:00+00:00
[2026-03-22T02:14:28.655+0000] {logging_mixin.py:190} INFO - [2026-03-22T02:14:28.654+0000] {dag.py:4180} INFO - Setting next_dagrun for read_dataset_event_from_classic to 2026-03-21 00:00:00+00:00, run_after=2026-03-22 00:00:00+00:00
[2026-03-22T02:14:28.669+0000] {processor.py:208} INFO - Processing /home/airflow/.local/lib/python3.12/site-packages/airflow/example_dags/example_inlet_event_extra.py took 0.492 seconds
[2026-03-22T02:14:59.536+0000] {processor.py:186} INFO - Started process (PID=26683) to work on /home/airflow/.local/lib/python3.12/site-packages/airflow/example_dags/example_inlet_event_extra.py
[2026-03-22T02:14:59.537+0000] {processor.py:914} INFO - Processing file /home/airflow/.local/lib/python3.12/site-packages/airflow/example_dags/example_inlet_event_extra.py for tasks to queue
[2026-03-22T02:14:59.539+0000] {logging_mixin.py:190} INFO - [2026-03-22T02:14:59.538+0000] {dagbag.py:588} INFO - Filling up the DagBag from /home/airflow/.local/lib/python3.12/site-packages/airflow/example_dags/example_inlet_event_extra.py
[2026-03-22T02:15:00.031+0000] {processor.py:925} INFO - DAG(s) 'read_dataset_event', 'read_dataset_event_from_classic' retrieved from /home/airflow/.local/lib/python3.12/site-packages/airflow/example_dags/example_inlet_event_extra.py
[2026-03-22T02:15:00.057+0000] {logging_mixin.py:190} INFO - [2026-03-22T02:15:00.057+0000] {dag.py:3239} INFO - Sync 2 DAGs
[2026-03-22T02:15:00.085+0000] {logging_mixin.py:190} INFO - [2026-03-22T02:15:00.085+0000] {dag.py:4180} INFO - Setting next_dagrun for read_dataset_event to 2026-03-21 00:00:00+00:00, run_after=2026-03-22 00:00:00+00:00
[2026-03-22T02:15:00.092+0000] {logging_mixin.py:190} INFO - [2026-03-22T02:15:00.092+0000] {dag.py:4180} INFO - Setting next_dagrun for read_dataset_event_from_classic to 2026-03-21 00:00:00+00:00, run_after=2026-03-22 00:00:00+00:00
[2026-03-22T02:15:00.109+0000] {processor.py:208} INFO - Processing /home/airflow/.local/lib/python3.12/site-packages/airflow/example_dags/example_inlet_event_extra.py took 0.579 seconds
[2026-03-22T02:15:31.006+0000] {processor.py:186} INFO - Started process (PID=26748) to work on /home/airflow/.local/lib/python3.12/site-packages/airflow/example_dags/example_inlet_event_extra.py
[2026-03-22T02:15:31.008+0000] {processor.py:914} INFO - Processing file /home/airflow/.local/lib/python3.12/site-packages/airflow/example_dags/example_inlet_event_extra.py for tasks to queue
[2026-03-22T02:15:31.009+0000] {logging_mixin.py:190} INFO - [2026-03-22T02:15:31.009+0000] {dagbag.py:588} INFO - Filling up the DagBag from /home/airflow/.local/lib/python3.12/site-packages/airflow/example_dags/example_inlet_event_extra.py
[2026-03-22T02:15:31.451+0000] {processor.py:925} INFO - DAG(s) 'read_dataset_event', 'read_dataset_event_from_classic' retrieved from /home/airflow/.local/lib/python3.12/site-packages/airflow/example_dags/example_inlet_event_extra.py
[2026-03-22T02:15:31.468+0000] {logging_mixin.py:190} INFO - [2026-03-22T02:15:31.468+0000] {dag.py:3239} INFO - Sync 2 DAGs
[2026-03-22T02:15:31.489+0000] {logging_mixin.py:190} INFO - [2026-03-22T02:15:31.488+0000] {dag.py:4180} INFO - Setting next_dagrun for read_dataset_event to 2026-03-21 00:00:00+00:00, run_after=2026-03-22 00:00:00+00:00
[2026-03-22T02:15:31.493+0000] {logging_mixin.py:190} INFO - [2026-03-22T02:15:31.493+0000] {dag.py:4180} INFO - Setting next_dagrun for read_dataset_event_from_classic to 2026-03-21 00:00:00+00:00, run_after=2026-03-22 00:00:00+00:00
[2026-03-22T02:15:31.507+0000] {processor.py:208} INFO - Processing /home/airflow/.local/lib/python3.12/site-packages/airflow/example_dags/example_inlet_event_extra.py took 0.506 seconds
[2026-03-22T02:16:02.444+0000] {processor.py:186} INFO - Started process (PID=26815) to work on /home/airflow/.local/lib/python3.12/site-packages/airflow/example_dags/example_inlet_event_extra.py
[2026-03-22T02:16:02.446+0000] {processor.py:914} INFO - Processing file /home/airflow/.local/lib/python3.12/site-packages/airflow/example_dags/example_inlet_event_extra.py for tasks to queue
[2026-03-22T02:16:02.447+0000] {logging_mixin.py:190} INFO - [2026-03-22T02:16:02.447+0000] {dagbag.py:588} INFO - Filling up the DagBag from /home/airflow/.local/lib/python3.12/site-packages/airflow/example_dags/example_inlet_event_extra.py
[2026-03-22T02:16:02.891+0000] {processor.py:925} INFO - DAG(s) 'read_dataset_event', 'read_dataset_event_from_classic' retrieved from /home/airflow/.local/lib/python3.12/site-packages/airflow/example_dags/example_inlet_event_extra.py
[2026-03-22T02:16:02.909+0000] {logging_mixin.py:190} INFO - [2026-03-22T02:16:02.909+0000] {dag.py:3239} INFO - Sync 2 DAGs
[2026-03-22T02:16:02.931+0000] {logging_mixin.py:190} INFO - [2026-03-22T02:16:02.931+0000] {dag.py:4180} INFO - Setting next_dagrun for read_dataset_event to 2026-03-21 00:00:00+00:00, run_after=2026-03-22 00:00:00+00:00
[2026-03-22T02:16:02.938+0000] {logging_mixin.py:190} INFO - [2026-03-22T02:16:02.937+0000] {dag.py:4180} INFO - Setting next_dagrun for read_dataset_event_from_classic to 2026-03-21 00:00:00+00:00, run_after=2026-03-22 00:00:00+00:00
[2026-03-22T02:16:02.955+0000] {processor.py:208} INFO - Processing /home/airflow/.local/lib/python3.12/site-packages/airflow/example_dags/example_inlet_event_extra.py took 0.516 seconds
[2026-03-22T02:16:33.304+0000] {processor.py:186} INFO - Started process (PID=26880) to work on /home/airflow/.local/lib/python3.12/site-packages/airflow/example_dags/example_inlet_event_extra.py
[2026-03-22T02:16:33.306+0000] {processor.py:914} INFO - Processing file /home/airflow/.local/lib/python3.12/site-packages/airflow/example_dags/example_inlet_event_extra.py for tasks to queue
[2026-03-22T02:16:33.308+0000] {logging_mixin.py:190} INFO - [2026-03-22T02:16:33.308+0000] {dagbag.py:588} INFO - Filling up the DagBag from /home/airflow/.local/lib/python3.12/site-packages/airflow/example_dags/example_inlet_event_extra.py
[2026-03-22T02:16:33.796+0000] {processor.py:925} INFO - DAG(s) 'read_dataset_event_from_classic', 'read_dataset_event' retrieved from /home/airflow/.local/lib/python3.12/site-packages/airflow/example_dags/example_inlet_event_extra.py
[2026-03-22T02:16:33.815+0000] {logging_mixin.py:190} INFO - [2026-03-22T02:16:33.815+0000] {dag.py:3239} INFO - Sync 2 DAGs
[2026-03-22T02:16:33.838+0000] {logging_mixin.py:190} INFO - [2026-03-22T02:16:33.838+0000] {dag.py:4180} INFO - Setting next_dagrun for read_dataset_event to 2026-03-21 00:00:00+00:00, run_after=2026-03-22 00:00:00+00:00
[2026-03-22T02:16:33.844+0000] {logging_mixin.py:190} INFO - [2026-03-22T02:16:33.843+0000] {dag.py:4180} INFO - Setting next_dagrun for read_dataset_event_from_classic to 2026-03-21 00:00:00+00:00, run_after=2026-03-22 00:00:00+00:00
[2026-03-22T02:16:33.861+0000] {processor.py:208} INFO - Processing /home/airflow/.local/lib/python3.12/site-packages/airflow/example_dags/example_inlet_event_extra.py took 0.563 seconds
