[2026-03-22T00:00:18.633+0000] {processor.py:186} INFO - Started process (PID=24821) to work on /home/airflow/.local/lib/python3.12/site-packages/airflow/example_dags/example_xcomargs.py
[2026-03-22T00:00:18.651+0000] {processor.py:914} INFO - Processing file /home/airflow/.local/lib/python3.12/site-packages/airflow/example_dags/example_xcomargs.py for tasks to queue
[2026-03-22T00:00:18.668+0000] {logging_mixin.py:190} INFO - [2026-03-22T00:00:18.666+0000] {dagbag.py:588} INFO - Filling up the DagBag from /home/airflow/.local/lib/python3.12/site-packages/airflow/example_dags/example_xcomargs.py
[2026-03-22T00:00:18.793+0000] {processor.py:925} INFO - DAG(s) 'example_xcom_args_with_operators', 'example_xcom_args' retrieved from /home/airflow/.local/lib/python3.12/site-packages/airflow/example_dags/example_xcomargs.py
[2026-03-22T00:00:19.095+0000] {logging_mixin.py:190} INFO - [2026-03-22T00:00:19.094+0000] {dag.py:3239} INFO - Sync 2 DAGs
[2026-03-22T00:00:19.331+0000] {logging_mixin.py:190} INFO - [2026-03-22T00:00:19.330+0000] {dag.py:4180} INFO - Setting next_dagrun for example_xcom_args to None, run_after=None
[2026-03-22T00:00:19.407+0000] {logging_mixin.py:190} INFO - [2026-03-22T00:00:19.393+0000] {dag.py:4180} INFO - Setting next_dagrun for example_xcom_args_with_operators to None, run_after=None
[2026-03-22T00:00:19.616+0000] {processor.py:208} INFO - Processing /home/airflow/.local/lib/python3.12/site-packages/airflow/example_dags/example_xcomargs.py took 1.055 seconds
[2026-03-22T00:01:00.260+0000] {processor.py:186} INFO - Started process (PID=24898) to work on /home/airflow/.local/lib/python3.12/site-packages/airflow/example_dags/example_xcomargs.py
[2026-03-22T00:01:00.276+0000] {processor.py:914} INFO - Processing file /home/airflow/.local/lib/python3.12/site-packages/airflow/example_dags/example_xcomargs.py for tasks to queue
[2026-03-22T00:01:00.284+0000] {logging_mixin.py:190} INFO - [2026-03-22T00:01:00.282+0000] {dagbag.py:588} INFO - Filling up the DagBag from /home/airflow/.local/lib/python3.12/site-packages/airflow/example_dags/example_xcomargs.py
[2026-03-22T00:01:00.347+0000] {processor.py:925} INFO - DAG(s) 'example_xcom_args', 'example_xcom_args_with_operators' retrieved from /home/airflow/.local/lib/python3.12/site-packages/airflow/example_dags/example_xcomargs.py
[2026-03-22T00:01:00.517+0000] {logging_mixin.py:190} INFO - [2026-03-22T00:01:00.515+0000] {dag.py:3239} INFO - Sync 2 DAGs
[2026-03-22T00:01:00.666+0000] {logging_mixin.py:190} INFO - [2026-03-22T00:01:00.658+0000] {dag.py:4180} INFO - Setting next_dagrun for example_xcom_args to None, run_after=None
[2026-03-22T00:01:00.699+0000] {logging_mixin.py:190} INFO - [2026-03-22T00:01:00.695+0000] {dag.py:4180} INFO - Setting next_dagrun for example_xcom_args_with_operators to None, run_after=None
[2026-03-22T00:01:00.882+0000] {processor.py:208} INFO - Processing /home/airflow/.local/lib/python3.12/site-packages/airflow/example_dags/example_xcomargs.py took 0.655 seconds
[2026-03-22T00:03:42.336+0000] {processor.py:186} INFO - Started process (PID=24973) to work on /home/airflow/.local/lib/python3.12/site-packages/airflow/example_dags/example_xcomargs.py
[2026-03-22T00:03:42.344+0000] {processor.py:914} INFO - Processing file /home/airflow/.local/lib/python3.12/site-packages/airflow/example_dags/example_xcomargs.py for tasks to queue
[2026-03-22T00:03:42.371+0000] {logging_mixin.py:190} INFO - [2026-03-22T00:03:42.369+0000] {dagbag.py:588} INFO - Filling up the DagBag from /home/airflow/.local/lib/python3.12/site-packages/airflow/example_dags/example_xcomargs.py
[2026-03-22T00:03:42.601+0000] {processor.py:925} INFO - DAG(s) 'example_xcom_args', 'example_xcom_args_with_operators' retrieved from /home/airflow/.local/lib/python3.12/site-packages/airflow/example_dags/example_xcomargs.py
[2026-03-22T00:03:42.928+0000] {logging_mixin.py:190} INFO - [2026-03-22T00:03:42.914+0000] {dag.py:3239} INFO - Sync 2 DAGs
[2026-03-22T00:03:43.253+0000] {logging_mixin.py:190} INFO - [2026-03-22T00:03:43.242+0000] {dag.py:4180} INFO - Setting next_dagrun for example_xcom_args to None, run_after=None
[2026-03-22T00:03:43.334+0000] {logging_mixin.py:190} INFO - [2026-03-22T00:03:43.321+0000] {dag.py:4180} INFO - Setting next_dagrun for example_xcom_args_with_operators to None, run_after=None
[2026-03-22T00:03:43.551+0000] {processor.py:208} INFO - Processing /home/airflow/.local/lib/python3.12/site-packages/airflow/example_dags/example_xcomargs.py took 1.328 seconds
[2026-03-22T00:05:01.291+0000] {processor.py:186} INFO - Started process (PID=25042) to work on /home/airflow/.local/lib/python3.12/site-packages/airflow/example_dags/example_xcomargs.py
[2026-03-22T00:05:01.296+0000] {processor.py:914} INFO - Processing file /home/airflow/.local/lib/python3.12/site-packages/airflow/example_dags/example_xcomargs.py for tasks to queue
[2026-03-22T00:05:01.301+0000] {logging_mixin.py:190} INFO - [2026-03-22T00:05:01.300+0000] {dagbag.py:588} INFO - Filling up the DagBag from /home/airflow/.local/lib/python3.12/site-packages/airflow/example_dags/example_xcomargs.py
[2026-03-22T00:05:01.361+0000] {processor.py:925} INFO - DAG(s) 'example_xcom_args_with_operators', 'example_xcom_args' retrieved from /home/airflow/.local/lib/python3.12/site-packages/airflow/example_dags/example_xcomargs.py
[2026-03-22T00:05:01.550+0000] {logging_mixin.py:190} INFO - [2026-03-22T00:05:01.538+0000] {dag.py:3239} INFO - Sync 2 DAGs
[2026-03-22T00:05:01.692+0000] {logging_mixin.py:190} INFO - [2026-03-22T00:05:01.691+0000] {dag.py:4180} INFO - Setting next_dagrun for example_xcom_args to None, run_after=None
[2026-03-22T00:05:01.731+0000] {logging_mixin.py:190} INFO - [2026-03-22T00:05:01.729+0000] {dag.py:4180} INFO - Setting next_dagrun for example_xcom_args_with_operators to None, run_after=None
[2026-03-22T00:05:01.875+0000] {processor.py:208} INFO - Processing /home/airflow/.local/lib/python3.12/site-packages/airflow/example_dags/example_xcomargs.py took 0.617 seconds
[2026-03-22T00:05:32.139+0000] {processor.py:186} INFO - Started process (PID=25107) to work on /home/airflow/.local/lib/python3.12/site-packages/airflow/example_dags/example_xcomargs.py
[2026-03-22T00:05:32.141+0000] {processor.py:914} INFO - Processing file /home/airflow/.local/lib/python3.12/site-packages/airflow/example_dags/example_xcomargs.py for tasks to queue
[2026-03-22T00:05:32.144+0000] {logging_mixin.py:190} INFO - [2026-03-22T00:05:32.143+0000] {dagbag.py:588} INFO - Filling up the DagBag from /home/airflow/.local/lib/python3.12/site-packages/airflow/example_dags/example_xcomargs.py
[2026-03-22T00:05:32.168+0000] {processor.py:925} INFO - DAG(s) 'example_xcom_args', 'example_xcom_args_with_operators' retrieved from /home/airflow/.local/lib/python3.12/site-packages/airflow/example_dags/example_xcomargs.py
[2026-03-22T00:05:32.225+0000] {logging_mixin.py:190} INFO - [2026-03-22T00:05:32.224+0000] {dag.py:3239} INFO - Sync 2 DAGs
[2026-03-22T00:05:32.264+0000] {logging_mixin.py:190} INFO - [2026-03-22T00:05:32.264+0000] {dag.py:4180} INFO - Setting next_dagrun for example_xcom_args to None, run_after=None
[2026-03-22T00:05:32.275+0000] {logging_mixin.py:190} INFO - [2026-03-22T00:05:32.274+0000] {dag.py:4180} INFO - Setting next_dagrun for example_xcom_args_with_operators to None, run_after=None
[2026-03-22T00:05:32.313+0000] {processor.py:208} INFO - Processing /home/airflow/.local/lib/python3.12/site-packages/airflow/example_dags/example_xcomargs.py took 0.186 seconds
[2026-03-22T00:06:02.590+0000] {processor.py:186} INFO - Started process (PID=25172) to work on /home/airflow/.local/lib/python3.12/site-packages/airflow/example_dags/example_xcomargs.py
[2026-03-22T00:06:02.592+0000] {processor.py:914} INFO - Processing file /home/airflow/.local/lib/python3.12/site-packages/airflow/example_dags/example_xcomargs.py for tasks to queue
[2026-03-22T00:06:02.595+0000] {logging_mixin.py:190} INFO - [2026-03-22T00:06:02.595+0000] {dagbag.py:588} INFO - Filling up the DagBag from /home/airflow/.local/lib/python3.12/site-packages/airflow/example_dags/example_xcomargs.py
[2026-03-22T00:06:02.617+0000] {processor.py:925} INFO - DAG(s) 'example_xcom_args_with_operators', 'example_xcom_args' retrieved from /home/airflow/.local/lib/python3.12/site-packages/airflow/example_dags/example_xcomargs.py
[2026-03-22T00:06:02.661+0000] {logging_mixin.py:190} INFO - [2026-03-22T00:06:02.660+0000] {dag.py:3239} INFO - Sync 2 DAGs
[2026-03-22T00:06:02.692+0000] {logging_mixin.py:190} INFO - [2026-03-22T00:06:02.691+0000] {dag.py:4180} INFO - Setting next_dagrun for example_xcom_args to None, run_after=None
[2026-03-22T00:06:02.700+0000] {logging_mixin.py:190} INFO - [2026-03-22T00:06:02.699+0000] {dag.py:4180} INFO - Setting next_dagrun for example_xcom_args_with_operators to None, run_after=None
[2026-03-22T00:06:02.735+0000] {processor.py:208} INFO - Processing /home/airflow/.local/lib/python3.12/site-packages/airflow/example_dags/example_xcomargs.py took 0.159 seconds
[2026-03-22T00:06:33.547+0000] {processor.py:186} INFO - Started process (PID=25243) to work on /home/airflow/.local/lib/python3.12/site-packages/airflow/example_dags/example_xcomargs.py
[2026-03-22T00:06:33.549+0000] {processor.py:914} INFO - Processing file /home/airflow/.local/lib/python3.12/site-packages/airflow/example_dags/example_xcomargs.py for tasks to queue
[2026-03-22T00:06:33.552+0000] {logging_mixin.py:190} INFO - [2026-03-22T00:06:33.551+0000] {dagbag.py:588} INFO - Filling up the DagBag from /home/airflow/.local/lib/python3.12/site-packages/airflow/example_dags/example_xcomargs.py
[2026-03-22T00:06:33.571+0000] {processor.py:925} INFO - DAG(s) 'example_xcom_args_with_operators', 'example_xcom_args' retrieved from /home/airflow/.local/lib/python3.12/site-packages/airflow/example_dags/example_xcomargs.py
[2026-03-22T00:06:33.618+0000] {logging_mixin.py:190} INFO - [2026-03-22T00:06:33.617+0000] {dag.py:3239} INFO - Sync 2 DAGs
[2026-03-22T00:06:33.649+0000] {logging_mixin.py:190} INFO - [2026-03-22T00:06:33.648+0000] {dag.py:4180} INFO - Setting next_dagrun for example_xcom_args to None, run_after=None
[2026-03-22T00:06:33.657+0000] {logging_mixin.py:190} INFO - [2026-03-22T00:06:33.656+0000] {dag.py:4180} INFO - Setting next_dagrun for example_xcom_args_with_operators to None, run_after=None
[2026-03-22T00:06:33.691+0000] {processor.py:208} INFO - Processing /home/airflow/.local/lib/python3.12/site-packages/airflow/example_dags/example_xcomargs.py took 0.153 seconds
[2026-03-22T00:07:04.305+0000] {processor.py:186} INFO - Started process (PID=25308) to work on /home/airflow/.local/lib/python3.12/site-packages/airflow/example_dags/example_xcomargs.py
[2026-03-22T00:07:04.307+0000] {processor.py:914} INFO - Processing file /home/airflow/.local/lib/python3.12/site-packages/airflow/example_dags/example_xcomargs.py for tasks to queue
[2026-03-22T00:07:04.310+0000] {logging_mixin.py:190} INFO - [2026-03-22T00:07:04.309+0000] {dagbag.py:588} INFO - Filling up the DagBag from /home/airflow/.local/lib/python3.12/site-packages/airflow/example_dags/example_xcomargs.py
[2026-03-22T00:07:04.334+0000] {processor.py:925} INFO - DAG(s) 'example_xcom_args', 'example_xcom_args_with_operators' retrieved from /home/airflow/.local/lib/python3.12/site-packages/airflow/example_dags/example_xcomargs.py
[2026-03-22T00:07:04.387+0000] {logging_mixin.py:190} INFO - [2026-03-22T00:07:04.387+0000] {dag.py:3239} INFO - Sync 2 DAGs
[2026-03-22T00:07:04.420+0000] {logging_mixin.py:190} INFO - [2026-03-22T00:07:04.420+0000] {dag.py:4180} INFO - Setting next_dagrun for example_xcom_args to None, run_after=None
[2026-03-22T00:07:04.429+0000] {logging_mixin.py:190} INFO - [2026-03-22T00:07:04.428+0000] {dag.py:4180} INFO - Setting next_dagrun for example_xcom_args_with_operators to None, run_after=None
[2026-03-22T00:07:04.469+0000] {processor.py:208} INFO - Processing /home/airflow/.local/lib/python3.12/site-packages/airflow/example_dags/example_xcomargs.py took 0.179 seconds
[2026-03-22T00:07:43.024+0000] {processor.py:186} INFO - Started process (PID=25373) to work on /home/airflow/.local/lib/python3.12/site-packages/airflow/example_dags/example_xcomargs.py
[2026-03-22T00:07:43.028+0000] {processor.py:914} INFO - Processing file /home/airflow/.local/lib/python3.12/site-packages/airflow/example_dags/example_xcomargs.py for tasks to queue
[2026-03-22T00:07:43.033+0000] {logging_mixin.py:190} INFO - [2026-03-22T00:07:43.032+0000] {dagbag.py:588} INFO - Filling up the DagBag from /home/airflow/.local/lib/python3.12/site-packages/airflow/example_dags/example_xcomargs.py
[2026-03-22T00:07:43.076+0000] {processor.py:925} INFO - DAG(s) 'example_xcom_args_with_operators', 'example_xcom_args' retrieved from /home/airflow/.local/lib/python3.12/site-packages/airflow/example_dags/example_xcomargs.py
[2026-03-22T00:07:43.182+0000] {logging_mixin.py:190} INFO - [2026-03-22T00:07:43.181+0000] {dag.py:3239} INFO - Sync 2 DAGs
[2026-03-22T00:07:43.251+0000] {logging_mixin.py:190} INFO - [2026-03-22T00:07:43.250+0000] {dag.py:4180} INFO - Setting next_dagrun for example_xcom_args to None, run_after=None
[2026-03-22T00:07:43.268+0000] {logging_mixin.py:190} INFO - [2026-03-22T00:07:43.267+0000] {dag.py:4180} INFO - Setting next_dagrun for example_xcom_args_with_operators to None, run_after=None
[2026-03-22T00:07:43.344+0000] {processor.py:208} INFO - Processing /home/airflow/.local/lib/python3.12/site-packages/airflow/example_dags/example_xcomargs.py took 0.341 seconds
[2026-03-22T00:08:18.506+0000] {processor.py:186} INFO - Started process (PID=25438) to work on /home/airflow/.local/lib/python3.12/site-packages/airflow/example_dags/example_xcomargs.py
[2026-03-22T00:08:18.510+0000] {processor.py:914} INFO - Processing file /home/airflow/.local/lib/python3.12/site-packages/airflow/example_dags/example_xcomargs.py for tasks to queue
[2026-03-22T00:08:18.516+0000] {logging_mixin.py:190} INFO - [2026-03-22T00:08:18.515+0000] {dagbag.py:588} INFO - Filling up the DagBag from /home/airflow/.local/lib/python3.12/site-packages/airflow/example_dags/example_xcomargs.py
[2026-03-22T00:08:18.569+0000] {processor.py:925} INFO - DAG(s) 'example_xcom_args_with_operators', 'example_xcom_args' retrieved from /home/airflow/.local/lib/python3.12/site-packages/airflow/example_dags/example_xcomargs.py
[2026-03-22T00:08:18.696+0000] {logging_mixin.py:190} INFO - [2026-03-22T00:08:18.695+0000] {dag.py:3239} INFO - Sync 2 DAGs
[2026-03-22T00:08:18.768+0000] {logging_mixin.py:190} INFO - [2026-03-22T00:08:18.767+0000] {dag.py:4180} INFO - Setting next_dagrun for example_xcom_args to None, run_after=None
[2026-03-22T00:08:18.783+0000] {logging_mixin.py:190} INFO - [2026-03-22T00:08:18.782+0000] {dag.py:4180} INFO - Setting next_dagrun for example_xcom_args_with_operators to None, run_after=None
[2026-03-22T00:08:18.861+0000] {processor.py:208} INFO - Processing /home/airflow/.local/lib/python3.12/site-packages/airflow/example_dags/example_xcomargs.py took 0.387 seconds
[2026-03-22T00:08:49.656+0000] {processor.py:186} INFO - Started process (PID=25503) to work on /home/airflow/.local/lib/python3.12/site-packages/airflow/example_dags/example_xcomargs.py
[2026-03-22T00:08:49.660+0000] {processor.py:914} INFO - Processing file /home/airflow/.local/lib/python3.12/site-packages/airflow/example_dags/example_xcomargs.py for tasks to queue
[2026-03-22T00:08:49.666+0000] {logging_mixin.py:190} INFO - [2026-03-22T00:08:49.665+0000] {dagbag.py:588} INFO - Filling up the DagBag from /home/airflow/.local/lib/python3.12/site-packages/airflow/example_dags/example_xcomargs.py
[2026-03-22T00:08:49.708+0000] {processor.py:925} INFO - DAG(s) 'example_xcom_args', 'example_xcom_args_with_operators' retrieved from /home/airflow/.local/lib/python3.12/site-packages/airflow/example_dags/example_xcomargs.py
[2026-03-22T00:08:49.806+0000] {logging_mixin.py:190} INFO - [2026-03-22T00:08:49.805+0000] {dag.py:3239} INFO - Sync 2 DAGs
[2026-03-22T00:08:49.875+0000] {logging_mixin.py:190} INFO - [2026-03-22T00:08:49.875+0000] {dag.py:4180} INFO - Setting next_dagrun for example_xcom_args to None, run_after=None
[2026-03-22T00:08:49.892+0000] {logging_mixin.py:190} INFO - [2026-03-22T00:08:49.891+0000] {dag.py:4180} INFO - Setting next_dagrun for example_xcom_args_with_operators to None, run_after=None
[2026-03-22T00:08:49.968+0000] {processor.py:208} INFO - Processing /home/airflow/.local/lib/python3.12/site-packages/airflow/example_dags/example_xcomargs.py took 0.333 seconds
[2026-03-22T00:09:20.507+0000] {processor.py:186} INFO - Started process (PID=25568) to work on /home/airflow/.local/lib/python3.12/site-packages/airflow/example_dags/example_xcomargs.py
[2026-03-22T00:09:20.511+0000] {processor.py:914} INFO - Processing file /home/airflow/.local/lib/python3.12/site-packages/airflow/example_dags/example_xcomargs.py for tasks to queue
[2026-03-22T00:09:20.515+0000] {logging_mixin.py:190} INFO - [2026-03-22T00:09:20.514+0000] {dagbag.py:588} INFO - Filling up the DagBag from /home/airflow/.local/lib/python3.12/site-packages/airflow/example_dags/example_xcomargs.py
[2026-03-22T00:09:20.545+0000] {processor.py:925} INFO - DAG(s) 'example_xcom_args_with_operators', 'example_xcom_args' retrieved from /home/airflow/.local/lib/python3.12/site-packages/airflow/example_dags/example_xcomargs.py
[2026-03-22T00:09:20.603+0000] {logging_mixin.py:190} INFO - [2026-03-22T00:09:20.603+0000] {dag.py:3239} INFO - Sync 2 DAGs
[2026-03-22T00:09:20.640+0000] {logging_mixin.py:190} INFO - [2026-03-22T00:09:20.640+0000] {dag.py:4180} INFO - Setting next_dagrun for example_xcom_args to None, run_after=None
[2026-03-22T00:09:20.652+0000] {logging_mixin.py:190} INFO - [2026-03-22T00:09:20.651+0000] {dag.py:4180} INFO - Setting next_dagrun for example_xcom_args_with_operators to None, run_after=None
[2026-03-22T00:09:20.694+0000] {processor.py:208} INFO - Processing /home/airflow/.local/lib/python3.12/site-packages/airflow/example_dags/example_xcomargs.py took 0.201 seconds
[2026-03-22T00:09:51.893+0000] {processor.py:186} INFO - Started process (PID=25633) to work on /home/airflow/.local/lib/python3.12/site-packages/airflow/example_dags/example_xcomargs.py
[2026-03-22T00:09:51.897+0000] {processor.py:914} INFO - Processing file /home/airflow/.local/lib/python3.12/site-packages/airflow/example_dags/example_xcomargs.py for tasks to queue
[2026-03-22T00:09:51.905+0000] {logging_mixin.py:190} INFO - [2026-03-22T00:09:51.903+0000] {dagbag.py:588} INFO - Filling up the DagBag from /home/airflow/.local/lib/python3.12/site-packages/airflow/example_dags/example_xcomargs.py
[2026-03-22T00:09:51.949+0000] {processor.py:925} INFO - DAG(s) 'example_xcom_args_with_operators', 'example_xcom_args' retrieved from /home/airflow/.local/lib/python3.12/site-packages/airflow/example_dags/example_xcomargs.py
[2026-03-22T00:09:52.054+0000] {logging_mixin.py:190} INFO - [2026-03-22T00:09:52.053+0000] {dag.py:3239} INFO - Sync 2 DAGs
[2026-03-22T00:09:52.129+0000] {logging_mixin.py:190} INFO - [2026-03-22T00:09:52.128+0000] {dag.py:4180} INFO - Setting next_dagrun for example_xcom_args to None, run_after=None
[2026-03-22T00:09:52.150+0000] {logging_mixin.py:190} INFO - [2026-03-22T00:09:52.149+0000] {dag.py:4180} INFO - Setting next_dagrun for example_xcom_args_with_operators to None, run_after=None
[2026-03-22T00:09:52.241+0000] {processor.py:208} INFO - Processing /home/airflow/.local/lib/python3.12/site-packages/airflow/example_dags/example_xcomargs.py took 0.372 seconds
[2026-03-22T00:10:23.107+0000] {processor.py:186} INFO - Started process (PID=25698) to work on /home/airflow/.local/lib/python3.12/site-packages/airflow/example_dags/example_xcomargs.py
[2026-03-22T00:10:23.109+0000] {processor.py:914} INFO - Processing file /home/airflow/.local/lib/python3.12/site-packages/airflow/example_dags/example_xcomargs.py for tasks to queue
[2026-03-22T00:10:23.111+0000] {logging_mixin.py:190} INFO - [2026-03-22T00:10:23.111+0000] {dagbag.py:588} INFO - Filling up the DagBag from /home/airflow/.local/lib/python3.12/site-packages/airflow/example_dags/example_xcomargs.py
[2026-03-22T00:10:23.134+0000] {processor.py:925} INFO - DAG(s) 'example_xcom_args_with_operators', 'example_xcom_args' retrieved from /home/airflow/.local/lib/python3.12/site-packages/airflow/example_dags/example_xcomargs.py
[2026-03-22T00:10:23.181+0000] {logging_mixin.py:190} INFO - [2026-03-22T00:10:23.180+0000] {dag.py:3239} INFO - Sync 2 DAGs
[2026-03-22T00:10:23.215+0000] {logging_mixin.py:190} INFO - [2026-03-22T00:10:23.214+0000] {dag.py:4180} INFO - Setting next_dagrun for example_xcom_args to None, run_after=None
[2026-03-22T00:10:23.227+0000] {logging_mixin.py:190} INFO - [2026-03-22T00:10:23.227+0000] {dag.py:4180} INFO - Setting next_dagrun for example_xcom_args_with_operators to None, run_after=None
[2026-03-22T00:10:23.285+0000] {processor.py:208} INFO - Processing /home/airflow/.local/lib/python3.12/site-packages/airflow/example_dags/example_xcomargs.py took 0.188 seconds
[2026-03-22T00:10:53.751+0000] {processor.py:186} INFO - Started process (PID=25763) to work on /home/airflow/.local/lib/python3.12/site-packages/airflow/example_dags/example_xcomargs.py
[2026-03-22T00:10:53.752+0000] {processor.py:914} INFO - Processing file /home/airflow/.local/lib/python3.12/site-packages/airflow/example_dags/example_xcomargs.py for tasks to queue
[2026-03-22T00:10:53.754+0000] {logging_mixin.py:190} INFO - [2026-03-22T00:10:53.753+0000] {dagbag.py:588} INFO - Filling up the DagBag from /home/airflow/.local/lib/python3.12/site-packages/airflow/example_dags/example_xcomargs.py
[2026-03-22T00:10:53.764+0000] {processor.py:925} INFO - DAG(s) 'example_xcom_args', 'example_xcom_args_with_operators' retrieved from /home/airflow/.local/lib/python3.12/site-packages/airflow/example_dags/example_xcomargs.py
[2026-03-22T00:10:53.787+0000] {logging_mixin.py:190} INFO - [2026-03-22T00:10:53.787+0000] {dag.py:3239} INFO - Sync 2 DAGs
[2026-03-22T00:10:53.803+0000] {logging_mixin.py:190} INFO - [2026-03-22T00:10:53.802+0000] {dag.py:4180} INFO - Setting next_dagrun for example_xcom_args to None, run_after=None
[2026-03-22T00:10:53.806+0000] {logging_mixin.py:190} INFO - [2026-03-22T00:10:53.806+0000] {dag.py:4180} INFO - Setting next_dagrun for example_xcom_args_with_operators to None, run_after=None
[2026-03-22T00:10:53.823+0000] {processor.py:208} INFO - Processing /home/airflow/.local/lib/python3.12/site-packages/airflow/example_dags/example_xcomargs.py took 0.078 seconds
[2026-03-22T00:11:24.018+0000] {processor.py:186} INFO - Started process (PID=25827) to work on /home/airflow/.local/lib/python3.12/site-packages/airflow/example_dags/example_xcomargs.py
[2026-03-22T00:11:24.020+0000] {processor.py:914} INFO - Processing file /home/airflow/.local/lib/python3.12/site-packages/airflow/example_dags/example_xcomargs.py for tasks to queue
[2026-03-22T00:11:24.021+0000] {logging_mixin.py:190} INFO - [2026-03-22T00:11:24.021+0000] {dagbag.py:588} INFO - Filling up the DagBag from /home/airflow/.local/lib/python3.12/site-packages/airflow/example_dags/example_xcomargs.py
[2026-03-22T00:11:24.032+0000] {processor.py:925} INFO - DAG(s) 'example_xcom_args', 'example_xcom_args_with_operators' retrieved from /home/airflow/.local/lib/python3.12/site-packages/airflow/example_dags/example_xcomargs.py
[2026-03-22T00:11:24.056+0000] {logging_mixin.py:190} INFO - [2026-03-22T00:11:24.056+0000] {dag.py:3239} INFO - Sync 2 DAGs
[2026-03-22T00:11:24.073+0000] {logging_mixin.py:190} INFO - [2026-03-22T00:11:24.072+0000] {dag.py:4180} INFO - Setting next_dagrun for example_xcom_args to None, run_after=None
[2026-03-22T00:11:24.077+0000] {logging_mixin.py:190} INFO - [2026-03-22T00:11:24.077+0000] {dag.py:4180} INFO - Setting next_dagrun for example_xcom_args_with_operators to None, run_after=None
[2026-03-22T00:11:24.098+0000] {processor.py:208} INFO - Processing /home/airflow/.local/lib/python3.12/site-packages/airflow/example_dags/example_xcomargs.py took 0.087 seconds
[2026-03-22T00:11:54.530+0000] {processor.py:186} INFO - Started process (PID=25892) to work on /home/airflow/.local/lib/python3.12/site-packages/airflow/example_dags/example_xcomargs.py
[2026-03-22T00:11:54.532+0000] {processor.py:914} INFO - Processing file /home/airflow/.local/lib/python3.12/site-packages/airflow/example_dags/example_xcomargs.py for tasks to queue
[2026-03-22T00:11:54.533+0000] {logging_mixin.py:190} INFO - [2026-03-22T00:11:54.533+0000] {dagbag.py:588} INFO - Filling up the DagBag from /home/airflow/.local/lib/python3.12/site-packages/airflow/example_dags/example_xcomargs.py
[2026-03-22T00:11:54.544+0000] {processor.py:925} INFO - DAG(s) 'example_xcom_args_with_operators', 'example_xcom_args' retrieved from /home/airflow/.local/lib/python3.12/site-packages/airflow/example_dags/example_xcomargs.py
[2026-03-22T00:11:54.569+0000] {logging_mixin.py:190} INFO - [2026-03-22T00:11:54.568+0000] {dag.py:3239} INFO - Sync 2 DAGs
[2026-03-22T00:11:54.584+0000] {logging_mixin.py:190} INFO - [2026-03-22T00:11:54.584+0000] {dag.py:4180} INFO - Setting next_dagrun for example_xcom_args to None, run_after=None
[2026-03-22T00:11:54.589+0000] {logging_mixin.py:190} INFO - [2026-03-22T00:11:54.589+0000] {dag.py:4180} INFO - Setting next_dagrun for example_xcom_args_with_operators to None, run_after=None
[2026-03-22T00:11:54.610+0000] {processor.py:208} INFO - Processing /home/airflow/.local/lib/python3.12/site-packages/airflow/example_dags/example_xcomargs.py took 0.086 seconds
[2026-03-22T00:12:25.535+0000] {processor.py:186} INFO - Started process (PID=25957) to work on /home/airflow/.local/lib/python3.12/site-packages/airflow/example_dags/example_xcomargs.py
[2026-03-22T00:12:25.537+0000] {processor.py:914} INFO - Processing file /home/airflow/.local/lib/python3.12/site-packages/airflow/example_dags/example_xcomargs.py for tasks to queue
[2026-03-22T00:12:25.539+0000] {logging_mixin.py:190} INFO - [2026-03-22T00:12:25.538+0000] {dagbag.py:588} INFO - Filling up the DagBag from /home/airflow/.local/lib/python3.12/site-packages/airflow/example_dags/example_xcomargs.py
[2026-03-22T00:12:25.552+0000] {processor.py:925} INFO - DAG(s) 'example_xcom_args_with_operators', 'example_xcom_args' retrieved from /home/airflow/.local/lib/python3.12/site-packages/airflow/example_dags/example_xcomargs.py
[2026-03-22T00:12:25.582+0000] {logging_mixin.py:190} INFO - [2026-03-22T00:12:25.582+0000] {dag.py:3239} INFO - Sync 2 DAGs
[2026-03-22T00:12:25.602+0000] {logging_mixin.py:190} INFO - [2026-03-22T00:12:25.602+0000] {dag.py:4180} INFO - Setting next_dagrun for example_xcom_args to None, run_after=None
[2026-03-22T00:12:25.609+0000] {logging_mixin.py:190} INFO - [2026-03-22T00:12:25.608+0000] {dag.py:4180} INFO - Setting next_dagrun for example_xcom_args_with_operators to None, run_after=None
[2026-03-22T00:12:25.636+0000] {processor.py:208} INFO - Processing /home/airflow/.local/lib/python3.12/site-packages/airflow/example_dags/example_xcomargs.py took 0.109 seconds
[2026-03-22T00:12:55.878+0000] {processor.py:186} INFO - Started process (PID=26021) to work on /home/airflow/.local/lib/python3.12/site-packages/airflow/example_dags/example_xcomargs.py
[2026-03-22T00:12:55.880+0000] {processor.py:914} INFO - Processing file /home/airflow/.local/lib/python3.12/site-packages/airflow/example_dags/example_xcomargs.py for tasks to queue
[2026-03-22T00:12:55.882+0000] {logging_mixin.py:190} INFO - [2026-03-22T00:12:55.882+0000] {dagbag.py:588} INFO - Filling up the DagBag from /home/airflow/.local/lib/python3.12/site-packages/airflow/example_dags/example_xcomargs.py
[2026-03-22T00:12:55.898+0000] {processor.py:925} INFO - DAG(s) 'example_xcom_args_with_operators', 'example_xcom_args' retrieved from /home/airflow/.local/lib/python3.12/site-packages/airflow/example_dags/example_xcomargs.py
[2026-03-22T00:12:55.935+0000] {logging_mixin.py:190} INFO - [2026-03-22T00:12:55.935+0000] {dag.py:3239} INFO - Sync 2 DAGs
[2026-03-22T00:12:55.958+0000] {logging_mixin.py:190} INFO - [2026-03-22T00:12:55.958+0000] {dag.py:4180} INFO - Setting next_dagrun for example_xcom_args to None, run_after=None
[2026-03-22T00:12:55.965+0000] {logging_mixin.py:190} INFO - [2026-03-22T00:12:55.964+0000] {dag.py:4180} INFO - Setting next_dagrun for example_xcom_args_with_operators to None, run_after=None
[2026-03-22T00:12:55.995+0000] {processor.py:208} INFO - Processing /home/airflow/.local/lib/python3.12/site-packages/airflow/example_dags/example_xcomargs.py took 0.129 seconds
[2026-03-22T00:13:26.779+0000] {processor.py:186} INFO - Started process (PID=26086) to work on /home/airflow/.local/lib/python3.12/site-packages/airflow/example_dags/example_xcomargs.py
[2026-03-22T00:13:26.783+0000] {processor.py:914} INFO - Processing file /home/airflow/.local/lib/python3.12/site-packages/airflow/example_dags/example_xcomargs.py for tasks to queue
[2026-03-22T00:13:26.786+0000] {logging_mixin.py:190} INFO - [2026-03-22T00:13:26.785+0000] {dagbag.py:588} INFO - Filling up the DagBag from /home/airflow/.local/lib/python3.12/site-packages/airflow/example_dags/example_xcomargs.py
[2026-03-22T00:13:26.805+0000] {processor.py:925} INFO - DAG(s) 'example_xcom_args', 'example_xcom_args_with_operators' retrieved from /home/airflow/.local/lib/python3.12/site-packages/airflow/example_dags/example_xcomargs.py
[2026-03-22T00:13:26.847+0000] {logging_mixin.py:190} INFO - [2026-03-22T00:13:26.847+0000] {dag.py:3239} INFO - Sync 2 DAGs
[2026-03-22T00:13:26.874+0000] {logging_mixin.py:190} INFO - [2026-03-22T00:13:26.874+0000] {dag.py:4180} INFO - Setting next_dagrun for example_xcom_args to None, run_after=None
[2026-03-22T00:13:26.881+0000] {logging_mixin.py:190} INFO - [2026-03-22T00:13:26.881+0000] {dag.py:4180} INFO - Setting next_dagrun for example_xcom_args_with_operators to None, run_after=None
[2026-03-22T00:13:26.911+0000] {processor.py:208} INFO - Processing /home/airflow/.local/lib/python3.12/site-packages/airflow/example_dags/example_xcomargs.py took 0.143 seconds
[2026-03-22T00:13:57.120+0000] {processor.py:186} INFO - Started process (PID=26151) to work on /home/airflow/.local/lib/python3.12/site-packages/airflow/example_dags/example_xcomargs.py
[2026-03-22T00:13:57.122+0000] {processor.py:914} INFO - Processing file /home/airflow/.local/lib/python3.12/site-packages/airflow/example_dags/example_xcomargs.py for tasks to queue
[2026-03-22T00:13:57.123+0000] {logging_mixin.py:190} INFO - [2026-03-22T00:13:57.123+0000] {dagbag.py:588} INFO - Filling up the DagBag from /home/airflow/.local/lib/python3.12/site-packages/airflow/example_dags/example_xcomargs.py
[2026-03-22T00:13:57.134+0000] {processor.py:925} INFO - DAG(s) 'example_xcom_args_with_operators', 'example_xcom_args' retrieved from /home/airflow/.local/lib/python3.12/site-packages/airflow/example_dags/example_xcomargs.py
[2026-03-22T00:13:57.162+0000] {logging_mixin.py:190} INFO - [2026-03-22T00:13:57.161+0000] {dag.py:3239} INFO - Sync 2 DAGs
[2026-03-22T00:13:57.179+0000] {logging_mixin.py:190} INFO - [2026-03-22T00:13:57.179+0000] {dag.py:4180} INFO - Setting next_dagrun for example_xcom_args to None, run_after=None
[2026-03-22T00:13:57.184+0000] {logging_mixin.py:190} INFO - [2026-03-22T00:13:57.184+0000] {dag.py:4180} INFO - Setting next_dagrun for example_xcom_args_with_operators to None, run_after=None
[2026-03-22T00:13:57.206+0000] {processor.py:208} INFO - Processing /home/airflow/.local/lib/python3.12/site-packages/airflow/example_dags/example_xcomargs.py took 0.092 seconds
[2026-03-22T00:14:27.703+0000] {processor.py:186} INFO - Started process (PID=26216) to work on /home/airflow/.local/lib/python3.12/site-packages/airflow/example_dags/example_xcomargs.py
[2026-03-22T00:14:27.705+0000] {processor.py:914} INFO - Processing file /home/airflow/.local/lib/python3.12/site-packages/airflow/example_dags/example_xcomargs.py for tasks to queue
[2026-03-22T00:14:27.707+0000] {logging_mixin.py:190} INFO - [2026-03-22T00:14:27.707+0000] {dagbag.py:588} INFO - Filling up the DagBag from /home/airflow/.local/lib/python3.12/site-packages/airflow/example_dags/example_xcomargs.py
[2026-03-22T00:14:27.718+0000] {processor.py:925} INFO - DAG(s) 'example_xcom_args', 'example_xcom_args_with_operators' retrieved from /home/airflow/.local/lib/python3.12/site-packages/airflow/example_dags/example_xcomargs.py
[2026-03-22T00:14:27.739+0000] {logging_mixin.py:190} INFO - [2026-03-22T00:14:27.739+0000] {dag.py:3239} INFO - Sync 2 DAGs
[2026-03-22T00:14:27.751+0000] {logging_mixin.py:190} INFO - [2026-03-22T00:14:27.751+0000] {dag.py:4180} INFO - Setting next_dagrun for example_xcom_args to None, run_after=None
[2026-03-22T00:14:27.755+0000] {logging_mixin.py:190} INFO - [2026-03-22T00:14:27.755+0000] {dag.py:4180} INFO - Setting next_dagrun for example_xcom_args_with_operators to None, run_after=None
[2026-03-22T00:14:27.772+0000] {processor.py:208} INFO - Processing /home/airflow/.local/lib/python3.12/site-packages/airflow/example_dags/example_xcomargs.py took 0.074 seconds
[2026-03-22T00:14:58.470+0000] {processor.py:186} INFO - Started process (PID=26281) to work on /home/airflow/.local/lib/python3.12/site-packages/airflow/example_dags/example_xcomargs.py
[2026-03-22T00:14:58.472+0000] {processor.py:914} INFO - Processing file /home/airflow/.local/lib/python3.12/site-packages/airflow/example_dags/example_xcomargs.py for tasks to queue
[2026-03-22T00:14:58.473+0000] {logging_mixin.py:190} INFO - [2026-03-22T00:14:58.473+0000] {dagbag.py:588} INFO - Filling up the DagBag from /home/airflow/.local/lib/python3.12/site-packages/airflow/example_dags/example_xcomargs.py
[2026-03-22T00:14:58.481+0000] {processor.py:925} INFO - DAG(s) 'example_xcom_args_with_operators', 'example_xcom_args' retrieved from /home/airflow/.local/lib/python3.12/site-packages/airflow/example_dags/example_xcomargs.py
[2026-03-22T00:14:58.503+0000] {logging_mixin.py:190} INFO - [2026-03-22T00:14:58.503+0000] {dag.py:3239} INFO - Sync 2 DAGs
[2026-03-22T00:14:58.516+0000] {logging_mixin.py:190} INFO - [2026-03-22T00:14:58.516+0000] {dag.py:4180} INFO - Setting next_dagrun for example_xcom_args to None, run_after=None
[2026-03-22T00:14:58.519+0000] {logging_mixin.py:190} INFO - [2026-03-22T00:14:58.519+0000] {dag.py:4180} INFO - Setting next_dagrun for example_xcom_args_with_operators to None, run_after=None
[2026-03-22T00:14:58.536+0000] {processor.py:208} INFO - Processing /home/airflow/.local/lib/python3.12/site-packages/airflow/example_dags/example_xcomargs.py took 0.072 seconds
[2026-03-22T00:15:29.156+0000] {processor.py:186} INFO - Started process (PID=26345) to work on /home/airflow/.local/lib/python3.12/site-packages/airflow/example_dags/example_xcomargs.py
[2026-03-22T00:15:29.157+0000] {processor.py:914} INFO - Processing file /home/airflow/.local/lib/python3.12/site-packages/airflow/example_dags/example_xcomargs.py for tasks to queue
[2026-03-22T00:15:29.159+0000] {logging_mixin.py:190} INFO - [2026-03-22T00:15:29.158+0000] {dagbag.py:588} INFO - Filling up the DagBag from /home/airflow/.local/lib/python3.12/site-packages/airflow/example_dags/example_xcomargs.py
[2026-03-22T00:15:29.170+0000] {processor.py:925} INFO - DAG(s) 'example_xcom_args_with_operators', 'example_xcom_args' retrieved from /home/airflow/.local/lib/python3.12/site-packages/airflow/example_dags/example_xcomargs.py
[2026-03-22T00:15:29.199+0000] {logging_mixin.py:190} INFO - [2026-03-22T00:15:29.199+0000] {dag.py:3239} INFO - Sync 2 DAGs
[2026-03-22T00:15:29.213+0000] {logging_mixin.py:190} INFO - [2026-03-22T00:15:29.213+0000] {dag.py:4180} INFO - Setting next_dagrun for example_xcom_args to None, run_after=None
[2026-03-22T00:15:29.218+0000] {logging_mixin.py:190} INFO - [2026-03-22T00:15:29.217+0000] {dag.py:4180} INFO - Setting next_dagrun for example_xcom_args_with_operators to None, run_after=None
[2026-03-22T00:15:29.237+0000] {processor.py:208} INFO - Processing /home/airflow/.local/lib/python3.12/site-packages/airflow/example_dags/example_xcomargs.py took 0.087 seconds
[2026-03-22T02:12:54.961+0000] {processor.py:186} INFO - Started process (PID=26412) to work on /home/airflow/.local/lib/python3.12/site-packages/airflow/example_dags/example_xcomargs.py
[2026-03-22T02:12:54.962+0000] {processor.py:914} INFO - Processing file /home/airflow/.local/lib/python3.12/site-packages/airflow/example_dags/example_xcomargs.py for tasks to queue
[2026-03-22T02:12:54.963+0000] {logging_mixin.py:190} INFO - [2026-03-22T02:12:54.963+0000] {dagbag.py:588} INFO - Filling up the DagBag from /home/airflow/.local/lib/python3.12/site-packages/airflow/example_dags/example_xcomargs.py
[2026-03-22T02:12:54.973+0000] {processor.py:925} INFO - DAG(s) 'example_xcom_args_with_operators', 'example_xcom_args' retrieved from /home/airflow/.local/lib/python3.12/site-packages/airflow/example_dags/example_xcomargs.py
[2026-03-22T02:12:54.995+0000] {logging_mixin.py:190} INFO - [2026-03-22T02:12:54.995+0000] {dag.py:3239} INFO - Sync 2 DAGs
[2026-03-22T02:12:55.009+0000] {logging_mixin.py:190} INFO - [2026-03-22T02:12:55.009+0000] {dag.py:4180} INFO - Setting next_dagrun for example_xcom_args to None, run_after=None
[2026-03-22T02:12:55.012+0000] {logging_mixin.py:190} INFO - [2026-03-22T02:12:55.012+0000] {dag.py:4180} INFO - Setting next_dagrun for example_xcom_args_with_operators to None, run_after=None
[2026-03-22T02:12:55.028+0000] {processor.py:208} INFO - Processing /home/airflow/.local/lib/python3.12/site-packages/airflow/example_dags/example_xcomargs.py took 0.072 seconds
[2026-03-22T02:13:25.402+0000] {processor.py:186} INFO - Started process (PID=26477) to work on /home/airflow/.local/lib/python3.12/site-packages/airflow/example_dags/example_xcomargs.py
[2026-03-22T02:13:25.404+0000] {processor.py:914} INFO - Processing file /home/airflow/.local/lib/python3.12/site-packages/airflow/example_dags/example_xcomargs.py for tasks to queue
[2026-03-22T02:13:25.405+0000] {logging_mixin.py:190} INFO - [2026-03-22T02:13:25.405+0000] {dagbag.py:588} INFO - Filling up the DagBag from /home/airflow/.local/lib/python3.12/site-packages/airflow/example_dags/example_xcomargs.py
[2026-03-22T02:13:25.415+0000] {processor.py:925} INFO - DAG(s) 'example_xcom_args', 'example_xcom_args_with_operators' retrieved from /home/airflow/.local/lib/python3.12/site-packages/airflow/example_dags/example_xcomargs.py
[2026-03-22T02:13:25.438+0000] {logging_mixin.py:190} INFO - [2026-03-22T02:13:25.437+0000] {dag.py:3239} INFO - Sync 2 DAGs
[2026-03-22T02:13:25.450+0000] {logging_mixin.py:190} INFO - [2026-03-22T02:13:25.450+0000] {dag.py:4180} INFO - Setting next_dagrun for example_xcom_args to None, run_after=None
[2026-03-22T02:13:25.454+0000] {logging_mixin.py:190} INFO - [2026-03-22T02:13:25.454+0000] {dag.py:4180} INFO - Setting next_dagrun for example_xcom_args_with_operators to None, run_after=None
[2026-03-22T02:13:25.469+0000] {processor.py:208} INFO - Processing /home/airflow/.local/lib/python3.12/site-packages/airflow/example_dags/example_xcomargs.py took 0.072 seconds
[2026-03-22T02:13:56.557+0000] {processor.py:186} INFO - Started process (PID=26542) to work on /home/airflow/.local/lib/python3.12/site-packages/airflow/example_dags/example_xcomargs.py
[2026-03-22T02:13:56.558+0000] {processor.py:914} INFO - Processing file /home/airflow/.local/lib/python3.12/site-packages/airflow/example_dags/example_xcomargs.py for tasks to queue
[2026-03-22T02:13:56.560+0000] {logging_mixin.py:190} INFO - [2026-03-22T02:13:56.559+0000] {dagbag.py:588} INFO - Filling up the DagBag from /home/airflow/.local/lib/python3.12/site-packages/airflow/example_dags/example_xcomargs.py
[2026-03-22T02:13:56.568+0000] {processor.py:925} INFO - DAG(s) 'example_xcom_args_with_operators', 'example_xcom_args' retrieved from /home/airflow/.local/lib/python3.12/site-packages/airflow/example_dags/example_xcomargs.py
[2026-03-22T02:13:56.590+0000] {logging_mixin.py:190} INFO - [2026-03-22T02:13:56.590+0000] {dag.py:3239} INFO - Sync 2 DAGs
[2026-03-22T02:13:56.602+0000] {logging_mixin.py:190} INFO - [2026-03-22T02:13:56.602+0000] {dag.py:4180} INFO - Setting next_dagrun for example_xcom_args to None, run_after=None
[2026-03-22T02:13:56.605+0000] {logging_mixin.py:190} INFO - [2026-03-22T02:13:56.605+0000] {dag.py:4180} INFO - Setting next_dagrun for example_xcom_args_with_operators to None, run_after=None
[2026-03-22T02:13:56.621+0000] {processor.py:208} INFO - Processing /home/airflow/.local/lib/python3.12/site-packages/airflow/example_dags/example_xcomargs.py took 0.071 seconds
[2026-03-22T02:14:27.311+0000] {processor.py:186} INFO - Started process (PID=26607) to work on /home/airflow/.local/lib/python3.12/site-packages/airflow/example_dags/example_xcomargs.py
[2026-03-22T02:14:27.312+0000] {processor.py:914} INFO - Processing file /home/airflow/.local/lib/python3.12/site-packages/airflow/example_dags/example_xcomargs.py for tasks to queue
[2026-03-22T02:14:27.313+0000] {logging_mixin.py:190} INFO - [2026-03-22T02:14:27.313+0000] {dagbag.py:588} INFO - Filling up the DagBag from /home/airflow/.local/lib/python3.12/site-packages/airflow/example_dags/example_xcomargs.py
[2026-03-22T02:14:27.323+0000] {processor.py:925} INFO - DAG(s) 'example_xcom_args', 'example_xcom_args_with_operators' retrieved from /home/airflow/.local/lib/python3.12/site-packages/airflow/example_dags/example_xcomargs.py
[2026-03-22T02:14:27.344+0000] {logging_mixin.py:190} INFO - [2026-03-22T02:14:27.344+0000] {dag.py:3239} INFO - Sync 2 DAGs
[2026-03-22T02:14:27.359+0000] {logging_mixin.py:190} INFO - [2026-03-22T02:14:27.359+0000] {dag.py:4180} INFO - Setting next_dagrun for example_xcom_args to None, run_after=None
[2026-03-22T02:14:27.363+0000] {logging_mixin.py:190} INFO - [2026-03-22T02:14:27.362+0000] {dag.py:4180} INFO - Setting next_dagrun for example_xcom_args_with_operators to None, run_after=None
[2026-03-22T02:14:27.378+0000] {processor.py:208} INFO - Processing /home/airflow/.local/lib/python3.12/site-packages/airflow/example_dags/example_xcomargs.py took 0.073 seconds
[2026-03-22T02:14:58.649+0000] {processor.py:186} INFO - Started process (PID=26672) to work on /home/airflow/.local/lib/python3.12/site-packages/airflow/example_dags/example_xcomargs.py
[2026-03-22T02:14:58.651+0000] {processor.py:914} INFO - Processing file /home/airflow/.local/lib/python3.12/site-packages/airflow/example_dags/example_xcomargs.py for tasks to queue
[2026-03-22T02:14:58.652+0000] {logging_mixin.py:190} INFO - [2026-03-22T02:14:58.652+0000] {dagbag.py:588} INFO - Filling up the DagBag from /home/airflow/.local/lib/python3.12/site-packages/airflow/example_dags/example_xcomargs.py
[2026-03-22T02:14:58.662+0000] {processor.py:925} INFO - DAG(s) 'example_xcom_args_with_operators', 'example_xcom_args' retrieved from /home/airflow/.local/lib/python3.12/site-packages/airflow/example_dags/example_xcomargs.py
[2026-03-22T02:14:58.688+0000] {logging_mixin.py:190} INFO - [2026-03-22T02:14:58.687+0000] {dag.py:3239} INFO - Sync 2 DAGs
[2026-03-22T02:14:58.703+0000] {logging_mixin.py:190} INFO - [2026-03-22T02:14:58.703+0000] {dag.py:4180} INFO - Setting next_dagrun for example_xcom_args to None, run_after=None
[2026-03-22T02:14:58.708+0000] {logging_mixin.py:190} INFO - [2026-03-22T02:14:58.707+0000] {dag.py:4180} INFO - Setting next_dagrun for example_xcom_args_with_operators to None, run_after=None
[2026-03-22T02:14:58.726+0000] {processor.py:208} INFO - Processing /home/airflow/.local/lib/python3.12/site-packages/airflow/example_dags/example_xcomargs.py took 0.082 seconds
[2026-03-22T02:15:30.145+0000] {processor.py:186} INFO - Started process (PID=26737) to work on /home/airflow/.local/lib/python3.12/site-packages/airflow/example_dags/example_xcomargs.py
[2026-03-22T02:15:30.146+0000] {processor.py:914} INFO - Processing file /home/airflow/.local/lib/python3.12/site-packages/airflow/example_dags/example_xcomargs.py for tasks to queue
[2026-03-22T02:15:30.148+0000] {logging_mixin.py:190} INFO - [2026-03-22T02:15:30.148+0000] {dagbag.py:588} INFO - Filling up the DagBag from /home/airflow/.local/lib/python3.12/site-packages/airflow/example_dags/example_xcomargs.py
[2026-03-22T02:15:30.160+0000] {processor.py:925} INFO - DAG(s) 'example_xcom_args', 'example_xcom_args_with_operators' retrieved from /home/airflow/.local/lib/python3.12/site-packages/airflow/example_dags/example_xcomargs.py
[2026-03-22T02:15:30.186+0000] {logging_mixin.py:190} INFO - [2026-03-22T02:15:30.186+0000] {dag.py:3239} INFO - Sync 2 DAGs
[2026-03-22T02:15:30.210+0000] {logging_mixin.py:190} INFO - [2026-03-22T02:15:30.209+0000] {dag.py:4180} INFO - Setting next_dagrun for example_xcom_args to None, run_after=None
[2026-03-22T02:15:30.214+0000] {logging_mixin.py:190} INFO - [2026-03-22T02:15:30.214+0000] {dag.py:4180} INFO - Setting next_dagrun for example_xcom_args_with_operators to None, run_after=None
[2026-03-22T02:15:30.232+0000] {processor.py:208} INFO - Processing /home/airflow/.local/lib/python3.12/site-packages/airflow/example_dags/example_xcomargs.py took 0.093 seconds
[2026-03-22T02:16:01.316+0000] {processor.py:186} INFO - Started process (PID=26802) to work on /home/airflow/.local/lib/python3.12/site-packages/airflow/example_dags/example_xcomargs.py
[2026-03-22T02:16:01.317+0000] {processor.py:914} INFO - Processing file /home/airflow/.local/lib/python3.12/site-packages/airflow/example_dags/example_xcomargs.py for tasks to queue
[2026-03-22T02:16:01.319+0000] {logging_mixin.py:190} INFO - [2026-03-22T02:16:01.318+0000] {dagbag.py:588} INFO - Filling up the DagBag from /home/airflow/.local/lib/python3.12/site-packages/airflow/example_dags/example_xcomargs.py
[2026-03-22T02:16:01.328+0000] {processor.py:925} INFO - DAG(s) 'example_xcom_args_with_operators', 'example_xcom_args' retrieved from /home/airflow/.local/lib/python3.12/site-packages/airflow/example_dags/example_xcomargs.py
[2026-03-22T02:16:01.349+0000] {logging_mixin.py:190} INFO - [2026-03-22T02:16:01.349+0000] {dag.py:3239} INFO - Sync 2 DAGs
[2026-03-22T02:16:01.362+0000] {logging_mixin.py:190} INFO - [2026-03-22T02:16:01.362+0000] {dag.py:4180} INFO - Setting next_dagrun for example_xcom_args to None, run_after=None
[2026-03-22T02:16:01.366+0000] {logging_mixin.py:190} INFO - [2026-03-22T02:16:01.366+0000] {dag.py:4180} INFO - Setting next_dagrun for example_xcom_args_with_operators to None, run_after=None
[2026-03-22T02:16:01.381+0000] {processor.py:208} INFO - Processing /home/airflow/.local/lib/python3.12/site-packages/airflow/example_dags/example_xcomargs.py took 0.070 seconds
[2026-03-22T02:16:32.150+0000] {processor.py:186} INFO - Started process (PID=26867) to work on /home/airflow/.local/lib/python3.12/site-packages/airflow/example_dags/example_xcomargs.py
[2026-03-22T02:16:32.151+0000] {processor.py:914} INFO - Processing file /home/airflow/.local/lib/python3.12/site-packages/airflow/example_dags/example_xcomargs.py for tasks to queue
[2026-03-22T02:16:32.153+0000] {logging_mixin.py:190} INFO - [2026-03-22T02:16:32.152+0000] {dagbag.py:588} INFO - Filling up the DagBag from /home/airflow/.local/lib/python3.12/site-packages/airflow/example_dags/example_xcomargs.py
[2026-03-22T02:16:32.164+0000] {processor.py:925} INFO - DAG(s) 'example_xcom_args', 'example_xcom_args_with_operators' retrieved from /home/airflow/.local/lib/python3.12/site-packages/airflow/example_dags/example_xcomargs.py
[2026-03-22T02:16:32.190+0000] {logging_mixin.py:190} INFO - [2026-03-22T02:16:32.190+0000] {dag.py:3239} INFO - Sync 2 DAGs
[2026-03-22T02:16:32.206+0000] {logging_mixin.py:190} INFO - [2026-03-22T02:16:32.206+0000] {dag.py:4180} INFO - Setting next_dagrun for example_xcom_args to None, run_after=None
[2026-03-22T02:16:32.211+0000] {logging_mixin.py:190} INFO - [2026-03-22T02:16:32.210+0000] {dag.py:4180} INFO - Setting next_dagrun for example_xcom_args_with_operators to None, run_after=None
[2026-03-22T02:16:32.230+0000] {processor.py:208} INFO - Processing /home/airflow/.local/lib/python3.12/site-packages/airflow/example_dags/example_xcomargs.py took 0.086 seconds
