[2026-03-22T00:00:45.023+0000] {processor.py:186} INFO - Started process (PID=24859) to work on /home/airflow/.local/lib/python3.12/site-packages/airflow/example_dags/example_dataset_alias_with_no_taskflow.py
[2026-03-22T00:00:45.026+0000] {processor.py:914} INFO - Processing file /home/airflow/.local/lib/python3.12/site-packages/airflow/example_dags/example_dataset_alias_with_no_taskflow.py for tasks to queue
[2026-03-22T00:00:45.031+0000] {logging_mixin.py:190} INFO - [2026-03-22T00:00:45.030+0000] {dagbag.py:588} INFO - Filling up the DagBag from /home/airflow/.local/lib/python3.12/site-packages/airflow/example_dags/example_dataset_alias_with_no_taskflow.py
[2026-03-22T00:00:47.267+0000] {processor.py:925} INFO - DAG(s) 'dataset_alias_example_alias_producer_with_no_taskflow', 'dataset_s3_bucket_producer_with_no_taskflow', 'dataset_alias_example_alias_consumer_with_no_taskflow', 'dataset_s3_bucket_consumer_with_no_taskflow' retrieved from /home/airflow/.local/lib/python3.12/site-packages/airflow/example_dags/example_dataset_alias_with_no_taskflow.py
[2026-03-22T00:00:47.383+0000] {logging_mixin.py:190} INFO - [2026-03-22T00:00:47.382+0000] {dag.py:3239} INFO - Sync 4 DAGs
[2026-03-22T00:00:47.529+0000] {logging_mixin.py:190} INFO - [2026-03-22T00:00:47.528+0000] {dag.py:4180} INFO - Setting next_dagrun for dataset_alias_example_alias_consumer_with_no_taskflow to None, run_after=None
[2026-03-22T00:00:47.545+0000] {logging_mixin.py:190} INFO - [2026-03-22T00:00:47.544+0000] {dag.py:4180} INFO - Setting next_dagrun for dataset_alias_example_alias_producer_with_no_taskflow to None, run_after=None
[2026-03-22T00:00:47.553+0000] {logging_mixin.py:190} INFO - [2026-03-22T00:00:47.552+0000] {dag.py:4180} INFO - Setting next_dagrun for dataset_s3_bucket_consumer_with_no_taskflow to None, run_after=None
[2026-03-22T00:00:47.561+0000] {logging_mixin.py:190} INFO - [2026-03-22T00:00:47.560+0000] {dag.py:4180} INFO - Setting next_dagrun for dataset_s3_bucket_producer_with_no_taskflow to None, run_after=None
[2026-03-22T00:00:47.669+0000] {processor.py:208} INFO - Processing /home/airflow/.local/lib/python3.12/site-packages/airflow/example_dags/example_dataset_alias_with_no_taskflow.py took 2.666 seconds
[2026-03-22T00:03:47.628+0000] {processor.py:186} INFO - Started process (PID=24974) to work on /home/airflow/.local/lib/python3.12/site-packages/airflow/example_dags/example_dataset_alias_with_no_taskflow.py
[2026-03-22T00:03:47.763+0000] {processor.py:914} INFO - Processing file /home/airflow/.local/lib/python3.12/site-packages/airflow/example_dags/example_dataset_alias_with_no_taskflow.py for tasks to queue
[2026-03-22T00:03:47.795+0000] {logging_mixin.py:190} INFO - [2026-03-22T00:03:47.792+0000] {dagbag.py:588} INFO - Filling up the DagBag from /home/airflow/.local/lib/python3.12/site-packages/airflow/example_dags/example_dataset_alias_with_no_taskflow.py
[2026-03-22T00:04:20.631+0000] {logging_mixin.py:190} INFO - [2026-03-22T00:04:20.629+0000] {timeout.py:68} ERROR - Process timed out, PID: 24974
[2026-03-22T00:04:20.634+0000] {logging_mixin.py:190} WARNING - Exception ignored in: <function WeakKeyDictionary.__init__.<locals>.remove at 0x7f1ed8a5d260>
[2026-03-22T00:04:20.645+0000] {logging_mixin.py:190} WARNING - Traceback (most recent call last):
[2026-03-22T00:04:20.647+0000] {logging_mixin.py:190} WARNING -   File "/usr/local/lib/python3.12/weakref.py", line 369, in remove
[2026-03-22T00:04:20.666+0000] {logging_mixin.py:190} WARNING -     def remove(k, selfref=ref(self)):
[2026-03-22T00:04:20.672+0000] {logging_mixin.py:190} WARNING -   File "/home/airflow/.local/lib/python3.12/site-packages/airflow/utils/timeout.py", line 69, in handle_timeout
[2026-03-22T00:04:20.680+0000] {logging_mixin.py:190} WARNING -     raise AirflowTaskTimeout(self.error_message)
[2026-03-22T00:04:20.696+0000] {logging_mixin.py:190} WARNING - airflow.exceptions.AirflowTaskTimeout: DagBag import timeout for /home/airflow/.local/lib/python3.12/site-packages/airflow/example_dags/example_dataset_alias_with_no_taskflow.py after 30.0s.
Please take a look at these docs to improve your DAG import time:
* https://airflow.apache.org/docs/apache-airflow/2.10.5/best-practices.html#top-level-python-code
* https://airflow.apache.org/docs/apache-airflow/2.10.5/best-practices.html#reducing-dag-complexity, PID: 24974
[2026-03-22T00:04:23.674+0000] {processor.py:925} INFO - DAG(s) 'dataset_s3_bucket_producer_with_no_taskflow', 'dataset_alias_example_alias_producer_with_no_taskflow', 'dataset_s3_bucket_consumer_with_no_taskflow', 'dataset_alias_example_alias_consumer_with_no_taskflow' retrieved from /home/airflow/.local/lib/python3.12/site-packages/airflow/example_dags/example_dataset_alias_with_no_taskflow.py
[2026-03-22T00:04:24.017+0000] {logging_mixin.py:190} INFO - [2026-03-22T00:04:24.004+0000] {dag.py:3239} INFO - Sync 4 DAGs
[2026-03-22T00:04:24.474+0000] {logging_mixin.py:190} INFO - [2026-03-22T00:04:24.473+0000] {dag.py:4180} INFO - Setting next_dagrun for dataset_alias_example_alias_consumer_with_no_taskflow to None, run_after=None
[2026-03-22T00:04:24.522+0000] {logging_mixin.py:190} INFO - [2026-03-22T00:04:24.521+0000] {dag.py:4180} INFO - Setting next_dagrun for dataset_alias_example_alias_producer_with_no_taskflow to None, run_after=None
[2026-03-22T00:04:24.552+0000] {logging_mixin.py:190} INFO - [2026-03-22T00:04:24.551+0000] {dag.py:4180} INFO - Setting next_dagrun for dataset_s3_bucket_consumer_with_no_taskflow to None, run_after=None
[2026-03-22T00:04:24.568+0000] {logging_mixin.py:190} INFO - [2026-03-22T00:04:24.560+0000] {dag.py:4180} INFO - Setting next_dagrun for dataset_s3_bucket_producer_with_no_taskflow to None, run_after=None
[2026-03-22T00:04:24.828+0000] {processor.py:208} INFO - Processing /home/airflow/.local/lib/python3.12/site-packages/airflow/example_dags/example_dataset_alias_with_no_taskflow.py took 37.351 seconds
[2026-03-22T00:05:06.958+0000] {processor.py:186} INFO - Started process (PID=25051) to work on /home/airflow/.local/lib/python3.12/site-packages/airflow/example_dags/example_dataset_alias_with_no_taskflow.py
[2026-03-22T00:05:06.961+0000] {processor.py:914} INFO - Processing file /home/airflow/.local/lib/python3.12/site-packages/airflow/example_dags/example_dataset_alias_with_no_taskflow.py for tasks to queue
[2026-03-22T00:05:06.966+0000] {logging_mixin.py:190} INFO - [2026-03-22T00:05:06.964+0000] {dagbag.py:588} INFO - Filling up the DagBag from /home/airflow/.local/lib/python3.12/site-packages/airflow/example_dags/example_dataset_alias_with_no_taskflow.py
[2026-03-22T00:05:09.221+0000] {processor.py:925} INFO - DAG(s) 'dataset_alias_example_alias_consumer_with_no_taskflow', 'dataset_s3_bucket_consumer_with_no_taskflow', 'dataset_alias_example_alias_producer_with_no_taskflow', 'dataset_s3_bucket_producer_with_no_taskflow' retrieved from /home/airflow/.local/lib/python3.12/site-packages/airflow/example_dags/example_dataset_alias_with_no_taskflow.py
[2026-03-22T00:05:09.326+0000] {logging_mixin.py:190} INFO - [2026-03-22T00:05:09.324+0000] {dag.py:3239} INFO - Sync 4 DAGs
[2026-03-22T00:05:09.418+0000] {logging_mixin.py:190} INFO - [2026-03-22T00:05:09.417+0000] {dag.py:4180} INFO - Setting next_dagrun for dataset_alias_example_alias_consumer_with_no_taskflow to None, run_after=None
[2026-03-22T00:05:09.428+0000] {logging_mixin.py:190} INFO - [2026-03-22T00:05:09.427+0000] {dag.py:4180} INFO - Setting next_dagrun for dataset_alias_example_alias_producer_with_no_taskflow to None, run_after=None
[2026-03-22T00:05:09.435+0000] {logging_mixin.py:190} INFO - [2026-03-22T00:05:09.434+0000] {dag.py:4180} INFO - Setting next_dagrun for dataset_s3_bucket_consumer_with_no_taskflow to None, run_after=None
[2026-03-22T00:05:09.441+0000] {logging_mixin.py:190} INFO - [2026-03-22T00:05:09.440+0000] {dag.py:4180} INFO - Setting next_dagrun for dataset_s3_bucket_producer_with_no_taskflow to None, run_after=None
[2026-03-22T00:05:09.518+0000] {processor.py:208} INFO - Processing /home/airflow/.local/lib/python3.12/site-packages/airflow/example_dags/example_dataset_alias_with_no_taskflow.py took 2.585 seconds
[2026-03-22T00:05:39.786+0000] {processor.py:186} INFO - Started process (PID=25119) to work on /home/airflow/.local/lib/python3.12/site-packages/airflow/example_dags/example_dataset_alias_with_no_taskflow.py
[2026-03-22T00:05:39.788+0000] {processor.py:914} INFO - Processing file /home/airflow/.local/lib/python3.12/site-packages/airflow/example_dags/example_dataset_alias_with_no_taskflow.py for tasks to queue
[2026-03-22T00:05:39.790+0000] {logging_mixin.py:190} INFO - [2026-03-22T00:05:39.789+0000] {dagbag.py:588} INFO - Filling up the DagBag from /home/airflow/.local/lib/python3.12/site-packages/airflow/example_dags/example_dataset_alias_with_no_taskflow.py
[2026-03-22T00:05:40.693+0000] {processor.py:925} INFO - DAG(s) 'dataset_s3_bucket_consumer_with_no_taskflow', 'dataset_alias_example_alias_consumer_with_no_taskflow', 'dataset_alias_example_alias_producer_with_no_taskflow', 'dataset_s3_bucket_producer_with_no_taskflow' retrieved from /home/airflow/.local/lib/python3.12/site-packages/airflow/example_dags/example_dataset_alias_with_no_taskflow.py
[2026-03-22T00:05:40.726+0000] {logging_mixin.py:190} INFO - [2026-03-22T00:05:40.726+0000] {dag.py:3239} INFO - Sync 4 DAGs
[2026-03-22T00:05:40.763+0000] {logging_mixin.py:190} INFO - [2026-03-22T00:05:40.763+0000] {dag.py:4180} INFO - Setting next_dagrun for dataset_alias_example_alias_consumer_with_no_taskflow to None, run_after=None
[2026-03-22T00:05:40.768+0000] {logging_mixin.py:190} INFO - [2026-03-22T00:05:40.767+0000] {dag.py:4180} INFO - Setting next_dagrun for dataset_alias_example_alias_producer_with_no_taskflow to None, run_after=None
[2026-03-22T00:05:40.771+0000] {logging_mixin.py:190} INFO - [2026-03-22T00:05:40.771+0000] {dag.py:4180} INFO - Setting next_dagrun for dataset_s3_bucket_consumer_with_no_taskflow to None, run_after=None
[2026-03-22T00:05:40.773+0000] {logging_mixin.py:190} INFO - [2026-03-22T00:05:40.773+0000] {dag.py:4180} INFO - Setting next_dagrun for dataset_s3_bucket_producer_with_no_taskflow to None, run_after=None
[2026-03-22T00:05:40.814+0000] {processor.py:208} INFO - Processing /home/airflow/.local/lib/python3.12/site-packages/airflow/example_dags/example_dataset_alias_with_no_taskflow.py took 1.037 seconds
[2026-03-22T00:06:11.052+0000] {processor.py:186} INFO - Started process (PID=25185) to work on /home/airflow/.local/lib/python3.12/site-packages/airflow/example_dags/example_dataset_alias_with_no_taskflow.py
[2026-03-22T00:06:11.055+0000] {processor.py:914} INFO - Processing file /home/airflow/.local/lib/python3.12/site-packages/airflow/example_dags/example_dataset_alias_with_no_taskflow.py for tasks to queue
[2026-03-22T00:06:11.058+0000] {logging_mixin.py:190} INFO - [2026-03-22T00:06:11.057+0000] {dagbag.py:588} INFO - Filling up the DagBag from /home/airflow/.local/lib/python3.12/site-packages/airflow/example_dags/example_dataset_alias_with_no_taskflow.py
[2026-03-22T00:06:12.224+0000] {processor.py:925} INFO - DAG(s) 'dataset_alias_example_alias_producer_with_no_taskflow', 'dataset_s3_bucket_producer_with_no_taskflow', 'dataset_s3_bucket_consumer_with_no_taskflow', 'dataset_alias_example_alias_consumer_with_no_taskflow' retrieved from /home/airflow/.local/lib/python3.12/site-packages/airflow/example_dags/example_dataset_alias_with_no_taskflow.py
[2026-03-22T00:06:12.267+0000] {logging_mixin.py:190} INFO - [2026-03-22T00:06:12.266+0000] {dag.py:3239} INFO - Sync 4 DAGs
[2026-03-22T00:06:12.311+0000] {logging_mixin.py:190} INFO - [2026-03-22T00:06:12.310+0000] {dag.py:4180} INFO - Setting next_dagrun for dataset_alias_example_alias_consumer_with_no_taskflow to None, run_after=None
[2026-03-22T00:06:12.317+0000] {logging_mixin.py:190} INFO - [2026-03-22T00:06:12.316+0000] {dag.py:4180} INFO - Setting next_dagrun for dataset_alias_example_alias_producer_with_no_taskflow to None, run_after=None
[2026-03-22T00:06:12.324+0000] {logging_mixin.py:190} INFO - [2026-03-22T00:06:12.323+0000] {dag.py:4180} INFO - Setting next_dagrun for dataset_s3_bucket_consumer_with_no_taskflow to None, run_after=None
[2026-03-22T00:06:12.327+0000] {logging_mixin.py:190} INFO - [2026-03-22T00:06:12.327+0000] {dag.py:4180} INFO - Setting next_dagrun for dataset_s3_bucket_producer_with_no_taskflow to None, run_after=None
[2026-03-22T00:06:12.373+0000] {processor.py:208} INFO - Processing /home/airflow/.local/lib/python3.12/site-packages/airflow/example_dags/example_dataset_alias_with_no_taskflow.py took 1.334 seconds
[2026-03-22T00:06:45.573+0000] {processor.py:186} INFO - Started process (PID=25252) to work on /home/airflow/.local/lib/python3.12/site-packages/airflow/example_dags/example_dataset_alias_with_no_taskflow.py
[2026-03-22T00:06:45.577+0000] {processor.py:914} INFO - Processing file /home/airflow/.local/lib/python3.12/site-packages/airflow/example_dags/example_dataset_alias_with_no_taskflow.py for tasks to queue
[2026-03-22T00:06:45.585+0000] {logging_mixin.py:190} INFO - [2026-03-22T00:06:45.582+0000] {dagbag.py:588} INFO - Filling up the DagBag from /home/airflow/.local/lib/python3.12/site-packages/airflow/example_dags/example_dataset_alias_with_no_taskflow.py
[2026-03-22T00:06:48.078+0000] {processor.py:925} INFO - DAG(s) 'dataset_s3_bucket_consumer_with_no_taskflow', 'dataset_s3_bucket_producer_with_no_taskflow', 'dataset_alias_example_alias_producer_with_no_taskflow', 'dataset_alias_example_alias_consumer_with_no_taskflow' retrieved from /home/airflow/.local/lib/python3.12/site-packages/airflow/example_dags/example_dataset_alias_with_no_taskflow.py
[2026-03-22T00:06:48.176+0000] {logging_mixin.py:190} INFO - [2026-03-22T00:06:48.174+0000] {dag.py:3239} INFO - Sync 4 DAGs
[2026-03-22T00:06:48.274+0000] {logging_mixin.py:190} INFO - [2026-03-22T00:06:48.273+0000] {dag.py:4180} INFO - Setting next_dagrun for dataset_alias_example_alias_consumer_with_no_taskflow to None, run_after=None
[2026-03-22T00:06:48.286+0000] {logging_mixin.py:190} INFO - [2026-03-22T00:06:48.285+0000] {dag.py:4180} INFO - Setting next_dagrun for dataset_alias_example_alias_producer_with_no_taskflow to None, run_after=None
[2026-03-22T00:06:48.293+0000] {logging_mixin.py:190} INFO - [2026-03-22T00:06:48.292+0000] {dag.py:4180} INFO - Setting next_dagrun for dataset_s3_bucket_consumer_with_no_taskflow to None, run_after=None
[2026-03-22T00:06:48.300+0000] {logging_mixin.py:190} INFO - [2026-03-22T00:06:48.299+0000] {dag.py:4180} INFO - Setting next_dagrun for dataset_s3_bucket_producer_with_no_taskflow to None, run_after=None
[2026-03-22T00:06:48.400+0000] {processor.py:208} INFO - Processing /home/airflow/.local/lib/python3.12/site-packages/airflow/example_dags/example_dataset_alias_with_no_taskflow.py took 2.858 seconds
[2026-03-22T00:07:18.872+0000] {processor.py:186} INFO - Started process (PID=25321) to work on /home/airflow/.local/lib/python3.12/site-packages/airflow/example_dags/example_dataset_alias_with_no_taskflow.py
[2026-03-22T00:07:18.876+0000] {processor.py:914} INFO - Processing file /home/airflow/.local/lib/python3.12/site-packages/airflow/example_dags/example_dataset_alias_with_no_taskflow.py for tasks to queue
[2026-03-22T00:07:18.881+0000] {logging_mixin.py:190} INFO - [2026-03-22T00:07:18.880+0000] {dagbag.py:588} INFO - Filling up the DagBag from /home/airflow/.local/lib/python3.12/site-packages/airflow/example_dags/example_dataset_alias_with_no_taskflow.py
[2026-03-22T00:07:22.126+0000] {processor.py:925} INFO - DAG(s) 'dataset_s3_bucket_producer_with_no_taskflow', 'dataset_alias_example_alias_consumer_with_no_taskflow', 'dataset_s3_bucket_consumer_with_no_taskflow', 'dataset_alias_example_alias_producer_with_no_taskflow' retrieved from /home/airflow/.local/lib/python3.12/site-packages/airflow/example_dags/example_dataset_alias_with_no_taskflow.py
[2026-03-22T00:07:22.273+0000] {logging_mixin.py:190} INFO - [2026-03-22T00:07:22.271+0000] {dag.py:3239} INFO - Sync 4 DAGs
[2026-03-22T00:07:22.394+0000] {logging_mixin.py:190} INFO - [2026-03-22T00:07:22.394+0000] {dag.py:4180} INFO - Setting next_dagrun for dataset_alias_example_alias_consumer_with_no_taskflow to None, run_after=None
[2026-03-22T00:07:22.406+0000] {logging_mixin.py:190} INFO - [2026-03-22T00:07:22.405+0000] {dag.py:4180} INFO - Setting next_dagrun for dataset_alias_example_alias_producer_with_no_taskflow to None, run_after=None
[2026-03-22T00:07:22.414+0000] {logging_mixin.py:190} INFO - [2026-03-22T00:07:22.413+0000] {dag.py:4180} INFO - Setting next_dagrun for dataset_s3_bucket_consumer_with_no_taskflow to None, run_after=None
[2026-03-22T00:07:22.421+0000] {logging_mixin.py:190} INFO - [2026-03-22T00:07:22.420+0000] {dag.py:4180} INFO - Setting next_dagrun for dataset_s3_bucket_producer_with_no_taskflow to None, run_after=None
[2026-03-22T00:07:22.527+0000] {processor.py:208} INFO - Processing /home/airflow/.local/lib/python3.12/site-packages/airflow/example_dags/example_dataset_alias_with_no_taskflow.py took 3.674 seconds
[2026-03-22T00:07:53.833+0000] {processor.py:186} INFO - Started process (PID=25392) to work on /home/airflow/.local/lib/python3.12/site-packages/airflow/example_dags/example_dataset_alias_with_no_taskflow.py
[2026-03-22T00:07:53.836+0000] {processor.py:914} INFO - Processing file /home/airflow/.local/lib/python3.12/site-packages/airflow/example_dags/example_dataset_alias_with_no_taskflow.py for tasks to queue
[2026-03-22T00:07:53.840+0000] {logging_mixin.py:190} INFO - [2026-03-22T00:07:53.839+0000] {dagbag.py:588} INFO - Filling up the DagBag from /home/airflow/.local/lib/python3.12/site-packages/airflow/example_dags/example_dataset_alias_with_no_taskflow.py
[2026-03-22T00:07:55.343+0000] {processor.py:925} INFO - DAG(s) 'dataset_s3_bucket_consumer_with_no_taskflow', 'dataset_alias_example_alias_producer_with_no_taskflow', 'dataset_s3_bucket_producer_with_no_taskflow', 'dataset_alias_example_alias_consumer_with_no_taskflow' retrieved from /home/airflow/.local/lib/python3.12/site-packages/airflow/example_dags/example_dataset_alias_with_no_taskflow.py
[2026-03-22T00:07:55.442+0000] {logging_mixin.py:190} INFO - [2026-03-22T00:07:55.440+0000] {dag.py:3239} INFO - Sync 4 DAGs
[2026-03-22T00:07:55.542+0000] {logging_mixin.py:190} INFO - [2026-03-22T00:07:55.541+0000] {dag.py:4180} INFO - Setting next_dagrun for dataset_alias_example_alias_consumer_with_no_taskflow to None, run_after=None
[2026-03-22T00:07:55.554+0000] {logging_mixin.py:190} INFO - [2026-03-22T00:07:55.553+0000] {dag.py:4180} INFO - Setting next_dagrun for dataset_alias_example_alias_producer_with_no_taskflow to None, run_after=None
[2026-03-22T00:07:55.562+0000] {logging_mixin.py:190} INFO - [2026-03-22T00:07:55.561+0000] {dag.py:4180} INFO - Setting next_dagrun for dataset_s3_bucket_consumer_with_no_taskflow to None, run_after=None
[2026-03-22T00:07:55.569+0000] {logging_mixin.py:190} INFO - [2026-03-22T00:07:55.568+0000] {dag.py:4180} INFO - Setting next_dagrun for dataset_s3_bucket_producer_with_no_taskflow to None, run_after=None
[2026-03-22T00:07:55.674+0000] {processor.py:208} INFO - Processing /home/airflow/.local/lib/python3.12/site-packages/airflow/example_dags/example_dataset_alias_with_no_taskflow.py took 1.858 seconds
[2026-03-22T00:08:26.855+0000] {processor.py:186} INFO - Started process (PID=25462) to work on /home/airflow/.local/lib/python3.12/site-packages/airflow/example_dags/example_dataset_alias_with_no_taskflow.py
[2026-03-22T00:08:26.859+0000] {processor.py:914} INFO - Processing file /home/airflow/.local/lib/python3.12/site-packages/airflow/example_dags/example_dataset_alias_with_no_taskflow.py for tasks to queue
[2026-03-22T00:08:26.865+0000] {logging_mixin.py:190} INFO - [2026-03-22T00:08:26.864+0000] {dagbag.py:588} INFO - Filling up the DagBag from /home/airflow/.local/lib/python3.12/site-packages/airflow/example_dags/example_dataset_alias_with_no_taskflow.py
[2026-03-22T00:08:28.807+0000] {processor.py:925} INFO - DAG(s) 'dataset_alias_example_alias_consumer_with_no_taskflow', 'dataset_alias_example_alias_producer_with_no_taskflow', 'dataset_s3_bucket_producer_with_no_taskflow', 'dataset_s3_bucket_consumer_with_no_taskflow' retrieved from /home/airflow/.local/lib/python3.12/site-packages/airflow/example_dags/example_dataset_alias_with_no_taskflow.py
[2026-03-22T00:08:28.896+0000] {logging_mixin.py:190} INFO - [2026-03-22T00:08:28.895+0000] {dag.py:3239} INFO - Sync 4 DAGs
[2026-03-22T00:08:28.974+0000] {logging_mixin.py:190} INFO - [2026-03-22T00:08:28.973+0000] {dag.py:4180} INFO - Setting next_dagrun for dataset_alias_example_alias_consumer_with_no_taskflow to None, run_after=None
[2026-03-22T00:08:28.986+0000] {logging_mixin.py:190} INFO - [2026-03-22T00:08:28.985+0000] {dag.py:4180} INFO - Setting next_dagrun for dataset_alias_example_alias_producer_with_no_taskflow to None, run_after=None
[2026-03-22T00:08:28.994+0000] {logging_mixin.py:190} INFO - [2026-03-22T00:08:28.993+0000] {dag.py:4180} INFO - Setting next_dagrun for dataset_s3_bucket_consumer_with_no_taskflow to None, run_after=None
[2026-03-22T00:08:29.001+0000] {logging_mixin.py:190} INFO - [2026-03-22T00:08:29.000+0000] {dag.py:4180} INFO - Setting next_dagrun for dataset_s3_bucket_producer_with_no_taskflow to None, run_after=None
[2026-03-22T00:08:29.096+0000] {processor.py:208} INFO - Processing /home/airflow/.local/lib/python3.12/site-packages/airflow/example_dags/example_dataset_alias_with_no_taskflow.py took 2.268 seconds
[2026-03-22T00:08:59.526+0000] {processor.py:186} INFO - Started process (PID=25531) to work on /home/airflow/.local/lib/python3.12/site-packages/airflow/example_dags/example_dataset_alias_with_no_taskflow.py
[2026-03-22T00:08:59.528+0000] {processor.py:914} INFO - Processing file /home/airflow/.local/lib/python3.12/site-packages/airflow/example_dags/example_dataset_alias_with_no_taskflow.py for tasks to queue
[2026-03-22T00:08:59.531+0000] {logging_mixin.py:190} INFO - [2026-03-22T00:08:59.531+0000] {dagbag.py:588} INFO - Filling up the DagBag from /home/airflow/.local/lib/python3.12/site-packages/airflow/example_dags/example_dataset_alias_with_no_taskflow.py
[2026-03-22T00:09:00.679+0000] {processor.py:925} INFO - DAG(s) 'dataset_alias_example_alias_producer_with_no_taskflow', 'dataset_s3_bucket_consumer_with_no_taskflow', 'dataset_alias_example_alias_consumer_with_no_taskflow', 'dataset_s3_bucket_producer_with_no_taskflow' retrieved from /home/airflow/.local/lib/python3.12/site-packages/airflow/example_dags/example_dataset_alias_with_no_taskflow.py
[2026-03-22T00:09:00.726+0000] {logging_mixin.py:190} INFO - [2026-03-22T00:09:00.725+0000] {dag.py:3239} INFO - Sync 4 DAGs
[2026-03-22T00:09:00.765+0000] {logging_mixin.py:190} INFO - [2026-03-22T00:09:00.764+0000] {dag.py:4180} INFO - Setting next_dagrun for dataset_alias_example_alias_consumer_with_no_taskflow to None, run_after=None
[2026-03-22T00:09:00.771+0000] {logging_mixin.py:190} INFO - [2026-03-22T00:09:00.770+0000] {dag.py:4180} INFO - Setting next_dagrun for dataset_alias_example_alias_producer_with_no_taskflow to None, run_after=None
[2026-03-22T00:09:00.774+0000] {logging_mixin.py:190} INFO - [2026-03-22T00:09:00.774+0000] {dag.py:4180} INFO - Setting next_dagrun for dataset_s3_bucket_consumer_with_no_taskflow to None, run_after=None
[2026-03-22T00:09:00.778+0000] {logging_mixin.py:190} INFO - [2026-03-22T00:09:00.777+0000] {dag.py:4180} INFO - Setting next_dagrun for dataset_s3_bucket_producer_with_no_taskflow to None, run_after=None
[2026-03-22T00:09:00.818+0000] {processor.py:208} INFO - Processing /home/airflow/.local/lib/python3.12/site-packages/airflow/example_dags/example_dataset_alias_with_no_taskflow.py took 1.305 seconds
[2026-03-22T00:09:31.506+0000] {processor.py:186} INFO - Started process (PID=25596) to work on /home/airflow/.local/lib/python3.12/site-packages/airflow/example_dags/example_dataset_alias_with_no_taskflow.py
[2026-03-22T00:09:31.507+0000] {processor.py:914} INFO - Processing file /home/airflow/.local/lib/python3.12/site-packages/airflow/example_dags/example_dataset_alias_with_no_taskflow.py for tasks to queue
[2026-03-22T00:09:31.509+0000] {logging_mixin.py:190} INFO - [2026-03-22T00:09:31.508+0000] {dagbag.py:588} INFO - Filling up the DagBag from /home/airflow/.local/lib/python3.12/site-packages/airflow/example_dags/example_dataset_alias_with_no_taskflow.py
[2026-03-22T00:09:32.126+0000] {processor.py:925} INFO - DAG(s) 'dataset_s3_bucket_consumer_with_no_taskflow', 'dataset_s3_bucket_producer_with_no_taskflow', 'dataset_alias_example_alias_consumer_with_no_taskflow', 'dataset_alias_example_alias_producer_with_no_taskflow' retrieved from /home/airflow/.local/lib/python3.12/site-packages/airflow/example_dags/example_dataset_alias_with_no_taskflow.py
[2026-03-22T00:09:32.157+0000] {logging_mixin.py:190} INFO - [2026-03-22T00:09:32.157+0000] {dag.py:3239} INFO - Sync 4 DAGs
[2026-03-22T00:09:32.179+0000] {logging_mixin.py:190} INFO - [2026-03-22T00:09:32.179+0000] {dag.py:4180} INFO - Setting next_dagrun for dataset_alias_example_alias_consumer_with_no_taskflow to None, run_after=None
[2026-03-22T00:09:32.183+0000] {logging_mixin.py:190} INFO - [2026-03-22T00:09:32.182+0000] {dag.py:4180} INFO - Setting next_dagrun for dataset_alias_example_alias_producer_with_no_taskflow to None, run_after=None
[2026-03-22T00:09:32.185+0000] {logging_mixin.py:190} INFO - [2026-03-22T00:09:32.185+0000] {dag.py:4180} INFO - Setting next_dagrun for dataset_s3_bucket_consumer_with_no_taskflow to None, run_after=None
[2026-03-22T00:09:32.187+0000] {logging_mixin.py:190} INFO - [2026-03-22T00:09:32.187+0000] {dag.py:4180} INFO - Setting next_dagrun for dataset_s3_bucket_producer_with_no_taskflow to None, run_after=None
[2026-03-22T00:09:32.218+0000] {processor.py:208} INFO - Processing /home/airflow/.local/lib/python3.12/site-packages/airflow/example_dags/example_dataset_alias_with_no_taskflow.py took 0.718 seconds
[2026-03-22T00:10:02.981+0000] {processor.py:186} INFO - Started process (PID=25662) to work on /home/airflow/.local/lib/python3.12/site-packages/airflow/example_dags/example_dataset_alias_with_no_taskflow.py
[2026-03-22T00:10:02.983+0000] {processor.py:914} INFO - Processing file /home/airflow/.local/lib/python3.12/site-packages/airflow/example_dags/example_dataset_alias_with_no_taskflow.py for tasks to queue
[2026-03-22T00:10:02.985+0000] {logging_mixin.py:190} INFO - [2026-03-22T00:10:02.984+0000] {dagbag.py:588} INFO - Filling up the DagBag from /home/airflow/.local/lib/python3.12/site-packages/airflow/example_dags/example_dataset_alias_with_no_taskflow.py
[2026-03-22T00:10:03.606+0000] {processor.py:925} INFO - DAG(s) 'dataset_s3_bucket_consumer_with_no_taskflow', 'dataset_alias_example_alias_producer_with_no_taskflow', 'dataset_s3_bucket_producer_with_no_taskflow', 'dataset_alias_example_alias_consumer_with_no_taskflow' retrieved from /home/airflow/.local/lib/python3.12/site-packages/airflow/example_dags/example_dataset_alias_with_no_taskflow.py
[2026-03-22T00:10:03.636+0000] {logging_mixin.py:190} INFO - [2026-03-22T00:10:03.635+0000] {dag.py:3239} INFO - Sync 4 DAGs
[2026-03-22T00:10:03.666+0000] {logging_mixin.py:190} INFO - [2026-03-22T00:10:03.666+0000] {dag.py:4180} INFO - Setting next_dagrun for dataset_alias_example_alias_consumer_with_no_taskflow to None, run_after=None
[2026-03-22T00:10:03.673+0000] {logging_mixin.py:190} INFO - [2026-03-22T00:10:03.672+0000] {dag.py:4180} INFO - Setting next_dagrun for dataset_alias_example_alias_producer_with_no_taskflow to None, run_after=None
[2026-03-22T00:10:03.675+0000] {logging_mixin.py:190} INFO - [2026-03-22T00:10:03.675+0000] {dag.py:4180} INFO - Setting next_dagrun for dataset_s3_bucket_consumer_with_no_taskflow to None, run_after=None
[2026-03-22T00:10:03.677+0000] {logging_mixin.py:190} INFO - [2026-03-22T00:10:03.677+0000] {dag.py:4180} INFO - Setting next_dagrun for dataset_s3_bucket_producer_with_no_taskflow to None, run_after=None
[2026-03-22T00:10:03.703+0000] {processor.py:208} INFO - Processing /home/airflow/.local/lib/python3.12/site-packages/airflow/example_dags/example_dataset_alias_with_no_taskflow.py took 0.729 seconds
[2026-03-22T00:10:33.937+0000] {processor.py:186} INFO - Started process (PID=25727) to work on /home/airflow/.local/lib/python3.12/site-packages/airflow/example_dags/example_dataset_alias_with_no_taskflow.py
[2026-03-22T00:10:33.939+0000] {processor.py:914} INFO - Processing file /home/airflow/.local/lib/python3.12/site-packages/airflow/example_dags/example_dataset_alias_with_no_taskflow.py for tasks to queue
[2026-03-22T00:10:33.944+0000] {logging_mixin.py:190} INFO - [2026-03-22T00:10:33.942+0000] {dagbag.py:588} INFO - Filling up the DagBag from /home/airflow/.local/lib/python3.12/site-packages/airflow/example_dags/example_dataset_alias_with_no_taskflow.py
[2026-03-22T00:10:35.493+0000] {processor.py:925} INFO - DAG(s) 'dataset_alias_example_alias_consumer_with_no_taskflow', 'dataset_s3_bucket_consumer_with_no_taskflow', 'dataset_alias_example_alias_producer_with_no_taskflow', 'dataset_s3_bucket_producer_with_no_taskflow' retrieved from /home/airflow/.local/lib/python3.12/site-packages/airflow/example_dags/example_dataset_alias_with_no_taskflow.py
[2026-03-22T00:10:35.541+0000] {logging_mixin.py:190} INFO - [2026-03-22T00:10:35.540+0000] {dag.py:3239} INFO - Sync 4 DAGs
[2026-03-22T00:10:35.596+0000] {logging_mixin.py:190} INFO - [2026-03-22T00:10:35.596+0000] {dag.py:4180} INFO - Setting next_dagrun for dataset_alias_example_alias_consumer_with_no_taskflow to None, run_after=None
[2026-03-22T00:10:35.604+0000] {logging_mixin.py:190} INFO - [2026-03-22T00:10:35.604+0000] {dag.py:4180} INFO - Setting next_dagrun for dataset_alias_example_alias_producer_with_no_taskflow to None, run_after=None
[2026-03-22T00:10:35.608+0000] {logging_mixin.py:190} INFO - [2026-03-22T00:10:35.608+0000] {dag.py:4180} INFO - Setting next_dagrun for dataset_s3_bucket_consumer_with_no_taskflow to None, run_after=None
[2026-03-22T00:10:35.612+0000] {logging_mixin.py:190} INFO - [2026-03-22T00:10:35.612+0000] {dag.py:4180} INFO - Setting next_dagrun for dataset_s3_bucket_producer_with_no_taskflow to None, run_after=None
[2026-03-22T00:10:35.671+0000] {processor.py:208} INFO - Processing /home/airflow/.local/lib/python3.12/site-packages/airflow/example_dags/example_dataset_alias_with_no_taskflow.py took 1.754 seconds
[2026-03-22T00:11:06.774+0000] {processor.py:186} INFO - Started process (PID=25802) to work on /home/airflow/.local/lib/python3.12/site-packages/airflow/example_dags/example_dataset_alias_with_no_taskflow.py
[2026-03-22T00:11:06.775+0000] {processor.py:914} INFO - Processing file /home/airflow/.local/lib/python3.12/site-packages/airflow/example_dags/example_dataset_alias_with_no_taskflow.py for tasks to queue
[2026-03-22T00:11:06.777+0000] {logging_mixin.py:190} INFO - [2026-03-22T00:11:06.777+0000] {dagbag.py:588} INFO - Filling up the DagBag from /home/airflow/.local/lib/python3.12/site-packages/airflow/example_dags/example_dataset_alias_with_no_taskflow.py
[2026-03-22T00:11:07.375+0000] {processor.py:925} INFO - DAG(s) 'dataset_s3_bucket_consumer_with_no_taskflow', 'dataset_alias_example_alias_producer_with_no_taskflow', 'dataset_alias_example_alias_consumer_with_no_taskflow', 'dataset_s3_bucket_producer_with_no_taskflow' retrieved from /home/airflow/.local/lib/python3.12/site-packages/airflow/example_dags/example_dataset_alias_with_no_taskflow.py
[2026-03-22T00:11:07.402+0000] {logging_mixin.py:190} INFO - [2026-03-22T00:11:07.402+0000] {dag.py:3239} INFO - Sync 4 DAGs
[2026-03-22T00:11:07.431+0000] {logging_mixin.py:190} INFO - [2026-03-22T00:11:07.431+0000] {dag.py:4180} INFO - Setting next_dagrun for dataset_alias_example_alias_consumer_with_no_taskflow to None, run_after=None
[2026-03-22T00:11:07.435+0000] {logging_mixin.py:190} INFO - [2026-03-22T00:11:07.435+0000] {dag.py:4180} INFO - Setting next_dagrun for dataset_alias_example_alias_producer_with_no_taskflow to None, run_after=None
[2026-03-22T00:11:07.437+0000] {logging_mixin.py:190} INFO - [2026-03-22T00:11:07.437+0000] {dag.py:4180} INFO - Setting next_dagrun for dataset_s3_bucket_consumer_with_no_taskflow to None, run_after=None
[2026-03-22T00:11:07.439+0000] {logging_mixin.py:190} INFO - [2026-03-22T00:11:07.439+0000] {dag.py:4180} INFO - Setting next_dagrun for dataset_s3_bucket_producer_with_no_taskflow to None, run_after=None
[2026-03-22T00:11:07.467+0000] {processor.py:208} INFO - Processing /home/airflow/.local/lib/python3.12/site-packages/airflow/example_dags/example_dataset_alias_with_no_taskflow.py took 0.698 seconds
[2026-03-22T00:11:38.165+0000] {processor.py:186} INFO - Started process (PID=25868) to work on /home/airflow/.local/lib/python3.12/site-packages/airflow/example_dags/example_dataset_alias_with_no_taskflow.py
[2026-03-22T00:11:38.167+0000] {processor.py:914} INFO - Processing file /home/airflow/.local/lib/python3.12/site-packages/airflow/example_dags/example_dataset_alias_with_no_taskflow.py for tasks to queue
[2026-03-22T00:11:38.169+0000] {logging_mixin.py:190} INFO - [2026-03-22T00:11:38.168+0000] {dagbag.py:588} INFO - Filling up the DagBag from /home/airflow/.local/lib/python3.12/site-packages/airflow/example_dags/example_dataset_alias_with_no_taskflow.py
[2026-03-22T00:11:38.676+0000] {processor.py:925} INFO - DAG(s) 'dataset_alias_example_alias_consumer_with_no_taskflow', 'dataset_alias_example_alias_producer_with_no_taskflow', 'dataset_s3_bucket_consumer_with_no_taskflow', 'dataset_s3_bucket_producer_with_no_taskflow' retrieved from /home/airflow/.local/lib/python3.12/site-packages/airflow/example_dags/example_dataset_alias_with_no_taskflow.py
[2026-03-22T00:11:38.698+0000] {logging_mixin.py:190} INFO - [2026-03-22T00:11:38.697+0000] {dag.py:3239} INFO - Sync 4 DAGs
[2026-03-22T00:11:38.719+0000] {logging_mixin.py:190} INFO - [2026-03-22T00:11:38.719+0000] {dag.py:4180} INFO - Setting next_dagrun for dataset_alias_example_alias_consumer_with_no_taskflow to None, run_after=None
[2026-03-22T00:11:38.723+0000] {logging_mixin.py:190} INFO - [2026-03-22T00:11:38.723+0000] {dag.py:4180} INFO - Setting next_dagrun for dataset_alias_example_alias_producer_with_no_taskflow to None, run_after=None
[2026-03-22T00:11:38.726+0000] {logging_mixin.py:190} INFO - [2026-03-22T00:11:38.726+0000] {dag.py:4180} INFO - Setting next_dagrun for dataset_s3_bucket_consumer_with_no_taskflow to None, run_after=None
[2026-03-22T00:11:38.728+0000] {logging_mixin.py:190} INFO - [2026-03-22T00:11:38.727+0000] {dag.py:4180} INFO - Setting next_dagrun for dataset_s3_bucket_producer_with_no_taskflow to None, run_after=None
[2026-03-22T00:11:38.749+0000] {processor.py:208} INFO - Processing /home/airflow/.local/lib/python3.12/site-packages/airflow/example_dags/example_dataset_alias_with_no_taskflow.py took 0.589 seconds
[2026-03-22T00:12:08.925+0000] {processor.py:186} INFO - Started process (PID=25933) to work on /home/airflow/.local/lib/python3.12/site-packages/airflow/example_dags/example_dataset_alias_with_no_taskflow.py
[2026-03-22T00:12:08.926+0000] {processor.py:914} INFO - Processing file /home/airflow/.local/lib/python3.12/site-packages/airflow/example_dags/example_dataset_alias_with_no_taskflow.py for tasks to queue
[2026-03-22T00:12:08.930+0000] {logging_mixin.py:190} INFO - [2026-03-22T00:12:08.929+0000] {dagbag.py:588} INFO - Filling up the DagBag from /home/airflow/.local/lib/python3.12/site-packages/airflow/example_dags/example_dataset_alias_with_no_taskflow.py
[2026-03-22T00:12:09.429+0000] {processor.py:925} INFO - DAG(s) 'dataset_s3_bucket_producer_with_no_taskflow', 'dataset_alias_example_alias_producer_with_no_taskflow', 'dataset_s3_bucket_consumer_with_no_taskflow', 'dataset_alias_example_alias_consumer_with_no_taskflow' retrieved from /home/airflow/.local/lib/python3.12/site-packages/airflow/example_dags/example_dataset_alias_with_no_taskflow.py
[2026-03-22T00:12:09.450+0000] {logging_mixin.py:190} INFO - [2026-03-22T00:12:09.450+0000] {dag.py:3239} INFO - Sync 4 DAGs
[2026-03-22T00:12:09.473+0000] {logging_mixin.py:190} INFO - [2026-03-22T00:12:09.472+0000] {dag.py:4180} INFO - Setting next_dagrun for dataset_alias_example_alias_consumer_with_no_taskflow to None, run_after=None
[2026-03-22T00:12:09.477+0000] {logging_mixin.py:190} INFO - [2026-03-22T00:12:09.476+0000] {dag.py:4180} INFO - Setting next_dagrun for dataset_alias_example_alias_producer_with_no_taskflow to None, run_after=None
[2026-03-22T00:12:09.479+0000] {logging_mixin.py:190} INFO - [2026-03-22T00:12:09.479+0000] {dag.py:4180} INFO - Setting next_dagrun for dataset_s3_bucket_consumer_with_no_taskflow to None, run_after=None
[2026-03-22T00:12:09.482+0000] {logging_mixin.py:190} INFO - [2026-03-22T00:12:09.481+0000] {dag.py:4180} INFO - Setting next_dagrun for dataset_s3_bucket_producer_with_no_taskflow to None, run_after=None
[2026-03-22T00:12:09.507+0000] {processor.py:208} INFO - Processing /home/airflow/.local/lib/python3.12/site-packages/airflow/example_dags/example_dataset_alias_with_no_taskflow.py took 0.590 seconds
[2026-03-22T00:12:40.797+0000] {processor.py:186} INFO - Started process (PID=26002) to work on /home/airflow/.local/lib/python3.12/site-packages/airflow/example_dags/example_dataset_alias_with_no_taskflow.py
[2026-03-22T00:12:40.798+0000] {processor.py:914} INFO - Processing file /home/airflow/.local/lib/python3.12/site-packages/airflow/example_dags/example_dataset_alias_with_no_taskflow.py for tasks to queue
[2026-03-22T00:12:40.800+0000] {logging_mixin.py:190} INFO - [2026-03-22T00:12:40.800+0000] {dagbag.py:588} INFO - Filling up the DagBag from /home/airflow/.local/lib/python3.12/site-packages/airflow/example_dags/example_dataset_alias_with_no_taskflow.py
[2026-03-22T00:12:41.553+0000] {processor.py:925} INFO - DAG(s) 'dataset_alias_example_alias_consumer_with_no_taskflow', 'dataset_s3_bucket_producer_with_no_taskflow', 'dataset_s3_bucket_consumer_with_no_taskflow', 'dataset_alias_example_alias_producer_with_no_taskflow' retrieved from /home/airflow/.local/lib/python3.12/site-packages/airflow/example_dags/example_dataset_alias_with_no_taskflow.py
[2026-03-22T00:12:41.583+0000] {logging_mixin.py:190} INFO - [2026-03-22T00:12:41.582+0000] {dag.py:3239} INFO - Sync 4 DAGs
[2026-03-22T00:12:41.612+0000] {logging_mixin.py:190} INFO - [2026-03-22T00:12:41.612+0000] {dag.py:4180} INFO - Setting next_dagrun for dataset_alias_example_alias_consumer_with_no_taskflow to None, run_after=None
[2026-03-22T00:12:41.617+0000] {logging_mixin.py:190} INFO - [2026-03-22T00:12:41.616+0000] {dag.py:4180} INFO - Setting next_dagrun for dataset_alias_example_alias_producer_with_no_taskflow to None, run_after=None
[2026-03-22T00:12:41.620+0000] {logging_mixin.py:190} INFO - [2026-03-22T00:12:41.619+0000] {dag.py:4180} INFO - Setting next_dagrun for dataset_s3_bucket_consumer_with_no_taskflow to None, run_after=None
[2026-03-22T00:12:41.623+0000] {logging_mixin.py:190} INFO - [2026-03-22T00:12:41.622+0000] {dag.py:4180} INFO - Setting next_dagrun for dataset_s3_bucket_producer_with_no_taskflow to None, run_after=None
[2026-03-22T00:12:41.659+0000] {processor.py:208} INFO - Processing /home/airflow/.local/lib/python3.12/site-packages/airflow/example_dags/example_dataset_alias_with_no_taskflow.py took 0.872 seconds
[2026-03-22T00:13:12.545+0000] {processor.py:186} INFO - Started process (PID=26071) to work on /home/airflow/.local/lib/python3.12/site-packages/airflow/example_dags/example_dataset_alias_with_no_taskflow.py
[2026-03-22T00:13:12.547+0000] {processor.py:914} INFO - Processing file /home/airflow/.local/lib/python3.12/site-packages/airflow/example_dags/example_dataset_alias_with_no_taskflow.py for tasks to queue
[2026-03-22T00:13:12.548+0000] {logging_mixin.py:190} INFO - [2026-03-22T00:13:12.548+0000] {dagbag.py:588} INFO - Filling up the DagBag from /home/airflow/.local/lib/python3.12/site-packages/airflow/example_dags/example_dataset_alias_with_no_taskflow.py
[2026-03-22T00:13:13.086+0000] {processor.py:925} INFO - DAG(s) 'dataset_s3_bucket_consumer_with_no_taskflow', 'dataset_alias_example_alias_consumer_with_no_taskflow', 'dataset_s3_bucket_producer_with_no_taskflow', 'dataset_alias_example_alias_producer_with_no_taskflow' retrieved from /home/airflow/.local/lib/python3.12/site-packages/airflow/example_dags/example_dataset_alias_with_no_taskflow.py
[2026-03-22T00:13:13.109+0000] {logging_mixin.py:190} INFO - [2026-03-22T00:13:13.108+0000] {dag.py:3239} INFO - Sync 4 DAGs
[2026-03-22T00:13:13.130+0000] {logging_mixin.py:190} INFO - [2026-03-22T00:13:13.130+0000] {dag.py:4180} INFO - Setting next_dagrun for dataset_alias_example_alias_consumer_with_no_taskflow to None, run_after=None
[2026-03-22T00:13:13.135+0000] {logging_mixin.py:190} INFO - [2026-03-22T00:13:13.135+0000] {dag.py:4180} INFO - Setting next_dagrun for dataset_alias_example_alias_producer_with_no_taskflow to None, run_after=None
[2026-03-22T00:13:13.138+0000] {logging_mixin.py:190} INFO - [2026-03-22T00:13:13.138+0000] {dag.py:4180} INFO - Setting next_dagrun for dataset_s3_bucket_consumer_with_no_taskflow to None, run_after=None
[2026-03-22T00:13:13.141+0000] {logging_mixin.py:190} INFO - [2026-03-22T00:13:13.140+0000] {dag.py:4180} INFO - Setting next_dagrun for dataset_s3_bucket_producer_with_no_taskflow to None, run_after=None
[2026-03-22T00:13:13.163+0000] {processor.py:208} INFO - Processing /home/airflow/.local/lib/python3.12/site-packages/airflow/example_dags/example_dataset_alias_with_no_taskflow.py took 0.627 seconds
[2026-03-22T00:13:44.013+0000] {processor.py:186} INFO - Started process (PID=26136) to work on /home/airflow/.local/lib/python3.12/site-packages/airflow/example_dags/example_dataset_alias_with_no_taskflow.py
[2026-03-22T00:13:44.014+0000] {processor.py:914} INFO - Processing file /home/airflow/.local/lib/python3.12/site-packages/airflow/example_dags/example_dataset_alias_with_no_taskflow.py for tasks to queue
[2026-03-22T00:13:44.015+0000] {logging_mixin.py:190} INFO - [2026-03-22T00:13:44.015+0000] {dagbag.py:588} INFO - Filling up the DagBag from /home/airflow/.local/lib/python3.12/site-packages/airflow/example_dags/example_dataset_alias_with_no_taskflow.py
[2026-03-22T00:13:44.552+0000] {processor.py:925} INFO - DAG(s) 'dataset_s3_bucket_producer_with_no_taskflow', 'dataset_alias_example_alias_producer_with_no_taskflow', 'dataset_s3_bucket_consumer_with_no_taskflow', 'dataset_alias_example_alias_consumer_with_no_taskflow' retrieved from /home/airflow/.local/lib/python3.12/site-packages/airflow/example_dags/example_dataset_alias_with_no_taskflow.py
[2026-03-22T00:13:44.572+0000] {logging_mixin.py:190} INFO - [2026-03-22T00:13:44.572+0000] {dag.py:3239} INFO - Sync 4 DAGs
[2026-03-22T00:13:44.594+0000] {logging_mixin.py:190} INFO - [2026-03-22T00:13:44.594+0000] {dag.py:4180} INFO - Setting next_dagrun for dataset_alias_example_alias_consumer_with_no_taskflow to None, run_after=None
[2026-03-22T00:13:44.597+0000] {logging_mixin.py:190} INFO - [2026-03-22T00:13:44.597+0000] {dag.py:4180} INFO - Setting next_dagrun for dataset_alias_example_alias_producer_with_no_taskflow to None, run_after=None
[2026-03-22T00:13:44.599+0000] {logging_mixin.py:190} INFO - [2026-03-22T00:13:44.599+0000] {dag.py:4180} INFO - Setting next_dagrun for dataset_s3_bucket_consumer_with_no_taskflow to None, run_after=None
[2026-03-22T00:13:44.601+0000] {logging_mixin.py:190} INFO - [2026-03-22T00:13:44.600+0000] {dag.py:4180} INFO - Setting next_dagrun for dataset_s3_bucket_producer_with_no_taskflow to None, run_after=None
[2026-03-22T00:13:44.623+0000] {processor.py:208} INFO - Processing /home/airflow/.local/lib/python3.12/site-packages/airflow/example_dags/example_dataset_alias_with_no_taskflow.py took 0.616 seconds
[2026-03-22T00:14:15.528+0000] {processor.py:186} INFO - Started process (PID=26201) to work on /home/airflow/.local/lib/python3.12/site-packages/airflow/example_dags/example_dataset_alias_with_no_taskflow.py
[2026-03-22T00:14:15.530+0000] {processor.py:914} INFO - Processing file /home/airflow/.local/lib/python3.12/site-packages/airflow/example_dags/example_dataset_alias_with_no_taskflow.py for tasks to queue
[2026-03-22T00:14:15.532+0000] {logging_mixin.py:190} INFO - [2026-03-22T00:14:15.532+0000] {dagbag.py:588} INFO - Filling up the DagBag from /home/airflow/.local/lib/python3.12/site-packages/airflow/example_dags/example_dataset_alias_with_no_taskflow.py
[2026-03-22T00:14:16.056+0000] {processor.py:925} INFO - DAG(s) 'dataset_s3_bucket_producer_with_no_taskflow', 'dataset_s3_bucket_consumer_with_no_taskflow', 'dataset_alias_example_alias_producer_with_no_taskflow', 'dataset_alias_example_alias_consumer_with_no_taskflow' retrieved from /home/airflow/.local/lib/python3.12/site-packages/airflow/example_dags/example_dataset_alias_with_no_taskflow.py
[2026-03-22T00:14:16.080+0000] {logging_mixin.py:190} INFO - [2026-03-22T00:14:16.080+0000] {dag.py:3239} INFO - Sync 4 DAGs
[2026-03-22T00:14:16.103+0000] {logging_mixin.py:190} INFO - [2026-03-22T00:14:16.102+0000] {dag.py:4180} INFO - Setting next_dagrun for dataset_alias_example_alias_consumer_with_no_taskflow to None, run_after=None
[2026-03-22T00:14:16.107+0000] {logging_mixin.py:190} INFO - [2026-03-22T00:14:16.106+0000] {dag.py:4180} INFO - Setting next_dagrun for dataset_alias_example_alias_producer_with_no_taskflow to None, run_after=None
[2026-03-22T00:14:16.110+0000] {logging_mixin.py:190} INFO - [2026-03-22T00:14:16.110+0000] {dag.py:4180} INFO - Setting next_dagrun for dataset_s3_bucket_consumer_with_no_taskflow to None, run_after=None
[2026-03-22T00:14:16.112+0000] {logging_mixin.py:190} INFO - [2026-03-22T00:14:16.112+0000] {dag.py:4180} INFO - Setting next_dagrun for dataset_s3_bucket_producer_with_no_taskflow to None, run_after=None
[2026-03-22T00:14:16.137+0000] {processor.py:208} INFO - Processing /home/airflow/.local/lib/python3.12/site-packages/airflow/example_dags/example_dataset_alias_with_no_taskflow.py took 0.620 seconds
[2026-03-22T00:14:46.682+0000] {processor.py:186} INFO - Started process (PID=26266) to work on /home/airflow/.local/lib/python3.12/site-packages/airflow/example_dags/example_dataset_alias_with_no_taskflow.py
[2026-03-22T00:14:46.683+0000] {processor.py:914} INFO - Processing file /home/airflow/.local/lib/python3.12/site-packages/airflow/example_dags/example_dataset_alias_with_no_taskflow.py for tasks to queue
[2026-03-22T00:14:46.684+0000] {logging_mixin.py:190} INFO - [2026-03-22T00:14:46.684+0000] {dagbag.py:588} INFO - Filling up the DagBag from /home/airflow/.local/lib/python3.12/site-packages/airflow/example_dags/example_dataset_alias_with_no_taskflow.py
[2026-03-22T00:14:47.214+0000] {processor.py:925} INFO - DAG(s) 'dataset_alias_example_alias_consumer_with_no_taskflow', 'dataset_s3_bucket_consumer_with_no_taskflow', 'dataset_s3_bucket_producer_with_no_taskflow', 'dataset_alias_example_alias_producer_with_no_taskflow' retrieved from /home/airflow/.local/lib/python3.12/site-packages/airflow/example_dags/example_dataset_alias_with_no_taskflow.py
[2026-03-22T00:14:47.236+0000] {logging_mixin.py:190} INFO - [2026-03-22T00:14:47.235+0000] {dag.py:3239} INFO - Sync 4 DAGs
[2026-03-22T00:14:47.256+0000] {logging_mixin.py:190} INFO - [2026-03-22T00:14:47.256+0000] {dag.py:4180} INFO - Setting next_dagrun for dataset_alias_example_alias_consumer_with_no_taskflow to None, run_after=None
[2026-03-22T00:14:47.260+0000] {logging_mixin.py:190} INFO - [2026-03-22T00:14:47.260+0000] {dag.py:4180} INFO - Setting next_dagrun for dataset_alias_example_alias_producer_with_no_taskflow to None, run_after=None
[2026-03-22T00:14:47.263+0000] {logging_mixin.py:190} INFO - [2026-03-22T00:14:47.263+0000] {dag.py:4180} INFO - Setting next_dagrun for dataset_s3_bucket_consumer_with_no_taskflow to None, run_after=None
[2026-03-22T00:14:47.265+0000] {logging_mixin.py:190} INFO - [2026-03-22T00:14:47.265+0000] {dag.py:4180} INFO - Setting next_dagrun for dataset_s3_bucket_producer_with_no_taskflow to None, run_after=None
[2026-03-22T00:14:47.292+0000] {processor.py:208} INFO - Processing /home/airflow/.local/lib/python3.12/site-packages/airflow/example_dags/example_dataset_alias_with_no_taskflow.py took 0.617 seconds
[2026-03-22T00:15:17.472+0000] {processor.py:186} INFO - Started process (PID=26330) to work on /home/airflow/.local/lib/python3.12/site-packages/airflow/example_dags/example_dataset_alias_with_no_taskflow.py
[2026-03-22T00:15:17.474+0000] {processor.py:914} INFO - Processing file /home/airflow/.local/lib/python3.12/site-packages/airflow/example_dags/example_dataset_alias_with_no_taskflow.py for tasks to queue
[2026-03-22T00:15:17.476+0000] {logging_mixin.py:190} INFO - [2026-03-22T00:15:17.475+0000] {dagbag.py:588} INFO - Filling up the DagBag from /home/airflow/.local/lib/python3.12/site-packages/airflow/example_dags/example_dataset_alias_with_no_taskflow.py
[2026-03-22T00:15:18.071+0000] {processor.py:925} INFO - DAG(s) 'dataset_s3_bucket_producer_with_no_taskflow', 'dataset_alias_example_alias_consumer_with_no_taskflow', 'dataset_alias_example_alias_producer_with_no_taskflow', 'dataset_s3_bucket_consumer_with_no_taskflow' retrieved from /home/airflow/.local/lib/python3.12/site-packages/airflow/example_dags/example_dataset_alias_with_no_taskflow.py
[2026-03-22T00:15:18.095+0000] {logging_mixin.py:190} INFO - [2026-03-22T00:15:18.095+0000] {dag.py:3239} INFO - Sync 4 DAGs
[2026-03-22T00:15:18.118+0000] {logging_mixin.py:190} INFO - [2026-03-22T00:15:18.118+0000] {dag.py:4180} INFO - Setting next_dagrun for dataset_alias_example_alias_consumer_with_no_taskflow to None, run_after=None
[2026-03-22T00:15:18.122+0000] {logging_mixin.py:190} INFO - [2026-03-22T00:15:18.122+0000] {dag.py:4180} INFO - Setting next_dagrun for dataset_alias_example_alias_producer_with_no_taskflow to None, run_after=None
[2026-03-22T00:15:18.125+0000] {logging_mixin.py:190} INFO - [2026-03-22T00:15:18.125+0000] {dag.py:4180} INFO - Setting next_dagrun for dataset_s3_bucket_consumer_with_no_taskflow to None, run_after=None
[2026-03-22T00:15:18.127+0000] {logging_mixin.py:190} INFO - [2026-03-22T00:15:18.127+0000] {dag.py:4180} INFO - Setting next_dagrun for dataset_s3_bucket_producer_with_no_taskflow to None, run_after=None
[2026-03-22T00:15:18.151+0000] {processor.py:208} INFO - Processing /home/airflow/.local/lib/python3.12/site-packages/airflow/example_dags/example_dataset_alias_with_no_taskflow.py took 0.685 seconds
[2026-03-22T02:12:55.078+0000] {processor.py:186} INFO - Started process (PID=26413) to work on /home/airflow/.local/lib/python3.12/site-packages/airflow/example_dags/example_dataset_alias_with_no_taskflow.py
[2026-03-22T02:12:55.079+0000] {processor.py:914} INFO - Processing file /home/airflow/.local/lib/python3.12/site-packages/airflow/example_dags/example_dataset_alias_with_no_taskflow.py for tasks to queue
[2026-03-22T02:12:55.081+0000] {logging_mixin.py:190} INFO - [2026-03-22T02:12:55.080+0000] {dagbag.py:588} INFO - Filling up the DagBag from /home/airflow/.local/lib/python3.12/site-packages/airflow/example_dags/example_dataset_alias_with_no_taskflow.py
[2026-03-22T02:12:55.569+0000] {processor.py:925} INFO - DAG(s) 'dataset_s3_bucket_producer_with_no_taskflow', 'dataset_alias_example_alias_consumer_with_no_taskflow', 'dataset_alias_example_alias_producer_with_no_taskflow', 'dataset_s3_bucket_consumer_with_no_taskflow' retrieved from /home/airflow/.local/lib/python3.12/site-packages/airflow/example_dags/example_dataset_alias_with_no_taskflow.py
[2026-03-22T02:12:55.591+0000] {logging_mixin.py:190} INFO - [2026-03-22T02:12:55.591+0000] {dag.py:3239} INFO - Sync 4 DAGs
[2026-03-22T02:12:55.611+0000] {logging_mixin.py:190} INFO - [2026-03-22T02:12:55.610+0000] {dag.py:4180} INFO - Setting next_dagrun for dataset_alias_example_alias_consumer_with_no_taskflow to None, run_after=None
[2026-03-22T02:12:55.613+0000] {logging_mixin.py:190} INFO - [2026-03-22T02:12:55.613+0000] {dag.py:4180} INFO - Setting next_dagrun for dataset_alias_example_alias_producer_with_no_taskflow to None, run_after=None
[2026-03-22T02:12:55.615+0000] {logging_mixin.py:190} INFO - [2026-03-22T02:12:55.615+0000] {dag.py:4180} INFO - Setting next_dagrun for dataset_s3_bucket_consumer_with_no_taskflow to None, run_after=None
[2026-03-22T02:12:55.617+0000] {logging_mixin.py:190} INFO - [2026-03-22T02:12:55.616+0000] {dag.py:4180} INFO - Setting next_dagrun for dataset_s3_bucket_producer_with_no_taskflow to None, run_after=None
[2026-03-22T02:12:55.639+0000] {processor.py:208} INFO - Processing /home/airflow/.local/lib/python3.12/site-packages/airflow/example_dags/example_dataset_alias_with_no_taskflow.py took 0.566 seconds
[2026-03-22T02:13:25.921+0000] {processor.py:186} INFO - Started process (PID=26482) to work on /home/airflow/.local/lib/python3.12/site-packages/airflow/example_dags/example_dataset_alias_with_no_taskflow.py
[2026-03-22T02:13:25.923+0000] {processor.py:914} INFO - Processing file /home/airflow/.local/lib/python3.12/site-packages/airflow/example_dags/example_dataset_alias_with_no_taskflow.py for tasks to queue
[2026-03-22T02:13:25.924+0000] {logging_mixin.py:190} INFO - [2026-03-22T02:13:25.924+0000] {dagbag.py:588} INFO - Filling up the DagBag from /home/airflow/.local/lib/python3.12/site-packages/airflow/example_dags/example_dataset_alias_with_no_taskflow.py
[2026-03-22T02:13:26.405+0000] {processor.py:925} INFO - DAG(s) 'dataset_alias_example_alias_producer_with_no_taskflow', 'dataset_s3_bucket_consumer_with_no_taskflow', 'dataset_alias_example_alias_consumer_with_no_taskflow', 'dataset_s3_bucket_producer_with_no_taskflow' retrieved from /home/airflow/.local/lib/python3.12/site-packages/airflow/example_dags/example_dataset_alias_with_no_taskflow.py
[2026-03-22T02:13:26.426+0000] {logging_mixin.py:190} INFO - [2026-03-22T02:13:26.425+0000] {dag.py:3239} INFO - Sync 4 DAGs
[2026-03-22T02:13:26.446+0000] {logging_mixin.py:190} INFO - [2026-03-22T02:13:26.445+0000] {dag.py:4180} INFO - Setting next_dagrun for dataset_alias_example_alias_consumer_with_no_taskflow to None, run_after=None
[2026-03-22T02:13:26.448+0000] {logging_mixin.py:190} INFO - [2026-03-22T02:13:26.448+0000] {dag.py:4180} INFO - Setting next_dagrun for dataset_alias_example_alias_producer_with_no_taskflow to None, run_after=None
[2026-03-22T02:13:26.451+0000] {logging_mixin.py:190} INFO - [2026-03-22T02:13:26.451+0000] {dag.py:4180} INFO - Setting next_dagrun for dataset_s3_bucket_consumer_with_no_taskflow to None, run_after=None
[2026-03-22T02:13:26.453+0000] {logging_mixin.py:190} INFO - [2026-03-22T02:13:26.453+0000] {dag.py:4180} INFO - Setting next_dagrun for dataset_s3_bucket_producer_with_no_taskflow to None, run_after=None
[2026-03-22T02:13:26.471+0000] {processor.py:208} INFO - Processing /home/airflow/.local/lib/python3.12/site-packages/airflow/example_dags/example_dataset_alias_with_no_taskflow.py took 0.555 seconds
[2026-03-22T02:13:56.685+0000] {processor.py:186} INFO - Started process (PID=26543) to work on /home/airflow/.local/lib/python3.12/site-packages/airflow/example_dags/example_dataset_alias_with_no_taskflow.py
[2026-03-22T02:13:56.687+0000] {processor.py:914} INFO - Processing file /home/airflow/.local/lib/python3.12/site-packages/airflow/example_dags/example_dataset_alias_with_no_taskflow.py for tasks to queue
[2026-03-22T02:13:56.689+0000] {logging_mixin.py:190} INFO - [2026-03-22T02:13:56.688+0000] {dagbag.py:588} INFO - Filling up the DagBag from /home/airflow/.local/lib/python3.12/site-packages/airflow/example_dags/example_dataset_alias_with_no_taskflow.py
[2026-03-22T02:13:57.171+0000] {processor.py:925} INFO - DAG(s) 'dataset_alias_example_alias_producer_with_no_taskflow', 'dataset_s3_bucket_producer_with_no_taskflow', 'dataset_alias_example_alias_consumer_with_no_taskflow', 'dataset_s3_bucket_consumer_with_no_taskflow' retrieved from /home/airflow/.local/lib/python3.12/site-packages/airflow/example_dags/example_dataset_alias_with_no_taskflow.py
[2026-03-22T02:13:57.196+0000] {logging_mixin.py:190} INFO - [2026-03-22T02:13:57.195+0000] {dag.py:3239} INFO - Sync 4 DAGs
[2026-03-22T02:13:57.216+0000] {logging_mixin.py:190} INFO - [2026-03-22T02:13:57.216+0000] {dag.py:4180} INFO - Setting next_dagrun for dataset_alias_example_alias_consumer_with_no_taskflow to None, run_after=None
[2026-03-22T02:13:57.218+0000] {logging_mixin.py:190} INFO - [2026-03-22T02:13:57.218+0000] {dag.py:4180} INFO - Setting next_dagrun for dataset_alias_example_alias_producer_with_no_taskflow to None, run_after=None
[2026-03-22T02:13:57.220+0000] {logging_mixin.py:190} INFO - [2026-03-22T02:13:57.220+0000] {dag.py:4180} INFO - Setting next_dagrun for dataset_s3_bucket_consumer_with_no_taskflow to None, run_after=None
[2026-03-22T02:13:57.222+0000] {logging_mixin.py:190} INFO - [2026-03-22T02:13:57.222+0000] {dag.py:4180} INFO - Setting next_dagrun for dataset_s3_bucket_producer_with_no_taskflow to None, run_after=None
[2026-03-22T02:13:57.243+0000] {processor.py:208} INFO - Processing /home/airflow/.local/lib/python3.12/site-packages/airflow/example_dags/example_dataset_alias_with_no_taskflow.py took 0.564 seconds
[2026-03-22T02:14:27.586+0000] {processor.py:186} INFO - Started process (PID=26612) to work on /home/airflow/.local/lib/python3.12/site-packages/airflow/example_dags/example_dataset_alias_with_no_taskflow.py
[2026-03-22T02:14:27.587+0000] {processor.py:914} INFO - Processing file /home/airflow/.local/lib/python3.12/site-packages/airflow/example_dags/example_dataset_alias_with_no_taskflow.py for tasks to queue
[2026-03-22T02:14:27.588+0000] {logging_mixin.py:190} INFO - [2026-03-22T02:14:27.588+0000] {dagbag.py:588} INFO - Filling up the DagBag from /home/airflow/.local/lib/python3.12/site-packages/airflow/example_dags/example_dataset_alias_with_no_taskflow.py
[2026-03-22T02:14:28.068+0000] {processor.py:925} INFO - DAG(s) 'dataset_alias_example_alias_consumer_with_no_taskflow', 'dataset_alias_example_alias_producer_with_no_taskflow', 'dataset_s3_bucket_producer_with_no_taskflow', 'dataset_s3_bucket_consumer_with_no_taskflow' retrieved from /home/airflow/.local/lib/python3.12/site-packages/airflow/example_dags/example_dataset_alias_with_no_taskflow.py
[2026-03-22T02:14:28.085+0000] {logging_mixin.py:190} INFO - [2026-03-22T02:14:28.084+0000] {dag.py:3239} INFO - Sync 4 DAGs
[2026-03-22T02:14:28.102+0000] {logging_mixin.py:190} INFO - [2026-03-22T02:14:28.101+0000] {dag.py:4180} INFO - Setting next_dagrun for dataset_alias_example_alias_consumer_with_no_taskflow to None, run_after=None
[2026-03-22T02:14:28.104+0000] {logging_mixin.py:190} INFO - [2026-03-22T02:14:28.104+0000] {dag.py:4180} INFO - Setting next_dagrun for dataset_alias_example_alias_producer_with_no_taskflow to None, run_after=None
[2026-03-22T02:14:28.107+0000] {logging_mixin.py:190} INFO - [2026-03-22T02:14:28.107+0000] {dag.py:4180} INFO - Setting next_dagrun for dataset_s3_bucket_consumer_with_no_taskflow to None, run_after=None
[2026-03-22T02:14:28.109+0000] {logging_mixin.py:190} INFO - [2026-03-22T02:14:28.109+0000] {dag.py:4180} INFO - Setting next_dagrun for dataset_s3_bucket_producer_with_no_taskflow to None, run_after=None
[2026-03-22T02:14:28.128+0000] {processor.py:208} INFO - Processing /home/airflow/.local/lib/python3.12/site-packages/airflow/example_dags/example_dataset_alias_with_no_taskflow.py took 0.548 seconds
[2026-03-22T02:14:58.929+0000] {processor.py:186} INFO - Started process (PID=26677) to work on /home/airflow/.local/lib/python3.12/site-packages/airflow/example_dags/example_dataset_alias_with_no_taskflow.py
[2026-03-22T02:14:58.931+0000] {processor.py:914} INFO - Processing file /home/airflow/.local/lib/python3.12/site-packages/airflow/example_dags/example_dataset_alias_with_no_taskflow.py for tasks to queue
[2026-03-22T02:14:58.932+0000] {logging_mixin.py:190} INFO - [2026-03-22T02:14:58.932+0000] {dagbag.py:588} INFO - Filling up the DagBag from /home/airflow/.local/lib/python3.12/site-packages/airflow/example_dags/example_dataset_alias_with_no_taskflow.py
[2026-03-22T02:14:59.456+0000] {processor.py:925} INFO - DAG(s) 'dataset_alias_example_alias_producer_with_no_taskflow', 'dataset_s3_bucket_producer_with_no_taskflow', 'dataset_alias_example_alias_consumer_with_no_taskflow', 'dataset_s3_bucket_consumer_with_no_taskflow' retrieved from /home/airflow/.local/lib/python3.12/site-packages/airflow/example_dags/example_dataset_alias_with_no_taskflow.py
[2026-03-22T02:14:59.476+0000] {logging_mixin.py:190} INFO - [2026-03-22T02:14:59.476+0000] {dag.py:3239} INFO - Sync 4 DAGs
[2026-03-22T02:14:59.497+0000] {logging_mixin.py:190} INFO - [2026-03-22T02:14:59.497+0000] {dag.py:4180} INFO - Setting next_dagrun for dataset_alias_example_alias_consumer_with_no_taskflow to None, run_after=None
[2026-03-22T02:14:59.500+0000] {logging_mixin.py:190} INFO - [2026-03-22T02:14:59.500+0000] {dag.py:4180} INFO - Setting next_dagrun for dataset_alias_example_alias_producer_with_no_taskflow to None, run_after=None
[2026-03-22T02:14:59.502+0000] {logging_mixin.py:190} INFO - [2026-03-22T02:14:59.501+0000] {dag.py:4180} INFO - Setting next_dagrun for dataset_s3_bucket_consumer_with_no_taskflow to None, run_after=None
[2026-03-22T02:14:59.503+0000] {logging_mixin.py:190} INFO - [2026-03-22T02:14:59.503+0000] {dag.py:4180} INFO - Setting next_dagrun for dataset_s3_bucket_producer_with_no_taskflow to None, run_after=None
[2026-03-22T02:14:59.525+0000] {processor.py:208} INFO - Processing /home/airflow/.local/lib/python3.12/site-packages/airflow/example_dags/example_dataset_alias_with_no_taskflow.py took 0.601 seconds
[2026-03-22T02:15:30.657+0000] {processor.py:186} INFO - Started process (PID=26744) to work on /home/airflow/.local/lib/python3.12/site-packages/airflow/example_dags/example_dataset_alias_with_no_taskflow.py
[2026-03-22T02:15:30.658+0000] {processor.py:914} INFO - Processing file /home/airflow/.local/lib/python3.12/site-packages/airflow/example_dags/example_dataset_alias_with_no_taskflow.py for tasks to queue
[2026-03-22T02:15:30.660+0000] {logging_mixin.py:190} INFO - [2026-03-22T02:15:30.659+0000] {dagbag.py:588} INFO - Filling up the DagBag from /home/airflow/.local/lib/python3.12/site-packages/airflow/example_dags/example_dataset_alias_with_no_taskflow.py
[2026-03-22T02:15:31.145+0000] {processor.py:925} INFO - DAG(s) 'dataset_alias_example_alias_producer_with_no_taskflow', 'dataset_s3_bucket_producer_with_no_taskflow', 'dataset_s3_bucket_consumer_with_no_taskflow', 'dataset_alias_example_alias_consumer_with_no_taskflow' retrieved from /home/airflow/.local/lib/python3.12/site-packages/airflow/example_dags/example_dataset_alias_with_no_taskflow.py
[2026-03-22T02:15:31.162+0000] {logging_mixin.py:190} INFO - [2026-03-22T02:15:31.161+0000] {dag.py:3239} INFO - Sync 4 DAGs
[2026-03-22T02:15:31.181+0000] {logging_mixin.py:190} INFO - [2026-03-22T02:15:31.180+0000] {dag.py:4180} INFO - Setting next_dagrun for dataset_alias_example_alias_consumer_with_no_taskflow to None, run_after=None
[2026-03-22T02:15:31.183+0000] {logging_mixin.py:190} INFO - [2026-03-22T02:15:31.183+0000] {dag.py:4180} INFO - Setting next_dagrun for dataset_alias_example_alias_producer_with_no_taskflow to None, run_after=None
[2026-03-22T02:15:31.185+0000] {logging_mixin.py:190} INFO - [2026-03-22T02:15:31.185+0000] {dag.py:4180} INFO - Setting next_dagrun for dataset_s3_bucket_consumer_with_no_taskflow to None, run_after=None
[2026-03-22T02:15:31.186+0000] {logging_mixin.py:190} INFO - [2026-03-22T02:15:31.186+0000] {dag.py:4180} INFO - Setting next_dagrun for dataset_s3_bucket_producer_with_no_taskflow to None, run_after=None
[2026-03-22T02:15:31.205+0000] {processor.py:208} INFO - Processing /home/airflow/.local/lib/python3.12/site-packages/airflow/example_dags/example_dataset_alias_with_no_taskflow.py took 0.554 seconds
[2026-03-22T02:16:01.497+0000] {processor.py:186} INFO - Started process (PID=26805) to work on /home/airflow/.local/lib/python3.12/site-packages/airflow/example_dags/example_dataset_alias_with_no_taskflow.py
[2026-03-22T02:16:01.498+0000] {processor.py:914} INFO - Processing file /home/airflow/.local/lib/python3.12/site-packages/airflow/example_dags/example_dataset_alias_with_no_taskflow.py for tasks to queue
[2026-03-22T02:16:01.500+0000] {logging_mixin.py:190} INFO - [2026-03-22T02:16:01.499+0000] {dagbag.py:588} INFO - Filling up the DagBag from /home/airflow/.local/lib/python3.12/site-packages/airflow/example_dags/example_dataset_alias_with_no_taskflow.py
[2026-03-22T02:16:01.967+0000] {processor.py:925} INFO - DAG(s) 'dataset_s3_bucket_consumer_with_no_taskflow', 'dataset_s3_bucket_producer_with_no_taskflow', 'dataset_alias_example_alias_consumer_with_no_taskflow', 'dataset_alias_example_alias_producer_with_no_taskflow' retrieved from /home/airflow/.local/lib/python3.12/site-packages/airflow/example_dags/example_dataset_alias_with_no_taskflow.py
[2026-03-22T02:16:01.992+0000] {logging_mixin.py:190} INFO - [2026-03-22T02:16:01.991+0000] {dag.py:3239} INFO - Sync 4 DAGs
[2026-03-22T02:16:02.017+0000] {logging_mixin.py:190} INFO - [2026-03-22T02:16:02.017+0000] {dag.py:4180} INFO - Setting next_dagrun for dataset_alias_example_alias_consumer_with_no_taskflow to None, run_after=None
[2026-03-22T02:16:02.023+0000] {logging_mixin.py:190} INFO - [2026-03-22T02:16:02.023+0000] {dag.py:4180} INFO - Setting next_dagrun for dataset_alias_example_alias_producer_with_no_taskflow to None, run_after=None
[2026-03-22T02:16:02.025+0000] {logging_mixin.py:190} INFO - [2026-03-22T02:16:02.024+0000] {dag.py:4180} INFO - Setting next_dagrun for dataset_s3_bucket_consumer_with_no_taskflow to None, run_after=None
[2026-03-22T02:16:02.026+0000] {logging_mixin.py:190} INFO - [2026-03-22T02:16:02.026+0000] {dag.py:4180} INFO - Setting next_dagrun for dataset_s3_bucket_producer_with_no_taskflow to None, run_after=None
[2026-03-22T02:16:02.048+0000] {processor.py:208} INFO - Processing /home/airflow/.local/lib/python3.12/site-packages/airflow/example_dags/example_dataset_alias_with_no_taskflow.py took 0.557 seconds
[2026-03-22T02:16:32.518+0000] {processor.py:186} INFO - Started process (PID=26873) to work on /home/airflow/.local/lib/python3.12/site-packages/airflow/example_dags/example_dataset_alias_with_no_taskflow.py
[2026-03-22T02:16:32.519+0000] {processor.py:914} INFO - Processing file /home/airflow/.local/lib/python3.12/site-packages/airflow/example_dags/example_dataset_alias_with_no_taskflow.py for tasks to queue
[2026-03-22T02:16:32.520+0000] {logging_mixin.py:190} INFO - [2026-03-22T02:16:32.520+0000] {dagbag.py:588} INFO - Filling up the DagBag from /home/airflow/.local/lib/python3.12/site-packages/airflow/example_dags/example_dataset_alias_with_no_taskflow.py
[2026-03-22T02:16:33.046+0000] {processor.py:925} INFO - DAG(s) 'dataset_alias_example_alias_consumer_with_no_taskflow', 'dataset_s3_bucket_producer_with_no_taskflow', 'dataset_s3_bucket_consumer_with_no_taskflow', 'dataset_alias_example_alias_producer_with_no_taskflow' retrieved from /home/airflow/.local/lib/python3.12/site-packages/airflow/example_dags/example_dataset_alias_with_no_taskflow.py
[2026-03-22T02:16:33.069+0000] {logging_mixin.py:190} INFO - [2026-03-22T02:16:33.066+0000] {dag.py:3239} INFO - Sync 4 DAGs
[2026-03-22T02:16:33.092+0000] {logging_mixin.py:190} INFO - [2026-03-22T02:16:33.092+0000] {dag.py:4180} INFO - Setting next_dagrun for dataset_alias_example_alias_consumer_with_no_taskflow to None, run_after=None
[2026-03-22T02:16:33.095+0000] {logging_mixin.py:190} INFO - [2026-03-22T02:16:33.094+0000] {dag.py:4180} INFO - Setting next_dagrun for dataset_alias_example_alias_producer_with_no_taskflow to None, run_after=None
[2026-03-22T02:16:33.096+0000] {logging_mixin.py:190} INFO - [2026-03-22T02:16:33.096+0000] {dag.py:4180} INFO - Setting next_dagrun for dataset_s3_bucket_consumer_with_no_taskflow to None, run_after=None
[2026-03-22T02:16:33.098+0000] {logging_mixin.py:190} INFO - [2026-03-22T02:16:33.097+0000] {dag.py:4180} INFO - Setting next_dagrun for dataset_s3_bucket_producer_with_no_taskflow to None, run_after=None
[2026-03-22T02:16:33.117+0000] {processor.py:208} INFO - Processing /home/airflow/.local/lib/python3.12/site-packages/airflow/example_dags/example_dataset_alias_with_no_taskflow.py took 0.608 seconds
