[2026-03-22T00:00:41.616+0000] {processor.py:186} INFO - Started process (PID=24855) to work on /home/airflow/.local/lib/python3.12/site-packages/airflow/example_dags/example_params_ui_tutorial.py
[2026-03-22T00:00:41.631+0000] {processor.py:914} INFO - Processing file /home/airflow/.local/lib/python3.12/site-packages/airflow/example_dags/example_params_ui_tutorial.py for tasks to queue
[2026-03-22T00:00:41.648+0000] {logging_mixin.py:190} INFO - [2026-03-22T00:00:41.646+0000] {dagbag.py:588} INFO - Filling up the DagBag from /home/airflow/.local/lib/python3.12/site-packages/airflow/example_dags/example_params_ui_tutorial.py
[2026-03-22T00:00:41.767+0000] {processor.py:925} INFO - DAG(s) 'example_params_ui_tutorial' retrieved from /home/airflow/.local/lib/python3.12/site-packages/airflow/example_dags/example_params_ui_tutorial.py
[2026-03-22T00:00:44.021+0000] {logging_mixin.py:190} INFO - [2026-03-22T00:00:44.020+0000] {dag.py:3239} INFO - Sync 1 DAGs
[2026-03-22T00:00:44.153+0000] {logging_mixin.py:190} INFO - [2026-03-22T00:00:44.152+0000] {dag.py:4180} INFO - Setting next_dagrun for example_params_ui_tutorial to None, run_after=None
[2026-03-22T00:00:44.265+0000] {processor.py:208} INFO - Processing /home/airflow/.local/lib/python3.12/site-packages/airflow/example_dags/example_params_ui_tutorial.py took 2.693 seconds
[2026-03-22T00:01:26.042+0000] {processor.py:186} INFO - Started process (PID=24921) to work on /home/airflow/.local/lib/python3.12/site-packages/airflow/example_dags/example_params_ui_tutorial.py
[2026-03-22T00:01:26.055+0000] {processor.py:914} INFO - Processing file /home/airflow/.local/lib/python3.12/site-packages/airflow/example_dags/example_params_ui_tutorial.py for tasks to queue
[2026-03-22T00:01:26.161+0000] {logging_mixin.py:190} INFO - [2026-03-22T00:01:26.140+0000] {dagbag.py:588} INFO - Filling up the DagBag from /home/airflow/.local/lib/python3.12/site-packages/airflow/example_dags/example_params_ui_tutorial.py
[2026-03-22T00:01:26.454+0000] {processor.py:925} INFO - DAG(s) 'example_params_ui_tutorial' retrieved from /home/airflow/.local/lib/python3.12/site-packages/airflow/example_dags/example_params_ui_tutorial.py
[2026-03-22T00:01:30.079+0000] {logging_mixin.py:190} INFO - [2026-03-22T00:01:30.027+0000] {dag.py:3239} INFO - Sync 1 DAGs
[2026-03-22T00:01:30.519+0000] {logging_mixin.py:190} INFO - [2026-03-22T00:01:30.504+0000] {dag.py:4180} INFO - Setting next_dagrun for example_params_ui_tutorial to None, run_after=None
[2026-03-22T00:01:31.349+0000] {processor.py:208} INFO - Processing /home/airflow/.local/lib/python3.12/site-packages/airflow/example_dags/example_params_ui_tutorial.py took 5.350 seconds
[2026-03-22T00:04:49.378+0000] {processor.py:186} INFO - Started process (PID=25023) to work on /home/airflow/.local/lib/python3.12/site-packages/airflow/example_dags/example_params_ui_tutorial.py
[2026-03-22T00:04:49.398+0000] {processor.py:914} INFO - Processing file /home/airflow/.local/lib/python3.12/site-packages/airflow/example_dags/example_params_ui_tutorial.py for tasks to queue
[2026-03-22T00:04:49.410+0000] {logging_mixin.py:190} INFO - [2026-03-22T00:04:49.409+0000] {dagbag.py:588} INFO - Filling up the DagBag from /home/airflow/.local/lib/python3.12/site-packages/airflow/example_dags/example_params_ui_tutorial.py
[2026-03-22T00:04:49.526+0000] {processor.py:925} INFO - DAG(s) 'example_params_ui_tutorial' retrieved from /home/airflow/.local/lib/python3.12/site-packages/airflow/example_dags/example_params_ui_tutorial.py
[2026-03-22T00:04:50.083+0000] {logging_mixin.py:190} INFO - [2026-03-22T00:04:50.073+0000] {dag.py:3239} INFO - Sync 1 DAGs
[2026-03-22T00:04:50.284+0000] {logging_mixin.py:190} INFO - [2026-03-22T00:04:50.283+0000] {dag.py:4180} INFO - Setting next_dagrun for example_params_ui_tutorial to None, run_after=None
[2026-03-22T00:04:50.497+0000] {processor.py:208} INFO - Processing /home/airflow/.local/lib/python3.12/site-packages/airflow/example_dags/example_params_ui_tutorial.py took 1.176 seconds
[2026-03-22T00:05:20.934+0000] {processor.py:186} INFO - Started process (PID=25088) to work on /home/airflow/.local/lib/python3.12/site-packages/airflow/example_dags/example_params_ui_tutorial.py
[2026-03-22T00:05:20.938+0000] {processor.py:914} INFO - Processing file /home/airflow/.local/lib/python3.12/site-packages/airflow/example_dags/example_params_ui_tutorial.py for tasks to queue
[2026-03-22T00:05:20.945+0000] {logging_mixin.py:190} INFO - [2026-03-22T00:05:20.944+0000] {dagbag.py:588} INFO - Filling up the DagBag from /home/airflow/.local/lib/python3.12/site-packages/airflow/example_dags/example_params_ui_tutorial.py
[2026-03-22T00:05:20.988+0000] {processor.py:925} INFO - DAG(s) 'example_params_ui_tutorial' retrieved from /home/airflow/.local/lib/python3.12/site-packages/airflow/example_dags/example_params_ui_tutorial.py
[2026-03-22T00:05:21.181+0000] {logging_mixin.py:190} INFO - [2026-03-22T00:05:21.180+0000] {dag.py:3239} INFO - Sync 1 DAGs
[2026-03-22T00:05:21.245+0000] {logging_mixin.py:190} INFO - [2026-03-22T00:05:21.244+0000] {dag.py:4180} INFO - Setting next_dagrun for example_params_ui_tutorial to None, run_after=None
[2026-03-22T00:05:21.325+0000] {processor.py:208} INFO - Processing /home/airflow/.local/lib/python3.12/site-packages/airflow/example_dags/example_params_ui_tutorial.py took 0.415 seconds
[2026-03-22T00:05:52.143+0000] {processor.py:186} INFO - Started process (PID=25153) to work on /home/airflow/.local/lib/python3.12/site-packages/airflow/example_dags/example_params_ui_tutorial.py
[2026-03-22T00:05:52.145+0000] {processor.py:914} INFO - Processing file /home/airflow/.local/lib/python3.12/site-packages/airflow/example_dags/example_params_ui_tutorial.py for tasks to queue
[2026-03-22T00:05:52.147+0000] {logging_mixin.py:190} INFO - [2026-03-22T00:05:52.147+0000] {dagbag.py:588} INFO - Filling up the DagBag from /home/airflow/.local/lib/python3.12/site-packages/airflow/example_dags/example_params_ui_tutorial.py
[2026-03-22T00:05:52.160+0000] {processor.py:925} INFO - DAG(s) 'example_params_ui_tutorial' retrieved from /home/airflow/.local/lib/python3.12/site-packages/airflow/example_dags/example_params_ui_tutorial.py
[2026-03-22T00:05:52.214+0000] {logging_mixin.py:190} INFO - [2026-03-22T00:05:52.214+0000] {dag.py:3239} INFO - Sync 1 DAGs
[2026-03-22T00:05:52.233+0000] {logging_mixin.py:190} INFO - [2026-03-22T00:05:52.232+0000] {dag.py:4180} INFO - Setting next_dagrun for example_params_ui_tutorial to None, run_after=None
[2026-03-22T00:05:52.261+0000] {processor.py:208} INFO - Processing /home/airflow/.local/lib/python3.12/site-packages/airflow/example_dags/example_params_ui_tutorial.py took 0.125 seconds
[2026-03-22T00:06:22.760+0000] {processor.py:186} INFO - Started process (PID=25218) to work on /home/airflow/.local/lib/python3.12/site-packages/airflow/example_dags/example_params_ui_tutorial.py
[2026-03-22T00:06:22.761+0000] {processor.py:914} INFO - Processing file /home/airflow/.local/lib/python3.12/site-packages/airflow/example_dags/example_params_ui_tutorial.py for tasks to queue
[2026-03-22T00:06:22.763+0000] {logging_mixin.py:190} INFO - [2026-03-22T00:06:22.763+0000] {dagbag.py:588} INFO - Filling up the DagBag from /home/airflow/.local/lib/python3.12/site-packages/airflow/example_dags/example_params_ui_tutorial.py
[2026-03-22T00:06:22.774+0000] {processor.py:925} INFO - DAG(s) 'example_params_ui_tutorial' retrieved from /home/airflow/.local/lib/python3.12/site-packages/airflow/example_dags/example_params_ui_tutorial.py
[2026-03-22T00:06:22.818+0000] {logging_mixin.py:190} INFO - [2026-03-22T00:06:22.818+0000] {dag.py:3239} INFO - Sync 1 DAGs
[2026-03-22T00:06:22.834+0000] {logging_mixin.py:190} INFO - [2026-03-22T00:06:22.834+0000] {dag.py:4180} INFO - Setting next_dagrun for example_params_ui_tutorial to None, run_after=None
[2026-03-22T00:06:22.861+0000] {processor.py:208} INFO - Processing /home/airflow/.local/lib/python3.12/site-packages/airflow/example_dags/example_params_ui_tutorial.py took 0.108 seconds
[2026-03-22T00:06:55.204+0000] {processor.py:186} INFO - Started process (PID=25283) to work on /home/airflow/.local/lib/python3.12/site-packages/airflow/example_dags/example_params_ui_tutorial.py
[2026-03-22T00:06:55.207+0000] {processor.py:914} INFO - Processing file /home/airflow/.local/lib/python3.12/site-packages/airflow/example_dags/example_params_ui_tutorial.py for tasks to queue
[2026-03-22T00:06:55.212+0000] {logging_mixin.py:190} INFO - [2026-03-22T00:06:55.211+0000] {dagbag.py:588} INFO - Filling up the DagBag from /home/airflow/.local/lib/python3.12/site-packages/airflow/example_dags/example_params_ui_tutorial.py
[2026-03-22T00:06:55.245+0000] {processor.py:925} INFO - DAG(s) 'example_params_ui_tutorial' retrieved from /home/airflow/.local/lib/python3.12/site-packages/airflow/example_dags/example_params_ui_tutorial.py
[2026-03-22T00:06:55.398+0000] {logging_mixin.py:190} INFO - [2026-03-22T00:06:55.398+0000] {dag.py:3239} INFO - Sync 1 DAGs
[2026-03-22T00:06:55.446+0000] {logging_mixin.py:190} INFO - [2026-03-22T00:06:55.446+0000] {dag.py:4180} INFO - Setting next_dagrun for example_params_ui_tutorial to None, run_after=None
[2026-03-22T00:06:55.504+0000] {processor.py:208} INFO - Processing /home/airflow/.local/lib/python3.12/site-packages/airflow/example_dags/example_params_ui_tutorial.py took 0.321 seconds
[2026-03-22T00:07:31.724+0000] {processor.py:186} INFO - Started process (PID=25343) to work on /home/airflow/.local/lib/python3.12/site-packages/airflow/example_dags/example_params_ui_tutorial.py
[2026-03-22T00:07:31.728+0000] {processor.py:914} INFO - Processing file /home/airflow/.local/lib/python3.12/site-packages/airflow/example_dags/example_params_ui_tutorial.py for tasks to queue
[2026-03-22T00:07:31.734+0000] {logging_mixin.py:190} INFO - [2026-03-22T00:07:31.732+0000] {dagbag.py:588} INFO - Filling up the DagBag from /home/airflow/.local/lib/python3.12/site-packages/airflow/example_dags/example_params_ui_tutorial.py
[2026-03-22T00:07:31.778+0000] {processor.py:925} INFO - DAG(s) 'example_params_ui_tutorial' retrieved from /home/airflow/.local/lib/python3.12/site-packages/airflow/example_dags/example_params_ui_tutorial.py
[2026-03-22T00:07:32.119+0000] {logging_mixin.py:190} INFO - [2026-03-22T00:07:32.113+0000] {dag.py:3239} INFO - Sync 1 DAGs
[2026-03-22T00:07:32.236+0000] {logging_mixin.py:190} INFO - [2026-03-22T00:07:32.235+0000] {dag.py:4180} INFO - Setting next_dagrun for example_params_ui_tutorial to None, run_after=None
[2026-03-22T00:07:32.379+0000] {processor.py:208} INFO - Processing /home/airflow/.local/lib/python3.12/site-packages/airflow/example_dags/example_params_ui_tutorial.py took 0.683 seconds
[2026-03-22T00:08:03.362+0000] {processor.py:186} INFO - Started process (PID=25408) to work on /home/airflow/.local/lib/python3.12/site-packages/airflow/example_dags/example_params_ui_tutorial.py
[2026-03-22T00:08:03.377+0000] {processor.py:914} INFO - Processing file /home/airflow/.local/lib/python3.12/site-packages/airflow/example_dags/example_params_ui_tutorial.py for tasks to queue
[2026-03-22T00:08:03.391+0000] {logging_mixin.py:190} INFO - [2026-03-22T00:08:03.381+0000] {dagbag.py:588} INFO - Filling up the DagBag from /home/airflow/.local/lib/python3.12/site-packages/airflow/example_dags/example_params_ui_tutorial.py
[2026-03-22T00:08:03.494+0000] {processor.py:925} INFO - DAG(s) 'example_params_ui_tutorial' retrieved from /home/airflow/.local/lib/python3.12/site-packages/airflow/example_dags/example_params_ui_tutorial.py
[2026-03-22T00:08:04.066+0000] {logging_mixin.py:190} INFO - [2026-03-22T00:08:04.065+0000] {dag.py:3239} INFO - Sync 1 DAGs
[2026-03-22T00:08:04.241+0000] {logging_mixin.py:190} INFO - [2026-03-22T00:08:04.241+0000] {dag.py:4180} INFO - Setting next_dagrun for example_params_ui_tutorial to None, run_after=None
[2026-03-22T00:08:04.437+0000] {processor.py:208} INFO - Processing /home/airflow/.local/lib/python3.12/site-packages/airflow/example_dags/example_params_ui_tutorial.py took 1.145 seconds
[2026-03-22T00:08:35.273+0000] {processor.py:186} INFO - Started process (PID=25479) to work on /home/airflow/.local/lib/python3.12/site-packages/airflow/example_dags/example_params_ui_tutorial.py
[2026-03-22T00:08:35.276+0000] {processor.py:914} INFO - Processing file /home/airflow/.local/lib/python3.12/site-packages/airflow/example_dags/example_params_ui_tutorial.py for tasks to queue
[2026-03-22T00:08:35.280+0000] {logging_mixin.py:190} INFO - [2026-03-22T00:08:35.279+0000] {dagbag.py:588} INFO - Filling up the DagBag from /home/airflow/.local/lib/python3.12/site-packages/airflow/example_dags/example_params_ui_tutorial.py
[2026-03-22T00:08:35.307+0000] {processor.py:925} INFO - DAG(s) 'example_params_ui_tutorial' retrieved from /home/airflow/.local/lib/python3.12/site-packages/airflow/example_dags/example_params_ui_tutorial.py
[2026-03-22T00:08:35.433+0000] {logging_mixin.py:190} INFO - [2026-03-22T00:08:35.432+0000] {dag.py:3239} INFO - Sync 1 DAGs
[2026-03-22T00:08:35.475+0000] {logging_mixin.py:190} INFO - [2026-03-22T00:08:35.474+0000] {dag.py:4180} INFO - Setting next_dagrun for example_params_ui_tutorial to None, run_after=None
[2026-03-22T00:08:35.530+0000] {processor.py:208} INFO - Processing /home/airflow/.local/lib/python3.12/site-packages/airflow/example_dags/example_params_ui_tutorial.py took 0.274 seconds
[2026-03-22T00:09:06.266+0000] {processor.py:186} INFO - Started process (PID=25544) to work on /home/airflow/.local/lib/python3.12/site-packages/airflow/example_dags/example_params_ui_tutorial.py
[2026-03-22T00:09:06.268+0000] {processor.py:914} INFO - Processing file /home/airflow/.local/lib/python3.12/site-packages/airflow/example_dags/example_params_ui_tutorial.py for tasks to queue
[2026-03-22T00:09:06.270+0000] {logging_mixin.py:190} INFO - [2026-03-22T00:09:06.269+0000] {dagbag.py:588} INFO - Filling up the DagBag from /home/airflow/.local/lib/python3.12/site-packages/airflow/example_dags/example_params_ui_tutorial.py
[2026-03-22T00:09:06.287+0000] {processor.py:925} INFO - DAG(s) 'example_params_ui_tutorial' retrieved from /home/airflow/.local/lib/python3.12/site-packages/airflow/example_dags/example_params_ui_tutorial.py
[2026-03-22T00:09:06.350+0000] {logging_mixin.py:190} INFO - [2026-03-22T00:09:06.349+0000] {dag.py:3239} INFO - Sync 1 DAGs
[2026-03-22T00:09:06.373+0000] {logging_mixin.py:190} INFO - [2026-03-22T00:09:06.372+0000] {dag.py:4180} INFO - Setting next_dagrun for example_params_ui_tutorial to None, run_after=None
[2026-03-22T00:09:06.405+0000] {processor.py:208} INFO - Processing /home/airflow/.local/lib/python3.12/site-packages/airflow/example_dags/example_params_ui_tutorial.py took 0.148 seconds
[2026-03-22T00:09:36.678+0000] {processor.py:186} INFO - Started process (PID=25609) to work on /home/airflow/.local/lib/python3.12/site-packages/airflow/example_dags/example_params_ui_tutorial.py
[2026-03-22T00:09:36.679+0000] {processor.py:914} INFO - Processing file /home/airflow/.local/lib/python3.12/site-packages/airflow/example_dags/example_params_ui_tutorial.py for tasks to queue
[2026-03-22T00:09:36.681+0000] {logging_mixin.py:190} INFO - [2026-03-22T00:09:36.680+0000] {dagbag.py:588} INFO - Filling up the DagBag from /home/airflow/.local/lib/python3.12/site-packages/airflow/example_dags/example_params_ui_tutorial.py
[2026-03-22T00:09:36.691+0000] {processor.py:925} INFO - DAG(s) 'example_params_ui_tutorial' retrieved from /home/airflow/.local/lib/python3.12/site-packages/airflow/example_dags/example_params_ui_tutorial.py
[2026-03-22T00:09:36.734+0000] {logging_mixin.py:190} INFO - [2026-03-22T00:09:36.734+0000] {dag.py:3239} INFO - Sync 1 DAGs
[2026-03-22T00:09:36.750+0000] {logging_mixin.py:190} INFO - [2026-03-22T00:09:36.750+0000] {dag.py:4180} INFO - Setting next_dagrun for example_params_ui_tutorial to None, run_after=None
[2026-03-22T00:09:36.771+0000] {processor.py:208} INFO - Processing /home/airflow/.local/lib/python3.12/site-packages/airflow/example_dags/example_params_ui_tutorial.py took 0.103 seconds
[2026-03-22T00:10:07.252+0000] {processor.py:186} INFO - Started process (PID=25674) to work on /home/airflow/.local/lib/python3.12/site-packages/airflow/example_dags/example_params_ui_tutorial.py
[2026-03-22T00:10:07.254+0000] {processor.py:914} INFO - Processing file /home/airflow/.local/lib/python3.12/site-packages/airflow/example_dags/example_params_ui_tutorial.py for tasks to queue
[2026-03-22T00:10:07.256+0000] {logging_mixin.py:190} INFO - [2026-03-22T00:10:07.256+0000] {dagbag.py:588} INFO - Filling up the DagBag from /home/airflow/.local/lib/python3.12/site-packages/airflow/example_dags/example_params_ui_tutorial.py
[2026-03-22T00:10:07.268+0000] {processor.py:925} INFO - DAG(s) 'example_params_ui_tutorial' retrieved from /home/airflow/.local/lib/python3.12/site-packages/airflow/example_dags/example_params_ui_tutorial.py
[2026-03-22T00:10:07.303+0000] {logging_mixin.py:190} INFO - [2026-03-22T00:10:07.303+0000] {dag.py:3239} INFO - Sync 1 DAGs
[2026-03-22T00:10:07.316+0000] {logging_mixin.py:190} INFO - [2026-03-22T00:10:07.316+0000] {dag.py:4180} INFO - Setting next_dagrun for example_params_ui_tutorial to None, run_after=None
[2026-03-22T00:10:07.334+0000] {processor.py:208} INFO - Processing /home/airflow/.local/lib/python3.12/site-packages/airflow/example_dags/example_params_ui_tutorial.py took 0.090 seconds
[2026-03-22T00:10:38.224+0000] {processor.py:186} INFO - Started process (PID=25739) to work on /home/airflow/.local/lib/python3.12/site-packages/airflow/example_dags/example_params_ui_tutorial.py
[2026-03-22T00:10:38.227+0000] {processor.py:914} INFO - Processing file /home/airflow/.local/lib/python3.12/site-packages/airflow/example_dags/example_params_ui_tutorial.py for tasks to queue
[2026-03-22T00:10:38.230+0000] {logging_mixin.py:190} INFO - [2026-03-22T00:10:38.230+0000] {dagbag.py:588} INFO - Filling up the DagBag from /home/airflow/.local/lib/python3.12/site-packages/airflow/example_dags/example_params_ui_tutorial.py
[2026-03-22T00:10:38.247+0000] {processor.py:925} INFO - DAG(s) 'example_params_ui_tutorial' retrieved from /home/airflow/.local/lib/python3.12/site-packages/airflow/example_dags/example_params_ui_tutorial.py
[2026-03-22T00:10:38.314+0000] {logging_mixin.py:190} INFO - [2026-03-22T00:10:38.314+0000] {dag.py:3239} INFO - Sync 1 DAGs
[2026-03-22T00:10:38.336+0000] {logging_mixin.py:190} INFO - [2026-03-22T00:10:38.335+0000] {dag.py:4180} INFO - Setting next_dagrun for example_params_ui_tutorial to None, run_after=None
[2026-03-22T00:10:38.365+0000] {processor.py:208} INFO - Processing /home/airflow/.local/lib/python3.12/site-packages/airflow/example_dags/example_params_ui_tutorial.py took 0.152 seconds
[2026-03-22T00:11:08.585+0000] {processor.py:186} INFO - Started process (PID=25804) to work on /home/airflow/.local/lib/python3.12/site-packages/airflow/example_dags/example_params_ui_tutorial.py
[2026-03-22T00:11:08.587+0000] {processor.py:914} INFO - Processing file /home/airflow/.local/lib/python3.12/site-packages/airflow/example_dags/example_params_ui_tutorial.py for tasks to queue
[2026-03-22T00:11:08.590+0000] {logging_mixin.py:190} INFO - [2026-03-22T00:11:08.589+0000] {dagbag.py:588} INFO - Filling up the DagBag from /home/airflow/.local/lib/python3.12/site-packages/airflow/example_dags/example_params_ui_tutorial.py
[2026-03-22T00:11:08.603+0000] {processor.py:925} INFO - DAG(s) 'example_params_ui_tutorial' retrieved from /home/airflow/.local/lib/python3.12/site-packages/airflow/example_dags/example_params_ui_tutorial.py
[2026-03-22T00:11:08.687+0000] {logging_mixin.py:190} INFO - [2026-03-22T00:11:08.686+0000] {dag.py:3239} INFO - Sync 1 DAGs
[2026-03-22T00:11:08.711+0000] {logging_mixin.py:190} INFO - [2026-03-22T00:11:08.711+0000] {dag.py:4180} INFO - Setting next_dagrun for example_params_ui_tutorial to None, run_after=None
[2026-03-22T00:11:08.751+0000] {processor.py:208} INFO - Processing /home/airflow/.local/lib/python3.12/site-packages/airflow/example_dags/example_params_ui_tutorial.py took 0.174 seconds
[2026-03-22T00:11:38.830+0000] {processor.py:186} INFO - Started process (PID=25869) to work on /home/airflow/.local/lib/python3.12/site-packages/airflow/example_dags/example_params_ui_tutorial.py
[2026-03-22T00:11:38.832+0000] {processor.py:914} INFO - Processing file /home/airflow/.local/lib/python3.12/site-packages/airflow/example_dags/example_params_ui_tutorial.py for tasks to queue
[2026-03-22T00:11:38.834+0000] {logging_mixin.py:190} INFO - [2026-03-22T00:11:38.833+0000] {dagbag.py:588} INFO - Filling up the DagBag from /home/airflow/.local/lib/python3.12/site-packages/airflow/example_dags/example_params_ui_tutorial.py
[2026-03-22T00:11:38.844+0000] {processor.py:925} INFO - DAG(s) 'example_params_ui_tutorial' retrieved from /home/airflow/.local/lib/python3.12/site-packages/airflow/example_dags/example_params_ui_tutorial.py
[2026-03-22T00:11:38.896+0000] {logging_mixin.py:190} INFO - [2026-03-22T00:11:38.896+0000] {dag.py:3239} INFO - Sync 1 DAGs
[2026-03-22T00:11:38.912+0000] {logging_mixin.py:190} INFO - [2026-03-22T00:11:38.912+0000] {dag.py:4180} INFO - Setting next_dagrun for example_params_ui_tutorial to None, run_after=None
[2026-03-22T00:11:38.936+0000] {processor.py:208} INFO - Processing /home/airflow/.local/lib/python3.12/site-packages/airflow/example_dags/example_params_ui_tutorial.py took 0.112 seconds
[2026-03-22T00:12:09.582+0000] {processor.py:186} INFO - Started process (PID=25934) to work on /home/airflow/.local/lib/python3.12/site-packages/airflow/example_dags/example_params_ui_tutorial.py
[2026-03-22T00:12:09.584+0000] {processor.py:914} INFO - Processing file /home/airflow/.local/lib/python3.12/site-packages/airflow/example_dags/example_params_ui_tutorial.py for tasks to queue
[2026-03-22T00:12:09.586+0000] {logging_mixin.py:190} INFO - [2026-03-22T00:12:09.586+0000] {dagbag.py:588} INFO - Filling up the DagBag from /home/airflow/.local/lib/python3.12/site-packages/airflow/example_dags/example_params_ui_tutorial.py
[2026-03-22T00:12:09.599+0000] {processor.py:925} INFO - DAG(s) 'example_params_ui_tutorial' retrieved from /home/airflow/.local/lib/python3.12/site-packages/airflow/example_dags/example_params_ui_tutorial.py
[2026-03-22T00:12:09.650+0000] {logging_mixin.py:190} INFO - [2026-03-22T00:12:09.649+0000] {dag.py:3239} INFO - Sync 1 DAGs
[2026-03-22T00:12:09.667+0000] {logging_mixin.py:190} INFO - [2026-03-22T00:12:09.667+0000] {dag.py:4180} INFO - Setting next_dagrun for example_params_ui_tutorial to None, run_after=None
[2026-03-22T00:12:09.696+0000] {processor.py:208} INFO - Processing /home/airflow/.local/lib/python3.12/site-packages/airflow/example_dags/example_params_ui_tutorial.py took 0.120 seconds
[2026-03-22T00:12:40.509+0000] {processor.py:186} INFO - Started process (PID=25998) to work on /home/airflow/.local/lib/python3.12/site-packages/airflow/example_dags/example_params_ui_tutorial.py
[2026-03-22T00:12:40.510+0000] {processor.py:914} INFO - Processing file /home/airflow/.local/lib/python3.12/site-packages/airflow/example_dags/example_params_ui_tutorial.py for tasks to queue
[2026-03-22T00:12:40.512+0000] {logging_mixin.py:190} INFO - [2026-03-22T00:12:40.512+0000] {dagbag.py:588} INFO - Filling up the DagBag from /home/airflow/.local/lib/python3.12/site-packages/airflow/example_dags/example_params_ui_tutorial.py
[2026-03-22T00:12:40.524+0000] {processor.py:925} INFO - DAG(s) 'example_params_ui_tutorial' retrieved from /home/airflow/.local/lib/python3.12/site-packages/airflow/example_dags/example_params_ui_tutorial.py
[2026-03-22T00:12:40.577+0000] {logging_mixin.py:190} INFO - [2026-03-22T00:12:40.577+0000] {dag.py:3239} INFO - Sync 1 DAGs
[2026-03-22T00:12:40.596+0000] {logging_mixin.py:190} INFO - [2026-03-22T00:12:40.596+0000] {dag.py:4180} INFO - Setting next_dagrun for example_params_ui_tutorial to None, run_after=None
[2026-03-22T00:12:40.624+0000] {processor.py:208} INFO - Processing /home/airflow/.local/lib/python3.12/site-packages/airflow/example_dags/example_params_ui_tutorial.py took 0.124 seconds
[2026-03-22T00:13:11.009+0000] {processor.py:186} INFO - Started process (PID=26063) to work on /home/airflow/.local/lib/python3.12/site-packages/airflow/example_dags/example_params_ui_tutorial.py
[2026-03-22T00:13:11.010+0000] {processor.py:914} INFO - Processing file /home/airflow/.local/lib/python3.12/site-packages/airflow/example_dags/example_params_ui_tutorial.py for tasks to queue
[2026-03-22T00:13:11.012+0000] {logging_mixin.py:190} INFO - [2026-03-22T00:13:11.011+0000] {dagbag.py:588} INFO - Filling up the DagBag from /home/airflow/.local/lib/python3.12/site-packages/airflow/example_dags/example_params_ui_tutorial.py
[2026-03-22T00:13:11.021+0000] {processor.py:925} INFO - DAG(s) 'example_params_ui_tutorial' retrieved from /home/airflow/.local/lib/python3.12/site-packages/airflow/example_dags/example_params_ui_tutorial.py
[2026-03-22T00:13:11.067+0000] {logging_mixin.py:190} INFO - [2026-03-22T00:13:11.067+0000] {dag.py:3239} INFO - Sync 1 DAGs
[2026-03-22T00:13:11.082+0000] {logging_mixin.py:190} INFO - [2026-03-22T00:13:11.081+0000] {dag.py:4180} INFO - Setting next_dagrun for example_params_ui_tutorial to None, run_after=None
[2026-03-22T00:13:11.103+0000] {processor.py:208} INFO - Processing /home/airflow/.local/lib/python3.12/site-packages/airflow/example_dags/example_params_ui_tutorial.py took 0.100 seconds
[2026-03-22T00:13:41.591+0000] {processor.py:186} INFO - Started process (PID=26128) to work on /home/airflow/.local/lib/python3.12/site-packages/airflow/example_dags/example_params_ui_tutorial.py
[2026-03-22T00:13:41.593+0000] {processor.py:914} INFO - Processing file /home/airflow/.local/lib/python3.12/site-packages/airflow/example_dags/example_params_ui_tutorial.py for tasks to queue
[2026-03-22T00:13:41.594+0000] {logging_mixin.py:190} INFO - [2026-03-22T00:13:41.594+0000] {dagbag.py:588} INFO - Filling up the DagBag from /home/airflow/.local/lib/python3.12/site-packages/airflow/example_dags/example_params_ui_tutorial.py
[2026-03-22T00:13:41.603+0000] {processor.py:925} INFO - DAG(s) 'example_params_ui_tutorial' retrieved from /home/airflow/.local/lib/python3.12/site-packages/airflow/example_dags/example_params_ui_tutorial.py
[2026-03-22T00:13:41.640+0000] {logging_mixin.py:190} INFO - [2026-03-22T00:13:41.640+0000] {dag.py:3239} INFO - Sync 1 DAGs
[2026-03-22T00:13:41.653+0000] {logging_mixin.py:190} INFO - [2026-03-22T00:13:41.653+0000] {dag.py:4180} INFO - Setting next_dagrun for example_params_ui_tutorial to None, run_after=None
[2026-03-22T00:13:41.673+0000] {processor.py:208} INFO - Processing /home/airflow/.local/lib/python3.12/site-packages/airflow/example_dags/example_params_ui_tutorial.py took 0.087 seconds
[2026-03-22T00:14:11.824+0000] {processor.py:186} INFO - Started process (PID=26193) to work on /home/airflow/.local/lib/python3.12/site-packages/airflow/example_dags/example_params_ui_tutorial.py
[2026-03-22T00:14:11.825+0000] {processor.py:914} INFO - Processing file /home/airflow/.local/lib/python3.12/site-packages/airflow/example_dags/example_params_ui_tutorial.py for tasks to queue
[2026-03-22T00:14:11.827+0000] {logging_mixin.py:190} INFO - [2026-03-22T00:14:11.826+0000] {dagbag.py:588} INFO - Filling up the DagBag from /home/airflow/.local/lib/python3.12/site-packages/airflow/example_dags/example_params_ui_tutorial.py
[2026-03-22T00:14:11.836+0000] {processor.py:925} INFO - DAG(s) 'example_params_ui_tutorial' retrieved from /home/airflow/.local/lib/python3.12/site-packages/airflow/example_dags/example_params_ui_tutorial.py
[2026-03-22T00:14:11.885+0000] {logging_mixin.py:190} INFO - [2026-03-22T00:14:11.885+0000] {dag.py:3239} INFO - Sync 1 DAGs
[2026-03-22T00:14:11.901+0000] {logging_mixin.py:190} INFO - [2026-03-22T00:14:11.900+0000] {dag.py:4180} INFO - Setting next_dagrun for example_params_ui_tutorial to None, run_after=None
[2026-03-22T00:14:11.924+0000] {processor.py:208} INFO - Processing /home/airflow/.local/lib/python3.12/site-packages/airflow/example_dags/example_params_ui_tutorial.py took 0.107 seconds
[2026-03-22T00:14:42.640+0000] {processor.py:186} INFO - Started process (PID=26258) to work on /home/airflow/.local/lib/python3.12/site-packages/airflow/example_dags/example_params_ui_tutorial.py
[2026-03-22T00:14:42.643+0000] {processor.py:914} INFO - Processing file /home/airflow/.local/lib/python3.12/site-packages/airflow/example_dags/example_params_ui_tutorial.py for tasks to queue
[2026-03-22T00:14:42.647+0000] {logging_mixin.py:190} INFO - [2026-03-22T00:14:42.646+0000] {dagbag.py:588} INFO - Filling up the DagBag from /home/airflow/.local/lib/python3.12/site-packages/airflow/example_dags/example_params_ui_tutorial.py
[2026-03-22T00:14:42.668+0000] {processor.py:925} INFO - DAG(s) 'example_params_ui_tutorial' retrieved from /home/airflow/.local/lib/python3.12/site-packages/airflow/example_dags/example_params_ui_tutorial.py
[2026-03-22T00:14:42.760+0000] {logging_mixin.py:190} INFO - [2026-03-22T00:14:42.760+0000] {dag.py:3239} INFO - Sync 1 DAGs
[2026-03-22T00:14:42.790+0000] {logging_mixin.py:190} INFO - [2026-03-22T00:14:42.789+0000] {dag.py:4180} INFO - Setting next_dagrun for example_params_ui_tutorial to None, run_after=None
[2026-03-22T00:14:42.831+0000] {processor.py:208} INFO - Processing /home/airflow/.local/lib/python3.12/site-packages/airflow/example_dags/example_params_ui_tutorial.py took 0.204 seconds
[2026-03-22T00:15:12.913+0000] {processor.py:186} INFO - Started process (PID=26321) to work on /home/airflow/.local/lib/python3.12/site-packages/airflow/example_dags/example_params_ui_tutorial.py
[2026-03-22T00:15:12.914+0000] {processor.py:914} INFO - Processing file /home/airflow/.local/lib/python3.12/site-packages/airflow/example_dags/example_params_ui_tutorial.py for tasks to queue
[2026-03-22T00:15:12.916+0000] {logging_mixin.py:190} INFO - [2026-03-22T00:15:12.916+0000] {dagbag.py:588} INFO - Filling up the DagBag from /home/airflow/.local/lib/python3.12/site-packages/airflow/example_dags/example_params_ui_tutorial.py
[2026-03-22T00:15:12.929+0000] {processor.py:925} INFO - DAG(s) 'example_params_ui_tutorial' retrieved from /home/airflow/.local/lib/python3.12/site-packages/airflow/example_dags/example_params_ui_tutorial.py
[2026-03-22T00:15:12.985+0000] {logging_mixin.py:190} INFO - [2026-03-22T00:15:12.984+0000] {dag.py:3239} INFO - Sync 1 DAGs
[2026-03-22T00:15:13.004+0000] {logging_mixin.py:190} INFO - [2026-03-22T00:15:13.004+0000] {dag.py:4180} INFO - Setting next_dagrun for example_params_ui_tutorial to None, run_after=None
[2026-03-22T00:15:13.034+0000] {processor.py:208} INFO - Processing /home/airflow/.local/lib/python3.12/site-packages/airflow/example_dags/example_params_ui_tutorial.py took 0.129 seconds
[2026-03-22T02:12:53.029+0000] {processor.py:186} INFO - Started process (PID=26392) to work on /home/airflow/.local/lib/python3.12/site-packages/airflow/example_dags/example_params_ui_tutorial.py
[2026-03-22T02:12:53.031+0000] {processor.py:914} INFO - Processing file /home/airflow/.local/lib/python3.12/site-packages/airflow/example_dags/example_params_ui_tutorial.py for tasks to queue
[2026-03-22T02:12:53.032+0000] {logging_mixin.py:190} INFO - [2026-03-22T02:12:53.032+0000] {dagbag.py:588} INFO - Filling up the DagBag from /home/airflow/.local/lib/python3.12/site-packages/airflow/example_dags/example_params_ui_tutorial.py
[2026-03-22T02:12:53.042+0000] {processor.py:925} INFO - DAG(s) 'example_params_ui_tutorial' retrieved from /home/airflow/.local/lib/python3.12/site-packages/airflow/example_dags/example_params_ui_tutorial.py
[2026-03-22T02:12:53.080+0000] {logging_mixin.py:190} INFO - [2026-03-22T02:12:53.080+0000] {dag.py:3239} INFO - Sync 1 DAGs
[2026-03-22T02:12:53.095+0000] {logging_mixin.py:190} INFO - [2026-03-22T02:12:53.095+0000] {dag.py:4180} INFO - Setting next_dagrun for example_params_ui_tutorial to None, run_after=None
[2026-03-22T02:12:53.114+0000] {processor.py:208} INFO - Processing /home/airflow/.local/lib/python3.12/site-packages/airflow/example_dags/example_params_ui_tutorial.py took 0.091 seconds
[2026-03-22T02:13:23.510+0000] {processor.py:186} INFO - Started process (PID=26457) to work on /home/airflow/.local/lib/python3.12/site-packages/airflow/example_dags/example_params_ui_tutorial.py
[2026-03-22T02:13:23.511+0000] {processor.py:914} INFO - Processing file /home/airflow/.local/lib/python3.12/site-packages/airflow/example_dags/example_params_ui_tutorial.py for tasks to queue
[2026-03-22T02:13:23.513+0000] {logging_mixin.py:190} INFO - [2026-03-22T02:13:23.512+0000] {dagbag.py:588} INFO - Filling up the DagBag from /home/airflow/.local/lib/python3.12/site-packages/airflow/example_dags/example_params_ui_tutorial.py
[2026-03-22T02:13:23.522+0000] {processor.py:925} INFO - DAG(s) 'example_params_ui_tutorial' retrieved from /home/airflow/.local/lib/python3.12/site-packages/airflow/example_dags/example_params_ui_tutorial.py
[2026-03-22T02:13:23.559+0000] {logging_mixin.py:190} INFO - [2026-03-22T02:13:23.558+0000] {dag.py:3239} INFO - Sync 1 DAGs
[2026-03-22T02:13:23.572+0000] {logging_mixin.py:190} INFO - [2026-03-22T02:13:23.571+0000] {dag.py:4180} INFO - Setting next_dagrun for example_params_ui_tutorial to None, run_after=None
[2026-03-22T02:13:23.588+0000] {processor.py:208} INFO - Processing /home/airflow/.local/lib/python3.12/site-packages/airflow/example_dags/example_params_ui_tutorial.py took 0.083 seconds
[2026-03-22T02:13:54.216+0000] {processor.py:186} INFO - Started process (PID=26522) to work on /home/airflow/.local/lib/python3.12/site-packages/airflow/example_dags/example_params_ui_tutorial.py
[2026-03-22T02:13:54.217+0000] {processor.py:914} INFO - Processing file /home/airflow/.local/lib/python3.12/site-packages/airflow/example_dags/example_params_ui_tutorial.py for tasks to queue
[2026-03-22T02:13:54.218+0000] {logging_mixin.py:190} INFO - [2026-03-22T02:13:54.218+0000] {dagbag.py:588} INFO - Filling up the DagBag from /home/airflow/.local/lib/python3.12/site-packages/airflow/example_dags/example_params_ui_tutorial.py
[2026-03-22T02:13:54.226+0000] {processor.py:925} INFO - DAG(s) 'example_params_ui_tutorial' retrieved from /home/airflow/.local/lib/python3.12/site-packages/airflow/example_dags/example_params_ui_tutorial.py
[2026-03-22T02:13:54.262+0000] {logging_mixin.py:190} INFO - [2026-03-22T02:13:54.262+0000] {dag.py:3239} INFO - Sync 1 DAGs
[2026-03-22T02:13:54.275+0000] {logging_mixin.py:190} INFO - [2026-03-22T02:13:54.275+0000] {dag.py:4180} INFO - Setting next_dagrun for example_params_ui_tutorial to None, run_after=None
[2026-03-22T02:13:54.295+0000] {processor.py:208} INFO - Processing /home/airflow/.local/lib/python3.12/site-packages/airflow/example_dags/example_params_ui_tutorial.py took 0.085 seconds
[2026-03-22T02:14:24.908+0000] {processor.py:186} INFO - Started process (PID=26587) to work on /home/airflow/.local/lib/python3.12/site-packages/airflow/example_dags/example_params_ui_tutorial.py
[2026-03-22T02:14:24.909+0000] {processor.py:914} INFO - Processing file /home/airflow/.local/lib/python3.12/site-packages/airflow/example_dags/example_params_ui_tutorial.py for tasks to queue
[2026-03-22T02:14:24.911+0000] {logging_mixin.py:190} INFO - [2026-03-22T02:14:24.911+0000] {dagbag.py:588} INFO - Filling up the DagBag from /home/airflow/.local/lib/python3.12/site-packages/airflow/example_dags/example_params_ui_tutorial.py
[2026-03-22T02:14:24.919+0000] {processor.py:925} INFO - DAG(s) 'example_params_ui_tutorial' retrieved from /home/airflow/.local/lib/python3.12/site-packages/airflow/example_dags/example_params_ui_tutorial.py
[2026-03-22T02:14:24.963+0000] {logging_mixin.py:190} INFO - [2026-03-22T02:14:24.963+0000] {dag.py:3239} INFO - Sync 1 DAGs
[2026-03-22T02:14:24.978+0000] {logging_mixin.py:190} INFO - [2026-03-22T02:14:24.977+0000] {dag.py:4180} INFO - Setting next_dagrun for example_params_ui_tutorial to None, run_after=None
[2026-03-22T02:14:24.997+0000] {processor.py:208} INFO - Processing /home/airflow/.local/lib/python3.12/site-packages/airflow/example_dags/example_params_ui_tutorial.py took 0.094 seconds
[2026-03-22T02:14:55.742+0000] {processor.py:186} INFO - Started process (PID=26652) to work on /home/airflow/.local/lib/python3.12/site-packages/airflow/example_dags/example_params_ui_tutorial.py
[2026-03-22T02:14:55.743+0000] {processor.py:914} INFO - Processing file /home/airflow/.local/lib/python3.12/site-packages/airflow/example_dags/example_params_ui_tutorial.py for tasks to queue
[2026-03-22T02:14:55.744+0000] {logging_mixin.py:190} INFO - [2026-03-22T02:14:55.744+0000] {dagbag.py:588} INFO - Filling up the DagBag from /home/airflow/.local/lib/python3.12/site-packages/airflow/example_dags/example_params_ui_tutorial.py
[2026-03-22T02:14:55.753+0000] {processor.py:925} INFO - DAG(s) 'example_params_ui_tutorial' retrieved from /home/airflow/.local/lib/python3.12/site-packages/airflow/example_dags/example_params_ui_tutorial.py
[2026-03-22T02:14:55.790+0000] {logging_mixin.py:190} INFO - [2026-03-22T02:14:55.789+0000] {dag.py:3239} INFO - Sync 1 DAGs
[2026-03-22T02:14:55.802+0000] {logging_mixin.py:190} INFO - [2026-03-22T02:14:55.802+0000] {dag.py:4180} INFO - Setting next_dagrun for example_params_ui_tutorial to None, run_after=None
[2026-03-22T02:14:55.820+0000] {processor.py:208} INFO - Processing /home/airflow/.local/lib/python3.12/site-packages/airflow/example_dags/example_params_ui_tutorial.py took 0.083 seconds
[2026-03-22T02:15:26.244+0000] {processor.py:186} INFO - Started process (PID=26717) to work on /home/airflow/.local/lib/python3.12/site-packages/airflow/example_dags/example_params_ui_tutorial.py
[2026-03-22T02:15:26.245+0000] {processor.py:914} INFO - Processing file /home/airflow/.local/lib/python3.12/site-packages/airflow/example_dags/example_params_ui_tutorial.py for tasks to queue
[2026-03-22T02:15:26.246+0000] {logging_mixin.py:190} INFO - [2026-03-22T02:15:26.246+0000] {dagbag.py:588} INFO - Filling up the DagBag from /home/airflow/.local/lib/python3.12/site-packages/airflow/example_dags/example_params_ui_tutorial.py
[2026-03-22T02:15:26.255+0000] {processor.py:925} INFO - DAG(s) 'example_params_ui_tutorial' retrieved from /home/airflow/.local/lib/python3.12/site-packages/airflow/example_dags/example_params_ui_tutorial.py
[2026-03-22T02:15:26.289+0000] {logging_mixin.py:190} INFO - [2026-03-22T02:15:26.289+0000] {dag.py:3239} INFO - Sync 1 DAGs
[2026-03-22T02:15:26.300+0000] {logging_mixin.py:190} INFO - [2026-03-22T02:15:26.300+0000] {dag.py:4180} INFO - Setting next_dagrun for example_params_ui_tutorial to None, run_after=None
[2026-03-22T02:15:26.318+0000] {processor.py:208} INFO - Processing /home/airflow/.local/lib/python3.12/site-packages/airflow/example_dags/example_params_ui_tutorial.py took 0.080 seconds
[2026-03-22T02:15:56.511+0000] {processor.py:186} INFO - Started process (PID=26782) to work on /home/airflow/.local/lib/python3.12/site-packages/airflow/example_dags/example_params_ui_tutorial.py
[2026-03-22T02:15:56.512+0000] {processor.py:914} INFO - Processing file /home/airflow/.local/lib/python3.12/site-packages/airflow/example_dags/example_params_ui_tutorial.py for tasks to queue
[2026-03-22T02:15:56.514+0000] {logging_mixin.py:190} INFO - [2026-03-22T02:15:56.514+0000] {dagbag.py:588} INFO - Filling up the DagBag from /home/airflow/.local/lib/python3.12/site-packages/airflow/example_dags/example_params_ui_tutorial.py
[2026-03-22T02:15:56.522+0000] {processor.py:925} INFO - DAG(s) 'example_params_ui_tutorial' retrieved from /home/airflow/.local/lib/python3.12/site-packages/airflow/example_dags/example_params_ui_tutorial.py
[2026-03-22T02:15:56.558+0000] {logging_mixin.py:190} INFO - [2026-03-22T02:15:56.558+0000] {dag.py:3239} INFO - Sync 1 DAGs
[2026-03-22T02:15:56.571+0000] {logging_mixin.py:190} INFO - [2026-03-22T02:15:56.571+0000] {dag.py:4180} INFO - Setting next_dagrun for example_params_ui_tutorial to None, run_after=None
[2026-03-22T02:15:56.589+0000] {processor.py:208} INFO - Processing /home/airflow/.local/lib/python3.12/site-packages/airflow/example_dags/example_params_ui_tutorial.py took 0.083 seconds
[2026-03-22T02:16:27.049+0000] {processor.py:186} INFO - Started process (PID=26847) to work on /home/airflow/.local/lib/python3.12/site-packages/airflow/example_dags/example_params_ui_tutorial.py
[2026-03-22T02:16:27.050+0000] {processor.py:914} INFO - Processing file /home/airflow/.local/lib/python3.12/site-packages/airflow/example_dags/example_params_ui_tutorial.py for tasks to queue
[2026-03-22T02:16:27.051+0000] {logging_mixin.py:190} INFO - [2026-03-22T02:16:27.051+0000] {dagbag.py:588} INFO - Filling up the DagBag from /home/airflow/.local/lib/python3.12/site-packages/airflow/example_dags/example_params_ui_tutorial.py
[2026-03-22T02:16:27.061+0000] {processor.py:925} INFO - DAG(s) 'example_params_ui_tutorial' retrieved from /home/airflow/.local/lib/python3.12/site-packages/airflow/example_dags/example_params_ui_tutorial.py
[2026-03-22T02:16:27.103+0000] {logging_mixin.py:190} INFO - [2026-03-22T02:16:27.103+0000] {dag.py:3239} INFO - Sync 1 DAGs
[2026-03-22T02:16:27.118+0000] {logging_mixin.py:190} INFO - [2026-03-22T02:16:27.117+0000] {dag.py:4180} INFO - Setting next_dagrun for example_params_ui_tutorial to None, run_after=None
[2026-03-22T02:16:27.134+0000] {processor.py:208} INFO - Processing /home/airflow/.local/lib/python3.12/site-packages/airflow/example_dags/example_params_ui_tutorial.py took 0.092 seconds
[2026-03-22T02:16:58.704+0000] {processor.py:186} INFO - Started process (PID=26912) to work on /home/airflow/.local/lib/python3.12/site-packages/airflow/example_dags/example_params_ui_tutorial.py
[2026-03-22T02:16:58.706+0000] {processor.py:914} INFO - Processing file /home/airflow/.local/lib/python3.12/site-packages/airflow/example_dags/example_params_ui_tutorial.py for tasks to queue
[2026-03-22T02:16:58.710+0000] {logging_mixin.py:190} INFO - [2026-03-22T02:16:58.709+0000] {dagbag.py:588} INFO - Filling up the DagBag from /home/airflow/.local/lib/python3.12/site-packages/airflow/example_dags/example_params_ui_tutorial.py
[2026-03-22T02:16:58.728+0000] {processor.py:925} INFO - DAG(s) 'example_params_ui_tutorial' retrieved from /home/airflow/.local/lib/python3.12/site-packages/airflow/example_dags/example_params_ui_tutorial.py
[2026-03-22T02:16:58.839+0000] {logging_mixin.py:190} INFO - [2026-03-22T02:16:58.839+0000] {dag.py:3239} INFO - Sync 1 DAGs
[2026-03-22T02:16:58.877+0000] {logging_mixin.py:190} INFO - [2026-03-22T02:16:58.877+0000] {dag.py:4180} INFO - Setting next_dagrun for example_params_ui_tutorial to None, run_after=None
[2026-03-22T02:16:58.919+0000] {processor.py:208} INFO - Processing /home/airflow/.local/lib/python3.12/site-packages/airflow/example_dags/example_params_ui_tutorial.py took 0.226 seconds
