[2026-03-22T00:00:34.779+0000] {processor.py:186} INFO - Started process (PID=24847) to work on /home/airflow/.local/lib/python3.12/site-packages/airflow/example_dags/example_skip_dag.py
[2026-03-22T00:00:34.812+0000] {processor.py:914} INFO - Processing file /home/airflow/.local/lib/python3.12/site-packages/airflow/example_dags/example_skip_dag.py for tasks to queue
[2026-03-22T00:00:34.828+0000] {logging_mixin.py:190} INFO - [2026-03-22T00:00:34.826+0000] {dagbag.py:588} INFO - Filling up the DagBag from /home/airflow/.local/lib/python3.12/site-packages/airflow/example_dags/example_skip_dag.py
[2026-03-22T00:00:35.021+0000] {processor.py:925} INFO - DAG(s) 'example_skip_dag' retrieved from /home/airflow/.local/lib/python3.12/site-packages/airflow/example_dags/example_skip_dag.py
[2026-03-22T00:00:35.402+0000] {logging_mixin.py:190} INFO - [2026-03-22T00:00:35.401+0000] {dag.py:3239} INFO - Sync 1 DAGs
[2026-03-22T00:00:35.830+0000] {logging_mixin.py:190} INFO - [2026-03-22T00:00:35.828+0000] {dag.py:4180} INFO - Setting next_dagrun for example_skip_dag to 2026-03-21 00:00:00+00:00, run_after=2026-03-22 00:00:00+00:00
[2026-03-22T00:00:36.109+0000] {processor.py:208} INFO - Processing /home/airflow/.local/lib/python3.12/site-packages/airflow/example_dags/example_skip_dag.py took 1.412 seconds
[2026-03-22T00:01:10.226+0000] {processor.py:186} INFO - Started process (PID=24912) to work on /home/airflow/.local/lib/python3.12/site-packages/airflow/example_dags/example_skip_dag.py
[2026-03-22T00:01:10.243+0000] {processor.py:914} INFO - Processing file /home/airflow/.local/lib/python3.12/site-packages/airflow/example_dags/example_skip_dag.py for tasks to queue
[2026-03-22T00:01:10.261+0000] {logging_mixin.py:190} INFO - [2026-03-22T00:01:10.260+0000] {dagbag.py:588} INFO - Filling up the DagBag from /home/airflow/.local/lib/python3.12/site-packages/airflow/example_dags/example_skip_dag.py
[2026-03-22T00:01:10.398+0000] {processor.py:925} INFO - DAG(s) 'example_skip_dag' retrieved from /home/airflow/.local/lib/python3.12/site-packages/airflow/example_dags/example_skip_dag.py
[2026-03-22T00:01:10.682+0000] {logging_mixin.py:190} INFO - [2026-03-22T00:01:10.681+0000] {dag.py:3239} INFO - Sync 1 DAGs
[2026-03-22T00:01:11.216+0000] {logging_mixin.py:190} INFO - [2026-03-22T00:01:11.214+0000] {dag.py:4180} INFO - Setting next_dagrun for example_skip_dag to 2026-03-21 00:00:00+00:00, run_after=2026-03-22 00:00:00+00:00
[2026-03-22T00:01:11.483+0000] {processor.py:208} INFO - Processing /home/airflow/.local/lib/python3.12/site-packages/airflow/example_dags/example_skip_dag.py took 1.338 seconds
[2026-03-22T00:02:18.581+0000] {processor.py:186} INFO - Started process (PID=24942) to work on /home/airflow/.local/lib/python3.12/site-packages/airflow/example_dags/example_skip_dag.py
[2026-03-22T00:02:18.595+0000] {processor.py:914} INFO - Processing file /home/airflow/.local/lib/python3.12/site-packages/airflow/example_dags/example_skip_dag.py for tasks to queue
[2026-03-22T00:02:18.617+0000] {logging_mixin.py:190} INFO - [2026-03-22T00:02:18.612+0000] {dagbag.py:588} INFO - Filling up the DagBag from /home/airflow/.local/lib/python3.12/site-packages/airflow/example_dags/example_skip_dag.py
[2026-03-22T00:02:18.752+0000] {processor.py:925} INFO - DAG(s) 'example_skip_dag' retrieved from /home/airflow/.local/lib/python3.12/site-packages/airflow/example_dags/example_skip_dag.py
[2026-03-22T00:02:18.891+0000] {logging_mixin.py:190} INFO - [2026-03-22T00:02:18.890+0000] {dag.py:3239} INFO - Sync 1 DAGs
[2026-03-22T00:02:19.206+0000] {logging_mixin.py:190} INFO - [2026-03-22T00:02:19.205+0000] {dag.py:4180} INFO - Setting next_dagrun for example_skip_dag to 2026-03-21 00:00:00+00:00, run_after=2026-03-22 00:00:00+00:00
[2026-03-22T00:02:20.067+0000] {processor.py:208} INFO - Processing /home/airflow/.local/lib/python3.12/site-packages/airflow/example_dags/example_skip_dag.py took 1.537 seconds
[2026-03-22T00:04:43.939+0000] {processor.py:186} INFO - Started process (PID=25015) to work on /home/airflow/.local/lib/python3.12/site-packages/airflow/example_dags/example_skip_dag.py
[2026-03-22T00:04:43.945+0000] {processor.py:914} INFO - Processing file /home/airflow/.local/lib/python3.12/site-packages/airflow/example_dags/example_skip_dag.py for tasks to queue
[2026-03-22T00:04:43.973+0000] {logging_mixin.py:190} INFO - [2026-03-22T00:04:43.961+0000] {dagbag.py:588} INFO - Filling up the DagBag from /home/airflow/.local/lib/python3.12/site-packages/airflow/example_dags/example_skip_dag.py
[2026-03-22T00:04:44.108+0000] {processor.py:925} INFO - DAG(s) 'example_skip_dag' retrieved from /home/airflow/.local/lib/python3.12/site-packages/airflow/example_dags/example_skip_dag.py
[2026-03-22T00:04:44.378+0000] {logging_mixin.py:190} INFO - [2026-03-22T00:04:44.377+0000] {dag.py:3239} INFO - Sync 1 DAGs
[2026-03-22T00:04:44.780+0000] {logging_mixin.py:190} INFO - [2026-03-22T00:04:44.779+0000] {dag.py:4180} INFO - Setting next_dagrun for example_skip_dag to 2026-03-21 00:00:00+00:00, run_after=2026-03-22 00:00:00+00:00
[2026-03-22T00:04:45.017+0000] {processor.py:208} INFO - Processing /home/airflow/.local/lib/python3.12/site-packages/airflow/example_dags/example_skip_dag.py took 1.146 seconds
[2026-03-22T00:05:16.837+0000] {processor.py:186} INFO - Started process (PID=25080) to work on /home/airflow/.local/lib/python3.12/site-packages/airflow/example_dags/example_skip_dag.py
[2026-03-22T00:05:16.842+0000] {processor.py:914} INFO - Processing file /home/airflow/.local/lib/python3.12/site-packages/airflow/example_dags/example_skip_dag.py for tasks to queue
[2026-03-22T00:05:16.847+0000] {logging_mixin.py:190} INFO - [2026-03-22T00:05:16.846+0000] {dagbag.py:588} INFO - Filling up the DagBag from /home/airflow/.local/lib/python3.12/site-packages/airflow/example_dags/example_skip_dag.py
[2026-03-22T00:05:16.887+0000] {processor.py:925} INFO - DAG(s) 'example_skip_dag' retrieved from /home/airflow/.local/lib/python3.12/site-packages/airflow/example_dags/example_skip_dag.py
[2026-03-22T00:05:16.985+0000] {logging_mixin.py:190} INFO - [2026-03-22T00:05:16.984+0000] {dag.py:3239} INFO - Sync 1 DAGs
[2026-03-22T00:05:17.091+0000] {logging_mixin.py:190} INFO - [2026-03-22T00:05:17.090+0000] {dag.py:4180} INFO - Setting next_dagrun for example_skip_dag to 2026-03-21 00:00:00+00:00, run_after=2026-03-22 00:00:00+00:00
[2026-03-22T00:05:17.172+0000] {processor.py:208} INFO - Processing /home/airflow/.local/lib/python3.12/site-packages/airflow/example_dags/example_skip_dag.py took 0.362 seconds
[2026-03-22T00:05:47.456+0000] {processor.py:186} INFO - Started process (PID=25145) to work on /home/airflow/.local/lib/python3.12/site-packages/airflow/example_dags/example_skip_dag.py
[2026-03-22T00:05:47.458+0000] {processor.py:914} INFO - Processing file /home/airflow/.local/lib/python3.12/site-packages/airflow/example_dags/example_skip_dag.py for tasks to queue
[2026-03-22T00:05:47.461+0000] {logging_mixin.py:190} INFO - [2026-03-22T00:05:47.460+0000] {dagbag.py:588} INFO - Filling up the DagBag from /home/airflow/.local/lib/python3.12/site-packages/airflow/example_dags/example_skip_dag.py
[2026-03-22T00:05:47.479+0000] {processor.py:925} INFO - DAG(s) 'example_skip_dag' retrieved from /home/airflow/.local/lib/python3.12/site-packages/airflow/example_dags/example_skip_dag.py
[2026-03-22T00:05:47.523+0000] {logging_mixin.py:190} INFO - [2026-03-22T00:05:47.523+0000] {dag.py:3239} INFO - Sync 1 DAGs
[2026-03-22T00:05:47.570+0000] {logging_mixin.py:190} INFO - [2026-03-22T00:05:47.570+0000] {dag.py:4180} INFO - Setting next_dagrun for example_skip_dag to 2026-03-21 00:00:00+00:00, run_after=2026-03-22 00:00:00+00:00
[2026-03-22T00:05:47.611+0000] {processor.py:208} INFO - Processing /home/airflow/.local/lib/python3.12/site-packages/airflow/example_dags/example_skip_dag.py took 0.167 seconds
[2026-03-22T00:06:17.971+0000] {processor.py:186} INFO - Started process (PID=25210) to work on /home/airflow/.local/lib/python3.12/site-packages/airflow/example_dags/example_skip_dag.py
[2026-03-22T00:06:17.974+0000] {processor.py:914} INFO - Processing file /home/airflow/.local/lib/python3.12/site-packages/airflow/example_dags/example_skip_dag.py for tasks to queue
[2026-03-22T00:06:17.977+0000] {logging_mixin.py:190} INFO - [2026-03-22T00:06:17.976+0000] {dagbag.py:588} INFO - Filling up the DagBag from /home/airflow/.local/lib/python3.12/site-packages/airflow/example_dags/example_skip_dag.py
[2026-03-22T00:06:17.992+0000] {processor.py:925} INFO - DAG(s) 'example_skip_dag' retrieved from /home/airflow/.local/lib/python3.12/site-packages/airflow/example_dags/example_skip_dag.py
[2026-03-22T00:06:18.026+0000] {logging_mixin.py:190} INFO - [2026-03-22T00:06:18.026+0000] {dag.py:3239} INFO - Sync 1 DAGs
[2026-03-22T00:06:18.064+0000] {logging_mixin.py:190} INFO - [2026-03-22T00:06:18.063+0000] {dag.py:4180} INFO - Setting next_dagrun for example_skip_dag to 2026-03-21 00:00:00+00:00, run_after=2026-03-22 00:00:00+00:00
[2026-03-22T00:06:18.096+0000] {processor.py:208} INFO - Processing /home/airflow/.local/lib/python3.12/site-packages/airflow/example_dags/example_skip_dag.py took 0.135 seconds
[2026-03-22T00:06:50.457+0000] {processor.py:186} INFO - Started process (PID=25266) to work on /home/airflow/.local/lib/python3.12/site-packages/airflow/example_dags/example_skip_dag.py
[2026-03-22T00:06:50.461+0000] {processor.py:914} INFO - Processing file /home/airflow/.local/lib/python3.12/site-packages/airflow/example_dags/example_skip_dag.py for tasks to queue
[2026-03-22T00:06:50.467+0000] {logging_mixin.py:190} INFO - [2026-03-22T00:06:50.465+0000] {dagbag.py:588} INFO - Filling up the DagBag from /home/airflow/.local/lib/python3.12/site-packages/airflow/example_dags/example_skip_dag.py
[2026-03-22T00:06:50.503+0000] {processor.py:925} INFO - DAG(s) 'example_skip_dag' retrieved from /home/airflow/.local/lib/python3.12/site-packages/airflow/example_dags/example_skip_dag.py
[2026-03-22T00:06:50.588+0000] {logging_mixin.py:190} INFO - [2026-03-22T00:06:50.587+0000] {dag.py:3239} INFO - Sync 1 DAGs
[2026-03-22T00:06:50.697+0000] {logging_mixin.py:190} INFO - [2026-03-22T00:06:50.694+0000] {dag.py:4180} INFO - Setting next_dagrun for example_skip_dag to 2026-03-21 00:00:00+00:00, run_after=2026-03-22 00:00:00+00:00
[2026-03-22T00:06:50.787+0000] {processor.py:208} INFO - Processing /home/airflow/.local/lib/python3.12/site-packages/airflow/example_dags/example_skip_dag.py took 0.356 seconds
[2026-03-22T00:07:23.755+0000] {processor.py:186} INFO - Started process (PID=25331) to work on /home/airflow/.local/lib/python3.12/site-packages/airflow/example_dags/example_skip_dag.py
[2026-03-22T00:07:23.759+0000] {processor.py:914} INFO - Processing file /home/airflow/.local/lib/python3.12/site-packages/airflow/example_dags/example_skip_dag.py for tasks to queue
[2026-03-22T00:07:23.766+0000] {logging_mixin.py:190} INFO - [2026-03-22T00:07:23.764+0000] {dagbag.py:588} INFO - Filling up the DagBag from /home/airflow/.local/lib/python3.12/site-packages/airflow/example_dags/example_skip_dag.py
[2026-03-22T00:07:23.837+0000] {processor.py:925} INFO - DAG(s) 'example_skip_dag' retrieved from /home/airflow/.local/lib/python3.12/site-packages/airflow/example_dags/example_skip_dag.py
[2026-03-22T00:07:24.085+0000] {logging_mixin.py:190} INFO - [2026-03-22T00:07:24.084+0000] {dag.py:3239} INFO - Sync 1 DAGs
[2026-03-22T00:07:24.444+0000] {logging_mixin.py:190} INFO - [2026-03-22T00:07:24.442+0000] {dag.py:4180} INFO - Setting next_dagrun for example_skip_dag to 2026-03-21 00:00:00+00:00, run_after=2026-03-22 00:00:00+00:00
[2026-03-22T00:07:24.717+0000] {processor.py:208} INFO - Processing /home/airflow/.local/lib/python3.12/site-packages/airflow/example_dags/example_skip_dag.py took 0.999 seconds
[2026-03-22T00:07:55.704+0000] {processor.py:186} INFO - Started process (PID=25396) to work on /home/airflow/.local/lib/python3.12/site-packages/airflow/example_dags/example_skip_dag.py
[2026-03-22T00:07:55.709+0000] {processor.py:914} INFO - Processing file /home/airflow/.local/lib/python3.12/site-packages/airflow/example_dags/example_skip_dag.py for tasks to queue
[2026-03-22T00:07:55.716+0000] {logging_mixin.py:190} INFO - [2026-03-22T00:07:55.714+0000] {dagbag.py:588} INFO - Filling up the DagBag from /home/airflow/.local/lib/python3.12/site-packages/airflow/example_dags/example_skip_dag.py
[2026-03-22T00:07:55.754+0000] {processor.py:925} INFO - DAG(s) 'example_skip_dag' retrieved from /home/airflow/.local/lib/python3.12/site-packages/airflow/example_dags/example_skip_dag.py
[2026-03-22T00:07:55.848+0000] {logging_mixin.py:190} INFO - [2026-03-22T00:07:55.847+0000] {dag.py:3239} INFO - Sync 1 DAGs
[2026-03-22T00:07:55.952+0000] {logging_mixin.py:190} INFO - [2026-03-22T00:07:55.951+0000] {dag.py:4180} INFO - Setting next_dagrun for example_skip_dag to 2026-03-21 00:00:00+00:00, run_after=2026-03-22 00:00:00+00:00
[2026-03-22T00:07:56.032+0000] {processor.py:208} INFO - Processing /home/airflow/.local/lib/python3.12/site-packages/airflow/example_dags/example_skip_dag.py took 0.355 seconds
[2026-03-22T00:08:26.399+0000] {processor.py:186} INFO - Started process (PID=25460) to work on /home/airflow/.local/lib/python3.12/site-packages/airflow/example_dags/example_skip_dag.py
[2026-03-22T00:08:26.403+0000] {processor.py:914} INFO - Processing file /home/airflow/.local/lib/python3.12/site-packages/airflow/example_dags/example_skip_dag.py for tasks to queue
[2026-03-22T00:08:26.409+0000] {logging_mixin.py:190} INFO - [2026-03-22T00:08:26.407+0000] {dagbag.py:588} INFO - Filling up the DagBag from /home/airflow/.local/lib/python3.12/site-packages/airflow/example_dags/example_skip_dag.py
[2026-03-22T00:08:26.449+0000] {processor.py:925} INFO - DAG(s) 'example_skip_dag' retrieved from /home/airflow/.local/lib/python3.12/site-packages/airflow/example_dags/example_skip_dag.py
[2026-03-22T00:08:26.532+0000] {logging_mixin.py:190} INFO - [2026-03-22T00:08:26.530+0000] {dag.py:3239} INFO - Sync 1 DAGs
[2026-03-22T00:08:26.628+0000] {logging_mixin.py:190} INFO - [2026-03-22T00:08:26.627+0000] {dag.py:4180} INFO - Setting next_dagrun for example_skip_dag to 2026-03-21 00:00:00+00:00, run_after=2026-03-22 00:00:00+00:00
[2026-03-22T00:08:26.706+0000] {processor.py:208} INFO - Processing /home/airflow/.local/lib/python3.12/site-packages/airflow/example_dags/example_skip_dag.py took 0.331 seconds
[2026-03-22T00:08:56.880+0000] {processor.py:186} INFO - Started process (PID=25524) to work on /home/airflow/.local/lib/python3.12/site-packages/airflow/example_dags/example_skip_dag.py
[2026-03-22T00:08:56.883+0000] {processor.py:914} INFO - Processing file /home/airflow/.local/lib/python3.12/site-packages/airflow/example_dags/example_skip_dag.py for tasks to queue
[2026-03-22T00:08:56.887+0000] {logging_mixin.py:190} INFO - [2026-03-22T00:08:56.886+0000] {dagbag.py:588} INFO - Filling up the DagBag from /home/airflow/.local/lib/python3.12/site-packages/airflow/example_dags/example_skip_dag.py
[2026-03-22T00:08:56.908+0000] {processor.py:925} INFO - DAG(s) 'example_skip_dag' retrieved from /home/airflow/.local/lib/python3.12/site-packages/airflow/example_dags/example_skip_dag.py
[2026-03-22T00:08:56.960+0000] {logging_mixin.py:190} INFO - [2026-03-22T00:08:56.959+0000] {dag.py:3239} INFO - Sync 1 DAGs
[2026-03-22T00:08:57.014+0000] {logging_mixin.py:190} INFO - [2026-03-22T00:08:57.013+0000] {dag.py:4180} INFO - Setting next_dagrun for example_skip_dag to 2026-03-21 00:00:00+00:00, run_after=2026-03-22 00:00:00+00:00
[2026-03-22T00:08:57.066+0000] {processor.py:208} INFO - Processing /home/airflow/.local/lib/python3.12/site-packages/airflow/example_dags/example_skip_dag.py took 0.199 seconds
[2026-03-22T00:09:27.856+0000] {processor.py:186} INFO - Started process (PID=25589) to work on /home/airflow/.local/lib/python3.12/site-packages/airflow/example_dags/example_skip_dag.py
[2026-03-22T00:09:27.858+0000] {processor.py:914} INFO - Processing file /home/airflow/.local/lib/python3.12/site-packages/airflow/example_dags/example_skip_dag.py for tasks to queue
[2026-03-22T00:09:27.861+0000] {logging_mixin.py:190} INFO - [2026-03-22T00:09:27.860+0000] {dagbag.py:588} INFO - Filling up the DagBag from /home/airflow/.local/lib/python3.12/site-packages/airflow/example_dags/example_skip_dag.py
[2026-03-22T00:09:27.878+0000] {processor.py:925} INFO - DAG(s) 'example_skip_dag' retrieved from /home/airflow/.local/lib/python3.12/site-packages/airflow/example_dags/example_skip_dag.py
[2026-03-22T00:09:27.919+0000] {logging_mixin.py:190} INFO - [2026-03-22T00:09:27.918+0000] {dag.py:3239} INFO - Sync 1 DAGs
[2026-03-22T00:09:27.965+0000] {logging_mixin.py:190} INFO - [2026-03-22T00:09:27.964+0000] {dag.py:4180} INFO - Setting next_dagrun for example_skip_dag to 2026-03-21 00:00:00+00:00, run_after=2026-03-22 00:00:00+00:00
[2026-03-22T00:09:28.002+0000] {processor.py:208} INFO - Processing /home/airflow/.local/lib/python3.12/site-packages/airflow/example_dags/example_skip_dag.py took 0.157 seconds
[2026-03-22T00:09:58.774+0000] {processor.py:186} INFO - Started process (PID=25653) to work on /home/airflow/.local/lib/python3.12/site-packages/airflow/example_dags/example_skip_dag.py
[2026-03-22T00:09:58.777+0000] {processor.py:914} INFO - Processing file /home/airflow/.local/lib/python3.12/site-packages/airflow/example_dags/example_skip_dag.py for tasks to queue
[2026-03-22T00:09:58.781+0000] {logging_mixin.py:190} INFO - [2026-03-22T00:09:58.780+0000] {dagbag.py:588} INFO - Filling up the DagBag from /home/airflow/.local/lib/python3.12/site-packages/airflow/example_dags/example_skip_dag.py
[2026-03-22T00:09:58.802+0000] {processor.py:925} INFO - DAG(s) 'example_skip_dag' retrieved from /home/airflow/.local/lib/python3.12/site-packages/airflow/example_dags/example_skip_dag.py
[2026-03-22T00:09:58.858+0000] {logging_mixin.py:190} INFO - [2026-03-22T00:09:58.858+0000] {dag.py:3239} INFO - Sync 1 DAGs
[2026-03-22T00:09:58.915+0000] {logging_mixin.py:190} INFO - [2026-03-22T00:09:58.914+0000] {dag.py:4180} INFO - Setting next_dagrun for example_skip_dag to 2026-03-21 00:00:00+00:00, run_after=2026-03-22 00:00:00+00:00
[2026-03-22T00:09:58.962+0000] {processor.py:208} INFO - Processing /home/airflow/.local/lib/python3.12/site-packages/airflow/example_dags/example_skip_dag.py took 0.202 seconds
[2026-03-22T00:10:29.676+0000] {processor.py:186} INFO - Started process (PID=25717) to work on /home/airflow/.local/lib/python3.12/site-packages/airflow/example_dags/example_skip_dag.py
[2026-03-22T00:10:29.679+0000] {processor.py:914} INFO - Processing file /home/airflow/.local/lib/python3.12/site-packages/airflow/example_dags/example_skip_dag.py for tasks to queue
[2026-03-22T00:10:29.682+0000] {logging_mixin.py:190} INFO - [2026-03-22T00:10:29.681+0000] {dagbag.py:588} INFO - Filling up the DagBag from /home/airflow/.local/lib/python3.12/site-packages/airflow/example_dags/example_skip_dag.py
[2026-03-22T00:10:29.708+0000] {processor.py:925} INFO - DAG(s) 'example_skip_dag' retrieved from /home/airflow/.local/lib/python3.12/site-packages/airflow/example_dags/example_skip_dag.py
[2026-03-22T00:10:29.756+0000] {logging_mixin.py:190} INFO - [2026-03-22T00:10:29.755+0000] {dag.py:3239} INFO - Sync 1 DAGs
[2026-03-22T00:10:29.815+0000] {logging_mixin.py:190} INFO - [2026-03-22T00:10:29.814+0000] {dag.py:4180} INFO - Setting next_dagrun for example_skip_dag to 2026-03-21 00:00:00+00:00, run_after=2026-03-22 00:00:00+00:00
[2026-03-22T00:10:29.863+0000] {processor.py:208} INFO - Processing /home/airflow/.local/lib/python3.12/site-packages/airflow/example_dags/example_skip_dag.py took 0.198 seconds
[2026-03-22T00:11:00.359+0000] {processor.py:186} INFO - Started process (PID=25781) to work on /home/airflow/.local/lib/python3.12/site-packages/airflow/example_dags/example_skip_dag.py
[2026-03-22T00:11:00.361+0000] {processor.py:914} INFO - Processing file /home/airflow/.local/lib/python3.12/site-packages/airflow/example_dags/example_skip_dag.py for tasks to queue
[2026-03-22T00:11:00.364+0000] {logging_mixin.py:190} INFO - [2026-03-22T00:11:00.363+0000] {dagbag.py:588} INFO - Filling up the DagBag from /home/airflow/.local/lib/python3.12/site-packages/airflow/example_dags/example_skip_dag.py
[2026-03-22T00:11:00.376+0000] {processor.py:925} INFO - DAG(s) 'example_skip_dag' retrieved from /home/airflow/.local/lib/python3.12/site-packages/airflow/example_dags/example_skip_dag.py
[2026-03-22T00:11:00.407+0000] {logging_mixin.py:190} INFO - [2026-03-22T00:11:00.406+0000] {dag.py:3239} INFO - Sync 1 DAGs
[2026-03-22T00:11:00.437+0000] {logging_mixin.py:190} INFO - [2026-03-22T00:11:00.436+0000] {dag.py:4180} INFO - Setting next_dagrun for example_skip_dag to 2026-03-21 00:00:00+00:00, run_after=2026-03-22 00:00:00+00:00
[2026-03-22T00:11:00.464+0000] {processor.py:208} INFO - Processing /home/airflow/.local/lib/python3.12/site-packages/airflow/example_dags/example_skip_dag.py took 0.115 seconds
[2026-03-22T00:11:30.907+0000] {processor.py:186} INFO - Started process (PID=25845) to work on /home/airflow/.local/lib/python3.12/site-packages/airflow/example_dags/example_skip_dag.py
[2026-03-22T00:11:30.909+0000] {processor.py:914} INFO - Processing file /home/airflow/.local/lib/python3.12/site-packages/airflow/example_dags/example_skip_dag.py for tasks to queue
[2026-03-22T00:11:30.910+0000] {logging_mixin.py:190} INFO - [2026-03-22T00:11:30.910+0000] {dagbag.py:588} INFO - Filling up the DagBag from /home/airflow/.local/lib/python3.12/site-packages/airflow/example_dags/example_skip_dag.py
[2026-03-22T00:11:30.918+0000] {processor.py:925} INFO - DAG(s) 'example_skip_dag' retrieved from /home/airflow/.local/lib/python3.12/site-packages/airflow/example_dags/example_skip_dag.py
[2026-03-22T00:11:30.938+0000] {logging_mixin.py:190} INFO - [2026-03-22T00:11:30.938+0000] {dag.py:3239} INFO - Sync 1 DAGs
[2026-03-22T00:11:30.958+0000] {logging_mixin.py:190} INFO - [2026-03-22T00:11:30.958+0000] {dag.py:4180} INFO - Setting next_dagrun for example_skip_dag to 2026-03-21 00:00:00+00:00, run_after=2026-03-22 00:00:00+00:00
[2026-03-22T00:11:30.977+0000] {processor.py:208} INFO - Processing /home/airflow/.local/lib/python3.12/site-packages/airflow/example_dags/example_skip_dag.py took 0.076 seconds
[2026-03-22T00:12:01.266+0000] {processor.py:186} INFO - Started process (PID=25910) to work on /home/airflow/.local/lib/python3.12/site-packages/airflow/example_dags/example_skip_dag.py
[2026-03-22T00:12:01.267+0000] {processor.py:914} INFO - Processing file /home/airflow/.local/lib/python3.12/site-packages/airflow/example_dags/example_skip_dag.py for tasks to queue
[2026-03-22T00:12:01.269+0000] {logging_mixin.py:190} INFO - [2026-03-22T00:12:01.268+0000] {dagbag.py:588} INFO - Filling up the DagBag from /home/airflow/.local/lib/python3.12/site-packages/airflow/example_dags/example_skip_dag.py
[2026-03-22T00:12:01.277+0000] {processor.py:925} INFO - DAG(s) 'example_skip_dag' retrieved from /home/airflow/.local/lib/python3.12/site-packages/airflow/example_dags/example_skip_dag.py
[2026-03-22T00:12:01.297+0000] {logging_mixin.py:190} INFO - [2026-03-22T00:12:01.297+0000] {dag.py:3239} INFO - Sync 1 DAGs
[2026-03-22T00:12:01.317+0000] {logging_mixin.py:190} INFO - [2026-03-22T00:12:01.317+0000] {dag.py:4180} INFO - Setting next_dagrun for example_skip_dag to 2026-03-21 00:00:00+00:00, run_after=2026-03-22 00:00:00+00:00
[2026-03-22T00:12:01.335+0000] {processor.py:208} INFO - Processing /home/airflow/.local/lib/python3.12/site-packages/airflow/example_dags/example_skip_dag.py took 0.075 seconds
[2026-03-22T00:12:31.929+0000] {processor.py:186} INFO - Started process (PID=25975) to work on /home/airflow/.local/lib/python3.12/site-packages/airflow/example_dags/example_skip_dag.py
[2026-03-22T00:12:31.932+0000] {processor.py:914} INFO - Processing file /home/airflow/.local/lib/python3.12/site-packages/airflow/example_dags/example_skip_dag.py for tasks to queue
[2026-03-22T00:12:31.935+0000] {logging_mixin.py:190} INFO - [2026-03-22T00:12:31.935+0000] {dagbag.py:588} INFO - Filling up the DagBag from /home/airflow/.local/lib/python3.12/site-packages/airflow/example_dags/example_skip_dag.py
[2026-03-22T00:12:31.952+0000] {processor.py:925} INFO - DAG(s) 'example_skip_dag' retrieved from /home/airflow/.local/lib/python3.12/site-packages/airflow/example_dags/example_skip_dag.py
[2026-03-22T00:12:31.989+0000] {logging_mixin.py:190} INFO - [2026-03-22T00:12:31.989+0000] {dag.py:3239} INFO - Sync 1 DAGs
[2026-03-22T00:12:32.024+0000] {logging_mixin.py:190} INFO - [2026-03-22T00:12:32.024+0000] {dag.py:4180} INFO - Setting next_dagrun for example_skip_dag to 2026-03-21 00:00:00+00:00, run_after=2026-03-22 00:00:00+00:00
[2026-03-22T00:12:32.059+0000] {processor.py:208} INFO - Processing /home/airflow/.local/lib/python3.12/site-packages/airflow/example_dags/example_skip_dag.py took 0.141 seconds
[2026-03-22T00:13:02.774+0000] {processor.py:186} INFO - Started process (PID=26040) to work on /home/airflow/.local/lib/python3.12/site-packages/airflow/example_dags/example_skip_dag.py
[2026-03-22T00:13:02.777+0000] {processor.py:914} INFO - Processing file /home/airflow/.local/lib/python3.12/site-packages/airflow/example_dags/example_skip_dag.py for tasks to queue
[2026-03-22T00:13:02.780+0000] {logging_mixin.py:190} INFO - [2026-03-22T00:13:02.779+0000] {dagbag.py:588} INFO - Filling up the DagBag from /home/airflow/.local/lib/python3.12/site-packages/airflow/example_dags/example_skip_dag.py
[2026-03-22T00:13:02.790+0000] {processor.py:925} INFO - DAG(s) 'example_skip_dag' retrieved from /home/airflow/.local/lib/python3.12/site-packages/airflow/example_dags/example_skip_dag.py
[2026-03-22T00:13:02.814+0000] {logging_mixin.py:190} INFO - [2026-03-22T00:13:02.814+0000] {dag.py:3239} INFO - Sync 1 DAGs
[2026-03-22T00:13:02.841+0000] {logging_mixin.py:190} INFO - [2026-03-22T00:13:02.841+0000] {dag.py:4180} INFO - Setting next_dagrun for example_skip_dag to 2026-03-21 00:00:00+00:00, run_after=2026-03-22 00:00:00+00:00
[2026-03-22T00:13:02.864+0000] {processor.py:208} INFO - Processing /home/airflow/.local/lib/python3.12/site-packages/airflow/example_dags/example_skip_dag.py took 0.099 seconds
[2026-03-22T00:13:33.552+0000] {processor.py:186} INFO - Started process (PID=26105) to work on /home/airflow/.local/lib/python3.12/site-packages/airflow/example_dags/example_skip_dag.py
[2026-03-22T00:13:33.555+0000] {processor.py:914} INFO - Processing file /home/airflow/.local/lib/python3.12/site-packages/airflow/example_dags/example_skip_dag.py for tasks to queue
[2026-03-22T00:13:33.558+0000] {logging_mixin.py:190} INFO - [2026-03-22T00:13:33.557+0000] {dagbag.py:588} INFO - Filling up the DagBag from /home/airflow/.local/lib/python3.12/site-packages/airflow/example_dags/example_skip_dag.py
[2026-03-22T00:13:33.573+0000] {processor.py:925} INFO - DAG(s) 'example_skip_dag' retrieved from /home/airflow/.local/lib/python3.12/site-packages/airflow/example_dags/example_skip_dag.py
[2026-03-22T00:13:33.605+0000] {logging_mixin.py:190} INFO - [2026-03-22T00:13:33.604+0000] {dag.py:3239} INFO - Sync 1 DAGs
[2026-03-22T00:13:33.637+0000] {logging_mixin.py:190} INFO - [2026-03-22T00:13:33.636+0000] {dag.py:4180} INFO - Setting next_dagrun for example_skip_dag to 2026-03-21 00:00:00+00:00, run_after=2026-03-22 00:00:00+00:00
[2026-03-22T00:13:33.666+0000] {processor.py:208} INFO - Processing /home/airflow/.local/lib/python3.12/site-packages/airflow/example_dags/example_skip_dag.py took 0.127 seconds
[2026-03-22T00:14:04.096+0000] {processor.py:186} INFO - Started process (PID=26170) to work on /home/airflow/.local/lib/python3.12/site-packages/airflow/example_dags/example_skip_dag.py
[2026-03-22T00:14:04.098+0000] {processor.py:914} INFO - Processing file /home/airflow/.local/lib/python3.12/site-packages/airflow/example_dags/example_skip_dag.py for tasks to queue
[2026-03-22T00:14:04.100+0000] {logging_mixin.py:190} INFO - [2026-03-22T00:14:04.100+0000] {dagbag.py:588} INFO - Filling up the DagBag from /home/airflow/.local/lib/python3.12/site-packages/airflow/example_dags/example_skip_dag.py
[2026-03-22T00:14:04.115+0000] {processor.py:925} INFO - DAG(s) 'example_skip_dag' retrieved from /home/airflow/.local/lib/python3.12/site-packages/airflow/example_dags/example_skip_dag.py
[2026-03-22T00:14:04.159+0000] {logging_mixin.py:190} INFO - [2026-03-22T00:14:04.159+0000] {dag.py:3239} INFO - Sync 1 DAGs
[2026-03-22T00:14:04.201+0000] {logging_mixin.py:190} INFO - [2026-03-22T00:14:04.201+0000] {dag.py:4180} INFO - Setting next_dagrun for example_skip_dag to 2026-03-21 00:00:00+00:00, run_after=2026-03-22 00:00:00+00:00
[2026-03-22T00:14:04.235+0000] {processor.py:208} INFO - Processing /home/airflow/.local/lib/python3.12/site-packages/airflow/example_dags/example_skip_dag.py took 0.152 seconds
[2026-03-22T00:14:34.566+0000] {processor.py:186} INFO - Started process (PID=26235) to work on /home/airflow/.local/lib/python3.12/site-packages/airflow/example_dags/example_skip_dag.py
[2026-03-22T00:14:34.569+0000] {processor.py:914} INFO - Processing file /home/airflow/.local/lib/python3.12/site-packages/airflow/example_dags/example_skip_dag.py for tasks to queue
[2026-03-22T00:14:34.574+0000] {logging_mixin.py:190} INFO - [2026-03-22T00:14:34.573+0000] {dagbag.py:588} INFO - Filling up the DagBag from /home/airflow/.local/lib/python3.12/site-packages/airflow/example_dags/example_skip_dag.py
[2026-03-22T00:14:34.601+0000] {processor.py:925} INFO - DAG(s) 'example_skip_dag' retrieved from /home/airflow/.local/lib/python3.12/site-packages/airflow/example_dags/example_skip_dag.py
[2026-03-22T00:14:34.669+0000] {logging_mixin.py:190} INFO - [2026-03-22T00:14:34.668+0000] {dag.py:3239} INFO - Sync 1 DAGs
[2026-03-22T00:14:34.758+0000] {logging_mixin.py:190} INFO - [2026-03-22T00:14:34.758+0000] {dag.py:4180} INFO - Setting next_dagrun for example_skip_dag to 2026-03-21 00:00:00+00:00, run_after=2026-03-22 00:00:00+00:00
[2026-03-22T00:14:34.816+0000] {processor.py:208} INFO - Processing /home/airflow/.local/lib/python3.12/site-packages/airflow/example_dags/example_skip_dag.py took 0.269 seconds
[2026-03-22T00:15:05.090+0000] {processor.py:186} INFO - Started process (PID=26305) to work on /home/airflow/.local/lib/python3.12/site-packages/airflow/example_dags/example_skip_dag.py
[2026-03-22T00:15:05.092+0000] {processor.py:914} INFO - Processing file /home/airflow/.local/lib/python3.12/site-packages/airflow/example_dags/example_skip_dag.py for tasks to queue
[2026-03-22T00:15:05.094+0000] {logging_mixin.py:190} INFO - [2026-03-22T00:15:05.093+0000] {dagbag.py:588} INFO - Filling up the DagBag from /home/airflow/.local/lib/python3.12/site-packages/airflow/example_dags/example_skip_dag.py
[2026-03-22T00:15:05.106+0000] {processor.py:925} INFO - DAG(s) 'example_skip_dag' retrieved from /home/airflow/.local/lib/python3.12/site-packages/airflow/example_dags/example_skip_dag.py
[2026-03-22T00:15:05.135+0000] {logging_mixin.py:190} INFO - [2026-03-22T00:15:05.135+0000] {dag.py:3239} INFO - Sync 1 DAGs
[2026-03-22T00:15:05.165+0000] {logging_mixin.py:190} INFO - [2026-03-22T00:15:05.164+0000] {dag.py:4180} INFO - Setting next_dagrun for example_skip_dag to 2026-03-21 00:00:00+00:00, run_after=2026-03-22 00:00:00+00:00
[2026-03-22T00:15:05.192+0000] {processor.py:208} INFO - Processing /home/airflow/.local/lib/python3.12/site-packages/airflow/example_dags/example_skip_dag.py took 0.109 seconds
[2026-03-22T00:15:35.368+0000] {processor.py:186} INFO - Started process (PID=26369) to work on /home/airflow/.local/lib/python3.12/site-packages/airflow/example_dags/example_skip_dag.py
[2026-03-22T00:15:35.370+0000] {processor.py:914} INFO - Processing file /home/airflow/.local/lib/python3.12/site-packages/airflow/example_dags/example_skip_dag.py for tasks to queue
[2026-03-22T00:15:35.371+0000] {logging_mixin.py:190} INFO - [2026-03-22T00:15:35.371+0000] {dagbag.py:588} INFO - Filling up the DagBag from /home/airflow/.local/lib/python3.12/site-packages/airflow/example_dags/example_skip_dag.py
[2026-03-22T00:15:35.379+0000] {processor.py:925} INFO - DAG(s) 'example_skip_dag' retrieved from /home/airflow/.local/lib/python3.12/site-packages/airflow/example_dags/example_skip_dag.py
[2026-03-22T00:15:35.400+0000] {logging_mixin.py:190} INFO - [2026-03-22T00:15:35.399+0000] {dag.py:3239} INFO - Sync 1 DAGs
[2026-03-22T00:15:35.419+0000] {logging_mixin.py:190} INFO - [2026-03-22T00:15:35.419+0000] {dag.py:4180} INFO - Setting next_dagrun for example_skip_dag to 2026-03-21 00:00:00+00:00, run_after=2026-03-22 00:00:00+00:00
[2026-03-22T00:15:35.435+0000] {processor.py:208} INFO - Processing /home/airflow/.local/lib/python3.12/site-packages/airflow/example_dags/example_skip_dag.py took 0.072 seconds
[2026-03-22T02:12:52.519+0000] {processor.py:186} INFO - Started process (PID=26384) to work on /home/airflow/.local/lib/python3.12/site-packages/airflow/example_dags/example_skip_dag.py
[2026-03-22T02:12:52.520+0000] {processor.py:914} INFO - Processing file /home/airflow/.local/lib/python3.12/site-packages/airflow/example_dags/example_skip_dag.py for tasks to queue
[2026-03-22T02:12:52.521+0000] {logging_mixin.py:190} INFO - [2026-03-22T02:12:52.521+0000] {dagbag.py:588} INFO - Filling up the DagBag from /home/airflow/.local/lib/python3.12/site-packages/airflow/example_dags/example_skip_dag.py
[2026-03-22T02:12:52.529+0000] {processor.py:925} INFO - DAG(s) 'example_skip_dag' retrieved from /home/airflow/.local/lib/python3.12/site-packages/airflow/example_dags/example_skip_dag.py
[2026-03-22T02:12:52.549+0000] {logging_mixin.py:190} INFO - [2026-03-22T02:12:52.549+0000] {dag.py:3239} INFO - Sync 1 DAGs
[2026-03-22T02:12:52.567+0000] {logging_mixin.py:190} INFO - [2026-03-22T02:12:52.567+0000] {dag.py:4180} INFO - Setting next_dagrun for example_skip_dag to 2026-03-21 00:00:00+00:00, run_after=2026-03-22 00:00:00+00:00
[2026-03-22T02:12:52.582+0000] {processor.py:208} INFO - Processing /home/airflow/.local/lib/python3.12/site-packages/airflow/example_dags/example_skip_dag.py took 0.069 seconds
[2026-03-22T02:13:23.016+0000] {processor.py:186} INFO - Started process (PID=26449) to work on /home/airflow/.local/lib/python3.12/site-packages/airflow/example_dags/example_skip_dag.py
[2026-03-22T02:13:23.017+0000] {processor.py:914} INFO - Processing file /home/airflow/.local/lib/python3.12/site-packages/airflow/example_dags/example_skip_dag.py for tasks to queue
[2026-03-22T02:13:23.019+0000] {logging_mixin.py:190} INFO - [2026-03-22T02:13:23.018+0000] {dagbag.py:588} INFO - Filling up the DagBag from /home/airflow/.local/lib/python3.12/site-packages/airflow/example_dags/example_skip_dag.py
[2026-03-22T02:13:23.026+0000] {processor.py:925} INFO - DAG(s) 'example_skip_dag' retrieved from /home/airflow/.local/lib/python3.12/site-packages/airflow/example_dags/example_skip_dag.py
[2026-03-22T02:13:23.045+0000] {logging_mixin.py:190} INFO - [2026-03-22T02:13:23.045+0000] {dag.py:3239} INFO - Sync 1 DAGs
[2026-03-22T02:13:23.063+0000] {logging_mixin.py:190} INFO - [2026-03-22T02:13:23.063+0000] {dag.py:4180} INFO - Setting next_dagrun for example_skip_dag to 2026-03-21 00:00:00+00:00, run_after=2026-03-22 00:00:00+00:00
[2026-03-22T02:13:23.079+0000] {processor.py:208} INFO - Processing /home/airflow/.local/lib/python3.12/site-packages/airflow/example_dags/example_skip_dag.py took 0.069 seconds
[2026-03-22T02:13:53.701+0000] {processor.py:186} INFO - Started process (PID=26514) to work on /home/airflow/.local/lib/python3.12/site-packages/airflow/example_dags/example_skip_dag.py
[2026-03-22T02:13:53.702+0000] {processor.py:914} INFO - Processing file /home/airflow/.local/lib/python3.12/site-packages/airflow/example_dags/example_skip_dag.py for tasks to queue
[2026-03-22T02:13:53.704+0000] {logging_mixin.py:190} INFO - [2026-03-22T02:13:53.703+0000] {dagbag.py:588} INFO - Filling up the DagBag from /home/airflow/.local/lib/python3.12/site-packages/airflow/example_dags/example_skip_dag.py
[2026-03-22T02:13:53.712+0000] {processor.py:925} INFO - DAG(s) 'example_skip_dag' retrieved from /home/airflow/.local/lib/python3.12/site-packages/airflow/example_dags/example_skip_dag.py
[2026-03-22T02:13:53.731+0000] {logging_mixin.py:190} INFO - [2026-03-22T02:13:53.731+0000] {dag.py:3239} INFO - Sync 1 DAGs
[2026-03-22T02:13:53.748+0000] {logging_mixin.py:190} INFO - [2026-03-22T02:13:53.748+0000] {dag.py:4180} INFO - Setting next_dagrun for example_skip_dag to 2026-03-21 00:00:00+00:00, run_after=2026-03-22 00:00:00+00:00
[2026-03-22T02:13:53.764+0000] {processor.py:208} INFO - Processing /home/airflow/.local/lib/python3.12/site-packages/airflow/example_dags/example_skip_dag.py took 0.068 seconds
[2026-03-22T02:14:24.321+0000] {processor.py:186} INFO - Started process (PID=26579) to work on /home/airflow/.local/lib/python3.12/site-packages/airflow/example_dags/example_skip_dag.py
[2026-03-22T02:14:24.323+0000] {processor.py:914} INFO - Processing file /home/airflow/.local/lib/python3.12/site-packages/airflow/example_dags/example_skip_dag.py for tasks to queue
[2026-03-22T02:14:24.324+0000] {logging_mixin.py:190} INFO - [2026-03-22T02:14:24.324+0000] {dagbag.py:588} INFO - Filling up the DagBag from /home/airflow/.local/lib/python3.12/site-packages/airflow/example_dags/example_skip_dag.py
[2026-03-22T02:14:24.332+0000] {processor.py:925} INFO - DAG(s) 'example_skip_dag' retrieved from /home/airflow/.local/lib/python3.12/site-packages/airflow/example_dags/example_skip_dag.py
[2026-03-22T02:14:24.351+0000] {logging_mixin.py:190} INFO - [2026-03-22T02:14:24.351+0000] {dag.py:3239} INFO - Sync 1 DAGs
[2026-03-22T02:14:24.368+0000] {logging_mixin.py:190} INFO - [2026-03-22T02:14:24.368+0000] {dag.py:4180} INFO - Setting next_dagrun for example_skip_dag to 2026-03-21 00:00:00+00:00, run_after=2026-03-22 00:00:00+00:00
[2026-03-22T02:14:24.385+0000] {processor.py:208} INFO - Processing /home/airflow/.local/lib/python3.12/site-packages/airflow/example_dags/example_skip_dag.py took 0.069 seconds
[2026-03-22T02:14:55.219+0000] {processor.py:186} INFO - Started process (PID=26644) to work on /home/airflow/.local/lib/python3.12/site-packages/airflow/example_dags/example_skip_dag.py
[2026-03-22T02:14:55.221+0000] {processor.py:914} INFO - Processing file /home/airflow/.local/lib/python3.12/site-packages/airflow/example_dags/example_skip_dag.py for tasks to queue
[2026-03-22T02:14:55.224+0000] {logging_mixin.py:190} INFO - [2026-03-22T02:14:55.224+0000] {dagbag.py:588} INFO - Filling up the DagBag from /home/airflow/.local/lib/python3.12/site-packages/airflow/example_dags/example_skip_dag.py
[2026-03-22T02:14:55.231+0000] {processor.py:925} INFO - DAG(s) 'example_skip_dag' retrieved from /home/airflow/.local/lib/python3.12/site-packages/airflow/example_dags/example_skip_dag.py
[2026-03-22T02:14:55.251+0000] {logging_mixin.py:190} INFO - [2026-03-22T02:14:55.251+0000] {dag.py:3239} INFO - Sync 1 DAGs
[2026-03-22T02:14:55.268+0000] {logging_mixin.py:190} INFO - [2026-03-22T02:14:55.268+0000] {dag.py:4180} INFO - Setting next_dagrun for example_skip_dag to 2026-03-21 00:00:00+00:00, run_after=2026-03-22 00:00:00+00:00
[2026-03-22T02:14:55.284+0000] {processor.py:208} INFO - Processing /home/airflow/.local/lib/python3.12/site-packages/airflow/example_dags/example_skip_dag.py took 0.069 seconds
[2026-03-22T02:15:25.633+0000] {processor.py:186} INFO - Started process (PID=26709) to work on /home/airflow/.local/lib/python3.12/site-packages/airflow/example_dags/example_skip_dag.py
[2026-03-22T02:15:25.634+0000] {processor.py:914} INFO - Processing file /home/airflow/.local/lib/python3.12/site-packages/airflow/example_dags/example_skip_dag.py for tasks to queue
[2026-03-22T02:15:25.635+0000] {logging_mixin.py:190} INFO - [2026-03-22T02:15:25.635+0000] {dagbag.py:588} INFO - Filling up the DagBag from /home/airflow/.local/lib/python3.12/site-packages/airflow/example_dags/example_skip_dag.py
[2026-03-22T02:15:25.648+0000] {processor.py:925} INFO - DAG(s) 'example_skip_dag' retrieved from /home/airflow/.local/lib/python3.12/site-packages/airflow/example_dags/example_skip_dag.py
[2026-03-22T02:15:25.667+0000] {logging_mixin.py:190} INFO - [2026-03-22T02:15:25.667+0000] {dag.py:3239} INFO - Sync 1 DAGs
[2026-03-22T02:15:25.687+0000] {logging_mixin.py:190} INFO - [2026-03-22T02:15:25.687+0000] {dag.py:4180} INFO - Setting next_dagrun for example_skip_dag to 2026-03-21 00:00:00+00:00, run_after=2026-03-22 00:00:00+00:00
[2026-03-22T02:15:25.705+0000] {processor.py:208} INFO - Processing /home/airflow/.local/lib/python3.12/site-packages/airflow/example_dags/example_skip_dag.py took 0.077 seconds
[2026-03-22T02:15:55.847+0000] {processor.py:186} INFO - Started process (PID=26774) to work on /home/airflow/.local/lib/python3.12/site-packages/airflow/example_dags/example_skip_dag.py
[2026-03-22T02:15:55.848+0000] {processor.py:914} INFO - Processing file /home/airflow/.local/lib/python3.12/site-packages/airflow/example_dags/example_skip_dag.py for tasks to queue
[2026-03-22T02:15:55.849+0000] {logging_mixin.py:190} INFO - [2026-03-22T02:15:55.849+0000] {dagbag.py:588} INFO - Filling up the DagBag from /home/airflow/.local/lib/python3.12/site-packages/airflow/example_dags/example_skip_dag.py
[2026-03-22T02:15:55.857+0000] {processor.py:925} INFO - DAG(s) 'example_skip_dag' retrieved from /home/airflow/.local/lib/python3.12/site-packages/airflow/example_dags/example_skip_dag.py
[2026-03-22T02:15:55.876+0000] {logging_mixin.py:190} INFO - [2026-03-22T02:15:55.876+0000] {dag.py:3239} INFO - Sync 1 DAGs
[2026-03-22T02:15:55.894+0000] {logging_mixin.py:190} INFO - [2026-03-22T02:15:55.893+0000] {dag.py:4180} INFO - Setting next_dagrun for example_skip_dag to 2026-03-21 00:00:00+00:00, run_after=2026-03-22 00:00:00+00:00
[2026-03-22T02:15:55.910+0000] {processor.py:208} INFO - Processing /home/airflow/.local/lib/python3.12/site-packages/airflow/example_dags/example_skip_dag.py took 0.070 seconds
[2026-03-22T02:16:26.468+0000] {processor.py:186} INFO - Started process (PID=26839) to work on /home/airflow/.local/lib/python3.12/site-packages/airflow/example_dags/example_skip_dag.py
[2026-03-22T02:16:26.470+0000] {processor.py:914} INFO - Processing file /home/airflow/.local/lib/python3.12/site-packages/airflow/example_dags/example_skip_dag.py for tasks to queue
[2026-03-22T02:16:26.472+0000] {logging_mixin.py:190} INFO - [2026-03-22T02:16:26.472+0000] {dagbag.py:588} INFO - Filling up the DagBag from /home/airflow/.local/lib/python3.12/site-packages/airflow/example_dags/example_skip_dag.py
[2026-03-22T02:16:26.482+0000] {processor.py:925} INFO - DAG(s) 'example_skip_dag' retrieved from /home/airflow/.local/lib/python3.12/site-packages/airflow/example_dags/example_skip_dag.py
[2026-03-22T02:16:26.501+0000] {logging_mixin.py:190} INFO - [2026-03-22T02:16:26.501+0000] {dag.py:3239} INFO - Sync 1 DAGs
[2026-03-22T02:16:26.521+0000] {logging_mixin.py:190} INFO - [2026-03-22T02:16:26.521+0000] {dag.py:4180} INFO - Setting next_dagrun for example_skip_dag to 2026-03-21 00:00:00+00:00, run_after=2026-03-22 00:00:00+00:00
[2026-03-22T02:16:26.541+0000] {processor.py:208} INFO - Processing /home/airflow/.local/lib/python3.12/site-packages/airflow/example_dags/example_skip_dag.py took 0.078 seconds
[2026-03-22T02:16:56.956+0000] {processor.py:186} INFO - Started process (PID=26904) to work on /home/airflow/.local/lib/python3.12/site-packages/airflow/example_dags/example_skip_dag.py
[2026-03-22T02:16:56.957+0000] {processor.py:914} INFO - Processing file /home/airflow/.local/lib/python3.12/site-packages/airflow/example_dags/example_skip_dag.py for tasks to queue
[2026-03-22T02:16:56.960+0000] {logging_mixin.py:190} INFO - [2026-03-22T02:16:56.959+0000] {dagbag.py:588} INFO - Filling up the DagBag from /home/airflow/.local/lib/python3.12/site-packages/airflow/example_dags/example_skip_dag.py
[2026-03-22T02:16:56.971+0000] {processor.py:925} INFO - DAG(s) 'example_skip_dag' retrieved from /home/airflow/.local/lib/python3.12/site-packages/airflow/example_dags/example_skip_dag.py
[2026-03-22T02:16:56.996+0000] {logging_mixin.py:190} INFO - [2026-03-22T02:16:56.996+0000] {dag.py:3239} INFO - Sync 1 DAGs
[2026-03-22T02:16:57.019+0000] {logging_mixin.py:190} INFO - [2026-03-22T02:16:57.018+0000] {dag.py:4180} INFO - Setting next_dagrun for example_skip_dag to 2026-03-21 00:00:00+00:00, run_after=2026-03-22 00:00:00+00:00
[2026-03-22T02:16:57.037+0000] {processor.py:208} INFO - Processing /home/airflow/.local/lib/python3.12/site-packages/airflow/example_dags/example_skip_dag.py took 0.088 seconds
