[2026-03-22T00:00:17.540+0000] {processor.py:186} INFO - Started process (PID=24820) to work on /home/airflow/.local/lib/python3.12/site-packages/airflow/example_dags/example_params_trigger_ui.py
[2026-03-22T00:00:17.547+0000] {processor.py:914} INFO - Processing file /home/airflow/.local/lib/python3.12/site-packages/airflow/example_dags/example_params_trigger_ui.py for tasks to queue
[2026-03-22T00:00:17.573+0000] {logging_mixin.py:190} INFO - [2026-03-22T00:00:17.561+0000] {dagbag.py:588} INFO - Filling up the DagBag from /home/airflow/.local/lib/python3.12/site-packages/airflow/example_dags/example_params_trigger_ui.py
[2026-03-22T00:00:17.755+0000] {processor.py:925} INFO - DAG(s) 'example_params_trigger_ui' retrieved from /home/airflow/.local/lib/python3.12/site-packages/airflow/example_dags/example_params_trigger_ui.py
[2026-03-22T00:00:18.457+0000] {logging_mixin.py:190} INFO - [2026-03-22T00:00:18.456+0000] {dag.py:3239} INFO - Sync 1 DAGs
[2026-03-22T00:00:18.622+0000] {logging_mixin.py:190} INFO - [2026-03-22T00:00:18.621+0000] {dag.py:4180} INFO - Setting next_dagrun for example_params_trigger_ui to None, run_after=None
[2026-03-22T00:00:18.839+0000] {processor.py:208} INFO - Processing /home/airflow/.local/lib/python3.12/site-packages/airflow/example_dags/example_params_trigger_ui.py took 1.380 seconds
[2026-03-22T00:00:59.495+0000] {processor.py:186} INFO - Started process (PID=24897) to work on /home/airflow/.local/lib/python3.12/site-packages/airflow/example_dags/example_params_trigger_ui.py
[2026-03-22T00:00:59.504+0000] {processor.py:914} INFO - Processing file /home/airflow/.local/lib/python3.12/site-packages/airflow/example_dags/example_params_trigger_ui.py for tasks to queue
[2026-03-22T00:00:59.515+0000] {logging_mixin.py:190} INFO - [2026-03-22T00:00:59.512+0000] {dagbag.py:588} INFO - Filling up the DagBag from /home/airflow/.local/lib/python3.12/site-packages/airflow/example_dags/example_params_trigger_ui.py
[2026-03-22T00:00:59.613+0000] {processor.py:925} INFO - DAG(s) 'example_params_trigger_ui' retrieved from /home/airflow/.local/lib/python3.12/site-packages/airflow/example_dags/example_params_trigger_ui.py
[2026-03-22T00:00:59.915+0000] {logging_mixin.py:190} INFO - [2026-03-22T00:00:59.913+0000] {dag.py:3239} INFO - Sync 1 DAGs
[2026-03-22T00:01:00.005+0000] {logging_mixin.py:190} INFO - [2026-03-22T00:01:00.004+0000] {dag.py:4180} INFO - Setting next_dagrun for example_params_trigger_ui to None, run_after=None
[2026-03-22T00:01:00.123+0000] {processor.py:208} INFO - Processing /home/airflow/.local/lib/python3.12/site-packages/airflow/example_dags/example_params_trigger_ui.py took 0.672 seconds
[2026-03-22T00:03:39.675+0000] {processor.py:186} INFO - Started process (PID=24972) to work on /home/airflow/.local/lib/python3.12/site-packages/airflow/example_dags/example_params_trigger_ui.py
[2026-03-22T00:03:39.693+0000] {processor.py:914} INFO - Processing file /home/airflow/.local/lib/python3.12/site-packages/airflow/example_dags/example_params_trigger_ui.py for tasks to queue
[2026-03-22T00:03:39.707+0000] {logging_mixin.py:190} INFO - [2026-03-22T00:03:39.705+0000] {dagbag.py:588} INFO - Filling up the DagBag from /home/airflow/.local/lib/python3.12/site-packages/airflow/example_dags/example_params_trigger_ui.py
[2026-03-22T00:03:39.935+0000] {processor.py:925} INFO - DAG(s) 'example_params_trigger_ui' retrieved from /home/airflow/.local/lib/python3.12/site-packages/airflow/example_dags/example_params_trigger_ui.py
[2026-03-22T00:03:40.734+0000] {logging_mixin.py:190} INFO - [2026-03-22T00:03:40.733+0000] {dag.py:3239} INFO - Sync 1 DAGs
[2026-03-22T00:03:41.291+0000] {logging_mixin.py:190} INFO - [2026-03-22T00:03:41.290+0000] {dag.py:4180} INFO - Setting next_dagrun for example_params_trigger_ui to None, run_after=None
[2026-03-22T00:03:41.639+0000] {processor.py:208} INFO - Processing /home/airflow/.local/lib/python3.12/site-packages/airflow/example_dags/example_params_trigger_ui.py took 2.046 seconds
[2026-03-22T00:05:00.761+0000] {processor.py:186} INFO - Started process (PID=25041) to work on /home/airflow/.local/lib/python3.12/site-packages/airflow/example_dags/example_params_trigger_ui.py
[2026-03-22T00:05:00.769+0000] {processor.py:914} INFO - Processing file /home/airflow/.local/lib/python3.12/site-packages/airflow/example_dags/example_params_trigger_ui.py for tasks to queue
[2026-03-22T00:05:00.776+0000] {logging_mixin.py:190} INFO - [2026-03-22T00:05:00.774+0000] {dagbag.py:588} INFO - Filling up the DagBag from /home/airflow/.local/lib/python3.12/site-packages/airflow/example_dags/example_params_trigger_ui.py
[2026-03-22T00:05:00.836+0000] {processor.py:925} INFO - DAG(s) 'example_params_trigger_ui' retrieved from /home/airflow/.local/lib/python3.12/site-packages/airflow/example_dags/example_params_trigger_ui.py
[2026-03-22T00:05:01.179+0000] {logging_mixin.py:190} INFO - [2026-03-22T00:05:01.178+0000] {dag.py:3239} INFO - Sync 1 DAGs
[2026-03-22T00:05:01.296+0000] {logging_mixin.py:190} INFO - [2026-03-22T00:05:01.295+0000] {dag.py:4180} INFO - Setting next_dagrun for example_params_trigger_ui to None, run_after=None
[2026-03-22T00:05:01.425+0000] {processor.py:208} INFO - Processing /home/airflow/.local/lib/python3.12/site-packages/airflow/example_dags/example_params_trigger_ui.py took 0.691 seconds
[2026-03-22T00:05:31.869+0000] {processor.py:186} INFO - Started process (PID=25106) to work on /home/airflow/.local/lib/python3.12/site-packages/airflow/example_dags/example_params_trigger_ui.py
[2026-03-22T00:05:31.872+0000] {processor.py:914} INFO - Processing file /home/airflow/.local/lib/python3.12/site-packages/airflow/example_dags/example_params_trigger_ui.py for tasks to queue
[2026-03-22T00:05:31.875+0000] {logging_mixin.py:190} INFO - [2026-03-22T00:05:31.874+0000] {dagbag.py:588} INFO - Filling up the DagBag from /home/airflow/.local/lib/python3.12/site-packages/airflow/example_dags/example_params_trigger_ui.py
[2026-03-22T00:05:31.899+0000] {processor.py:925} INFO - DAG(s) 'example_params_trigger_ui' retrieved from /home/airflow/.local/lib/python3.12/site-packages/airflow/example_dags/example_params_trigger_ui.py
[2026-03-22T00:05:31.985+0000] {logging_mixin.py:190} INFO - [2026-03-22T00:05:31.984+0000] {dag.py:3239} INFO - Sync 1 DAGs
[2026-03-22T00:05:32.013+0000] {logging_mixin.py:190} INFO - [2026-03-22T00:05:32.012+0000] {dag.py:4180} INFO - Setting next_dagrun for example_params_trigger_ui to None, run_after=None
[2026-03-22T00:05:32.052+0000] {processor.py:208} INFO - Processing /home/airflow/.local/lib/python3.12/site-packages/airflow/example_dags/example_params_trigger_ui.py took 0.197 seconds
[2026-03-22T00:06:02.308+0000] {processor.py:186} INFO - Started process (PID=25171) to work on /home/airflow/.local/lib/python3.12/site-packages/airflow/example_dags/example_params_trigger_ui.py
[2026-03-22T00:06:02.310+0000] {processor.py:914} INFO - Processing file /home/airflow/.local/lib/python3.12/site-packages/airflow/example_dags/example_params_trigger_ui.py for tasks to queue
[2026-03-22T00:06:02.313+0000] {logging_mixin.py:190} INFO - [2026-03-22T00:06:02.312+0000] {dagbag.py:588} INFO - Filling up the DagBag from /home/airflow/.local/lib/python3.12/site-packages/airflow/example_dags/example_params_trigger_ui.py
[2026-03-22T00:06:02.339+0000] {processor.py:925} INFO - DAG(s) 'example_params_trigger_ui' retrieved from /home/airflow/.local/lib/python3.12/site-packages/airflow/example_dags/example_params_trigger_ui.py
[2026-03-22T00:06:02.420+0000] {logging_mixin.py:190} INFO - [2026-03-22T00:06:02.419+0000] {dag.py:3239} INFO - Sync 1 DAGs
[2026-03-22T00:06:02.450+0000] {logging_mixin.py:190} INFO - [2026-03-22T00:06:02.450+0000] {dag.py:4180} INFO - Setting next_dagrun for example_params_trigger_ui to None, run_after=None
[2026-03-22T00:06:02.488+0000] {processor.py:208} INFO - Processing /home/airflow/.local/lib/python3.12/site-packages/airflow/example_dags/example_params_trigger_ui.py took 0.192 seconds
[2026-03-22T00:06:33.546+0000] {processor.py:186} INFO - Started process (PID=25242) to work on /home/airflow/.local/lib/python3.12/site-packages/airflow/example_dags/example_params_trigger_ui.py
[2026-03-22T00:06:33.549+0000] {processor.py:914} INFO - Processing file /home/airflow/.local/lib/python3.12/site-packages/airflow/example_dags/example_params_trigger_ui.py for tasks to queue
[2026-03-22T00:06:33.552+0000] {logging_mixin.py:190} INFO - [2026-03-22T00:06:33.551+0000] {dagbag.py:588} INFO - Filling up the DagBag from /home/airflow/.local/lib/python3.12/site-packages/airflow/example_dags/example_params_trigger_ui.py
[2026-03-22T00:06:33.573+0000] {processor.py:925} INFO - DAG(s) 'example_params_trigger_ui' retrieved from /home/airflow/.local/lib/python3.12/site-packages/airflow/example_dags/example_params_trigger_ui.py
[2026-03-22T00:06:33.652+0000] {logging_mixin.py:190} INFO - [2026-03-22T00:06:33.652+0000] {dag.py:3239} INFO - Sync 1 DAGs
[2026-03-22T00:06:33.677+0000] {logging_mixin.py:190} INFO - [2026-03-22T00:06:33.677+0000] {dag.py:4180} INFO - Setting next_dagrun for example_params_trigger_ui to None, run_after=None
[2026-03-22T00:06:33.718+0000] {processor.py:208} INFO - Processing /home/airflow/.local/lib/python3.12/site-packages/airflow/example_dags/example_params_trigger_ui.py took 0.182 seconds
[2026-03-22T00:07:04.304+0000] {processor.py:186} INFO - Started process (PID=25307) to work on /home/airflow/.local/lib/python3.12/site-packages/airflow/example_dags/example_params_trigger_ui.py
[2026-03-22T00:07:04.306+0000] {processor.py:914} INFO - Processing file /home/airflow/.local/lib/python3.12/site-packages/airflow/example_dags/example_params_trigger_ui.py for tasks to queue
[2026-03-22T00:07:04.310+0000] {logging_mixin.py:190} INFO - [2026-03-22T00:07:04.309+0000] {dagbag.py:588} INFO - Filling up the DagBag from /home/airflow/.local/lib/python3.12/site-packages/airflow/example_dags/example_params_trigger_ui.py
[2026-03-22T00:07:04.338+0000] {processor.py:925} INFO - DAG(s) 'example_params_trigger_ui' retrieved from /home/airflow/.local/lib/python3.12/site-packages/airflow/example_dags/example_params_trigger_ui.py
[2026-03-22T00:07:04.429+0000] {logging_mixin.py:190} INFO - [2026-03-22T00:07:04.428+0000] {dag.py:3239} INFO - Sync 1 DAGs
[2026-03-22T00:07:04.460+0000] {logging_mixin.py:190} INFO - [2026-03-22T00:07:04.459+0000] {dag.py:4180} INFO - Setting next_dagrun for example_params_trigger_ui to None, run_after=None
[2026-03-22T00:07:04.505+0000] {processor.py:208} INFO - Processing /home/airflow/.local/lib/python3.12/site-packages/airflow/example_dags/example_params_trigger_ui.py took 0.215 seconds
[2026-03-22T00:07:43.028+0000] {processor.py:186} INFO - Started process (PID=25372) to work on /home/airflow/.local/lib/python3.12/site-packages/airflow/example_dags/example_params_trigger_ui.py
[2026-03-22T00:07:43.031+0000] {processor.py:914} INFO - Processing file /home/airflow/.local/lib/python3.12/site-packages/airflow/example_dags/example_params_trigger_ui.py for tasks to queue
[2026-03-22T00:07:43.037+0000] {logging_mixin.py:190} INFO - [2026-03-22T00:07:43.036+0000] {dagbag.py:588} INFO - Filling up the DagBag from /home/airflow/.local/lib/python3.12/site-packages/airflow/example_dags/example_params_trigger_ui.py
[2026-03-22T00:07:43.084+0000] {processor.py:925} INFO - DAG(s) 'example_params_trigger_ui' retrieved from /home/airflow/.local/lib/python3.12/site-packages/airflow/example_dags/example_params_trigger_ui.py
[2026-03-22T00:07:43.263+0000] {logging_mixin.py:190} INFO - [2026-03-22T00:07:43.262+0000] {dag.py:3239} INFO - Sync 1 DAGs
[2026-03-22T00:07:43.322+0000] {logging_mixin.py:190} INFO - [2026-03-22T00:07:43.321+0000] {dag.py:4180} INFO - Setting next_dagrun for example_params_trigger_ui to None, run_after=None
[2026-03-22T00:07:43.393+0000] {processor.py:208} INFO - Processing /home/airflow/.local/lib/python3.12/site-packages/airflow/example_dags/example_params_trigger_ui.py took 0.389 seconds
[2026-03-22T00:08:18.288+0000] {processor.py:186} INFO - Started process (PID=25437) to work on /home/airflow/.local/lib/python3.12/site-packages/airflow/example_dags/example_params_trigger_ui.py
[2026-03-22T00:08:18.292+0000] {processor.py:914} INFO - Processing file /home/airflow/.local/lib/python3.12/site-packages/airflow/example_dags/example_params_trigger_ui.py for tasks to queue
[2026-03-22T00:08:18.298+0000] {logging_mixin.py:190} INFO - [2026-03-22T00:08:18.296+0000] {dagbag.py:588} INFO - Filling up the DagBag from /home/airflow/.local/lib/python3.12/site-packages/airflow/example_dags/example_params_trigger_ui.py
[2026-03-22T00:08:18.357+0000] {processor.py:925} INFO - DAG(s) 'example_params_trigger_ui' retrieved from /home/airflow/.local/lib/python3.12/site-packages/airflow/example_dags/example_params_trigger_ui.py
[2026-03-22T00:08:18.599+0000] {logging_mixin.py:190} INFO - [2026-03-22T00:08:18.598+0000] {dag.py:3239} INFO - Sync 1 DAGs
[2026-03-22T00:08:18.674+0000] {logging_mixin.py:190} INFO - [2026-03-22T00:08:18.672+0000] {dag.py:4180} INFO - Setting next_dagrun for example_params_trigger_ui to None, run_after=None
[2026-03-22T00:08:18.756+0000] {processor.py:208} INFO - Processing /home/airflow/.local/lib/python3.12/site-packages/airflow/example_dags/example_params_trigger_ui.py took 0.490 seconds
[2026-03-22T00:08:49.458+0000] {processor.py:186} INFO - Started process (PID=25502) to work on /home/airflow/.local/lib/python3.12/site-packages/airflow/example_dags/example_params_trigger_ui.py
[2026-03-22T00:08:49.461+0000] {processor.py:914} INFO - Processing file /home/airflow/.local/lib/python3.12/site-packages/airflow/example_dags/example_params_trigger_ui.py for tasks to queue
[2026-03-22T00:08:49.467+0000] {logging_mixin.py:190} INFO - [2026-03-22T00:08:49.466+0000] {dagbag.py:588} INFO - Filling up the DagBag from /home/airflow/.local/lib/python3.12/site-packages/airflow/example_dags/example_params_trigger_ui.py
[2026-03-22T00:08:49.520+0000] {processor.py:925} INFO - DAG(s) 'example_params_trigger_ui' retrieved from /home/airflow/.local/lib/python3.12/site-packages/airflow/example_dags/example_params_trigger_ui.py
[2026-03-22T00:08:49.721+0000] {logging_mixin.py:190} INFO - [2026-03-22T00:08:49.720+0000] {dag.py:3239} INFO - Sync 1 DAGs
[2026-03-22T00:08:49.785+0000] {logging_mixin.py:190} INFO - [2026-03-22T00:08:49.784+0000] {dag.py:4180} INFO - Setting next_dagrun for example_params_trigger_ui to None, run_after=None
[2026-03-22T00:08:49.864+0000] {processor.py:208} INFO - Processing /home/airflow/.local/lib/python3.12/site-packages/airflow/example_dags/example_params_trigger_ui.py took 0.427 seconds
[2026-03-22T00:09:20.258+0000] {processor.py:186} INFO - Started process (PID=25567) to work on /home/airflow/.local/lib/python3.12/site-packages/airflow/example_dags/example_params_trigger_ui.py
[2026-03-22T00:09:20.261+0000] {processor.py:914} INFO - Processing file /home/airflow/.local/lib/python3.12/site-packages/airflow/example_dags/example_params_trigger_ui.py for tasks to queue
[2026-03-22T00:09:20.265+0000] {logging_mixin.py:190} INFO - [2026-03-22T00:09:20.264+0000] {dagbag.py:588} INFO - Filling up the DagBag from /home/airflow/.local/lib/python3.12/site-packages/airflow/example_dags/example_params_trigger_ui.py
[2026-03-22T00:09:20.294+0000] {processor.py:925} INFO - DAG(s) 'example_params_trigger_ui' retrieved from /home/airflow/.local/lib/python3.12/site-packages/airflow/example_dags/example_params_trigger_ui.py
[2026-03-22T00:09:20.404+0000] {logging_mixin.py:190} INFO - [2026-03-22T00:09:20.404+0000] {dag.py:3239} INFO - Sync 1 DAGs
[2026-03-22T00:09:20.445+0000] {logging_mixin.py:190} INFO - [2026-03-22T00:09:20.444+0000] {dag.py:4180} INFO - Setting next_dagrun for example_params_trigger_ui to None, run_after=None
[2026-03-22T00:09:20.502+0000] {processor.py:208} INFO - Processing /home/airflow/.local/lib/python3.12/site-packages/airflow/example_dags/example_params_trigger_ui.py took 0.260 seconds
[2026-03-22T00:09:51.788+0000] {processor.py:186} INFO - Started process (PID=25632) to work on /home/airflow/.local/lib/python3.12/site-packages/airflow/example_dags/example_params_trigger_ui.py
[2026-03-22T00:09:51.794+0000] {processor.py:914} INFO - Processing file /home/airflow/.local/lib/python3.12/site-packages/airflow/example_dags/example_params_trigger_ui.py for tasks to queue
[2026-03-22T00:09:51.803+0000] {logging_mixin.py:190} INFO - [2026-03-22T00:09:51.801+0000] {dagbag.py:588} INFO - Filling up the DagBag from /home/airflow/.local/lib/python3.12/site-packages/airflow/example_dags/example_params_trigger_ui.py
[2026-03-22T00:09:51.854+0000] {processor.py:925} INFO - DAG(s) 'example_params_trigger_ui' retrieved from /home/airflow/.local/lib/python3.12/site-packages/airflow/example_dags/example_params_trigger_ui.py
[2026-03-22T00:09:52.055+0000] {logging_mixin.py:190} INFO - [2026-03-22T00:09:52.054+0000] {dag.py:3239} INFO - Sync 1 DAGs
[2026-03-22T00:09:52.125+0000] {logging_mixin.py:190} INFO - [2026-03-22T00:09:52.124+0000] {dag.py:4180} INFO - Setting next_dagrun for example_params_trigger_ui to None, run_after=None
[2026-03-22T00:09:52.231+0000] {processor.py:208} INFO - Processing /home/airflow/.local/lib/python3.12/site-packages/airflow/example_dags/example_params_trigger_ui.py took 0.465 seconds
[2026-03-22T00:10:23.108+0000] {processor.py:186} INFO - Started process (PID=25697) to work on /home/airflow/.local/lib/python3.12/site-packages/airflow/example_dags/example_params_trigger_ui.py
[2026-03-22T00:10:23.110+0000] {processor.py:914} INFO - Processing file /home/airflow/.local/lib/python3.12/site-packages/airflow/example_dags/example_params_trigger_ui.py for tasks to queue
[2026-03-22T00:10:23.112+0000] {logging_mixin.py:190} INFO - [2026-03-22T00:10:23.112+0000] {dagbag.py:588} INFO - Filling up the DagBag from /home/airflow/.local/lib/python3.12/site-packages/airflow/example_dags/example_params_trigger_ui.py
[2026-03-22T00:10:23.143+0000] {processor.py:925} INFO - DAG(s) 'example_params_trigger_ui' retrieved from /home/airflow/.local/lib/python3.12/site-packages/airflow/example_dags/example_params_trigger_ui.py
[2026-03-22T00:10:23.260+0000] {logging_mixin.py:190} INFO - [2026-03-22T00:10:23.259+0000] {dag.py:3239} INFO - Sync 1 DAGs
[2026-03-22T00:10:23.305+0000] {logging_mixin.py:190} INFO - [2026-03-22T00:10:23.304+0000] {dag.py:4180} INFO - Setting next_dagrun for example_params_trigger_ui to None, run_after=None
[2026-03-22T00:10:23.360+0000] {processor.py:208} INFO - Processing /home/airflow/.local/lib/python3.12/site-packages/airflow/example_dags/example_params_trigger_ui.py took 0.263 seconds
[2026-03-22T00:10:53.612+0000] {processor.py:186} INFO - Started process (PID=25762) to work on /home/airflow/.local/lib/python3.12/site-packages/airflow/example_dags/example_params_trigger_ui.py
[2026-03-22T00:10:53.615+0000] {processor.py:914} INFO - Processing file /home/airflow/.local/lib/python3.12/site-packages/airflow/example_dags/example_params_trigger_ui.py for tasks to queue
[2026-03-22T00:10:53.618+0000] {logging_mixin.py:190} INFO - [2026-03-22T00:10:53.617+0000] {dagbag.py:588} INFO - Filling up the DagBag from /home/airflow/.local/lib/python3.12/site-packages/airflow/example_dags/example_params_trigger_ui.py
[2026-03-22T00:10:53.635+0000] {processor.py:925} INFO - DAG(s) 'example_params_trigger_ui' retrieved from /home/airflow/.local/lib/python3.12/site-packages/airflow/example_dags/example_params_trigger_ui.py
[2026-03-22T00:10:53.675+0000] {logging_mixin.py:190} INFO - [2026-03-22T00:10:53.675+0000] {dag.py:3239} INFO - Sync 1 DAGs
[2026-03-22T00:10:53.688+0000] {logging_mixin.py:190} INFO - [2026-03-22T00:10:53.688+0000] {dag.py:4180} INFO - Setting next_dagrun for example_params_trigger_ui to None, run_after=None
[2026-03-22T00:10:53.708+0000] {processor.py:208} INFO - Processing /home/airflow/.local/lib/python3.12/site-packages/airflow/example_dags/example_params_trigger_ui.py took 0.104 seconds
[2026-03-22T00:11:24.016+0000] {processor.py:186} INFO - Started process (PID=25826) to work on /home/airflow/.local/lib/python3.12/site-packages/airflow/example_dags/example_params_trigger_ui.py
[2026-03-22T00:11:24.017+0000] {processor.py:914} INFO - Processing file /home/airflow/.local/lib/python3.12/site-packages/airflow/example_dags/example_params_trigger_ui.py for tasks to queue
[2026-03-22T00:11:24.019+0000] {logging_mixin.py:190} INFO - [2026-03-22T00:11:24.019+0000] {dagbag.py:588} INFO - Filling up the DagBag from /home/airflow/.local/lib/python3.12/site-packages/airflow/example_dags/example_params_trigger_ui.py
[2026-03-22T00:11:24.032+0000] {processor.py:925} INFO - DAG(s) 'example_params_trigger_ui' retrieved from /home/airflow/.local/lib/python3.12/site-packages/airflow/example_dags/example_params_trigger_ui.py
[2026-03-22T00:11:24.074+0000] {logging_mixin.py:190} INFO - [2026-03-22T00:11:24.074+0000] {dag.py:3239} INFO - Sync 1 DAGs
[2026-03-22T00:11:24.089+0000] {logging_mixin.py:190} INFO - [2026-03-22T00:11:24.089+0000] {dag.py:4180} INFO - Setting next_dagrun for example_params_trigger_ui to None, run_after=None
[2026-03-22T00:11:24.113+0000] {processor.py:208} INFO - Processing /home/airflow/.local/lib/python3.12/site-packages/airflow/example_dags/example_params_trigger_ui.py took 0.105 seconds
[2026-03-22T00:11:54.530+0000] {processor.py:186} INFO - Started process (PID=25891) to work on /home/airflow/.local/lib/python3.12/site-packages/airflow/example_dags/example_params_trigger_ui.py
[2026-03-22T00:11:54.532+0000] {processor.py:914} INFO - Processing file /home/airflow/.local/lib/python3.12/site-packages/airflow/example_dags/example_params_trigger_ui.py for tasks to queue
[2026-03-22T00:11:54.533+0000] {logging_mixin.py:190} INFO - [2026-03-22T00:11:54.533+0000] {dagbag.py:588} INFO - Filling up the DagBag from /home/airflow/.local/lib/python3.12/site-packages/airflow/example_dags/example_params_trigger_ui.py
[2026-03-22T00:11:54.546+0000] {processor.py:925} INFO - DAG(s) 'example_params_trigger_ui' retrieved from /home/airflow/.local/lib/python3.12/site-packages/airflow/example_dags/example_params_trigger_ui.py
[2026-03-22T00:11:54.587+0000] {logging_mixin.py:190} INFO - [2026-03-22T00:11:54.587+0000] {dag.py:3239} INFO - Sync 1 DAGs
[2026-03-22T00:11:54.602+0000] {logging_mixin.py:190} INFO - [2026-03-22T00:11:54.602+0000] {dag.py:4180} INFO - Setting next_dagrun for example_params_trigger_ui to None, run_after=None
[2026-03-22T00:11:54.625+0000] {processor.py:208} INFO - Processing /home/airflow/.local/lib/python3.12/site-packages/airflow/example_dags/example_params_trigger_ui.py took 0.101 seconds
[2026-03-22T00:12:25.478+0000] {processor.py:186} INFO - Started process (PID=25956) to work on /home/airflow/.local/lib/python3.12/site-packages/airflow/example_dags/example_params_trigger_ui.py
[2026-03-22T00:12:25.479+0000] {processor.py:914} INFO - Processing file /home/airflow/.local/lib/python3.12/site-packages/airflow/example_dags/example_params_trigger_ui.py for tasks to queue
[2026-03-22T00:12:25.481+0000] {logging_mixin.py:190} INFO - [2026-03-22T00:12:25.480+0000] {dagbag.py:588} INFO - Filling up the DagBag from /home/airflow/.local/lib/python3.12/site-packages/airflow/example_dags/example_params_trigger_ui.py
[2026-03-22T00:12:25.497+0000] {processor.py:925} INFO - DAG(s) 'example_params_trigger_ui' retrieved from /home/airflow/.local/lib/python3.12/site-packages/airflow/example_dags/example_params_trigger_ui.py
[2026-03-22T00:12:25.551+0000] {logging_mixin.py:190} INFO - [2026-03-22T00:12:25.551+0000] {dag.py:3239} INFO - Sync 1 DAGs
[2026-03-22T00:12:25.569+0000] {logging_mixin.py:190} INFO - [2026-03-22T00:12:25.569+0000] {dag.py:4180} INFO - Setting next_dagrun for example_params_trigger_ui to None, run_after=None
[2026-03-22T00:12:25.598+0000] {processor.py:208} INFO - Processing /home/airflow/.local/lib/python3.12/site-packages/airflow/example_dags/example_params_trigger_ui.py took 0.128 seconds
[2026-03-22T00:12:55.878+0000] {processor.py:186} INFO - Started process (PID=26020) to work on /home/airflow/.local/lib/python3.12/site-packages/airflow/example_dags/example_params_trigger_ui.py
[2026-03-22T00:12:55.880+0000] {processor.py:914} INFO - Processing file /home/airflow/.local/lib/python3.12/site-packages/airflow/example_dags/example_params_trigger_ui.py for tasks to queue
[2026-03-22T00:12:55.882+0000] {logging_mixin.py:190} INFO - [2026-03-22T00:12:55.882+0000] {dagbag.py:588} INFO - Filling up the DagBag from /home/airflow/.local/lib/python3.12/site-packages/airflow/example_dags/example_params_trigger_ui.py
[2026-03-22T00:12:55.900+0000] {processor.py:925} INFO - DAG(s) 'example_params_trigger_ui' retrieved from /home/airflow/.local/lib/python3.12/site-packages/airflow/example_dags/example_params_trigger_ui.py
[2026-03-22T00:12:55.965+0000] {logging_mixin.py:190} INFO - [2026-03-22T00:12:55.965+0000] {dag.py:3239} INFO - Sync 1 DAGs
[2026-03-22T00:12:55.991+0000] {logging_mixin.py:190} INFO - [2026-03-22T00:12:55.990+0000] {dag.py:4180} INFO - Setting next_dagrun for example_params_trigger_ui to None, run_after=None
[2026-03-22T00:12:56.033+0000] {processor.py:208} INFO - Processing /home/airflow/.local/lib/python3.12/site-packages/airflow/example_dags/example_params_trigger_ui.py took 0.167 seconds
[2026-03-22T00:13:26.779+0000] {processor.py:186} INFO - Started process (PID=26085) to work on /home/airflow/.local/lib/python3.12/site-packages/airflow/example_dags/example_params_trigger_ui.py
[2026-03-22T00:13:26.783+0000] {processor.py:914} INFO - Processing file /home/airflow/.local/lib/python3.12/site-packages/airflow/example_dags/example_params_trigger_ui.py for tasks to queue
[2026-03-22T00:13:26.786+0000] {logging_mixin.py:190} INFO - [2026-03-22T00:13:26.785+0000] {dagbag.py:588} INFO - Filling up the DagBag from /home/airflow/.local/lib/python3.12/site-packages/airflow/example_dags/example_params_trigger_ui.py
[2026-03-22T00:13:26.808+0000] {processor.py:925} INFO - DAG(s) 'example_params_trigger_ui' retrieved from /home/airflow/.local/lib/python3.12/site-packages/airflow/example_dags/example_params_trigger_ui.py
[2026-03-22T00:13:26.881+0000] {logging_mixin.py:190} INFO - [2026-03-22T00:13:26.880+0000] {dag.py:3239} INFO - Sync 1 DAGs
[2026-03-22T00:13:26.904+0000] {logging_mixin.py:190} INFO - [2026-03-22T00:13:26.904+0000] {dag.py:4180} INFO - Setting next_dagrun for example_params_trigger_ui to None, run_after=None
[2026-03-22T00:13:26.938+0000] {processor.py:208} INFO - Processing /home/airflow/.local/lib/python3.12/site-packages/airflow/example_dags/example_params_trigger_ui.py took 0.168 seconds
[2026-03-22T00:13:57.120+0000] {processor.py:186} INFO - Started process (PID=26150) to work on /home/airflow/.local/lib/python3.12/site-packages/airflow/example_dags/example_params_trigger_ui.py
[2026-03-22T00:13:57.121+0000] {processor.py:914} INFO - Processing file /home/airflow/.local/lib/python3.12/site-packages/airflow/example_dags/example_params_trigger_ui.py for tasks to queue
[2026-03-22T00:13:57.122+0000] {logging_mixin.py:190} INFO - [2026-03-22T00:13:57.122+0000] {dagbag.py:588} INFO - Filling up the DagBag from /home/airflow/.local/lib/python3.12/site-packages/airflow/example_dags/example_params_trigger_ui.py
[2026-03-22T00:13:57.135+0000] {processor.py:925} INFO - DAG(s) 'example_params_trigger_ui' retrieved from /home/airflow/.local/lib/python3.12/site-packages/airflow/example_dags/example_params_trigger_ui.py
[2026-03-22T00:13:57.183+0000] {logging_mixin.py:190} INFO - [2026-03-22T00:13:57.182+0000] {dag.py:3239} INFO - Sync 1 DAGs
[2026-03-22T00:13:57.199+0000] {logging_mixin.py:190} INFO - [2026-03-22T00:13:57.199+0000] {dag.py:4180} INFO - Setting next_dagrun for example_params_trigger_ui to None, run_after=None
[2026-03-22T00:13:57.224+0000] {processor.py:208} INFO - Processing /home/airflow/.local/lib/python3.12/site-packages/airflow/example_dags/example_params_trigger_ui.py took 0.111 seconds
[2026-03-22T00:14:27.702+0000] {processor.py:186} INFO - Started process (PID=26215) to work on /home/airflow/.local/lib/python3.12/site-packages/airflow/example_dags/example_params_trigger_ui.py
[2026-03-22T00:14:27.703+0000] {processor.py:914} INFO - Processing file /home/airflow/.local/lib/python3.12/site-packages/airflow/example_dags/example_params_trigger_ui.py for tasks to queue
[2026-03-22T00:14:27.706+0000] {logging_mixin.py:190} INFO - [2026-03-22T00:14:27.706+0000] {dagbag.py:588} INFO - Filling up the DagBag from /home/airflow/.local/lib/python3.12/site-packages/airflow/example_dags/example_params_trigger_ui.py
[2026-03-22T00:14:27.719+0000] {processor.py:925} INFO - DAG(s) 'example_params_trigger_ui' retrieved from /home/airflow/.local/lib/python3.12/site-packages/airflow/example_dags/example_params_trigger_ui.py
[2026-03-22T00:14:27.752+0000] {logging_mixin.py:190} INFO - [2026-03-22T00:14:27.752+0000] {dag.py:3239} INFO - Sync 1 DAGs
[2026-03-22T00:14:27.764+0000] {logging_mixin.py:190} INFO - [2026-03-22T00:14:27.764+0000] {dag.py:4180} INFO - Setting next_dagrun for example_params_trigger_ui to None, run_after=None
[2026-03-22T00:14:27.782+0000] {processor.py:208} INFO - Processing /home/airflow/.local/lib/python3.12/site-packages/airflow/example_dags/example_params_trigger_ui.py took 0.086 seconds
[2026-03-22T00:14:58.469+0000] {processor.py:186} INFO - Started process (PID=26280) to work on /home/airflow/.local/lib/python3.12/site-packages/airflow/example_dags/example_params_trigger_ui.py
[2026-03-22T00:14:58.471+0000] {processor.py:914} INFO - Processing file /home/airflow/.local/lib/python3.12/site-packages/airflow/example_dags/example_params_trigger_ui.py for tasks to queue
[2026-03-22T00:14:58.472+0000] {logging_mixin.py:190} INFO - [2026-03-22T00:14:58.472+0000] {dagbag.py:588} INFO - Filling up the DagBag from /home/airflow/.local/lib/python3.12/site-packages/airflow/example_dags/example_params_trigger_ui.py
[2026-03-22T00:14:58.482+0000] {processor.py:925} INFO - DAG(s) 'example_params_trigger_ui' retrieved from /home/airflow/.local/lib/python3.12/site-packages/airflow/example_dags/example_params_trigger_ui.py
[2026-03-22T00:14:58.518+0000] {logging_mixin.py:190} INFO - [2026-03-22T00:14:58.518+0000] {dag.py:3239} INFO - Sync 1 DAGs
[2026-03-22T00:14:58.531+0000] {logging_mixin.py:190} INFO - [2026-03-22T00:14:58.530+0000] {dag.py:4180} INFO - Setting next_dagrun for example_params_trigger_ui to None, run_after=None
[2026-03-22T00:14:58.550+0000] {processor.py:208} INFO - Processing /home/airflow/.local/lib/python3.12/site-packages/airflow/example_dags/example_params_trigger_ui.py took 0.088 seconds
[2026-03-22T00:15:29.156+0000] {processor.py:186} INFO - Started process (PID=26344) to work on /home/airflow/.local/lib/python3.12/site-packages/airflow/example_dags/example_params_trigger_ui.py
[2026-03-22T00:15:29.157+0000] {processor.py:914} INFO - Processing file /home/airflow/.local/lib/python3.12/site-packages/airflow/example_dags/example_params_trigger_ui.py for tasks to queue
[2026-03-22T00:15:29.159+0000] {logging_mixin.py:190} INFO - [2026-03-22T00:15:29.158+0000] {dagbag.py:588} INFO - Filling up the DagBag from /home/airflow/.local/lib/python3.12/site-packages/airflow/example_dags/example_params_trigger_ui.py
[2026-03-22T00:15:29.172+0000] {processor.py:925} INFO - DAG(s) 'example_params_trigger_ui' retrieved from /home/airflow/.local/lib/python3.12/site-packages/airflow/example_dags/example_params_trigger_ui.py
[2026-03-22T00:15:29.215+0000] {logging_mixin.py:190} INFO - [2026-03-22T00:15:29.215+0000] {dag.py:3239} INFO - Sync 1 DAGs
[2026-03-22T00:15:29.229+0000] {logging_mixin.py:190} INFO - [2026-03-22T00:15:29.229+0000] {dag.py:4180} INFO - Setting next_dagrun for example_params_trigger_ui to None, run_after=None
[2026-03-22T00:15:29.253+0000] {processor.py:208} INFO - Processing /home/airflow/.local/lib/python3.12/site-packages/airflow/example_dags/example_params_trigger_ui.py took 0.103 seconds
[2026-03-22T02:12:54.961+0000] {processor.py:186} INFO - Started process (PID=26411) to work on /home/airflow/.local/lib/python3.12/site-packages/airflow/example_dags/example_params_trigger_ui.py
[2026-03-22T02:12:54.962+0000] {processor.py:914} INFO - Processing file /home/airflow/.local/lib/python3.12/site-packages/airflow/example_dags/example_params_trigger_ui.py for tasks to queue
[2026-03-22T02:12:54.964+0000] {logging_mixin.py:190} INFO - [2026-03-22T02:12:54.963+0000] {dagbag.py:588} INFO - Filling up the DagBag from /home/airflow/.local/lib/python3.12/site-packages/airflow/example_dags/example_params_trigger_ui.py
[2026-03-22T02:12:54.974+0000] {processor.py:925} INFO - DAG(s) 'example_params_trigger_ui' retrieved from /home/airflow/.local/lib/python3.12/site-packages/airflow/example_dags/example_params_trigger_ui.py
[2026-03-22T02:12:55.010+0000] {logging_mixin.py:190} INFO - [2026-03-22T02:12:55.010+0000] {dag.py:3239} INFO - Sync 1 DAGs
[2026-03-22T02:12:55.023+0000] {logging_mixin.py:190} INFO - [2026-03-22T02:12:55.022+0000] {dag.py:4180} INFO - Setting next_dagrun for example_params_trigger_ui to None, run_after=None
[2026-03-22T02:12:55.040+0000] {processor.py:208} INFO - Processing /home/airflow/.local/lib/python3.12/site-packages/airflow/example_dags/example_params_trigger_ui.py took 0.084 seconds
[2026-03-22T02:13:25.270+0000] {processor.py:186} INFO - Started process (PID=26476) to work on /home/airflow/.local/lib/python3.12/site-packages/airflow/example_dags/example_params_trigger_ui.py
[2026-03-22T02:13:25.271+0000] {processor.py:914} INFO - Processing file /home/airflow/.local/lib/python3.12/site-packages/airflow/example_dags/example_params_trigger_ui.py for tasks to queue
[2026-03-22T02:13:25.273+0000] {logging_mixin.py:190} INFO - [2026-03-22T02:13:25.272+0000] {dagbag.py:588} INFO - Filling up the DagBag from /home/airflow/.local/lib/python3.12/site-packages/airflow/example_dags/example_params_trigger_ui.py
[2026-03-22T02:13:25.282+0000] {processor.py:925} INFO - DAG(s) 'example_params_trigger_ui' retrieved from /home/airflow/.local/lib/python3.12/site-packages/airflow/example_dags/example_params_trigger_ui.py
[2026-03-22T02:13:25.314+0000] {logging_mixin.py:190} INFO - [2026-03-22T02:13:25.314+0000] {dag.py:3239} INFO - Sync 1 DAGs
[2026-03-22T02:13:25.325+0000] {logging_mixin.py:190} INFO - [2026-03-22T02:13:25.325+0000] {dag.py:4180} INFO - Setting next_dagrun for example_params_trigger_ui to None, run_after=None
[2026-03-22T02:13:25.340+0000] {processor.py:208} INFO - Processing /home/airflow/.local/lib/python3.12/site-packages/airflow/example_dags/example_params_trigger_ui.py took 0.075 seconds
[2026-03-22T02:13:56.419+0000] {processor.py:186} INFO - Started process (PID=26541) to work on /home/airflow/.local/lib/python3.12/site-packages/airflow/example_dags/example_params_trigger_ui.py
[2026-03-22T02:13:56.421+0000] {processor.py:914} INFO - Processing file /home/airflow/.local/lib/python3.12/site-packages/airflow/example_dags/example_params_trigger_ui.py for tasks to queue
[2026-03-22T02:13:56.423+0000] {logging_mixin.py:190} INFO - [2026-03-22T02:13:56.422+0000] {dagbag.py:588} INFO - Filling up the DagBag from /home/airflow/.local/lib/python3.12/site-packages/airflow/example_dags/example_params_trigger_ui.py
[2026-03-22T02:13:56.433+0000] {processor.py:925} INFO - DAG(s) 'example_params_trigger_ui' retrieved from /home/airflow/.local/lib/python3.12/site-packages/airflow/example_dags/example_params_trigger_ui.py
[2026-03-22T02:13:56.465+0000] {logging_mixin.py:190} INFO - [2026-03-22T02:13:56.465+0000] {dag.py:3239} INFO - Sync 1 DAGs
[2026-03-22T02:13:56.476+0000] {logging_mixin.py:190} INFO - [2026-03-22T02:13:56.476+0000] {dag.py:4180} INFO - Setting next_dagrun for example_params_trigger_ui to None, run_after=None
[2026-03-22T02:13:56.492+0000] {processor.py:208} INFO - Processing /home/airflow/.local/lib/python3.12/site-packages/airflow/example_dags/example_params_trigger_ui.py took 0.079 seconds
[2026-03-22T02:14:27.248+0000] {processor.py:186} INFO - Started process (PID=26606) to work on /home/airflow/.local/lib/python3.12/site-packages/airflow/example_dags/example_params_trigger_ui.py
[2026-03-22T02:14:27.249+0000] {processor.py:914} INFO - Processing file /home/airflow/.local/lib/python3.12/site-packages/airflow/example_dags/example_params_trigger_ui.py for tasks to queue
[2026-03-22T02:14:27.251+0000] {logging_mixin.py:190} INFO - [2026-03-22T02:14:27.251+0000] {dagbag.py:588} INFO - Filling up the DagBag from /home/airflow/.local/lib/python3.12/site-packages/airflow/example_dags/example_params_trigger_ui.py
[2026-03-22T02:14:27.264+0000] {processor.py:925} INFO - DAG(s) 'example_params_trigger_ui' retrieved from /home/airflow/.local/lib/python3.12/site-packages/airflow/example_dags/example_params_trigger_ui.py
[2026-03-22T02:14:27.304+0000] {logging_mixin.py:190} INFO - [2026-03-22T02:14:27.303+0000] {dag.py:3239} INFO - Sync 1 DAGs
[2026-03-22T02:14:27.316+0000] {logging_mixin.py:190} INFO - [2026-03-22T02:14:27.316+0000] {dag.py:4180} INFO - Setting next_dagrun for example_params_trigger_ui to None, run_after=None
[2026-03-22T02:14:27.332+0000] {processor.py:208} INFO - Processing /home/airflow/.local/lib/python3.12/site-packages/airflow/example_dags/example_params_trigger_ui.py took 0.091 seconds
[2026-03-22T02:14:58.583+0000] {processor.py:186} INFO - Started process (PID=26671) to work on /home/airflow/.local/lib/python3.12/site-packages/airflow/example_dags/example_params_trigger_ui.py
[2026-03-22T02:14:58.585+0000] {processor.py:914} INFO - Processing file /home/airflow/.local/lib/python3.12/site-packages/airflow/example_dags/example_params_trigger_ui.py for tasks to queue
[2026-03-22T02:14:58.586+0000] {logging_mixin.py:190} INFO - [2026-03-22T02:14:58.586+0000] {dagbag.py:588} INFO - Filling up the DagBag from /home/airflow/.local/lib/python3.12/site-packages/airflow/example_dags/example_params_trigger_ui.py
[2026-03-22T02:14:58.598+0000] {processor.py:925} INFO - DAG(s) 'example_params_trigger_ui' retrieved from /home/airflow/.local/lib/python3.12/site-packages/airflow/example_dags/example_params_trigger_ui.py
[2026-03-22T02:14:58.637+0000] {logging_mixin.py:190} INFO - [2026-03-22T02:14:58.637+0000] {dag.py:3239} INFO - Sync 1 DAGs
[2026-03-22T02:14:58.650+0000] {logging_mixin.py:190} INFO - [2026-03-22T02:14:58.649+0000] {dag.py:4180} INFO - Setting next_dagrun for example_params_trigger_ui to None, run_after=None
[2026-03-22T02:14:58.668+0000] {processor.py:208} INFO - Processing /home/airflow/.local/lib/python3.12/site-packages/airflow/example_dags/example_params_trigger_ui.py took 0.092 seconds
[2026-03-22T02:15:30.086+0000] {processor.py:186} INFO - Started process (PID=26736) to work on /home/airflow/.local/lib/python3.12/site-packages/airflow/example_dags/example_params_trigger_ui.py
[2026-03-22T02:15:30.087+0000] {processor.py:914} INFO - Processing file /home/airflow/.local/lib/python3.12/site-packages/airflow/example_dags/example_params_trigger_ui.py for tasks to queue
[2026-03-22T02:15:30.089+0000] {logging_mixin.py:190} INFO - [2026-03-22T02:15:30.088+0000] {dagbag.py:588} INFO - Filling up the DagBag from /home/airflow/.local/lib/python3.12/site-packages/airflow/example_dags/example_params_trigger_ui.py
[2026-03-22T02:15:30.100+0000] {processor.py:925} INFO - DAG(s) 'example_params_trigger_ui' retrieved from /home/airflow/.local/lib/python3.12/site-packages/airflow/example_dags/example_params_trigger_ui.py
[2026-03-22T02:15:30.143+0000] {logging_mixin.py:190} INFO - [2026-03-22T02:15:30.143+0000] {dag.py:3239} INFO - Sync 1 DAGs
[2026-03-22T02:15:30.159+0000] {logging_mixin.py:190} INFO - [2026-03-22T02:15:30.158+0000] {dag.py:4180} INFO - Setting next_dagrun for example_params_trigger_ui to None, run_after=None
[2026-03-22T02:15:30.178+0000] {processor.py:208} INFO - Processing /home/airflow/.local/lib/python3.12/site-packages/airflow/example_dags/example_params_trigger_ui.py took 0.099 seconds
[2026-03-22T02:16:01.276+0000] {processor.py:186} INFO - Started process (PID=26801) to work on /home/airflow/.local/lib/python3.12/site-packages/airflow/example_dags/example_params_trigger_ui.py
[2026-03-22T02:16:01.278+0000] {processor.py:914} INFO - Processing file /home/airflow/.local/lib/python3.12/site-packages/airflow/example_dags/example_params_trigger_ui.py for tasks to queue
[2026-03-22T02:16:01.279+0000] {logging_mixin.py:190} INFO - [2026-03-22T02:16:01.279+0000] {dagbag.py:588} INFO - Filling up the DagBag from /home/airflow/.local/lib/python3.12/site-packages/airflow/example_dags/example_params_trigger_ui.py
[2026-03-22T02:16:01.291+0000] {processor.py:925} INFO - DAG(s) 'example_params_trigger_ui' retrieved from /home/airflow/.local/lib/python3.12/site-packages/airflow/example_dags/example_params_trigger_ui.py
[2026-03-22T02:16:01.326+0000] {logging_mixin.py:190} INFO - [2026-03-22T02:16:01.325+0000] {dag.py:3239} INFO - Sync 1 DAGs
[2026-03-22T02:16:01.337+0000] {logging_mixin.py:190} INFO - [2026-03-22T02:16:01.337+0000] {dag.py:4180} INFO - Setting next_dagrun for example_params_trigger_ui to None, run_after=None
[2026-03-22T02:16:01.354+0000] {processor.py:208} INFO - Processing /home/airflow/.local/lib/python3.12/site-packages/airflow/example_dags/example_params_trigger_ui.py took 0.084 seconds
[2026-03-22T02:16:32.081+0000] {processor.py:186} INFO - Started process (PID=26866) to work on /home/airflow/.local/lib/python3.12/site-packages/airflow/example_dags/example_params_trigger_ui.py
[2026-03-22T02:16:32.082+0000] {processor.py:914} INFO - Processing file /home/airflow/.local/lib/python3.12/site-packages/airflow/example_dags/example_params_trigger_ui.py for tasks to queue
[2026-03-22T02:16:32.084+0000] {logging_mixin.py:190} INFO - [2026-03-22T02:16:32.083+0000] {dagbag.py:588} INFO - Filling up the DagBag from /home/airflow/.local/lib/python3.12/site-packages/airflow/example_dags/example_params_trigger_ui.py
[2026-03-22T02:16:32.097+0000] {processor.py:925} INFO - DAG(s) 'example_params_trigger_ui' retrieved from /home/airflow/.local/lib/python3.12/site-packages/airflow/example_dags/example_params_trigger_ui.py
[2026-03-22T02:16:32.139+0000] {logging_mixin.py:190} INFO - [2026-03-22T02:16:32.138+0000] {dag.py:3239} INFO - Sync 1 DAGs
[2026-03-22T02:16:32.154+0000] {logging_mixin.py:190} INFO - [2026-03-22T02:16:32.154+0000] {dag.py:4180} INFO - Setting next_dagrun for example_params_trigger_ui to None, run_after=None
[2026-03-22T02:16:32.175+0000] {processor.py:208} INFO - Processing /home/airflow/.local/lib/python3.12/site-packages/airflow/example_dags/example_params_trigger_ui.py took 0.101 seconds
