[2026-03-22T00:00:40.627+0000] {processor.py:186} INFO - Started process (PID=24854) to work on /home/airflow/.local/lib/python3.12/site-packages/airflow/example_dags/example_sla_dag.py
[2026-03-22T00:00:40.655+0000] {processor.py:914} INFO - Processing file /home/airflow/.local/lib/python3.12/site-packages/airflow/example_dags/example_sla_dag.py for tasks to queue
[2026-03-22T00:00:40.674+0000] {logging_mixin.py:190} INFO - [2026-03-22T00:00:40.673+0000] {dagbag.py:588} INFO - Filling up the DagBag from /home/airflow/.local/lib/python3.12/site-packages/airflow/example_dags/example_sla_dag.py
[2026-03-22T00:00:40.835+0000] {processor.py:925} INFO - DAG(s) 'example_sla_dag' retrieved from /home/airflow/.local/lib/python3.12/site-packages/airflow/example_dags/example_sla_dag.py
[2026-03-22T00:00:41.163+0000] {logging_mixin.py:190} INFO - [2026-03-22T00:00:41.163+0000] {dag.py:3239} INFO - Sync 1 DAGs
[2026-03-22T00:00:41.612+0000] {logging_mixin.py:190} INFO - [2026-03-22T00:00:41.611+0000] {dag.py:4180} INFO - Setting next_dagrun for example_sla_dag to 2026-03-21 23:58:00+00:00, run_after=2026-03-22 00:00:00+00:00
[2026-03-22T00:00:41.837+0000] {processor.py:208} INFO - Processing /home/airflow/.local/lib/python3.12/site-packages/airflow/example_dags/example_sla_dag.py took 1.266 seconds
[2026-03-22T00:01:24.542+0000] {processor.py:186} INFO - Started process (PID=24920) to work on /home/airflow/.local/lib/python3.12/site-packages/airflow/example_dags/example_sla_dag.py
[2026-03-22T00:01:24.546+0000] {processor.py:914} INFO - Processing file /home/airflow/.local/lib/python3.12/site-packages/airflow/example_dags/example_sla_dag.py for tasks to queue
[2026-03-22T00:01:24.553+0000] {logging_mixin.py:190} INFO - [2026-03-22T00:01:24.551+0000] {dagbag.py:588} INFO - Filling up the DagBag from /home/airflow/.local/lib/python3.12/site-packages/airflow/example_dags/example_sla_dag.py
[2026-03-22T00:01:24.617+0000] {processor.py:925} INFO - DAG(s) 'example_sla_dag' retrieved from /home/airflow/.local/lib/python3.12/site-packages/airflow/example_dags/example_sla_dag.py
[2026-03-22T00:01:24.780+0000] {logging_mixin.py:190} INFO - [2026-03-22T00:01:24.778+0000] {dag.py:3239} INFO - Sync 1 DAGs
[2026-03-22T00:01:25.137+0000] {logging_mixin.py:190} INFO - [2026-03-22T00:01:25.135+0000] {dag.py:4180} INFO - Setting next_dagrun for example_sla_dag to 2026-03-21 23:58:00+00:00, run_after=2026-03-22 00:00:00+00:00
[2026-03-22T00:01:25.663+0000] {processor.py:208} INFO - Processing /home/airflow/.local/lib/python3.12/site-packages/airflow/example_dags/example_sla_dag.py took 1.153 seconds
[2026-03-22T00:04:48.270+0000] {processor.py:186} INFO - Started process (PID=25022) to work on /home/airflow/.local/lib/python3.12/site-packages/airflow/example_dags/example_sla_dag.py
[2026-03-22T00:04:48.300+0000] {processor.py:914} INFO - Processing file /home/airflow/.local/lib/python3.12/site-packages/airflow/example_dags/example_sla_dag.py for tasks to queue
[2026-03-22T00:04:48.307+0000] {logging_mixin.py:190} INFO - [2026-03-22T00:04:48.306+0000] {dagbag.py:588} INFO - Filling up the DagBag from /home/airflow/.local/lib/python3.12/site-packages/airflow/example_dags/example_sla_dag.py
[2026-03-22T00:04:48.427+0000] {processor.py:925} INFO - DAG(s) 'example_sla_dag' retrieved from /home/airflow/.local/lib/python3.12/site-packages/airflow/example_dags/example_sla_dag.py
[2026-03-22T00:04:48.613+0000] {logging_mixin.py:190} INFO - [2026-03-22T00:04:48.612+0000] {dag.py:3239} INFO - Sync 1 DAGs
[2026-03-22T00:04:48.854+0000] {logging_mixin.py:190} INFO - [2026-03-22T00:04:48.853+0000] {dag.py:4180} INFO - Setting next_dagrun for example_sla_dag to 2026-03-22 00:02:00+00:00, run_after=2026-03-22 00:04:00+00:00
[2026-03-22T00:04:49.085+0000] {processor.py:208} INFO - Processing /home/airflow/.local/lib/python3.12/site-packages/airflow/example_dags/example_sla_dag.py took 0.896 seconds
[2026-03-22T00:05:19.679+0000] {processor.py:186} INFO - Started process (PID=25086) to work on /home/airflow/.local/lib/python3.12/site-packages/airflow/example_dags/example_sla_dag.py
[2026-03-22T00:05:19.686+0000] {processor.py:914} INFO - Processing file /home/airflow/.local/lib/python3.12/site-packages/airflow/example_dags/example_sla_dag.py for tasks to queue
[2026-03-22T00:05:19.693+0000] {logging_mixin.py:190} INFO - [2026-03-22T00:05:19.691+0000] {dagbag.py:588} INFO - Filling up the DagBag from /home/airflow/.local/lib/python3.12/site-packages/airflow/example_dags/example_sla_dag.py
[2026-03-22T00:05:19.740+0000] {processor.py:925} INFO - DAG(s) 'example_sla_dag' retrieved from /home/airflow/.local/lib/python3.12/site-packages/airflow/example_dags/example_sla_dag.py
[2026-03-22T00:05:19.829+0000] {logging_mixin.py:190} INFO - [2026-03-22T00:05:19.828+0000] {dag.py:3239} INFO - Sync 1 DAGs
[2026-03-22T00:05:19.953+0000] {logging_mixin.py:190} INFO - [2026-03-22T00:05:19.952+0000] {dag.py:4180} INFO - Setting next_dagrun for example_sla_dag to 2026-03-22 00:02:00+00:00, run_after=2026-03-22 00:04:00+00:00
[2026-03-22T00:05:20.049+0000] {processor.py:208} INFO - Processing /home/airflow/.local/lib/python3.12/site-packages/airflow/example_dags/example_sla_dag.py took 0.398 seconds
[2026-03-22T00:05:50.915+0000] {processor.py:186} INFO - Started process (PID=25152) to work on /home/airflow/.local/lib/python3.12/site-packages/airflow/example_dags/example_sla_dag.py
[2026-03-22T00:05:50.917+0000] {processor.py:914} INFO - Processing file /home/airflow/.local/lib/python3.12/site-packages/airflow/example_dags/example_sla_dag.py for tasks to queue
[2026-03-22T00:05:50.920+0000] {logging_mixin.py:190} INFO - [2026-03-22T00:05:50.919+0000] {dagbag.py:588} INFO - Filling up the DagBag from /home/airflow/.local/lib/python3.12/site-packages/airflow/example_dags/example_sla_dag.py
[2026-03-22T00:05:50.940+0000] {processor.py:925} INFO - DAG(s) 'example_sla_dag' retrieved from /home/airflow/.local/lib/python3.12/site-packages/airflow/example_dags/example_sla_dag.py
[2026-03-22T00:05:50.973+0000] {logging_mixin.py:190} INFO - [2026-03-22T00:05:50.973+0000] {dag.py:3239} INFO - Sync 1 DAGs
[2026-03-22T00:05:51.017+0000] {logging_mixin.py:190} INFO - [2026-03-22T00:05:51.016+0000] {dag.py:4180} INFO - Setting next_dagrun for example_sla_dag to 2026-03-22 00:02:00+00:00, run_after=2026-03-22 00:04:00+00:00
[2026-03-22T00:05:51.052+0000] {processor.py:208} INFO - Processing /home/airflow/.local/lib/python3.12/site-packages/airflow/example_dags/example_sla_dag.py took 0.148 seconds
[2026-03-22T00:06:21.561+0000] {processor.py:186} INFO - Started process (PID=25217) to work on /home/airflow/.local/lib/python3.12/site-packages/airflow/example_dags/example_sla_dag.py
[2026-03-22T00:06:21.563+0000] {processor.py:914} INFO - Processing file /home/airflow/.local/lib/python3.12/site-packages/airflow/example_dags/example_sla_dag.py for tasks to queue
[2026-03-22T00:06:21.565+0000] {logging_mixin.py:190} INFO - [2026-03-22T00:06:21.564+0000] {dagbag.py:588} INFO - Filling up the DagBag from /home/airflow/.local/lib/python3.12/site-packages/airflow/example_dags/example_sla_dag.py
[2026-03-22T00:06:21.578+0000] {processor.py:925} INFO - DAG(s) 'example_sla_dag' retrieved from /home/airflow/.local/lib/python3.12/site-packages/airflow/example_dags/example_sla_dag.py
[2026-03-22T00:06:21.602+0000] {logging_mixin.py:190} INFO - [2026-03-22T00:06:21.601+0000] {dag.py:3239} INFO - Sync 1 DAGs
[2026-03-22T00:06:21.632+0000] {logging_mixin.py:190} INFO - [2026-03-22T00:06:21.632+0000] {dag.py:4180} INFO - Setting next_dagrun for example_sla_dag to 2026-03-22 00:04:00+00:00, run_after=2026-03-22 00:06:00+00:00
[2026-03-22T00:06:21.659+0000] {processor.py:208} INFO - Processing /home/airflow/.local/lib/python3.12/site-packages/airflow/example_dags/example_sla_dag.py took 0.104 seconds
[2026-03-22T00:06:54.728+0000] {processor.py:186} INFO - Started process (PID=25282) to work on /home/airflow/.local/lib/python3.12/site-packages/airflow/example_dags/example_sla_dag.py
[2026-03-22T00:06:54.736+0000] {processor.py:914} INFO - Processing file /home/airflow/.local/lib/python3.12/site-packages/airflow/example_dags/example_sla_dag.py for tasks to queue
[2026-03-22T00:06:54.743+0000] {logging_mixin.py:190} INFO - [2026-03-22T00:06:54.742+0000] {dagbag.py:588} INFO - Filling up the DagBag from /home/airflow/.local/lib/python3.12/site-packages/airflow/example_dags/example_sla_dag.py
[2026-03-22T00:06:54.789+0000] {processor.py:925} INFO - DAG(s) 'example_sla_dag' retrieved from /home/airflow/.local/lib/python3.12/site-packages/airflow/example_dags/example_sla_dag.py
[2026-03-22T00:06:54.866+0000] {logging_mixin.py:190} INFO - [2026-03-22T00:06:54.865+0000] {dag.py:3239} INFO - Sync 1 DAGs
[2026-03-22T00:06:54.974+0000] {logging_mixin.py:190} INFO - [2026-03-22T00:06:54.973+0000] {dag.py:4180} INFO - Setting next_dagrun for example_sla_dag to 2026-03-22 00:04:00+00:00, run_after=2026-03-22 00:06:00+00:00
[2026-03-22T00:06:55.043+0000] {processor.py:208} INFO - Processing /home/airflow/.local/lib/python3.12/site-packages/airflow/example_dags/example_sla_dag.py took 0.342 seconds
[2026-03-22T00:07:31.104+0000] {processor.py:186} INFO - Started process (PID=25342) to work on /home/airflow/.local/lib/python3.12/site-packages/airflow/example_dags/example_sla_dag.py
[2026-03-22T00:07:31.109+0000] {processor.py:914} INFO - Processing file /home/airflow/.local/lib/python3.12/site-packages/airflow/example_dags/example_sla_dag.py for tasks to queue
[2026-03-22T00:07:31.120+0000] {logging_mixin.py:190} INFO - [2026-03-22T00:07:31.118+0000] {dagbag.py:588} INFO - Filling up the DagBag from /home/airflow/.local/lib/python3.12/site-packages/airflow/example_dags/example_sla_dag.py
[2026-03-22T00:07:31.216+0000] {processor.py:925} INFO - DAG(s) 'example_sla_dag' retrieved from /home/airflow/.local/lib/python3.12/site-packages/airflow/example_dags/example_sla_dag.py
[2026-03-22T00:07:31.395+0000] {logging_mixin.py:190} INFO - [2026-03-22T00:07:31.394+0000] {dag.py:3239} INFO - Sync 1 DAGs
[2026-03-22T00:07:31.696+0000] {logging_mixin.py:190} INFO - [2026-03-22T00:07:31.695+0000] {dag.py:4180} INFO - Setting next_dagrun for example_sla_dag to 2026-03-22 00:04:00+00:00, run_after=2026-03-22 00:06:00+00:00
[2026-03-22T00:07:31.792+0000] {processor.py:208} INFO - Processing /home/airflow/.local/lib/python3.12/site-packages/airflow/example_dags/example_sla_dag.py took 0.739 seconds
[2026-03-22T00:08:02.959+0000] {processor.py:186} INFO - Started process (PID=25407) to work on /home/airflow/.local/lib/python3.12/site-packages/airflow/example_dags/example_sla_dag.py
[2026-03-22T00:08:02.987+0000] {processor.py:914} INFO - Processing file /home/airflow/.local/lib/python3.12/site-packages/airflow/example_dags/example_sla_dag.py for tasks to queue
[2026-03-22T00:08:03.003+0000] {logging_mixin.py:190} INFO - [2026-03-22T00:08:03.002+0000] {dagbag.py:588} INFO - Filling up the DagBag from /home/airflow/.local/lib/python3.12/site-packages/airflow/example_dags/example_sla_dag.py
[2026-03-22T00:08:03.117+0000] {processor.py:925} INFO - DAG(s) 'example_sla_dag' retrieved from /home/airflow/.local/lib/python3.12/site-packages/airflow/example_dags/example_sla_dag.py
[2026-03-22T00:08:03.259+0000] {logging_mixin.py:190} INFO - [2026-03-22T00:08:03.258+0000] {dag.py:3239} INFO - Sync 1 DAGs
[2026-03-22T00:08:03.566+0000] {logging_mixin.py:190} INFO - [2026-03-22T00:08:03.565+0000] {dag.py:4180} INFO - Setting next_dagrun for example_sla_dag to 2026-03-22 00:06:00+00:00, run_after=2026-03-22 00:08:00+00:00
[2026-03-22T00:08:03.797+0000] {processor.py:208} INFO - Processing /home/airflow/.local/lib/python3.12/site-packages/airflow/example_dags/example_sla_dag.py took 0.898 seconds
[2026-03-22T00:08:34.093+0000] {processor.py:186} INFO - Started process (PID=25472) to work on /home/airflow/.local/lib/python3.12/site-packages/airflow/example_dags/example_sla_dag.py
[2026-03-22T00:08:34.100+0000] {processor.py:914} INFO - Processing file /home/airflow/.local/lib/python3.12/site-packages/airflow/example_dags/example_sla_dag.py for tasks to queue
[2026-03-22T00:08:34.106+0000] {logging_mixin.py:190} INFO - [2026-03-22T00:08:34.104+0000] {dagbag.py:588} INFO - Filling up the DagBag from /home/airflow/.local/lib/python3.12/site-packages/airflow/example_dags/example_sla_dag.py
[2026-03-22T00:08:34.152+0000] {processor.py:925} INFO - DAG(s) 'example_sla_dag' retrieved from /home/airflow/.local/lib/python3.12/site-packages/airflow/example_dags/example_sla_dag.py
[2026-03-22T00:08:34.230+0000] {logging_mixin.py:190} INFO - [2026-03-22T00:08:34.229+0000] {dag.py:3239} INFO - Sync 1 DAGs
[2026-03-22T00:08:34.344+0000] {logging_mixin.py:190} INFO - [2026-03-22T00:08:34.343+0000] {dag.py:4180} INFO - Setting next_dagrun for example_sla_dag to 2026-03-22 00:06:00+00:00, run_after=2026-03-22 00:08:00+00:00
[2026-03-22T00:08:34.420+0000] {processor.py:208} INFO - Processing /home/airflow/.local/lib/python3.12/site-packages/airflow/example_dags/example_sla_dag.py took 0.354 seconds
[2026-03-22T00:09:05.242+0000] {processor.py:186} INFO - Started process (PID=25543) to work on /home/airflow/.local/lib/python3.12/site-packages/airflow/example_dags/example_sla_dag.py
[2026-03-22T00:09:05.245+0000] {processor.py:914} INFO - Processing file /home/airflow/.local/lib/python3.12/site-packages/airflow/example_dags/example_sla_dag.py for tasks to queue
[2026-03-22T00:09:05.248+0000] {logging_mixin.py:190} INFO - [2026-03-22T00:09:05.247+0000] {dagbag.py:588} INFO - Filling up the DagBag from /home/airflow/.local/lib/python3.12/site-packages/airflow/example_dags/example_sla_dag.py
[2026-03-22T00:09:05.262+0000] {processor.py:925} INFO - DAG(s) 'example_sla_dag' retrieved from /home/airflow/.local/lib/python3.12/site-packages/airflow/example_dags/example_sla_dag.py
[2026-03-22T00:09:05.291+0000] {logging_mixin.py:190} INFO - [2026-03-22T00:09:05.290+0000] {dag.py:3239} INFO - Sync 1 DAGs
[2026-03-22T00:09:05.327+0000] {logging_mixin.py:190} INFO - [2026-03-22T00:09:05.327+0000] {dag.py:4180} INFO - Setting next_dagrun for example_sla_dag to 2026-03-22 00:06:00+00:00, run_after=2026-03-22 00:08:00+00:00
[2026-03-22T00:09:05.359+0000] {processor.py:208} INFO - Processing /home/airflow/.local/lib/python3.12/site-packages/airflow/example_dags/example_sla_dag.py took 0.124 seconds
[2026-03-22T00:09:35.630+0000] {processor.py:186} INFO - Started process (PID=25608) to work on /home/airflow/.local/lib/python3.12/site-packages/airflow/example_dags/example_sla_dag.py
[2026-03-22T00:09:35.631+0000] {processor.py:914} INFO - Processing file /home/airflow/.local/lib/python3.12/site-packages/airflow/example_dags/example_sla_dag.py for tasks to queue
[2026-03-22T00:09:35.634+0000] {logging_mixin.py:190} INFO - [2026-03-22T00:09:35.633+0000] {dagbag.py:588} INFO - Filling up the DagBag from /home/airflow/.local/lib/python3.12/site-packages/airflow/example_dags/example_sla_dag.py
[2026-03-22T00:09:35.647+0000] {processor.py:925} INFO - DAG(s) 'example_sla_dag' retrieved from /home/airflow/.local/lib/python3.12/site-packages/airflow/example_dags/example_sla_dag.py
[2026-03-22T00:09:35.671+0000] {logging_mixin.py:190} INFO - [2026-03-22T00:09:35.671+0000] {dag.py:3239} INFO - Sync 1 DAGs
[2026-03-22T00:09:35.701+0000] {logging_mixin.py:190} INFO - [2026-03-22T00:09:35.701+0000] {dag.py:4180} INFO - Setting next_dagrun for example_sla_dag to 2026-03-22 00:06:00+00:00, run_after=2026-03-22 00:08:00+00:00
[2026-03-22T00:09:35.728+0000] {processor.py:208} INFO - Processing /home/airflow/.local/lib/python3.12/site-packages/airflow/example_dags/example_sla_dag.py took 0.106 seconds
[2026-03-22T00:10:06.186+0000] {processor.py:186} INFO - Started process (PID=25673) to work on /home/airflow/.local/lib/python3.12/site-packages/airflow/example_dags/example_sla_dag.py
[2026-03-22T00:10:06.187+0000] {processor.py:914} INFO - Processing file /home/airflow/.local/lib/python3.12/site-packages/airflow/example_dags/example_sla_dag.py for tasks to queue
[2026-03-22T00:10:06.189+0000] {logging_mixin.py:190} INFO - [2026-03-22T00:10:06.188+0000] {dagbag.py:588} INFO - Filling up the DagBag from /home/airflow/.local/lib/python3.12/site-packages/airflow/example_dags/example_sla_dag.py
[2026-03-22T00:10:06.199+0000] {processor.py:925} INFO - DAG(s) 'example_sla_dag' retrieved from /home/airflow/.local/lib/python3.12/site-packages/airflow/example_dags/example_sla_dag.py
[2026-03-22T00:10:06.220+0000] {logging_mixin.py:190} INFO - [2026-03-22T00:10:06.220+0000] {dag.py:3239} INFO - Sync 1 DAGs
[2026-03-22T00:10:06.244+0000] {logging_mixin.py:190} INFO - [2026-03-22T00:10:06.243+0000] {dag.py:4180} INFO - Setting next_dagrun for example_sla_dag to 2026-03-22 00:08:00+00:00, run_after=2026-03-22 00:10:00+00:00
[2026-03-22T00:10:06.267+0000] {processor.py:208} INFO - Processing /home/airflow/.local/lib/python3.12/site-packages/airflow/example_dags/example_sla_dag.py took 0.087 seconds
[2026-03-22T00:10:36.981+0000] {processor.py:186} INFO - Started process (PID=25738) to work on /home/airflow/.local/lib/python3.12/site-packages/airflow/example_dags/example_sla_dag.py
[2026-03-22T00:10:36.984+0000] {processor.py:914} INFO - Processing file /home/airflow/.local/lib/python3.12/site-packages/airflow/example_dags/example_sla_dag.py for tasks to queue
[2026-03-22T00:10:36.987+0000] {logging_mixin.py:190} INFO - [2026-03-22T00:10:36.986+0000] {dagbag.py:588} INFO - Filling up the DagBag from /home/airflow/.local/lib/python3.12/site-packages/airflow/example_dags/example_sla_dag.py
[2026-03-22T00:10:37.010+0000] {processor.py:925} INFO - DAG(s) 'example_sla_dag' retrieved from /home/airflow/.local/lib/python3.12/site-packages/airflow/example_dags/example_sla_dag.py
[2026-03-22T00:10:37.059+0000] {logging_mixin.py:190} INFO - [2026-03-22T00:10:37.058+0000] {dag.py:3239} INFO - Sync 1 DAGs
[2026-03-22T00:10:37.112+0000] {logging_mixin.py:190} INFO - [2026-03-22T00:10:37.111+0000] {dag.py:4180} INFO - Setting next_dagrun for example_sla_dag to 2026-03-22 00:08:00+00:00, run_after=2026-03-22 00:10:00+00:00
[2026-03-22T00:10:37.155+0000] {processor.py:208} INFO - Processing /home/airflow/.local/lib/python3.12/site-packages/airflow/example_dags/example_sla_dag.py took 0.186 seconds
[2026-03-22T00:11:07.591+0000] {processor.py:186} INFO - Started process (PID=25803) to work on /home/airflow/.local/lib/python3.12/site-packages/airflow/example_dags/example_sla_dag.py
[2026-03-22T00:11:07.593+0000] {processor.py:914} INFO - Processing file /home/airflow/.local/lib/python3.12/site-packages/airflow/example_dags/example_sla_dag.py for tasks to queue
[2026-03-22T00:11:07.595+0000] {logging_mixin.py:190} INFO - [2026-03-22T00:11:07.595+0000] {dagbag.py:588} INFO - Filling up the DagBag from /home/airflow/.local/lib/python3.12/site-packages/airflow/example_dags/example_sla_dag.py
[2026-03-22T00:11:07.611+0000] {processor.py:925} INFO - DAG(s) 'example_sla_dag' retrieved from /home/airflow/.local/lib/python3.12/site-packages/airflow/example_dags/example_sla_dag.py
[2026-03-22T00:11:07.640+0000] {logging_mixin.py:190} INFO - [2026-03-22T00:11:07.639+0000] {dag.py:3239} INFO - Sync 1 DAGs
[2026-03-22T00:11:07.674+0000] {logging_mixin.py:190} INFO - [2026-03-22T00:11:07.674+0000] {dag.py:4180} INFO - Setting next_dagrun for example_sla_dag to 2026-03-22 00:08:00+00:00, run_after=2026-03-22 00:10:00+00:00
[2026-03-22T00:11:07.704+0000] {processor.py:208} INFO - Processing /home/airflow/.local/lib/python3.12/site-packages/airflow/example_dags/example_sla_dag.py took 0.122 seconds
[2026-03-22T00:11:38.165+0000] {processor.py:186} INFO - Started process (PID=25867) to work on /home/airflow/.local/lib/python3.12/site-packages/airflow/example_dags/example_sla_dag.py
[2026-03-22T00:11:38.167+0000] {processor.py:914} INFO - Processing file /home/airflow/.local/lib/python3.12/site-packages/airflow/example_dags/example_sla_dag.py for tasks to queue
[2026-03-22T00:11:38.169+0000] {logging_mixin.py:190} INFO - [2026-03-22T00:11:38.168+0000] {dagbag.py:588} INFO - Filling up the DagBag from /home/airflow/.local/lib/python3.12/site-packages/airflow/example_dags/example_sla_dag.py
[2026-03-22T00:11:38.178+0000] {processor.py:925} INFO - DAG(s) 'example_sla_dag' retrieved from /home/airflow/.local/lib/python3.12/site-packages/airflow/example_dags/example_sla_dag.py
[2026-03-22T00:11:38.197+0000] {logging_mixin.py:190} INFO - [2026-03-22T00:11:38.197+0000] {dag.py:3239} INFO - Sync 1 DAGs
[2026-03-22T00:11:38.218+0000] {logging_mixin.py:190} INFO - [2026-03-22T00:11:38.218+0000] {dag.py:4180} INFO - Setting next_dagrun for example_sla_dag to 2026-03-22 00:08:00+00:00, run_after=2026-03-22 00:10:00+00:00
[2026-03-22T00:11:38.237+0000] {processor.py:208} INFO - Processing /home/airflow/.local/lib/python3.12/site-packages/airflow/example_dags/example_sla_dag.py took 0.078 seconds
[2026-03-22T00:12:08.738+0000] {processor.py:186} INFO - Started process (PID=25932) to work on /home/airflow/.local/lib/python3.12/site-packages/airflow/example_dags/example_sla_dag.py
[2026-03-22T00:12:08.740+0000] {processor.py:914} INFO - Processing file /home/airflow/.local/lib/python3.12/site-packages/airflow/example_dags/example_sla_dag.py for tasks to queue
[2026-03-22T00:12:08.732+0000] {logging_mixin.py:190} INFO - [2026-03-22T00:12:08.742+0000] {dagbag.py:588} INFO - Filling up the DagBag from /home/airflow/.local/lib/python3.12/site-packages/airflow/example_dags/example_sla_dag.py
[2026-03-22T00:12:08.742+0000] {processor.py:925} INFO - DAG(s) 'example_sla_dag' retrieved from /home/airflow/.local/lib/python3.12/site-packages/airflow/example_dags/example_sla_dag.py
[2026-03-22T00:12:08.758+0000] {logging_mixin.py:190} INFO - [2026-03-22T00:12:08.758+0000] {dag.py:3239} INFO - Sync 1 DAGs
[2026-03-22T00:12:08.777+0000] {logging_mixin.py:190} INFO - [2026-03-22T00:12:08.777+0000] {dag.py:4180} INFO - Setting next_dagrun for example_sla_dag to 2026-03-22 00:10:00+00:00, run_after=2026-03-22 00:12:00+00:00
[2026-03-22T00:12:08.797+0000] {processor.py:208} INFO - Processing /home/airflow/.local/lib/python3.12/site-packages/airflow/example_dags/example_sla_dag.py took 0.076 seconds
[2026-03-22T00:12:39.345+0000] {processor.py:186} INFO - Started process (PID=25997) to work on /home/airflow/.local/lib/python3.12/site-packages/airflow/example_dags/example_sla_dag.py
[2026-03-22T00:12:39.347+0000] {processor.py:914} INFO - Processing file /home/airflow/.local/lib/python3.12/site-packages/airflow/example_dags/example_sla_dag.py for tasks to queue
[2026-03-22T00:12:39.350+0000] {logging_mixin.py:190} INFO - [2026-03-22T00:12:39.349+0000] {dagbag.py:588} INFO - Filling up the DagBag from /home/airflow/.local/lib/python3.12/site-packages/airflow/example_dags/example_sla_dag.py
[2026-03-22T00:12:39.367+0000] {processor.py:925} INFO - DAG(s) 'example_sla_dag' retrieved from /home/airflow/.local/lib/python3.12/site-packages/airflow/example_dags/example_sla_dag.py
[2026-03-22T00:12:39.402+0000] {logging_mixin.py:190} INFO - [2026-03-22T00:12:39.401+0000] {dag.py:3239} INFO - Sync 1 DAGs
[2026-03-22T00:12:39.442+0000] {logging_mixin.py:190} INFO - [2026-03-22T00:12:39.442+0000] {dag.py:4180} INFO - Setting next_dagrun for example_sla_dag to 2026-03-22 00:10:00+00:00, run_after=2026-03-22 00:12:00+00:00
[2026-03-22T00:12:39.476+0000] {processor.py:208} INFO - Processing /home/airflow/.local/lib/python3.12/site-packages/airflow/example_dags/example_sla_dag.py took 0.141 seconds
[2026-03-22T00:13:09.938+0000] {processor.py:186} INFO - Started process (PID=26062) to work on /home/airflow/.local/lib/python3.12/site-packages/airflow/example_dags/example_sla_dag.py
[2026-03-22T00:13:09.939+0000] {processor.py:914} INFO - Processing file /home/airflow/.local/lib/python3.12/site-packages/airflow/example_dags/example_sla_dag.py for tasks to queue
[2026-03-22T00:13:09.941+0000] {logging_mixin.py:190} INFO - [2026-03-22T00:13:09.941+0000] {dagbag.py:588} INFO - Filling up the DagBag from /home/airflow/.local/lib/python3.12/site-packages/airflow/example_dags/example_sla_dag.py
[2026-03-22T00:13:09.955+0000] {processor.py:925} INFO - DAG(s) 'example_sla_dag' retrieved from /home/airflow/.local/lib/python3.12/site-packages/airflow/example_dags/example_sla_dag.py
[2026-03-22T00:13:09.979+0000] {logging_mixin.py:190} INFO - [2026-03-22T00:13:09.979+0000] {dag.py:3239} INFO - Sync 1 DAGs
[2026-03-22T00:13:10.010+0000] {logging_mixin.py:190} INFO - [2026-03-22T00:13:10.010+0000] {dag.py:4180} INFO - Setting next_dagrun for example_sla_dag to 2026-03-22 00:10:00+00:00, run_after=2026-03-22 00:12:00+00:00
[2026-03-22T00:13:10.034+0000] {processor.py:208} INFO - Processing /home/airflow/.local/lib/python3.12/site-packages/airflow/example_dags/example_sla_dag.py took 0.104 seconds
[2026-03-22T00:13:40.559+0000] {processor.py:186} INFO - Started process (PID=26127) to work on /home/airflow/.local/lib/python3.12/site-packages/airflow/example_dags/example_sla_dag.py
[2026-03-22T00:13:40.563+0000] {processor.py:914} INFO - Processing file /home/airflow/.local/lib/python3.12/site-packages/airflow/example_dags/example_sla_dag.py for tasks to queue
[2026-03-22T00:13:40.567+0000] {logging_mixin.py:190} INFO - [2026-03-22T00:13:40.566+0000] {dagbag.py:588} INFO - Filling up the DagBag from /home/airflow/.local/lib/python3.12/site-packages/airflow/example_dags/example_sla_dag.py
[2026-03-22T00:13:40.585+0000] {processor.py:925} INFO - DAG(s) 'example_sla_dag' retrieved from /home/airflow/.local/lib/python3.12/site-packages/airflow/example_dags/example_sla_dag.py
[2026-03-22T00:13:40.607+0000] {logging_mixin.py:190} INFO - [2026-03-22T00:13:40.606+0000] {dag.py:3239} INFO - Sync 1 DAGs
[2026-03-22T00:13:40.633+0000] {logging_mixin.py:190} INFO - [2026-03-22T00:13:40.633+0000] {dag.py:4180} INFO - Setting next_dagrun for example_sla_dag to 2026-03-22 00:10:00+00:00, run_after=2026-03-22 00:12:00+00:00
[2026-03-22T00:13:40.655+0000] {processor.py:208} INFO - Processing /home/airflow/.local/lib/python3.12/site-packages/airflow/example_dags/example_sla_dag.py took 0.105 seconds
[2026-03-22T00:14:11.635+0000] {processor.py:186} INFO - Started process (PID=26192) to work on /home/airflow/.local/lib/python3.12/site-packages/airflow/example_dags/example_sla_dag.py
[2026-03-22T00:14:11.636+0000] {processor.py:914} INFO - Processing file /home/airflow/.local/lib/python3.12/site-packages/airflow/example_dags/example_sla_dag.py for tasks to queue
[2026-03-22T00:14:11.638+0000] {logging_mixin.py:190} INFO - [2026-03-22T00:14:11.638+0000] {dagbag.py:588} INFO - Filling up the DagBag from /home/airflow/.local/lib/python3.12/site-packages/airflow/example_dags/example_sla_dag.py
[2026-03-22T00:14:11.649+0000] {processor.py:925} INFO - DAG(s) 'example_sla_dag' retrieved from /home/airflow/.local/lib/python3.12/site-packages/airflow/example_dags/example_sla_dag.py
[2026-03-22T00:14:11.670+0000] {logging_mixin.py:190} INFO - [2026-03-22T00:14:11.669+0000] {dag.py:3239} INFO - Sync 1 DAGs
[2026-03-22T00:14:11.694+0000] {logging_mixin.py:190} INFO - [2026-03-22T00:14:11.694+0000] {dag.py:4180} INFO - Setting next_dagrun for example_sla_dag to 2026-03-22 00:12:00+00:00, run_after=2026-03-22 00:14:00+00:00
[2026-03-22T00:14:11.717+0000] {processor.py:208} INFO - Processing /home/airflow/.local/lib/python3.12/site-packages/airflow/example_dags/example_sla_dag.py took 0.091 seconds
[2026-03-22T00:14:42.372+0000] {processor.py:186} INFO - Started process (PID=26257) to work on /home/airflow/.local/lib/python3.12/site-packages/airflow/example_dags/example_sla_dag.py
[2026-03-22T00:14:42.375+0000] {processor.py:914} INFO - Processing file /home/airflow/.local/lib/python3.12/site-packages/airflow/example_dags/example_sla_dag.py for tasks to queue
[2026-03-22T00:14:42.378+0000] {logging_mixin.py:190} INFO - [2026-03-22T00:14:42.377+0000] {dagbag.py:588} INFO - Filling up the DagBag from /home/airflow/.local/lib/python3.12/site-packages/airflow/example_dags/example_sla_dag.py
[2026-03-22T00:14:42.403+0000] {processor.py:925} INFO - DAG(s) 'example_sla_dag' retrieved from /home/airflow/.local/lib/python3.12/site-packages/airflow/example_dags/example_sla_dag.py
[2026-03-22T00:14:42.444+0000] {logging_mixin.py:190} INFO - [2026-03-22T00:14:42.443+0000] {dag.py:3239} INFO - Sync 1 DAGs
[2026-03-22T00:14:42.501+0000] {logging_mixin.py:190} INFO - [2026-03-22T00:14:42.500+0000] {dag.py:4180} INFO - Setting next_dagrun for example_sla_dag to 2026-03-22 00:12:00+00:00, run_after=2026-03-22 00:14:00+00:00
[2026-03-22T00:14:42.549+0000] {processor.py:208} INFO - Processing /home/airflow/.local/lib/python3.12/site-packages/airflow/example_dags/example_sla_dag.py took 0.191 seconds
[2026-03-22T00:15:12.911+0000] {processor.py:186} INFO - Started process (PID=26320) to work on /home/airflow/.local/lib/python3.12/site-packages/airflow/example_dags/example_sla_dag.py
[2026-03-22T00:15:12.913+0000] {processor.py:914} INFO - Processing file /home/airflow/.local/lib/python3.12/site-packages/airflow/example_dags/example_sla_dag.py for tasks to queue
[2026-03-22T00:15:12.915+0000] {logging_mixin.py:190} INFO - [2026-03-22T00:15:12.915+0000] {dagbag.py:588} INFO - Filling up the DagBag from /home/airflow/.local/lib/python3.12/site-packages/airflow/example_dags/example_sla_dag.py
[2026-03-22T00:15:12.929+0000] {processor.py:925} INFO - DAG(s) 'example_sla_dag' retrieved from /home/airflow/.local/lib/python3.12/site-packages/airflow/example_dags/example_sla_dag.py
[2026-03-22T00:15:12.955+0000] {logging_mixin.py:190} INFO - [2026-03-22T00:15:12.955+0000] {dag.py:3239} INFO - Sync 1 DAGs
[2026-03-22T00:15:12.988+0000] {logging_mixin.py:190} INFO - [2026-03-22T00:15:12.988+0000] {dag.py:4180} INFO - Setting next_dagrun for example_sla_dag to 2026-03-22 00:12:00+00:00, run_after=2026-03-22 00:14:00+00:00
[2026-03-22T00:15:13.016+0000] {processor.py:208} INFO - Processing /home/airflow/.local/lib/python3.12/site-packages/airflow/example_dags/example_sla_dag.py took 0.112 seconds
[2026-03-22T02:12:52.970+0000] {processor.py:186} INFO - Started process (PID=26391) to work on /home/airflow/.local/lib/python3.12/site-packages/airflow/example_dags/example_sla_dag.py
[2026-03-22T02:12:52.971+0000] {processor.py:914} INFO - Processing file /home/airflow/.local/lib/python3.12/site-packages/airflow/example_dags/example_sla_dag.py for tasks to queue
[2026-03-22T02:12:52.973+0000] {logging_mixin.py:190} INFO - [2026-03-22T02:12:52.972+0000] {dagbag.py:588} INFO - Filling up the DagBag from /home/airflow/.local/lib/python3.12/site-packages/airflow/example_dags/example_sla_dag.py
[2026-03-22T02:12:52.983+0000] {processor.py:925} INFO - DAG(s) 'example_sla_dag' retrieved from /home/airflow/.local/lib/python3.12/site-packages/airflow/example_dags/example_sla_dag.py
[2026-03-22T02:12:53.002+0000] {logging_mixin.py:190} INFO - [2026-03-22T02:12:53.001+0000] {dag.py:3239} INFO - Sync 1 DAGs
[2026-03-22T02:12:53.025+0000] {logging_mixin.py:190} INFO - [2026-03-22T02:12:53.025+0000] {dag.py:4180} INFO - Setting next_dagrun for example_sla_dag to 2026-03-22 02:10:00+00:00, run_after=2026-03-22 02:12:00+00:00
[2026-03-22T02:12:53.045+0000] {processor.py:208} INFO - Processing /home/airflow/.local/lib/python3.12/site-packages/airflow/example_dags/example_sla_dag.py took 0.081 seconds
[2026-03-22T02:13:23.465+0000] {processor.py:186} INFO - Started process (PID=26456) to work on /home/airflow/.local/lib/python3.12/site-packages/airflow/example_dags/example_sla_dag.py
[2026-03-22T02:13:23.466+0000] {processor.py:914} INFO - Processing file /home/airflow/.local/lib/python3.12/site-packages/airflow/example_dags/example_sla_dag.py for tasks to queue
[2026-03-22T02:13:23.468+0000] {logging_mixin.py:190} INFO - [2026-03-22T02:13:23.468+0000] {dagbag.py:588} INFO - Filling up the DagBag from /home/airflow/.local/lib/python3.12/site-packages/airflow/example_dags/example_sla_dag.py
[2026-03-22T02:13:23.480+0000] {processor.py:925} INFO - DAG(s) 'example_sla_dag' retrieved from /home/airflow/.local/lib/python3.12/site-packages/airflow/example_dags/example_sla_dag.py
[2026-03-22T02:13:23.498+0000] {logging_mixin.py:190} INFO - [2026-03-22T02:13:23.498+0000] {dag.py:3239} INFO - Sync 1 DAGs
[2026-03-22T02:13:23.521+0000] {logging_mixin.py:190} INFO - [2026-03-22T02:13:23.521+0000] {dag.py:4180} INFO - Setting next_dagrun for example_sla_dag to 2026-03-22 02:10:00+00:00, run_after=2026-03-22 02:12:00+00:00
[2026-03-22T02:13:23.537+0000] {processor.py:208} INFO - Processing /home/airflow/.local/lib/python3.12/site-packages/airflow/example_dags/example_sla_dag.py took 0.081 seconds
[2026-03-22T02:13:54.160+0000] {processor.py:186} INFO - Started process (PID=26521) to work on /home/airflow/.local/lib/python3.12/site-packages/airflow/example_dags/example_sla_dag.py
[2026-03-22T02:13:54.161+0000] {processor.py:914} INFO - Processing file /home/airflow/.local/lib/python3.12/site-packages/airflow/example_dags/example_sla_dag.py for tasks to queue
[2026-03-22T02:13:54.163+0000] {logging_mixin.py:190} INFO - [2026-03-22T02:13:54.163+0000] {dagbag.py:588} INFO - Filling up the DagBag from /home/airflow/.local/lib/python3.12/site-packages/airflow/example_dags/example_sla_dag.py
[2026-03-22T02:13:54.172+0000] {processor.py:925} INFO - DAG(s) 'example_sla_dag' retrieved from /home/airflow/.local/lib/python3.12/site-packages/airflow/example_dags/example_sla_dag.py
[2026-03-22T02:13:54.191+0000] {logging_mixin.py:190} INFO - [2026-03-22T02:13:54.191+0000] {dag.py:3239} INFO - Sync 1 DAGs
[2026-03-22T02:13:54.212+0000] {logging_mixin.py:190} INFO - [2026-03-22T02:13:54.212+0000] {dag.py:4180} INFO - Setting next_dagrun for example_sla_dag to 2026-03-22 02:10:00+00:00, run_after=2026-03-22 02:12:00+00:00
[2026-03-22T02:13:54.229+0000] {processor.py:208} INFO - Processing /home/airflow/.local/lib/python3.12/site-packages/airflow/example_dags/example_sla_dag.py took 0.074 seconds
[2026-03-22T02:14:24.788+0000] {processor.py:186} INFO - Started process (PID=26586) to work on /home/airflow/.local/lib/python3.12/site-packages/airflow/example_dags/example_sla_dag.py
[2026-03-22T02:14:24.789+0000] {processor.py:914} INFO - Processing file /home/airflow/.local/lib/python3.12/site-packages/airflow/example_dags/example_sla_dag.py for tasks to queue
[2026-03-22T02:14:24.791+0000] {logging_mixin.py:190} INFO - [2026-03-22T02:14:24.790+0000] {dagbag.py:588} INFO - Filling up the DagBag from /home/airflow/.local/lib/python3.12/site-packages/airflow/example_dags/example_sla_dag.py
[2026-03-22T02:14:24.800+0000] {processor.py:925} INFO - DAG(s) 'example_sla_dag' retrieved from /home/airflow/.local/lib/python3.12/site-packages/airflow/example_dags/example_sla_dag.py
[2026-03-22T02:14:24.817+0000] {logging_mixin.py:190} INFO - [2026-03-22T02:14:24.816+0000] {dag.py:3239} INFO - Sync 1 DAGs
[2026-03-22T02:14:24.847+0000] {logging_mixin.py:190} INFO - [2026-03-22T02:14:24.846+0000] {dag.py:4180} INFO - Setting next_dagrun for example_sla_dag to 2026-03-22 02:12:00+00:00, run_after=2026-03-22 02:14:00+00:00
[2026-03-22T02:14:24.865+0000] {processor.py:208} INFO - Processing /home/airflow/.local/lib/python3.12/site-packages/airflow/example_dags/example_sla_dag.py took 0.082 seconds
[2026-03-22T02:14:55.701+0000] {processor.py:186} INFO - Started process (PID=26651) to work on /home/airflow/.local/lib/python3.12/site-packages/airflow/example_dags/example_sla_dag.py
[2026-03-22T02:14:55.702+0000] {processor.py:914} INFO - Processing file /home/airflow/.local/lib/python3.12/site-packages/airflow/example_dags/example_sla_dag.py for tasks to queue
[2026-03-22T02:14:55.704+0000] {logging_mixin.py:190} INFO - [2026-03-22T02:14:55.704+0000] {dagbag.py:588} INFO - Filling up the DagBag from /home/airflow/.local/lib/python3.12/site-packages/airflow/example_dags/example_sla_dag.py
[2026-03-22T02:14:55.718+0000] {processor.py:925} INFO - DAG(s) 'example_sla_dag' retrieved from /home/airflow/.local/lib/python3.12/site-packages/airflow/example_dags/example_sla_dag.py
[2026-03-22T02:14:55.736+0000] {logging_mixin.py:190} INFO - [2026-03-22T02:14:55.736+0000] {dag.py:3239} INFO - Sync 1 DAGs
[2026-03-22T02:14:55.758+0000] {logging_mixin.py:190} INFO - [2026-03-22T02:14:55.758+0000] {dag.py:4180} INFO - Setting next_dagrun for example_sla_dag to 2026-03-22 02:12:00+00:00, run_after=2026-03-22 02:14:00+00:00
[2026-03-22T02:14:55.776+0000] {processor.py:208} INFO - Processing /home/airflow/.local/lib/python3.12/site-packages/airflow/example_dags/example_sla_dag.py took 0.080 seconds
[2026-03-22T02:15:26.133+0000] {processor.py:186} INFO - Started process (PID=26716) to work on /home/airflow/.local/lib/python3.12/site-packages/airflow/example_dags/example_sla_dag.py
[2026-03-22T02:15:26.135+0000] {processor.py:914} INFO - Processing file /home/airflow/.local/lib/python3.12/site-packages/airflow/example_dags/example_sla_dag.py for tasks to queue
[2026-03-22T02:15:26.136+0000] {logging_mixin.py:190} INFO - [2026-03-22T02:15:26.136+0000] {dagbag.py:588} INFO - Filling up the DagBag from /home/airflow/.local/lib/python3.12/site-packages/airflow/example_dags/example_sla_dag.py
[2026-03-22T02:15:26.145+0000] {processor.py:925} INFO - DAG(s) 'example_sla_dag' retrieved from /home/airflow/.local/lib/python3.12/site-packages/airflow/example_dags/example_sla_dag.py
[2026-03-22T02:15:26.163+0000] {logging_mixin.py:190} INFO - [2026-03-22T02:15:26.162+0000] {dag.py:3239} INFO - Sync 1 DAGs
[2026-03-22T02:15:26.182+0000] {logging_mixin.py:190} INFO - [2026-03-22T02:15:26.182+0000] {dag.py:4180} INFO - Setting next_dagrun for example_sla_dag to 2026-03-22 02:12:00+00:00, run_after=2026-03-22 02:14:00+00:00
[2026-03-22T02:15:26.200+0000] {processor.py:208} INFO - Processing /home/airflow/.local/lib/python3.12/site-packages/airflow/example_dags/example_sla_dag.py took 0.072 seconds
[2026-03-22T02:15:56.483+0000] {processor.py:186} INFO - Started process (PID=26781) to work on /home/airflow/.local/lib/python3.12/site-packages/airflow/example_dags/example_sla_dag.py
[2026-03-22T02:15:56.484+0000] {processor.py:914} INFO - Processing file /home/airflow/.local/lib/python3.12/site-packages/airflow/example_dags/example_sla_dag.py for tasks to queue
[2026-03-22T02:15:56.485+0000] {logging_mixin.py:190} INFO - [2026-03-22T02:15:56.485+0000] {dagbag.py:588} INFO - Filling up the DagBag from /home/airflow/.local/lib/python3.12/site-packages/airflow/example_dags/example_sla_dag.py
[2026-03-22T02:15:56.494+0000] {processor.py:925} INFO - DAG(s) 'example_sla_dag' retrieved from /home/airflow/.local/lib/python3.12/site-packages/airflow/example_dags/example_sla_dag.py
[2026-03-22T02:15:56.511+0000] {logging_mixin.py:190} INFO - [2026-03-22T02:15:56.511+0000] {dag.py:3239} INFO - Sync 1 DAGs
[2026-03-22T02:15:56.532+0000] {logging_mixin.py:190} INFO - [2026-03-22T02:15:56.532+0000] {dag.py:4180} INFO - Setting next_dagrun for example_sla_dag to 2026-03-22 02:12:00+00:00, run_after=2026-03-22 02:14:00+00:00
[2026-03-22T02:15:56.549+0000] {processor.py:208} INFO - Processing /home/airflow/.local/lib/python3.12/site-packages/airflow/example_dags/example_sla_dag.py took 0.071 seconds
[2026-03-22T02:16:26.925+0000] {processor.py:186} INFO - Started process (PID=26846) to work on /home/airflow/.local/lib/python3.12/site-packages/airflow/example_dags/example_sla_dag.py
[2026-03-22T02:16:26.926+0000] {processor.py:914} INFO - Processing file /home/airflow/.local/lib/python3.12/site-packages/airflow/example_dags/example_sla_dag.py for tasks to queue
[2026-03-22T02:16:26.928+0000] {logging_mixin.py:190} INFO - [2026-03-22T02:16:26.927+0000] {dagbag.py:588} INFO - Filling up the DagBag from /home/airflow/.local/lib/python3.12/site-packages/airflow/example_dags/example_sla_dag.py
[2026-03-22T02:16:26.938+0000] {processor.py:925} INFO - DAG(s) 'example_sla_dag' retrieved from /home/airflow/.local/lib/python3.12/site-packages/airflow/example_dags/example_sla_dag.py
[2026-03-22T02:16:26.956+0000] {logging_mixin.py:190} INFO - [2026-03-22T02:16:26.956+0000] {dag.py:3239} INFO - Sync 1 DAGs
[2026-03-22T02:16:26.980+0000] {logging_mixin.py:190} INFO - [2026-03-22T02:16:26.979+0000] {dag.py:4180} INFO - Setting next_dagrun for example_sla_dag to 2026-03-22 02:14:00+00:00, run_after=2026-03-22 02:16:00+00:00
[2026-03-22T02:16:27.001+0000] {processor.py:208} INFO - Processing /home/airflow/.local/lib/python3.12/site-packages/airflow/example_dags/example_sla_dag.py took 0.082 seconds
[2026-03-22T02:16:58.397+0000] {processor.py:186} INFO - Started process (PID=26911) to work on /home/airflow/.local/lib/python3.12/site-packages/airflow/example_dags/example_sla_dag.py
[2026-03-22T02:16:58.405+0000] {processor.py:914} INFO - Processing file /home/airflow/.local/lib/python3.12/site-packages/airflow/example_dags/example_sla_dag.py for tasks to queue
[2026-03-22T02:16:58.412+0000] {logging_mixin.py:190} INFO - [2026-03-22T02:16:58.411+0000] {dagbag.py:588} INFO - Filling up the DagBag from /home/airflow/.local/lib/python3.12/site-packages/airflow/example_dags/example_sla_dag.py
[2026-03-22T02:16:58.449+0000] {processor.py:925} INFO - DAG(s) 'example_sla_dag' retrieved from /home/airflow/.local/lib/python3.12/site-packages/airflow/example_dags/example_sla_dag.py
[2026-03-22T02:16:58.544+0000] {logging_mixin.py:190} INFO - [2026-03-22T02:16:58.534+0000] {dag.py:3239} INFO - Sync 1 DAGs
[2026-03-22T02:16:58.617+0000] {logging_mixin.py:190} INFO - [2026-03-22T02:16:58.616+0000] {dag.py:4180} INFO - Setting next_dagrun for example_sla_dag to 2026-03-22 02:14:00+00:00, run_after=2026-03-22 02:16:00+00:00
[2026-03-22T02:16:58.680+0000] {processor.py:208} INFO - Processing /home/airflow/.local/lib/python3.12/site-packages/airflow/example_dags/example_sla_dag.py took 0.294 seconds
