[2026-03-22T00:00:49.973+0000] {processor.py:186} INFO - Started process (PID=24869) to work on /home/airflow/.local/lib/python3.12/site-packages/airflow/example_dags/example_branch_datetime_operator.py
[2026-03-22T00:00:49.977+0000] {processor.py:914} INFO - Processing file /home/airflow/.local/lib/python3.12/site-packages/airflow/example_dags/example_branch_datetime_operator.py for tasks to queue
[2026-03-22T00:00:49.982+0000] {logging_mixin.py:190} INFO - [2026-03-22T00:00:49.981+0000] {dagbag.py:588} INFO - Filling up the DagBag from /home/airflow/.local/lib/python3.12/site-packages/airflow/example_dags/example_branch_datetime_operator.py
[2026-03-22T00:00:50.030+0000] {processor.py:925} INFO - DAG(s) 'example_branch_datetime_operator_3', 'example_branch_datetime_operator_2', 'example_branch_datetime_operator' retrieved from /home/airflow/.local/lib/python3.12/site-packages/airflow/example_dags/example_branch_datetime_operator.py
[2026-03-22T00:00:50.135+0000] {logging_mixin.py:190} INFO - [2026-03-22T00:00:50.135+0000] {dag.py:3239} INFO - Sync 3 DAGs
[2026-03-22T00:00:50.254+0000] {logging_mixin.py:190} INFO - [2026-03-22T00:00:50.253+0000] {dag.py:4180} INFO - Setting next_dagrun for example_branch_datetime_operator to 2026-03-21 00:00:00+00:00, run_after=2026-03-22 00:00:00+00:00
[2026-03-22T00:00:50.278+0000] {logging_mixin.py:190} INFO - [2026-03-22T00:00:50.277+0000] {dag.py:4180} INFO - Setting next_dagrun for example_branch_datetime_operator_2 to 2026-03-21 00:00:00+00:00, run_after=2026-03-22 00:00:00+00:00
[2026-03-22T00:00:50.290+0000] {logging_mixin.py:190} INFO - [2026-03-22T00:00:50.290+0000] {dag.py:4180} INFO - Setting next_dagrun for example_branch_datetime_operator_3 to 2026-03-21 00:00:00+00:00, run_after=2026-03-22 00:00:00+00:00
[2026-03-22T00:00:50.363+0000] {processor.py:208} INFO - Processing /home/airflow/.local/lib/python3.12/site-packages/airflow/example_dags/example_branch_datetime_operator.py took 0.413 seconds
[2026-03-22T00:04:37.563+0000] {processor.py:186} INFO - Started process (PID=25004) to work on /home/airflow/.local/lib/python3.12/site-packages/airflow/example_dags/example_branch_datetime_operator.py
[2026-03-22T00:04:37.574+0000] {processor.py:914} INFO - Processing file /home/airflow/.local/lib/python3.12/site-packages/airflow/example_dags/example_branch_datetime_operator.py for tasks to queue
[2026-03-22T00:04:37.591+0000] {logging_mixin.py:190} INFO - [2026-03-22T00:04:37.589+0000] {dagbag.py:588} INFO - Filling up the DagBag from /home/airflow/.local/lib/python3.12/site-packages/airflow/example_dags/example_branch_datetime_operator.py
[2026-03-22T00:04:37.762+0000] {processor.py:925} INFO - DAG(s) 'example_branch_datetime_operator_2', 'example_branch_datetime_operator', 'example_branch_datetime_operator_3' retrieved from /home/airflow/.local/lib/python3.12/site-packages/airflow/example_dags/example_branch_datetime_operator.py
[2026-03-22T00:04:38.080+0000] {logging_mixin.py:190} INFO - [2026-03-22T00:04:38.079+0000] {dag.py:3239} INFO - Sync 3 DAGs
[2026-03-22T00:04:38.411+0000] {logging_mixin.py:190} INFO - [2026-03-22T00:04:38.410+0000] {dag.py:4180} INFO - Setting next_dagrun for example_branch_datetime_operator to 2026-03-21 00:00:00+00:00, run_after=2026-03-22 00:00:00+00:00
[2026-03-22T00:04:38.496+0000] {logging_mixin.py:190} INFO - [2026-03-22T00:04:38.482+0000] {dag.py:4180} INFO - Setting next_dagrun for example_branch_datetime_operator_2 to 2026-03-21 00:00:00+00:00, run_after=2026-03-22 00:00:00+00:00
[2026-03-22T00:04:38.529+0000] {logging_mixin.py:190} INFO - [2026-03-22T00:04:38.528+0000] {dag.py:4180} INFO - Setting next_dagrun for example_branch_datetime_operator_3 to 2026-03-21 00:00:00+00:00, run_after=2026-03-22 00:00:00+00:00
[2026-03-22T00:04:38.747+0000] {processor.py:208} INFO - Processing /home/airflow/.local/lib/python3.12/site-packages/airflow/example_dags/example_branch_datetime_operator.py took 1.228 seconds
[2026-03-22T00:05:14.173+0000] {processor.py:186} INFO - Started process (PID=25069) to work on /home/airflow/.local/lib/python3.12/site-packages/airflow/example_dags/example_branch_datetime_operator.py
[2026-03-22T00:05:14.177+0000] {processor.py:914} INFO - Processing file /home/airflow/.local/lib/python3.12/site-packages/airflow/example_dags/example_branch_datetime_operator.py for tasks to queue
[2026-03-22T00:05:14.186+0000] {logging_mixin.py:190} INFO - [2026-03-22T00:05:14.184+0000] {dagbag.py:588} INFO - Filling up the DagBag from /home/airflow/.local/lib/python3.12/site-packages/airflow/example_dags/example_branch_datetime_operator.py
[2026-03-22T00:05:14.247+0000] {processor.py:925} INFO - DAG(s) 'example_branch_datetime_operator_3', 'example_branch_datetime_operator', 'example_branch_datetime_operator_2' retrieved from /home/airflow/.local/lib/python3.12/site-packages/airflow/example_dags/example_branch_datetime_operator.py
[2026-03-22T00:05:14.372+0000] {logging_mixin.py:190} INFO - [2026-03-22T00:05:14.371+0000] {dag.py:3239} INFO - Sync 3 DAGs
[2026-03-22T00:05:14.495+0000] {logging_mixin.py:190} INFO - [2026-03-22T00:05:14.494+0000] {dag.py:4180} INFO - Setting next_dagrun for example_branch_datetime_operator to 2026-03-21 00:00:00+00:00, run_after=2026-03-22 00:00:00+00:00
[2026-03-22T00:05:14.520+0000] {logging_mixin.py:190} INFO - [2026-03-22T00:05:14.519+0000] {dag.py:4180} INFO - Setting next_dagrun for example_branch_datetime_operator_2 to 2026-03-21 00:00:00+00:00, run_after=2026-03-22 00:00:00+00:00
[2026-03-22T00:05:14.531+0000] {logging_mixin.py:190} INFO - [2026-03-22T00:05:14.530+0000] {dag.py:4180} INFO - Setting next_dagrun for example_branch_datetime_operator_3 to 2026-03-21 00:00:00+00:00, run_after=2026-03-22 00:00:00+00:00
[2026-03-22T00:05:14.610+0000] {processor.py:208} INFO - Processing /home/airflow/.local/lib/python3.12/site-packages/airflow/example_dags/example_branch_datetime_operator.py took 0.462 seconds
[2026-03-22T00:05:45.200+0000] {processor.py:186} INFO - Started process (PID=25134) to work on /home/airflow/.local/lib/python3.12/site-packages/airflow/example_dags/example_branch_datetime_operator.py
[2026-03-22T00:05:45.203+0000] {processor.py:914} INFO - Processing file /home/airflow/.local/lib/python3.12/site-packages/airflow/example_dags/example_branch_datetime_operator.py for tasks to queue
[2026-03-22T00:05:45.206+0000] {logging_mixin.py:190} INFO - [2026-03-22T00:05:45.206+0000] {dagbag.py:588} INFO - Filling up the DagBag from /home/airflow/.local/lib/python3.12/site-packages/airflow/example_dags/example_branch_datetime_operator.py
[2026-03-22T00:05:45.236+0000] {processor.py:925} INFO - DAG(s) 'example_branch_datetime_operator', 'example_branch_datetime_operator_3', 'example_branch_datetime_operator_2' retrieved from /home/airflow/.local/lib/python3.12/site-packages/airflow/example_dags/example_branch_datetime_operator.py
[2026-03-22T00:05:45.304+0000] {logging_mixin.py:190} INFO - [2026-03-22T00:05:45.304+0000] {dag.py:3239} INFO - Sync 3 DAGs
[2026-03-22T00:05:45.363+0000] {logging_mixin.py:190} INFO - [2026-03-22T00:05:45.362+0000] {dag.py:4180} INFO - Setting next_dagrun for example_branch_datetime_operator to 2026-03-21 00:00:00+00:00, run_after=2026-03-22 00:00:00+00:00
[2026-03-22T00:05:45.375+0000] {logging_mixin.py:190} INFO - [2026-03-22T00:05:45.374+0000] {dag.py:4180} INFO - Setting next_dagrun for example_branch_datetime_operator_2 to 2026-03-21 00:00:00+00:00, run_after=2026-03-22 00:00:00+00:00
[2026-03-22T00:05:45.382+0000] {logging_mixin.py:190} INFO - [2026-03-22T00:05:45.381+0000] {dag.py:4180} INFO - Setting next_dagrun for example_branch_datetime_operator_3 to 2026-03-21 00:00:00+00:00, run_after=2026-03-22 00:00:00+00:00
[2026-03-22T00:05:45.426+0000] {processor.py:208} INFO - Processing /home/airflow/.local/lib/python3.12/site-packages/airflow/example_dags/example_branch_datetime_operator.py took 0.238 seconds
[2026-03-22T00:06:15.746+0000] {processor.py:186} INFO - Started process (PID=25198) to work on /home/airflow/.local/lib/python3.12/site-packages/airflow/example_dags/example_branch_datetime_operator.py
[2026-03-22T00:06:15.748+0000] {processor.py:914} INFO - Processing file /home/airflow/.local/lib/python3.12/site-packages/airflow/example_dags/example_branch_datetime_operator.py for tasks to queue
[2026-03-22T00:06:15.751+0000] {logging_mixin.py:190} INFO - [2026-03-22T00:06:15.750+0000] {dagbag.py:588} INFO - Filling up the DagBag from /home/airflow/.local/lib/python3.12/site-packages/airflow/example_dags/example_branch_datetime_operator.py
[2026-03-22T00:06:15.772+0000] {processor.py:925} INFO - DAG(s) 'example_branch_datetime_operator', 'example_branch_datetime_operator_2', 'example_branch_datetime_operator_3' retrieved from /home/airflow/.local/lib/python3.12/site-packages/airflow/example_dags/example_branch_datetime_operator.py
[2026-03-22T00:06:15.820+0000] {logging_mixin.py:190} INFO - [2026-03-22T00:06:15.819+0000] {dag.py:3239} INFO - Sync 3 DAGs
[2026-03-22T00:06:15.861+0000] {logging_mixin.py:190} INFO - [2026-03-22T00:06:15.861+0000] {dag.py:4180} INFO - Setting next_dagrun for example_branch_datetime_operator to 2026-03-21 00:00:00+00:00, run_after=2026-03-22 00:00:00+00:00
[2026-03-22T00:06:15.871+0000] {logging_mixin.py:190} INFO - [2026-03-22T00:06:15.870+0000] {dag.py:4180} INFO - Setting next_dagrun for example_branch_datetime_operator_2 to 2026-03-21 00:00:00+00:00, run_after=2026-03-22 00:00:00+00:00
[2026-03-22T00:06:15.876+0000] {logging_mixin.py:190} INFO - [2026-03-22T00:06:15.876+0000] {dag.py:4180} INFO - Setting next_dagrun for example_branch_datetime_operator_3 to 2026-03-21 00:00:00+00:00, run_after=2026-03-22 00:00:00+00:00
[2026-03-22T00:06:15.910+0000] {processor.py:208} INFO - Processing /home/airflow/.local/lib/python3.12/site-packages/airflow/example_dags/example_branch_datetime_operator.py took 0.175 seconds
[2026-03-22T00:06:52.058+0000] {processor.py:186} INFO - Started process (PID=25271) to work on /home/airflow/.local/lib/python3.12/site-packages/airflow/example_dags/example_branch_datetime_operator.py
[2026-03-22T00:06:52.063+0000] {processor.py:914} INFO - Processing file /home/airflow/.local/lib/python3.12/site-packages/airflow/example_dags/example_branch_datetime_operator.py for tasks to queue
[2026-03-22T00:06:52.068+0000] {logging_mixin.py:190} INFO - [2026-03-22T00:06:52.067+0000] {dagbag.py:588} INFO - Filling up the DagBag from /home/airflow/.local/lib/python3.12/site-packages/airflow/example_dags/example_branch_datetime_operator.py
[2026-03-22T00:06:52.120+0000] {processor.py:925} INFO - DAG(s) 'example_branch_datetime_operator_2', 'example_branch_datetime_operator', 'example_branch_datetime_operator_3' retrieved from /home/airflow/.local/lib/python3.12/site-packages/airflow/example_dags/example_branch_datetime_operator.py
[2026-03-22T00:06:52.314+0000] {logging_mixin.py:190} INFO - [2026-03-22T00:06:52.311+0000] {dag.py:3239} INFO - Sync 3 DAGs
[2026-03-22T00:06:52.454+0000] {logging_mixin.py:190} INFO - [2026-03-22T00:06:52.453+0000] {dag.py:4180} INFO - Setting next_dagrun for example_branch_datetime_operator to 2026-03-21 00:00:00+00:00, run_after=2026-03-22 00:00:00+00:00
[2026-03-22T00:06:52.479+0000] {logging_mixin.py:190} INFO - [2026-03-22T00:06:52.478+0000] {dag.py:4180} INFO - Setting next_dagrun for example_branch_datetime_operator_2 to 2026-03-21 00:00:00+00:00, run_after=2026-03-22 00:00:00+00:00
[2026-03-22T00:06:52.491+0000] {logging_mixin.py:190} INFO - [2026-03-22T00:06:52.491+0000] {dag.py:4180} INFO - Setting next_dagrun for example_branch_datetime_operator_3 to 2026-03-21 00:00:00+00:00, run_after=2026-03-22 00:00:00+00:00
[2026-03-22T00:06:52.572+0000] {processor.py:208} INFO - Processing /home/airflow/.local/lib/python3.12/site-packages/airflow/example_dags/example_branch_datetime_operator.py took 0.536 seconds
[2026-03-22T00:07:26.354+0000] {processor.py:186} INFO - Started process (PID=25335) to work on /home/airflow/.local/lib/python3.12/site-packages/airflow/example_dags/example_branch_datetime_operator.py
[2026-03-22T00:07:26.375+0000] {processor.py:914} INFO - Processing file /home/airflow/.local/lib/python3.12/site-packages/airflow/example_dags/example_branch_datetime_operator.py for tasks to queue
[2026-03-22T00:07:26.390+0000] {logging_mixin.py:190} INFO - [2026-03-22T00:07:26.389+0000] {dagbag.py:588} INFO - Filling up the DagBag from /home/airflow/.local/lib/python3.12/site-packages/airflow/example_dags/example_branch_datetime_operator.py
[2026-03-22T00:07:26.562+0000] {processor.py:925} INFO - DAG(s) 'example_branch_datetime_operator', 'example_branch_datetime_operator_2', 'example_branch_datetime_operator_3' retrieved from /home/airflow/.local/lib/python3.12/site-packages/airflow/example_dags/example_branch_datetime_operator.py
[2026-03-22T00:07:26.862+0000] {logging_mixin.py:190} INFO - [2026-03-22T00:07:26.860+0000] {dag.py:3239} INFO - Sync 3 DAGs
[2026-03-22T00:07:27.241+0000] {logging_mixin.py:190} INFO - [2026-03-22T00:07:27.240+0000] {dag.py:4180} INFO - Setting next_dagrun for example_branch_datetime_operator to 2026-03-21 00:00:00+00:00, run_after=2026-03-22 00:00:00+00:00
[2026-03-22T00:07:27.297+0000] {logging_mixin.py:190} INFO - [2026-03-22T00:07:27.296+0000] {dag.py:4180} INFO - Setting next_dagrun for example_branch_datetime_operator_2 to 2026-03-21 00:00:00+00:00, run_after=2026-03-22 00:00:00+00:00
[2026-03-22T00:07:27.331+0000] {logging_mixin.py:190} INFO - [2026-03-22T00:07:27.330+0000] {dag.py:4180} INFO - Setting next_dagrun for example_branch_datetime_operator_3 to 2026-03-21 00:00:00+00:00, run_after=2026-03-22 00:00:00+00:00
[2026-03-22T00:07:27.521+0000] {processor.py:208} INFO - Processing /home/airflow/.local/lib/python3.12/site-packages/airflow/example_dags/example_branch_datetime_operator.py took 1.225 seconds
[2026-03-22T00:07:57.782+0000] {processor.py:186} INFO - Started process (PID=25401) to work on /home/airflow/.local/lib/python3.12/site-packages/airflow/example_dags/example_branch_datetime_operator.py
[2026-03-22T00:07:57.786+0000] {processor.py:914} INFO - Processing file /home/airflow/.local/lib/python3.12/site-packages/airflow/example_dags/example_branch_datetime_operator.py for tasks to queue
[2026-03-22T00:07:57.792+0000] {logging_mixin.py:190} INFO - [2026-03-22T00:07:57.791+0000] {dagbag.py:588} INFO - Filling up the DagBag from /home/airflow/.local/lib/python3.12/site-packages/airflow/example_dags/example_branch_datetime_operator.py
[2026-03-22T00:07:57.847+0000] {processor.py:925} INFO - DAG(s) 'example_branch_datetime_operator_3', 'example_branch_datetime_operator_2', 'example_branch_datetime_operator' retrieved from /home/airflow/.local/lib/python3.12/site-packages/airflow/example_dags/example_branch_datetime_operator.py
[2026-03-22T00:07:57.962+0000] {logging_mixin.py:190} INFO - [2026-03-22T00:07:57.961+0000] {dag.py:3239} INFO - Sync 3 DAGs
[2026-03-22T00:07:58.072+0000] {logging_mixin.py:190} INFO - [2026-03-22T00:07:58.071+0000] {dag.py:4180} INFO - Setting next_dagrun for example_branch_datetime_operator to 2026-03-21 00:00:00+00:00, run_after=2026-03-22 00:00:00+00:00
[2026-03-22T00:07:58.095+0000] {logging_mixin.py:190} INFO - [2026-03-22T00:07:58.094+0000] {dag.py:4180} INFO - Setting next_dagrun for example_branch_datetime_operator_2 to 2026-03-21 00:00:00+00:00, run_after=2026-03-22 00:00:00+00:00
[2026-03-22T00:07:58.109+0000] {logging_mixin.py:190} INFO - [2026-03-22T00:07:58.108+0000] {dag.py:4180} INFO - Setting next_dagrun for example_branch_datetime_operator_3 to 2026-03-21 00:00:00+00:00, run_after=2026-03-22 00:00:00+00:00
[2026-03-22T00:07:58.186+0000] {processor.py:208} INFO - Processing /home/airflow/.local/lib/python3.12/site-packages/airflow/example_dags/example_branch_datetime_operator.py took 0.426 seconds
[2026-03-22T00:08:28.604+0000] {processor.py:186} INFO - Started process (PID=25466) to work on /home/airflow/.local/lib/python3.12/site-packages/airflow/example_dags/example_branch_datetime_operator.py
[2026-03-22T00:08:28.607+0000] {processor.py:914} INFO - Processing file /home/airflow/.local/lib/python3.12/site-packages/airflow/example_dags/example_branch_datetime_operator.py for tasks to queue
[2026-03-22T00:08:28.613+0000] {logging_mixin.py:190} INFO - [2026-03-22T00:08:28.611+0000] {dagbag.py:588} INFO - Filling up the DagBag from /home/airflow/.local/lib/python3.12/site-packages/airflow/example_dags/example_branch_datetime_operator.py
[2026-03-22T00:08:28.662+0000] {processor.py:925} INFO - DAG(s) 'example_branch_datetime_operator_3', 'example_branch_datetime_operator_2', 'example_branch_datetime_operator' retrieved from /home/airflow/.local/lib/python3.12/site-packages/airflow/example_dags/example_branch_datetime_operator.py
[2026-03-22T00:08:28.770+0000] {logging_mixin.py:190} INFO - [2026-03-22T00:08:28.768+0000] {dag.py:3239} INFO - Sync 3 DAGs
[2026-03-22T00:08:28.877+0000] {logging_mixin.py:190} INFO - [2026-03-22T00:08:28.876+0000] {dag.py:4180} INFO - Setting next_dagrun for example_branch_datetime_operator to 2026-03-21 00:00:00+00:00, run_after=2026-03-22 00:00:00+00:00
[2026-03-22T00:08:28.901+0000] {logging_mixin.py:190} INFO - [2026-03-22T00:08:28.900+0000] {dag.py:4180} INFO - Setting next_dagrun for example_branch_datetime_operator_2 to 2026-03-21 00:00:00+00:00, run_after=2026-03-22 00:00:00+00:00
[2026-03-22T00:08:28.911+0000] {logging_mixin.py:190} INFO - [2026-03-22T00:08:28.910+0000] {dag.py:4180} INFO - Setting next_dagrun for example_branch_datetime_operator_3 to 2026-03-21 00:00:00+00:00, run_after=2026-03-22 00:00:00+00:00
[2026-03-22T00:08:28.981+0000] {processor.py:208} INFO - Processing /home/airflow/.local/lib/python3.12/site-packages/airflow/example_dags/example_branch_datetime_operator.py took 0.398 seconds
[2026-03-22T00:08:59.188+0000] {processor.py:186} INFO - Started process (PID=25530) to work on /home/airflow/.local/lib/python3.12/site-packages/airflow/example_dags/example_branch_datetime_operator.py
[2026-03-22T00:08:59.191+0000] {processor.py:914} INFO - Processing file /home/airflow/.local/lib/python3.12/site-packages/airflow/example_dags/example_branch_datetime_operator.py for tasks to queue
[2026-03-22T00:08:59.195+0000] {logging_mixin.py:190} INFO - [2026-03-22T00:08:59.194+0000] {dagbag.py:588} INFO - Filling up the DagBag from /home/airflow/.local/lib/python3.12/site-packages/airflow/example_dags/example_branch_datetime_operator.py
[2026-03-22T00:08:59.226+0000] {processor.py:925} INFO - DAG(s) 'example_branch_datetime_operator_2', 'example_branch_datetime_operator_3', 'example_branch_datetime_operator' retrieved from /home/airflow/.local/lib/python3.12/site-packages/airflow/example_dags/example_branch_datetime_operator.py
[2026-03-22T00:08:59.291+0000] {logging_mixin.py:190} INFO - [2026-03-22T00:08:59.291+0000] {dag.py:3239} INFO - Sync 3 DAGs
[2026-03-22T00:08:59.351+0000] {logging_mixin.py:190} INFO - [2026-03-22T00:08:59.351+0000] {dag.py:4180} INFO - Setting next_dagrun for example_branch_datetime_operator to 2026-03-21 00:00:00+00:00, run_after=2026-03-22 00:00:00+00:00
[2026-03-22T00:08:59.365+0000] {logging_mixin.py:190} INFO - [2026-03-22T00:08:59.364+0000] {dag.py:4180} INFO - Setting next_dagrun for example_branch_datetime_operator_2 to 2026-03-21 00:00:00+00:00, run_after=2026-03-22 00:00:00+00:00
[2026-03-22T00:08:59.371+0000] {logging_mixin.py:190} INFO - [2026-03-22T00:08:59.371+0000] {dag.py:4180} INFO - Setting next_dagrun for example_branch_datetime_operator_3 to 2026-03-21 00:00:00+00:00, run_after=2026-03-22 00:00:00+00:00
[2026-03-22T00:08:59.416+0000] {processor.py:208} INFO - Processing /home/airflow/.local/lib/python3.12/site-packages/airflow/example_dags/example_branch_datetime_operator.py took 0.241 seconds
[2026-03-22T00:09:30.437+0000] {processor.py:186} INFO - Started process (PID=25595) to work on /home/airflow/.local/lib/python3.12/site-packages/airflow/example_dags/example_branch_datetime_operator.py
[2026-03-22T00:09:30.440+0000] {processor.py:914} INFO - Processing file /home/airflow/.local/lib/python3.12/site-packages/airflow/example_dags/example_branch_datetime_operator.py for tasks to queue
[2026-03-22T00:09:30.444+0000] {logging_mixin.py:190} INFO - [2026-03-22T00:09:30.443+0000] {dagbag.py:588} INFO - Filling up the DagBag from /home/airflow/.local/lib/python3.12/site-packages/airflow/example_dags/example_branch_datetime_operator.py
[2026-03-22T00:09:30.466+0000] {processor.py:925} INFO - DAG(s) 'example_branch_datetime_operator_2', 'example_branch_datetime_operator_3', 'example_branch_datetime_operator' retrieved from /home/airflow/.local/lib/python3.12/site-packages/airflow/example_dags/example_branch_datetime_operator.py
[2026-03-22T00:09:30.510+0000] {logging_mixin.py:190} INFO - [2026-03-22T00:09:30.510+0000] {dag.py:3239} INFO - Sync 3 DAGs
[2026-03-22T00:09:30.549+0000] {logging_mixin.py:190} INFO - [2026-03-22T00:09:30.548+0000] {dag.py:4180} INFO - Setting next_dagrun for example_branch_datetime_operator to 2026-03-21 00:00:00+00:00, run_after=2026-03-22 00:00:00+00:00
[2026-03-22T00:09:30.557+0000] {logging_mixin.py:190} INFO - [2026-03-22T00:09:30.557+0000] {dag.py:4180} INFO - Setting next_dagrun for example_branch_datetime_operator_2 to 2026-03-21 00:00:00+00:00, run_after=2026-03-22 00:00:00+00:00
[2026-03-22T00:09:30.562+0000] {logging_mixin.py:190} INFO - [2026-03-22T00:09:30.562+0000] {dag.py:4180} INFO - Setting next_dagrun for example_branch_datetime_operator_3 to 2026-03-21 00:00:00+00:00, run_after=2026-03-22 00:00:00+00:00
[2026-03-22T00:09:30.590+0000] {processor.py:208} INFO - Processing /home/airflow/.local/lib/python3.12/site-packages/airflow/example_dags/example_branch_datetime_operator.py took 0.168 seconds
[2026-03-22T00:10:00.903+0000] {processor.py:186} INFO - Started process (PID=25660) to work on /home/airflow/.local/lib/python3.12/site-packages/airflow/example_dags/example_branch_datetime_operator.py
[2026-03-22T00:10:00.906+0000] {processor.py:914} INFO - Processing file /home/airflow/.local/lib/python3.12/site-packages/airflow/example_dags/example_branch_datetime_operator.py for tasks to queue
[2026-03-22T00:10:00.909+0000] {logging_mixin.py:190} INFO - [2026-03-22T00:10:00.909+0000] {dagbag.py:588} INFO - Filling up the DagBag from /home/airflow/.local/lib/python3.12/site-packages/airflow/example_dags/example_branch_datetime_operator.py
[2026-03-22T00:10:00.929+0000] {processor.py:925} INFO - DAG(s) 'example_branch_datetime_operator_3', 'example_branch_datetime_operator_2', 'example_branch_datetime_operator' retrieved from /home/airflow/.local/lib/python3.12/site-packages/airflow/example_dags/example_branch_datetime_operator.py
[2026-03-22T00:10:00.971+0000] {logging_mixin.py:190} INFO - [2026-03-22T00:10:00.971+0000] {dag.py:3239} INFO - Sync 3 DAGs
[2026-03-22T00:10:01.012+0000] {logging_mixin.py:190} INFO - [2026-03-22T00:10:01.012+0000] {dag.py:4180} INFO - Setting next_dagrun for example_branch_datetime_operator to 2026-03-21 00:00:00+00:00, run_after=2026-03-22 00:00:00+00:00
[2026-03-22T00:10:01.021+0000] {logging_mixin.py:190} INFO - [2026-03-22T00:10:01.020+0000] {dag.py:4180} INFO - Setting next_dagrun for example_branch_datetime_operator_2 to 2026-03-21 00:00:00+00:00, run_after=2026-03-22 00:00:00+00:00
[2026-03-22T00:10:01.026+0000] {logging_mixin.py:190} INFO - [2026-03-22T00:10:01.025+0000] {dag.py:4180} INFO - Setting next_dagrun for example_branch_datetime_operator_3 to 2026-03-21 00:00:00+00:00, run_after=2026-03-22 00:00:00+00:00
[2026-03-22T00:10:01.057+0000] {processor.py:208} INFO - Processing /home/airflow/.local/lib/python3.12/site-packages/airflow/example_dags/example_branch_datetime_operator.py took 0.163 seconds
[2026-03-22T00:10:31.743+0000] {processor.py:186} INFO - Started process (PID=25724) to work on /home/airflow/.local/lib/python3.12/site-packages/airflow/example_dags/example_branch_datetime_operator.py
[2026-03-22T00:10:31.746+0000] {processor.py:914} INFO - Processing file /home/airflow/.local/lib/python3.12/site-packages/airflow/example_dags/example_branch_datetime_operator.py for tasks to queue
[2026-03-22T00:10:31.750+0000] {logging_mixin.py:190} INFO - [2026-03-22T00:10:31.749+0000] {dagbag.py:588} INFO - Filling up the DagBag from /home/airflow/.local/lib/python3.12/site-packages/airflow/example_dags/example_branch_datetime_operator.py
[2026-03-22T00:10:31.774+0000] {processor.py:925} INFO - DAG(s) 'example_branch_datetime_operator', 'example_branch_datetime_operator_3', 'example_branch_datetime_operator_2' retrieved from /home/airflow/.local/lib/python3.12/site-packages/airflow/example_dags/example_branch_datetime_operator.py
[2026-03-22T00:10:31.832+0000] {logging_mixin.py:190} INFO - [2026-03-22T00:10:31.832+0000] {dag.py:3239} INFO - Sync 3 DAGs
[2026-03-22T00:10:31.900+0000] {logging_mixin.py:190} INFO - [2026-03-22T00:10:31.899+0000] {dag.py:4180} INFO - Setting next_dagrun for example_branch_datetime_operator to 2026-03-21 00:00:00+00:00, run_after=2026-03-22 00:00:00+00:00
[2026-03-22T00:10:31.911+0000] {logging_mixin.py:190} INFO - [2026-03-22T00:10:31.910+0000] {dag.py:4180} INFO - Setting next_dagrun for example_branch_datetime_operator_2 to 2026-03-21 00:00:00+00:00, run_after=2026-03-22 00:00:00+00:00
[2026-03-22T00:10:31.917+0000] {logging_mixin.py:190} INFO - [2026-03-22T00:10:31.917+0000] {dag.py:4180} INFO - Setting next_dagrun for example_branch_datetime_operator_3 to 2026-03-21 00:00:00+00:00, run_after=2026-03-22 00:00:00+00:00
[2026-03-22T00:10:31.953+0000] {processor.py:208} INFO - Processing /home/airflow/.local/lib/python3.12/site-packages/airflow/example_dags/example_branch_datetime_operator.py took 0.222 seconds
[2026-03-22T00:11:02.245+0000] {processor.py:186} INFO - Started process (PID=25790) to work on /home/airflow/.local/lib/python3.12/site-packages/airflow/example_dags/example_branch_datetime_operator.py
[2026-03-22T00:11:02.247+0000] {processor.py:914} INFO - Processing file /home/airflow/.local/lib/python3.12/site-packages/airflow/example_dags/example_branch_datetime_operator.py for tasks to queue
[2026-03-22T00:11:02.249+0000] {logging_mixin.py:190} INFO - [2026-03-22T00:11:02.248+0000] {dagbag.py:588} INFO - Filling up the DagBag from /home/airflow/.local/lib/python3.12/site-packages/airflow/example_dags/example_branch_datetime_operator.py
[2026-03-22T00:11:02.265+0000] {processor.py:925} INFO - DAG(s) 'example_branch_datetime_operator_3', 'example_branch_datetime_operator_2', 'example_branch_datetime_operator' retrieved from /home/airflow/.local/lib/python3.12/site-packages/airflow/example_dags/example_branch_datetime_operator.py
[2026-03-22T00:11:02.302+0000] {logging_mixin.py:190} INFO - [2026-03-22T00:11:02.302+0000] {dag.py:3239} INFO - Sync 3 DAGs
[2026-03-22T00:11:02.337+0000] {logging_mixin.py:190} INFO - [2026-03-22T00:11:02.337+0000] {dag.py:4180} INFO - Setting next_dagrun for example_branch_datetime_operator to 2026-03-21 00:00:00+00:00, run_after=2026-03-22 00:00:00+00:00
[2026-03-22T00:11:02.344+0000] {logging_mixin.py:190} INFO - [2026-03-22T00:11:02.344+0000] {dag.py:4180} INFO - Setting next_dagrun for example_branch_datetime_operator_2 to 2026-03-21 00:00:00+00:00, run_after=2026-03-22 00:00:00+00:00
[2026-03-22T00:11:02.350+0000] {logging_mixin.py:190} INFO - [2026-03-22T00:11:02.349+0000] {dag.py:4180} INFO - Setting next_dagrun for example_branch_datetime_operator_3 to 2026-03-21 00:00:00+00:00, run_after=2026-03-22 00:00:00+00:00
[2026-03-22T00:11:02.373+0000] {processor.py:208} INFO - Processing /home/airflow/.local/lib/python3.12/site-packages/airflow/example_dags/example_branch_datetime_operator.py took 0.136 seconds
[2026-03-22T00:11:32.535+0000] {processor.py:186} INFO - Started process (PID=25855) to work on /home/airflow/.local/lib/python3.12/site-packages/airflow/example_dags/example_branch_datetime_operator.py
[2026-03-22T00:11:32.536+0000] {processor.py:914} INFO - Processing file /home/airflow/.local/lib/python3.12/site-packages/airflow/example_dags/example_branch_datetime_operator.py for tasks to queue
[2026-03-22T00:11:32.539+0000] {logging_mixin.py:190} INFO - [2026-03-22T00:11:32.538+0000] {dagbag.py:588} INFO - Filling up the DagBag from /home/airflow/.local/lib/python3.12/site-packages/airflow/example_dags/example_branch_datetime_operator.py
[2026-03-22T00:11:32.552+0000] {processor.py:925} INFO - DAG(s) 'example_branch_datetime_operator', 'example_branch_datetime_operator_2', 'example_branch_datetime_operator_3' retrieved from /home/airflow/.local/lib/python3.12/site-packages/airflow/example_dags/example_branch_datetime_operator.py
[2026-03-22T00:11:32.586+0000] {logging_mixin.py:190} INFO - [2026-03-22T00:11:32.586+0000] {dag.py:3239} INFO - Sync 3 DAGs
[2026-03-22T00:11:32.617+0000] {logging_mixin.py:190} INFO - [2026-03-22T00:11:32.616+0000] {dag.py:4180} INFO - Setting next_dagrun for example_branch_datetime_operator to 2026-03-21 00:00:00+00:00, run_after=2026-03-22 00:00:00+00:00
[2026-03-22T00:11:32.623+0000] {logging_mixin.py:190} INFO - [2026-03-22T00:11:32.623+0000] {dag.py:4180} INFO - Setting next_dagrun for example_branch_datetime_operator_2 to 2026-03-21 00:00:00+00:00, run_after=2026-03-22 00:00:00+00:00
[2026-03-22T00:11:32.627+0000] {logging_mixin.py:190} INFO - [2026-03-22T00:11:32.627+0000] {dag.py:4180} INFO - Setting next_dagrun for example_branch_datetime_operator_3 to 2026-03-21 00:00:00+00:00, run_after=2026-03-22 00:00:00+00:00
[2026-03-22T00:11:32.652+0000] {processor.py:208} INFO - Processing /home/airflow/.local/lib/python3.12/site-packages/airflow/example_dags/example_branch_datetime_operator.py took 0.124 seconds
[2026-03-22T00:12:02.913+0000] {processor.py:186} INFO - Started process (PID=25918) to work on /home/airflow/.local/lib/python3.12/site-packages/airflow/example_dags/example_branch_datetime_operator.py
[2026-03-22T00:12:02.915+0000] {processor.py:914} INFO - Processing file /home/airflow/.local/lib/python3.12/site-packages/airflow/example_dags/example_branch_datetime_operator.py for tasks to queue
[2026-03-22T00:12:02.917+0000] {logging_mixin.py:190} INFO - [2026-03-22T00:12:02.916+0000] {dagbag.py:588} INFO - Filling up the DagBag from /home/airflow/.local/lib/python3.12/site-packages/airflow/example_dags/example_branch_datetime_operator.py
[2026-03-22T00:12:02.930+0000] {processor.py:925} INFO - DAG(s) 'example_branch_datetime_operator_3', 'example_branch_datetime_operator', 'example_branch_datetime_operator_2' retrieved from /home/airflow/.local/lib/python3.12/site-packages/airflow/example_dags/example_branch_datetime_operator.py
[2026-03-22T00:12:02.963+0000] {logging_mixin.py:190} INFO - [2026-03-22T00:12:02.963+0000] {dag.py:3239} INFO - Sync 3 DAGs
[2026-03-22T00:12:02.993+0000] {logging_mixin.py:190} INFO - [2026-03-22T00:12:02.992+0000] {dag.py:4180} INFO - Setting next_dagrun for example_branch_datetime_operator to 2026-03-21 00:00:00+00:00, run_after=2026-03-22 00:00:00+00:00
[2026-03-22T00:12:02.999+0000] {logging_mixin.py:190} INFO - [2026-03-22T00:12:02.999+0000] {dag.py:4180} INFO - Setting next_dagrun for example_branch_datetime_operator_2 to 2026-03-21 00:00:00+00:00, run_after=2026-03-22 00:00:00+00:00
[2026-03-22T00:12:03.002+0000] {logging_mixin.py:190} INFO - [2026-03-22T00:12:03.002+0000] {dag.py:4180} INFO - Setting next_dagrun for example_branch_datetime_operator_3 to 2026-03-21 00:00:00+00:00, run_after=2026-03-22 00:00:00+00:00
[2026-03-22T00:12:03.024+0000] {processor.py:208} INFO - Processing /home/airflow/.local/lib/python3.12/site-packages/airflow/example_dags/example_branch_datetime_operator.py took 0.117 seconds
[2026-03-22T00:12:33.878+0000] {processor.py:186} INFO - Started process (PID=25983) to work on /home/airflow/.local/lib/python3.12/site-packages/airflow/example_dags/example_branch_datetime_operator.py
[2026-03-22T00:12:33.884+0000] {processor.py:914} INFO - Processing file /home/airflow/.local/lib/python3.12/site-packages/airflow/example_dags/example_branch_datetime_operator.py for tasks to queue
[2026-03-22T00:12:33.890+0000] {logging_mixin.py:190} INFO - [2026-03-22T00:12:33.889+0000] {dagbag.py:588} INFO - Filling up the DagBag from /home/airflow/.local/lib/python3.12/site-packages/airflow/example_dags/example_branch_datetime_operator.py
[2026-03-22T00:12:33.921+0000] {processor.py:925} INFO - DAG(s) 'example_branch_datetime_operator', 'example_branch_datetime_operator_3', 'example_branch_datetime_operator_2' retrieved from /home/airflow/.local/lib/python3.12/site-packages/airflow/example_dags/example_branch_datetime_operator.py
[2026-03-22T00:12:33.994+0000] {logging_mixin.py:190} INFO - [2026-03-22T00:12:33.993+0000] {dag.py:3239} INFO - Sync 3 DAGs
[2026-03-22T00:12:34.069+0000] {logging_mixin.py:190} INFO - [2026-03-22T00:12:34.068+0000] {dag.py:4180} INFO - Setting next_dagrun for example_branch_datetime_operator to 2026-03-21 00:00:00+00:00, run_after=2026-03-22 00:00:00+00:00
[2026-03-22T00:12:34.081+0000] {logging_mixin.py:190} INFO - [2026-03-22T00:12:34.081+0000] {dag.py:4180} INFO - Setting next_dagrun for example_branch_datetime_operator_2 to 2026-03-21 00:00:00+00:00, run_after=2026-03-22 00:00:00+00:00
[2026-03-22T00:12:34.090+0000] {logging_mixin.py:190} INFO - [2026-03-22T00:12:34.089+0000] {dag.py:4180} INFO - Setting next_dagrun for example_branch_datetime_operator_3 to 2026-03-21 00:00:00+00:00, run_after=2026-03-22 00:00:00+00:00
[2026-03-22T00:12:34.145+0000] {processor.py:208} INFO - Processing /home/airflow/.local/lib/python3.12/site-packages/airflow/example_dags/example_branch_datetime_operator.py took 0.280 seconds
[2026-03-22T00:13:04.426+0000] {processor.py:186} INFO - Started process (PID=26048) to work on /home/airflow/.local/lib/python3.12/site-packages/airflow/example_dags/example_branch_datetime_operator.py
[2026-03-22T00:13:04.427+0000] {processor.py:914} INFO - Processing file /home/airflow/.local/lib/python3.12/site-packages/airflow/example_dags/example_branch_datetime_operator.py for tasks to queue
[2026-03-22T00:13:04.429+0000] {logging_mixin.py:190} INFO - [2026-03-22T00:13:04.428+0000] {dagbag.py:588} INFO - Filling up the DagBag from /home/airflow/.local/lib/python3.12/site-packages/airflow/example_dags/example_branch_datetime_operator.py
[2026-03-22T00:13:04.442+0000] {processor.py:925} INFO - DAG(s) 'example_branch_datetime_operator_3', 'example_branch_datetime_operator', 'example_branch_datetime_operator_2' retrieved from /home/airflow/.local/lib/python3.12/site-packages/airflow/example_dags/example_branch_datetime_operator.py
[2026-03-22T00:13:04.476+0000] {logging_mixin.py:190} INFO - [2026-03-22T00:13:04.475+0000] {dag.py:3239} INFO - Sync 3 DAGs
[2026-03-22T00:13:04.506+0000] {logging_mixin.py:190} INFO - [2026-03-22T00:13:04.506+0000] {dag.py:4180} INFO - Setting next_dagrun for example_branch_datetime_operator to 2026-03-21 00:00:00+00:00, run_after=2026-03-22 00:00:00+00:00
[2026-03-22T00:13:04.513+0000] {logging_mixin.py:190} INFO - [2026-03-22T00:13:04.512+0000] {dag.py:4180} INFO - Setting next_dagrun for example_branch_datetime_operator_2 to 2026-03-21 00:00:00+00:00, run_after=2026-03-22 00:00:00+00:00
[2026-03-22T00:13:04.516+0000] {logging_mixin.py:190} INFO - [2026-03-22T00:13:04.516+0000] {dag.py:4180} INFO - Setting next_dagrun for example_branch_datetime_operator_3 to 2026-03-21 00:00:00+00:00, run_after=2026-03-22 00:00:00+00:00
[2026-03-22T00:13:04.538+0000] {processor.py:208} INFO - Processing /home/airflow/.local/lib/python3.12/site-packages/airflow/example_dags/example_branch_datetime_operator.py took 0.119 seconds
[2026-03-22T00:13:35.125+0000] {processor.py:186} INFO - Started process (PID=26118) to work on /home/airflow/.local/lib/python3.12/site-packages/airflow/example_dags/example_branch_datetime_operator.py
[2026-03-22T00:13:35.127+0000] {processor.py:914} INFO - Processing file /home/airflow/.local/lib/python3.12/site-packages/airflow/example_dags/example_branch_datetime_operator.py for tasks to queue
[2026-03-22T00:13:35.128+0000] {logging_mixin.py:190} INFO - [2026-03-22T00:13:35.128+0000] {dagbag.py:588} INFO - Filling up the DagBag from /home/airflow/.local/lib/python3.12/site-packages/airflow/example_dags/example_branch_datetime_operator.py
[2026-03-22T00:13:35.143+0000] {processor.py:925} INFO - DAG(s) 'example_branch_datetime_operator', 'example_branch_datetime_operator_3', 'example_branch_datetime_operator_2' retrieved from /home/airflow/.local/lib/python3.12/site-packages/airflow/example_dags/example_branch_datetime_operator.py
[2026-03-22T00:13:35.180+0000] {logging_mixin.py:190} INFO - [2026-03-22T00:13:35.179+0000] {dag.py:3239} INFO - Sync 3 DAGs
[2026-03-22T00:13:35.213+0000] {logging_mixin.py:190} INFO - [2026-03-22T00:13:35.212+0000] {dag.py:4180} INFO - Setting next_dagrun for example_branch_datetime_operator to 2026-03-21 00:00:00+00:00, run_after=2026-03-22 00:00:00+00:00
[2026-03-22T00:13:35.220+0000] {logging_mixin.py:190} INFO - [2026-03-22T00:13:35.220+0000] {dag.py:4180} INFO - Setting next_dagrun for example_branch_datetime_operator_2 to 2026-03-21 00:00:00+00:00, run_after=2026-03-22 00:00:00+00:00
[2026-03-22T00:13:35.224+0000] {logging_mixin.py:190} INFO - [2026-03-22T00:13:35.224+0000] {dag.py:4180} INFO - Setting next_dagrun for example_branch_datetime_operator_3 to 2026-03-21 00:00:00+00:00, run_after=2026-03-22 00:00:00+00:00
[2026-03-22T00:13:35.249+0000] {processor.py:208} INFO - Processing /home/airflow/.local/lib/python3.12/site-packages/airflow/example_dags/example_branch_datetime_operator.py took 0.131 seconds
[2026-03-22T00:14:05.739+0000] {processor.py:186} INFO - Started process (PID=26183) to work on /home/airflow/.local/lib/python3.12/site-packages/airflow/example_dags/example_branch_datetime_operator.py
[2026-03-22T00:14:05.741+0000] {processor.py:914} INFO - Processing file /home/airflow/.local/lib/python3.12/site-packages/airflow/example_dags/example_branch_datetime_operator.py for tasks to queue
[2026-03-22T00:14:05.744+0000] {logging_mixin.py:190} INFO - [2026-03-22T00:14:05.744+0000] {dagbag.py:588} INFO - Filling up the DagBag from /home/airflow/.local/lib/python3.12/site-packages/airflow/example_dags/example_branch_datetime_operator.py
[2026-03-22T00:14:05.766+0000] {processor.py:925} INFO - DAG(s) 'example_branch_datetime_operator', 'example_branch_datetime_operator_2', 'example_branch_datetime_operator_3' retrieved from /home/airflow/.local/lib/python3.12/site-packages/airflow/example_dags/example_branch_datetime_operator.py
[2026-03-22T00:14:05.817+0000] {logging_mixin.py:190} INFO - [2026-03-22T00:14:05.816+0000] {dag.py:3239} INFO - Sync 3 DAGs
[2026-03-22T00:14:05.864+0000] {logging_mixin.py:190} INFO - [2026-03-22T00:14:05.863+0000] {dag.py:4180} INFO - Setting next_dagrun for example_branch_datetime_operator to 2026-03-21 00:00:00+00:00, run_after=2026-03-22 00:00:00+00:00
[2026-03-22T00:14:05.873+0000] {logging_mixin.py:190} INFO - [2026-03-22T00:14:05.873+0000] {dag.py:4180} INFO - Setting next_dagrun for example_branch_datetime_operator_2 to 2026-03-21 00:00:00+00:00, run_after=2026-03-22 00:00:00+00:00
[2026-03-22T00:14:05.879+0000] {logging_mixin.py:190} INFO - [2026-03-22T00:14:05.879+0000] {dag.py:4180} INFO - Setting next_dagrun for example_branch_datetime_operator_3 to 2026-03-21 00:00:00+00:00, run_after=2026-03-22 00:00:00+00:00
[2026-03-22T00:14:05.909+0000] {processor.py:208} INFO - Processing /home/airflow/.local/lib/python3.12/site-packages/airflow/example_dags/example_branch_datetime_operator.py took 0.183 seconds
[2026-03-22T00:14:36.522+0000] {processor.py:186} INFO - Started process (PID=26248) to work on /home/airflow/.local/lib/python3.12/site-packages/airflow/example_dags/example_branch_datetime_operator.py
[2026-03-22T00:14:36.524+0000] {processor.py:914} INFO - Processing file /home/airflow/.local/lib/python3.12/site-packages/airflow/example_dags/example_branch_datetime_operator.py for tasks to queue
[2026-03-22T00:14:36.527+0000] {logging_mixin.py:190} INFO - [2026-03-22T00:14:36.526+0000] {dagbag.py:588} INFO - Filling up the DagBag from /home/airflow/.local/lib/python3.12/site-packages/airflow/example_dags/example_branch_datetime_operator.py
[2026-03-22T00:14:36.548+0000] {processor.py:925} INFO - DAG(s) 'example_branch_datetime_operator', 'example_branch_datetime_operator_3', 'example_branch_datetime_operator_2' retrieved from /home/airflow/.local/lib/python3.12/site-packages/airflow/example_dags/example_branch_datetime_operator.py
[2026-03-22T00:14:36.599+0000] {logging_mixin.py:190} INFO - [2026-03-22T00:14:36.599+0000] {dag.py:3239} INFO - Sync 3 DAGs
[2026-03-22T00:14:36.644+0000] {logging_mixin.py:190} INFO - [2026-03-22T00:14:36.644+0000] {dag.py:4180} INFO - Setting next_dagrun for example_branch_datetime_operator to 2026-03-21 00:00:00+00:00, run_after=2026-03-22 00:00:00+00:00
[2026-03-22T00:14:36.654+0000] {logging_mixin.py:190} INFO - [2026-03-22T00:14:36.654+0000] {dag.py:4180} INFO - Setting next_dagrun for example_branch_datetime_operator_2 to 2026-03-21 00:00:00+00:00, run_after=2026-03-22 00:00:00+00:00
[2026-03-22T00:14:36.660+0000] {logging_mixin.py:190} INFO - [2026-03-22T00:14:36.660+0000] {dag.py:4180} INFO - Setting next_dagrun for example_branch_datetime_operator_3 to 2026-03-21 00:00:00+00:00, run_after=2026-03-22 00:00:00+00:00
[2026-03-22T00:14:36.693+0000] {processor.py:208} INFO - Processing /home/airflow/.local/lib/python3.12/site-packages/airflow/example_dags/example_branch_datetime_operator.py took 0.181 seconds
[2026-03-22T00:15:07.021+0000] {processor.py:186} INFO - Started process (PID=26312) to work on /home/airflow/.local/lib/python3.12/site-packages/airflow/example_dags/example_branch_datetime_operator.py
[2026-03-22T00:15:07.024+0000] {processor.py:914} INFO - Processing file /home/airflow/.local/lib/python3.12/site-packages/airflow/example_dags/example_branch_datetime_operator.py for tasks to queue
[2026-03-22T00:15:07.027+0000] {logging_mixin.py:190} INFO - [2026-03-22T00:15:07.026+0000] {dagbag.py:588} INFO - Filling up the DagBag from /home/airflow/.local/lib/python3.12/site-packages/airflow/example_dags/example_branch_datetime_operator.py
[2026-03-22T00:15:07.048+0000] {processor.py:925} INFO - DAG(s) 'example_branch_datetime_operator_3', 'example_branch_datetime_operator', 'example_branch_datetime_operator_2' retrieved from /home/airflow/.local/lib/python3.12/site-packages/airflow/example_dags/example_branch_datetime_operator.py
[2026-03-22T00:15:07.110+0000] {logging_mixin.py:190} INFO - [2026-03-22T00:15:07.109+0000] {dag.py:3239} INFO - Sync 3 DAGs
[2026-03-22T00:15:07.164+0000] {logging_mixin.py:190} INFO - [2026-03-22T00:15:07.163+0000] {dag.py:4180} INFO - Setting next_dagrun for example_branch_datetime_operator to 2026-03-21 00:00:00+00:00, run_after=2026-03-22 00:00:00+00:00
[2026-03-22T00:15:07.174+0000] {logging_mixin.py:190} INFO - [2026-03-22T00:15:07.174+0000] {dag.py:4180} INFO - Setting next_dagrun for example_branch_datetime_operator_2 to 2026-03-21 00:00:00+00:00, run_after=2026-03-22 00:00:00+00:00
[2026-03-22T00:15:07.180+0000] {logging_mixin.py:190} INFO - [2026-03-22T00:15:07.179+0000] {dag.py:4180} INFO - Setting next_dagrun for example_branch_datetime_operator_3 to 2026-03-21 00:00:00+00:00, run_after=2026-03-22 00:00:00+00:00
[2026-03-22T00:15:07.212+0000] {processor.py:208} INFO - Processing /home/airflow/.local/lib/python3.12/site-packages/airflow/example_dags/example_branch_datetime_operator.py took 0.202 seconds
[2026-03-22T00:15:37.286+0000] {processor.py:186} INFO - Started process (PID=26377) to work on /home/airflow/.local/lib/python3.12/site-packages/airflow/example_dags/example_branch_datetime_operator.py
[2026-03-22T00:15:37.287+0000] {processor.py:914} INFO - Processing file /home/airflow/.local/lib/python3.12/site-packages/airflow/example_dags/example_branch_datetime_operator.py for tasks to queue
[2026-03-22T00:15:37.290+0000] {logging_mixin.py:190} INFO - [2026-03-22T00:15:37.289+0000] {dagbag.py:588} INFO - Filling up the DagBag from /home/airflow/.local/lib/python3.12/site-packages/airflow/example_dags/example_branch_datetime_operator.py
[2026-03-22T00:15:37.301+0000] {processor.py:925} INFO - DAG(s) 'example_branch_datetime_operator', 'example_branch_datetime_operator_2', 'example_branch_datetime_operator_3' retrieved from /home/airflow/.local/lib/python3.12/site-packages/airflow/example_dags/example_branch_datetime_operator.py
[2026-03-22T00:15:37.327+0000] {logging_mixin.py:190} INFO - [2026-03-22T00:15:37.327+0000] {dag.py:3239} INFO - Sync 3 DAGs
[2026-03-22T00:15:37.356+0000] {logging_mixin.py:190} INFO - [2026-03-22T00:15:37.356+0000] {dag.py:4180} INFO - Setting next_dagrun for example_branch_datetime_operator to 2026-03-21 00:00:00+00:00, run_after=2026-03-22 00:00:00+00:00
[2026-03-22T00:15:37.365+0000] {logging_mixin.py:190} INFO - [2026-03-22T00:15:37.364+0000] {dag.py:4180} INFO - Setting next_dagrun for example_branch_datetime_operator_2 to 2026-03-21 00:00:00+00:00, run_after=2026-03-22 00:00:00+00:00
[2026-03-22T00:15:37.370+0000] {logging_mixin.py:190} INFO - [2026-03-22T00:15:37.369+0000] {dag.py:4180} INFO - Setting next_dagrun for example_branch_datetime_operator_3 to 2026-03-21 00:00:00+00:00, run_after=2026-03-22 00:00:00+00:00
[2026-03-22T00:15:37.398+0000] {processor.py:208} INFO - Processing /home/airflow/.local/lib/python3.12/site-packages/airflow/example_dags/example_branch_datetime_operator.py took 0.117 seconds
[2026-03-22T02:12:56.711+0000] {processor.py:186} INFO - Started process (PID=26432) to work on /home/airflow/.local/lib/python3.12/site-packages/airflow/example_dags/example_branch_datetime_operator.py
[2026-03-22T02:12:56.712+0000] {processor.py:914} INFO - Processing file /home/airflow/.local/lib/python3.12/site-packages/airflow/example_dags/example_branch_datetime_operator.py for tasks to queue
[2026-03-22T02:12:56.714+0000] {logging_mixin.py:190} INFO - [2026-03-22T02:12:56.714+0000] {dagbag.py:588} INFO - Filling up the DagBag from /home/airflow/.local/lib/python3.12/site-packages/airflow/example_dags/example_branch_datetime_operator.py
[2026-03-22T02:12:56.726+0000] {processor.py:925} INFO - DAG(s) 'example_branch_datetime_operator', 'example_branch_datetime_operator_3', 'example_branch_datetime_operator_2' retrieved from /home/airflow/.local/lib/python3.12/site-packages/airflow/example_dags/example_branch_datetime_operator.py
[2026-03-22T02:12:56.755+0000] {logging_mixin.py:190} INFO - [2026-03-22T02:12:56.755+0000] {dag.py:3239} INFO - Sync 3 DAGs
[2026-03-22T02:12:56.781+0000] {logging_mixin.py:190} INFO - [2026-03-22T02:12:56.781+0000] {dag.py:4180} INFO - Setting next_dagrun for example_branch_datetime_operator to 2026-03-21 00:00:00+00:00, run_after=2026-03-22 00:00:00+00:00
[2026-03-22T02:12:56.787+0000] {logging_mixin.py:190} INFO - [2026-03-22T02:12:56.786+0000] {dag.py:4180} INFO - Setting next_dagrun for example_branch_datetime_operator_2 to 2026-03-21 00:00:00+00:00, run_after=2026-03-22 00:00:00+00:00
[2026-03-22T02:12:56.789+0000] {logging_mixin.py:190} INFO - [2026-03-22T02:12:56.789+0000] {dag.py:4180} INFO - Setting next_dagrun for example_branch_datetime_operator_3 to 2026-03-21 00:00:00+00:00, run_after=2026-03-22 00:00:00+00:00
[2026-03-22T02:12:56.807+0000] {processor.py:208} INFO - Processing /home/airflow/.local/lib/python3.12/site-packages/airflow/example_dags/example_branch_datetime_operator.py took 0.102 seconds
[2026-03-22T02:13:27.415+0000] {processor.py:186} INFO - Started process (PID=26497) to work on /home/airflow/.local/lib/python3.12/site-packages/airflow/example_dags/example_branch_datetime_operator.py
[2026-03-22T02:13:27.416+0000] {processor.py:914} INFO - Processing file /home/airflow/.local/lib/python3.12/site-packages/airflow/example_dags/example_branch_datetime_operator.py for tasks to queue
[2026-03-22T02:13:27.418+0000] {logging_mixin.py:190} INFO - [2026-03-22T02:13:27.417+0000] {dagbag.py:588} INFO - Filling up the DagBag from /home/airflow/.local/lib/python3.12/site-packages/airflow/example_dags/example_branch_datetime_operator.py
[2026-03-22T02:13:27.428+0000] {processor.py:925} INFO - DAG(s) 'example_branch_datetime_operator_2', 'example_branch_datetime_operator_3', 'example_branch_datetime_operator' retrieved from /home/airflow/.local/lib/python3.12/site-packages/airflow/example_dags/example_branch_datetime_operator.py
[2026-03-22T02:13:27.455+0000] {logging_mixin.py:190} INFO - [2026-03-22T02:13:27.455+0000] {dag.py:3239} INFO - Sync 3 DAGs
[2026-03-22T02:13:27.481+0000] {logging_mixin.py:190} INFO - [2026-03-22T02:13:27.481+0000] {dag.py:4180} INFO - Setting next_dagrun for example_branch_datetime_operator to 2026-03-21 00:00:00+00:00, run_after=2026-03-22 00:00:00+00:00
[2026-03-22T02:13:27.487+0000] {logging_mixin.py:190} INFO - [2026-03-22T02:13:27.486+0000] {dag.py:4180} INFO - Setting next_dagrun for example_branch_datetime_operator_2 to 2026-03-21 00:00:00+00:00, run_after=2026-03-22 00:00:00+00:00
[2026-03-22T02:13:27.489+0000] {logging_mixin.py:190} INFO - [2026-03-22T02:13:27.489+0000] {dag.py:4180} INFO - Setting next_dagrun for example_branch_datetime_operator_3 to 2026-03-21 00:00:00+00:00, run_after=2026-03-22 00:00:00+00:00
[2026-03-22T02:13:27.505+0000] {processor.py:208} INFO - Processing /home/airflow/.local/lib/python3.12/site-packages/airflow/example_dags/example_branch_datetime_operator.py took 0.096 seconds
[2026-03-22T02:13:58.185+0000] {processor.py:186} INFO - Started process (PID=26562) to work on /home/airflow/.local/lib/python3.12/site-packages/airflow/example_dags/example_branch_datetime_operator.py
[2026-03-22T02:13:58.187+0000] {processor.py:914} INFO - Processing file /home/airflow/.local/lib/python3.12/site-packages/airflow/example_dags/example_branch_datetime_operator.py for tasks to queue
[2026-03-22T02:13:58.189+0000] {logging_mixin.py:190} INFO - [2026-03-22T02:13:58.188+0000] {dagbag.py:588} INFO - Filling up the DagBag from /home/airflow/.local/lib/python3.12/site-packages/airflow/example_dags/example_branch_datetime_operator.py
[2026-03-22T02:13:58.200+0000] {processor.py:925} INFO - DAG(s) 'example_branch_datetime_operator', 'example_branch_datetime_operator_3', 'example_branch_datetime_operator_2' retrieved from /home/airflow/.local/lib/python3.12/site-packages/airflow/example_dags/example_branch_datetime_operator.py
[2026-03-22T02:13:58.224+0000] {logging_mixin.py:190} INFO - [2026-03-22T02:13:58.224+0000] {dag.py:3239} INFO - Sync 3 DAGs
[2026-03-22T02:13:58.246+0000] {logging_mixin.py:190} INFO - [2026-03-22T02:13:58.246+0000] {dag.py:4180} INFO - Setting next_dagrun for example_branch_datetime_operator to 2026-03-21 00:00:00+00:00, run_after=2026-03-22 00:00:00+00:00
[2026-03-22T02:13:58.250+0000] {logging_mixin.py:190} INFO - [2026-03-22T02:13:58.250+0000] {dag.py:4180} INFO - Setting next_dagrun for example_branch_datetime_operator_2 to 2026-03-21 00:00:00+00:00, run_after=2026-03-22 00:00:00+00:00
[2026-03-22T02:13:58.253+0000] {logging_mixin.py:190} INFO - [2026-03-22T02:13:58.253+0000] {dag.py:4180} INFO - Setting next_dagrun for example_branch_datetime_operator_3 to 2026-03-21 00:00:00+00:00, run_after=2026-03-22 00:00:00+00:00
[2026-03-22T02:13:58.267+0000] {processor.py:208} INFO - Processing /home/airflow/.local/lib/python3.12/site-packages/airflow/example_dags/example_branch_datetime_operator.py took 0.089 seconds
[2026-03-22T02:14:28.862+0000] {processor.py:186} INFO - Started process (PID=26627) to work on /home/airflow/.local/lib/python3.12/site-packages/airflow/example_dags/example_branch_datetime_operator.py
[2026-03-22T02:14:28.863+0000] {processor.py:914} INFO - Processing file /home/airflow/.local/lib/python3.12/site-packages/airflow/example_dags/example_branch_datetime_operator.py for tasks to queue
[2026-03-22T02:14:28.865+0000] {logging_mixin.py:190} INFO - [2026-03-22T02:14:28.865+0000] {dagbag.py:588} INFO - Filling up the DagBag from /home/airflow/.local/lib/python3.12/site-packages/airflow/example_dags/example_branch_datetime_operator.py
[2026-03-22T02:14:28.874+0000] {processor.py:925} INFO - DAG(s) 'example_branch_datetime_operator', 'example_branch_datetime_operator_2', 'example_branch_datetime_operator_3' retrieved from /home/airflow/.local/lib/python3.12/site-packages/airflow/example_dags/example_branch_datetime_operator.py
[2026-03-22T02:14:28.897+0000] {logging_mixin.py:190} INFO - [2026-03-22T02:14:28.897+0000] {dag.py:3239} INFO - Sync 3 DAGs
[2026-03-22T02:14:28.918+0000] {logging_mixin.py:190} INFO - [2026-03-22T02:14:28.917+0000] {dag.py:4180} INFO - Setting next_dagrun for example_branch_datetime_operator to 2026-03-21 00:00:00+00:00, run_after=2026-03-22 00:00:00+00:00
[2026-03-22T02:14:28.922+0000] {logging_mixin.py:190} INFO - [2026-03-22T02:14:28.922+0000] {dag.py:4180} INFO - Setting next_dagrun for example_branch_datetime_operator_2 to 2026-03-21 00:00:00+00:00, run_after=2026-03-22 00:00:00+00:00
[2026-03-22T02:14:28.925+0000] {logging_mixin.py:190} INFO - [2026-03-22T02:14:28.925+0000] {dag.py:4180} INFO - Setting next_dagrun for example_branch_datetime_operator_3 to 2026-03-21 00:00:00+00:00, run_after=2026-03-22 00:00:00+00:00
[2026-03-22T02:14:28.939+0000] {processor.py:208} INFO - Processing /home/airflow/.local/lib/python3.12/site-packages/airflow/example_dags/example_branch_datetime_operator.py took 0.082 seconds
[2026-03-22T02:15:00.284+0000] {processor.py:186} INFO - Started process (PID=26692) to work on /home/airflow/.local/lib/python3.12/site-packages/airflow/example_dags/example_branch_datetime_operator.py
[2026-03-22T02:15:00.286+0000] {processor.py:914} INFO - Processing file /home/airflow/.local/lib/python3.12/site-packages/airflow/example_dags/example_branch_datetime_operator.py for tasks to queue
[2026-03-22T02:15:00.288+0000] {logging_mixin.py:190} INFO - [2026-03-22T02:15:00.287+0000] {dagbag.py:588} INFO - Filling up the DagBag from /home/airflow/.local/lib/python3.12/site-packages/airflow/example_dags/example_branch_datetime_operator.py
[2026-03-22T02:15:00.304+0000] {processor.py:925} INFO - DAG(s) 'example_branch_datetime_operator', 'example_branch_datetime_operator_3', 'example_branch_datetime_operator_2' retrieved from /home/airflow/.local/lib/python3.12/site-packages/airflow/example_dags/example_branch_datetime_operator.py
[2026-03-22T02:15:00.327+0000] {logging_mixin.py:190} INFO - [2026-03-22T02:15:00.327+0000] {dag.py:3239} INFO - Sync 3 DAGs
[2026-03-22T02:15:00.349+0000] {logging_mixin.py:190} INFO - [2026-03-22T02:15:00.349+0000] {dag.py:4180} INFO - Setting next_dagrun for example_branch_datetime_operator to 2026-03-21 00:00:00+00:00, run_after=2026-03-22 00:00:00+00:00
[2026-03-22T02:15:00.354+0000] {logging_mixin.py:190} INFO - [2026-03-22T02:15:00.353+0000] {dag.py:4180} INFO - Setting next_dagrun for example_branch_datetime_operator_2 to 2026-03-21 00:00:00+00:00, run_after=2026-03-22 00:00:00+00:00
[2026-03-22T02:15:00.356+0000] {logging_mixin.py:190} INFO - [2026-03-22T02:15:00.356+0000] {dag.py:4180} INFO - Setting next_dagrun for example_branch_datetime_operator_3 to 2026-03-21 00:00:00+00:00, run_after=2026-03-22 00:00:00+00:00
[2026-03-22T02:15:00.371+0000] {processor.py:208} INFO - Processing /home/airflow/.local/lib/python3.12/site-packages/airflow/example_dags/example_branch_datetime_operator.py took 0.094 seconds
[2026-03-22T02:15:31.782+0000] {processor.py:186} INFO - Started process (PID=26756) to work on /home/airflow/.local/lib/python3.12/site-packages/airflow/example_dags/example_branch_datetime_operator.py
[2026-03-22T02:15:31.783+0000] {processor.py:914} INFO - Processing file /home/airflow/.local/lib/python3.12/site-packages/airflow/example_dags/example_branch_datetime_operator.py for tasks to queue
[2026-03-22T02:15:31.785+0000] {logging_mixin.py:190} INFO - [2026-03-22T02:15:31.785+0000] {dagbag.py:588} INFO - Filling up the DagBag from /home/airflow/.local/lib/python3.12/site-packages/airflow/example_dags/example_branch_datetime_operator.py
[2026-03-22T02:15:31.797+0000] {processor.py:925} INFO - DAG(s) 'example_branch_datetime_operator_3', 'example_branch_datetime_operator', 'example_branch_datetime_operator_2' retrieved from /home/airflow/.local/lib/python3.12/site-packages/airflow/example_dags/example_branch_datetime_operator.py
[2026-03-22T02:15:31.821+0000] {logging_mixin.py:190} INFO - [2026-03-22T02:15:31.820+0000] {dag.py:3239} INFO - Sync 3 DAGs
[2026-03-22T02:15:31.845+0000] {logging_mixin.py:190} INFO - [2026-03-22T02:15:31.844+0000] {dag.py:4180} INFO - Setting next_dagrun for example_branch_datetime_operator to 2026-03-21 00:00:00+00:00, run_after=2026-03-22 00:00:00+00:00
[2026-03-22T02:15:31.849+0000] {logging_mixin.py:190} INFO - [2026-03-22T02:15:31.849+0000] {dag.py:4180} INFO - Setting next_dagrun for example_branch_datetime_operator_2 to 2026-03-21 00:00:00+00:00, run_after=2026-03-22 00:00:00+00:00
[2026-03-22T02:15:31.852+0000] {logging_mixin.py:190} INFO - [2026-03-22T02:15:31.851+0000] {dag.py:4180} INFO - Setting next_dagrun for example_branch_datetime_operator_3 to 2026-03-21 00:00:00+00:00, run_after=2026-03-22 00:00:00+00:00
[2026-03-22T02:15:31.867+0000] {processor.py:208} INFO - Processing /home/airflow/.local/lib/python3.12/site-packages/airflow/example_dags/example_branch_datetime_operator.py took 0.091 seconds
[2026-03-22T02:16:02.957+0000] {processor.py:186} INFO - Started process (PID=26821) to work on /home/airflow/.local/lib/python3.12/site-packages/airflow/example_dags/example_branch_datetime_operator.py
[2026-03-22T02:16:02.958+0000] {processor.py:914} INFO - Processing file /home/airflow/.local/lib/python3.12/site-packages/airflow/example_dags/example_branch_datetime_operator.py for tasks to queue
[2026-03-22T02:16:02.959+0000] {logging_mixin.py:190} INFO - [2026-03-22T02:16:02.959+0000] {dagbag.py:588} INFO - Filling up the DagBag from /home/airflow/.local/lib/python3.12/site-packages/airflow/example_dags/example_branch_datetime_operator.py
[2026-03-22T02:16:02.974+0000] {processor.py:925} INFO - DAG(s) 'example_branch_datetime_operator_3', 'example_branch_datetime_operator', 'example_branch_datetime_operator_2' retrieved from /home/airflow/.local/lib/python3.12/site-packages/airflow/example_dags/example_branch_datetime_operator.py
[2026-03-22T02:16:03.002+0000] {logging_mixin.py:190} INFO - [2026-03-22T02:16:03.002+0000] {dag.py:3239} INFO - Sync 3 DAGs
[2026-03-22T02:16:03.024+0000] {logging_mixin.py:190} INFO - [2026-03-22T02:16:03.024+0000] {dag.py:4180} INFO - Setting next_dagrun for example_branch_datetime_operator to 2026-03-21 00:00:00+00:00, run_after=2026-03-22 00:00:00+00:00
[2026-03-22T02:16:03.029+0000] {logging_mixin.py:190} INFO - [2026-03-22T02:16:03.029+0000] {dag.py:4180} INFO - Setting next_dagrun for example_branch_datetime_operator_2 to 2026-03-21 00:00:00+00:00, run_after=2026-03-22 00:00:00+00:00
[2026-03-22T02:16:03.031+0000] {logging_mixin.py:190} INFO - [2026-03-22T02:16:03.031+0000] {dag.py:4180} INFO - Setting next_dagrun for example_branch_datetime_operator_3 to 2026-03-21 00:00:00+00:00, run_after=2026-03-22 00:00:00+00:00
[2026-03-22T02:16:03.052+0000] {processor.py:208} INFO - Processing /home/airflow/.local/lib/python3.12/site-packages/airflow/example_dags/example_branch_datetime_operator.py took 0.101 seconds
[2026-03-22T02:16:33.849+0000] {processor.py:186} INFO - Started process (PID=26886) to work on /home/airflow/.local/lib/python3.12/site-packages/airflow/example_dags/example_branch_datetime_operator.py
[2026-03-22T02:16:33.850+0000] {processor.py:914} INFO - Processing file /home/airflow/.local/lib/python3.12/site-packages/airflow/example_dags/example_branch_datetime_operator.py for tasks to queue
[2026-03-22T02:16:33.852+0000] {logging_mixin.py:190} INFO - [2026-03-22T02:16:33.851+0000] {dagbag.py:588} INFO - Filling up the DagBag from /home/airflow/.local/lib/python3.12/site-packages/airflow/example_dags/example_branch_datetime_operator.py
[2026-03-22T02:16:33.863+0000] {processor.py:925} INFO - DAG(s) 'example_branch_datetime_operator', 'example_branch_datetime_operator_3', 'example_branch_datetime_operator_2' retrieved from /home/airflow/.local/lib/python3.12/site-packages/airflow/example_dags/example_branch_datetime_operator.py
[2026-03-22T02:16:33.888+0000] {logging_mixin.py:190} INFO - [2026-03-22T02:16:33.888+0000] {dag.py:3239} INFO - Sync 3 DAGs
[2026-03-22T02:16:33.915+0000] {logging_mixin.py:190} INFO - [2026-03-22T02:16:33.915+0000] {dag.py:4180} INFO - Setting next_dagrun for example_branch_datetime_operator to 2026-03-21 00:00:00+00:00, run_after=2026-03-22 00:00:00+00:00
[2026-03-22T02:16:33.920+0000] {logging_mixin.py:190} INFO - [2026-03-22T02:16:33.920+0000] {dag.py:4180} INFO - Setting next_dagrun for example_branch_datetime_operator_2 to 2026-03-21 00:00:00+00:00, run_after=2026-03-22 00:00:00+00:00
[2026-03-22T02:16:33.923+0000] {logging_mixin.py:190} INFO - [2026-03-22T02:16:33.922+0000] {dag.py:4180} INFO - Setting next_dagrun for example_branch_datetime_operator_3 to 2026-03-21 00:00:00+00:00, run_after=2026-03-22 00:00:00+00:00
[2026-03-22T02:16:33.939+0000] {processor.py:208} INFO - Processing /home/airflow/.local/lib/python3.12/site-packages/airflow/example_dags/example_branch_datetime_operator.py took 0.097 seconds
