[2026-03-22T00:00:49.058+0000] {processor.py:186} INFO - Started process (PID=24866) to work on /home/airflow/.local/lib/python3.12/site-packages/airflow/example_dags/example_python_operator.py
[2026-03-22T00:00:49.064+0000] {processor.py:914} INFO - Processing file /home/airflow/.local/lib/python3.12/site-packages/airflow/example_dags/example_python_operator.py for tasks to queue
[2026-03-22T00:00:49.072+0000] {logging_mixin.py:190} INFO - [2026-03-22T00:00:49.070+0000] {dagbag.py:588} INFO - Filling up the DagBag from /home/airflow/.local/lib/python3.12/site-packages/airflow/example_dags/example_python_operator.py
[2026-03-22T00:00:49.131+0000] {processor.py:925} INFO - DAG(s) 'example_python_operator' retrieved from /home/airflow/.local/lib/python3.12/site-packages/airflow/example_dags/example_python_operator.py
[2026-03-22T00:00:49.230+0000] {logging_mixin.py:190} INFO - [2026-03-22T00:00:49.229+0000] {dag.py:3239} INFO - Sync 1 DAGs
[2026-03-22T00:00:49.294+0000] {logging_mixin.py:190} INFO - [2026-03-22T00:00:49.293+0000] {dag.py:4180} INFO - Setting next_dagrun for example_python_operator to None, run_after=None
[2026-03-22T00:00:49.372+0000] {processor.py:208} INFO - Processing /home/airflow/.local/lib/python3.12/site-packages/airflow/example_dags/example_python_operator.py took 0.347 seconds
[2026-03-22T00:04:35.648+0000] {processor.py:186} INFO - Started process (PID=25001) to work on /home/airflow/.local/lib/python3.12/site-packages/airflow/example_dags/example_python_operator.py
[2026-03-22T00:04:35.656+0000] {processor.py:914} INFO - Processing file /home/airflow/.local/lib/python3.12/site-packages/airflow/example_dags/example_python_operator.py for tasks to queue
[2026-03-22T00:04:35.667+0000] {logging_mixin.py:190} INFO - [2026-03-22T00:04:35.665+0000] {dagbag.py:588} INFO - Filling up the DagBag from /home/airflow/.local/lib/python3.12/site-packages/airflow/example_dags/example_python_operator.py
[2026-03-22T00:04:35.789+0000] {processor.py:925} INFO - DAG(s) 'example_python_operator' retrieved from /home/airflow/.local/lib/python3.12/site-packages/airflow/example_dags/example_python_operator.py
[2026-03-22T00:04:35.994+0000] {logging_mixin.py:190} INFO - [2026-03-22T00:04:35.992+0000] {dag.py:3239} INFO - Sync 1 DAGs
[2026-03-22T00:04:36.226+0000] {logging_mixin.py:190} INFO - [2026-03-22T00:04:36.219+0000] {dag.py:4180} INFO - Setting next_dagrun for example_python_operator to None, run_after=None
[2026-03-22T00:04:36.405+0000] {processor.py:208} INFO - Processing /home/airflow/.local/lib/python3.12/site-packages/airflow/example_dags/example_python_operator.py took 0.787 seconds
[2026-03-22T00:05:13.006+0000] {processor.py:186} INFO - Started process (PID=25066) to work on /home/airflow/.local/lib/python3.12/site-packages/airflow/example_dags/example_python_operator.py
[2026-03-22T00:05:13.010+0000] {processor.py:914} INFO - Processing file /home/airflow/.local/lib/python3.12/site-packages/airflow/example_dags/example_python_operator.py for tasks to queue
[2026-03-22T00:05:13.015+0000] {logging_mixin.py:190} INFO - [2026-03-22T00:05:13.014+0000] {dagbag.py:588} INFO - Filling up the DagBag from /home/airflow/.local/lib/python3.12/site-packages/airflow/example_dags/example_python_operator.py
[2026-03-22T00:05:13.070+0000] {processor.py:925} INFO - DAG(s) 'example_python_operator' retrieved from /home/airflow/.local/lib/python3.12/site-packages/airflow/example_dags/example_python_operator.py
[2026-03-22T00:05:13.165+0000] {logging_mixin.py:190} INFO - [2026-03-22T00:05:13.164+0000] {dag.py:3239} INFO - Sync 1 DAGs
[2026-03-22T00:05:13.234+0000] {logging_mixin.py:190} INFO - [2026-03-22T00:05:13.234+0000] {dag.py:4180} INFO - Setting next_dagrun for example_python_operator to None, run_after=None
[2026-03-22T00:05:13.315+0000] {processor.py:208} INFO - Processing /home/airflow/.local/lib/python3.12/site-packages/airflow/example_dags/example_python_operator.py took 0.334 seconds
[2026-03-22T00:05:43.590+0000] {processor.py:186} INFO - Started process (PID=25130) to work on /home/airflow/.local/lib/python3.12/site-packages/airflow/example_dags/example_python_operator.py
[2026-03-22T00:05:43.592+0000] {processor.py:914} INFO - Processing file /home/airflow/.local/lib/python3.12/site-packages/airflow/example_dags/example_python_operator.py for tasks to queue
[2026-03-22T00:05:43.595+0000] {logging_mixin.py:190} INFO - [2026-03-22T00:05:43.594+0000] {dagbag.py:588} INFO - Filling up the DagBag from /home/airflow/.local/lib/python3.12/site-packages/airflow/example_dags/example_python_operator.py
[2026-03-22T00:05:43.626+0000] {processor.py:925} INFO - DAG(s) 'example_python_operator' retrieved from /home/airflow/.local/lib/python3.12/site-packages/airflow/example_dags/example_python_operator.py
[2026-03-22T00:05:43.672+0000] {logging_mixin.py:190} INFO - [2026-03-22T00:05:43.672+0000] {dag.py:3239} INFO - Sync 1 DAGs
[2026-03-22T00:05:43.705+0000] {logging_mixin.py:190} INFO - [2026-03-22T00:05:43.704+0000] {dag.py:4180} INFO - Setting next_dagrun for example_python_operator to None, run_after=None
[2026-03-22T00:05:43.749+0000] {processor.py:208} INFO - Processing /home/airflow/.local/lib/python3.12/site-packages/airflow/example_dags/example_python_operator.py took 0.172 seconds
[2026-03-22T00:06:14.509+0000] {processor.py:186} INFO - Started process (PID=25195) to work on /home/airflow/.local/lib/python3.12/site-packages/airflow/example_dags/example_python_operator.py
[2026-03-22T00:06:14.510+0000] {processor.py:914} INFO - Processing file /home/airflow/.local/lib/python3.12/site-packages/airflow/example_dags/example_python_operator.py for tasks to queue
[2026-03-22T00:06:14.512+0000] {logging_mixin.py:190} INFO - [2026-03-22T00:06:14.512+0000] {dagbag.py:588} INFO - Filling up the DagBag from /home/airflow/.local/lib/python3.12/site-packages/airflow/example_dags/example_python_operator.py
[2026-03-22T00:06:14.532+0000] {processor.py:925} INFO - DAG(s) 'example_python_operator' retrieved from /home/airflow/.local/lib/python3.12/site-packages/airflow/example_dags/example_python_operator.py
[2026-03-22T00:06:14.567+0000] {logging_mixin.py:190} INFO - [2026-03-22T00:06:14.567+0000] {dag.py:3239} INFO - Sync 1 DAGs
[2026-03-22T00:06:14.590+0000] {logging_mixin.py:190} INFO - [2026-03-22T00:06:14.589+0000] {dag.py:4180} INFO - Setting next_dagrun for example_python_operator to None, run_after=None
[2026-03-22T00:06:14.623+0000] {processor.py:208} INFO - Processing /home/airflow/.local/lib/python3.12/site-packages/airflow/example_dags/example_python_operator.py took 0.122 seconds
[2026-03-22T00:06:48.945+0000] {processor.py:186} INFO - Started process (PID=25260) to work on /home/airflow/.local/lib/python3.12/site-packages/airflow/example_dags/example_python_operator.py
[2026-03-22T00:06:48.949+0000] {processor.py:914} INFO - Processing file /home/airflow/.local/lib/python3.12/site-packages/airflow/example_dags/example_python_operator.py for tasks to queue
[2026-03-22T00:06:48.956+0000] {logging_mixin.py:190} INFO - [2026-03-22T00:06:48.954+0000] {dagbag.py:588} INFO - Filling up the DagBag from /home/airflow/.local/lib/python3.12/site-packages/airflow/example_dags/example_python_operator.py
[2026-03-22T00:06:49.013+0000] {processor.py:925} INFO - DAG(s) 'example_python_operator' retrieved from /home/airflow/.local/lib/python3.12/site-packages/airflow/example_dags/example_python_operator.py
[2026-03-22T00:06:49.104+0000] {logging_mixin.py:190} INFO - [2026-03-22T00:06:49.103+0000] {dag.py:3239} INFO - Sync 1 DAGs
[2026-03-22T00:06:49.171+0000] {logging_mixin.py:190} INFO - [2026-03-22T00:06:49.170+0000] {dag.py:4180} INFO - Setting next_dagrun for example_python_operator to None, run_after=None
[2026-03-22T00:06:49.243+0000] {processor.py:208} INFO - Processing /home/airflow/.local/lib/python3.12/site-packages/airflow/example_dags/example_python_operator.py took 0.324 seconds
[2026-03-22T00:07:22.691+0000] {processor.py:186} INFO - Started process (PID=25328) to work on /home/airflow/.local/lib/python3.12/site-packages/airflow/example_dags/example_python_operator.py
[2026-03-22T00:07:22.695+0000] {processor.py:914} INFO - Processing file /home/airflow/.local/lib/python3.12/site-packages/airflow/example_dags/example_python_operator.py for tasks to queue
[2026-03-22T00:07:22.703+0000] {logging_mixin.py:190} INFO - [2026-03-22T00:07:22.702+0000] {dagbag.py:588} INFO - Filling up the DagBag from /home/airflow/.local/lib/python3.12/site-packages/airflow/example_dags/example_python_operator.py
[2026-03-22T00:07:22.760+0000] {processor.py:925} INFO - DAG(s) 'example_python_operator' retrieved from /home/airflow/.local/lib/python3.12/site-packages/airflow/example_dags/example_python_operator.py
[2026-03-22T00:07:22.887+0000] {logging_mixin.py:190} INFO - [2026-03-22T00:07:22.886+0000] {dag.py:3239} INFO - Sync 1 DAGs
[2026-03-22T00:07:22.995+0000] {logging_mixin.py:190} INFO - [2026-03-22T00:07:22.994+0000] {dag.py:4180} INFO - Setting next_dagrun for example_python_operator to None, run_after=None
[2026-03-22T00:07:23.083+0000] {processor.py:208} INFO - Processing /home/airflow/.local/lib/python3.12/site-packages/airflow/example_dags/example_python_operator.py took 0.416 seconds
[2026-03-22T00:07:54.531+0000] {processor.py:186} INFO - Started process (PID=25393) to work on /home/airflow/.local/lib/python3.12/site-packages/airflow/example_dags/example_python_operator.py
[2026-03-22T00:07:54.534+0000] {processor.py:914} INFO - Processing file /home/airflow/.local/lib/python3.12/site-packages/airflow/example_dags/example_python_operator.py for tasks to queue
[2026-03-22T00:07:54.538+0000] {logging_mixin.py:190} INFO - [2026-03-22T00:07:54.537+0000] {dagbag.py:588} INFO - Filling up the DagBag from /home/airflow/.local/lib/python3.12/site-packages/airflow/example_dags/example_python_operator.py
[2026-03-22T00:07:54.571+0000] {processor.py:925} INFO - DAG(s) 'example_python_operator' retrieved from /home/airflow/.local/lib/python3.12/site-packages/airflow/example_dags/example_python_operator.py
[2026-03-22T00:07:54.629+0000] {logging_mixin.py:190} INFO - [2026-03-22T00:07:54.628+0000] {dag.py:3239} INFO - Sync 1 DAGs
[2026-03-22T00:07:54.669+0000] {logging_mixin.py:190} INFO - [2026-03-22T00:07:54.667+0000] {dag.py:4180} INFO - Setting next_dagrun for example_python_operator to None, run_after=None
[2026-03-22T00:07:54.704+0000] {processor.py:208} INFO - Processing /home/airflow/.local/lib/python3.12/site-packages/airflow/example_dags/example_python_operator.py took 0.189 seconds
[2026-03-22T00:08:26.120+0000] {processor.py:186} INFO - Started process (PID=25459) to work on /home/airflow/.local/lib/python3.12/site-packages/airflow/example_dags/example_python_operator.py
[2026-03-22T00:08:26.124+0000] {processor.py:914} INFO - Processing file /home/airflow/.local/lib/python3.12/site-packages/airflow/example_dags/example_python_operator.py for tasks to queue
[2026-03-22T00:08:26.130+0000] {logging_mixin.py:190} INFO - [2026-03-22T00:08:26.129+0000] {dagbag.py:588} INFO - Filling up the DagBag from /home/airflow/.local/lib/python3.12/site-packages/airflow/example_dags/example_python_operator.py
[2026-03-22T00:08:26.186+0000] {processor.py:925} INFO - DAG(s) 'example_python_operator' retrieved from /home/airflow/.local/lib/python3.12/site-packages/airflow/example_dags/example_python_operator.py
[2026-03-22T00:08:26.281+0000] {logging_mixin.py:190} INFO - [2026-03-22T00:08:26.280+0000] {dag.py:3239} INFO - Sync 1 DAGs
[2026-03-22T00:08:26.345+0000] {logging_mixin.py:190} INFO - [2026-03-22T00:08:26.344+0000] {dag.py:4180} INFO - Setting next_dagrun for example_python_operator to None, run_after=None
[2026-03-22T00:08:26.435+0000] {processor.py:208} INFO - Processing /home/airflow/.local/lib/python3.12/site-packages/airflow/example_dags/example_python_operator.py took 0.337 seconds
[2026-03-22T00:08:56.885+0000] {processor.py:186} INFO - Started process (PID=25525) to work on /home/airflow/.local/lib/python3.12/site-packages/airflow/example_dags/example_python_operator.py
[2026-03-22T00:08:56.887+0000] {processor.py:914} INFO - Processing file /home/airflow/.local/lib/python3.12/site-packages/airflow/example_dags/example_python_operator.py for tasks to queue
[2026-03-22T00:08:56.891+0000] {logging_mixin.py:190} INFO - [2026-03-22T00:08:56.890+0000] {dagbag.py:588} INFO - Filling up the DagBag from /home/airflow/.local/lib/python3.12/site-packages/airflow/example_dags/example_python_operator.py
[2026-03-22T00:08:56.924+0000] {processor.py:925} INFO - DAG(s) 'example_python_operator' retrieved from /home/airflow/.local/lib/python3.12/site-packages/airflow/example_dags/example_python_operator.py
[2026-03-22T00:08:56.978+0000] {logging_mixin.py:190} INFO - [2026-03-22T00:08:56.977+0000] {dag.py:3239} INFO - Sync 1 DAGs
[2026-03-22T00:08:57.014+0000] {logging_mixin.py:190} INFO - [2026-03-22T00:08:57.013+0000] {dag.py:4180} INFO - Setting next_dagrun for example_python_operator to None, run_after=None
[2026-03-22T00:08:57.062+0000] {processor.py:208} INFO - Processing /home/airflow/.local/lib/python3.12/site-packages/airflow/example_dags/example_python_operator.py took 0.192 seconds
[2026-03-22T00:09:27.855+0000] {processor.py:186} INFO - Started process (PID=25590) to work on /home/airflow/.local/lib/python3.12/site-packages/airflow/example_dags/example_python_operator.py
[2026-03-22T00:09:27.857+0000] {processor.py:914} INFO - Processing file /home/airflow/.local/lib/python3.12/site-packages/airflow/example_dags/example_python_operator.py for tasks to queue
[2026-03-22T00:09:27.860+0000] {logging_mixin.py:190} INFO - [2026-03-22T00:09:27.860+0000] {dagbag.py:588} INFO - Filling up the DagBag from /home/airflow/.local/lib/python3.12/site-packages/airflow/example_dags/example_python_operator.py
[2026-03-22T00:09:27.884+0000] {processor.py:925} INFO - DAG(s) 'example_python_operator' retrieved from /home/airflow/.local/lib/python3.12/site-packages/airflow/example_dags/example_python_operator.py
[2026-03-22T00:09:27.925+0000] {logging_mixin.py:190} INFO - [2026-03-22T00:09:27.925+0000] {dag.py:3239} INFO - Sync 1 DAGs
[2026-03-22T00:09:27.958+0000] {logging_mixin.py:190} INFO - [2026-03-22T00:09:27.958+0000] {dag.py:4180} INFO - Setting next_dagrun for example_python_operator to None, run_after=None
[2026-03-22T00:09:27.995+0000] {processor.py:208} INFO - Processing /home/airflow/.local/lib/python3.12/site-packages/airflow/example_dags/example_python_operator.py took 0.151 seconds
[2026-03-22T00:09:59.224+0000] {processor.py:186} INFO - Started process (PID=25655) to work on /home/airflow/.local/lib/python3.12/site-packages/airflow/example_dags/example_python_operator.py
[2026-03-22T00:09:59.226+0000] {processor.py:914} INFO - Processing file /home/airflow/.local/lib/python3.12/site-packages/airflow/example_dags/example_python_operator.py for tasks to queue
[2026-03-22T00:09:59.229+0000] {logging_mixin.py:190} INFO - [2026-03-22T00:09:59.229+0000] {dagbag.py:588} INFO - Filling up the DagBag from /home/airflow/.local/lib/python3.12/site-packages/airflow/example_dags/example_python_operator.py
[2026-03-22T00:09:59.258+0000] {processor.py:925} INFO - DAG(s) 'example_python_operator' retrieved from /home/airflow/.local/lib/python3.12/site-packages/airflow/example_dags/example_python_operator.py
[2026-03-22T00:09:59.307+0000] {logging_mixin.py:190} INFO - [2026-03-22T00:09:59.306+0000] {dag.py:3239} INFO - Sync 1 DAGs
[2026-03-22T00:09:59.338+0000] {logging_mixin.py:190} INFO - [2026-03-22T00:09:59.338+0000] {dag.py:4180} INFO - Setting next_dagrun for example_python_operator to None, run_after=None
[2026-03-22T00:09:59.381+0000] {processor.py:208} INFO - Processing /home/airflow/.local/lib/python3.12/site-packages/airflow/example_dags/example_python_operator.py took 0.170 seconds
[2026-03-22T00:10:30.954+0000] {processor.py:186} INFO - Started process (PID=25721) to work on /home/airflow/.local/lib/python3.12/site-packages/airflow/example_dags/example_python_operator.py
[2026-03-22T00:10:30.957+0000] {processor.py:914} INFO - Processing file /home/airflow/.local/lib/python3.12/site-packages/airflow/example_dags/example_python_operator.py for tasks to queue
[2026-03-22T00:10:30.961+0000] {logging_mixin.py:190} INFO - [2026-03-22T00:10:30.960+0000] {dagbag.py:588} INFO - Filling up the DagBag from /home/airflow/.local/lib/python3.12/site-packages/airflow/example_dags/example_python_operator.py
[2026-03-22T00:10:30.987+0000] {processor.py:925} INFO - DAG(s) 'example_python_operator' retrieved from /home/airflow/.local/lib/python3.12/site-packages/airflow/example_dags/example_python_operator.py
[2026-03-22T00:10:31.034+0000] {logging_mixin.py:190} INFO - [2026-03-22T00:10:31.033+0000] {dag.py:3239} INFO - Sync 1 DAGs
[2026-03-22T00:10:31.069+0000] {logging_mixin.py:190} INFO - [2026-03-22T00:10:31.068+0000] {dag.py:4180} INFO - Setting next_dagrun for example_python_operator to None, run_after=None
[2026-03-22T00:10:31.107+0000] {processor.py:208} INFO - Processing /home/airflow/.local/lib/python3.12/site-packages/airflow/example_dags/example_python_operator.py took 0.166 seconds
[2026-03-22T00:11:01.707+0000] {processor.py:186} INFO - Started process (PID=25786) to work on /home/airflow/.local/lib/python3.12/site-packages/airflow/example_dags/example_python_operator.py
[2026-03-22T00:11:01.709+0000] {processor.py:914} INFO - Processing file /home/airflow/.local/lib/python3.12/site-packages/airflow/example_dags/example_python_operator.py for tasks to queue
[2026-03-22T00:11:01.710+0000] {logging_mixin.py:190} INFO - [2026-03-22T00:11:01.710+0000] {dagbag.py:588} INFO - Filling up the DagBag from /home/airflow/.local/lib/python3.12/site-packages/airflow/example_dags/example_python_operator.py
[2026-03-22T00:11:01.725+0000] {processor.py:925} INFO - DAG(s) 'example_python_operator' retrieved from /home/airflow/.local/lib/python3.12/site-packages/airflow/example_dags/example_python_operator.py
[2026-03-22T00:11:01.750+0000] {logging_mixin.py:190} INFO - [2026-03-22T00:11:01.750+0000] {dag.py:3239} INFO - Sync 1 DAGs
[2026-03-22T00:11:01.767+0000] {logging_mixin.py:190} INFO - [2026-03-22T00:11:01.766+0000] {dag.py:4180} INFO - Setting next_dagrun for example_python_operator to None, run_after=None
[2026-03-22T00:11:01.790+0000] {processor.py:208} INFO - Processing /home/airflow/.local/lib/python3.12/site-packages/airflow/example_dags/example_python_operator.py took 0.090 seconds
[2026-03-22T00:11:31.939+0000] {processor.py:186} INFO - Started process (PID=25850) to work on /home/airflow/.local/lib/python3.12/site-packages/airflow/example_dags/example_python_operator.py
[2026-03-22T00:11:31.940+0000] {processor.py:914} INFO - Processing file /home/airflow/.local/lib/python3.12/site-packages/airflow/example_dags/example_python_operator.py for tasks to queue
[2026-03-22T00:11:31.942+0000] {logging_mixin.py:190} INFO - [2026-03-22T00:11:31.941+0000] {dagbag.py:588} INFO - Filling up the DagBag from /home/airflow/.local/lib/python3.12/site-packages/airflow/example_dags/example_python_operator.py
[2026-03-22T00:11:31.955+0000] {processor.py:925} INFO - DAG(s) 'example_python_operator' retrieved from /home/airflow/.local/lib/python3.12/site-packages/airflow/example_dags/example_python_operator.py
[2026-03-22T00:11:31.982+0000] {logging_mixin.py:190} INFO - [2026-03-22T00:11:31.981+0000] {dag.py:3239} INFO - Sync 1 DAGs
[2026-03-22T00:11:31.999+0000] {logging_mixin.py:190} INFO - [2026-03-22T00:11:31.999+0000] {dag.py:4180} INFO - Setting next_dagrun for example_python_operator to None, run_after=None
[2026-03-22T00:11:32.023+0000] {processor.py:208} INFO - Processing /home/airflow/.local/lib/python3.12/site-packages/airflow/example_dags/example_python_operator.py took 0.091 seconds
[2026-03-22T00:12:02.539+0000] {processor.py:186} INFO - Started process (PID=25915) to work on /home/airflow/.local/lib/python3.12/site-packages/airflow/example_dags/example_python_operator.py
[2026-03-22T00:12:02.541+0000] {processor.py:914} INFO - Processing file /home/airflow/.local/lib/python3.12/site-packages/airflow/example_dags/example_python_operator.py for tasks to queue
[2026-03-22T00:12:02.543+0000] {logging_mixin.py:190} INFO - [2026-03-22T00:12:02.542+0000] {dagbag.py:588} INFO - Filling up the DagBag from /home/airflow/.local/lib/python3.12/site-packages/airflow/example_dags/example_python_operator.py
[2026-03-22T00:12:02.554+0000] {processor.py:925} INFO - DAG(s) 'example_python_operator' retrieved from /home/airflow/.local/lib/python3.12/site-packages/airflow/example_dags/example_python_operator.py
[2026-03-22T00:12:02.577+0000] {logging_mixin.py:190} INFO - [2026-03-22T00:12:02.576+0000] {dag.py:3239} INFO - Sync 1 DAGs
[2026-03-22T00:12:02.590+0000] {logging_mixin.py:190} INFO - [2026-03-22T00:12:02.590+0000] {dag.py:4180} INFO - Setting next_dagrun for example_python_operator to None, run_after=None
[2026-03-22T00:12:02.611+0000] {processor.py:208} INFO - Processing /home/airflow/.local/lib/python3.12/site-packages/airflow/example_dags/example_python_operator.py took 0.077 seconds
[2026-03-22T00:12:33.328+0000] {processor.py:186} INFO - Started process (PID=25980) to work on /home/airflow/.local/lib/python3.12/site-packages/airflow/example_dags/example_python_operator.py
[2026-03-22T00:12:33.329+0000] {processor.py:914} INFO - Processing file /home/airflow/.local/lib/python3.12/site-packages/airflow/example_dags/example_python_operator.py for tasks to queue
[2026-03-22T00:12:33.331+0000] {logging_mixin.py:190} INFO - [2026-03-22T00:12:33.331+0000] {dagbag.py:588} INFO - Filling up the DagBag from /home/airflow/.local/lib/python3.12/site-packages/airflow/example_dags/example_python_operator.py
[2026-03-22T00:12:33.346+0000] {processor.py:925} INFO - DAG(s) 'example_python_operator' retrieved from /home/airflow/.local/lib/python3.12/site-packages/airflow/example_dags/example_python_operator.py
[2026-03-22T00:12:33.371+0000] {logging_mixin.py:190} INFO - [2026-03-22T00:12:33.371+0000] {dag.py:3239} INFO - Sync 1 DAGs
[2026-03-22T00:12:33.389+0000] {logging_mixin.py:190} INFO - [2026-03-22T00:12:33.389+0000] {dag.py:4180} INFO - Setting next_dagrun for example_python_operator to None, run_after=None
[2026-03-22T00:12:33.413+0000] {processor.py:208} INFO - Processing /home/airflow/.local/lib/python3.12/site-packages/airflow/example_dags/example_python_operator.py took 0.093 seconds
[2026-03-22T00:13:03.933+0000] {processor.py:186} INFO - Started process (PID=26044) to work on /home/airflow/.local/lib/python3.12/site-packages/airflow/example_dags/example_python_operator.py
[2026-03-22T00:13:03.934+0000] {processor.py:914} INFO - Processing file /home/airflow/.local/lib/python3.12/site-packages/airflow/example_dags/example_python_operator.py for tasks to queue
[2026-03-22T00:13:03.935+0000] {logging_mixin.py:190} INFO - [2026-03-22T00:13:03.935+0000] {dagbag.py:588} INFO - Filling up the DagBag from /home/airflow/.local/lib/python3.12/site-packages/airflow/example_dags/example_python_operator.py
[2026-03-22T00:13:03.949+0000] {processor.py:925} INFO - DAG(s) 'example_python_operator' retrieved from /home/airflow/.local/lib/python3.12/site-packages/airflow/example_dags/example_python_operator.py
[2026-03-22T00:13:03.973+0000] {logging_mixin.py:190} INFO - [2026-03-22T00:13:03.973+0000] {dag.py:3239} INFO - Sync 1 DAGs
[2026-03-22T00:13:03.991+0000] {logging_mixin.py:190} INFO - [2026-03-22T00:13:03.990+0000] {dag.py:4180} INFO - Setting next_dagrun for example_python_operator to None, run_after=None
[2026-03-22T00:13:04.011+0000] {processor.py:208} INFO - Processing /home/airflow/.local/lib/python3.12/site-packages/airflow/example_dags/example_python_operator.py took 0.083 seconds
[2026-03-22T00:13:34.765+0000] {processor.py:186} INFO - Started process (PID=26115) to work on /home/airflow/.local/lib/python3.12/site-packages/airflow/example_dags/example_python_operator.py
[2026-03-22T00:13:34.767+0000] {processor.py:914} INFO - Processing file /home/airflow/.local/lib/python3.12/site-packages/airflow/example_dags/example_python_operator.py for tasks to queue
[2026-03-22T00:13:34.769+0000] {logging_mixin.py:190} INFO - [2026-03-22T00:13:34.768+0000] {dagbag.py:588} INFO - Filling up the DagBag from /home/airflow/.local/lib/python3.12/site-packages/airflow/example_dags/example_python_operator.py
[2026-03-22T00:13:34.785+0000] {processor.py:925} INFO - DAG(s) 'example_python_operator' retrieved from /home/airflow/.local/lib/python3.12/site-packages/airflow/example_dags/example_python_operator.py
[2026-03-22T00:13:34.813+0000] {logging_mixin.py:190} INFO - [2026-03-22T00:13:34.813+0000] {dag.py:3239} INFO - Sync 1 DAGs
[2026-03-22T00:13:34.832+0000] {logging_mixin.py:190} INFO - [2026-03-22T00:13:34.832+0000] {dag.py:4180} INFO - Setting next_dagrun for example_python_operator to None, run_after=None
[2026-03-22T00:13:34.860+0000] {processor.py:208} INFO - Processing /home/airflow/.local/lib/python3.12/site-packages/airflow/example_dags/example_python_operator.py took 0.104 seconds
[2026-03-22T00:14:05.336+0000] {processor.py:186} INFO - Started process (PID=26180) to work on /home/airflow/.local/lib/python3.12/site-packages/airflow/example_dags/example_python_operator.py
[2026-03-22T00:14:05.339+0000] {processor.py:914} INFO - Processing file /home/airflow/.local/lib/python3.12/site-packages/airflow/example_dags/example_python_operator.py for tasks to queue
[2026-03-22T00:14:05.341+0000] {logging_mixin.py:190} INFO - [2026-03-22T00:14:05.340+0000] {dagbag.py:588} INFO - Filling up the DagBag from /home/airflow/.local/lib/python3.12/site-packages/airflow/example_dags/example_python_operator.py
[2026-03-22T00:14:05.361+0000] {processor.py:925} INFO - DAG(s) 'example_python_operator' retrieved from /home/airflow/.local/lib/python3.12/site-packages/airflow/example_dags/example_python_operator.py
[2026-03-22T00:14:05.398+0000] {logging_mixin.py:190} INFO - [2026-03-22T00:14:05.398+0000] {dag.py:3239} INFO - Sync 1 DAGs
[2026-03-22T00:14:05.423+0000] {logging_mixin.py:190} INFO - [2026-03-22T00:14:05.423+0000] {dag.py:4180} INFO - Setting next_dagrun for example_python_operator to None, run_after=None
[2026-03-22T00:14:05.454+0000] {processor.py:208} INFO - Processing /home/airflow/.local/lib/python3.12/site-packages/airflow/example_dags/example_python_operator.py took 0.127 seconds
[2026-03-22T00:14:36.041+0000] {processor.py:186} INFO - Started process (PID=26245) to work on /home/airflow/.local/lib/python3.12/site-packages/airflow/example_dags/example_python_operator.py
[2026-03-22T00:14:36.044+0000] {processor.py:914} INFO - Processing file /home/airflow/.local/lib/python3.12/site-packages/airflow/example_dags/example_python_operator.py for tasks to queue
[2026-03-22T00:14:36.047+0000] {logging_mixin.py:190} INFO - [2026-03-22T00:14:36.046+0000] {dagbag.py:588} INFO - Filling up the DagBag from /home/airflow/.local/lib/python3.12/site-packages/airflow/example_dags/example_python_operator.py
[2026-03-22T00:14:36.070+0000] {processor.py:925} INFO - DAG(s) 'example_python_operator' retrieved from /home/airflow/.local/lib/python3.12/site-packages/airflow/example_dags/example_python_operator.py
[2026-03-22T00:14:36.114+0000] {logging_mixin.py:190} INFO - [2026-03-22T00:14:36.114+0000] {dag.py:3239} INFO - Sync 1 DAGs
[2026-03-22T00:14:36.140+0000] {logging_mixin.py:190} INFO - [2026-03-22T00:14:36.140+0000] {dag.py:4180} INFO - Setting next_dagrun for example_python_operator to None, run_after=None
[2026-03-22T00:14:36.176+0000] {processor.py:208} INFO - Processing /home/airflow/.local/lib/python3.12/site-packages/airflow/example_dags/example_python_operator.py took 0.145 seconds
[2026-03-22T00:15:06.610+0000] {processor.py:186} INFO - Started process (PID=26309) to work on /home/airflow/.local/lib/python3.12/site-packages/airflow/example_dags/example_python_operator.py
[2026-03-22T00:15:06.611+0000] {processor.py:914} INFO - Processing file /home/airflow/.local/lib/python3.12/site-packages/airflow/example_dags/example_python_operator.py for tasks to queue
[2026-03-22T00:15:06.614+0000] {logging_mixin.py:190} INFO - [2026-03-22T00:15:06.613+0000] {dagbag.py:588} INFO - Filling up the DagBag from /home/airflow/.local/lib/python3.12/site-packages/airflow/example_dags/example_python_operator.py
[2026-03-22T00:15:06.632+0000] {processor.py:925} INFO - DAG(s) 'example_python_operator' retrieved from /home/airflow/.local/lib/python3.12/site-packages/airflow/example_dags/example_python_operator.py
[2026-03-22T00:15:06.668+0000] {logging_mixin.py:190} INFO - [2026-03-22T00:15:06.667+0000] {dag.py:3239} INFO - Sync 1 DAGs
[2026-03-22T00:15:06.692+0000] {logging_mixin.py:190} INFO - [2026-03-22T00:15:06.691+0000] {dag.py:4180} INFO - Setting next_dagrun for example_python_operator to None, run_after=None
[2026-03-22T00:15:06.725+0000] {processor.py:208} INFO - Processing /home/airflow/.local/lib/python3.12/site-packages/airflow/example_dags/example_python_operator.py took 0.124 seconds
[2026-03-22T00:15:37.043+0000] {processor.py:186} INFO - Started process (PID=26374) to work on /home/airflow/.local/lib/python3.12/site-packages/airflow/example_dags/example_python_operator.py
[2026-03-22T00:15:37.045+0000] {processor.py:914} INFO - Processing file /home/airflow/.local/lib/python3.12/site-packages/airflow/example_dags/example_python_operator.py for tasks to queue
[2026-03-22T00:15:37.046+0000] {logging_mixin.py:190} INFO - [2026-03-22T00:15:37.046+0000] {dagbag.py:588} INFO - Filling up the DagBag from /home/airflow/.local/lib/python3.12/site-packages/airflow/example_dags/example_python_operator.py
[2026-03-22T00:15:37.057+0000] {processor.py:925} INFO - DAG(s) 'example_python_operator' retrieved from /home/airflow/.local/lib/python3.12/site-packages/airflow/example_dags/example_python_operator.py
[2026-03-22T00:15:37.077+0000] {logging_mixin.py:190} INFO - [2026-03-22T00:15:37.076+0000] {dag.py:3239} INFO - Sync 1 DAGs
[2026-03-22T00:15:37.088+0000] {logging_mixin.py:190} INFO - [2026-03-22T00:15:37.087+0000] {dag.py:4180} INFO - Setting next_dagrun for example_python_operator to None, run_after=None
[2026-03-22T00:15:37.106+0000] {processor.py:208} INFO - Processing /home/airflow/.local/lib/python3.12/site-packages/airflow/example_dags/example_python_operator.py took 0.068 seconds
[2026-03-22T02:12:56.407+0000] {processor.py:186} INFO - Started process (PID=26429) to work on /home/airflow/.local/lib/python3.12/site-packages/airflow/example_dags/example_python_operator.py
[2026-03-22T02:12:56.408+0000] {processor.py:914} INFO - Processing file /home/airflow/.local/lib/python3.12/site-packages/airflow/example_dags/example_python_operator.py for tasks to queue
[2026-03-22T02:12:56.410+0000] {logging_mixin.py:190} INFO - [2026-03-22T02:12:56.409+0000] {dagbag.py:588} INFO - Filling up the DagBag from /home/airflow/.local/lib/python3.12/site-packages/airflow/example_dags/example_python_operator.py
[2026-03-22T02:12:56.422+0000] {processor.py:925} INFO - DAG(s) 'example_python_operator' retrieved from /home/airflow/.local/lib/python3.12/site-packages/airflow/example_dags/example_python_operator.py
[2026-03-22T02:12:56.441+0000] {logging_mixin.py:190} INFO - [2026-03-22T02:12:56.441+0000] {dag.py:3239} INFO - Sync 1 DAGs
[2026-03-22T02:12:56.454+0000] {logging_mixin.py:190} INFO - [2026-03-22T02:12:56.454+0000] {dag.py:4180} INFO - Setting next_dagrun for example_python_operator to None, run_after=None
[2026-03-22T02:12:56.471+0000] {processor.py:208} INFO - Processing /home/airflow/.local/lib/python3.12/site-packages/airflow/example_dags/example_python_operator.py took 0.070 seconds
[2026-03-22T02:13:27.094+0000] {processor.py:186} INFO - Started process (PID=26494) to work on /home/airflow/.local/lib/python3.12/site-packages/airflow/example_dags/example_python_operator.py
[2026-03-22T02:13:27.095+0000] {processor.py:914} INFO - Processing file /home/airflow/.local/lib/python3.12/site-packages/airflow/example_dags/example_python_operator.py for tasks to queue
[2026-03-22T02:13:27.096+0000] {logging_mixin.py:190} INFO - [2026-03-22T02:13:27.096+0000] {dagbag.py:588} INFO - Filling up the DagBag from /home/airflow/.local/lib/python3.12/site-packages/airflow/example_dags/example_python_operator.py
[2026-03-22T02:13:27.108+0000] {processor.py:925} INFO - DAG(s) 'example_python_operator' retrieved from /home/airflow/.local/lib/python3.12/site-packages/airflow/example_dags/example_python_operator.py
[2026-03-22T02:13:27.132+0000] {logging_mixin.py:190} INFO - [2026-03-22T02:13:27.132+0000] {dag.py:3239} INFO - Sync 1 DAGs
[2026-03-22T02:13:27.148+0000] {logging_mixin.py:190} INFO - [2026-03-22T02:13:27.148+0000] {dag.py:4180} INFO - Setting next_dagrun for example_python_operator to None, run_after=None
[2026-03-22T02:13:27.167+0000] {processor.py:208} INFO - Processing /home/airflow/.local/lib/python3.12/site-packages/airflow/example_dags/example_python_operator.py took 0.079 seconds
[2026-03-22T02:13:57.888+0000] {processor.py:186} INFO - Started process (PID=26558) to work on /home/airflow/.local/lib/python3.12/site-packages/airflow/example_dags/example_python_operator.py
[2026-03-22T02:13:57.889+0000] {processor.py:914} INFO - Processing file /home/airflow/.local/lib/python3.12/site-packages/airflow/example_dags/example_python_operator.py for tasks to queue
[2026-03-22T02:13:57.890+0000] {logging_mixin.py:190} INFO - [2026-03-22T02:13:57.890+0000] {dagbag.py:588} INFO - Filling up the DagBag from /home/airflow/.local/lib/python3.12/site-packages/airflow/example_dags/example_python_operator.py
[2026-03-22T02:13:57.902+0000] {processor.py:925} INFO - DAG(s) 'example_python_operator' retrieved from /home/airflow/.local/lib/python3.12/site-packages/airflow/example_dags/example_python_operator.py
[2026-03-22T02:13:57.924+0000] {logging_mixin.py:190} INFO - [2026-03-22T02:13:57.923+0000] {dag.py:3239} INFO - Sync 1 DAGs
[2026-03-22T02:13:57.938+0000] {logging_mixin.py:190} INFO - [2026-03-22T02:13:57.938+0000] {dag.py:4180} INFO - Setting next_dagrun for example_python_operator to None, run_after=None
[2026-03-22T02:13:57.956+0000] {processor.py:208} INFO - Processing /home/airflow/.local/lib/python3.12/site-packages/airflow/example_dags/example_python_operator.py took 0.074 seconds
[2026-03-22T02:14:28.552+0000] {processor.py:186} INFO - Started process (PID=26623) to work on /home/airflow/.local/lib/python3.12/site-packages/airflow/example_dags/example_python_operator.py
[2026-03-22T02:14:28.553+0000] {processor.py:914} INFO - Processing file /home/airflow/.local/lib/python3.12/site-packages/airflow/example_dags/example_python_operator.py for tasks to queue
[2026-03-22T02:14:28.555+0000] {logging_mixin.py:190} INFO - [2026-03-22T02:14:28.555+0000] {dagbag.py:588} INFO - Filling up the DagBag from /home/airflow/.local/lib/python3.12/site-packages/airflow/example_dags/example_python_operator.py
[2026-03-22T02:14:28.567+0000] {processor.py:925} INFO - DAG(s) 'example_python_operator' retrieved from /home/airflow/.local/lib/python3.12/site-packages/airflow/example_dags/example_python_operator.py
[2026-03-22T02:14:28.587+0000] {logging_mixin.py:190} INFO - [2026-03-22T02:14:28.587+0000] {dag.py:3239} INFO - Sync 1 DAGs
[2026-03-22T02:14:28.599+0000] {logging_mixin.py:190} INFO - [2026-03-22T02:14:28.599+0000] {dag.py:4180} INFO - Setting next_dagrun for example_python_operator to None, run_after=None
[2026-03-22T02:14:28.616+0000] {processor.py:208} INFO - Processing /home/airflow/.local/lib/python3.12/site-packages/airflow/example_dags/example_python_operator.py took 0.070 seconds
[2026-03-22T02:15:00.003+0000] {processor.py:186} INFO - Started process (PID=26688) to work on /home/airflow/.local/lib/python3.12/site-packages/airflow/example_dags/example_python_operator.py
[2026-03-22T02:15:00.005+0000] {processor.py:914} INFO - Processing file /home/airflow/.local/lib/python3.12/site-packages/airflow/example_dags/example_python_operator.py for tasks to queue
[2026-03-22T02:15:00.006+0000] {logging_mixin.py:190} INFO - [2026-03-22T02:15:00.006+0000] {dagbag.py:588} INFO - Filling up the DagBag from /home/airflow/.local/lib/python3.12/site-packages/airflow/example_dags/example_python_operator.py
[2026-03-22T02:15:00.022+0000] {processor.py:925} INFO - DAG(s) 'example_python_operator' retrieved from /home/airflow/.local/lib/python3.12/site-packages/airflow/example_dags/example_python_operator.py
[2026-03-22T02:15:00.047+0000] {logging_mixin.py:190} INFO - [2026-03-22T02:15:00.047+0000] {dag.py:3239} INFO - Sync 1 DAGs
[2026-03-22T02:15:00.065+0000] {logging_mixin.py:190} INFO - [2026-03-22T02:15:00.065+0000] {dag.py:4180} INFO - Setting next_dagrun for example_python_operator to None, run_after=None
[2026-03-22T02:15:00.091+0000] {processor.py:208} INFO - Processing /home/airflow/.local/lib/python3.12/site-packages/airflow/example_dags/example_python_operator.py took 0.095 seconds
[2026-03-22T02:15:31.562+0000] {processor.py:186} INFO - Started process (PID=26753) to work on /home/airflow/.local/lib/python3.12/site-packages/airflow/example_dags/example_python_operator.py
[2026-03-22T02:15:31.563+0000] {processor.py:914} INFO - Processing file /home/airflow/.local/lib/python3.12/site-packages/airflow/example_dags/example_python_operator.py for tasks to queue
[2026-03-22T02:15:31.565+0000] {logging_mixin.py:190} INFO - [2026-03-22T02:15:31.564+0000] {dagbag.py:588} INFO - Filling up the DagBag from /home/airflow/.local/lib/python3.12/site-packages/airflow/example_dags/example_python_operator.py
[2026-03-22T02:15:31.576+0000] {processor.py:925} INFO - DAG(s) 'example_python_operator' retrieved from /home/airflow/.local/lib/python3.12/site-packages/airflow/example_dags/example_python_operator.py
[2026-03-22T02:15:31.594+0000] {logging_mixin.py:190} INFO - [2026-03-22T02:15:31.594+0000] {dag.py:3239} INFO - Sync 1 DAGs
[2026-03-22T02:15:31.607+0000] {logging_mixin.py:190} INFO - [2026-03-22T02:15:31.606+0000] {dag.py:4180} INFO - Setting next_dagrun for example_python_operator to None, run_after=None
[2026-03-22T02:15:31.622+0000] {processor.py:208} INFO - Processing /home/airflow/.local/lib/python3.12/site-packages/airflow/example_dags/example_python_operator.py took 0.065 seconds
[2026-03-22T02:16:02.660+0000] {processor.py:186} INFO - Started process (PID=26818) to work on /home/airflow/.local/lib/python3.12/site-packages/airflow/example_dags/example_python_operator.py
[2026-03-22T02:16:02.661+0000] {processor.py:914} INFO - Processing file /home/airflow/.local/lib/python3.12/site-packages/airflow/example_dags/example_python_operator.py for tasks to queue
[2026-03-22T02:16:02.663+0000] {logging_mixin.py:190} INFO - [2026-03-22T02:16:02.663+0000] {dagbag.py:588} INFO - Filling up the DagBag from /home/airflow/.local/lib/python3.12/site-packages/airflow/example_dags/example_python_operator.py
[2026-03-22T02:16:02.674+0000] {processor.py:925} INFO - DAG(s) 'example_python_operator' retrieved from /home/airflow/.local/lib/python3.12/site-packages/airflow/example_dags/example_python_operator.py
[2026-03-22T02:16:02.694+0000] {logging_mixin.py:190} INFO - [2026-03-22T02:16:02.694+0000] {dag.py:3239} INFO - Sync 1 DAGs
[2026-03-22T02:16:02.706+0000] {logging_mixin.py:190} INFO - [2026-03-22T02:16:02.706+0000] {dag.py:4180} INFO - Setting next_dagrun for example_python_operator to None, run_after=None
[2026-03-22T02:16:02.721+0000] {processor.py:208} INFO - Processing /home/airflow/.local/lib/python3.12/site-packages/airflow/example_dags/example_python_operator.py took 0.067 seconds
[2026-03-22T02:16:33.528+0000] {processor.py:186} INFO - Started process (PID=26883) to work on /home/airflow/.local/lib/python3.12/site-packages/airflow/example_dags/example_python_operator.py
[2026-03-22T02:16:33.529+0000] {processor.py:914} INFO - Processing file /home/airflow/.local/lib/python3.12/site-packages/airflow/example_dags/example_python_operator.py for tasks to queue
[2026-03-22T02:16:33.530+0000] {logging_mixin.py:190} INFO - [2026-03-22T02:16:33.530+0000] {dagbag.py:588} INFO - Filling up the DagBag from /home/airflow/.local/lib/python3.12/site-packages/airflow/example_dags/example_python_operator.py
[2026-03-22T02:16:33.542+0000] {processor.py:925} INFO - DAG(s) 'example_python_operator' retrieved from /home/airflow/.local/lib/python3.12/site-packages/airflow/example_dags/example_python_operator.py
[2026-03-22T02:16:33.561+0000] {logging_mixin.py:190} INFO - [2026-03-22T02:16:33.561+0000] {dag.py:3239} INFO - Sync 1 DAGs
[2026-03-22T02:16:33.575+0000] {logging_mixin.py:190} INFO - [2026-03-22T02:16:33.575+0000] {dag.py:4180} INFO - Setting next_dagrun for example_python_operator to None, run_after=None
[2026-03-22T02:16:33.594+0000] {processor.py:208} INFO - Processing /home/airflow/.local/lib/python3.12/site-packages/airflow/example_dags/example_python_operator.py took 0.072 seconds
