[2026-03-22T00:00:24.439+0000] {processor.py:186} INFO - Started process (PID=24835) to work on /home/airflow/.local/lib/python3.12/site-packages/airflow/example_dags/example_outlet_event_extra.py
[2026-03-22T00:00:24.454+0000] {processor.py:914} INFO - Processing file /home/airflow/.local/lib/python3.12/site-packages/airflow/example_dags/example_outlet_event_extra.py for tasks to queue
[2026-03-22T00:00:24.473+0000] {logging_mixin.py:190} INFO - [2026-03-22T00:00:24.471+0000] {dagbag.py:588} INFO - Filling up the DagBag from /home/airflow/.local/lib/python3.12/site-packages/airflow/example_dags/example_outlet_event_extra.py
[2026-03-22T00:00:33.388+0000] {processor.py:925} INFO - DAG(s) 'dataset_with_extra_by_context', 'dataset_with_extra_by_yield', 'dataset_with_extra_from_classic_operator' retrieved from /home/airflow/.local/lib/python3.12/site-packages/airflow/example_dags/example_outlet_event_extra.py
[2026-03-22T00:00:33.794+0000] {logging_mixin.py:190} INFO - [2026-03-22T00:00:33.793+0000] {dag.py:3239} INFO - Sync 3 DAGs
[2026-03-22T00:00:34.279+0000] {logging_mixin.py:190} INFO - [2026-03-22T00:00:34.265+0000] {dag.py:4180} INFO - Setting next_dagrun for dataset_with_extra_by_context to 2026-03-21 00:00:00+00:00, run_after=2026-03-22 00:00:00+00:00
[2026-03-22T00:00:34.333+0000] {logging_mixin.py:190} INFO - [2026-03-22T00:00:34.332+0000] {dag.py:4180} INFO - Setting next_dagrun for dataset_with_extra_by_yield to 2026-03-21 00:00:00+00:00, run_after=2026-03-22 00:00:00+00:00
[2026-03-22T00:00:34.396+0000] {logging_mixin.py:190} INFO - [2026-03-22T00:00:34.395+0000] {dag.py:4180} INFO - Setting next_dagrun for dataset_with_extra_from_classic_operator to 2026-03-21 00:00:00+00:00, run_after=2026-03-22 00:00:00+00:00
[2026-03-22T00:00:34.739+0000] {processor.py:208} INFO - Processing /home/airflow/.local/lib/python3.12/site-packages/airflow/example_dags/example_outlet_event_extra.py took 10.355 seconds
[2026-03-22T00:01:13.928+0000] {processor.py:186} INFO - Started process (PID=24915) to work on /home/airflow/.local/lib/python3.12/site-packages/airflow/example_dags/example_outlet_event_extra.py
[2026-03-22T00:01:13.961+0000] {processor.py:914} INFO - Processing file /home/airflow/.local/lib/python3.12/site-packages/airflow/example_dags/example_outlet_event_extra.py for tasks to queue
[2026-03-22T00:01:14.042+0000] {logging_mixin.py:190} INFO - [2026-03-22T00:01:14.039+0000] {dagbag.py:588} INFO - Filling up the DagBag from /home/airflow/.local/lib/python3.12/site-packages/airflow/example_dags/example_outlet_event_extra.py
[2026-03-22T00:01:45.714+0000] {logging_mixin.py:190} INFO - [2026-03-22T00:01:45.635+0000] {timeout.py:68} ERROR - Process timed out, PID: 24915
[2026-03-22T00:01:48.747+0000] {logging_mixin.py:190} INFO - [2026-03-22T00:01:45.810+0000] {dagbag.py:387} ERROR - Failed to import: /home/airflow/.local/lib/python3.12/site-packages/airflow/example_dags/example_outlet_event_extra.py
Traceback (most recent call last):
  File "/home/airflow/.local/lib/python3.12/site-packages/airflow/models/dagbag.py", line 383, in parse
    loader.exec_module(new_module)
  File "<frozen importlib._bootstrap_external>", line 999, in exec_module
  File "<frozen importlib._bootstrap>", line 488, in _call_with_frames_removed
  File "/home/airflow/.local/lib/python3.12/site-packages/airflow/example_dags/example_outlet_event_extra.py", line 34, in <module>
    ds = Dataset("s3://output/1.txt")
         ^^^^^^^^^^^^^^^^^^^^^^^^^^^^
  File "<attrs generated init airflow.datasets.Dataset>", line 3, in __init__
    _setattr('uri', __attr_converter_uri(uri))
                    ^^^^^^^^^^^^^^^^^^^^^^^^^
  File "/home/airflow/.local/lib/python3.12/site-packages/airflow/datasets/__init__.py", line 108, in _sanitize_uri
    if (normalizer := _get_uri_normalizer(normalized_scheme)) is not None:
                      ^^^^^^^^^^^^^^^^^^^^^^^^^^^^^^^^^^^^^^
  File "/home/airflow/.local/lib/python3.12/site-packages/airflow/datasets/__init__.py", line 58, in _get_uri_normalizer
    return ProvidersManager().dataset_uri_handlers.get(scheme)
           ^^^^^^^^^^^^^^^^^^^^^^^^^^^^^^^^^^^^^^^
  File "/home/airflow/.local/lib/python3.12/site-packages/airflow/providers_manager.py", line 1333, in dataset_uri_handlers
    self.initialize_providers_dataset_uri_resources()
  File "/home/airflow/.local/lib/python3.12/site-packages/airflow/providers_manager.py", line 384, in wrapped_function
    func(*args, **kwargs)
  File "/home/airflow/.local/lib/python3.12/site-packages/airflow/providers_manager.py", line 532, in initialize_providers_dataset_uri_resources
    self._discover_dataset_uri_resources()
  File "/home/airflow/.local/lib/python3.12/site-packages/airflow/providers_manager.py", line 914, in _discover_dataset_uri_resources
    _safe_register_resource(
  File "/home/airflow/.local/lib/python3.12/site-packages/airflow/providers_manager.py", line 902, in _safe_register_resource
    _correctness_check(provider_package_name, resource_path, provider)
  File "/home/airflow/.local/lib/python3.12/site-packages/airflow/providers_manager.py", line 327, in _correctness_check
    imported_class = import_string(class_name)
                     ^^^^^^^^^^^^^^^^^^^^^^^^^
  File "/home/airflow/.local/lib/python3.12/site-packages/airflow/utils/module_loading.py", line 39, in import_string
    module = import_module(module_path)
             ^^^^^^^^^^^^^^^^^^^^^^^^^^
  File "/usr/local/lib/python3.12/importlib/__init__.py", line 90, in import_module
    return _bootstrap._gcd_import(name[level:], package, level)
           ^^^^^^^^^^^^^^^^^^^^^^^^^^^^^^^^^^^^^^^^^^^^^^^^^^^^
  File "<frozen importlib._bootstrap>", line 1387, in _gcd_import
  File "<frozen importlib._bootstrap>", line 1360, in _find_and_load
  File "<frozen importlib._bootstrap>", line 1331, in _find_and_load_unlocked
  File "<frozen importlib._bootstrap>", line 935, in _load_unlocked
  File "<frozen importlib._bootstrap_external>", line 999, in exec_module
  File "<frozen importlib._bootstrap>", line 488, in _call_with_frames_removed
  File "/home/airflow/.local/lib/python3.12/site-packages/airflow/providers/google/assets/gcs.py", line 21, in <module>
    from airflow.providers.google.cloud.hooks.gcs import _parse_gcs_url
  File "/home/airflow/.local/lib/python3.12/site-packages/airflow/providers/google/cloud/hooks/gcs.py", line 50, in <module>
    from airflow.providers.google.common.hooks.base_google import (
  File "/home/airflow/.local/lib/python3.12/site-packages/airflow/providers/google/common/hooks/base_google.py", line 36, in <module>
    import google_auth_httplib2
  File "/home/airflow/.local/lib/python3.12/site-packages/google_auth_httplib2.py", line 24, in <module>
    import httplib2
  File "/home/airflow/.local/lib/python3.12/site-packages/httplib2/__init__.py", line 124, in <module>
    from httplib2 import certs
  File "/home/airflow/.local/lib/python3.12/site-packages/httplib2/certs.py", line 16, in <module>
    from ca_certs_locater import get as custom_ca_locater_where
  File "<frozen importlib._bootstrap>", line 1360, in _find_and_load
  File "<frozen importlib._bootstrap>", line 1322, in _find_and_load_unlocked
  File "<frozen importlib._bootstrap>", line 1262, in _find_spec
  File "<frozen importlib._bootstrap_external>", line 1532, in find_spec
  File "<frozen importlib._bootstrap_external>", line 1506, in _get_spec
  File "<frozen importlib._bootstrap_external>", line 1605, in find_spec
  File "<frozen importlib._bootstrap_external>", line 147, in _path_stat
  File "/home/airflow/.local/lib/python3.12/site-packages/airflow/utils/timeout.py", line 69, in handle_timeout
    raise AirflowTaskTimeout(self.error_message)
airflow.exceptions.AirflowTaskTimeout: DagBag import timeout for /home/airflow/.local/lib/python3.12/site-packages/airflow/example_dags/example_outlet_event_extra.py after 30.0s.
Please take a look at these docs to improve your DAG import time:
* https://airflow.apache.org/docs/apache-airflow/2.10.5/best-practices.html#top-level-python-code
* https://airflow.apache.org/docs/apache-airflow/2.10.5/best-practices.html#reducing-dag-complexity, PID: 24915
[2026-03-22T00:01:48.862+0000] {processor.py:927} WARNING - No viable dags retrieved from /home/airflow/.local/lib/python3.12/site-packages/airflow/example_dags/example_outlet_event_extra.py
[2026-03-22T00:01:50.363+0000] {processor.py:208} INFO - Processing /home/airflow/.local/lib/python3.12/site-packages/airflow/example_dags/example_outlet_event_extra.py took 36.718 seconds
[2026-03-22T00:05:01.700+0000] {processor.py:186} INFO - Started process (PID=25043) to work on /home/airflow/.local/lib/python3.12/site-packages/airflow/example_dags/example_outlet_event_extra.py
[2026-03-22T00:05:01.705+0000] {processor.py:914} INFO - Processing file /home/airflow/.local/lib/python3.12/site-packages/airflow/example_dags/example_outlet_event_extra.py for tasks to queue
[2026-03-22T00:05:01.718+0000] {logging_mixin.py:190} INFO - [2026-03-22T00:05:01.712+0000] {dagbag.py:588} INFO - Filling up the DagBag from /home/airflow/.local/lib/python3.12/site-packages/airflow/example_dags/example_outlet_event_extra.py
[2026-03-22T00:05:06.109+0000] {processor.py:925} INFO - DAG(s) 'dataset_with_extra_from_classic_operator', 'dataset_with_extra_by_context', 'dataset_with_extra_by_yield' retrieved from /home/airflow/.local/lib/python3.12/site-packages/airflow/example_dags/example_outlet_event_extra.py
[2026-03-22T00:05:06.643+0000] {logging_mixin.py:190} INFO - [2026-03-22T00:05:06.642+0000] {dag.py:3239} INFO - Sync 3 DAGs
[2026-03-22T00:05:06.740+0000] {logging_mixin.py:190} INFO - [2026-03-22T00:05:06.739+0000] {dag.py:4180} INFO - Setting next_dagrun for dataset_with_extra_by_context to 2026-03-21 00:00:00+00:00, run_after=2026-03-22 00:00:00+00:00
[2026-03-22T00:05:06.755+0000] {logging_mixin.py:190} INFO - [2026-03-22T00:05:06.754+0000] {dag.py:4180} INFO - Setting next_dagrun for dataset_with_extra_by_yield to 2026-03-21 00:00:00+00:00, run_after=2026-03-22 00:00:00+00:00
[2026-03-22T00:05:06.764+0000] {logging_mixin.py:190} INFO - [2026-03-22T00:05:06.763+0000] {dag.py:4180} INFO - Setting next_dagrun for dataset_with_extra_from_classic_operator to 2026-03-21 00:00:00+00:00, run_after=2026-03-22 00:00:00+00:00
[2026-03-22T00:05:06.846+0000] {processor.py:208} INFO - Processing /home/airflow/.local/lib/python3.12/site-packages/airflow/example_dags/example_outlet_event_extra.py took 5.202 seconds
[2026-03-22T00:05:37.210+0000] {processor.py:186} INFO - Started process (PID=25114) to work on /home/airflow/.local/lib/python3.12/site-packages/airflow/example_dags/example_outlet_event_extra.py
[2026-03-22T00:05:37.211+0000] {processor.py:914} INFO - Processing file /home/airflow/.local/lib/python3.12/site-packages/airflow/example_dags/example_outlet_event_extra.py for tasks to queue
[2026-03-22T00:05:37.213+0000] {logging_mixin.py:190} INFO - [2026-03-22T00:05:37.213+0000] {dagbag.py:588} INFO - Filling up the DagBag from /home/airflow/.local/lib/python3.12/site-packages/airflow/example_dags/example_outlet_event_extra.py
[2026-03-22T00:05:38.025+0000] {processor.py:925} INFO - DAG(s) 'dataset_with_extra_by_yield', 'dataset_with_extra_from_classic_operator', 'dataset_with_extra_by_context' retrieved from /home/airflow/.local/lib/python3.12/site-packages/airflow/example_dags/example_outlet_event_extra.py
[2026-03-22T00:05:38.059+0000] {logging_mixin.py:190} INFO - [2026-03-22T00:05:38.059+0000] {dag.py:3239} INFO - Sync 3 DAGs
[2026-03-22T00:05:38.091+0000] {logging_mixin.py:190} INFO - [2026-03-22T00:05:38.091+0000] {dag.py:4180} INFO - Setting next_dagrun for dataset_with_extra_by_context to 2026-03-21 00:00:00+00:00, run_after=2026-03-22 00:00:00+00:00
[2026-03-22T00:05:38.099+0000] {logging_mixin.py:190} INFO - [2026-03-22T00:05:38.098+0000] {dag.py:4180} INFO - Setting next_dagrun for dataset_with_extra_by_yield to 2026-03-21 00:00:00+00:00, run_after=2026-03-22 00:00:00+00:00
[2026-03-22T00:05:38.103+0000] {logging_mixin.py:190} INFO - [2026-03-22T00:05:38.103+0000] {dag.py:4180} INFO - Setting next_dagrun for dataset_with_extra_from_classic_operator to 2026-03-21 00:00:00+00:00, run_after=2026-03-22 00:00:00+00:00
[2026-03-22T00:05:38.135+0000] {processor.py:208} INFO - Processing /home/airflow/.local/lib/python3.12/site-packages/airflow/example_dags/example_outlet_event_extra.py took 0.934 seconds
[2026-03-22T00:06:08.696+0000] {processor.py:186} INFO - Started process (PID=25179) to work on /home/airflow/.local/lib/python3.12/site-packages/airflow/example_dags/example_outlet_event_extra.py
[2026-03-22T00:06:08.698+0000] {processor.py:914} INFO - Processing file /home/airflow/.local/lib/python3.12/site-packages/airflow/example_dags/example_outlet_event_extra.py for tasks to queue
[2026-03-22T00:06:08.701+0000] {logging_mixin.py:190} INFO - [2026-03-22T00:06:08.700+0000] {dagbag.py:588} INFO - Filling up the DagBag from /home/airflow/.local/lib/python3.12/site-packages/airflow/example_dags/example_outlet_event_extra.py
[2026-03-22T00:06:09.810+0000] {processor.py:925} INFO - DAG(s) 'dataset_with_extra_by_yield', 'dataset_with_extra_from_classic_operator', 'dataset_with_extra_by_context' retrieved from /home/airflow/.local/lib/python3.12/site-packages/airflow/example_dags/example_outlet_event_extra.py
[2026-03-22T00:06:09.866+0000] {logging_mixin.py:190} INFO - [2026-03-22T00:06:09.866+0000] {dag.py:3239} INFO - Sync 3 DAGs
[2026-03-22T00:06:09.919+0000] {logging_mixin.py:190} INFO - [2026-03-22T00:06:09.919+0000] {dag.py:4180} INFO - Setting next_dagrun for dataset_with_extra_by_context to 2026-03-21 00:00:00+00:00, run_after=2026-03-22 00:00:00+00:00
[2026-03-22T00:06:09.931+0000] {logging_mixin.py:190} INFO - [2026-03-22T00:06:09.931+0000] {dag.py:4180} INFO - Setting next_dagrun for dataset_with_extra_by_yield to 2026-03-21 00:00:00+00:00, run_after=2026-03-22 00:00:00+00:00
[2026-03-22T00:06:09.937+0000] {logging_mixin.py:190} INFO - [2026-03-22T00:06:09.937+0000] {dag.py:4180} INFO - Setting next_dagrun for dataset_with_extra_from_classic_operator to 2026-03-21 00:00:00+00:00, run_after=2026-03-22 00:00:00+00:00
[2026-03-22T00:06:09.992+0000] {processor.py:208} INFO - Processing /home/airflow/.local/lib/python3.12/site-packages/airflow/example_dags/example_outlet_event_extra.py took 1.308 seconds
[2026-03-22T00:06:41.543+0000] {processor.py:186} INFO - Started process (PID=25247) to work on /home/airflow/.local/lib/python3.12/site-packages/airflow/example_dags/example_outlet_event_extra.py
[2026-03-22T00:06:41.547+0000] {processor.py:914} INFO - Processing file /home/airflow/.local/lib/python3.12/site-packages/airflow/example_dags/example_outlet_event_extra.py for tasks to queue
[2026-03-22T00:06:41.555+0000] {logging_mixin.py:190} INFO - [2026-03-22T00:06:41.553+0000] {dagbag.py:588} INFO - Filling up the DagBag from /home/airflow/.local/lib/python3.12/site-packages/airflow/example_dags/example_outlet_event_extra.py
[2026-03-22T00:06:43.901+0000] {processor.py:925} INFO - DAG(s) 'dataset_with_extra_by_context', 'dataset_with_extra_by_yield', 'dataset_with_extra_from_classic_operator' retrieved from /home/airflow/.local/lib/python3.12/site-packages/airflow/example_dags/example_outlet_event_extra.py
[2026-03-22T00:06:44.021+0000] {logging_mixin.py:190} INFO - [2026-03-22T00:06:44.020+0000] {dag.py:3239} INFO - Sync 3 DAGs
[2026-03-22T00:06:44.141+0000] {logging_mixin.py:190} INFO - [2026-03-22T00:06:44.140+0000] {dag.py:4180} INFO - Setting next_dagrun for dataset_with_extra_by_context to 2026-03-21 00:00:00+00:00, run_after=2026-03-22 00:00:00+00:00
[2026-03-22T00:06:44.167+0000] {logging_mixin.py:190} INFO - [2026-03-22T00:06:44.166+0000] {dag.py:4180} INFO - Setting next_dagrun for dataset_with_extra_by_yield to 2026-03-21 00:00:00+00:00, run_after=2026-03-22 00:00:00+00:00
[2026-03-22T00:06:44.180+0000] {logging_mixin.py:190} INFO - [2026-03-22T00:06:44.180+0000] {dag.py:4180} INFO - Setting next_dagrun for dataset_with_extra_from_classic_operator to 2026-03-21 00:00:00+00:00, run_after=2026-03-22 00:00:00+00:00
[2026-03-22T00:06:44.297+0000] {processor.py:208} INFO - Processing /home/airflow/.local/lib/python3.12/site-packages/airflow/example_dags/example_outlet_event_extra.py took 2.777 seconds
[2026-03-22T00:07:14.917+0000] {processor.py:186} INFO - Started process (PID=25312) to work on /home/airflow/.local/lib/python3.12/site-packages/airflow/example_dags/example_outlet_event_extra.py
[2026-03-22T00:07:14.919+0000] {processor.py:914} INFO - Processing file /home/airflow/.local/lib/python3.12/site-packages/airflow/example_dags/example_outlet_event_extra.py for tasks to queue
[2026-03-22T00:07:14.921+0000] {logging_mixin.py:190} INFO - [2026-03-22T00:07:14.921+0000] {dagbag.py:588} INFO - Filling up the DagBag from /home/airflow/.local/lib/python3.12/site-packages/airflow/example_dags/example_outlet_event_extra.py
[2026-03-22T00:07:15.910+0000] {processor.py:925} INFO - DAG(s) 'dataset_with_extra_from_classic_operator', 'dataset_with_extra_by_context', 'dataset_with_extra_by_yield' retrieved from /home/airflow/.local/lib/python3.12/site-packages/airflow/example_dags/example_outlet_event_extra.py
[2026-03-22T00:07:15.974+0000] {logging_mixin.py:190} INFO - [2026-03-22T00:07:15.973+0000] {dag.py:3239} INFO - Sync 3 DAGs
[2026-03-22T00:07:16.033+0000] {logging_mixin.py:190} INFO - [2026-03-22T00:07:16.033+0000] {dag.py:4180} INFO - Setting next_dagrun for dataset_with_extra_by_context to 2026-03-21 00:00:00+00:00, run_after=2026-03-22 00:00:00+00:00
[2026-03-22T00:07:16.046+0000] {logging_mixin.py:190} INFO - [2026-03-22T00:07:16.046+0000] {dag.py:4180} INFO - Setting next_dagrun for dataset_with_extra_by_yield to 2026-03-21 00:00:00+00:00, run_after=2026-03-22 00:00:00+00:00
[2026-03-22T00:07:16.055+0000] {logging_mixin.py:190} INFO - [2026-03-22T00:07:16.054+0000] {dag.py:4180} INFO - Setting next_dagrun for dataset_with_extra_from_classic_operator to 2026-03-21 00:00:00+00:00, run_after=2026-03-22 00:00:00+00:00
[2026-03-22T00:07:16.111+0000] {processor.py:208} INFO - Processing /home/airflow/.local/lib/python3.12/site-packages/airflow/example_dags/example_outlet_event_extra.py took 1.201 seconds
[2026-03-22T00:07:46.510+0000] {processor.py:186} INFO - Started process (PID=25378) to work on /home/airflow/.local/lib/python3.12/site-packages/airflow/example_dags/example_outlet_event_extra.py
[2026-03-22T00:07:46.513+0000] {processor.py:914} INFO - Processing file /home/airflow/.local/lib/python3.12/site-packages/airflow/example_dags/example_outlet_event_extra.py for tasks to queue
[2026-03-22T00:07:46.516+0000] {logging_mixin.py:190} INFO - [2026-03-22T00:07:46.515+0000] {dagbag.py:588} INFO - Filling up the DagBag from /home/airflow/.local/lib/python3.12/site-packages/airflow/example_dags/example_outlet_event_extra.py
[2026-03-22T00:07:47.687+0000] {processor.py:925} INFO - DAG(s) 'dataset_with_extra_by_context', 'dataset_with_extra_by_yield', 'dataset_with_extra_from_classic_operator' retrieved from /home/airflow/.local/lib/python3.12/site-packages/airflow/example_dags/example_outlet_event_extra.py
[2026-03-22T00:07:47.751+0000] {logging_mixin.py:190} INFO - [2026-03-22T00:07:47.750+0000] {dag.py:3239} INFO - Sync 3 DAGs
[2026-03-22T00:07:47.808+0000] {logging_mixin.py:190} INFO - [2026-03-22T00:07:47.808+0000] {dag.py:4180} INFO - Setting next_dagrun for dataset_with_extra_by_context to 2026-03-21 00:00:00+00:00, run_after=2026-03-22 00:00:00+00:00
[2026-03-22T00:07:47.821+0000] {logging_mixin.py:190} INFO - [2026-03-22T00:07:47.820+0000] {dag.py:4180} INFO - Setting next_dagrun for dataset_with_extra_by_yield to 2026-03-21 00:00:00+00:00, run_after=2026-03-22 00:00:00+00:00
[2026-03-22T00:07:47.826+0000] {logging_mixin.py:190} INFO - [2026-03-22T00:07:47.825+0000] {dag.py:4180} INFO - Setting next_dagrun for dataset_with_extra_from_classic_operator to 2026-03-21 00:00:00+00:00, run_after=2026-03-22 00:00:00+00:00
[2026-03-22T00:07:47.876+0000] {processor.py:208} INFO - Processing /home/airflow/.local/lib/python3.12/site-packages/airflow/example_dags/example_outlet_event_extra.py took 1.378 seconds
[2026-03-22T00:08:20.541+0000] {processor.py:186} INFO - Started process (PID=25446) to work on /home/airflow/.local/lib/python3.12/site-packages/airflow/example_dags/example_outlet_event_extra.py
[2026-03-22T00:08:20.545+0000] {processor.py:914} INFO - Processing file /home/airflow/.local/lib/python3.12/site-packages/airflow/example_dags/example_outlet_event_extra.py for tasks to queue
[2026-03-22T00:08:20.552+0000] {logging_mixin.py:190} INFO - [2026-03-22T00:08:20.550+0000] {dagbag.py:588} INFO - Filling up the DagBag from /home/airflow/.local/lib/python3.12/site-packages/airflow/example_dags/example_outlet_event_extra.py
[2026-03-22T00:08:22.697+0000] {processor.py:925} INFO - DAG(s) 'dataset_with_extra_by_yield', 'dataset_with_extra_by_context', 'dataset_with_extra_from_classic_operator' retrieved from /home/airflow/.local/lib/python3.12/site-packages/airflow/example_dags/example_outlet_event_extra.py
[2026-03-22T00:08:22.821+0000] {logging_mixin.py:190} INFO - [2026-03-22T00:08:22.820+0000] {dag.py:3239} INFO - Sync 3 DAGs
[2026-03-22T00:08:22.929+0000] {logging_mixin.py:190} INFO - [2026-03-22T00:08:22.928+0000] {dag.py:4180} INFO - Setting next_dagrun for dataset_with_extra_by_context to 2026-03-21 00:00:00+00:00, run_after=2026-03-22 00:00:00+00:00
[2026-03-22T00:08:22.956+0000] {logging_mixin.py:190} INFO - [2026-03-22T00:08:22.955+0000] {dag.py:4180} INFO - Setting next_dagrun for dataset_with_extra_by_yield to 2026-03-21 00:00:00+00:00, run_after=2026-03-22 00:00:00+00:00
[2026-03-22T00:08:22.970+0000] {logging_mixin.py:190} INFO - [2026-03-22T00:08:22.970+0000] {dag.py:4180} INFO - Setting next_dagrun for dataset_with_extra_from_classic_operator to 2026-03-21 00:00:00+00:00, run_after=2026-03-22 00:00:00+00:00
[2026-03-22T00:08:23.060+0000] {processor.py:208} INFO - Processing /home/airflow/.local/lib/python3.12/site-packages/airflow/example_dags/example_outlet_event_extra.py took 2.547 seconds
[2026-03-22T00:08:53.482+0000] {processor.py:186} INFO - Started process (PID=25511) to work on /home/airflow/.local/lib/python3.12/site-packages/airflow/example_dags/example_outlet_event_extra.py
[2026-03-22T00:08:53.484+0000] {processor.py:914} INFO - Processing file /home/airflow/.local/lib/python3.12/site-packages/airflow/example_dags/example_outlet_event_extra.py for tasks to queue
[2026-03-22T00:08:53.487+0000] {logging_mixin.py:190} INFO - [2026-03-22T00:08:53.486+0000] {dagbag.py:588} INFO - Filling up the DagBag from /home/airflow/.local/lib/python3.12/site-packages/airflow/example_dags/example_outlet_event_extra.py
[2026-03-22T00:08:54.502+0000] {processor.py:925} INFO - DAG(s) 'dataset_with_extra_by_context', 'dataset_with_extra_from_classic_operator', 'dataset_with_extra_by_yield' retrieved from /home/airflow/.local/lib/python3.12/site-packages/airflow/example_dags/example_outlet_event_extra.py
[2026-03-22T00:08:54.547+0000] {logging_mixin.py:190} INFO - [2026-03-22T00:08:54.546+0000] {dag.py:3239} INFO - Sync 3 DAGs
[2026-03-22T00:08:54.599+0000] {logging_mixin.py:190} INFO - [2026-03-22T00:08:54.598+0000] {dag.py:4180} INFO - Setting next_dagrun for dataset_with_extra_by_context to 2026-03-21 00:00:00+00:00, run_after=2026-03-22 00:00:00+00:00
[2026-03-22T00:08:54.609+0000] {logging_mixin.py:190} INFO - [2026-03-22T00:08:54.609+0000] {dag.py:4180} INFO - Setting next_dagrun for dataset_with_extra_by_yield to 2026-03-21 00:00:00+00:00, run_after=2026-03-22 00:00:00+00:00
[2026-03-22T00:08:54.615+0000] {logging_mixin.py:190} INFO - [2026-03-22T00:08:54.615+0000] {dag.py:4180} INFO - Setting next_dagrun for dataset_with_extra_from_classic_operator to 2026-03-21 00:00:00+00:00, run_after=2026-03-22 00:00:00+00:00
[2026-03-22T00:08:54.698+0000] {processor.py:208} INFO - Processing /home/airflow/.local/lib/python3.12/site-packages/airflow/example_dags/example_outlet_event_extra.py took 1.227 seconds
[2026-03-22T00:09:24.909+0000] {processor.py:186} INFO - Started process (PID=25577) to work on /home/airflow/.local/lib/python3.12/site-packages/airflow/example_dags/example_outlet_event_extra.py
[2026-03-22T00:09:24.911+0000] {processor.py:914} INFO - Processing file /home/airflow/.local/lib/python3.12/site-packages/airflow/example_dags/example_outlet_event_extra.py for tasks to queue
[2026-03-22T00:09:24.913+0000] {logging_mixin.py:190} INFO - [2026-03-22T00:09:24.913+0000] {dagbag.py:588} INFO - Filling up the DagBag from /home/airflow/.local/lib/python3.12/site-packages/airflow/example_dags/example_outlet_event_extra.py
[2026-03-22T00:09:25.918+0000] {processor.py:925} INFO - DAG(s) 'dataset_with_extra_by_yield', 'dataset_with_extra_by_context', 'dataset_with_extra_from_classic_operator' retrieved from /home/airflow/.local/lib/python3.12/site-packages/airflow/example_dags/example_outlet_event_extra.py
[2026-03-22T00:09:25.977+0000] {logging_mixin.py:190} INFO - [2026-03-22T00:09:25.976+0000] {dag.py:3239} INFO - Sync 3 DAGs
[2026-03-22T00:09:26.034+0000] {logging_mixin.py:190} INFO - [2026-03-22T00:09:26.034+0000] {dag.py:4180} INFO - Setting next_dagrun for dataset_with_extra_by_context to 2026-03-21 00:00:00+00:00, run_after=2026-03-22 00:00:00+00:00
[2026-03-22T00:09:26.046+0000] {logging_mixin.py:190} INFO - [2026-03-22T00:09:26.045+0000] {dag.py:4180} INFO - Setting next_dagrun for dataset_with_extra_by_yield to 2026-03-21 00:00:00+00:00, run_after=2026-03-22 00:00:00+00:00
[2026-03-22T00:09:26.054+0000] {logging_mixin.py:190} INFO - [2026-03-22T00:09:26.053+0000] {dag.py:4180} INFO - Setting next_dagrun for dataset_with_extra_from_classic_operator to 2026-03-21 00:00:00+00:00, run_after=2026-03-22 00:00:00+00:00
[2026-03-22T00:09:26.106+0000] {processor.py:208} INFO - Processing /home/airflow/.local/lib/python3.12/site-packages/airflow/example_dags/example_outlet_event_extra.py took 1.207 seconds
[2026-03-22T00:09:56.633+0000] {processor.py:186} INFO - Started process (PID=25645) to work on /home/airflow/.local/lib/python3.12/site-packages/airflow/example_dags/example_outlet_event_extra.py
[2026-03-22T00:09:56.635+0000] {processor.py:914} INFO - Processing file /home/airflow/.local/lib/python3.12/site-packages/airflow/example_dags/example_outlet_event_extra.py for tasks to queue
[2026-03-22T00:09:56.638+0000] {logging_mixin.py:190} INFO - [2026-03-22T00:09:56.637+0000] {dagbag.py:588} INFO - Filling up the DagBag from /home/airflow/.local/lib/python3.12/site-packages/airflow/example_dags/example_outlet_event_extra.py
[2026-03-22T00:09:57.655+0000] {processor.py:925} INFO - DAG(s) 'dataset_with_extra_from_classic_operator', 'dataset_with_extra_by_context', 'dataset_with_extra_by_yield' retrieved from /home/airflow/.local/lib/python3.12/site-packages/airflow/example_dags/example_outlet_event_extra.py
[2026-03-22T00:09:57.705+0000] {logging_mixin.py:190} INFO - [2026-03-22T00:09:57.704+0000] {dag.py:3239} INFO - Sync 3 DAGs
[2026-03-22T00:09:57.756+0000] {logging_mixin.py:190} INFO - [2026-03-22T00:09:57.756+0000] {dag.py:4180} INFO - Setting next_dagrun for dataset_with_extra_by_context to 2026-03-21 00:00:00+00:00, run_after=2026-03-22 00:00:00+00:00
[2026-03-22T00:09:57.770+0000] {logging_mixin.py:190} INFO - [2026-03-22T00:09:57.769+0000] {dag.py:4180} INFO - Setting next_dagrun for dataset_with_extra_by_yield to 2026-03-21 00:00:00+00:00, run_after=2026-03-22 00:00:00+00:00
[2026-03-22T00:09:57.776+0000] {logging_mixin.py:190} INFO - [2026-03-22T00:09:57.775+0000] {dag.py:4180} INFO - Setting next_dagrun for dataset_with_extra_from_classic_operator to 2026-03-21 00:00:00+00:00, run_after=2026-03-22 00:00:00+00:00
[2026-03-22T00:09:57.832+0000] {processor.py:208} INFO - Processing /home/airflow/.local/lib/python3.12/site-packages/airflow/example_dags/example_outlet_event_extra.py took 1.209 seconds
[2026-03-22T00:10:28.067+0000] {processor.py:186} INFO - Started process (PID=25713) to work on /home/airflow/.local/lib/python3.12/site-packages/airflow/example_dags/example_outlet_event_extra.py
[2026-03-22T00:10:28.070+0000] {processor.py:914} INFO - Processing file /home/airflow/.local/lib/python3.12/site-packages/airflow/example_dags/example_outlet_event_extra.py for tasks to queue
[2026-03-22T00:10:28.075+0000] {logging_mixin.py:190} INFO - [2026-03-22T00:10:28.074+0000] {dagbag.py:588} INFO - Filling up the DagBag from /home/airflow/.local/lib/python3.12/site-packages/airflow/example_dags/example_outlet_event_extra.py
[2026-03-22T00:10:29.074+0000] {processor.py:925} INFO - DAG(s) 'dataset_with_extra_by_yield', 'dataset_with_extra_from_classic_operator', 'dataset_with_extra_by_context' retrieved from /home/airflow/.local/lib/python3.12/site-packages/airflow/example_dags/example_outlet_event_extra.py
[2026-03-22T00:10:29.129+0000] {logging_mixin.py:190} INFO - [2026-03-22T00:10:29.128+0000] {dag.py:3239} INFO - Sync 3 DAGs
[2026-03-22T00:10:29.176+0000] {logging_mixin.py:190} INFO - [2026-03-22T00:10:29.176+0000] {dag.py:4180} INFO - Setting next_dagrun for dataset_with_extra_by_context to 2026-03-21 00:00:00+00:00, run_after=2026-03-22 00:00:00+00:00
[2026-03-22T00:10:29.190+0000] {logging_mixin.py:190} INFO - [2026-03-22T00:10:29.189+0000] {dag.py:4180} INFO - Setting next_dagrun for dataset_with_extra_by_yield to 2026-03-21 00:00:00+00:00, run_after=2026-03-22 00:00:00+00:00
[2026-03-22T00:10:29.197+0000] {logging_mixin.py:190} INFO - [2026-03-22T00:10:29.197+0000] {dag.py:4180} INFO - Setting next_dagrun for dataset_with_extra_from_classic_operator to 2026-03-21 00:00:00+00:00, run_after=2026-03-22 00:00:00+00:00
[2026-03-22T00:10:29.250+0000] {processor.py:208} INFO - Processing /home/airflow/.local/lib/python3.12/site-packages/airflow/example_dags/example_outlet_event_extra.py took 1.198 seconds
[2026-03-22T00:10:59.478+0000] {processor.py:186} INFO - Started process (PID=25780) to work on /home/airflow/.local/lib/python3.12/site-packages/airflow/example_dags/example_outlet_event_extra.py
[2026-03-22T00:10:59.479+0000] {processor.py:914} INFO - Processing file /home/airflow/.local/lib/python3.12/site-packages/airflow/example_dags/example_outlet_event_extra.py for tasks to queue
[2026-03-22T00:10:59.481+0000] {logging_mixin.py:190} INFO - [2026-03-22T00:10:59.481+0000] {dagbag.py:588} INFO - Filling up the DagBag from /home/airflow/.local/lib/python3.12/site-packages/airflow/example_dags/example_outlet_event_extra.py
[2026-03-22T00:11:00.143+0000] {processor.py:925} INFO - DAG(s) 'dataset_with_extra_by_yield', 'dataset_with_extra_from_classic_operator', 'dataset_with_extra_by_context' retrieved from /home/airflow/.local/lib/python3.12/site-packages/airflow/example_dags/example_outlet_event_extra.py
[2026-03-22T00:11:00.178+0000] {logging_mixin.py:190} INFO - [2026-03-22T00:11:00.177+0000] {dag.py:3239} INFO - Sync 3 DAGs
[2026-03-22T00:11:00.212+0000] {logging_mixin.py:190} INFO - [2026-03-22T00:11:00.212+0000] {dag.py:4180} INFO - Setting next_dagrun for dataset_with_extra_by_context to 2026-03-21 00:00:00+00:00, run_after=2026-03-22 00:00:00+00:00
[2026-03-22T00:11:00.222+0000] {logging_mixin.py:190} INFO - [2026-03-22T00:11:00.222+0000] {dag.py:4180} INFO - Setting next_dagrun for dataset_with_extra_by_yield to 2026-03-21 00:00:00+00:00, run_after=2026-03-22 00:00:00+00:00
[2026-03-22T00:11:00.227+0000] {logging_mixin.py:190} INFO - [2026-03-22T00:11:00.226+0000] {dag.py:4180} INFO - Setting next_dagrun for dataset_with_extra_from_classic_operator to 2026-03-21 00:00:00+00:00, run_after=2026-03-22 00:00:00+00:00
[2026-03-22T00:11:00.257+0000] {processor.py:208} INFO - Processing /home/airflow/.local/lib/python3.12/site-packages/airflow/example_dags/example_outlet_event_extra.py took 0.787 seconds
[2026-03-22T00:11:31.183+0000] {processor.py:186} INFO - Started process (PID=25848) to work on /home/airflow/.local/lib/python3.12/site-packages/airflow/example_dags/example_outlet_event_extra.py
[2026-03-22T00:11:31.185+0000] {processor.py:914} INFO - Processing file /home/airflow/.local/lib/python3.12/site-packages/airflow/example_dags/example_outlet_event_extra.py for tasks to queue
[2026-03-22T00:11:31.187+0000] {logging_mixin.py:190} INFO - [2026-03-22T00:11:31.187+0000] {dagbag.py:588} INFO - Filling up the DagBag from /home/airflow/.local/lib/python3.12/site-packages/airflow/example_dags/example_outlet_event_extra.py
[2026-03-22T00:11:31.773+0000] {processor.py:925} INFO - DAG(s) 'dataset_with_extra_by_context', 'dataset_with_extra_from_classic_operator', 'dataset_with_extra_by_yield' retrieved from /home/airflow/.local/lib/python3.12/site-packages/airflow/example_dags/example_outlet_event_extra.py
[2026-03-22T00:11:31.800+0000] {logging_mixin.py:190} INFO - [2026-03-22T00:11:31.800+0000] {dag.py:3239} INFO - Sync 3 DAGs
[2026-03-22T00:11:31.824+0000] {logging_mixin.py:190} INFO - [2026-03-22T00:11:31.823+0000] {dag.py:4180} INFO - Setting next_dagrun for dataset_with_extra_by_context to 2026-03-21 00:00:00+00:00, run_after=2026-03-22 00:00:00+00:00
[2026-03-22T00:11:31.829+0000] {logging_mixin.py:190} INFO - [2026-03-22T00:11:31.829+0000] {dag.py:4180} INFO - Setting next_dagrun for dataset_with_extra_by_yield to 2026-03-21 00:00:00+00:00, run_after=2026-03-22 00:00:00+00:00
[2026-03-22T00:11:31.833+0000] {logging_mixin.py:190} INFO - [2026-03-22T00:11:31.832+0000] {dag.py:4180} INFO - Setting next_dagrun for dataset_with_extra_from_classic_operator to 2026-03-21 00:00:00+00:00, run_after=2026-03-22 00:00:00+00:00
[2026-03-22T00:11:31.857+0000] {processor.py:208} INFO - Processing /home/airflow/.local/lib/python3.12/site-packages/airflow/example_dags/example_outlet_event_extra.py took 0.682 seconds
[2026-03-22T00:12:02.426+0000] {processor.py:186} INFO - Started process (PID=25914) to work on /home/airflow/.local/lib/python3.12/site-packages/airflow/example_dags/example_outlet_event_extra.py
[2026-03-22T00:12:02.428+0000] {processor.py:914} INFO - Processing file /home/airflow/.local/lib/python3.12/site-packages/airflow/example_dags/example_outlet_event_extra.py for tasks to queue
[2026-03-22T00:12:02.430+0000] {logging_mixin.py:190} INFO - [2026-03-22T00:12:02.430+0000] {dagbag.py:588} INFO - Filling up the DagBag from /home/airflow/.local/lib/python3.12/site-packages/airflow/example_dags/example_outlet_event_extra.py
[2026-03-22T00:12:02.922+0000] {processor.py:925} INFO - DAG(s) 'dataset_with_extra_by_yield', 'dataset_with_extra_from_classic_operator', 'dataset_with_extra_by_context' retrieved from /home/airflow/.local/lib/python3.12/site-packages/airflow/example_dags/example_outlet_event_extra.py
[2026-03-22T00:12:02.948+0000] {logging_mixin.py:190} INFO - [2026-03-22T00:12:02.948+0000] {dag.py:3239} INFO - Sync 3 DAGs
[2026-03-22T00:12:02.975+0000] {logging_mixin.py:190} INFO - [2026-03-22T00:12:02.974+0000] {dag.py:4180} INFO - Setting next_dagrun for dataset_with_extra_by_context to 2026-03-21 00:00:00+00:00, run_after=2026-03-22 00:00:00+00:00
[2026-03-22T00:12:02.981+0000] {logging_mixin.py:190} INFO - [2026-03-22T00:12:02.981+0000] {dag.py:4180} INFO - Setting next_dagrun for dataset_with_extra_by_yield to 2026-03-21 00:00:00+00:00, run_after=2026-03-22 00:00:00+00:00
[2026-03-22T00:12:02.984+0000] {logging_mixin.py:190} INFO - [2026-03-22T00:12:02.984+0000] {dag.py:4180} INFO - Setting next_dagrun for dataset_with_extra_from_classic_operator to 2026-03-21 00:00:00+00:00, run_after=2026-03-22 00:00:00+00:00
[2026-03-22T00:12:03.012+0000] {processor.py:208} INFO - Processing /home/airflow/.local/lib/python3.12/site-packages/airflow/example_dags/example_outlet_event_extra.py took 0.591 seconds
[2026-03-22T00:12:33.177+0000] {processor.py:186} INFO - Started process (PID=25979) to work on /home/airflow/.local/lib/python3.12/site-packages/airflow/example_dags/example_outlet_event_extra.py
[2026-03-22T00:12:33.180+0000] {processor.py:914} INFO - Processing file /home/airflow/.local/lib/python3.12/site-packages/airflow/example_dags/example_outlet_event_extra.py for tasks to queue
[2026-03-22T00:12:33.183+0000] {logging_mixin.py:190} INFO - [2026-03-22T00:12:33.182+0000] {dagbag.py:588} INFO - Filling up the DagBag from /home/airflow/.local/lib/python3.12/site-packages/airflow/example_dags/example_outlet_event_extra.py
[2026-03-22T00:12:34.056+0000] {processor.py:925} INFO - DAG(s) 'dataset_with_extra_by_yield', 'dataset_with_extra_from_classic_operator', 'dataset_with_extra_by_context' retrieved from /home/airflow/.local/lib/python3.12/site-packages/airflow/example_dags/example_outlet_event_extra.py
[2026-03-22T00:12:34.126+0000] {logging_mixin.py:190} INFO - [2026-03-22T00:12:34.125+0000] {dag.py:3239} INFO - Sync 3 DAGs
[2026-03-22T00:12:34.200+0000] {logging_mixin.py:190} INFO - [2026-03-22T00:12:34.199+0000] {dag.py:4180} INFO - Setting next_dagrun for dataset_with_extra_by_context to 2026-03-21 00:00:00+00:00, run_after=2026-03-22 00:00:00+00:00
[2026-03-22T00:12:34.213+0000] {logging_mixin.py:190} INFO - [2026-03-22T00:12:34.213+0000] {dag.py:4180} INFO - Setting next_dagrun for dataset_with_extra_by_yield to 2026-03-21 00:00:00+00:00, run_after=2026-03-22 00:00:00+00:00
[2026-03-22T00:12:34.220+0000] {logging_mixin.py:190} INFO - [2026-03-22T00:12:34.219+0000] {dag.py:4180} INFO - Setting next_dagrun for dataset_with_extra_from_classic_operator to 2026-03-21 00:00:00+00:00, run_after=2026-03-22 00:00:00+00:00
[2026-03-22T00:12:34.275+0000] {processor.py:208} INFO - Processing /home/airflow/.local/lib/python3.12/site-packages/airflow/example_dags/example_outlet_event_extra.py took 1.104 seconds
[2026-03-22T00:13:04.426+0000] {processor.py:186} INFO - Started process (PID=26047) to work on /home/airflow/.local/lib/python3.12/site-packages/airflow/example_dags/example_outlet_event_extra.py
[2026-03-22T00:13:04.427+0000] {processor.py:914} INFO - Processing file /home/airflow/.local/lib/python3.12/site-packages/airflow/example_dags/example_outlet_event_extra.py for tasks to queue
[2026-03-22T00:13:04.429+0000] {logging_mixin.py:190} INFO - [2026-03-22T00:13:04.429+0000] {dagbag.py:588} INFO - Filling up the DagBag from /home/airflow/.local/lib/python3.12/site-packages/airflow/example_dags/example_outlet_event_extra.py
[2026-03-22T00:13:05.101+0000] {processor.py:925} INFO - DAG(s) 'dataset_with_extra_by_yield', 'dataset_with_extra_from_classic_operator', 'dataset_with_extra_by_context' retrieved from /home/airflow/.local/lib/python3.12/site-packages/airflow/example_dags/example_outlet_event_extra.py
[2026-03-22T00:13:05.132+0000] {logging_mixin.py:190} INFO - [2026-03-22T00:13:05.131+0000] {dag.py:3239} INFO - Sync 3 DAGs
[2026-03-22T00:13:05.161+0000] {logging_mixin.py:190} INFO - [2026-03-22T00:13:05.161+0000] {dag.py:4180} INFO - Setting next_dagrun for dataset_with_extra_by_context to 2026-03-21 00:00:00+00:00, run_after=2026-03-22 00:00:00+00:00
[2026-03-22T00:13:05.169+0000] {logging_mixin.py:190} INFO - [2026-03-22T00:13:05.169+0000] {dag.py:4180} INFO - Setting next_dagrun for dataset_with_extra_by_yield to 2026-03-21 00:00:00+00:00, run_after=2026-03-22 00:00:00+00:00
[2026-03-22T00:13:05.174+0000] {logging_mixin.py:190} INFO - [2026-03-22T00:13:05.173+0000] {dag.py:4180} INFO - Setting next_dagrun for dataset_with_extra_from_classic_operator to 2026-03-21 00:00:00+00:00, run_after=2026-03-22 00:00:00+00:00
[2026-03-22T00:13:05.202+0000] {processor.py:208} INFO - Processing /home/airflow/.local/lib/python3.12/site-packages/airflow/example_dags/example_outlet_event_extra.py took 0.783 seconds
[2026-03-22T00:13:35.315+0000] {processor.py:186} INFO - Started process (PID=26120) to work on /home/airflow/.local/lib/python3.12/site-packages/airflow/example_dags/example_outlet_event_extra.py
[2026-03-22T00:13:35.317+0000] {processor.py:914} INFO - Processing file /home/airflow/.local/lib/python3.12/site-packages/airflow/example_dags/example_outlet_event_extra.py for tasks to queue
[2026-03-22T00:13:35.319+0000] {logging_mixin.py:190} INFO - [2026-03-22T00:13:35.318+0000] {dagbag.py:588} INFO - Filling up the DagBag from /home/airflow/.local/lib/python3.12/site-packages/airflow/example_dags/example_outlet_event_extra.py
[2026-03-22T00:13:36.001+0000] {processor.py:925} INFO - DAG(s) 'dataset_with_extra_by_context', 'dataset_with_extra_by_yield', 'dataset_with_extra_from_classic_operator' retrieved from /home/airflow/.local/lib/python3.12/site-packages/airflow/example_dags/example_outlet_event_extra.py
[2026-03-22T00:13:36.041+0000] {logging_mixin.py:190} INFO - [2026-03-22T00:13:36.041+0000] {dag.py:3239} INFO - Sync 3 DAGs
[2026-03-22T00:13:36.079+0000] {logging_mixin.py:190} INFO - [2026-03-22T00:13:36.079+0000] {dag.py:4180} INFO - Setting next_dagrun for dataset_with_extra_by_context to 2026-03-21 00:00:00+00:00, run_after=2026-03-22 00:00:00+00:00
[2026-03-22T00:13:36.087+0000] {logging_mixin.py:190} INFO - [2026-03-22T00:13:36.087+0000] {dag.py:4180} INFO - Setting next_dagrun for dataset_with_extra_by_yield to 2026-03-21 00:00:00+00:00, run_after=2026-03-22 00:00:00+00:00
[2026-03-22T00:13:36.091+0000] {logging_mixin.py:190} INFO - [2026-03-22T00:13:36.091+0000] {dag.py:4180} INFO - Setting next_dagrun for dataset_with_extra_from_classic_operator to 2026-03-21 00:00:00+00:00, run_after=2026-03-22 00:00:00+00:00
[2026-03-22T00:13:36.122+0000] {processor.py:208} INFO - Processing /home/airflow/.local/lib/python3.12/site-packages/airflow/example_dags/example_outlet_event_extra.py took 0.815 seconds
[2026-03-22T00:14:07.038+0000] {processor.py:186} INFO - Started process (PID=26185) to work on /home/airflow/.local/lib/python3.12/site-packages/airflow/example_dags/example_outlet_event_extra.py
[2026-03-22T00:14:07.040+0000] {processor.py:914} INFO - Processing file /home/airflow/.local/lib/python3.12/site-packages/airflow/example_dags/example_outlet_event_extra.py for tasks to queue
[2026-03-22T00:14:07.043+0000] {logging_mixin.py:190} INFO - [2026-03-22T00:14:07.043+0000] {dagbag.py:588} INFO - Filling up the DagBag from /home/airflow/.local/lib/python3.12/site-packages/airflow/example_dags/example_outlet_event_extra.py
[2026-03-22T00:14:08.024+0000] {processor.py:925} INFO - DAG(s) 'dataset_with_extra_by_context', 'dataset_with_extra_by_yield', 'dataset_with_extra_from_classic_operator' retrieved from /home/airflow/.local/lib/python3.12/site-packages/airflow/example_dags/example_outlet_event_extra.py
[2026-03-22T00:14:08.078+0000] {logging_mixin.py:190} INFO - [2026-03-22T00:14:08.077+0000] {dag.py:3239} INFO - Sync 3 DAGs
[2026-03-22T00:14:08.122+0000] {logging_mixin.py:190} INFO - [2026-03-22T00:14:08.121+0000] {dag.py:4180} INFO - Setting next_dagrun for dataset_with_extra_by_context to 2026-03-21 00:00:00+00:00, run_after=2026-03-22 00:00:00+00:00
[2026-03-22T00:14:08.132+0000] {logging_mixin.py:190} INFO - [2026-03-22T00:14:08.131+0000] {dag.py:4180} INFO - Setting next_dagrun for dataset_with_extra_by_yield to 2026-03-21 00:00:00+00:00, run_after=2026-03-22 00:00:00+00:00
[2026-03-22T00:14:08.137+0000] {logging_mixin.py:190} INFO - [2026-03-22T00:14:08.137+0000] {dag.py:4180} INFO - Setting next_dagrun for dataset_with_extra_from_classic_operator to 2026-03-21 00:00:00+00:00, run_after=2026-03-22 00:00:00+00:00
[2026-03-22T00:14:08.175+0000] {processor.py:208} INFO - Processing /home/airflow/.local/lib/python3.12/site-packages/airflow/example_dags/example_outlet_event_extra.py took 1.148 seconds
[2026-03-22T00:14:38.828+0000] {processor.py:186} INFO - Started process (PID=26251) to work on /home/airflow/.local/lib/python3.12/site-packages/airflow/example_dags/example_outlet_event_extra.py
[2026-03-22T00:14:38.829+0000] {processor.py:914} INFO - Processing file /home/airflow/.local/lib/python3.12/site-packages/airflow/example_dags/example_outlet_event_extra.py for tasks to queue
[2026-03-22T00:14:38.831+0000] {logging_mixin.py:190} INFO - [2026-03-22T00:14:38.831+0000] {dagbag.py:588} INFO - Filling up the DagBag from /home/airflow/.local/lib/python3.12/site-packages/airflow/example_dags/example_outlet_event_extra.py
[2026-03-22T00:14:39.628+0000] {processor.py:925} INFO - DAG(s) 'dataset_with_extra_by_context', 'dataset_with_extra_by_yield', 'dataset_with_extra_from_classic_operator' retrieved from /home/airflow/.local/lib/python3.12/site-packages/airflow/example_dags/example_outlet_event_extra.py
[2026-03-22T00:14:39.672+0000] {logging_mixin.py:190} INFO - [2026-03-22T00:14:39.671+0000] {dag.py:3239} INFO - Sync 3 DAGs
[2026-03-22T00:14:39.712+0000] {logging_mixin.py:190} INFO - [2026-03-22T00:14:39.712+0000] {dag.py:4180} INFO - Setting next_dagrun for dataset_with_extra_by_context to 2026-03-21 00:00:00+00:00, run_after=2026-03-22 00:00:00+00:00
[2026-03-22T00:14:39.721+0000] {logging_mixin.py:190} INFO - [2026-03-22T00:14:39.721+0000] {dag.py:4180} INFO - Setting next_dagrun for dataset_with_extra_by_yield to 2026-03-21 00:00:00+00:00, run_after=2026-03-22 00:00:00+00:00
[2026-03-22T00:14:39.727+0000] {logging_mixin.py:190} INFO - [2026-03-22T00:14:39.727+0000] {dag.py:4180} INFO - Setting next_dagrun for dataset_with_extra_from_classic_operator to 2026-03-21 00:00:00+00:00, run_after=2026-03-22 00:00:00+00:00
[2026-03-22T00:14:39.765+0000] {processor.py:208} INFO - Processing /home/airflow/.local/lib/python3.12/site-packages/airflow/example_dags/example_outlet_event_extra.py took 0.945 seconds
[2026-03-22T00:15:10.585+0000] {processor.py:186} INFO - Started process (PID=26317) to work on /home/airflow/.local/lib/python3.12/site-packages/airflow/example_dags/example_outlet_event_extra.py
[2026-03-22T00:15:10.587+0000] {processor.py:914} INFO - Processing file /home/airflow/.local/lib/python3.12/site-packages/airflow/example_dags/example_outlet_event_extra.py for tasks to queue
[2026-03-22T00:15:10.589+0000] {logging_mixin.py:190} INFO - [2026-03-22T00:15:10.588+0000] {dagbag.py:588} INFO - Filling up the DagBag from /home/airflow/.local/lib/python3.12/site-packages/airflow/example_dags/example_outlet_event_extra.py
[2026-03-22T00:15:11.431+0000] {processor.py:925} INFO - DAG(s) 'dataset_with_extra_by_context', 'dataset_with_extra_from_classic_operator', 'dataset_with_extra_by_yield' retrieved from /home/airflow/.local/lib/python3.12/site-packages/airflow/example_dags/example_outlet_event_extra.py
[2026-03-22T00:15:11.472+0000] {logging_mixin.py:190} INFO - [2026-03-22T00:15:11.472+0000] {dag.py:3239} INFO - Sync 3 DAGs
[2026-03-22T00:15:11.507+0000] {logging_mixin.py:190} INFO - [2026-03-22T00:15:11.507+0000] {dag.py:4180} INFO - Setting next_dagrun for dataset_with_extra_by_context to 2026-03-21 00:00:00+00:00, run_after=2026-03-22 00:00:00+00:00
[2026-03-22T00:15:11.516+0000] {logging_mixin.py:190} INFO - [2026-03-22T00:15:11.516+0000] {dag.py:4180} INFO - Setting next_dagrun for dataset_with_extra_by_yield to 2026-03-21 00:00:00+00:00, run_after=2026-03-22 00:00:00+00:00
[2026-03-22T00:15:11.521+0000] {logging_mixin.py:190} INFO - [2026-03-22T00:15:11.520+0000] {dag.py:4180} INFO - Setting next_dagrun for dataset_with_extra_from_classic_operator to 2026-03-21 00:00:00+00:00, run_after=2026-03-22 00:00:00+00:00
[2026-03-22T00:15:11.558+0000] {processor.py:208} INFO - Processing /home/airflow/.local/lib/python3.12/site-packages/airflow/example_dags/example_outlet_event_extra.py took 0.985 seconds
[2026-03-22T02:12:56.284+0000] {processor.py:186} INFO - Started process (PID=26428) to work on /home/airflow/.local/lib/python3.12/site-packages/airflow/example_dags/example_outlet_event_extra.py
[2026-03-22T02:12:56.286+0000] {processor.py:914} INFO - Processing file /home/airflow/.local/lib/python3.12/site-packages/airflow/example_dags/example_outlet_event_extra.py for tasks to queue
[2026-03-22T02:12:56.287+0000] {logging_mixin.py:190} INFO - [2026-03-22T02:12:56.287+0000] {dagbag.py:588} INFO - Filling up the DagBag from /home/airflow/.local/lib/python3.12/site-packages/airflow/example_dags/example_outlet_event_extra.py
[2026-03-22T02:12:56.761+0000] {processor.py:925} INFO - DAG(s) 'dataset_with_extra_by_context', 'dataset_with_extra_from_classic_operator', 'dataset_with_extra_by_yield' retrieved from /home/airflow/.local/lib/python3.12/site-packages/airflow/example_dags/example_outlet_event_extra.py
[2026-03-22T02:12:56.789+0000] {logging_mixin.py:190} INFO - [2026-03-22T02:12:56.789+0000] {dag.py:3239} INFO - Sync 3 DAGs
[2026-03-22T02:12:56.813+0000] {logging_mixin.py:190} INFO - [2026-03-22T02:12:56.813+0000] {dag.py:4180} INFO - Setting next_dagrun for dataset_with_extra_by_context to 2026-03-21 00:00:00+00:00, run_after=2026-03-22 00:00:00+00:00
[2026-03-22T02:12:56.820+0000] {logging_mixin.py:190} INFO - [2026-03-22T02:12:56.820+0000] {dag.py:4180} INFO - Setting next_dagrun for dataset_with_extra_by_yield to 2026-03-21 00:00:00+00:00, run_after=2026-03-22 00:00:00+00:00
[2026-03-22T02:12:56.824+0000] {logging_mixin.py:190} INFO - [2026-03-22T02:12:56.824+0000] {dag.py:4180} INFO - Setting next_dagrun for dataset_with_extra_from_classic_operator to 2026-03-21 00:00:00+00:00, run_after=2026-03-22 00:00:00+00:00
[2026-03-22T02:12:56.846+0000] {processor.py:208} INFO - Processing /home/airflow/.local/lib/python3.12/site-packages/airflow/example_dags/example_outlet_event_extra.py took 0.567 seconds
[2026-03-22T02:13:26.980+0000] {processor.py:186} INFO - Started process (PID=26493) to work on /home/airflow/.local/lib/python3.12/site-packages/airflow/example_dags/example_outlet_event_extra.py
[2026-03-22T02:13:26.981+0000] {processor.py:914} INFO - Processing file /home/airflow/.local/lib/python3.12/site-packages/airflow/example_dags/example_outlet_event_extra.py for tasks to queue
[2026-03-22T02:13:26.983+0000] {logging_mixin.py:190} INFO - [2026-03-22T02:13:26.983+0000] {dagbag.py:588} INFO - Filling up the DagBag from /home/airflow/.local/lib/python3.12/site-packages/airflow/example_dags/example_outlet_event_extra.py
[2026-03-22T02:13:27.490+0000] {processor.py:925} INFO - DAG(s) 'dataset_with_extra_from_classic_operator', 'dataset_with_extra_by_context', 'dataset_with_extra_by_yield' retrieved from /home/airflow/.local/lib/python3.12/site-packages/airflow/example_dags/example_outlet_event_extra.py
[2026-03-22T02:13:27.519+0000] {logging_mixin.py:190} INFO - [2026-03-22T02:13:27.518+0000] {dag.py:3239} INFO - Sync 3 DAGs
[2026-03-22T02:13:27.544+0000] {logging_mixin.py:190} INFO - [2026-03-22T02:13:27.544+0000] {dag.py:4180} INFO - Setting next_dagrun for dataset_with_extra_by_context to 2026-03-21 00:00:00+00:00, run_after=2026-03-22 00:00:00+00:00
[2026-03-22T02:13:27.551+0000] {logging_mixin.py:190} INFO - [2026-03-22T02:13:27.550+0000] {dag.py:4180} INFO - Setting next_dagrun for dataset_with_extra_by_yield to 2026-03-21 00:00:00+00:00, run_after=2026-03-22 00:00:00+00:00
[2026-03-22T02:13:27.554+0000] {logging_mixin.py:190} INFO - [2026-03-22T02:13:27.554+0000] {dag.py:4180} INFO - Setting next_dagrun for dataset_with_extra_from_classic_operator to 2026-03-21 00:00:00+00:00, run_after=2026-03-22 00:00:00+00:00
[2026-03-22T02:13:27.574+0000] {processor.py:208} INFO - Processing /home/airflow/.local/lib/python3.12/site-packages/airflow/example_dags/example_outlet_event_extra.py took 0.600 seconds
[2026-03-22T02:13:58.113+0000] {processor.py:186} INFO - Started process (PID=26561) to work on /home/airflow/.local/lib/python3.12/site-packages/airflow/example_dags/example_outlet_event_extra.py
[2026-03-22T02:13:58.114+0000] {processor.py:914} INFO - Processing file /home/airflow/.local/lib/python3.12/site-packages/airflow/example_dags/example_outlet_event_extra.py for tasks to queue
[2026-03-22T02:13:58.115+0000] {logging_mixin.py:190} INFO - [2026-03-22T02:13:58.115+0000] {dagbag.py:588} INFO - Filling up the DagBag from /home/airflow/.local/lib/python3.12/site-packages/airflow/example_dags/example_outlet_event_extra.py
[2026-03-22T02:13:58.570+0000] {processor.py:925} INFO - DAG(s) 'dataset_with_extra_by_yield', 'dataset_with_extra_by_context', 'dataset_with_extra_from_classic_operator' retrieved from /home/airflow/.local/lib/python3.12/site-packages/airflow/example_dags/example_outlet_event_extra.py
[2026-03-22T02:13:58.592+0000] {logging_mixin.py:190} INFO - [2026-03-22T02:13:58.592+0000] {dag.py:3239} INFO - Sync 3 DAGs
[2026-03-22T02:13:58.613+0000] {logging_mixin.py:190} INFO - [2026-03-22T02:13:58.612+0000] {dag.py:4180} INFO - Setting next_dagrun for dataset_with_extra_by_context to 2026-03-21 00:00:00+00:00, run_after=2026-03-22 00:00:00+00:00
[2026-03-22T02:13:58.617+0000] {logging_mixin.py:190} INFO - [2026-03-22T02:13:58.617+0000] {dag.py:4180} INFO - Setting next_dagrun for dataset_with_extra_by_yield to 2026-03-21 00:00:00+00:00, run_after=2026-03-22 00:00:00+00:00
[2026-03-22T02:13:58.619+0000] {logging_mixin.py:190} INFO - [2026-03-22T02:13:58.619+0000] {dag.py:4180} INFO - Setting next_dagrun for dataset_with_extra_from_classic_operator to 2026-03-21 00:00:00+00:00, run_after=2026-03-22 00:00:00+00:00
[2026-03-22T02:13:58.636+0000] {processor.py:208} INFO - Processing /home/airflow/.local/lib/python3.12/site-packages/airflow/example_dags/example_outlet_event_extra.py took 0.529 seconds
[2026-03-22T02:14:28.718+0000] {processor.py:186} INFO - Started process (PID=26625) to work on /home/airflow/.local/lib/python3.12/site-packages/airflow/example_dags/example_outlet_event_extra.py
[2026-03-22T02:14:28.719+0000] {processor.py:914} INFO - Processing file /home/airflow/.local/lib/python3.12/site-packages/airflow/example_dags/example_outlet_event_extra.py for tasks to queue
[2026-03-22T02:14:28.721+0000] {logging_mixin.py:190} INFO - [2026-03-22T02:14:28.720+0000] {dagbag.py:588} INFO - Filling up the DagBag from /home/airflow/.local/lib/python3.12/site-packages/airflow/example_dags/example_outlet_event_extra.py
[2026-03-22T02:14:29.162+0000] {processor.py:925} INFO - DAG(s) 'dataset_with_extra_by_context', 'dataset_with_extra_from_classic_operator', 'dataset_with_extra_by_yield' retrieved from /home/airflow/.local/lib/python3.12/site-packages/airflow/example_dags/example_outlet_event_extra.py
[2026-03-22T02:14:29.182+0000] {logging_mixin.py:190} INFO - [2026-03-22T02:14:29.181+0000] {dag.py:3239} INFO - Sync 3 DAGs
[2026-03-22T02:14:29.201+0000] {logging_mixin.py:190} INFO - [2026-03-22T02:14:29.201+0000] {dag.py:4180} INFO - Setting next_dagrun for dataset_with_extra_by_context to 2026-03-21 00:00:00+00:00, run_after=2026-03-22 00:00:00+00:00
[2026-03-22T02:14:29.207+0000] {logging_mixin.py:190} INFO - [2026-03-22T02:14:29.207+0000] {dag.py:4180} INFO - Setting next_dagrun for dataset_with_extra_by_yield to 2026-03-21 00:00:00+00:00, run_after=2026-03-22 00:00:00+00:00
[2026-03-22T02:14:29.212+0000] {logging_mixin.py:190} INFO - [2026-03-22T02:14:29.211+0000] {dag.py:4180} INFO - Setting next_dagrun for dataset_with_extra_from_classic_operator to 2026-03-21 00:00:00+00:00, run_after=2026-03-22 00:00:00+00:00
[2026-03-22T02:14:29.234+0000] {processor.py:208} INFO - Processing /home/airflow/.local/lib/python3.12/site-packages/airflow/example_dags/example_outlet_event_extra.py took 0.522 seconds
[2026-03-22T02:15:00.246+0000] {processor.py:186} INFO - Started process (PID=26691) to work on /home/airflow/.local/lib/python3.12/site-packages/airflow/example_dags/example_outlet_event_extra.py
[2026-03-22T02:15:00.248+0000] {processor.py:914} INFO - Processing file /home/airflow/.local/lib/python3.12/site-packages/airflow/example_dags/example_outlet_event_extra.py for tasks to queue
[2026-03-22T02:15:00.250+0000] {logging_mixin.py:190} INFO - [2026-03-22T02:15:00.249+0000] {dagbag.py:588} INFO - Filling up the DagBag from /home/airflow/.local/lib/python3.12/site-packages/airflow/example_dags/example_outlet_event_extra.py
[2026-03-22T02:15:00.785+0000] {processor.py:925} INFO - DAG(s) 'dataset_with_extra_by_yield', 'dataset_with_extra_by_context', 'dataset_with_extra_from_classic_operator' retrieved from /home/airflow/.local/lib/python3.12/site-packages/airflow/example_dags/example_outlet_event_extra.py
[2026-03-22T02:15:00.807+0000] {logging_mixin.py:190} INFO - [2026-03-22T02:15:00.807+0000] {dag.py:3239} INFO - Sync 3 DAGs
[2026-03-22T02:15:00.827+0000] {logging_mixin.py:190} INFO - [2026-03-22T02:15:00.827+0000] {dag.py:4180} INFO - Setting next_dagrun for dataset_with_extra_by_context to 2026-03-21 00:00:00+00:00, run_after=2026-03-22 00:00:00+00:00
[2026-03-22T02:15:00.832+0000] {logging_mixin.py:190} INFO - [2026-03-22T02:15:00.832+0000] {dag.py:4180} INFO - Setting next_dagrun for dataset_with_extra_by_yield to 2026-03-21 00:00:00+00:00, run_after=2026-03-22 00:00:00+00:00
[2026-03-22T02:15:00.836+0000] {logging_mixin.py:190} INFO - [2026-03-22T02:15:00.835+0000] {dag.py:4180} INFO - Setting next_dagrun for dataset_with_extra_from_classic_operator to 2026-03-21 00:00:00+00:00, run_after=2026-03-22 00:00:00+00:00
[2026-03-22T02:15:00.868+0000] {processor.py:208} INFO - Processing /home/airflow/.local/lib/python3.12/site-packages/airflow/example_dags/example_outlet_event_extra.py took 0.630 seconds
[2026-03-22T02:15:31.971+0000] {processor.py:186} INFO - Started process (PID=26760) to work on /home/airflow/.local/lib/python3.12/site-packages/airflow/example_dags/example_outlet_event_extra.py
[2026-03-22T02:15:31.972+0000] {processor.py:914} INFO - Processing file /home/airflow/.local/lib/python3.12/site-packages/airflow/example_dags/example_outlet_event_extra.py for tasks to queue
[2026-03-22T02:15:31.973+0000] {logging_mixin.py:190} INFO - [2026-03-22T02:15:31.973+0000] {dagbag.py:588} INFO - Filling up the DagBag from /home/airflow/.local/lib/python3.12/site-packages/airflow/example_dags/example_outlet_event_extra.py
[2026-03-22T02:15:32.432+0000] {processor.py:925} INFO - DAG(s) 'dataset_with_extra_by_yield', 'dataset_with_extra_by_context', 'dataset_with_extra_from_classic_operator' retrieved from /home/airflow/.local/lib/python3.12/site-packages/airflow/example_dags/example_outlet_event_extra.py
[2026-03-22T02:15:32.453+0000] {logging_mixin.py:190} INFO - [2026-03-22T02:15:32.452+0000] {dag.py:3239} INFO - Sync 3 DAGs
[2026-03-22T02:15:32.471+0000] {logging_mixin.py:190} INFO - [2026-03-22T02:15:32.471+0000] {dag.py:4180} INFO - Setting next_dagrun for dataset_with_extra_by_context to 2026-03-21 00:00:00+00:00, run_after=2026-03-22 00:00:00+00:00
[2026-03-22T02:15:32.475+0000] {logging_mixin.py:190} INFO - [2026-03-22T02:15:32.474+0000] {dag.py:4180} INFO - Setting next_dagrun for dataset_with_extra_by_yield to 2026-03-21 00:00:00+00:00, run_after=2026-03-22 00:00:00+00:00
[2026-03-22T02:15:32.477+0000] {logging_mixin.py:190} INFO - [2026-03-22T02:15:32.477+0000] {dag.py:4180} INFO - Setting next_dagrun for dataset_with_extra_from_classic_operator to 2026-03-21 00:00:00+00:00, run_after=2026-03-22 00:00:00+00:00
[2026-03-22T02:15:32.494+0000] {processor.py:208} INFO - Processing /home/airflow/.local/lib/python3.12/site-packages/airflow/example_dags/example_outlet_event_extra.py took 0.530 seconds
[2026-03-22T02:16:03.184+0000] {processor.py:186} INFO - Started process (PID=26827) to work on /home/airflow/.local/lib/python3.12/site-packages/airflow/example_dags/example_outlet_event_extra.py
[2026-03-22T02:16:03.185+0000] {processor.py:914} INFO - Processing file /home/airflow/.local/lib/python3.12/site-packages/airflow/example_dags/example_outlet_event_extra.py for tasks to queue
[2026-03-22T02:16:03.187+0000] {logging_mixin.py:190} INFO - [2026-03-22T02:16:03.187+0000] {dagbag.py:588} INFO - Filling up the DagBag from /home/airflow/.local/lib/python3.12/site-packages/airflow/example_dags/example_outlet_event_extra.py
[2026-03-22T02:16:03.651+0000] {processor.py:925} INFO - DAG(s) 'dataset_with_extra_from_classic_operator', 'dataset_with_extra_by_yield', 'dataset_with_extra_by_context' retrieved from /home/airflow/.local/lib/python3.12/site-packages/airflow/example_dags/example_outlet_event_extra.py
[2026-03-22T02:16:03.674+0000] {logging_mixin.py:190} INFO - [2026-03-22T02:16:03.674+0000] {dag.py:3239} INFO - Sync 3 DAGs
[2026-03-22T02:16:03.692+0000] {logging_mixin.py:190} INFO - [2026-03-22T02:16:03.692+0000] {dag.py:4180} INFO - Setting next_dagrun for dataset_with_extra_by_context to 2026-03-21 00:00:00+00:00, run_after=2026-03-22 00:00:00+00:00
[2026-03-22T02:16:03.697+0000] {logging_mixin.py:190} INFO - [2026-03-22T02:16:03.697+0000] {dag.py:4180} INFO - Setting next_dagrun for dataset_with_extra_by_yield to 2026-03-21 00:00:00+00:00, run_after=2026-03-22 00:00:00+00:00
[2026-03-22T02:16:03.700+0000] {logging_mixin.py:190} INFO - [2026-03-22T02:16:03.700+0000] {dag.py:4180} INFO - Setting next_dagrun for dataset_with_extra_from_classic_operator to 2026-03-21 00:00:00+00:00, run_after=2026-03-22 00:00:00+00:00
[2026-03-22T02:16:03.719+0000] {processor.py:208} INFO - Processing /home/airflow/.local/lib/python3.12/site-packages/airflow/example_dags/example_outlet_event_extra.py took 0.542 seconds
[2026-03-22T02:16:34.347+0000] {processor.py:186} INFO - Started process (PID=26892) to work on /home/airflow/.local/lib/python3.12/site-packages/airflow/example_dags/example_outlet_event_extra.py
[2026-03-22T02:16:34.348+0000] {processor.py:914} INFO - Processing file /home/airflow/.local/lib/python3.12/site-packages/airflow/example_dags/example_outlet_event_extra.py for tasks to queue
[2026-03-22T02:16:34.351+0000] {logging_mixin.py:190} INFO - [2026-03-22T02:16:34.350+0000] {dagbag.py:588} INFO - Filling up the DagBag from /home/airflow/.local/lib/python3.12/site-packages/airflow/example_dags/example_outlet_event_extra.py
[2026-03-22T02:16:34.955+0000] {processor.py:925} INFO - DAG(s) 'dataset_with_extra_from_classic_operator', 'dataset_with_extra_by_context', 'dataset_with_extra_by_yield' retrieved from /home/airflow/.local/lib/python3.12/site-packages/airflow/example_dags/example_outlet_event_extra.py
[2026-03-22T02:16:34.986+0000] {logging_mixin.py:190} INFO - [2026-03-22T02:16:34.986+0000] {dag.py:3239} INFO - Sync 3 DAGs
[2026-03-22T02:16:35.023+0000] {logging_mixin.py:190} INFO - [2026-03-22T02:16:35.022+0000] {dag.py:4180} INFO - Setting next_dagrun for dataset_with_extra_by_context to 2026-03-21 00:00:00+00:00, run_after=2026-03-22 00:00:00+00:00
[2026-03-22T02:16:35.030+0000] {logging_mixin.py:190} INFO - [2026-03-22T02:16:35.030+0000] {dag.py:4180} INFO - Setting next_dagrun for dataset_with_extra_by_yield to 2026-03-21 00:00:00+00:00, run_after=2026-03-22 00:00:00+00:00
[2026-03-22T02:16:35.035+0000] {logging_mixin.py:190} INFO - [2026-03-22T02:16:35.035+0000] {dag.py:4180} INFO - Setting next_dagrun for dataset_with_extra_from_classic_operator to 2026-03-21 00:00:00+00:00, run_after=2026-03-22 00:00:00+00:00
[2026-03-22T02:16:35.063+0000] {processor.py:208} INFO - Processing /home/airflow/.local/lib/python3.12/site-packages/airflow/example_dags/example_outlet_event_extra.py took 0.725 seconds
