[2026-03-22T00:00:43.904+0000] {processor.py:186} INFO - Started process (PID=24857) to work on /home/airflow/.local/lib/python3.12/site-packages/airflow/example_dags/example_sensor_decorator.py
[2026-03-22T00:00:43.907+0000] {processor.py:914} INFO - Processing file /home/airflow/.local/lib/python3.12/site-packages/airflow/example_dags/example_sensor_decorator.py for tasks to queue
[2026-03-22T00:00:43.913+0000] {logging_mixin.py:190} INFO - [2026-03-22T00:00:43.912+0000] {dagbag.py:588} INFO - Filling up the DagBag from /home/airflow/.local/lib/python3.12/site-packages/airflow/example_dags/example_sensor_decorator.py
[2026-03-22T00:00:43.981+0000] {processor.py:925} INFO - DAG(s) 'example_sensor_decorator' retrieved from /home/airflow/.local/lib/python3.12/site-packages/airflow/example_dags/example_sensor_decorator.py
[2026-03-22T00:00:44.136+0000] {logging_mixin.py:190} INFO - [2026-03-22T00:00:44.135+0000] {dag.py:3239} INFO - Sync 1 DAGs
[2026-03-22T00:00:44.227+0000] {logging_mixin.py:190} INFO - [2026-03-22T00:00:44.224+0000] {dag.py:4180} INFO - Setting next_dagrun for example_sensor_decorator to None, run_after=None
[2026-03-22T00:00:44.319+0000] {processor.py:208} INFO - Processing /home/airflow/.local/lib/python3.12/site-packages/airflow/example_dags/example_sensor_decorator.py took 0.460 seconds
[2026-03-22T00:02:16.194+0000] {processor.py:186} INFO - Started process (PID=24930) to work on /home/airflow/.local/lib/python3.12/site-packages/airflow/example_dags/example_sensor_decorator.py
[2026-03-22T00:02:16.198+0000] {processor.py:914} INFO - Processing file /home/airflow/.local/lib/python3.12/site-packages/airflow/example_dags/example_sensor_decorator.py for tasks to queue
[2026-03-22T00:02:16.204+0000] {logging_mixin.py:190} INFO - [2026-03-22T00:02:16.202+0000] {dagbag.py:588} INFO - Filling up the DagBag from /home/airflow/.local/lib/python3.12/site-packages/airflow/example_dags/example_sensor_decorator.py
[2026-03-22T00:02:16.254+0000] {processor.py:925} INFO - DAG(s) 'example_sensor_decorator' retrieved from /home/airflow/.local/lib/python3.12/site-packages/airflow/example_dags/example_sensor_decorator.py
[2026-03-22T00:02:16.368+0000] {logging_mixin.py:190} INFO - [2026-03-22T00:02:16.366+0000] {dag.py:3239} INFO - Sync 1 DAGs
[2026-03-22T00:02:16.578+0000] {logging_mixin.py:190} INFO - [2026-03-22T00:02:16.578+0000] {dag.py:4180} INFO - Setting next_dagrun for example_sensor_decorator to None, run_after=None
[2026-03-22T00:02:16.718+0000] {processor.py:208} INFO - Processing /home/airflow/.local/lib/python3.12/site-packages/airflow/example_dags/example_sensor_decorator.py took 27.295 seconds
[2026-03-22T00:04:50.769+0000] {processor.py:186} INFO - Started process (PID=25025) to work on /home/airflow/.local/lib/python3.12/site-packages/airflow/example_dags/example_sensor_decorator.py
[2026-03-22T00:04:50.775+0000] {processor.py:914} INFO - Processing file /home/airflow/.local/lib/python3.12/site-packages/airflow/example_dags/example_sensor_decorator.py for tasks to queue
[2026-03-22T00:04:50.793+0000] {logging_mixin.py:190} INFO - [2026-03-22T00:04:50.781+0000] {dagbag.py:588} INFO - Filling up the DagBag from /home/airflow/.local/lib/python3.12/site-packages/airflow/example_dags/example_sensor_decorator.py
[2026-03-22T00:04:50.868+0000] {processor.py:925} INFO - DAG(s) 'example_sensor_decorator' retrieved from /home/airflow/.local/lib/python3.12/site-packages/airflow/example_dags/example_sensor_decorator.py
[2026-03-22T00:04:51.055+0000] {logging_mixin.py:190} INFO - [2026-03-22T00:04:51.048+0000] {dag.py:3239} INFO - Sync 1 DAGs
[2026-03-22T00:04:51.199+0000] {logging_mixin.py:190} INFO - [2026-03-22T00:04:51.198+0000] {dag.py:4180} INFO - Setting next_dagrun for example_sensor_decorator to None, run_after=None
[2026-03-22T00:04:51.382+0000] {processor.py:208} INFO - Processing /home/airflow/.local/lib/python3.12/site-packages/airflow/example_dags/example_sensor_decorator.py took 0.668 seconds
[2026-03-22T00:05:21.991+0000] {processor.py:186} INFO - Started process (PID=25090) to work on /home/airflow/.local/lib/python3.12/site-packages/airflow/example_dags/example_sensor_decorator.py
[2026-03-22T00:05:21.996+0000] {processor.py:914} INFO - Processing file /home/airflow/.local/lib/python3.12/site-packages/airflow/example_dags/example_sensor_decorator.py for tasks to queue
[2026-03-22T00:05:22.003+0000] {logging_mixin.py:190} INFO - [2026-03-22T00:05:22.001+0000] {dagbag.py:588} INFO - Filling up the DagBag from /home/airflow/.local/lib/python3.12/site-packages/airflow/example_dags/example_sensor_decorator.py
[2026-03-22T00:05:22.041+0000] {processor.py:925} INFO - DAG(s) 'example_sensor_decorator' retrieved from /home/airflow/.local/lib/python3.12/site-packages/airflow/example_dags/example_sensor_decorator.py
[2026-03-22T00:05:22.120+0000] {logging_mixin.py:190} INFO - [2026-03-22T00:05:22.118+0000] {dag.py:3239} INFO - Sync 1 DAGs
[2026-03-22T00:05:22.184+0000] {logging_mixin.py:190} INFO - [2026-03-22T00:05:22.183+0000] {dag.py:4180} INFO - Setting next_dagrun for example_sensor_decorator to None, run_after=None
[2026-03-22T00:05:22.265+0000] {processor.py:208} INFO - Processing /home/airflow/.local/lib/python3.12/site-packages/airflow/example_dags/example_sensor_decorator.py took 0.299 seconds
[2026-03-22T00:05:53.314+0000] {processor.py:186} INFO - Started process (PID=25155) to work on /home/airflow/.local/lib/python3.12/site-packages/airflow/example_dags/example_sensor_decorator.py
[2026-03-22T00:05:53.316+0000] {processor.py:914} INFO - Processing file /home/airflow/.local/lib/python3.12/site-packages/airflow/example_dags/example_sensor_decorator.py for tasks to queue
[2026-03-22T00:05:53.318+0000] {logging_mixin.py:190} INFO - [2026-03-22T00:05:53.317+0000] {dagbag.py:588} INFO - Filling up the DagBag from /home/airflow/.local/lib/python3.12/site-packages/airflow/example_dags/example_sensor_decorator.py
[2026-03-22T00:05:53.327+0000] {processor.py:925} INFO - DAG(s) 'example_sensor_decorator' retrieved from /home/airflow/.local/lib/python3.12/site-packages/airflow/example_dags/example_sensor_decorator.py
[2026-03-22T00:05:53.355+0000] {logging_mixin.py:190} INFO - [2026-03-22T00:05:53.355+0000] {dag.py:3239} INFO - Sync 1 DAGs
[2026-03-22T00:05:53.374+0000] {logging_mixin.py:190} INFO - [2026-03-22T00:05:53.374+0000] {dag.py:4180} INFO - Setting next_dagrun for example_sensor_decorator to None, run_after=None
[2026-03-22T00:05:53.400+0000] {processor.py:208} INFO - Processing /home/airflow/.local/lib/python3.12/site-packages/airflow/example_dags/example_sensor_decorator.py took 0.093 seconds
[2026-03-22T00:06:23.932+0000] {processor.py:186} INFO - Started process (PID=25220) to work on /home/airflow/.local/lib/python3.12/site-packages/airflow/example_dags/example_sensor_decorator.py
[2026-03-22T00:06:23.933+0000] {processor.py:914} INFO - Processing file /home/airflow/.local/lib/python3.12/site-packages/airflow/example_dags/example_sensor_decorator.py for tasks to queue
[2026-03-22T00:06:23.935+0000] {logging_mixin.py:190} INFO - [2026-03-22T00:06:23.935+0000] {dagbag.py:588} INFO - Filling up the DagBag from /home/airflow/.local/lib/python3.12/site-packages/airflow/example_dags/example_sensor_decorator.py
[2026-03-22T00:06:23.946+0000] {processor.py:925} INFO - DAG(s) 'example_sensor_decorator' retrieved from /home/airflow/.local/lib/python3.12/site-packages/airflow/example_dags/example_sensor_decorator.py
[2026-03-22T00:06:23.972+0000] {logging_mixin.py:190} INFO - [2026-03-22T00:06:23.972+0000] {dag.py:3239} INFO - Sync 1 DAGs
[2026-03-22T00:06:23.991+0000] {logging_mixin.py:190} INFO - [2026-03-22T00:06:23.991+0000] {dag.py:4180} INFO - Setting next_dagrun for example_sensor_decorator to None, run_after=None
[2026-03-22T00:06:24.020+0000] {processor.py:208} INFO - Processing /home/airflow/.local/lib/python3.12/site-packages/airflow/example_dags/example_sensor_decorator.py took 0.095 seconds
[2026-03-22T00:06:55.933+0000] {processor.py:186} INFO - Started process (PID=25285) to work on /home/airflow/.local/lib/python3.12/site-packages/airflow/example_dags/example_sensor_decorator.py
[2026-03-22T00:06:55.936+0000] {processor.py:914} INFO - Processing file /home/airflow/.local/lib/python3.12/site-packages/airflow/example_dags/example_sensor_decorator.py for tasks to queue
[2026-03-22T00:06:55.940+0000] {logging_mixin.py:190} INFO - [2026-03-22T00:06:55.939+0000] {dagbag.py:588} INFO - Filling up the DagBag from /home/airflow/.local/lib/python3.12/site-packages/airflow/example_dags/example_sensor_decorator.py
[2026-03-22T00:06:55.965+0000] {processor.py:925} INFO - DAG(s) 'example_sensor_decorator' retrieved from /home/airflow/.local/lib/python3.12/site-packages/airflow/example_dags/example_sensor_decorator.py
[2026-03-22T00:06:56.023+0000] {logging_mixin.py:190} INFO - [2026-03-22T00:06:56.022+0000] {dag.py:3239} INFO - Sync 1 DAGs
[2026-03-22T00:06:56.062+0000] {logging_mixin.py:190} INFO - [2026-03-22T00:06:56.061+0000] {dag.py:4180} INFO - Setting next_dagrun for example_sensor_decorator to None, run_after=None
[2026-03-22T00:06:56.120+0000] {processor.py:208} INFO - Processing /home/airflow/.local/lib/python3.12/site-packages/airflow/example_dags/example_sensor_decorator.py took 0.205 seconds
[2026-03-22T00:07:32.720+0000] {processor.py:186} INFO - Started process (PID=25345) to work on /home/airflow/.local/lib/python3.12/site-packages/airflow/example_dags/example_sensor_decorator.py
[2026-03-22T00:07:32.725+0000] {processor.py:914} INFO - Processing file /home/airflow/.local/lib/python3.12/site-packages/airflow/example_dags/example_sensor_decorator.py for tasks to queue
[2026-03-22T00:07:32.734+0000] {logging_mixin.py:190} INFO - [2026-03-22T00:07:32.733+0000] {dagbag.py:588} INFO - Filling up the DagBag from /home/airflow/.local/lib/python3.12/site-packages/airflow/example_dags/example_sensor_decorator.py
[2026-03-22T00:07:32.772+0000] {processor.py:925} INFO - DAG(s) 'example_sensor_decorator' retrieved from /home/airflow/.local/lib/python3.12/site-packages/airflow/example_dags/example_sensor_decorator.py
[2026-03-22T00:07:32.850+0000] {logging_mixin.py:190} INFO - [2026-03-22T00:07:32.849+0000] {dag.py:3239} INFO - Sync 1 DAGs
[2026-03-22T00:07:32.929+0000] {logging_mixin.py:190} INFO - [2026-03-22T00:07:32.928+0000] {dag.py:4180} INFO - Setting next_dagrun for example_sensor_decorator to None, run_after=None
[2026-03-22T00:07:33.076+0000] {processor.py:208} INFO - Processing /home/airflow/.local/lib/python3.12/site-packages/airflow/example_dags/example_sensor_decorator.py took 0.380 seconds
[2026-03-22T00:08:04.879+0000] {processor.py:186} INFO - Started process (PID=25416) to work on /home/airflow/.local/lib/python3.12/site-packages/airflow/example_dags/example_sensor_decorator.py
[2026-03-22T00:08:04.887+0000] {processor.py:914} INFO - Processing file /home/airflow/.local/lib/python3.12/site-packages/airflow/example_dags/example_sensor_decorator.py for tasks to queue
[2026-03-22T00:08:04.896+0000] {logging_mixin.py:190} INFO - [2026-03-22T00:08:04.895+0000] {dagbag.py:588} INFO - Filling up the DagBag from /home/airflow/.local/lib/python3.12/site-packages/airflow/example_dags/example_sensor_decorator.py
[2026-03-22T00:08:04.984+0000] {processor.py:925} INFO - DAG(s) 'example_sensor_decorator' retrieved from /home/airflow/.local/lib/python3.12/site-packages/airflow/example_dags/example_sensor_decorator.py
[2026-03-22T00:08:05.130+0000] {logging_mixin.py:190} INFO - [2026-03-22T00:08:05.129+0000] {dag.py:3239} INFO - Sync 1 DAGs
[2026-03-22T00:08:05.262+0000] {logging_mixin.py:190} INFO - [2026-03-22T00:08:05.261+0000] {dag.py:4180} INFO - Setting next_dagrun for example_sensor_decorator to None, run_after=None
[2026-03-22T00:08:05.431+0000] {processor.py:208} INFO - Processing /home/airflow/.local/lib/python3.12/site-packages/airflow/example_dags/example_sensor_decorator.py took 0.632 seconds
[2026-03-22T00:08:35.649+0000] {processor.py:186} INFO - Started process (PID=25481) to work on /home/airflow/.local/lib/python3.12/site-packages/airflow/example_dags/example_sensor_decorator.py
[2026-03-22T00:08:35.653+0000] {processor.py:914} INFO - Processing file /home/airflow/.local/lib/python3.12/site-packages/airflow/example_dags/example_sensor_decorator.py for tasks to queue
[2026-03-22T00:08:35.658+0000] {logging_mixin.py:190} INFO - [2026-03-22T00:08:35.656+0000] {dagbag.py:588} INFO - Filling up the DagBag from /home/airflow/.local/lib/python3.12/site-packages/airflow/example_dags/example_sensor_decorator.py
[2026-03-22T00:08:35.685+0000] {processor.py:925} INFO - DAG(s) 'example_sensor_decorator' retrieved from /home/airflow/.local/lib/python3.12/site-packages/airflow/example_dags/example_sensor_decorator.py
[2026-03-22T00:08:35.749+0000] {logging_mixin.py:190} INFO - [2026-03-22T00:08:35.748+0000] {dag.py:3239} INFO - Sync 1 DAGs
[2026-03-22T00:08:35.807+0000] {logging_mixin.py:190} INFO - [2026-03-22T00:08:35.806+0000] {dag.py:4180} INFO - Setting next_dagrun for example_sensor_decorator to None, run_after=None
[2026-03-22T00:08:35.886+0000] {processor.py:208} INFO - Processing /home/airflow/.local/lib/python3.12/site-packages/airflow/example_dags/example_sensor_decorator.py took 0.254 seconds
[2026-03-22T00:09:06.433+0000] {processor.py:186} INFO - Started process (PID=25546) to work on /home/airflow/.local/lib/python3.12/site-packages/airflow/example_dags/example_sensor_decorator.py
[2026-03-22T00:09:06.434+0000] {processor.py:914} INFO - Processing file /home/airflow/.local/lib/python3.12/site-packages/airflow/example_dags/example_sensor_decorator.py for tasks to queue
[2026-03-22T00:09:06.437+0000] {logging_mixin.py:190} INFO - [2026-03-22T00:09:06.436+0000] {dagbag.py:588} INFO - Filling up the DagBag from /home/airflow/.local/lib/python3.12/site-packages/airflow/example_dags/example_sensor_decorator.py
[2026-03-22T00:09:06.450+0000] {processor.py:925} INFO - DAG(s) 'example_sensor_decorator' retrieved from /home/airflow/.local/lib/python3.12/site-packages/airflow/example_dags/example_sensor_decorator.py
[2026-03-22T00:09:06.481+0000] {logging_mixin.py:190} INFO - [2026-03-22T00:09:06.481+0000] {dag.py:3239} INFO - Sync 1 DAGs
[2026-03-22T00:09:06.506+0000] {logging_mixin.py:190} INFO - [2026-03-22T00:09:06.505+0000] {dag.py:4180} INFO - Setting next_dagrun for example_sensor_decorator to None, run_after=None
[2026-03-22T00:09:06.540+0000] {processor.py:208} INFO - Processing /home/airflow/.local/lib/python3.12/site-packages/airflow/example_dags/example_sensor_decorator.py took 0.117 seconds
[2026-03-22T00:09:36.792+0000] {processor.py:186} INFO - Started process (PID=25611) to work on /home/airflow/.local/lib/python3.12/site-packages/airflow/example_dags/example_sensor_decorator.py
[2026-03-22T00:09:36.793+0000] {processor.py:914} INFO - Processing file /home/airflow/.local/lib/python3.12/site-packages/airflow/example_dags/example_sensor_decorator.py for tasks to queue
[2026-03-22T00:09:36.795+0000] {logging_mixin.py:190} INFO - [2026-03-22T00:09:36.794+0000] {dagbag.py:588} INFO - Filling up the DagBag from /home/airflow/.local/lib/python3.12/site-packages/airflow/example_dags/example_sensor_decorator.py
[2026-03-22T00:09:36.804+0000] {processor.py:925} INFO - DAG(s) 'example_sensor_decorator' retrieved from /home/airflow/.local/lib/python3.12/site-packages/airflow/example_dags/example_sensor_decorator.py
[2026-03-22T00:09:36.823+0000] {logging_mixin.py:190} INFO - [2026-03-22T00:09:36.823+0000] {dag.py:3239} INFO - Sync 1 DAGs
[2026-03-22T00:09:36.840+0000] {logging_mixin.py:190} INFO - [2026-03-22T00:09:36.839+0000] {dag.py:4180} INFO - Setting next_dagrun for example_sensor_decorator to None, run_after=None
[2026-03-22T00:09:36.863+0000] {processor.py:208} INFO - Processing /home/airflow/.local/lib/python3.12/site-packages/airflow/example_dags/example_sensor_decorator.py took 0.077 seconds
[2026-03-22T00:10:07.361+0000] {processor.py:186} INFO - Started process (PID=25676) to work on /home/airflow/.local/lib/python3.12/site-packages/airflow/example_dags/example_sensor_decorator.py
[2026-03-22T00:10:07.362+0000] {processor.py:914} INFO - Processing file /home/airflow/.local/lib/python3.12/site-packages/airflow/example_dags/example_sensor_decorator.py for tasks to queue
[2026-03-22T00:10:07.364+0000] {logging_mixin.py:190} INFO - [2026-03-22T00:10:07.364+0000] {dagbag.py:588} INFO - Filling up the DagBag from /home/airflow/.local/lib/python3.12/site-packages/airflow/example_dags/example_sensor_decorator.py
[2026-03-22T00:10:07.373+0000] {processor.py:925} INFO - DAG(s) 'example_sensor_decorator' retrieved from /home/airflow/.local/lib/python3.12/site-packages/airflow/example_dags/example_sensor_decorator.py
[2026-03-22T00:10:07.391+0000] {logging_mixin.py:190} INFO - [2026-03-22T00:10:07.390+0000] {dag.py:3239} INFO - Sync 1 DAGs
[2026-03-22T00:10:07.405+0000] {logging_mixin.py:190} INFO - [2026-03-22T00:10:07.405+0000] {dag.py:4180} INFO - Setting next_dagrun for example_sensor_decorator to None, run_after=None
[2026-03-22T00:10:07.426+0000] {processor.py:208} INFO - Processing /home/airflow/.local/lib/python3.12/site-packages/airflow/example_dags/example_sensor_decorator.py took 0.071 seconds
[2026-03-22T00:10:38.391+0000] {processor.py:186} INFO - Started process (PID=25741) to work on /home/airflow/.local/lib/python3.12/site-packages/airflow/example_dags/example_sensor_decorator.py
[2026-03-22T00:10:38.393+0000] {processor.py:914} INFO - Processing file /home/airflow/.local/lib/python3.12/site-packages/airflow/example_dags/example_sensor_decorator.py for tasks to queue
[2026-03-22T00:10:38.395+0000] {logging_mixin.py:190} INFO - [2026-03-22T00:10:38.394+0000] {dagbag.py:588} INFO - Filling up the DagBag from /home/airflow/.local/lib/python3.12/site-packages/airflow/example_dags/example_sensor_decorator.py
[2026-03-22T00:10:38.409+0000] {processor.py:925} INFO - DAG(s) 'example_sensor_decorator' retrieved from /home/airflow/.local/lib/python3.12/site-packages/airflow/example_dags/example_sensor_decorator.py
[2026-03-22T00:10:38.444+0000] {logging_mixin.py:190} INFO - [2026-03-22T00:10:38.443+0000] {dag.py:3239} INFO - Sync 1 DAGs
[2026-03-22T00:10:38.467+0000] {logging_mixin.py:190} INFO - [2026-03-22T00:10:38.467+0000] {dag.py:4180} INFO - Setting next_dagrun for example_sensor_decorator to None, run_after=None
[2026-03-22T00:10:38.499+0000] {processor.py:208} INFO - Processing /home/airflow/.local/lib/python3.12/site-packages/airflow/example_dags/example_sensor_decorator.py took 0.117 seconds
[2026-03-22T00:11:08.774+0000] {processor.py:186} INFO - Started process (PID=25806) to work on /home/airflow/.local/lib/python3.12/site-packages/airflow/example_dags/example_sensor_decorator.py
[2026-03-22T00:11:08.776+0000] {processor.py:914} INFO - Processing file /home/airflow/.local/lib/python3.12/site-packages/airflow/example_dags/example_sensor_decorator.py for tasks to queue
[2026-03-22T00:11:08.779+0000] {logging_mixin.py:190} INFO - [2026-03-22T00:11:08.778+0000] {dagbag.py:588} INFO - Filling up the DagBag from /home/airflow/.local/lib/python3.12/site-packages/airflow/example_dags/example_sensor_decorator.py
[2026-03-22T00:11:08.795+0000] {processor.py:925} INFO - DAG(s) 'example_sensor_decorator' retrieved from /home/airflow/.local/lib/python3.12/site-packages/airflow/example_dags/example_sensor_decorator.py
[2026-03-22T00:11:08.828+0000] {logging_mixin.py:190} INFO - [2026-03-22T00:11:08.828+0000] {dag.py:3239} INFO - Sync 1 DAGs
[2026-03-22T00:11:08.855+0000] {logging_mixin.py:190} INFO - [2026-03-22T00:11:08.855+0000] {dag.py:4180} INFO - Setting next_dagrun for example_sensor_decorator to None, run_after=None
[2026-03-22T00:11:08.894+0000] {processor.py:208} INFO - Processing /home/airflow/.local/lib/python3.12/site-packages/airflow/example_dags/example_sensor_decorator.py took 0.132 seconds
[2026-03-22T00:11:38.971+0000] {processor.py:186} INFO - Started process (PID=25871) to work on /home/airflow/.local/lib/python3.12/site-packages/airflow/example_dags/example_sensor_decorator.py
[2026-03-22T00:11:38.972+0000] {processor.py:914} INFO - Processing file /home/airflow/.local/lib/python3.12/site-packages/airflow/example_dags/example_sensor_decorator.py for tasks to queue
[2026-03-22T00:11:38.974+0000] {logging_mixin.py:190} INFO - [2026-03-22T00:11:38.974+0000] {dagbag.py:588} INFO - Filling up the DagBag from /home/airflow/.local/lib/python3.12/site-packages/airflow/example_dags/example_sensor_decorator.py
[2026-03-22T00:11:38.985+0000] {processor.py:925} INFO - DAG(s) 'example_sensor_decorator' retrieved from /home/airflow/.local/lib/python3.12/site-packages/airflow/example_dags/example_sensor_decorator.py
[2026-03-22T00:11:39.008+0000] {logging_mixin.py:190} INFO - [2026-03-22T00:11:39.007+0000] {dag.py:3239} INFO - Sync 1 DAGs
[2026-03-22T00:11:39.024+0000] {logging_mixin.py:190} INFO - [2026-03-22T00:11:39.024+0000] {dag.py:4180} INFO - Setting next_dagrun for example_sensor_decorator to None, run_after=None
[2026-03-22T00:11:39.048+0000] {processor.py:208} INFO - Processing /home/airflow/.local/lib/python3.12/site-packages/airflow/example_dags/example_sensor_decorator.py took 0.083 seconds
[2026-03-22T00:12:09.707+0000] {processor.py:186} INFO - Started process (PID=25936) to work on /home/airflow/.local/lib/python3.12/site-packages/airflow/example_dags/example_sensor_decorator.py
[2026-03-22T00:12:09.709+0000] {processor.py:914} INFO - Processing file /home/airflow/.local/lib/python3.12/site-packages/airflow/example_dags/example_sensor_decorator.py for tasks to queue
[2026-03-22T00:12:09.711+0000] {logging_mixin.py:190} INFO - [2026-03-22T00:12:09.710+0000] {dagbag.py:588} INFO - Filling up the DagBag from /home/airflow/.local/lib/python3.12/site-packages/airflow/example_dags/example_sensor_decorator.py
[2026-03-22T00:12:09.722+0000] {processor.py:925} INFO - DAG(s) 'example_sensor_decorator' retrieved from /home/airflow/.local/lib/python3.12/site-packages/airflow/example_dags/example_sensor_decorator.py
[2026-03-22T00:12:09.746+0000] {logging_mixin.py:190} INFO - [2026-03-22T00:12:09.746+0000] {dag.py:3239} INFO - Sync 1 DAGs
[2026-03-22T00:12:09.766+0000] {logging_mixin.py:190} INFO - [2026-03-22T00:12:09.765+0000] {dag.py:4180} INFO - Setting next_dagrun for example_sensor_decorator to None, run_after=None
[2026-03-22T00:12:09.789+0000] {processor.py:208} INFO - Processing /home/airflow/.local/lib/python3.12/site-packages/airflow/example_dags/example_sensor_decorator.py took 0.088 seconds
[2026-03-22T00:12:40.655+0000] {processor.py:186} INFO - Started process (PID=26000) to work on /home/airflow/.local/lib/python3.12/site-packages/airflow/example_dags/example_sensor_decorator.py
[2026-03-22T00:12:40.657+0000] {processor.py:914} INFO - Processing file /home/airflow/.local/lib/python3.12/site-packages/airflow/example_dags/example_sensor_decorator.py for tasks to queue
[2026-03-22T00:12:40.659+0000] {logging_mixin.py:190} INFO - [2026-03-22T00:12:40.659+0000] {dagbag.py:588} INFO - Filling up the DagBag from /home/airflow/.local/lib/python3.12/site-packages/airflow/example_dags/example_sensor_decorator.py
[2026-03-22T00:12:40.670+0000] {processor.py:925} INFO - DAG(s) 'example_sensor_decorator' retrieved from /home/airflow/.local/lib/python3.12/site-packages/airflow/example_dags/example_sensor_decorator.py
[2026-03-22T00:12:40.695+0000] {logging_mixin.py:190} INFO - [2026-03-22T00:12:40.695+0000] {dag.py:3239} INFO - Sync 1 DAGs
[2026-03-22T00:12:40.714+0000] {logging_mixin.py:190} INFO - [2026-03-22T00:12:40.714+0000] {dag.py:4180} INFO - Setting next_dagrun for example_sensor_decorator to None, run_after=None
[2026-03-22T00:12:40.741+0000] {processor.py:208} INFO - Processing /home/airflow/.local/lib/python3.12/site-packages/airflow/example_dags/example_sensor_decorator.py took 0.094 seconds
[2026-03-22T00:13:11.132+0000] {processor.py:186} INFO - Started process (PID=26065) to work on /home/airflow/.local/lib/python3.12/site-packages/airflow/example_dags/example_sensor_decorator.py
[2026-03-22T00:13:11.133+0000] {processor.py:914} INFO - Processing file /home/airflow/.local/lib/python3.12/site-packages/airflow/example_dags/example_sensor_decorator.py for tasks to queue
[2026-03-22T00:13:11.135+0000] {logging_mixin.py:190} INFO - [2026-03-22T00:13:11.135+0000] {dagbag.py:588} INFO - Filling up the DagBag from /home/airflow/.local/lib/python3.12/site-packages/airflow/example_dags/example_sensor_decorator.py
[2026-03-22T00:13:11.144+0000] {processor.py:925} INFO - DAG(s) 'example_sensor_decorator' retrieved from /home/airflow/.local/lib/python3.12/site-packages/airflow/example_dags/example_sensor_decorator.py
[2026-03-22T00:13:11.165+0000] {logging_mixin.py:190} INFO - [2026-03-22T00:13:11.165+0000] {dag.py:3239} INFO - Sync 1 DAGs
[2026-03-22T00:13:11.182+0000] {logging_mixin.py:190} INFO - [2026-03-22T00:13:11.182+0000] {dag.py:4180} INFO - Setting next_dagrun for example_sensor_decorator to None, run_after=None
[2026-03-22T00:13:11.203+0000] {processor.py:208} INFO - Processing /home/airflow/.local/lib/python3.12/site-packages/airflow/example_dags/example_sensor_decorator.py took 0.077 seconds
[2026-03-22T00:13:41.698+0000] {processor.py:186} INFO - Started process (PID=26130) to work on /home/airflow/.local/lib/python3.12/site-packages/airflow/example_dags/example_sensor_decorator.py
[2026-03-22T00:13:41.700+0000] {processor.py:914} INFO - Processing file /home/airflow/.local/lib/python3.12/site-packages/airflow/example_dags/example_sensor_decorator.py for tasks to queue
[2026-03-22T00:13:41.701+0000] {logging_mixin.py:190} INFO - [2026-03-22T00:13:41.701+0000] {dagbag.py:588} INFO - Filling up the DagBag from /home/airflow/.local/lib/python3.12/site-packages/airflow/example_dags/example_sensor_decorator.py
[2026-03-22T00:13:41.709+0000] {processor.py:925} INFO - DAG(s) 'example_sensor_decorator' retrieved from /home/airflow/.local/lib/python3.12/site-packages/airflow/example_dags/example_sensor_decorator.py
[2026-03-22T00:13:41.727+0000] {logging_mixin.py:190} INFO - [2026-03-22T00:13:41.726+0000] {dag.py:3239} INFO - Sync 1 DAGs
[2026-03-22T00:13:41.741+0000] {logging_mixin.py:190} INFO - [2026-03-22T00:13:41.741+0000] {dag.py:4180} INFO - Setting next_dagrun for example_sensor_decorator to None, run_after=None
[2026-03-22T00:13:41.762+0000] {processor.py:208} INFO - Processing /home/airflow/.local/lib/python3.12/site-packages/airflow/example_dags/example_sensor_decorator.py took 0.069 seconds
[2026-03-22T00:14:12.006+0000] {processor.py:186} INFO - Started process (PID=26195) to work on /home/airflow/.local/lib/python3.12/site-packages/airflow/example_dags/example_sensor_decorator.py
[2026-03-22T00:14:12.008+0000] {processor.py:914} INFO - Processing file /home/airflow/.local/lib/python3.12/site-packages/airflow/example_dags/example_sensor_decorator.py for tasks to queue
[2026-03-22T00:14:12.010+0000] {logging_mixin.py:190} INFO - [2026-03-22T00:14:12.010+0000] {dagbag.py:588} INFO - Filling up the DagBag from /home/airflow/.local/lib/python3.12/site-packages/airflow/example_dags/example_sensor_decorator.py
[2026-03-22T00:14:12.020+0000] {processor.py:925} INFO - DAG(s) 'example_sensor_decorator' retrieved from /home/airflow/.local/lib/python3.12/site-packages/airflow/example_dags/example_sensor_decorator.py
[2026-03-22T00:14:12.044+0000] {logging_mixin.py:190} INFO - [2026-03-22T00:14:12.044+0000] {dag.py:3239} INFO - Sync 1 DAGs
[2026-03-22T00:14:12.059+0000] {logging_mixin.py:190} INFO - [2026-03-22T00:14:12.059+0000] {dag.py:4180} INFO - Setting next_dagrun for example_sensor_decorator to None, run_after=None
[2026-03-22T00:14:12.085+0000] {processor.py:208} INFO - Processing /home/airflow/.local/lib/python3.12/site-packages/airflow/example_dags/example_sensor_decorator.py took 0.088 seconds
[2026-03-22T00:14:42.917+0000] {processor.py:186} INFO - Started process (PID=26260) to work on /home/airflow/.local/lib/python3.12/site-packages/airflow/example_dags/example_sensor_decorator.py
[2026-03-22T00:14:42.920+0000] {processor.py:914} INFO - Processing file /home/airflow/.local/lib/python3.12/site-packages/airflow/example_dags/example_sensor_decorator.py for tasks to queue
[2026-03-22T00:14:42.923+0000] {logging_mixin.py:190} INFO - [2026-03-22T00:14:42.923+0000] {dagbag.py:588} INFO - Filling up the DagBag from /home/airflow/.local/lib/python3.12/site-packages/airflow/example_dags/example_sensor_decorator.py
[2026-03-22T00:14:42.940+0000] {processor.py:925} INFO - DAG(s) 'example_sensor_decorator' retrieved from /home/airflow/.local/lib/python3.12/site-packages/airflow/example_dags/example_sensor_decorator.py
[2026-03-22T00:14:42.980+0000] {logging_mixin.py:190} INFO - [2026-03-22T00:14:42.979+0000] {dag.py:3239} INFO - Sync 1 DAGs
[2026-03-22T00:14:43.008+0000] {logging_mixin.py:190} INFO - [2026-03-22T00:14:43.008+0000] {dag.py:4180} INFO - Setting next_dagrun for example_sensor_decorator to None, run_after=None
[2026-03-22T00:14:43.048+0000] {processor.py:208} INFO - Processing /home/airflow/.local/lib/python3.12/site-packages/airflow/example_dags/example_sensor_decorator.py took 0.143 seconds
[2026-03-22T00:15:14.583+0000] {processor.py:186} INFO - Started process (PID=26324) to work on /home/airflow/.local/lib/python3.12/site-packages/airflow/example_dags/example_sensor_decorator.py
[2026-03-22T00:15:14.641+0000] {processor.py:914} INFO - Processing file /home/airflow/.local/lib/python3.12/site-packages/airflow/example_dags/example_sensor_decorator.py for tasks to queue
[2026-03-22T00:15:14.662+0000] {logging_mixin.py:190} INFO - [2026-03-22T00:15:14.661+0000] {dagbag.py:588} INFO - Filling up the DagBag from /home/airflow/.local/lib/python3.12/site-packages/airflow/example_dags/example_sensor_decorator.py
[2026-03-22T00:15:14.690+0000] {processor.py:925} INFO - DAG(s) 'example_sensor_decorator' retrieved from /home/airflow/.local/lib/python3.12/site-packages/airflow/example_dags/example_sensor_decorator.py
[2026-03-22T00:15:14.728+0000] {logging_mixin.py:190} INFO - [2026-03-22T00:15:14.728+0000] {dag.py:3239} INFO - Sync 1 DAGs
[2026-03-22T00:15:14.757+0000] {logging_mixin.py:190} INFO - [2026-03-22T00:15:14.757+0000] {dag.py:4180} INFO - Setting next_dagrun for example_sensor_decorator to None, run_after=None
[2026-03-22T00:15:14.800+0000] {processor.py:208} INFO - Processing /home/airflow/.local/lib/python3.12/site-packages/airflow/example_dags/example_sensor_decorator.py took 0.223 seconds
[2026-03-22T02:12:53.154+0000] {processor.py:186} INFO - Started process (PID=26394) to work on /home/airflow/.local/lib/python3.12/site-packages/airflow/example_dags/example_sensor_decorator.py
[2026-03-22T02:12:53.156+0000] {processor.py:914} INFO - Processing file /home/airflow/.local/lib/python3.12/site-packages/airflow/example_dags/example_sensor_decorator.py for tasks to queue
[2026-03-22T02:12:53.158+0000] {logging_mixin.py:190} INFO - [2026-03-22T02:12:53.158+0000] {dagbag.py:588} INFO - Filling up the DagBag from /home/airflow/.local/lib/python3.12/site-packages/airflow/example_dags/example_sensor_decorator.py
[2026-03-22T02:12:53.169+0000] {processor.py:925} INFO - DAG(s) 'example_sensor_decorator' retrieved from /home/airflow/.local/lib/python3.12/site-packages/airflow/example_dags/example_sensor_decorator.py
[2026-03-22T02:12:53.190+0000] {logging_mixin.py:190} INFO - [2026-03-22T02:12:53.190+0000] {dag.py:3239} INFO - Sync 1 DAGs
[2026-03-22T02:12:53.207+0000] {logging_mixin.py:190} INFO - [2026-03-22T02:12:53.207+0000] {dag.py:4180} INFO - Setting next_dagrun for example_sensor_decorator to None, run_after=None
[2026-03-22T02:12:53.228+0000] {processor.py:208} INFO - Processing /home/airflow/.local/lib/python3.12/site-packages/airflow/example_dags/example_sensor_decorator.py took 0.080 seconds
[2026-03-22T02:13:23.629+0000] {processor.py:186} INFO - Started process (PID=26459) to work on /home/airflow/.local/lib/python3.12/site-packages/airflow/example_dags/example_sensor_decorator.py
[2026-03-22T02:13:23.630+0000] {processor.py:914} INFO - Processing file /home/airflow/.local/lib/python3.12/site-packages/airflow/example_dags/example_sensor_decorator.py for tasks to queue
[2026-03-22T02:13:23.632+0000] {logging_mixin.py:190} INFO - [2026-03-22T02:13:23.632+0000] {dagbag.py:588} INFO - Filling up the DagBag from /home/airflow/.local/lib/python3.12/site-packages/airflow/example_dags/example_sensor_decorator.py
[2026-03-22T02:13:23.641+0000] {processor.py:925} INFO - DAG(s) 'example_sensor_decorator' retrieved from /home/airflow/.local/lib/python3.12/site-packages/airflow/example_dags/example_sensor_decorator.py
[2026-03-22T02:13:23.661+0000] {logging_mixin.py:190} INFO - [2026-03-22T02:13:23.661+0000] {dag.py:3239} INFO - Sync 1 DAGs
[2026-03-22T02:13:23.675+0000] {logging_mixin.py:190} INFO - [2026-03-22T02:13:23.675+0000] {dag.py:4180} INFO - Setting next_dagrun for example_sensor_decorator to None, run_after=None
[2026-03-22T02:13:23.697+0000] {processor.py:208} INFO - Processing /home/airflow/.local/lib/python3.12/site-packages/airflow/example_dags/example_sensor_decorator.py took 0.074 seconds
[2026-03-22T02:13:54.340+0000] {processor.py:186} INFO - Started process (PID=26524) to work on /home/airflow/.local/lib/python3.12/site-packages/airflow/example_dags/example_sensor_decorator.py
[2026-03-22T02:13:54.341+0000] {processor.py:914} INFO - Processing file /home/airflow/.local/lib/python3.12/site-packages/airflow/example_dags/example_sensor_decorator.py for tasks to queue
[2026-03-22T02:13:54.343+0000] {logging_mixin.py:190} INFO - [2026-03-22T02:13:54.343+0000] {dagbag.py:588} INFO - Filling up the DagBag from /home/airflow/.local/lib/python3.12/site-packages/airflow/example_dags/example_sensor_decorator.py
[2026-03-22T02:13:54.354+0000] {processor.py:925} INFO - DAG(s) 'example_sensor_decorator' retrieved from /home/airflow/.local/lib/python3.12/site-packages/airflow/example_dags/example_sensor_decorator.py
[2026-03-22T02:13:54.377+0000] {logging_mixin.py:190} INFO - [2026-03-22T02:13:54.377+0000] {dag.py:3239} INFO - Sync 1 DAGs
[2026-03-22T02:13:54.391+0000] {logging_mixin.py:190} INFO - [2026-03-22T02:13:54.391+0000] {dag.py:4180} INFO - Setting next_dagrun for example_sensor_decorator to None, run_after=None
[2026-03-22T02:13:54.408+0000] {processor.py:208} INFO - Processing /home/airflow/.local/lib/python3.12/site-packages/airflow/example_dags/example_sensor_decorator.py took 0.075 seconds
[2026-03-22T02:14:25.048+0000] {processor.py:186} INFO - Started process (PID=26589) to work on /home/airflow/.local/lib/python3.12/site-packages/airflow/example_dags/example_sensor_decorator.py
[2026-03-22T02:14:25.049+0000] {processor.py:914} INFO - Processing file /home/airflow/.local/lib/python3.12/site-packages/airflow/example_dags/example_sensor_decorator.py for tasks to queue
[2026-03-22T02:14:25.051+0000] {logging_mixin.py:190} INFO - [2026-03-22T02:14:25.051+0000] {dagbag.py:588} INFO - Filling up the DagBag from /home/airflow/.local/lib/python3.12/site-packages/airflow/example_dags/example_sensor_decorator.py
[2026-03-22T02:14:25.058+0000] {processor.py:925} INFO - DAG(s) 'example_sensor_decorator' retrieved from /home/airflow/.local/lib/python3.12/site-packages/airflow/example_dags/example_sensor_decorator.py
[2026-03-22T02:14:25.079+0000] {logging_mixin.py:190} INFO - [2026-03-22T02:14:25.079+0000] {dag.py:3239} INFO - Sync 1 DAGs
[2026-03-22T02:14:25.092+0000] {logging_mixin.py:190} INFO - [2026-03-22T02:14:25.091+0000] {dag.py:4180} INFO - Setting next_dagrun for example_sensor_decorator to None, run_after=None
[2026-03-22T02:14:25.111+0000] {processor.py:208} INFO - Processing /home/airflow/.local/lib/python3.12/site-packages/airflow/example_dags/example_sensor_decorator.py took 0.070 seconds
[2026-03-22T02:14:55.863+0000] {processor.py:186} INFO - Started process (PID=26654) to work on /home/airflow/.local/lib/python3.12/site-packages/airflow/example_dags/example_sensor_decorator.py
[2026-03-22T02:14:55.864+0000] {processor.py:914} INFO - Processing file /home/airflow/.local/lib/python3.12/site-packages/airflow/example_dags/example_sensor_decorator.py for tasks to queue
[2026-03-22T02:14:55.865+0000] {logging_mixin.py:190} INFO - [2026-03-22T02:14:55.865+0000] {dagbag.py:588} INFO - Filling up the DagBag from /home/airflow/.local/lib/python3.12/site-packages/airflow/example_dags/example_sensor_decorator.py
[2026-03-22T02:14:55.873+0000] {processor.py:925} INFO - DAG(s) 'example_sensor_decorator' retrieved from /home/airflow/.local/lib/python3.12/site-packages/airflow/example_dags/example_sensor_decorator.py
[2026-03-22T02:14:55.891+0000] {logging_mixin.py:190} INFO - [2026-03-22T02:14:55.891+0000] {dag.py:3239} INFO - Sync 1 DAGs
[2026-03-22T02:14:55.904+0000] {logging_mixin.py:190} INFO - [2026-03-22T02:14:55.904+0000] {dag.py:4180} INFO - Setting next_dagrun for example_sensor_decorator to None, run_after=None
[2026-03-22T02:14:55.921+0000] {processor.py:208} INFO - Processing /home/airflow/.local/lib/python3.12/site-packages/airflow/example_dags/example_sensor_decorator.py took 0.063 seconds
[2026-03-22T02:15:26.384+0000] {processor.py:186} INFO - Started process (PID=26719) to work on /home/airflow/.local/lib/python3.12/site-packages/airflow/example_dags/example_sensor_decorator.py
[2026-03-22T02:15:26.386+0000] {processor.py:914} INFO - Processing file /home/airflow/.local/lib/python3.12/site-packages/airflow/example_dags/example_sensor_decorator.py for tasks to queue
[2026-03-22T02:15:26.387+0000] {logging_mixin.py:190} INFO - [2026-03-22T02:15:26.387+0000] {dagbag.py:588} INFO - Filling up the DagBag from /home/airflow/.local/lib/python3.12/site-packages/airflow/example_dags/example_sensor_decorator.py
[2026-03-22T02:15:26.396+0000] {processor.py:925} INFO - DAG(s) 'example_sensor_decorator' retrieved from /home/airflow/.local/lib/python3.12/site-packages/airflow/example_dags/example_sensor_decorator.py
[2026-03-22T02:15:26.415+0000] {logging_mixin.py:190} INFO - [2026-03-22T02:15:26.415+0000] {dag.py:3239} INFO - Sync 1 DAGs
[2026-03-22T02:15:26.427+0000] {logging_mixin.py:190} INFO - [2026-03-22T02:15:26.427+0000] {dag.py:4180} INFO - Setting next_dagrun for example_sensor_decorator to None, run_after=None
[2026-03-22T02:15:26.446+0000] {processor.py:208} INFO - Processing /home/airflow/.local/lib/python3.12/site-packages/airflow/example_dags/example_sensor_decorator.py took 0.067 seconds
[2026-03-22T02:15:56.632+0000] {processor.py:186} INFO - Started process (PID=26784) to work on /home/airflow/.local/lib/python3.12/site-packages/airflow/example_dags/example_sensor_decorator.py
[2026-03-22T02:15:56.633+0000] {processor.py:914} INFO - Processing file /home/airflow/.local/lib/python3.12/site-packages/airflow/example_dags/example_sensor_decorator.py for tasks to queue
[2026-03-22T02:15:56.635+0000] {logging_mixin.py:190} INFO - [2026-03-22T02:15:56.634+0000] {dagbag.py:588} INFO - Filling up the DagBag from /home/airflow/.local/lib/python3.12/site-packages/airflow/example_dags/example_sensor_decorator.py
[2026-03-22T02:15:56.642+0000] {processor.py:925} INFO - DAG(s) 'example_sensor_decorator' retrieved from /home/airflow/.local/lib/python3.12/site-packages/airflow/example_dags/example_sensor_decorator.py
[2026-03-22T02:15:56.658+0000] {logging_mixin.py:190} INFO - [2026-03-22T02:15:56.658+0000] {dag.py:3239} INFO - Sync 1 DAGs
[2026-03-22T02:15:56.671+0000] {logging_mixin.py:190} INFO - [2026-03-22T02:15:56.670+0000] {dag.py:4180} INFO - Setting next_dagrun for example_sensor_decorator to None, run_after=None
[2026-03-22T02:15:56.687+0000] {processor.py:208} INFO - Processing /home/airflow/.local/lib/python3.12/site-packages/airflow/example_dags/example_sensor_decorator.py took 0.060 seconds
[2026-03-22T02:16:27.189+0000] {processor.py:186} INFO - Started process (PID=26849) to work on /home/airflow/.local/lib/python3.12/site-packages/airflow/example_dags/example_sensor_decorator.py
[2026-03-22T02:16:27.190+0000] {processor.py:914} INFO - Processing file /home/airflow/.local/lib/python3.12/site-packages/airflow/example_dags/example_sensor_decorator.py for tasks to queue
[2026-03-22T02:16:27.192+0000] {logging_mixin.py:190} INFO - [2026-03-22T02:16:27.191+0000] {dagbag.py:588} INFO - Filling up the DagBag from /home/airflow/.local/lib/python3.12/site-packages/airflow/example_dags/example_sensor_decorator.py
[2026-03-22T02:16:27.205+0000] {processor.py:925} INFO - DAG(s) 'example_sensor_decorator' retrieved from /home/airflow/.local/lib/python3.12/site-packages/airflow/example_dags/example_sensor_decorator.py
[2026-03-22T02:16:27.224+0000] {logging_mixin.py:190} INFO - [2026-03-22T02:16:27.224+0000] {dag.py:3239} INFO - Sync 1 DAGs
[2026-03-22T02:16:27.238+0000] {logging_mixin.py:190} INFO - [2026-03-22T02:16:27.238+0000] {dag.py:4180} INFO - Setting next_dagrun for example_sensor_decorator to None, run_after=None
[2026-03-22T02:16:27.255+0000] {processor.py:208} INFO - Processing /home/airflow/.local/lib/python3.12/site-packages/airflow/example_dags/example_sensor_decorator.py took 0.074 seconds
[2026-03-22T02:16:58.995+0000] {processor.py:186} INFO - Started process (PID=26914) to work on /home/airflow/.local/lib/python3.12/site-packages/airflow/example_dags/example_sensor_decorator.py
[2026-03-22T02:16:58.997+0000] {processor.py:914} INFO - Processing file /home/airflow/.local/lib/python3.12/site-packages/airflow/example_dags/example_sensor_decorator.py for tasks to queue
[2026-03-22T02:16:59.000+0000] {logging_mixin.py:190} INFO - [2026-03-22T02:16:58.999+0000] {dagbag.py:588} INFO - Filling up the DagBag from /home/airflow/.local/lib/python3.12/site-packages/airflow/example_dags/example_sensor_decorator.py
[2026-03-22T02:16:59.020+0000] {processor.py:925} INFO - DAG(s) 'example_sensor_decorator' retrieved from /home/airflow/.local/lib/python3.12/site-packages/airflow/example_dags/example_sensor_decorator.py
[2026-03-22T02:16:59.060+0000] {logging_mixin.py:190} INFO - [2026-03-22T02:16:59.060+0000] {dag.py:3239} INFO - Sync 1 DAGs
[2026-03-22T02:16:59.088+0000] {logging_mixin.py:190} INFO - [2026-03-22T02:16:59.088+0000] {dag.py:4180} INFO - Setting next_dagrun for example_sensor_decorator to None, run_after=None
[2026-03-22T02:16:59.119+0000] {processor.py:208} INFO - Processing /home/airflow/.local/lib/python3.12/site-packages/airflow/example_dags/example_sensor_decorator.py took 0.134 seconds
