[2026-03-22T00:00:35.462+0000] {processor.py:186} INFO - Started process (PID=24848) to work on /home/airflow/.local/lib/python3.12/site-packages/airflow/example_dags/example_task_group.py
[2026-03-22T00:00:35.477+0000] {processor.py:914} INFO - Processing file /home/airflow/.local/lib/python3.12/site-packages/airflow/example_dags/example_task_group.py for tasks to queue
[2026-03-22T00:00:35.507+0000] {logging_mixin.py:190} INFO - [2026-03-22T00:00:35.498+0000] {dagbag.py:588} INFO - Filling up the DagBag from /home/airflow/.local/lib/python3.12/site-packages/airflow/example_dags/example_task_group.py
[2026-03-22T00:00:35.685+0000] {processor.py:925} INFO - DAG(s) 'example_task_group' retrieved from /home/airflow/.local/lib/python3.12/site-packages/airflow/example_dags/example_task_group.py
[2026-03-22T00:00:35.994+0000] {logging_mixin.py:190} INFO - [2026-03-22T00:00:35.992+0000] {dag.py:3239} INFO - Sync 1 DAGs
[2026-03-22T00:00:36.300+0000] {logging_mixin.py:190} INFO - [2026-03-22T00:00:36.298+0000] {dag.py:4180} INFO - Setting next_dagrun for example_task_group to None, run_after=None
[2026-03-22T00:00:36.544+0000] {processor.py:208} INFO - Processing /home/airflow/.local/lib/python3.12/site-packages/airflow/example_dags/example_task_group.py took 1.197 seconds
[2026-03-22T00:01:11.943+0000] {processor.py:186} INFO - Started process (PID=24913) to work on /home/airflow/.local/lib/python3.12/site-packages/airflow/example_dags/example_task_group.py
[2026-03-22T00:01:11.965+0000] {processor.py:914} INFO - Processing file /home/airflow/.local/lib/python3.12/site-packages/airflow/example_dags/example_task_group.py for tasks to queue
[2026-03-22T00:01:11.990+0000] {logging_mixin.py:190} INFO - [2026-03-22T00:01:11.976+0000] {dagbag.py:588} INFO - Filling up the DagBag from /home/airflow/.local/lib/python3.12/site-packages/airflow/example_dags/example_task_group.py
[2026-03-22T00:01:12.117+0000] {processor.py:925} INFO - DAG(s) 'example_task_group' retrieved from /home/airflow/.local/lib/python3.12/site-packages/airflow/example_dags/example_task_group.py
[2026-03-22T00:01:12.440+0000] {logging_mixin.py:190} INFO - [2026-03-22T00:01:12.438+0000] {dag.py:3239} INFO - Sync 1 DAGs
[2026-03-22T00:01:12.860+0000] {logging_mixin.py:190} INFO - [2026-03-22T00:01:12.858+0000] {dag.py:4180} INFO - Setting next_dagrun for example_task_group to None, run_after=None
[2026-03-22T00:01:13.177+0000] {processor.py:208} INFO - Processing /home/airflow/.local/lib/python3.12/site-packages/airflow/example_dags/example_task_group.py took 1.306 seconds
[2026-03-22T00:02:18.924+0000] {processor.py:186} INFO - Started process (PID=24943) to work on /home/airflow/.local/lib/python3.12/site-packages/airflow/example_dags/example_task_group.py
[2026-03-22T00:02:18.931+0000] {processor.py:914} INFO - Processing file /home/airflow/.local/lib/python3.12/site-packages/airflow/example_dags/example_task_group.py for tasks to queue
[2026-03-22T00:02:18.954+0000] {logging_mixin.py:190} INFO - [2026-03-22T00:02:18.951+0000] {dagbag.py:588} INFO - Filling up the DagBag from /home/airflow/.local/lib/python3.12/site-packages/airflow/example_dags/example_task_group.py
[2026-03-22T00:02:19.060+0000] {processor.py:925} INFO - DAG(s) 'example_task_group' retrieved from /home/airflow/.local/lib/python3.12/site-packages/airflow/example_dags/example_task_group.py
[2026-03-22T00:02:20.224+0000] {logging_mixin.py:190} INFO - [2026-03-22T00:02:20.223+0000] {dag.py:3239} INFO - Sync 1 DAGs
[2026-03-22T00:02:20.331+0000] {logging_mixin.py:190} INFO - [2026-03-22T00:02:20.330+0000] {dag.py:4180} INFO - Setting next_dagrun for example_task_group to None, run_after=None
[2026-03-22T00:02:20.483+0000] {processor.py:208} INFO - Processing /home/airflow/.local/lib/python3.12/site-packages/airflow/example_dags/example_task_group.py took 1.598 seconds
[2026-03-22T00:04:44.419+0000] {processor.py:186} INFO - Started process (PID=25016) to work on /home/airflow/.local/lib/python3.12/site-packages/airflow/example_dags/example_task_group.py
[2026-03-22T00:04:44.434+0000] {processor.py:914} INFO - Processing file /home/airflow/.local/lib/python3.12/site-packages/airflow/example_dags/example_task_group.py for tasks to queue
[2026-03-22T00:04:44.452+0000] {logging_mixin.py:190} INFO - [2026-03-22T00:04:44.451+0000] {dagbag.py:588} INFO - Filling up the DagBag from /home/airflow/.local/lib/python3.12/site-packages/airflow/example_dags/example_task_group.py
[2026-03-22T00:04:44.645+0000] {processor.py:925} INFO - DAG(s) 'example_task_group' retrieved from /home/airflow/.local/lib/python3.12/site-packages/airflow/example_dags/example_task_group.py
[2026-03-22T00:04:44.918+0000] {logging_mixin.py:190} INFO - [2026-03-22T00:04:44.918+0000] {dag.py:3239} INFO - Sync 1 DAGs
[2026-03-22T00:04:45.067+0000] {logging_mixin.py:190} INFO - [2026-03-22T00:04:45.066+0000] {dag.py:4180} INFO - Setting next_dagrun for example_task_group to None, run_after=None
[2026-03-22T00:04:45.249+0000] {processor.py:208} INFO - Processing /home/airflow/.local/lib/python3.12/site-packages/airflow/example_dags/example_task_group.py took 0.903 seconds
[2026-03-22T00:05:17.045+0000] {processor.py:186} INFO - Started process (PID=25081) to work on /home/airflow/.local/lib/python3.12/site-packages/airflow/example_dags/example_task_group.py
[2026-03-22T00:05:17.050+0000] {processor.py:914} INFO - Processing file /home/airflow/.local/lib/python3.12/site-packages/airflow/example_dags/example_task_group.py for tasks to queue
[2026-03-22T00:05:17.055+0000] {logging_mixin.py:190} INFO - [2026-03-22T00:05:17.054+0000] {dagbag.py:588} INFO - Filling up the DagBag from /home/airflow/.local/lib/python3.12/site-packages/airflow/example_dags/example_task_group.py
[2026-03-22T00:05:17.092+0000] {processor.py:925} INFO - DAG(s) 'example_task_group' retrieved from /home/airflow/.local/lib/python3.12/site-packages/airflow/example_dags/example_task_group.py
[2026-03-22T00:05:17.182+0000] {logging_mixin.py:190} INFO - [2026-03-22T00:05:17.181+0000] {dag.py:3239} INFO - Sync 1 DAGs
[2026-03-22T00:05:17.252+0000] {logging_mixin.py:190} INFO - [2026-03-22T00:05:17.251+0000] {dag.py:4180} INFO - Setting next_dagrun for example_task_group to None, run_after=None
[2026-03-22T00:05:17.334+0000] {processor.py:208} INFO - Processing /home/airflow/.local/lib/python3.12/site-packages/airflow/example_dags/example_task_group.py took 0.309 seconds
[2026-03-22T00:05:47.456+0000] {processor.py:186} INFO - Started process (PID=25146) to work on /home/airflow/.local/lib/python3.12/site-packages/airflow/example_dags/example_task_group.py
[2026-03-22T00:05:47.458+0000] {processor.py:914} INFO - Processing file /home/airflow/.local/lib/python3.12/site-packages/airflow/example_dags/example_task_group.py for tasks to queue
[2026-03-22T00:05:47.461+0000] {logging_mixin.py:190} INFO - [2026-03-22T00:05:47.460+0000] {dagbag.py:588} INFO - Filling up the DagBag from /home/airflow/.local/lib/python3.12/site-packages/airflow/example_dags/example_task_group.py
[2026-03-22T00:05:47.480+0000] {processor.py:925} INFO - DAG(s) 'example_task_group' retrieved from /home/airflow/.local/lib/python3.12/site-packages/airflow/example_dags/example_task_group.py
[2026-03-22T00:05:47.523+0000] {logging_mixin.py:190} INFO - [2026-03-22T00:05:47.523+0000] {dag.py:3239} INFO - Sync 1 DAGs
[2026-03-22T00:05:47.553+0000] {logging_mixin.py:190} INFO - [2026-03-22T00:05:47.552+0000] {dag.py:4180} INFO - Setting next_dagrun for example_task_group to None, run_after=None
[2026-03-22T00:05:47.596+0000] {processor.py:208} INFO - Processing /home/airflow/.local/lib/python3.12/site-packages/airflow/example_dags/example_task_group.py took 0.152 seconds
[2026-03-22T00:06:18.128+0000] {processor.py:186} INFO - Started process (PID=25211) to work on /home/airflow/.local/lib/python3.12/site-packages/airflow/example_dags/example_task_group.py
[2026-03-22T00:06:18.130+0000] {processor.py:914} INFO - Processing file /home/airflow/.local/lib/python3.12/site-packages/airflow/example_dags/example_task_group.py for tasks to queue
[2026-03-22T00:06:18.132+0000] {logging_mixin.py:190} INFO - [2026-03-22T00:06:18.131+0000] {dagbag.py:588} INFO - Filling up the DagBag from /home/airflow/.local/lib/python3.12/site-packages/airflow/example_dags/example_task_group.py
[2026-03-22T00:06:18.149+0000] {processor.py:925} INFO - DAG(s) 'example_task_group' retrieved from /home/airflow/.local/lib/python3.12/site-packages/airflow/example_dags/example_task_group.py
[2026-03-22T00:06:18.184+0000] {logging_mixin.py:190} INFO - [2026-03-22T00:06:18.183+0000] {dag.py:3239} INFO - Sync 1 DAGs
[2026-03-22T00:06:18.208+0000] {logging_mixin.py:190} INFO - [2026-03-22T00:06:18.208+0000] {dag.py:4180} INFO - Setting next_dagrun for example_task_group to None, run_after=None
[2026-03-22T00:06:18.243+0000] {processor.py:208} INFO - Processing /home/airflow/.local/lib/python3.12/site-packages/airflow/example_dags/example_task_group.py took 0.125 seconds
[2026-03-22T00:06:50.848+0000] {processor.py:186} INFO - Started process (PID=25267) to work on /home/airflow/.local/lib/python3.12/site-packages/airflow/example_dags/example_task_group.py
[2026-03-22T00:06:50.852+0000] {processor.py:914} INFO - Processing file /home/airflow/.local/lib/python3.12/site-packages/airflow/example_dags/example_task_group.py for tasks to queue
[2026-03-22T00:06:50.858+0000] {logging_mixin.py:190} INFO - [2026-03-22T00:06:50.856+0000] {dagbag.py:588} INFO - Filling up the DagBag from /home/airflow/.local/lib/python3.12/site-packages/airflow/example_dags/example_task_group.py
[2026-03-22T00:06:50.898+0000] {processor.py:925} INFO - DAG(s) 'example_task_group' retrieved from /home/airflow/.local/lib/python3.12/site-packages/airflow/example_dags/example_task_group.py
[2026-03-22T00:06:50.980+0000] {logging_mixin.py:190} INFO - [2026-03-22T00:06:50.980+0000] {dag.py:3239} INFO - Sync 1 DAGs
[2026-03-22T00:06:51.045+0000] {logging_mixin.py:190} INFO - [2026-03-22T00:06:51.043+0000] {dag.py:4180} INFO - Setting next_dagrun for example_task_group to None, run_after=None
[2026-03-22T00:06:51.122+0000] {processor.py:208} INFO - Processing /home/airflow/.local/lib/python3.12/site-packages/airflow/example_dags/example_task_group.py took 0.297 seconds
[2026-03-22T00:07:24.542+0000] {processor.py:186} INFO - Started process (PID=25332) to work on /home/airflow/.local/lib/python3.12/site-packages/airflow/example_dags/example_task_group.py
[2026-03-22T00:07:24.563+0000] {processor.py:914} INFO - Processing file /home/airflow/.local/lib/python3.12/site-packages/airflow/example_dags/example_task_group.py for tasks to queue
[2026-03-22T00:07:24.597+0000] {logging_mixin.py:190} INFO - [2026-03-22T00:07:24.583+0000] {dagbag.py:588} INFO - Filling up the DagBag from /home/airflow/.local/lib/python3.12/site-packages/airflow/example_dags/example_task_group.py
[2026-03-22T00:07:24.720+0000] {processor.py:925} INFO - DAG(s) 'example_task_group' retrieved from /home/airflow/.local/lib/python3.12/site-packages/airflow/example_dags/example_task_group.py
[2026-03-22T00:07:24.982+0000] {logging_mixin.py:190} INFO - [2026-03-22T00:07:24.981+0000] {dag.py:3239} INFO - Sync 1 DAGs
[2026-03-22T00:07:25.194+0000] {logging_mixin.py:190} INFO - [2026-03-22T00:07:25.194+0000] {dag.py:4180} INFO - Setting next_dagrun for example_task_group to None, run_after=None
[2026-03-22T00:07:25.383+0000] {processor.py:208} INFO - Processing /home/airflow/.local/lib/python3.12/site-packages/airflow/example_dags/example_task_group.py took 0.924 seconds
[2026-03-22T00:07:55.846+0000] {processor.py:186} INFO - Started process (PID=25397) to work on /home/airflow/.local/lib/python3.12/site-packages/airflow/example_dags/example_task_group.py
[2026-03-22T00:07:55.851+0000] {processor.py:914} INFO - Processing file /home/airflow/.local/lib/python3.12/site-packages/airflow/example_dags/example_task_group.py for tasks to queue
[2026-03-22T00:07:55.858+0000] {logging_mixin.py:190} INFO - [2026-03-22T00:07:55.856+0000] {dagbag.py:588} INFO - Filling up the DagBag from /home/airflow/.local/lib/python3.12/site-packages/airflow/example_dags/example_task_group.py
[2026-03-22T00:07:55.895+0000] {processor.py:925} INFO - DAG(s) 'example_task_group' retrieved from /home/airflow/.local/lib/python3.12/site-packages/airflow/example_dags/example_task_group.py
[2026-03-22T00:07:55.983+0000] {logging_mixin.py:190} INFO - [2026-03-22T00:07:55.982+0000] {dag.py:3239} INFO - Sync 1 DAGs
[2026-03-22T00:07:56.050+0000] {logging_mixin.py:190} INFO - [2026-03-22T00:07:56.048+0000] {dag.py:4180} INFO - Setting next_dagrun for example_task_group to None, run_after=None
[2026-03-22T00:07:56.139+0000] {processor.py:208} INFO - Processing /home/airflow/.local/lib/python3.12/site-packages/airflow/example_dags/example_task_group.py took 0.320 seconds
[2026-03-22T00:08:26.560+0000] {processor.py:186} INFO - Started process (PID=25461) to work on /home/airflow/.local/lib/python3.12/site-packages/airflow/example_dags/example_task_group.py
[2026-03-22T00:08:26.564+0000] {processor.py:914} INFO - Processing file /home/airflow/.local/lib/python3.12/site-packages/airflow/example_dags/example_task_group.py for tasks to queue
[2026-03-22T00:08:26.569+0000] {logging_mixin.py:190} INFO - [2026-03-22T00:08:26.568+0000] {dagbag.py:588} INFO - Filling up the DagBag from /home/airflow/.local/lib/python3.12/site-packages/airflow/example_dags/example_task_group.py
[2026-03-22T00:08:26.606+0000] {processor.py:925} INFO - DAG(s) 'example_task_group' retrieved from /home/airflow/.local/lib/python3.12/site-packages/airflow/example_dags/example_task_group.py
[2026-03-22T00:08:26.697+0000] {logging_mixin.py:190} INFO - [2026-03-22T00:08:26.696+0000] {dag.py:3239} INFO - Sync 1 DAGs
[2026-03-22T00:08:26.787+0000] {logging_mixin.py:190} INFO - [2026-03-22T00:08:26.786+0000] {dag.py:4180} INFO - Setting next_dagrun for example_task_group to None, run_after=None
[2026-03-22T00:08:26.873+0000] {processor.py:208} INFO - Processing /home/airflow/.local/lib/python3.12/site-packages/airflow/example_dags/example_task_group.py took 0.335 seconds
[2026-03-22T00:08:57.177+0000] {processor.py:186} INFO - Started process (PID=25526) to work on /home/airflow/.local/lib/python3.12/site-packages/airflow/example_dags/example_task_group.py
[2026-03-22T00:08:57.180+0000] {processor.py:914} INFO - Processing file /home/airflow/.local/lib/python3.12/site-packages/airflow/example_dags/example_task_group.py for tasks to queue
[2026-03-22T00:08:57.184+0000] {logging_mixin.py:190} INFO - [2026-03-22T00:08:57.183+0000] {dagbag.py:588} INFO - Filling up the DagBag from /home/airflow/.local/lib/python3.12/site-packages/airflow/example_dags/example_task_group.py
[2026-03-22T00:08:57.208+0000] {processor.py:925} INFO - DAG(s) 'example_task_group' retrieved from /home/airflow/.local/lib/python3.12/site-packages/airflow/example_dags/example_task_group.py
[2026-03-22T00:08:57.256+0000] {logging_mixin.py:190} INFO - [2026-03-22T00:08:57.256+0000] {dag.py:3239} INFO - Sync 1 DAGs
[2026-03-22T00:08:57.290+0000] {logging_mixin.py:190} INFO - [2026-03-22T00:08:57.289+0000] {dag.py:4180} INFO - Setting next_dagrun for example_task_group to None, run_after=None
[2026-03-22T00:08:57.335+0000] {processor.py:208} INFO - Processing /home/airflow/.local/lib/python3.12/site-packages/airflow/example_dags/example_task_group.py took 0.173 seconds
[2026-03-22T00:09:28.091+0000] {processor.py:186} INFO - Started process (PID=25591) to work on /home/airflow/.local/lib/python3.12/site-packages/airflow/example_dags/example_task_group.py
[2026-03-22T00:09:28.093+0000] {processor.py:914} INFO - Processing file /home/airflow/.local/lib/python3.12/site-packages/airflow/example_dags/example_task_group.py for tasks to queue
[2026-03-22T00:09:28.095+0000] {logging_mixin.py:190} INFO - [2026-03-22T00:09:28.095+0000] {dagbag.py:588} INFO - Filling up the DagBag from /home/airflow/.local/lib/python3.12/site-packages/airflow/example_dags/example_task_group.py
[2026-03-22T00:09:28.111+0000] {processor.py:925} INFO - DAG(s) 'example_task_group' retrieved from /home/airflow/.local/lib/python3.12/site-packages/airflow/example_dags/example_task_group.py
[2026-03-22T00:09:28.145+0000] {logging_mixin.py:190} INFO - [2026-03-22T00:09:28.145+0000] {dag.py:3239} INFO - Sync 1 DAGs
[2026-03-22T00:09:28.170+0000] {logging_mixin.py:190} INFO - [2026-03-22T00:09:28.170+0000] {dag.py:4180} INFO - Setting next_dagrun for example_task_group to None, run_after=None
[2026-03-22T00:09:28.202+0000] {processor.py:208} INFO - Processing /home/airflow/.local/lib/python3.12/site-packages/airflow/example_dags/example_task_group.py took 0.121 seconds
[2026-03-22T00:09:59.322+0000] {processor.py:186} INFO - Started process (PID=25656) to work on /home/airflow/.local/lib/python3.12/site-packages/airflow/example_dags/example_task_group.py
[2026-03-22T00:09:59.325+0000] {processor.py:914} INFO - Processing file /home/airflow/.local/lib/python3.12/site-packages/airflow/example_dags/example_task_group.py for tasks to queue
[2026-03-22T00:09:59.329+0000] {logging_mixin.py:190} INFO - [2026-03-22T00:09:59.328+0000] {dagbag.py:588} INFO - Filling up the DagBag from /home/airflow/.local/lib/python3.12/site-packages/airflow/example_dags/example_task_group.py
[2026-03-22T00:09:59.350+0000] {processor.py:925} INFO - DAG(s) 'example_task_group' retrieved from /home/airflow/.local/lib/python3.12/site-packages/airflow/example_dags/example_task_group.py
[2026-03-22T00:09:59.398+0000] {logging_mixin.py:190} INFO - [2026-03-22T00:09:59.398+0000] {dag.py:3239} INFO - Sync 1 DAGs
[2026-03-22T00:09:59.439+0000] {logging_mixin.py:190} INFO - [2026-03-22T00:09:59.438+0000] {dag.py:4180} INFO - Setting next_dagrun for example_task_group to None, run_after=None
[2026-03-22T00:09:59.493+0000] {processor.py:208} INFO - Processing /home/airflow/.local/lib/python3.12/site-packages/airflow/example_dags/example_task_group.py took 0.184 seconds
[2026-03-22T00:10:29.673+0000] {processor.py:186} INFO - Started process (PID=25718) to work on /home/airflow/.local/lib/python3.12/site-packages/airflow/example_dags/example_task_group.py
[2026-03-22T00:10:29.676+0000] {processor.py:914} INFO - Processing file /home/airflow/.local/lib/python3.12/site-packages/airflow/example_dags/example_task_group.py for tasks to queue
[2026-03-22T00:10:29.681+0000] {logging_mixin.py:190} INFO - [2026-03-22T00:10:29.680+0000] {dagbag.py:588} INFO - Filling up the DagBag from /home/airflow/.local/lib/python3.12/site-packages/airflow/example_dags/example_task_group.py
[2026-03-22T00:10:29.706+0000] {processor.py:925} INFO - DAG(s) 'example_task_group' retrieved from /home/airflow/.local/lib/python3.12/site-packages/airflow/example_dags/example_task_group.py
[2026-03-22T00:10:29.761+0000] {logging_mixin.py:190} INFO - [2026-03-22T00:10:29.761+0000] {dag.py:3239} INFO - Sync 1 DAGs
[2026-03-22T00:10:29.796+0000] {logging_mixin.py:190} INFO - [2026-03-22T00:10:29.795+0000] {dag.py:4180} INFO - Setting next_dagrun for example_task_group to None, run_after=None
[2026-03-22T00:10:29.849+0000] {processor.py:208} INFO - Processing /home/airflow/.local/lib/python3.12/site-packages/airflow/example_dags/example_task_group.py took 0.187 seconds
[2026-03-22T00:11:00.359+0000] {processor.py:186} INFO - Started process (PID=25782) to work on /home/airflow/.local/lib/python3.12/site-packages/airflow/example_dags/example_task_group.py
[2026-03-22T00:11:00.361+0000] {processor.py:914} INFO - Processing file /home/airflow/.local/lib/python3.12/site-packages/airflow/example_dags/example_task_group.py for tasks to queue
[2026-03-22T00:11:00.364+0000] {logging_mixin.py:190} INFO - [2026-03-22T00:11:00.363+0000] {dagbag.py:588} INFO - Filling up the DagBag from /home/airflow/.local/lib/python3.12/site-packages/airflow/example_dags/example_task_group.py
[2026-03-22T00:11:00.376+0000] {processor.py:925} INFO - DAG(s) 'example_task_group' retrieved from /home/airflow/.local/lib/python3.12/site-packages/airflow/example_dags/example_task_group.py
[2026-03-22T00:11:00.407+0000] {logging_mixin.py:190} INFO - [2026-03-22T00:11:00.406+0000] {dag.py:3239} INFO - Sync 1 DAGs
[2026-03-22T00:11:00.426+0000] {logging_mixin.py:190} INFO - [2026-03-22T00:11:00.425+0000] {dag.py:4180} INFO - Setting next_dagrun for example_task_group to None, run_after=None
[2026-03-22T00:11:00.455+0000] {processor.py:208} INFO - Processing /home/airflow/.local/lib/python3.12/site-packages/airflow/example_dags/example_task_group.py took 0.105 seconds
[2026-03-22T00:11:30.910+0000] {processor.py:186} INFO - Started process (PID=25846) to work on /home/airflow/.local/lib/python3.12/site-packages/airflow/example_dags/example_task_group.py
[2026-03-22T00:11:30.911+0000] {processor.py:914} INFO - Processing file /home/airflow/.local/lib/python3.12/site-packages/airflow/example_dags/example_task_group.py for tasks to queue
[2026-03-22T00:11:30.912+0000] {logging_mixin.py:190} INFO - [2026-03-22T00:11:30.912+0000] {dagbag.py:588} INFO - Filling up the DagBag from /home/airflow/.local/lib/python3.12/site-packages/airflow/example_dags/example_task_group.py
[2026-03-22T00:11:30.920+0000] {processor.py:925} INFO - DAG(s) 'example_task_group' retrieved from /home/airflow/.local/lib/python3.12/site-packages/airflow/example_dags/example_task_group.py
[2026-03-22T00:11:30.938+0000] {logging_mixin.py:190} INFO - [2026-03-22T00:11:30.938+0000] {dag.py:3239} INFO - Sync 1 DAGs
[2026-03-22T00:11:30.951+0000] {logging_mixin.py:190} INFO - [2026-03-22T00:11:30.950+0000] {dag.py:4180} INFO - Setting next_dagrun for example_task_group to None, run_after=None
[2026-03-22T00:11:30.971+0000] {processor.py:208} INFO - Processing /home/airflow/.local/lib/python3.12/site-packages/airflow/example_dags/example_task_group.py took 0.066 seconds
[2026-03-22T00:12:01.266+0000] {processor.py:186} INFO - Started process (PID=25911) to work on /home/airflow/.local/lib/python3.12/site-packages/airflow/example_dags/example_task_group.py
[2026-03-22T00:12:01.267+0000] {processor.py:914} INFO - Processing file /home/airflow/.local/lib/python3.12/site-packages/airflow/example_dags/example_task_group.py for tasks to queue
[2026-03-22T00:12:01.269+0000] {logging_mixin.py:190} INFO - [2026-03-22T00:12:01.268+0000] {dagbag.py:588} INFO - Filling up the DagBag from /home/airflow/.local/lib/python3.12/site-packages/airflow/example_dags/example_task_group.py
[2026-03-22T00:12:01.277+0000] {processor.py:925} INFO - DAG(s) 'example_task_group' retrieved from /home/airflow/.local/lib/python3.12/site-packages/airflow/example_dags/example_task_group.py
[2026-03-22T00:12:01.297+0000] {logging_mixin.py:190} INFO - [2026-03-22T00:12:01.297+0000] {dag.py:3239} INFO - Sync 1 DAGs
[2026-03-22T00:12:01.310+0000] {logging_mixin.py:190} INFO - [2026-03-22T00:12:01.310+0000] {dag.py:4180} INFO - Setting next_dagrun for example_task_group to None, run_after=None
[2026-03-22T00:12:01.331+0000] {processor.py:208} INFO - Processing /home/airflow/.local/lib/python3.12/site-packages/airflow/example_dags/example_task_group.py took 0.070 seconds
[2026-03-22T00:12:31.931+0000] {processor.py:186} INFO - Started process (PID=25976) to work on /home/airflow/.local/lib/python3.12/site-packages/airflow/example_dags/example_task_group.py
[2026-03-22T00:12:31.934+0000] {processor.py:914} INFO - Processing file /home/airflow/.local/lib/python3.12/site-packages/airflow/example_dags/example_task_group.py for tasks to queue
[2026-03-22T00:12:31.937+0000] {logging_mixin.py:190} INFO - [2026-03-22T00:12:31.936+0000] {dagbag.py:588} INFO - Filling up the DagBag from /home/airflow/.local/lib/python3.12/site-packages/airflow/example_dags/example_task_group.py
[2026-03-22T00:12:31.953+0000] {processor.py:925} INFO - DAG(s) 'example_task_group' retrieved from /home/airflow/.local/lib/python3.12/site-packages/airflow/example_dags/example_task_group.py
[2026-03-22T00:12:31.989+0000] {logging_mixin.py:190} INFO - [2026-03-22T00:12:31.989+0000] {dag.py:3239} INFO - Sync 1 DAGs
[2026-03-22T00:12:32.012+0000] {logging_mixin.py:190} INFO - [2026-03-22T00:12:32.011+0000] {dag.py:4180} INFO - Setting next_dagrun for example_task_group to None, run_after=None
[2026-03-22T00:12:32.045+0000] {processor.py:208} INFO - Processing /home/airflow/.local/lib/python3.12/site-packages/airflow/example_dags/example_task_group.py took 0.124 seconds
[2026-03-22T00:13:02.774+0000] {processor.py:186} INFO - Started process (PID=26041) to work on /home/airflow/.local/lib/python3.12/site-packages/airflow/example_dags/example_task_group.py
[2026-03-22T00:13:02.777+0000] {processor.py:914} INFO - Processing file /home/airflow/.local/lib/python3.12/site-packages/airflow/example_dags/example_task_group.py for tasks to queue
[2026-03-22T00:13:02.780+0000] {logging_mixin.py:190} INFO - [2026-03-22T00:13:02.779+0000] {dagbag.py:588} INFO - Filling up the DagBag from /home/airflow/.local/lib/python3.12/site-packages/airflow/example_dags/example_task_group.py
[2026-03-22T00:13:02.790+0000] {processor.py:925} INFO - DAG(s) 'example_task_group' retrieved from /home/airflow/.local/lib/python3.12/site-packages/airflow/example_dags/example_task_group.py
[2026-03-22T00:13:02.814+0000] {logging_mixin.py:190} INFO - [2026-03-22T00:13:02.814+0000] {dag.py:3239} INFO - Sync 1 DAGs
[2026-03-22T00:13:02.831+0000] {logging_mixin.py:190} INFO - [2026-03-22T00:13:02.830+0000] {dag.py:4180} INFO - Setting next_dagrun for example_task_group to None, run_after=None
[2026-03-22T00:13:02.857+0000] {processor.py:208} INFO - Processing /home/airflow/.local/lib/python3.12/site-packages/airflow/example_dags/example_task_group.py took 0.093 seconds
[2026-03-22T00:13:33.552+0000] {processor.py:186} INFO - Started process (PID=26106) to work on /home/airflow/.local/lib/python3.12/site-packages/airflow/example_dags/example_task_group.py
[2026-03-22T00:13:33.555+0000] {processor.py:914} INFO - Processing file /home/airflow/.local/lib/python3.12/site-packages/airflow/example_dags/example_task_group.py for tasks to queue
[2026-03-22T00:13:33.558+0000] {logging_mixin.py:190} INFO - [2026-03-22T00:13:33.557+0000] {dagbag.py:588} INFO - Filling up the DagBag from /home/airflow/.local/lib/python3.12/site-packages/airflow/example_dags/example_task_group.py
[2026-03-22T00:13:33.573+0000] {processor.py:925} INFO - DAG(s) 'example_task_group' retrieved from /home/airflow/.local/lib/python3.12/site-packages/airflow/example_dags/example_task_group.py
[2026-03-22T00:13:33.605+0000] {logging_mixin.py:190} INFO - [2026-03-22T00:13:33.604+0000] {dag.py:3239} INFO - Sync 1 DAGs
[2026-03-22T00:13:33.625+0000] {logging_mixin.py:190} INFO - [2026-03-22T00:13:33.625+0000] {dag.py:4180} INFO - Setting next_dagrun for example_task_group to None, run_after=None
[2026-03-22T00:13:33.657+0000] {processor.py:208} INFO - Processing /home/airflow/.local/lib/python3.12/site-packages/airflow/example_dags/example_task_group.py took 0.118 seconds
[2026-03-22T00:14:04.095+0000] {processor.py:186} INFO - Started process (PID=26171) to work on /home/airflow/.local/lib/python3.12/site-packages/airflow/example_dags/example_task_group.py
[2026-03-22T00:14:04.097+0000] {processor.py:914} INFO - Processing file /home/airflow/.local/lib/python3.12/site-packages/airflow/example_dags/example_task_group.py for tasks to queue
[2026-03-22T00:14:04.099+0000] {logging_mixin.py:190} INFO - [2026-03-22T00:14:04.098+0000] {dagbag.py:588} INFO - Filling up the DagBag from /home/airflow/.local/lib/python3.12/site-packages/airflow/example_dags/example_task_group.py
[2026-03-22T00:14:04.119+0000] {processor.py:925} INFO - DAG(s) 'example_task_group' retrieved from /home/airflow/.local/lib/python3.12/site-packages/airflow/example_dags/example_task_group.py
[2026-03-22T00:14:04.160+0000] {logging_mixin.py:190} INFO - [2026-03-22T00:14:04.159+0000] {dag.py:3239} INFO - Sync 1 DAGs
[2026-03-22T00:14:04.186+0000] {logging_mixin.py:190} INFO - [2026-03-22T00:14:04.186+0000] {dag.py:4180} INFO - Setting next_dagrun for example_task_group to None, run_after=None
[2026-03-22T00:14:04.221+0000] {processor.py:208} INFO - Processing /home/airflow/.local/lib/python3.12/site-packages/airflow/example_dags/example_task_group.py took 0.136 seconds
[2026-03-22T00:14:34.648+0000] {processor.py:186} INFO - Started process (PID=26236) to work on /home/airflow/.local/lib/python3.12/site-packages/airflow/example_dags/example_task_group.py
[2026-03-22T00:14:34.651+0000] {processor.py:914} INFO - Processing file /home/airflow/.local/lib/python3.12/site-packages/airflow/example_dags/example_task_group.py for tasks to queue
[2026-03-22T00:14:34.655+0000] {logging_mixin.py:190} INFO - [2026-03-22T00:14:34.654+0000] {dagbag.py:588} INFO - Filling up the DagBag from /home/airflow/.local/lib/python3.12/site-packages/airflow/example_dags/example_task_group.py
[2026-03-22T00:14:34.684+0000] {processor.py:925} INFO - DAG(s) 'example_task_group' retrieved from /home/airflow/.local/lib/python3.12/site-packages/airflow/example_dags/example_task_group.py
[2026-03-22T00:14:34.759+0000] {logging_mixin.py:190} INFO - [2026-03-22T00:14:34.759+0000] {dag.py:3239} INFO - Sync 1 DAGs
[2026-03-22T00:14:34.805+0000] {logging_mixin.py:190} INFO - [2026-03-22T00:14:34.804+0000] {dag.py:4180} INFO - Setting next_dagrun for example_task_group to None, run_after=None
[2026-03-22T00:14:34.881+0000] {processor.py:208} INFO - Processing /home/airflow/.local/lib/python3.12/site-packages/airflow/example_dags/example_task_group.py took 0.250 seconds
[2026-03-22T00:15:05.264+0000] {processor.py:186} INFO - Started process (PID=26306) to work on /home/airflow/.local/lib/python3.12/site-packages/airflow/example_dags/example_task_group.py
[2026-03-22T00:15:05.266+0000] {processor.py:914} INFO - Processing file /home/airflow/.local/lib/python3.12/site-packages/airflow/example_dags/example_task_group.py for tasks to queue
[2026-03-22T00:15:05.269+0000] {logging_mixin.py:190} INFO - [2026-03-22T00:15:05.268+0000] {dagbag.py:588} INFO - Filling up the DagBag from /home/airflow/.local/lib/python3.12/site-packages/airflow/example_dags/example_task_group.py
[2026-03-22T00:15:05.283+0000] {processor.py:925} INFO - DAG(s) 'example_task_group' retrieved from /home/airflow/.local/lib/python3.12/site-packages/airflow/example_dags/example_task_group.py
[2026-03-22T00:15:05.315+0000] {logging_mixin.py:190} INFO - [2026-03-22T00:15:05.315+0000] {dag.py:3239} INFO - Sync 1 DAGs
[2026-03-22T00:15:05.337+0000] {logging_mixin.py:190} INFO - [2026-03-22T00:15:05.336+0000] {dag.py:4180} INFO - Setting next_dagrun for example_task_group to None, run_after=None
[2026-03-22T00:15:05.365+0000] {processor.py:208} INFO - Processing /home/airflow/.local/lib/python3.12/site-packages/airflow/example_dags/example_task_group.py took 0.109 seconds
[2026-03-22T00:15:35.477+0000] {processor.py:186} INFO - Started process (PID=26370) to work on /home/airflow/.local/lib/python3.12/site-packages/airflow/example_dags/example_task_group.py
[2026-03-22T00:15:35.478+0000] {processor.py:914} INFO - Processing file /home/airflow/.local/lib/python3.12/site-packages/airflow/example_dags/example_task_group.py for tasks to queue
[2026-03-22T00:15:35.479+0000] {logging_mixin.py:190} INFO - [2026-03-22T00:15:35.479+0000] {dagbag.py:588} INFO - Filling up the DagBag from /home/airflow/.local/lib/python3.12/site-packages/airflow/example_dags/example_task_group.py
[2026-03-22T00:15:35.487+0000] {processor.py:925} INFO - DAG(s) 'example_task_group' retrieved from /home/airflow/.local/lib/python3.12/site-packages/airflow/example_dags/example_task_group.py
[2026-03-22T00:15:35.508+0000] {logging_mixin.py:190} INFO - [2026-03-22T00:15:35.507+0000] {dag.py:3239} INFO - Sync 1 DAGs
[2026-03-22T00:15:35.522+0000] {logging_mixin.py:190} INFO - [2026-03-22T00:15:35.522+0000] {dag.py:4180} INFO - Setting next_dagrun for example_task_group to None, run_after=None
[2026-03-22T00:15:35.544+0000] {processor.py:208} INFO - Processing /home/airflow/.local/lib/python3.12/site-packages/airflow/example_dags/example_task_group.py took 0.073 seconds
[2026-03-22T02:12:52.520+0000] {processor.py:186} INFO - Started process (PID=26385) to work on /home/airflow/.local/lib/python3.12/site-packages/airflow/example_dags/example_task_group.py
[2026-03-22T02:12:52.521+0000] {processor.py:914} INFO - Processing file /home/airflow/.local/lib/python3.12/site-packages/airflow/example_dags/example_task_group.py for tasks to queue
[2026-03-22T02:12:52.523+0000] {logging_mixin.py:190} INFO - [2026-03-22T02:12:52.523+0000] {dagbag.py:588} INFO - Filling up the DagBag from /home/airflow/.local/lib/python3.12/site-packages/airflow/example_dags/example_task_group.py
[2026-03-22T02:12:52.531+0000] {processor.py:925} INFO - DAG(s) 'example_task_group' retrieved from /home/airflow/.local/lib/python3.12/site-packages/airflow/example_dags/example_task_group.py
[2026-03-22T02:12:52.550+0000] {logging_mixin.py:190} INFO - [2026-03-22T02:12:52.550+0000] {dag.py:3239} INFO - Sync 1 DAGs
[2026-03-22T02:12:52.561+0000] {logging_mixin.py:190} INFO - [2026-03-22T02:12:52.561+0000] {dag.py:4180} INFO - Setting next_dagrun for example_task_group to None, run_after=None
[2026-03-22T02:12:52.577+0000] {processor.py:208} INFO - Processing /home/airflow/.local/lib/python3.12/site-packages/airflow/example_dags/example_task_group.py took 0.062 seconds
[2026-03-22T02:13:23.017+0000] {processor.py:186} INFO - Started process (PID=26450) to work on /home/airflow/.local/lib/python3.12/site-packages/airflow/example_dags/example_task_group.py
[2026-03-22T02:13:23.018+0000] {processor.py:914} INFO - Processing file /home/airflow/.local/lib/python3.12/site-packages/airflow/example_dags/example_task_group.py for tasks to queue
[2026-03-22T02:13:23.020+0000] {logging_mixin.py:190} INFO - [2026-03-22T02:13:23.019+0000] {dagbag.py:588} INFO - Filling up the DagBag from /home/airflow/.local/lib/python3.12/site-packages/airflow/example_dags/example_task_group.py
[2026-03-22T02:13:23.027+0000] {processor.py:925} INFO - DAG(s) 'example_task_group' retrieved from /home/airflow/.local/lib/python3.12/site-packages/airflow/example_dags/example_task_group.py
[2026-03-22T02:13:23.046+0000] {logging_mixin.py:190} INFO - [2026-03-22T02:13:23.045+0000] {dag.py:3239} INFO - Sync 1 DAGs
[2026-03-22T02:13:23.056+0000] {logging_mixin.py:190} INFO - [2026-03-22T02:13:23.056+0000] {dag.py:4180} INFO - Setting next_dagrun for example_task_group to None, run_after=None
[2026-03-22T02:13:23.075+0000] {processor.py:208} INFO - Processing /home/airflow/.local/lib/python3.12/site-packages/airflow/example_dags/example_task_group.py took 0.063 seconds
[2026-03-22T02:13:53.702+0000] {processor.py:186} INFO - Started process (PID=26515) to work on /home/airflow/.local/lib/python3.12/site-packages/airflow/example_dags/example_task_group.py
[2026-03-22T02:13:53.704+0000] {processor.py:914} INFO - Processing file /home/airflow/.local/lib/python3.12/site-packages/airflow/example_dags/example_task_group.py for tasks to queue
[2026-03-22T02:13:53.705+0000] {logging_mixin.py:190} INFO - [2026-03-22T02:13:53.705+0000] {dagbag.py:588} INFO - Filling up the DagBag from /home/airflow/.local/lib/python3.12/site-packages/airflow/example_dags/example_task_group.py
[2026-03-22T02:13:53.713+0000] {processor.py:925} INFO - DAG(s) 'example_task_group' retrieved from /home/airflow/.local/lib/python3.12/site-packages/airflow/example_dags/example_task_group.py
[2026-03-22T02:13:53.731+0000] {logging_mixin.py:190} INFO - [2026-03-22T02:13:53.731+0000] {dag.py:3239} INFO - Sync 1 DAGs
[2026-03-22T02:13:53.742+0000] {logging_mixin.py:190} INFO - [2026-03-22T02:13:53.742+0000] {dag.py:4180} INFO - Setting next_dagrun for example_task_group to None, run_after=None
[2026-03-22T02:13:53.762+0000] {processor.py:208} INFO - Processing /home/airflow/.local/lib/python3.12/site-packages/airflow/example_dags/example_task_group.py took 0.064 seconds
[2026-03-22T02:14:24.423+0000] {processor.py:186} INFO - Started process (PID=26580) to work on /home/airflow/.local/lib/python3.12/site-packages/airflow/example_dags/example_task_group.py
[2026-03-22T02:14:24.424+0000] {processor.py:914} INFO - Processing file /home/airflow/.local/lib/python3.12/site-packages/airflow/example_dags/example_task_group.py for tasks to queue
[2026-03-22T02:14:24.426+0000] {logging_mixin.py:190} INFO - [2026-03-22T02:14:24.425+0000] {dagbag.py:588} INFO - Filling up the DagBag from /home/airflow/.local/lib/python3.12/site-packages/airflow/example_dags/example_task_group.py
[2026-03-22T02:14:24.434+0000] {processor.py:925} INFO - DAG(s) 'example_task_group' retrieved from /home/airflow/.local/lib/python3.12/site-packages/airflow/example_dags/example_task_group.py
[2026-03-22T02:14:24.453+0000] {logging_mixin.py:190} INFO - [2026-03-22T02:14:24.453+0000] {dag.py:3239} INFO - Sync 1 DAGs
[2026-03-22T02:14:24.466+0000] {logging_mixin.py:190} INFO - [2026-03-22T02:14:24.465+0000] {dag.py:4180} INFO - Setting next_dagrun for example_task_group to None, run_after=None
[2026-03-22T02:14:24.482+0000] {processor.py:208} INFO - Processing /home/airflow/.local/lib/python3.12/site-packages/airflow/example_dags/example_task_group.py took 0.064 seconds
[2026-03-22T02:14:55.219+0000] {processor.py:186} INFO - Started process (PID=26645) to work on /home/airflow/.local/lib/python3.12/site-packages/airflow/example_dags/example_task_group.py
[2026-03-22T02:14:55.221+0000] {processor.py:914} INFO - Processing file /home/airflow/.local/lib/python3.12/site-packages/airflow/example_dags/example_task_group.py for tasks to queue
[2026-03-22T02:14:55.224+0000] {logging_mixin.py:190} INFO - [2026-03-22T02:14:55.224+0000] {dagbag.py:588} INFO - Filling up the DagBag from /home/airflow/.local/lib/python3.12/site-packages/airflow/example_dags/example_task_group.py
[2026-03-22T02:14:55.231+0000] {processor.py:925} INFO - DAG(s) 'example_task_group' retrieved from /home/airflow/.local/lib/python3.12/site-packages/airflow/example_dags/example_task_group.py
[2026-03-22T02:14:55.251+0000] {logging_mixin.py:190} INFO - [2026-03-22T02:14:55.251+0000] {dag.py:3239} INFO - Sync 1 DAGs
[2026-03-22T02:14:55.261+0000] {logging_mixin.py:190} INFO - [2026-03-22T02:14:55.261+0000] {dag.py:4180} INFO - Setting next_dagrun for example_task_group to None, run_after=None
[2026-03-22T02:14:55.278+0000] {processor.py:208} INFO - Processing /home/airflow/.local/lib/python3.12/site-packages/airflow/example_dags/example_task_group.py took 0.064 seconds
[2026-03-22T02:15:25.761+0000] {processor.py:186} INFO - Started process (PID=26710) to work on /home/airflow/.local/lib/python3.12/site-packages/airflow/example_dags/example_task_group.py
[2026-03-22T02:15:25.763+0000] {processor.py:914} INFO - Processing file /home/airflow/.local/lib/python3.12/site-packages/airflow/example_dags/example_task_group.py for tasks to queue
[2026-03-22T02:15:25.766+0000] {logging_mixin.py:190} INFO - [2026-03-22T02:15:25.765+0000] {dagbag.py:588} INFO - Filling up the DagBag from /home/airflow/.local/lib/python3.12/site-packages/airflow/example_dags/example_task_group.py
[2026-03-22T02:15:25.780+0000] {processor.py:925} INFO - DAG(s) 'example_task_group' retrieved from /home/airflow/.local/lib/python3.12/site-packages/airflow/example_dags/example_task_group.py
[2026-03-22T02:15:25.803+0000] {logging_mixin.py:190} INFO - [2026-03-22T02:15:25.803+0000] {dag.py:3239} INFO - Sync 1 DAGs
[2026-03-22T02:15:25.820+0000] {logging_mixin.py:190} INFO - [2026-03-22T02:15:25.820+0000] {dag.py:4180} INFO - Setting next_dagrun for example_task_group to None, run_after=None
[2026-03-22T02:15:25.840+0000] {processor.py:208} INFO - Processing /home/airflow/.local/lib/python3.12/site-packages/airflow/example_dags/example_task_group.py took 0.088 seconds
[2026-03-22T02:15:55.958+0000] {processor.py:186} INFO - Started process (PID=26775) to work on /home/airflow/.local/lib/python3.12/site-packages/airflow/example_dags/example_task_group.py
[2026-03-22T02:15:55.959+0000] {processor.py:914} INFO - Processing file /home/airflow/.local/lib/python3.12/site-packages/airflow/example_dags/example_task_group.py for tasks to queue
[2026-03-22T02:15:55.961+0000] {logging_mixin.py:190} INFO - [2026-03-22T02:15:55.961+0000] {dagbag.py:588} INFO - Filling up the DagBag from /home/airflow/.local/lib/python3.12/site-packages/airflow/example_dags/example_task_group.py
[2026-03-22T02:15:55.969+0000] {processor.py:925} INFO - DAG(s) 'example_task_group' retrieved from /home/airflow/.local/lib/python3.12/site-packages/airflow/example_dags/example_task_group.py
[2026-03-22T02:15:55.987+0000] {logging_mixin.py:190} INFO - [2026-03-22T02:15:55.987+0000] {dag.py:3239} INFO - Sync 1 DAGs
[2026-03-22T02:15:55.998+0000] {logging_mixin.py:190} INFO - [2026-03-22T02:15:55.998+0000] {dag.py:4180} INFO - Setting next_dagrun for example_task_group to None, run_after=None
[2026-03-22T02:15:56.015+0000] {processor.py:208} INFO - Processing /home/airflow/.local/lib/python3.12/site-packages/airflow/example_dags/example_task_group.py took 0.062 seconds
[2026-03-22T02:16:26.587+0000] {processor.py:186} INFO - Started process (PID=26840) to work on /home/airflow/.local/lib/python3.12/site-packages/airflow/example_dags/example_task_group.py
[2026-03-22T02:16:26.588+0000] {processor.py:914} INFO - Processing file /home/airflow/.local/lib/python3.12/site-packages/airflow/example_dags/example_task_group.py for tasks to queue
[2026-03-22T02:16:26.590+0000] {logging_mixin.py:190} INFO - [2026-03-22T02:16:26.590+0000] {dagbag.py:588} INFO - Filling up the DagBag from /home/airflow/.local/lib/python3.12/site-packages/airflow/example_dags/example_task_group.py
[2026-03-22T02:16:26.599+0000] {processor.py:925} INFO - DAG(s) 'example_task_group' retrieved from /home/airflow/.local/lib/python3.12/site-packages/airflow/example_dags/example_task_group.py
[2026-03-22T02:16:26.620+0000] {logging_mixin.py:190} INFO - [2026-03-22T02:16:26.620+0000] {dag.py:3239} INFO - Sync 1 DAGs
[2026-03-22T02:16:26.633+0000] {logging_mixin.py:190} INFO - [2026-03-22T02:16:26.633+0000] {dag.py:4180} INFO - Setting next_dagrun for example_task_group to None, run_after=None
[2026-03-22T02:16:26.651+0000] {processor.py:208} INFO - Processing /home/airflow/.local/lib/python3.12/site-packages/airflow/example_dags/example_task_group.py took 0.069 seconds
[2026-03-22T02:16:56.956+0000] {processor.py:186} INFO - Started process (PID=26905) to work on /home/airflow/.local/lib/python3.12/site-packages/airflow/example_dags/example_task_group.py
[2026-03-22T02:16:56.957+0000] {processor.py:914} INFO - Processing file /home/airflow/.local/lib/python3.12/site-packages/airflow/example_dags/example_task_group.py for tasks to queue
[2026-03-22T02:16:56.959+0000] {logging_mixin.py:190} INFO - [2026-03-22T02:16:56.959+0000] {dagbag.py:588} INFO - Filling up the DagBag from /home/airflow/.local/lib/python3.12/site-packages/airflow/example_dags/example_task_group.py
[2026-03-22T02:16:56.971+0000] {processor.py:925} INFO - DAG(s) 'example_task_group' retrieved from /home/airflow/.local/lib/python3.12/site-packages/airflow/example_dags/example_task_group.py
[2026-03-22T02:16:56.997+0000] {logging_mixin.py:190} INFO - [2026-03-22T02:16:56.996+0000] {dag.py:3239} INFO - Sync 1 DAGs
[2026-03-22T02:16:57.013+0000] {logging_mixin.py:190} INFO - [2026-03-22T02:16:57.013+0000] {dag.py:4180} INFO - Setting next_dagrun for example_task_group to None, run_after=None
[2026-03-22T02:16:57.033+0000] {processor.py:208} INFO - Processing /home/airflow/.local/lib/python3.12/site-packages/airflow/example_dags/example_task_group.py took 0.083 seconds
