[2026-03-22T00:00:52.468+0000] {processor.py:186} INFO - Started process (PID=24877) to work on /home/airflow/.local/lib/python3.12/site-packages/airflow/example_dags/tutorial_dag.py
[2026-03-22T00:00:52.474+0000] {processor.py:914} INFO - Processing file /home/airflow/.local/lib/python3.12/site-packages/airflow/example_dags/tutorial_dag.py for tasks to queue
[2026-03-22T00:00:52.482+0000] {logging_mixin.py:190} INFO - [2026-03-22T00:00:52.480+0000] {dagbag.py:588} INFO - Filling up the DagBag from /home/airflow/.local/lib/python3.12/site-packages/airflow/example_dags/tutorial_dag.py
[2026-03-22T00:00:52.520+0000] {processor.py:925} INFO - DAG(s) 'tutorial_dag' retrieved from /home/airflow/.local/lib/python3.12/site-packages/airflow/example_dags/tutorial_dag.py
[2026-03-22T00:00:52.615+0000] {logging_mixin.py:190} INFO - [2026-03-22T00:00:52.614+0000] {dag.py:3239} INFO - Sync 1 DAGs
[2026-03-22T00:00:52.708+0000] {logging_mixin.py:190} INFO - [2026-03-22T00:00:52.705+0000] {dag.py:4180} INFO - Setting next_dagrun for tutorial_dag to None, run_after=None
[2026-03-22T00:00:52.798+0000] {processor.py:208} INFO - Processing /home/airflow/.local/lib/python3.12/site-packages/airflow/example_dags/tutorial_dag.py took 0.363 seconds
[2026-03-22T00:03:03.010+0000] {processor.py:186} INFO - Started process (PID=24954) to work on /home/airflow/.local/lib/python3.12/site-packages/airflow/example_dags/tutorial_dag.py
[2026-03-22T00:03:03.027+0000] {processor.py:914} INFO - Processing file /home/airflow/.local/lib/python3.12/site-packages/airflow/example_dags/tutorial_dag.py for tasks to queue
[2026-03-22T00:03:03.106+0000] {logging_mixin.py:190} INFO - [2026-03-22T00:03:03.049+0000] {dagbag.py:588} INFO - Filling up the DagBag from /home/airflow/.local/lib/python3.12/site-packages/airflow/example_dags/tutorial_dag.py
[2026-03-22T00:03:03.885+0000] {processor.py:925} INFO - DAG(s) 'tutorial_dag' retrieved from /home/airflow/.local/lib/python3.12/site-packages/airflow/example_dags/tutorial_dag.py
[2026-03-22T00:03:04.667+0000] {logging_mixin.py:190} INFO - [2026-03-22T00:03:04.666+0000] {dag.py:3239} INFO - Sync 1 DAGs
[2026-03-22T00:03:07.194+0000] {logging_mixin.py:190} INFO - [2026-03-22T00:03:07.193+0000] {dag.py:4180} INFO - Setting next_dagrun for tutorial_dag to None, run_after=None
[2026-03-22T00:03:07.972+0000] {processor.py:208} INFO - Processing /home/airflow/.local/lib/python3.12/site-packages/airflow/example_dags/tutorial_dag.py took 5.091 seconds
[2026-03-22T00:04:55.120+0000] {processor.py:186} INFO - Started process (PID=25029) to work on /home/airflow/.local/lib/python3.12/site-packages/airflow/example_dags/tutorial_dag.py
[2026-03-22T00:04:55.130+0000] {processor.py:914} INFO - Processing file /home/airflow/.local/lib/python3.12/site-packages/airflow/example_dags/tutorial_dag.py for tasks to queue
[2026-03-22T00:04:55.136+0000] {logging_mixin.py:190} INFO - [2026-03-22T00:04:55.135+0000] {dagbag.py:588} INFO - Filling up the DagBag from /home/airflow/.local/lib/python3.12/site-packages/airflow/example_dags/tutorial_dag.py
[2026-03-22T00:04:55.194+0000] {processor.py:925} INFO - DAG(s) 'tutorial_dag' retrieved from /home/airflow/.local/lib/python3.12/site-packages/airflow/example_dags/tutorial_dag.py
[2026-03-22T00:04:55.318+0000] {logging_mixin.py:190} INFO - [2026-03-22T00:04:55.317+0000] {dag.py:3239} INFO - Sync 1 DAGs
[2026-03-22T00:04:55.401+0000] {logging_mixin.py:190} INFO - [2026-03-22T00:04:55.399+0000] {dag.py:4180} INFO - Setting next_dagrun for tutorial_dag to None, run_after=None
[2026-03-22T00:04:55.517+0000] {processor.py:208} INFO - Processing /home/airflow/.local/lib/python3.12/site-packages/airflow/example_dags/tutorial_dag.py took 0.431 seconds
[2026-03-22T00:05:25.999+0000] {processor.py:186} INFO - Started process (PID=25093) to work on /home/airflow/.local/lib/python3.12/site-packages/airflow/example_dags/tutorial_dag.py
[2026-03-22T00:05:26.001+0000] {processor.py:914} INFO - Processing file /home/airflow/.local/lib/python3.12/site-packages/airflow/example_dags/tutorial_dag.py for tasks to queue
[2026-03-22T00:05:26.004+0000] {logging_mixin.py:190} INFO - [2026-03-22T00:05:26.003+0000] {dagbag.py:588} INFO - Filling up the DagBag from /home/airflow/.local/lib/python3.12/site-packages/airflow/example_dags/tutorial_dag.py
[2026-03-22T00:05:26.018+0000] {processor.py:925} INFO - DAG(s) 'tutorial_dag' retrieved from /home/airflow/.local/lib/python3.12/site-packages/airflow/example_dags/tutorial_dag.py
[2026-03-22T00:05:26.052+0000] {logging_mixin.py:190} INFO - [2026-03-22T00:05:26.051+0000] {dag.py:3239} INFO - Sync 1 DAGs
[2026-03-22T00:05:26.081+0000] {logging_mixin.py:190} INFO - [2026-03-22T00:05:26.080+0000] {dag.py:4180} INFO - Setting next_dagrun for tutorial_dag to None, run_after=None
[2026-03-22T00:05:26.116+0000] {processor.py:208} INFO - Processing /home/airflow/.local/lib/python3.12/site-packages/airflow/example_dags/tutorial_dag.py took 0.128 seconds
[2026-03-22T00:05:56.514+0000] {processor.py:186} INFO - Started process (PID=25158) to work on /home/airflow/.local/lib/python3.12/site-packages/airflow/example_dags/tutorial_dag.py
[2026-03-22T00:05:56.515+0000] {processor.py:914} INFO - Processing file /home/airflow/.local/lib/python3.12/site-packages/airflow/example_dags/tutorial_dag.py for tasks to queue
[2026-03-22T00:05:56.517+0000] {logging_mixin.py:190} INFO - [2026-03-22T00:05:56.517+0000] {dagbag.py:588} INFO - Filling up the DagBag from /home/airflow/.local/lib/python3.12/site-packages/airflow/example_dags/tutorial_dag.py
[2026-03-22T00:05:56.528+0000] {processor.py:925} INFO - DAG(s) 'tutorial_dag' retrieved from /home/airflow/.local/lib/python3.12/site-packages/airflow/example_dags/tutorial_dag.py
[2026-03-22T00:05:56.556+0000] {logging_mixin.py:190} INFO - [2026-03-22T00:05:56.555+0000] {dag.py:3239} INFO - Sync 1 DAGs
[2026-03-22T00:05:56.576+0000] {logging_mixin.py:190} INFO - [2026-03-22T00:05:56.576+0000] {dag.py:4180} INFO - Setting next_dagrun for tutorial_dag to None, run_after=None
[2026-03-22T00:05:56.604+0000] {processor.py:208} INFO - Processing /home/airflow/.local/lib/python3.12/site-packages/airflow/example_dags/tutorial_dag.py took 0.097 seconds
[2026-03-22T00:06:27.139+0000] {processor.py:186} INFO - Started process (PID=25223) to work on /home/airflow/.local/lib/python3.12/site-packages/airflow/example_dags/tutorial_dag.py
[2026-03-22T00:06:27.140+0000] {processor.py:914} INFO - Processing file /home/airflow/.local/lib/python3.12/site-packages/airflow/example_dags/tutorial_dag.py for tasks to queue
[2026-03-22T00:06:27.142+0000] {logging_mixin.py:190} INFO - [2026-03-22T00:06:27.142+0000] {dagbag.py:588} INFO - Filling up the DagBag from /home/airflow/.local/lib/python3.12/site-packages/airflow/example_dags/tutorial_dag.py
[2026-03-22T00:06:27.157+0000] {processor.py:925} INFO - DAG(s) 'tutorial_dag' retrieved from /home/airflow/.local/lib/python3.12/site-packages/airflow/example_dags/tutorial_dag.py
[2026-03-22T00:06:27.186+0000] {logging_mixin.py:190} INFO - [2026-03-22T00:06:27.186+0000] {dag.py:3239} INFO - Sync 1 DAGs
[2026-03-22T00:06:27.208+0000] {logging_mixin.py:190} INFO - [2026-03-22T00:06:27.208+0000] {dag.py:4180} INFO - Setting next_dagrun for tutorial_dag to None, run_after=None
[2026-03-22T00:06:27.237+0000] {processor.py:208} INFO - Processing /home/airflow/.local/lib/python3.12/site-packages/airflow/example_dags/tutorial_dag.py took 0.106 seconds
[2026-03-22T00:06:58.270+0000] {processor.py:186} INFO - Started process (PID=25288) to work on /home/airflow/.local/lib/python3.12/site-packages/airflow/example_dags/tutorial_dag.py
[2026-03-22T00:06:58.272+0000] {processor.py:914} INFO - Processing file /home/airflow/.local/lib/python3.12/site-packages/airflow/example_dags/tutorial_dag.py for tasks to queue
[2026-03-22T00:06:58.275+0000] {logging_mixin.py:190} INFO - [2026-03-22T00:06:58.275+0000] {dagbag.py:588} INFO - Filling up the DagBag from /home/airflow/.local/lib/python3.12/site-packages/airflow/example_dags/tutorial_dag.py
[2026-03-22T00:06:58.292+0000] {processor.py:925} INFO - DAG(s) 'tutorial_dag' retrieved from /home/airflow/.local/lib/python3.12/site-packages/airflow/example_dags/tutorial_dag.py
[2026-03-22T00:06:58.333+0000] {logging_mixin.py:190} INFO - [2026-03-22T00:06:58.332+0000] {dag.py:3239} INFO - Sync 1 DAGs
[2026-03-22T00:06:58.363+0000] {logging_mixin.py:190} INFO - [2026-03-22T00:06:58.363+0000] {dag.py:4180} INFO - Setting next_dagrun for tutorial_dag to None, run_after=None
[2026-03-22T00:06:58.404+0000] {processor.py:208} INFO - Processing /home/airflow/.local/lib/python3.12/site-packages/airflow/example_dags/tutorial_dag.py took 0.144 seconds
[2026-03-22T00:07:38.934+0000] {processor.py:186} INFO - Started process (PID=25360) to work on /home/airflow/.local/lib/python3.12/site-packages/airflow/example_dags/tutorial_dag.py
[2026-03-22T00:07:38.938+0000] {processor.py:914} INFO - Processing file /home/airflow/.local/lib/python3.12/site-packages/airflow/example_dags/tutorial_dag.py for tasks to queue
[2026-03-22T00:07:38.943+0000] {logging_mixin.py:190} INFO - [2026-03-22T00:07:38.942+0000] {dagbag.py:588} INFO - Filling up the DagBag from /home/airflow/.local/lib/python3.12/site-packages/airflow/example_dags/tutorial_dag.py
[2026-03-22T00:07:38.971+0000] {processor.py:925} INFO - DAG(s) 'tutorial_dag' retrieved from /home/airflow/.local/lib/python3.12/site-packages/airflow/example_dags/tutorial_dag.py
[2026-03-22T00:07:39.048+0000] {logging_mixin.py:190} INFO - [2026-03-22T00:07:39.047+0000] {dag.py:3239} INFO - Sync 1 DAGs
[2026-03-22T00:07:39.111+0000] {logging_mixin.py:190} INFO - [2026-03-22T00:07:39.110+0000] {dag.py:4180} INFO - Setting next_dagrun for tutorial_dag to None, run_after=None
[2026-03-22T00:07:39.185+0000] {processor.py:208} INFO - Processing /home/airflow/.local/lib/python3.12/site-packages/airflow/example_dags/tutorial_dag.py took 0.276 seconds
[2026-03-22T00:08:12.874+0000] {processor.py:186} INFO - Started process (PID=25425) to work on /home/airflow/.local/lib/python3.12/site-packages/airflow/example_dags/tutorial_dag.py
[2026-03-22T00:08:12.877+0000] {processor.py:914} INFO - Processing file /home/airflow/.local/lib/python3.12/site-packages/airflow/example_dags/tutorial_dag.py for tasks to queue
[2026-03-22T00:08:12.883+0000] {logging_mixin.py:190} INFO - [2026-03-22T00:08:12.882+0000] {dagbag.py:588} INFO - Filling up the DagBag from /home/airflow/.local/lib/python3.12/site-packages/airflow/example_dags/tutorial_dag.py
[2026-03-22T00:08:12.919+0000] {processor.py:925} INFO - DAG(s) 'tutorial_dag' retrieved from /home/airflow/.local/lib/python3.12/site-packages/airflow/example_dags/tutorial_dag.py
[2026-03-22T00:08:13.027+0000] {logging_mixin.py:190} INFO - [2026-03-22T00:08:13.026+0000] {dag.py:3239} INFO - Sync 1 DAGs
[2026-03-22T00:08:13.137+0000] {logging_mixin.py:190} INFO - [2026-03-22T00:08:13.135+0000] {dag.py:4180} INFO - Setting next_dagrun for tutorial_dag to None, run_after=None
[2026-03-22T00:08:13.341+0000] {processor.py:208} INFO - Processing /home/airflow/.local/lib/python3.12/site-packages/airflow/example_dags/tutorial_dag.py took 0.502 seconds
[2026-03-22T00:08:43.617+0000] {processor.py:186} INFO - Started process (PID=25489) to work on /home/airflow/.local/lib/python3.12/site-packages/airflow/example_dags/tutorial_dag.py
[2026-03-22T00:08:43.621+0000] {processor.py:914} INFO - Processing file /home/airflow/.local/lib/python3.12/site-packages/airflow/example_dags/tutorial_dag.py for tasks to queue
[2026-03-22T00:08:43.630+0000] {logging_mixin.py:190} INFO - [2026-03-22T00:08:43.628+0000] {dagbag.py:588} INFO - Filling up the DagBag from /home/airflow/.local/lib/python3.12/site-packages/airflow/example_dags/tutorial_dag.py
[2026-03-22T00:08:43.712+0000] {processor.py:925} INFO - DAG(s) 'tutorial_dag' retrieved from /home/airflow/.local/lib/python3.12/site-packages/airflow/example_dags/tutorial_dag.py
[2026-03-22T00:08:43.850+0000] {logging_mixin.py:190} INFO - [2026-03-22T00:08:43.849+0000] {dag.py:3239} INFO - Sync 1 DAGs
[2026-03-22T00:08:43.951+0000] {logging_mixin.py:190} INFO - [2026-03-22T00:08:43.950+0000] {dag.py:4180} INFO - Setting next_dagrun for tutorial_dag to None, run_after=None
[2026-03-22T00:08:44.073+0000] {processor.py:208} INFO - Processing /home/airflow/.local/lib/python3.12/site-packages/airflow/example_dags/tutorial_dag.py took 0.481 seconds
[2026-03-22T00:09:14.258+0000] {processor.py:186} INFO - Started process (PID=25553) to work on /home/airflow/.local/lib/python3.12/site-packages/airflow/example_dags/tutorial_dag.py
[2026-03-22T00:09:14.261+0000] {processor.py:914} INFO - Processing file /home/airflow/.local/lib/python3.12/site-packages/airflow/example_dags/tutorial_dag.py for tasks to queue
[2026-03-22T00:09:14.263+0000] {logging_mixin.py:190} INFO - [2026-03-22T00:09:14.262+0000] {dagbag.py:588} INFO - Filling up the DagBag from /home/airflow/.local/lib/python3.12/site-packages/airflow/example_dags/tutorial_dag.py
[2026-03-22T00:09:14.273+0000] {processor.py:925} INFO - DAG(s) 'tutorial_dag' retrieved from /home/airflow/.local/lib/python3.12/site-packages/airflow/example_dags/tutorial_dag.py
[2026-03-22T00:09:14.298+0000] {logging_mixin.py:190} INFO - [2026-03-22T00:09:14.297+0000] {dag.py:3239} INFO - Sync 1 DAGs
[2026-03-22T00:09:14.316+0000] {logging_mixin.py:190} INFO - [2026-03-22T00:09:14.316+0000] {dag.py:4180} INFO - Setting next_dagrun for tutorial_dag to None, run_after=None
[2026-03-22T00:09:14.343+0000] {processor.py:208} INFO - Processing /home/airflow/.local/lib/python3.12/site-packages/airflow/example_dags/tutorial_dag.py took 0.092 seconds
[2026-03-22T00:09:44.450+0000] {processor.py:186} INFO - Started process (PID=25618) to work on /home/airflow/.local/lib/python3.12/site-packages/airflow/example_dags/tutorial_dag.py
[2026-03-22T00:09:44.452+0000] {processor.py:914} INFO - Processing file /home/airflow/.local/lib/python3.12/site-packages/airflow/example_dags/tutorial_dag.py for tasks to queue
[2026-03-22T00:09:44.453+0000] {logging_mixin.py:190} INFO - [2026-03-22T00:09:44.453+0000] {dagbag.py:588} INFO - Filling up the DagBag from /home/airflow/.local/lib/python3.12/site-packages/airflow/example_dags/tutorial_dag.py
[2026-03-22T00:09:44.460+0000] {processor.py:925} INFO - DAG(s) 'tutorial_dag' retrieved from /home/airflow/.local/lib/python3.12/site-packages/airflow/example_dags/tutorial_dag.py
[2026-03-22T00:09:44.478+0000] {logging_mixin.py:190} INFO - [2026-03-22T00:09:44.478+0000] {dag.py:3239} INFO - Sync 1 DAGs
[2026-03-22T00:09:44.490+0000] {logging_mixin.py:190} INFO - [2026-03-22T00:09:44.490+0000] {dag.py:4180} INFO - Setting next_dagrun for tutorial_dag to None, run_after=None
[2026-03-22T00:09:44.511+0000] {processor.py:208} INFO - Processing /home/airflow/.local/lib/python3.12/site-packages/airflow/example_dags/tutorial_dag.py took 0.067 seconds
[2026-03-22T00:10:14.714+0000] {processor.py:186} INFO - Started process (PID=25683) to work on /home/airflow/.local/lib/python3.12/site-packages/airflow/example_dags/tutorial_dag.py
[2026-03-22T00:10:14.716+0000] {processor.py:914} INFO - Processing file /home/airflow/.local/lib/python3.12/site-packages/airflow/example_dags/tutorial_dag.py for tasks to queue
[2026-03-22T00:10:14.717+0000] {logging_mixin.py:190} INFO - [2026-03-22T00:10:14.717+0000] {dagbag.py:588} INFO - Filling up the DagBag from /home/airflow/.local/lib/python3.12/site-packages/airflow/example_dags/tutorial_dag.py
[2026-03-22T00:10:14.724+0000] {processor.py:925} INFO - DAG(s) 'tutorial_dag' retrieved from /home/airflow/.local/lib/python3.12/site-packages/airflow/example_dags/tutorial_dag.py
[2026-03-22T00:10:14.743+0000] {logging_mixin.py:190} INFO - [2026-03-22T00:10:14.743+0000] {dag.py:3239} INFO - Sync 1 DAGs
[2026-03-22T00:10:14.754+0000] {logging_mixin.py:190} INFO - [2026-03-22T00:10:14.754+0000] {dag.py:4180} INFO - Setting next_dagrun for tutorial_dag to None, run_after=None
[2026-03-22T00:10:14.775+0000] {processor.py:208} INFO - Processing /home/airflow/.local/lib/python3.12/site-packages/airflow/example_dags/tutorial_dag.py took 0.065 seconds
[2026-03-22T00:10:45.002+0000] {processor.py:186} INFO - Started process (PID=25747) to work on /home/airflow/.local/lib/python3.12/site-packages/airflow/example_dags/tutorial_dag.py
[2026-03-22T00:10:45.004+0000] {processor.py:914} INFO - Processing file /home/airflow/.local/lib/python3.12/site-packages/airflow/example_dags/tutorial_dag.py for tasks to queue
[2026-03-22T00:10:45.007+0000] {logging_mixin.py:190} INFO - [2026-03-22T00:10:45.006+0000] {dagbag.py:588} INFO - Filling up the DagBag from /home/airflow/.local/lib/python3.12/site-packages/airflow/example_dags/tutorial_dag.py
[2026-03-22T00:10:45.017+0000] {processor.py:925} INFO - DAG(s) 'tutorial_dag' retrieved from /home/airflow/.local/lib/python3.12/site-packages/airflow/example_dags/tutorial_dag.py
[2026-03-22T00:10:45.033+0000] {logging_mixin.py:190} INFO - [2026-03-22T00:10:45.033+0000] {dag.py:3239} INFO - Sync 1 DAGs
[2026-03-22T00:10:45.046+0000] {logging_mixin.py:190} INFO - [2026-03-22T00:10:45.045+0000] {dag.py:4180} INFO - Setting next_dagrun for tutorial_dag to None, run_after=None
[2026-03-22T00:10:45.065+0000] {processor.py:208} INFO - Processing /home/airflow/.local/lib/python3.12/site-packages/airflow/example_dags/tutorial_dag.py took 0.074 seconds
[2026-03-22T00:11:15.512+0000] {processor.py:186} INFO - Started process (PID=25813) to work on /home/airflow/.local/lib/python3.12/site-packages/airflow/example_dags/tutorial_dag.py
[2026-03-22T00:11:15.513+0000] {processor.py:914} INFO - Processing file /home/airflow/.local/lib/python3.12/site-packages/airflow/example_dags/tutorial_dag.py for tasks to queue
[2026-03-22T00:11:15.514+0000] {logging_mixin.py:190} INFO - [2026-03-22T00:11:15.514+0000] {dagbag.py:588} INFO - Filling up the DagBag from /home/airflow/.local/lib/python3.12/site-packages/airflow/example_dags/tutorial_dag.py
[2026-03-22T00:11:15.522+0000] {processor.py:925} INFO - DAG(s) 'tutorial_dag' retrieved from /home/airflow/.local/lib/python3.12/site-packages/airflow/example_dags/tutorial_dag.py
[2026-03-22T00:11:15.542+0000] {logging_mixin.py:190} INFO - [2026-03-22T00:11:15.542+0000] {dag.py:3239} INFO - Sync 1 DAGs
[2026-03-22T00:11:15.555+0000] {logging_mixin.py:190} INFO - [2026-03-22T00:11:15.555+0000] {dag.py:4180} INFO - Setting next_dagrun for tutorial_dag to None, run_after=None
[2026-03-22T00:11:15.576+0000] {processor.py:208} INFO - Processing /home/airflow/.local/lib/python3.12/site-packages/airflow/example_dags/tutorial_dag.py took 0.072 seconds
[2026-03-22T00:11:46.591+0000] {processor.py:186} INFO - Started process (PID=25878) to work on /home/airflow/.local/lib/python3.12/site-packages/airflow/example_dags/tutorial_dag.py
[2026-03-22T00:11:46.593+0000] {processor.py:914} INFO - Processing file /home/airflow/.local/lib/python3.12/site-packages/airflow/example_dags/tutorial_dag.py for tasks to queue
[2026-03-22T00:11:46.595+0000] {logging_mixin.py:190} INFO - [2026-03-22T00:11:46.594+0000] {dagbag.py:588} INFO - Filling up the DagBag from /home/airflow/.local/lib/python3.12/site-packages/airflow/example_dags/tutorial_dag.py
[2026-03-22T00:11:46.608+0000] {processor.py:925} INFO - DAG(s) 'tutorial_dag' retrieved from /home/airflow/.local/lib/python3.12/site-packages/airflow/example_dags/tutorial_dag.py
[2026-03-22T00:11:46.643+0000] {logging_mixin.py:190} INFO - [2026-03-22T00:11:46.642+0000] {dag.py:3239} INFO - Sync 1 DAGs
[2026-03-22T00:11:46.679+0000] {logging_mixin.py:190} INFO - [2026-03-22T00:11:46.679+0000] {dag.py:4180} INFO - Setting next_dagrun for tutorial_dag to None, run_after=None
[2026-03-22T00:11:46.717+0000] {processor.py:208} INFO - Processing /home/airflow/.local/lib/python3.12/site-packages/airflow/example_dags/tutorial_dag.py took 0.136 seconds
[2026-03-22T00:12:17.175+0000] {processor.py:186} INFO - Started process (PID=25943) to work on /home/airflow/.local/lib/python3.12/site-packages/airflow/example_dags/tutorial_dag.py
[2026-03-22T00:12:17.177+0000] {processor.py:914} INFO - Processing file /home/airflow/.local/lib/python3.12/site-packages/airflow/example_dags/tutorial_dag.py for tasks to queue
[2026-03-22T00:12:17.179+0000] {logging_mixin.py:190} INFO - [2026-03-22T00:12:17.179+0000] {dagbag.py:588} INFO - Filling up the DagBag from /home/airflow/.local/lib/python3.12/site-packages/airflow/example_dags/tutorial_dag.py
[2026-03-22T00:12:17.189+0000] {processor.py:925} INFO - DAG(s) 'tutorial_dag' retrieved from /home/airflow/.local/lib/python3.12/site-packages/airflow/example_dags/tutorial_dag.py
[2026-03-22T00:12:17.216+0000] {logging_mixin.py:190} INFO - [2026-03-22T00:12:17.215+0000] {dag.py:3239} INFO - Sync 1 DAGs
[2026-03-22T00:12:17.232+0000] {logging_mixin.py:190} INFO - [2026-03-22T00:12:17.231+0000] {dag.py:4180} INFO - Setting next_dagrun for tutorial_dag to None, run_after=None
[2026-03-22T00:12:17.256+0000] {processor.py:208} INFO - Processing /home/airflow/.local/lib/python3.12/site-packages/airflow/example_dags/tutorial_dag.py took 0.086 seconds
[2026-03-22T00:12:47.420+0000] {processor.py:186} INFO - Started process (PID=26007) to work on /home/airflow/.local/lib/python3.12/site-packages/airflow/example_dags/tutorial_dag.py
[2026-03-22T00:12:47.421+0000] {processor.py:914} INFO - Processing file /home/airflow/.local/lib/python3.12/site-packages/airflow/example_dags/tutorial_dag.py for tasks to queue
[2026-03-22T00:12:47.422+0000] {logging_mixin.py:190} INFO - [2026-03-22T00:12:47.422+0000] {dagbag.py:588} INFO - Filling up the DagBag from /home/airflow/.local/lib/python3.12/site-packages/airflow/example_dags/tutorial_dag.py
[2026-03-22T00:12:47.429+0000] {processor.py:925} INFO - DAG(s) 'tutorial_dag' retrieved from /home/airflow/.local/lib/python3.12/site-packages/airflow/example_dags/tutorial_dag.py
[2026-03-22T00:12:47.447+0000] {logging_mixin.py:190} INFO - [2026-03-22T00:12:47.447+0000] {dag.py:3239} INFO - Sync 1 DAGs
[2026-03-22T00:12:47.458+0000] {logging_mixin.py:190} INFO - [2026-03-22T00:12:47.458+0000] {dag.py:4180} INFO - Setting next_dagrun for tutorial_dag to None, run_after=None
[2026-03-22T00:12:47.477+0000] {processor.py:208} INFO - Processing /home/airflow/.local/lib/python3.12/site-packages/airflow/example_dags/tutorial_dag.py took 0.062 seconds
[2026-03-22T00:13:17.705+0000] {processor.py:186} INFO - Started process (PID=26072) to work on /home/airflow/.local/lib/python3.12/site-packages/airflow/example_dags/tutorial_dag.py
[2026-03-22T00:13:17.707+0000] {processor.py:914} INFO - Processing file /home/airflow/.local/lib/python3.12/site-packages/airflow/example_dags/tutorial_dag.py for tasks to queue
[2026-03-22T00:13:17.708+0000] {logging_mixin.py:190} INFO - [2026-03-22T00:13:17.708+0000] {dagbag.py:588} INFO - Filling up the DagBag from /home/airflow/.local/lib/python3.12/site-packages/airflow/example_dags/tutorial_dag.py
[2026-03-22T00:13:17.718+0000] {processor.py:925} INFO - DAG(s) 'tutorial_dag' retrieved from /home/airflow/.local/lib/python3.12/site-packages/airflow/example_dags/tutorial_dag.py
[2026-03-22T00:13:17.738+0000] {logging_mixin.py:190} INFO - [2026-03-22T00:13:17.738+0000] {dag.py:3239} INFO - Sync 1 DAGs
[2026-03-22T00:13:17.750+0000] {logging_mixin.py:190} INFO - [2026-03-22T00:13:17.749+0000] {dag.py:4180} INFO - Setting next_dagrun for tutorial_dag to None, run_after=None
[2026-03-22T00:13:17.772+0000] {processor.py:208} INFO - Processing /home/airflow/.local/lib/python3.12/site-packages/airflow/example_dags/tutorial_dag.py took 0.077 seconds
[2026-03-22T00:13:48.173+0000] {processor.py:186} INFO - Started process (PID=26137) to work on /home/airflow/.local/lib/python3.12/site-packages/airflow/example_dags/tutorial_dag.py
[2026-03-22T00:13:48.176+0000] {processor.py:914} INFO - Processing file /home/airflow/.local/lib/python3.12/site-packages/airflow/example_dags/tutorial_dag.py for tasks to queue
[2026-03-22T00:13:48.178+0000] {logging_mixin.py:190} INFO - [2026-03-22T00:13:48.178+0000] {dagbag.py:588} INFO - Filling up the DagBag from /home/airflow/.local/lib/python3.12/site-packages/airflow/example_dags/tutorial_dag.py
[2026-03-22T00:13:48.186+0000] {processor.py:925} INFO - DAG(s) 'tutorial_dag' retrieved from /home/airflow/.local/lib/python3.12/site-packages/airflow/example_dags/tutorial_dag.py
[2026-03-22T00:13:48.206+0000] {logging_mixin.py:190} INFO - [2026-03-22T00:13:48.206+0000] {dag.py:3239} INFO - Sync 1 DAGs
[2026-03-22T00:13:48.219+0000] {logging_mixin.py:190} INFO - [2026-03-22T00:13:48.219+0000] {dag.py:4180} INFO - Setting next_dagrun for tutorial_dag to None, run_after=None
[2026-03-22T00:13:48.240+0000] {processor.py:208} INFO - Processing /home/airflow/.local/lib/python3.12/site-packages/airflow/example_dags/tutorial_dag.py took 0.078 seconds
[2026-03-22T00:14:18.817+0000] {processor.py:186} INFO - Started process (PID=26202) to work on /home/airflow/.local/lib/python3.12/site-packages/airflow/example_dags/tutorial_dag.py
[2026-03-22T00:14:18.819+0000] {processor.py:914} INFO - Processing file /home/airflow/.local/lib/python3.12/site-packages/airflow/example_dags/tutorial_dag.py for tasks to queue
[2026-03-22T00:14:18.820+0000] {logging_mixin.py:190} INFO - [2026-03-22T00:14:18.820+0000] {dagbag.py:588} INFO - Filling up the DagBag from /home/airflow/.local/lib/python3.12/site-packages/airflow/example_dags/tutorial_dag.py
[2026-03-22T00:14:18.828+0000] {processor.py:925} INFO - DAG(s) 'tutorial_dag' retrieved from /home/airflow/.local/lib/python3.12/site-packages/airflow/example_dags/tutorial_dag.py
[2026-03-22T00:14:18.846+0000] {logging_mixin.py:190} INFO - [2026-03-22T00:14:18.845+0000] {dag.py:3239} INFO - Sync 1 DAGs
[2026-03-22T00:14:18.857+0000] {logging_mixin.py:190} INFO - [2026-03-22T00:14:18.857+0000] {dag.py:4180} INFO - Setting next_dagrun for tutorial_dag to None, run_after=None
[2026-03-22T00:14:18.876+0000] {processor.py:208} INFO - Processing /home/airflow/.local/lib/python3.12/site-packages/airflow/example_dags/tutorial_dag.py took 0.067 seconds
[2026-03-22T00:14:49.503+0000] {processor.py:186} INFO - Started process (PID=26267) to work on /home/airflow/.local/lib/python3.12/site-packages/airflow/example_dags/tutorial_dag.py
[2026-03-22T00:14:49.504+0000] {processor.py:914} INFO - Processing file /home/airflow/.local/lib/python3.12/site-packages/airflow/example_dags/tutorial_dag.py for tasks to queue
[2026-03-22T00:14:49.507+0000] {logging_mixin.py:190} INFO - [2026-03-22T00:14:49.506+0000] {dagbag.py:588} INFO - Filling up the DagBag from /home/airflow/.local/lib/python3.12/site-packages/airflow/example_dags/tutorial_dag.py
[2026-03-22T00:14:49.516+0000] {processor.py:925} INFO - DAG(s) 'tutorial_dag' retrieved from /home/airflow/.local/lib/python3.12/site-packages/airflow/example_dags/tutorial_dag.py
[2026-03-22T00:14:49.538+0000] {logging_mixin.py:190} INFO - [2026-03-22T00:14:49.538+0000] {dag.py:3239} INFO - Sync 1 DAGs
[2026-03-22T00:14:49.550+0000] {logging_mixin.py:190} INFO - [2026-03-22T00:14:49.549+0000] {dag.py:4180} INFO - Setting next_dagrun for tutorial_dag to None, run_after=None
[2026-03-22T00:14:49.569+0000] {processor.py:208} INFO - Processing /home/airflow/.local/lib/python3.12/site-packages/airflow/example_dags/tutorial_dag.py took 0.076 seconds
[2026-03-22T00:15:20.263+0000] {processor.py:186} INFO - Started process (PID=26331) to work on /home/airflow/.local/lib/python3.12/site-packages/airflow/example_dags/tutorial_dag.py
[2026-03-22T00:15:20.264+0000] {processor.py:914} INFO - Processing file /home/airflow/.local/lib/python3.12/site-packages/airflow/example_dags/tutorial_dag.py for tasks to queue
[2026-03-22T00:15:20.266+0000] {logging_mixin.py:190} INFO - [2026-03-22T00:15:20.266+0000] {dagbag.py:588} INFO - Filling up the DagBag from /home/airflow/.local/lib/python3.12/site-packages/airflow/example_dags/tutorial_dag.py
[2026-03-22T00:15:20.274+0000] {processor.py:925} INFO - DAG(s) 'tutorial_dag' retrieved from /home/airflow/.local/lib/python3.12/site-packages/airflow/example_dags/tutorial_dag.py
[2026-03-22T00:15:20.293+0000] {logging_mixin.py:190} INFO - [2026-03-22T00:15:20.293+0000] {dag.py:3239} INFO - Sync 1 DAGs
[2026-03-22T00:15:20.309+0000] {logging_mixin.py:190} INFO - [2026-03-22T00:15:20.309+0000] {dag.py:4180} INFO - Setting next_dagrun for tutorial_dag to None, run_after=None
[2026-03-22T00:15:20.332+0000] {processor.py:208} INFO - Processing /home/airflow/.local/lib/python3.12/site-packages/airflow/example_dags/tutorial_dag.py took 0.075 seconds
[2026-03-22T02:12:53.661+0000] {processor.py:186} INFO - Started process (PID=26398) to work on /home/airflow/.local/lib/python3.12/site-packages/airflow/example_dags/tutorial_dag.py
[2026-03-22T02:12:53.663+0000] {processor.py:914} INFO - Processing file /home/airflow/.local/lib/python3.12/site-packages/airflow/example_dags/tutorial_dag.py for tasks to queue
[2026-03-22T02:12:53.664+0000] {logging_mixin.py:190} INFO - [2026-03-22T02:12:53.664+0000] {dagbag.py:588} INFO - Filling up the DagBag from /home/airflow/.local/lib/python3.12/site-packages/airflow/example_dags/tutorial_dag.py
[2026-03-22T02:12:53.672+0000] {processor.py:925} INFO - DAG(s) 'tutorial_dag' retrieved from /home/airflow/.local/lib/python3.12/site-packages/airflow/example_dags/tutorial_dag.py
[2026-03-22T02:12:53.691+0000] {logging_mixin.py:190} INFO - [2026-03-22T02:12:53.690+0000] {dag.py:3239} INFO - Sync 1 DAGs
[2026-03-22T02:12:53.705+0000] {logging_mixin.py:190} INFO - [2026-03-22T02:12:53.704+0000] {dag.py:4180} INFO - Setting next_dagrun for tutorial_dag to None, run_after=None
[2026-03-22T02:12:53.724+0000] {processor.py:208} INFO - Processing /home/airflow/.local/lib/python3.12/site-packages/airflow/example_dags/tutorial_dag.py took 0.069 seconds
[2026-03-22T02:13:23.837+0000] {processor.py:186} INFO - Started process (PID=26462) to work on /home/airflow/.local/lib/python3.12/site-packages/airflow/example_dags/tutorial_dag.py
[2026-03-22T02:13:23.838+0000] {processor.py:914} INFO - Processing file /home/airflow/.local/lib/python3.12/site-packages/airflow/example_dags/tutorial_dag.py for tasks to queue
[2026-03-22T02:13:23.840+0000] {logging_mixin.py:190} INFO - [2026-03-22T02:13:23.839+0000] {dagbag.py:588} INFO - Filling up the DagBag from /home/airflow/.local/lib/python3.12/site-packages/airflow/example_dags/tutorial_dag.py
[2026-03-22T02:13:23.849+0000] {processor.py:925} INFO - DAG(s) 'tutorial_dag' retrieved from /home/airflow/.local/lib/python3.12/site-packages/airflow/example_dags/tutorial_dag.py
[2026-03-22T02:13:23.867+0000] {logging_mixin.py:190} INFO - [2026-03-22T02:13:23.867+0000] {dag.py:3239} INFO - Sync 1 DAGs
[2026-03-22T02:13:23.879+0000] {logging_mixin.py:190} INFO - [2026-03-22T02:13:23.879+0000] {dag.py:4180} INFO - Setting next_dagrun for tutorial_dag to None, run_after=None
[2026-03-22T02:13:23.897+0000] {processor.py:208} INFO - Processing /home/airflow/.local/lib/python3.12/site-packages/airflow/example_dags/tutorial_dag.py took 0.066 seconds
[2026-03-22T02:13:54.513+0000] {processor.py:186} INFO - Started process (PID=26527) to work on /home/airflow/.local/lib/python3.12/site-packages/airflow/example_dags/tutorial_dag.py
[2026-03-22T02:13:54.514+0000] {processor.py:914} INFO - Processing file /home/airflow/.local/lib/python3.12/site-packages/airflow/example_dags/tutorial_dag.py for tasks to queue
[2026-03-22T02:13:54.516+0000] {logging_mixin.py:190} INFO - [2026-03-22T02:13:54.515+0000] {dagbag.py:588} INFO - Filling up the DagBag from /home/airflow/.local/lib/python3.12/site-packages/airflow/example_dags/tutorial_dag.py
[2026-03-22T02:13:54.527+0000] {processor.py:925} INFO - DAG(s) 'tutorial_dag' retrieved from /home/airflow/.local/lib/python3.12/site-packages/airflow/example_dags/tutorial_dag.py
[2026-03-22T02:13:54.550+0000] {logging_mixin.py:190} INFO - [2026-03-22T02:13:54.549+0000] {dag.py:3239} INFO - Sync 1 DAGs
[2026-03-22T02:13:54.568+0000] {logging_mixin.py:190} INFO - [2026-03-22T02:13:54.568+0000] {dag.py:4180} INFO - Setting next_dagrun for tutorial_dag to None, run_after=None
[2026-03-22T02:13:54.588+0000] {processor.py:208} INFO - Processing /home/airflow/.local/lib/python3.12/site-packages/airflow/example_dags/tutorial_dag.py took 0.083 seconds
[2026-03-22T02:14:25.318+0000] {processor.py:186} INFO - Started process (PID=26592) to work on /home/airflow/.local/lib/python3.12/site-packages/airflow/example_dags/tutorial_dag.py
[2026-03-22T02:14:25.319+0000] {processor.py:914} INFO - Processing file /home/airflow/.local/lib/python3.12/site-packages/airflow/example_dags/tutorial_dag.py for tasks to queue
[2026-03-22T02:14:25.321+0000] {logging_mixin.py:190} INFO - [2026-03-22T02:14:25.321+0000] {dagbag.py:588} INFO - Filling up the DagBag from /home/airflow/.local/lib/python3.12/site-packages/airflow/example_dags/tutorial_dag.py
[2026-03-22T02:14:25.327+0000] {processor.py:925} INFO - DAG(s) 'tutorial_dag' retrieved from /home/airflow/.local/lib/python3.12/site-packages/airflow/example_dags/tutorial_dag.py
[2026-03-22T02:14:25.345+0000] {logging_mixin.py:190} INFO - [2026-03-22T02:14:25.345+0000] {dag.py:3239} INFO - Sync 1 DAGs
[2026-03-22T02:14:25.356+0000] {logging_mixin.py:190} INFO - [2026-03-22T02:14:25.356+0000] {dag.py:4180} INFO - Setting next_dagrun for tutorial_dag to None, run_after=None
[2026-03-22T02:14:25.372+0000] {processor.py:208} INFO - Processing /home/airflow/.local/lib/python3.12/site-packages/airflow/example_dags/tutorial_dag.py took 0.059 seconds
[2026-03-22T02:14:55.962+0000] {processor.py:186} INFO - Started process (PID=26656) to work on /home/airflow/.local/lib/python3.12/site-packages/airflow/example_dags/tutorial_dag.py
[2026-03-22T02:14:55.964+0000] {processor.py:914} INFO - Processing file /home/airflow/.local/lib/python3.12/site-packages/airflow/example_dags/tutorial_dag.py for tasks to queue
[2026-03-22T02:14:55.965+0000] {logging_mixin.py:190} INFO - [2026-03-22T02:14:55.965+0000] {dagbag.py:588} INFO - Filling up the DagBag from /home/airflow/.local/lib/python3.12/site-packages/airflow/example_dags/tutorial_dag.py
[2026-03-22T02:14:55.972+0000] {processor.py:925} INFO - DAG(s) 'tutorial_dag' retrieved from /home/airflow/.local/lib/python3.12/site-packages/airflow/example_dags/tutorial_dag.py
[2026-03-22T02:14:55.989+0000] {logging_mixin.py:190} INFO - [2026-03-22T02:14:55.989+0000] {dag.py:3239} INFO - Sync 1 DAGs
[2026-03-22T02:14:56.004+0000] {logging_mixin.py:190} INFO - [2026-03-22T02:14:56.003+0000] {dag.py:4180} INFO - Setting next_dagrun for tutorial_dag to None, run_after=None
[2026-03-22T02:14:56.022+0000] {processor.py:208} INFO - Processing /home/airflow/.local/lib/python3.12/site-packages/airflow/example_dags/tutorial_dag.py took 0.065 seconds
[2026-03-22T02:15:26.620+0000] {processor.py:186} INFO - Started process (PID=26722) to work on /home/airflow/.local/lib/python3.12/site-packages/airflow/example_dags/tutorial_dag.py
[2026-03-22T02:15:26.621+0000] {processor.py:914} INFO - Processing file /home/airflow/.local/lib/python3.12/site-packages/airflow/example_dags/tutorial_dag.py for tasks to queue
[2026-03-22T02:15:26.623+0000] {logging_mixin.py:190} INFO - [2026-03-22T02:15:26.622+0000] {dagbag.py:588} INFO - Filling up the DagBag from /home/airflow/.local/lib/python3.12/site-packages/airflow/example_dags/tutorial_dag.py
[2026-03-22T02:15:26.629+0000] {processor.py:925} INFO - DAG(s) 'tutorial_dag' retrieved from /home/airflow/.local/lib/python3.12/site-packages/airflow/example_dags/tutorial_dag.py
[2026-03-22T02:15:26.648+0000] {logging_mixin.py:190} INFO - [2026-03-22T02:15:26.648+0000] {dag.py:3239} INFO - Sync 1 DAGs
[2026-03-22T02:15:26.662+0000] {logging_mixin.py:190} INFO - [2026-03-22T02:15:26.662+0000] {dag.py:4180} INFO - Setting next_dagrun for tutorial_dag to None, run_after=None
[2026-03-22T02:15:26.680+0000] {processor.py:208} INFO - Processing /home/airflow/.local/lib/python3.12/site-packages/airflow/example_dags/tutorial_dag.py took 0.065 seconds
[2026-03-22T02:15:56.738+0000] {processor.py:186} INFO - Started process (PID=26786) to work on /home/airflow/.local/lib/python3.12/site-packages/airflow/example_dags/tutorial_dag.py
[2026-03-22T02:15:56.739+0000] {processor.py:914} INFO - Processing file /home/airflow/.local/lib/python3.12/site-packages/airflow/example_dags/tutorial_dag.py for tasks to queue
[2026-03-22T02:15:56.741+0000] {logging_mixin.py:190} INFO - [2026-03-22T02:15:56.740+0000] {dagbag.py:588} INFO - Filling up the DagBag from /home/airflow/.local/lib/python3.12/site-packages/airflow/example_dags/tutorial_dag.py
[2026-03-22T02:15:56.747+0000] {processor.py:925} INFO - DAG(s) 'tutorial_dag' retrieved from /home/airflow/.local/lib/python3.12/site-packages/airflow/example_dags/tutorial_dag.py
[2026-03-22T02:15:56.764+0000] {logging_mixin.py:190} INFO - [2026-03-22T02:15:56.764+0000] {dag.py:3239} INFO - Sync 1 DAGs
[2026-03-22T02:15:56.777+0000] {logging_mixin.py:190} INFO - [2026-03-22T02:15:56.776+0000] {dag.py:4180} INFO - Setting next_dagrun for tutorial_dag to None, run_after=None
[2026-03-22T02:15:56.793+0000] {processor.py:208} INFO - Processing /home/airflow/.local/lib/python3.12/site-packages/airflow/example_dags/tutorial_dag.py took 0.061 seconds
[2026-03-22T02:16:27.314+0000] {processor.py:186} INFO - Started process (PID=26851) to work on /home/airflow/.local/lib/python3.12/site-packages/airflow/example_dags/tutorial_dag.py
[2026-03-22T02:16:27.316+0000] {processor.py:914} INFO - Processing file /home/airflow/.local/lib/python3.12/site-packages/airflow/example_dags/tutorial_dag.py for tasks to queue
[2026-03-22T02:16:27.318+0000] {logging_mixin.py:190} INFO - [2026-03-22T02:16:27.318+0000] {dagbag.py:588} INFO - Filling up the DagBag from /home/airflow/.local/lib/python3.12/site-packages/airflow/example_dags/tutorial_dag.py
[2026-03-22T02:16:27.328+0000] {processor.py:925} INFO - DAG(s) 'tutorial_dag' retrieved from /home/airflow/.local/lib/python3.12/site-packages/airflow/example_dags/tutorial_dag.py
[2026-03-22T02:16:27.352+0000] {logging_mixin.py:190} INFO - [2026-03-22T02:16:27.352+0000] {dag.py:3239} INFO - Sync 1 DAGs
[2026-03-22T02:16:27.367+0000] {logging_mixin.py:190} INFO - [2026-03-22T02:16:27.367+0000] {dag.py:4180} INFO - Setting next_dagrun for tutorial_dag to None, run_after=None
[2026-03-22T02:16:27.385+0000] {processor.py:208} INFO - Processing /home/airflow/.local/lib/python3.12/site-packages/airflow/example_dags/tutorial_dag.py took 0.078 seconds
[2026-03-22T02:16:59.257+0000] {processor.py:186} INFO - Started process (PID=26916) to work on /home/airflow/.local/lib/python3.12/site-packages/airflow/example_dags/tutorial_dag.py
[2026-03-22T02:16:59.259+0000] {processor.py:914} INFO - Processing file /home/airflow/.local/lib/python3.12/site-packages/airflow/example_dags/tutorial_dag.py for tasks to queue
[2026-03-22T02:16:59.261+0000] {logging_mixin.py:190} INFO - [2026-03-22T02:16:59.261+0000] {dagbag.py:588} INFO - Filling up the DagBag from /home/airflow/.local/lib/python3.12/site-packages/airflow/example_dags/tutorial_dag.py
[2026-03-22T02:16:59.273+0000] {processor.py:925} INFO - DAG(s) 'tutorial_dag' retrieved from /home/airflow/.local/lib/python3.12/site-packages/airflow/example_dags/tutorial_dag.py
[2026-03-22T02:16:59.299+0000] {logging_mixin.py:190} INFO - [2026-03-22T02:16:59.299+0000] {dag.py:3239} INFO - Sync 1 DAGs
[2026-03-22T02:16:59.326+0000] {logging_mixin.py:190} INFO - [2026-03-22T02:16:59.326+0000] {dag.py:4180} INFO - Setting next_dagrun for tutorial_dag to None, run_after=None
[2026-03-22T02:16:59.360+0000] {processor.py:208} INFO - Processing /home/airflow/.local/lib/python3.12/site-packages/airflow/example_dags/tutorial_dag.py took 0.113 seconds
