[2026-03-22T00:00:49.969+0000] {processor.py:186} INFO - Started process (PID=24868) to work on /home/airflow/.local/lib/python3.12/site-packages/airflow/example_dags/tutorial_objectstorage.py
[2026-03-22T00:00:49.973+0000] {processor.py:914} INFO - Processing file /home/airflow/.local/lib/python3.12/site-packages/airflow/example_dags/tutorial_objectstorage.py for tasks to queue
[2026-03-22T00:00:49.979+0000] {logging_mixin.py:190} INFO - [2026-03-22T00:00:49.977+0000] {dagbag.py:588} INFO - Filling up the DagBag from /home/airflow/.local/lib/python3.12/site-packages/airflow/example_dags/tutorial_objectstorage.py
[2026-03-22T00:00:50.014+0000] {processor.py:925} INFO - DAG(s) 'tutorial_objectstorage' retrieved from /home/airflow/.local/lib/python3.12/site-packages/airflow/example_dags/tutorial_objectstorage.py
[2026-03-22T00:00:50.083+0000] {logging_mixin.py:190} INFO - [2026-03-22T00:00:50.082+0000] {dag.py:3239} INFO - Sync 1 DAGs
[2026-03-22T00:00:50.144+0000] {logging_mixin.py:190} INFO - [2026-03-22T00:00:50.143+0000] {dag.py:4180} INFO - Setting next_dagrun for tutorial_objectstorage to None, run_after=None
[2026-03-22T00:00:50.222+0000] {processor.py:208} INFO - Processing /home/airflow/.local/lib/python3.12/site-packages/airflow/example_dags/tutorial_objectstorage.py took 0.276 seconds
[2026-03-22T00:04:36.893+0000] {processor.py:186} INFO - Started process (PID=25003) to work on /home/airflow/.local/lib/python3.12/site-packages/airflow/example_dags/tutorial_objectstorage.py
[2026-03-22T00:04:36.899+0000] {processor.py:914} INFO - Processing file /home/airflow/.local/lib/python3.12/site-packages/airflow/example_dags/tutorial_objectstorage.py for tasks to queue
[2026-03-22T00:04:36.907+0000] {logging_mixin.py:190} INFO - [2026-03-22T00:04:36.904+0000] {dagbag.py:588} INFO - Filling up the DagBag from /home/airflow/.local/lib/python3.12/site-packages/airflow/example_dags/tutorial_objectstorage.py
[2026-03-22T00:04:37.014+0000] {processor.py:925} INFO - DAG(s) 'tutorial_objectstorage' retrieved from /home/airflow/.local/lib/python3.12/site-packages/airflow/example_dags/tutorial_objectstorage.py
[2026-03-22T00:04:37.155+0000] {logging_mixin.py:190} INFO - [2026-03-22T00:04:37.154+0000] {dag.py:3239} INFO - Sync 1 DAGs
[2026-03-22T00:04:37.335+0000] {logging_mixin.py:190} INFO - [2026-03-22T00:04:37.334+0000] {dag.py:4180} INFO - Setting next_dagrun for tutorial_objectstorage to None, run_after=None
[2026-03-22T00:04:37.466+0000] {processor.py:208} INFO - Processing /home/airflow/.local/lib/python3.12/site-packages/airflow/example_dags/tutorial_objectstorage.py took 0.612 seconds
[2026-03-22T00:05:13.964+0000] {processor.py:186} INFO - Started process (PID=25068) to work on /home/airflow/.local/lib/python3.12/site-packages/airflow/example_dags/tutorial_objectstorage.py
[2026-03-22T00:05:13.973+0000] {processor.py:914} INFO - Processing file /home/airflow/.local/lib/python3.12/site-packages/airflow/example_dags/tutorial_objectstorage.py for tasks to queue
[2026-03-22T00:05:13.981+0000] {logging_mixin.py:190} INFO - [2026-03-22T00:05:13.979+0000] {dagbag.py:588} INFO - Filling up the DagBag from /home/airflow/.local/lib/python3.12/site-packages/airflow/example_dags/tutorial_objectstorage.py
[2026-03-22T00:05:14.036+0000] {processor.py:925} INFO - DAG(s) 'tutorial_objectstorage' retrieved from /home/airflow/.local/lib/python3.12/site-packages/airflow/example_dags/tutorial_objectstorage.py
[2026-03-22T00:05:14.124+0000] {logging_mixin.py:190} INFO - [2026-03-22T00:05:14.122+0000] {dag.py:3239} INFO - Sync 1 DAGs
[2026-03-22T00:05:14.201+0000] {logging_mixin.py:190} INFO - [2026-03-22T00:05:14.200+0000] {dag.py:4180} INFO - Setting next_dagrun for tutorial_objectstorage to None, run_after=None
[2026-03-22T00:05:14.291+0000] {processor.py:208} INFO - Processing /home/airflow/.local/lib/python3.12/site-packages/airflow/example_dags/tutorial_objectstorage.py took 0.358 seconds
[2026-03-22T00:05:44.996+0000] {processor.py:186} INFO - Started process (PID=25133) to work on /home/airflow/.local/lib/python3.12/site-packages/airflow/example_dags/tutorial_objectstorage.py
[2026-03-22T00:05:44.998+0000] {processor.py:914} INFO - Processing file /home/airflow/.local/lib/python3.12/site-packages/airflow/example_dags/tutorial_objectstorage.py for tasks to queue
[2026-03-22T00:05:45.001+0000] {logging_mixin.py:190} INFO - [2026-03-22T00:05:45.000+0000] {dagbag.py:588} INFO - Filling up the DagBag from /home/airflow/.local/lib/python3.12/site-packages/airflow/example_dags/tutorial_objectstorage.py
[2026-03-22T00:05:45.025+0000] {processor.py:925} INFO - DAG(s) 'tutorial_objectstorage' retrieved from /home/airflow/.local/lib/python3.12/site-packages/airflow/example_dags/tutorial_objectstorage.py
[2026-03-22T00:05:45.063+0000] {logging_mixin.py:190} INFO - [2026-03-22T00:05:45.063+0000] {dag.py:3239} INFO - Sync 1 DAGs
[2026-03-22T00:05:45.091+0000] {logging_mixin.py:190} INFO - [2026-03-22T00:05:45.090+0000] {dag.py:4180} INFO - Setting next_dagrun for tutorial_objectstorage to None, run_after=None
[2026-03-22T00:05:45.132+0000] {processor.py:208} INFO - Processing /home/airflow/.local/lib/python3.12/site-packages/airflow/example_dags/tutorial_objectstorage.py took 0.147 seconds
[2026-03-22T00:06:15.559+0000] {processor.py:186} INFO - Started process (PID=25197) to work on /home/airflow/.local/lib/python3.12/site-packages/airflow/example_dags/tutorial_objectstorage.py
[2026-03-22T00:06:15.562+0000] {processor.py:914} INFO - Processing file /home/airflow/.local/lib/python3.12/site-packages/airflow/example_dags/tutorial_objectstorage.py for tasks to queue
[2026-03-22T00:06:15.564+0000] {logging_mixin.py:190} INFO - [2026-03-22T00:06:15.564+0000] {dagbag.py:588} INFO - Filling up the DagBag from /home/airflow/.local/lib/python3.12/site-packages/airflow/example_dags/tutorial_objectstorage.py
[2026-03-22T00:06:15.582+0000] {processor.py:925} INFO - DAG(s) 'tutorial_objectstorage' retrieved from /home/airflow/.local/lib/python3.12/site-packages/airflow/example_dags/tutorial_objectstorage.py
[2026-03-22T00:06:15.613+0000] {logging_mixin.py:190} INFO - [2026-03-22T00:06:15.613+0000] {dag.py:3239} INFO - Sync 1 DAGs
[2026-03-22T00:06:15.636+0000] {logging_mixin.py:190} INFO - [2026-03-22T00:06:15.635+0000] {dag.py:4180} INFO - Setting next_dagrun for tutorial_objectstorage to None, run_after=None
[2026-03-22T00:06:15.669+0000] {processor.py:208} INFO - Processing /home/airflow/.local/lib/python3.12/site-packages/airflow/example_dags/tutorial_objectstorage.py took 0.119 seconds
[2026-03-22T00:06:51.675+0000] {processor.py:186} INFO - Started process (PID=25270) to work on /home/airflow/.local/lib/python3.12/site-packages/airflow/example_dags/tutorial_objectstorage.py
[2026-03-22T00:06:51.678+0000] {processor.py:914} INFO - Processing file /home/airflow/.local/lib/python3.12/site-packages/airflow/example_dags/tutorial_objectstorage.py for tasks to queue
[2026-03-22T00:06:51.684+0000] {logging_mixin.py:190} INFO - [2026-03-22T00:06:51.682+0000] {dagbag.py:588} INFO - Filling up the DagBag from /home/airflow/.local/lib/python3.12/site-packages/airflow/example_dags/tutorial_objectstorage.py
[2026-03-22T00:06:51.723+0000] {processor.py:925} INFO - DAG(s) 'tutorial_objectstorage' retrieved from /home/airflow/.local/lib/python3.12/site-packages/airflow/example_dags/tutorial_objectstorage.py
[2026-03-22T00:06:51.792+0000] {logging_mixin.py:190} INFO - [2026-03-22T00:06:51.792+0000] {dag.py:3239} INFO - Sync 1 DAGs
[2026-03-22T00:06:51.847+0000] {logging_mixin.py:190} INFO - [2026-03-22T00:06:51.846+0000] {dag.py:4180} INFO - Setting next_dagrun for tutorial_objectstorage to None, run_after=None
[2026-03-22T00:06:51.920+0000] {processor.py:208} INFO - Processing /home/airflow/.local/lib/python3.12/site-packages/airflow/example_dags/tutorial_objectstorage.py took 0.269 seconds
[2026-03-22T00:07:25.814+0000] {processor.py:186} INFO - Started process (PID=25334) to work on /home/airflow/.local/lib/python3.12/site-packages/airflow/example_dags/tutorial_objectstorage.py
[2026-03-22T00:07:25.821+0000] {processor.py:914} INFO - Processing file /home/airflow/.local/lib/python3.12/site-packages/airflow/example_dags/tutorial_objectstorage.py for tasks to queue
[2026-03-22T00:07:25.834+0000] {logging_mixin.py:190} INFO - [2026-03-22T00:07:25.832+0000] {dagbag.py:588} INFO - Filling up the DagBag from /home/airflow/.local/lib/python3.12/site-packages/airflow/example_dags/tutorial_objectstorage.py
[2026-03-22T00:07:25.976+0000] {processor.py:925} INFO - DAG(s) 'tutorial_objectstorage' retrieved from /home/airflow/.local/lib/python3.12/site-packages/airflow/example_dags/tutorial_objectstorage.py
[2026-03-22T00:07:26.162+0000] {logging_mixin.py:190} INFO - [2026-03-22T00:07:26.161+0000] {dag.py:3239} INFO - Sync 1 DAGs
[2026-03-22T00:07:26.353+0000] {logging_mixin.py:190} INFO - [2026-03-22T00:07:26.352+0000] {dag.py:4180} INFO - Setting next_dagrun for tutorial_objectstorage to None, run_after=None
[2026-03-22T00:07:26.581+0000] {processor.py:208} INFO - Processing /home/airflow/.local/lib/python3.12/site-packages/airflow/example_dags/tutorial_objectstorage.py took 0.828 seconds
[2026-03-22T00:07:57.368+0000] {processor.py:186} INFO - Started process (PID=25399) to work on /home/airflow/.local/lib/python3.12/site-packages/airflow/example_dags/tutorial_objectstorage.py
[2026-03-22T00:07:57.373+0000] {processor.py:914} INFO - Processing file /home/airflow/.local/lib/python3.12/site-packages/airflow/example_dags/tutorial_objectstorage.py for tasks to queue
[2026-03-22T00:07:57.380+0000] {logging_mixin.py:190} INFO - [2026-03-22T00:07:57.378+0000] {dagbag.py:588} INFO - Filling up the DagBag from /home/airflow/.local/lib/python3.12/site-packages/airflow/example_dags/tutorial_objectstorage.py
[2026-03-22T00:07:57.421+0000] {processor.py:925} INFO - DAG(s) 'tutorial_objectstorage' retrieved from /home/airflow/.local/lib/python3.12/site-packages/airflow/example_dags/tutorial_objectstorage.py
[2026-03-22T00:07:57.494+0000] {logging_mixin.py:190} INFO - [2026-03-22T00:07:57.493+0000] {dag.py:3239} INFO - Sync 1 DAGs
[2026-03-22T00:07:57.547+0000] {logging_mixin.py:190} INFO - [2026-03-22T00:07:57.546+0000] {dag.py:4180} INFO - Setting next_dagrun for tutorial_objectstorage to None, run_after=None
[2026-03-22T00:07:57.627+0000] {processor.py:208} INFO - Processing /home/airflow/.local/lib/python3.12/site-packages/airflow/example_dags/tutorial_objectstorage.py took 0.281 seconds
[2026-03-22T00:08:28.060+0000] {processor.py:186} INFO - Started process (PID=25464) to work on /home/airflow/.local/lib/python3.12/site-packages/airflow/example_dags/tutorial_objectstorage.py
[2026-03-22T00:08:28.065+0000] {processor.py:914} INFO - Processing file /home/airflow/.local/lib/python3.12/site-packages/airflow/example_dags/tutorial_objectstorage.py for tasks to queue
[2026-03-22T00:08:28.070+0000] {logging_mixin.py:190} INFO - [2026-03-22T00:08:28.069+0000] {dagbag.py:588} INFO - Filling up the DagBag from /home/airflow/.local/lib/python3.12/site-packages/airflow/example_dags/tutorial_objectstorage.py
[2026-03-22T00:08:28.107+0000] {processor.py:925} INFO - DAG(s) 'tutorial_objectstorage' retrieved from /home/airflow/.local/lib/python3.12/site-packages/airflow/example_dags/tutorial_objectstorage.py
[2026-03-22T00:08:28.176+0000] {logging_mixin.py:190} INFO - [2026-03-22T00:08:28.175+0000] {dag.py:3239} INFO - Sync 1 DAGs
[2026-03-22T00:08:28.230+0000] {logging_mixin.py:190} INFO - [2026-03-22T00:08:28.229+0000] {dag.py:4180} INFO - Setting next_dagrun for tutorial_objectstorage to None, run_after=None
[2026-03-22T00:08:28.299+0000] {processor.py:208} INFO - Processing /home/airflow/.local/lib/python3.12/site-packages/airflow/example_dags/tutorial_objectstorage.py took 0.259 seconds
[2026-03-22T00:08:58.805+0000] {processor.py:186} INFO - Started process (PID=25528) to work on /home/airflow/.local/lib/python3.12/site-packages/airflow/example_dags/tutorial_objectstorage.py
[2026-03-22T00:08:58.808+0000] {processor.py:914} INFO - Processing file /home/airflow/.local/lib/python3.12/site-packages/airflow/example_dags/tutorial_objectstorage.py for tasks to queue
[2026-03-22T00:08:58.811+0000] {logging_mixin.py:190} INFO - [2026-03-22T00:08:58.811+0000] {dagbag.py:588} INFO - Filling up the DagBag from /home/airflow/.local/lib/python3.12/site-packages/airflow/example_dags/tutorial_objectstorage.py
[2026-03-22T00:08:58.834+0000] {processor.py:925} INFO - DAG(s) 'tutorial_objectstorage' retrieved from /home/airflow/.local/lib/python3.12/site-packages/airflow/example_dags/tutorial_objectstorage.py
[2026-03-22T00:08:58.874+0000] {logging_mixin.py:190} INFO - [2026-03-22T00:08:58.873+0000] {dag.py:3239} INFO - Sync 1 DAGs
[2026-03-22T00:08:58.904+0000] {logging_mixin.py:190} INFO - [2026-03-22T00:08:58.903+0000] {dag.py:4180} INFO - Setting next_dagrun for tutorial_objectstorage to None, run_after=None
[2026-03-22T00:08:58.949+0000] {processor.py:208} INFO - Processing /home/airflow/.local/lib/python3.12/site-packages/airflow/example_dags/tutorial_objectstorage.py took 0.157 seconds
[2026-03-22T00:09:29.117+0000] {processor.py:186} INFO - Started process (PID=25593) to work on /home/airflow/.local/lib/python3.12/site-packages/airflow/example_dags/tutorial_objectstorage.py
[2026-03-22T00:09:29.120+0000] {processor.py:914} INFO - Processing file /home/airflow/.local/lib/python3.12/site-packages/airflow/example_dags/tutorial_objectstorage.py for tasks to queue
[2026-03-22T00:09:29.123+0000] {logging_mixin.py:190} INFO - [2026-03-22T00:09:29.122+0000] {dagbag.py:588} INFO - Filling up the DagBag from /home/airflow/.local/lib/python3.12/site-packages/airflow/example_dags/tutorial_objectstorage.py
[2026-03-22T00:09:29.146+0000] {processor.py:925} INFO - DAG(s) 'tutorial_objectstorage' retrieved from /home/airflow/.local/lib/python3.12/site-packages/airflow/example_dags/tutorial_objectstorage.py
[2026-03-22T00:09:29.185+0000] {logging_mixin.py:190} INFO - [2026-03-22T00:09:29.184+0000] {dag.py:3239} INFO - Sync 1 DAGs
[2026-03-22T00:09:29.214+0000] {logging_mixin.py:190} INFO - [2026-03-22T00:09:29.213+0000] {dag.py:4180} INFO - Setting next_dagrun for tutorial_objectstorage to None, run_after=None
[2026-03-22T00:09:29.258+0000] {processor.py:208} INFO - Processing /home/airflow/.local/lib/python3.12/site-packages/airflow/example_dags/tutorial_objectstorage.py took 0.155 seconds
[2026-03-22T00:09:59.580+0000] {processor.py:186} INFO - Started process (PID=25658) to work on /home/airflow/.local/lib/python3.12/site-packages/airflow/example_dags/tutorial_objectstorage.py
[2026-03-22T00:09:59.583+0000] {processor.py:914} INFO - Processing file /home/airflow/.local/lib/python3.12/site-packages/airflow/example_dags/tutorial_objectstorage.py for tasks to queue
[2026-03-22T00:09:59.586+0000] {logging_mixin.py:190} INFO - [2026-03-22T00:09:59.586+0000] {dagbag.py:588} INFO - Filling up the DagBag from /home/airflow/.local/lib/python3.12/site-packages/airflow/example_dags/tutorial_objectstorage.py
[2026-03-22T00:09:59.614+0000] {processor.py:925} INFO - DAG(s) 'tutorial_objectstorage' retrieved from /home/airflow/.local/lib/python3.12/site-packages/airflow/example_dags/tutorial_objectstorage.py
[2026-03-22T00:09:59.663+0000] {logging_mixin.py:190} INFO - [2026-03-22T00:09:59.662+0000] {dag.py:3239} INFO - Sync 1 DAGs
[2026-03-22T00:09:59.703+0000] {logging_mixin.py:190} INFO - [2026-03-22T00:09:59.702+0000] {dag.py:4180} INFO - Setting next_dagrun for tutorial_objectstorage to None, run_after=None
[2026-03-22T00:09:59.755+0000] {processor.py:208} INFO - Processing /home/airflow/.local/lib/python3.12/site-packages/airflow/example_dags/tutorial_objectstorage.py took 0.189 seconds
[2026-03-22T00:10:31.474+0000] {processor.py:186} INFO - Started process (PID=25723) to work on /home/airflow/.local/lib/python3.12/site-packages/airflow/example_dags/tutorial_objectstorage.py
[2026-03-22T00:10:31.478+0000] {processor.py:914} INFO - Processing file /home/airflow/.local/lib/python3.12/site-packages/airflow/example_dags/tutorial_objectstorage.py for tasks to queue
[2026-03-22T00:10:31.481+0000] {logging_mixin.py:190} INFO - [2026-03-22T00:10:31.481+0000] {dagbag.py:588} INFO - Filling up the DagBag from /home/airflow/.local/lib/python3.12/site-packages/airflow/example_dags/tutorial_objectstorage.py
[2026-03-22T00:10:31.509+0000] {processor.py:925} INFO - DAG(s) 'tutorial_objectstorage' retrieved from /home/airflow/.local/lib/python3.12/site-packages/airflow/example_dags/tutorial_objectstorage.py
[2026-03-22T00:10:31.552+0000] {logging_mixin.py:190} INFO - [2026-03-22T00:10:31.552+0000] {dag.py:3239} INFO - Sync 1 DAGs
[2026-03-22T00:10:31.583+0000] {logging_mixin.py:190} INFO - [2026-03-22T00:10:31.582+0000] {dag.py:4180} INFO - Setting next_dagrun for tutorial_objectstorage to None, run_after=None
[2026-03-22T00:10:31.631+0000] {processor.py:208} INFO - Processing /home/airflow/.local/lib/python3.12/site-packages/airflow/example_dags/tutorial_objectstorage.py took 0.170 seconds
[2026-03-22T00:11:02.004+0000] {processor.py:186} INFO - Started process (PID=25788) to work on /home/airflow/.local/lib/python3.12/site-packages/airflow/example_dags/tutorial_objectstorage.py
[2026-03-22T00:11:02.005+0000] {processor.py:914} INFO - Processing file /home/airflow/.local/lib/python3.12/site-packages/airflow/example_dags/tutorial_objectstorage.py for tasks to queue
[2026-03-22T00:11:02.008+0000] {logging_mixin.py:190} INFO - [2026-03-22T00:11:02.007+0000] {dagbag.py:588} INFO - Filling up the DagBag from /home/airflow/.local/lib/python3.12/site-packages/airflow/example_dags/tutorial_objectstorage.py
[2026-03-22T00:11:02.021+0000] {processor.py:925} INFO - DAG(s) 'tutorial_objectstorage' retrieved from /home/airflow/.local/lib/python3.12/site-packages/airflow/example_dags/tutorial_objectstorage.py
[2026-03-22T00:11:02.046+0000] {logging_mixin.py:190} INFO - [2026-03-22T00:11:02.046+0000] {dag.py:3239} INFO - Sync 1 DAGs
[2026-03-22T00:11:02.064+0000] {logging_mixin.py:190} INFO - [2026-03-22T00:11:02.063+0000] {dag.py:4180} INFO - Setting next_dagrun for tutorial_objectstorage to None, run_after=None
[2026-03-22T00:11:02.090+0000] {processor.py:208} INFO - Processing /home/airflow/.local/lib/python3.12/site-packages/airflow/example_dags/tutorial_objectstorage.py took 0.094 seconds
[2026-03-22T00:11:32.353+0000] {processor.py:186} INFO - Started process (PID=25852) to work on /home/airflow/.local/lib/python3.12/site-packages/airflow/example_dags/tutorial_objectstorage.py
[2026-03-22T00:11:32.356+0000] {processor.py:914} INFO - Processing file /home/airflow/.local/lib/python3.12/site-packages/airflow/example_dags/tutorial_objectstorage.py for tasks to queue
[2026-03-22T00:11:32.358+0000] {logging_mixin.py:190} INFO - [2026-03-22T00:11:32.358+0000] {dagbag.py:588} INFO - Filling up the DagBag from /home/airflow/.local/lib/python3.12/site-packages/airflow/example_dags/tutorial_objectstorage.py
[2026-03-22T00:11:32.371+0000] {processor.py:925} INFO - DAG(s) 'tutorial_objectstorage' retrieved from /home/airflow/.local/lib/python3.12/site-packages/airflow/example_dags/tutorial_objectstorage.py
[2026-03-22T00:11:32.399+0000] {logging_mixin.py:190} INFO - [2026-03-22T00:11:32.399+0000] {dag.py:3239} INFO - Sync 1 DAGs
[2026-03-22T00:11:32.424+0000] {logging_mixin.py:190} INFO - [2026-03-22T00:11:32.423+0000] {dag.py:4180} INFO - Setting next_dagrun for tutorial_objectstorage to None, run_after=None
[2026-03-22T00:11:32.458+0000] {processor.py:208} INFO - Processing /home/airflow/.local/lib/python3.12/site-packages/airflow/example_dags/tutorial_objectstorage.py took 0.114 seconds
[2026-03-22T00:12:02.788+0000] {processor.py:186} INFO - Started process (PID=25917) to work on /home/airflow/.local/lib/python3.12/site-packages/airflow/example_dags/tutorial_objectstorage.py
[2026-03-22T00:12:02.790+0000] {processor.py:914} INFO - Processing file /home/airflow/.local/lib/python3.12/site-packages/airflow/example_dags/tutorial_objectstorage.py for tasks to queue
[2026-03-22T00:12:02.793+0000] {logging_mixin.py:190} INFO - [2026-03-22T00:12:02.792+0000] {dagbag.py:588} INFO - Filling up the DagBag from /home/airflow/.local/lib/python3.12/site-packages/airflow/example_dags/tutorial_objectstorage.py
[2026-03-22T00:12:02.803+0000] {processor.py:925} INFO - DAG(s) 'tutorial_objectstorage' retrieved from /home/airflow/.local/lib/python3.12/site-packages/airflow/example_dags/tutorial_objectstorage.py
[2026-03-22T00:12:02.824+0000] {logging_mixin.py:190} INFO - [2026-03-22T00:12:02.824+0000] {dag.py:3239} INFO - Sync 1 DAGs
[2026-03-22T00:12:02.839+0000] {logging_mixin.py:190} INFO - [2026-03-22T00:12:02.839+0000] {dag.py:4180} INFO - Setting next_dagrun for tutorial_objectstorage to None, run_after=None
[2026-03-22T00:12:02.863+0000] {processor.py:208} INFO - Processing /home/airflow/.local/lib/python3.12/site-packages/airflow/example_dags/tutorial_objectstorage.py took 0.082 seconds
[2026-03-22T00:12:33.625+0000] {processor.py:186} INFO - Started process (PID=25982) to work on /home/airflow/.local/lib/python3.12/site-packages/airflow/example_dags/tutorial_objectstorage.py
[2026-03-22T00:12:33.627+0000] {processor.py:914} INFO - Processing file /home/airflow/.local/lib/python3.12/site-packages/airflow/example_dags/tutorial_objectstorage.py for tasks to queue
[2026-03-22T00:12:33.630+0000] {logging_mixin.py:190} INFO - [2026-03-22T00:12:33.629+0000] {dagbag.py:588} INFO - Filling up the DagBag from /home/airflow/.local/lib/python3.12/site-packages/airflow/example_dags/tutorial_objectstorage.py
[2026-03-22T00:12:33.648+0000] {processor.py:925} INFO - DAG(s) 'tutorial_objectstorage' retrieved from /home/airflow/.local/lib/python3.12/site-packages/airflow/example_dags/tutorial_objectstorage.py
[2026-03-22T00:12:33.681+0000] {logging_mixin.py:190} INFO - [2026-03-22T00:12:33.681+0000] {dag.py:3239} INFO - Sync 1 DAGs
[2026-03-22T00:12:33.708+0000] {logging_mixin.py:190} INFO - [2026-03-22T00:12:33.708+0000] {dag.py:4180} INFO - Setting next_dagrun for tutorial_objectstorage to None, run_after=None
[2026-03-22T00:12:33.748+0000] {processor.py:208} INFO - Processing /home/airflow/.local/lib/python3.12/site-packages/airflow/example_dags/tutorial_objectstorage.py took 0.135 seconds
[2026-03-22T00:13:04.253+0000] {processor.py:186} INFO - Started process (PID=26046) to work on /home/airflow/.local/lib/python3.12/site-packages/airflow/example_dags/tutorial_objectstorage.py
[2026-03-22T00:13:04.256+0000] {processor.py:914} INFO - Processing file /home/airflow/.local/lib/python3.12/site-packages/airflow/example_dags/tutorial_objectstorage.py for tasks to queue
[2026-03-22T00:13:04.259+0000] {logging_mixin.py:190} INFO - [2026-03-22T00:13:04.258+0000] {dagbag.py:588} INFO - Filling up the DagBag from /home/airflow/.local/lib/python3.12/site-packages/airflow/example_dags/tutorial_objectstorage.py
[2026-03-22T00:13:04.276+0000] {processor.py:925} INFO - DAG(s) 'tutorial_objectstorage' retrieved from /home/airflow/.local/lib/python3.12/site-packages/airflow/example_dags/tutorial_objectstorage.py
[2026-03-22T00:13:04.306+0000] {logging_mixin.py:190} INFO - [2026-03-22T00:13:04.306+0000] {dag.py:3239} INFO - Sync 1 DAGs
[2026-03-22T00:13:04.323+0000] {logging_mixin.py:190} INFO - [2026-03-22T00:13:04.322+0000] {dag.py:4180} INFO - Setting next_dagrun for tutorial_objectstorage to None, run_after=None
[2026-03-22T00:13:04.349+0000] {processor.py:208} INFO - Processing /home/airflow/.local/lib/python3.12/site-packages/airflow/example_dags/tutorial_objectstorage.py took 0.115 seconds
[2026-03-22T00:13:35.123+0000] {processor.py:186} INFO - Started process (PID=26117) to work on /home/airflow/.local/lib/python3.12/site-packages/airflow/example_dags/tutorial_objectstorage.py
[2026-03-22T00:13:35.125+0000] {processor.py:914} INFO - Processing file /home/airflow/.local/lib/python3.12/site-packages/airflow/example_dags/tutorial_objectstorage.py for tasks to queue
[2026-03-22T00:13:35.127+0000] {logging_mixin.py:190} INFO - [2026-03-22T00:13:35.126+0000] {dagbag.py:588} INFO - Filling up the DagBag from /home/airflow/.local/lib/python3.12/site-packages/airflow/example_dags/tutorial_objectstorage.py
[2026-03-22T00:13:35.140+0000] {processor.py:925} INFO - DAG(s) 'tutorial_objectstorage' retrieved from /home/airflow/.local/lib/python3.12/site-packages/airflow/example_dags/tutorial_objectstorage.py
[2026-03-22T00:13:35.165+0000] {logging_mixin.py:190} INFO - [2026-03-22T00:13:35.165+0000] {dag.py:3239} INFO - Sync 1 DAGs
[2026-03-22T00:13:35.183+0000] {logging_mixin.py:190} INFO - [2026-03-22T00:13:35.182+0000] {dag.py:4180} INFO - Setting next_dagrun for tutorial_objectstorage to None, run_after=None
[2026-03-22T00:13:35.208+0000] {processor.py:208} INFO - Processing /home/airflow/.local/lib/python3.12/site-packages/airflow/example_dags/tutorial_objectstorage.py took 0.093 seconds
[2026-03-22T00:14:05.537+0000] {processor.py:186} INFO - Started process (PID=26182) to work on /home/airflow/.local/lib/python3.12/site-packages/airflow/example_dags/tutorial_objectstorage.py
[2026-03-22T00:14:05.539+0000] {processor.py:914} INFO - Processing file /home/airflow/.local/lib/python3.12/site-packages/airflow/example_dags/tutorial_objectstorage.py for tasks to queue
[2026-03-22T00:14:05.542+0000] {logging_mixin.py:190} INFO - [2026-03-22T00:14:05.542+0000] {dagbag.py:588} INFO - Filling up the DagBag from /home/airflow/.local/lib/python3.12/site-packages/airflow/example_dags/tutorial_objectstorage.py
[2026-03-22T00:14:05.562+0000] {processor.py:925} INFO - DAG(s) 'tutorial_objectstorage' retrieved from /home/airflow/.local/lib/python3.12/site-packages/airflow/example_dags/tutorial_objectstorage.py
[2026-03-22T00:14:05.596+0000] {logging_mixin.py:190} INFO - [2026-03-22T00:14:05.595+0000] {dag.py:3239} INFO - Sync 1 DAGs
[2026-03-22T00:14:05.622+0000] {logging_mixin.py:190} INFO - [2026-03-22T00:14:05.622+0000] {dag.py:4180} INFO - Setting next_dagrun for tutorial_objectstorage to None, run_after=None
[2026-03-22T00:14:05.656+0000] {processor.py:208} INFO - Processing /home/airflow/.local/lib/python3.12/site-packages/airflow/example_dags/tutorial_objectstorage.py took 0.129 seconds
[2026-03-22T00:14:36.522+0000] {processor.py:186} INFO - Started process (PID=26247) to work on /home/airflow/.local/lib/python3.12/site-packages/airflow/example_dags/tutorial_objectstorage.py
[2026-03-22T00:14:36.524+0000] {processor.py:914} INFO - Processing file /home/airflow/.local/lib/python3.12/site-packages/airflow/example_dags/tutorial_objectstorage.py for tasks to queue
[2026-03-22T00:14:36.527+0000] {logging_mixin.py:190} INFO - [2026-03-22T00:14:36.526+0000] {dagbag.py:588} INFO - Filling up the DagBag from /home/airflow/.local/lib/python3.12/site-packages/airflow/example_dags/tutorial_objectstorage.py
[2026-03-22T00:14:36.545+0000] {processor.py:925} INFO - DAG(s) 'tutorial_objectstorage' retrieved from /home/airflow/.local/lib/python3.12/site-packages/airflow/example_dags/tutorial_objectstorage.py
[2026-03-22T00:14:36.582+0000] {logging_mixin.py:190} INFO - [2026-03-22T00:14:36.581+0000] {dag.py:3239} INFO - Sync 1 DAGs
[2026-03-22T00:14:36.607+0000] {logging_mixin.py:190} INFO - [2026-03-22T00:14:36.607+0000] {dag.py:4180} INFO - Setting next_dagrun for tutorial_objectstorage to None, run_after=None
[2026-03-22T00:14:36.644+0000] {processor.py:208} INFO - Processing /home/airflow/.local/lib/python3.12/site-packages/airflow/example_dags/tutorial_objectstorage.py took 0.132 seconds
[2026-03-22T00:15:07.020+0000] {processor.py:186} INFO - Started process (PID=26311) to work on /home/airflow/.local/lib/python3.12/site-packages/airflow/example_dags/tutorial_objectstorage.py
[2026-03-22T00:15:07.024+0000] {processor.py:914} INFO - Processing file /home/airflow/.local/lib/python3.12/site-packages/airflow/example_dags/tutorial_objectstorage.py for tasks to queue
[2026-03-22T00:15:07.026+0000] {logging_mixin.py:190} INFO - [2026-03-22T00:15:07.026+0000] {dagbag.py:588} INFO - Filling up the DagBag from /home/airflow/.local/lib/python3.12/site-packages/airflow/example_dags/tutorial_objectstorage.py
[2026-03-22T00:15:07.045+0000] {processor.py:925} INFO - DAG(s) 'tutorial_objectstorage' retrieved from /home/airflow/.local/lib/python3.12/site-packages/airflow/example_dags/tutorial_objectstorage.py
[2026-03-22T00:15:07.091+0000] {logging_mixin.py:190} INFO - [2026-03-22T00:15:07.090+0000] {dag.py:3239} INFO - Sync 1 DAGs
[2026-03-22T00:15:07.119+0000] {logging_mixin.py:190} INFO - [2026-03-22T00:15:07.118+0000] {dag.py:4180} INFO - Setting next_dagrun for tutorial_objectstorage to None, run_after=None
[2026-03-22T00:15:07.161+0000] {processor.py:208} INFO - Processing /home/airflow/.local/lib/python3.12/site-packages/airflow/example_dags/tutorial_objectstorage.py took 0.152 seconds
[2026-03-22T00:15:37.287+0000] {processor.py:186} INFO - Started process (PID=26376) to work on /home/airflow/.local/lib/python3.12/site-packages/airflow/example_dags/tutorial_objectstorage.py
[2026-03-22T00:15:37.288+0000] {processor.py:914} INFO - Processing file /home/airflow/.local/lib/python3.12/site-packages/airflow/example_dags/tutorial_objectstorage.py for tasks to queue
[2026-03-22T00:15:37.289+0000] {logging_mixin.py:190} INFO - [2026-03-22T00:15:37.289+0000] {dagbag.py:588} INFO - Filling up the DagBag from /home/airflow/.local/lib/python3.12/site-packages/airflow/example_dags/tutorial_objectstorage.py
[2026-03-22T00:15:37.300+0000] {processor.py:925} INFO - DAG(s) 'tutorial_objectstorage' retrieved from /home/airflow/.local/lib/python3.12/site-packages/airflow/example_dags/tutorial_objectstorage.py
[2026-03-22T00:15:37.318+0000] {logging_mixin.py:190} INFO - [2026-03-22T00:15:37.318+0000] {dag.py:3239} INFO - Sync 1 DAGs
[2026-03-22T00:15:37.332+0000] {logging_mixin.py:190} INFO - [2026-03-22T00:15:37.332+0000] {dag.py:4180} INFO - Setting next_dagrun for tutorial_objectstorage to None, run_after=None
[2026-03-22T00:15:37.356+0000] {processor.py:208} INFO - Processing /home/airflow/.local/lib/python3.12/site-packages/airflow/example_dags/tutorial_objectstorage.py took 0.076 seconds
[2026-03-22T02:12:56.610+0000] {processor.py:186} INFO - Started process (PID=26431) to work on /home/airflow/.local/lib/python3.12/site-packages/airflow/example_dags/tutorial_objectstorage.py
[2026-03-22T02:12:56.612+0000] {processor.py:914} INFO - Processing file /home/airflow/.local/lib/python3.12/site-packages/airflow/example_dags/tutorial_objectstorage.py for tasks to queue
[2026-03-22T02:12:56.613+0000] {logging_mixin.py:190} INFO - [2026-03-22T02:12:56.613+0000] {dagbag.py:588} INFO - Filling up the DagBag from /home/airflow/.local/lib/python3.12/site-packages/airflow/example_dags/tutorial_objectstorage.py
[2026-03-22T02:12:56.624+0000] {processor.py:925} INFO - DAG(s) 'tutorial_objectstorage' retrieved from /home/airflow/.local/lib/python3.12/site-packages/airflow/example_dags/tutorial_objectstorage.py
[2026-03-22T02:12:56.642+0000] {logging_mixin.py:190} INFO - [2026-03-22T02:12:56.641+0000] {dag.py:3239} INFO - Sync 1 DAGs
[2026-03-22T02:12:56.655+0000] {logging_mixin.py:190} INFO - [2026-03-22T02:12:56.654+0000] {dag.py:4180} INFO - Setting next_dagrun for tutorial_objectstorage to None, run_after=None
[2026-03-22T02:12:56.672+0000] {processor.py:208} INFO - Processing /home/airflow/.local/lib/python3.12/site-packages/airflow/example_dags/tutorial_objectstorage.py took 0.068 seconds
[2026-03-22T02:13:27.311+0000] {processor.py:186} INFO - Started process (PID=26496) to work on /home/airflow/.local/lib/python3.12/site-packages/airflow/example_dags/tutorial_objectstorage.py
[2026-03-22T02:13:27.313+0000] {processor.py:914} INFO - Processing file /home/airflow/.local/lib/python3.12/site-packages/airflow/example_dags/tutorial_objectstorage.py for tasks to queue
[2026-03-22T02:13:27.314+0000] {logging_mixin.py:190} INFO - [2026-03-22T02:13:27.314+0000] {dagbag.py:588} INFO - Filling up the DagBag from /home/airflow/.local/lib/python3.12/site-packages/airflow/example_dags/tutorial_objectstorage.py
[2026-03-22T02:13:27.324+0000] {processor.py:925} INFO - DAG(s) 'tutorial_objectstorage' retrieved from /home/airflow/.local/lib/python3.12/site-packages/airflow/example_dags/tutorial_objectstorage.py
[2026-03-22T02:13:27.342+0000] {logging_mixin.py:190} INFO - [2026-03-22T02:13:27.342+0000] {dag.py:3239} INFO - Sync 1 DAGs
[2026-03-22T02:13:27.357+0000] {logging_mixin.py:190} INFO - [2026-03-22T02:13:27.357+0000] {dag.py:4180} INFO - Setting next_dagrun for tutorial_objectstorage to None, run_after=None
[2026-03-22T02:13:27.377+0000] {processor.py:208} INFO - Processing /home/airflow/.local/lib/python3.12/site-packages/airflow/example_dags/tutorial_objectstorage.py took 0.071 seconds
[2026-03-22T02:13:58.086+0000] {processor.py:186} INFO - Started process (PID=26560) to work on /home/airflow/.local/lib/python3.12/site-packages/airflow/example_dags/tutorial_objectstorage.py
[2026-03-22T02:13:58.087+0000] {processor.py:914} INFO - Processing file /home/airflow/.local/lib/python3.12/site-packages/airflow/example_dags/tutorial_objectstorage.py for tasks to queue
[2026-03-22T02:13:58.089+0000] {logging_mixin.py:190} INFO - [2026-03-22T02:13:58.088+0000] {dagbag.py:588} INFO - Filling up the DagBag from /home/airflow/.local/lib/python3.12/site-packages/airflow/example_dags/tutorial_objectstorage.py
[2026-03-22T02:13:58.098+0000] {processor.py:925} INFO - DAG(s) 'tutorial_objectstorage' retrieved from /home/airflow/.local/lib/python3.12/site-packages/airflow/example_dags/tutorial_objectstorage.py
[2026-03-22T02:13:58.115+0000] {logging_mixin.py:190} INFO - [2026-03-22T02:13:58.115+0000] {dag.py:3239} INFO - Sync 1 DAGs
[2026-03-22T02:13:58.128+0000] {logging_mixin.py:190} INFO - [2026-03-22T02:13:58.127+0000] {dag.py:4180} INFO - Setting next_dagrun for tutorial_objectstorage to None, run_after=None
[2026-03-22T02:13:58.145+0000] {processor.py:208} INFO - Processing /home/airflow/.local/lib/python3.12/site-packages/airflow/example_dags/tutorial_objectstorage.py took 0.064 seconds
[2026-03-22T02:14:28.763+0000] {processor.py:186} INFO - Started process (PID=26626) to work on /home/airflow/.local/lib/python3.12/site-packages/airflow/example_dags/tutorial_objectstorage.py
[2026-03-22T02:14:28.764+0000] {processor.py:914} INFO - Processing file /home/airflow/.local/lib/python3.12/site-packages/airflow/example_dags/tutorial_objectstorage.py for tasks to queue
[2026-03-22T02:14:28.766+0000] {logging_mixin.py:190} INFO - [2026-03-22T02:14:28.765+0000] {dagbag.py:588} INFO - Filling up the DagBag from /home/airflow/.local/lib/python3.12/site-packages/airflow/example_dags/tutorial_objectstorage.py
[2026-03-22T02:14:28.775+0000] {processor.py:925} INFO - DAG(s) 'tutorial_objectstorage' retrieved from /home/airflow/.local/lib/python3.12/site-packages/airflow/example_dags/tutorial_objectstorage.py
[2026-03-22T02:14:28.794+0000] {logging_mixin.py:190} INFO - [2026-03-22T02:14:28.794+0000] {dag.py:3239} INFO - Sync 1 DAGs
[2026-03-22T02:14:28.807+0000] {logging_mixin.py:190} INFO - [2026-03-22T02:14:28.807+0000] {dag.py:4180} INFO - Setting next_dagrun for tutorial_objectstorage to None, run_after=None
[2026-03-22T02:14:28.824+0000] {processor.py:208} INFO - Processing /home/airflow/.local/lib/python3.12/site-packages/airflow/example_dags/tutorial_objectstorage.py took 0.067 seconds
[2026-03-22T02:15:00.160+0000] {processor.py:186} INFO - Started process (PID=26690) to work on /home/airflow/.local/lib/python3.12/site-packages/airflow/example_dags/tutorial_objectstorage.py
[2026-03-22T02:15:00.161+0000] {processor.py:914} INFO - Processing file /home/airflow/.local/lib/python3.12/site-packages/airflow/example_dags/tutorial_objectstorage.py for tasks to queue
[2026-03-22T02:15:00.163+0000] {logging_mixin.py:190} INFO - [2026-03-22T02:15:00.163+0000] {dagbag.py:588} INFO - Filling up the DagBag from /home/airflow/.local/lib/python3.12/site-packages/airflow/example_dags/tutorial_objectstorage.py
[2026-03-22T02:15:00.172+0000] {processor.py:925} INFO - DAG(s) 'tutorial_objectstorage' retrieved from /home/airflow/.local/lib/python3.12/site-packages/airflow/example_dags/tutorial_objectstorage.py
[2026-03-22T02:15:00.193+0000] {logging_mixin.py:190} INFO - [2026-03-22T02:15:00.192+0000] {dag.py:3239} INFO - Sync 1 DAGs
[2026-03-22T02:15:00.207+0000] {logging_mixin.py:190} INFO - [2026-03-22T02:15:00.207+0000] {dag.py:4180} INFO - Setting next_dagrun for tutorial_objectstorage to None, run_after=None
[2026-03-22T02:15:00.229+0000] {processor.py:208} INFO - Processing /home/airflow/.local/lib/python3.12/site-packages/airflow/example_dags/tutorial_objectstorage.py took 0.074 seconds
[2026-03-22T02:15:31.782+0000] {processor.py:186} INFO - Started process (PID=26755) to work on /home/airflow/.local/lib/python3.12/site-packages/airflow/example_dags/tutorial_objectstorage.py
[2026-03-22T02:15:31.783+0000] {processor.py:914} INFO - Processing file /home/airflow/.local/lib/python3.12/site-packages/airflow/example_dags/tutorial_objectstorage.py for tasks to queue
[2026-03-22T02:15:31.786+0000] {logging_mixin.py:190} INFO - [2026-03-22T02:15:31.785+0000] {dagbag.py:588} INFO - Filling up the DagBag from /home/airflow/.local/lib/python3.12/site-packages/airflow/example_dags/tutorial_objectstorage.py
[2026-03-22T02:15:31.796+0000] {processor.py:925} INFO - DAG(s) 'tutorial_objectstorage' retrieved from /home/airflow/.local/lib/python3.12/site-packages/airflow/example_dags/tutorial_objectstorage.py
[2026-03-22T02:15:31.814+0000] {logging_mixin.py:190} INFO - [2026-03-22T02:15:31.814+0000] {dag.py:3239} INFO - Sync 1 DAGs
[2026-03-22T02:15:31.826+0000] {logging_mixin.py:190} INFO - [2026-03-22T02:15:31.826+0000] {dag.py:4180} INFO - Setting next_dagrun for tutorial_objectstorage to None, run_after=None
[2026-03-22T02:15:31.845+0000] {processor.py:208} INFO - Processing /home/airflow/.local/lib/python3.12/site-packages/airflow/example_dags/tutorial_objectstorage.py took 0.068 seconds
[2026-03-22T02:16:02.860+0000] {processor.py:186} INFO - Started process (PID=26820) to work on /home/airflow/.local/lib/python3.12/site-packages/airflow/example_dags/tutorial_objectstorage.py
[2026-03-22T02:16:02.861+0000] {processor.py:914} INFO - Processing file /home/airflow/.local/lib/python3.12/site-packages/airflow/example_dags/tutorial_objectstorage.py for tasks to queue
[2026-03-22T02:16:02.862+0000] {logging_mixin.py:190} INFO - [2026-03-22T02:16:02.862+0000] {dagbag.py:588} INFO - Filling up the DagBag from /home/airflow/.local/lib/python3.12/site-packages/airflow/example_dags/tutorial_objectstorage.py
[2026-03-22T02:16:02.871+0000] {processor.py:925} INFO - DAG(s) 'tutorial_objectstorage' retrieved from /home/airflow/.local/lib/python3.12/site-packages/airflow/example_dags/tutorial_objectstorage.py
[2026-03-22T02:16:02.889+0000] {logging_mixin.py:190} INFO - [2026-03-22T02:16:02.889+0000] {dag.py:3239} INFO - Sync 1 DAGs
[2026-03-22T02:16:02.901+0000] {logging_mixin.py:190} INFO - [2026-03-22T02:16:02.901+0000] {dag.py:4180} INFO - Setting next_dagrun for tutorial_objectstorage to None, run_after=None
[2026-03-22T02:16:02.918+0000] {processor.py:208} INFO - Processing /home/airflow/.local/lib/python3.12/site-packages/airflow/example_dags/tutorial_objectstorage.py took 0.064 seconds
[2026-03-22T02:16:33.751+0000] {processor.py:186} INFO - Started process (PID=26885) to work on /home/airflow/.local/lib/python3.12/site-packages/airflow/example_dags/tutorial_objectstorage.py
[2026-03-22T02:16:33.752+0000] {processor.py:914} INFO - Processing file /home/airflow/.local/lib/python3.12/site-packages/airflow/example_dags/tutorial_objectstorage.py for tasks to queue
[2026-03-22T02:16:33.754+0000] {logging_mixin.py:190} INFO - [2026-03-22T02:16:33.753+0000] {dagbag.py:588} INFO - Filling up the DagBag from /home/airflow/.local/lib/python3.12/site-packages/airflow/example_dags/tutorial_objectstorage.py
[2026-03-22T02:16:33.763+0000] {processor.py:925} INFO - DAG(s) 'tutorial_objectstorage' retrieved from /home/airflow/.local/lib/python3.12/site-packages/airflow/example_dags/tutorial_objectstorage.py
[2026-03-22T02:16:33.780+0000] {logging_mixin.py:190} INFO - [2026-03-22T02:16:33.780+0000] {dag.py:3239} INFO - Sync 1 DAGs
[2026-03-22T02:16:33.792+0000] {logging_mixin.py:190} INFO - [2026-03-22T02:16:33.792+0000] {dag.py:4180} INFO - Setting next_dagrun for tutorial_objectstorage to None, run_after=None
[2026-03-22T02:16:33.809+0000] {processor.py:208} INFO - Processing /home/airflow/.local/lib/python3.12/site-packages/airflow/example_dags/tutorial_objectstorage.py took 0.064 seconds
