[2026-02-22T21:43:46.354+0000] {processor.py:186} INFO - Started process (PID=2725) to work on /opt/airflow/dags/ETL_json_postgresql_dag/etl_json_postgresql.py
[2026-02-22T21:43:46.386+0000] {processor.py:914} INFO - Processing file /opt/airflow/dags/ETL_json_postgresql_dag/etl_json_postgresql.py for tasks to queue
[2026-02-22T21:43:46.432+0000] {logging_mixin.py:190} INFO - [2026-02-22T21:43:46.428+0000] {dagbag.py:588} INFO - Filling up the DagBag from /opt/airflow/dags/ETL_json_postgresql_dag/etl_json_postgresql.py
[2026-02-22T21:43:50.091+0000] {processor.py:925} INFO - DAG(s) 'ETL_json_postgresql' retrieved from /opt/airflow/dags/ETL_json_postgresql_dag/etl_json_postgresql.py
[2026-02-22T21:43:51.371+0000] {logging_mixin.py:190} INFO - [2026-02-22T21:43:51.369+0000] {dag.py:3239} INFO - Sync 1 DAGs
[2026-02-22T21:43:52.709+0000] {logging_mixin.py:190} INFO - [2026-02-22T21:43:52.707+0000] {dag.py:4180} INFO - Setting next_dagrun for ETL_json_postgresql to 2026-02-22 00:00:00+00:00, run_after=2026-02-23 00:00:00+00:00
[2026-02-22T21:43:53.539+0000] {processor.py:208} INFO - Processing /opt/airflow/dags/ETL_json_postgresql_dag/etl_json_postgresql.py took 7.300 seconds
[2026-02-22T21:46:45.481+0000] {processor.py:186} INFO - Started process (PID=2804) to work on /opt/airflow/dags/ETL_json_postgresql_dag/etl_json_postgresql.py
[2026-02-22T21:46:45.486+0000] {processor.py:914} INFO - Processing file /opt/airflow/dags/ETL_json_postgresql_dag/etl_json_postgresql.py for tasks to queue
[2026-02-22T21:46:45.495+0000] {logging_mixin.py:190} INFO - [2026-02-22T21:46:45.494+0000] {dagbag.py:588} INFO - Filling up the DagBag from /opt/airflow/dags/ETL_json_postgresql_dag/etl_json_postgresql.py
[2026-02-22T21:46:45.740+0000] {processor.py:925} INFO - DAG(s) 'ETL_json_postgresql' retrieved from /opt/airflow/dags/ETL_json_postgresql_dag/etl_json_postgresql.py
[2026-02-22T21:46:45.862+0000] {logging_mixin.py:190} INFO - [2026-02-22T21:46:45.860+0000] {dag.py:3239} INFO - Sync 1 DAGs
[2026-02-22T21:46:45.975+0000] {logging_mixin.py:190} INFO - [2026-02-22T21:46:45.974+0000] {dag.py:4180} INFO - Setting next_dagrun for ETL_json_postgresql to 2026-02-22 00:00:00+00:00, run_after=2026-02-23 00:00:00+00:00
[2026-02-22T21:46:46.104+0000] {processor.py:208} INFO - Processing /opt/airflow/dags/ETL_json_postgresql_dag/etl_json_postgresql.py took 0.664 seconds
[2026-02-22T21:47:33.434+0000] {processor.py:186} INFO - Started process (PID=2865) to work on /opt/airflow/dags/ETL_json_postgresql_dag/etl_json_postgresql.py
[2026-02-22T21:47:33.463+0000] {processor.py:914} INFO - Processing file /opt/airflow/dags/ETL_json_postgresql_dag/etl_json_postgresql.py for tasks to queue
[2026-02-22T21:47:33.481+0000] {logging_mixin.py:190} INFO - [2026-02-22T21:47:33.480+0000] {dagbag.py:588} INFO - Filling up the DagBag from /opt/airflow/dags/ETL_json_postgresql_dag/etl_json_postgresql.py
[2026-02-22T21:47:34.048+0000] {processor.py:925} INFO - DAG(s) 'ETL_json_postgresql' retrieved from /opt/airflow/dags/ETL_json_postgresql_dag/etl_json_postgresql.py
[2026-02-22T21:47:34.314+0000] {logging_mixin.py:190} INFO - [2026-02-22T21:47:34.312+0000] {dag.py:3239} INFO - Sync 1 DAGs
[2026-02-22T21:47:34.526+0000] {logging_mixin.py:190} INFO - [2026-02-22T21:47:34.525+0000] {dag.py:4180} INFO - Setting next_dagrun for ETL_json_postgresql to 2026-02-22 00:00:00+00:00, run_after=2026-02-23 00:00:00+00:00
[2026-02-22T21:47:34.841+0000] {processor.py:208} INFO - Processing /opt/airflow/dags/ETL_json_postgresql_dag/etl_json_postgresql.py took 1.524 seconds
[2026-02-22T21:48:10.136+0000] {processor.py:186} INFO - Started process (PID=2902) to work on /opt/airflow/dags/ETL_json_postgresql_dag/etl_json_postgresql.py
[2026-02-22T21:48:10.143+0000] {processor.py:914} INFO - Processing file /opt/airflow/dags/ETL_json_postgresql_dag/etl_json_postgresql.py for tasks to queue
[2026-02-22T21:48:10.155+0000] {logging_mixin.py:190} INFO - [2026-02-22T21:48:10.154+0000] {dagbag.py:588} INFO - Filling up the DagBag from /opt/airflow/dags/ETL_json_postgresql_dag/etl_json_postgresql.py
[2026-02-22T21:48:10.701+0000] {processor.py:925} INFO - DAG(s) 'ETL_json_postgresql' retrieved from /opt/airflow/dags/ETL_json_postgresql_dag/etl_json_postgresql.py
[2026-02-22T21:48:11.005+0000] {logging_mixin.py:190} INFO - [2026-02-22T21:48:11.004+0000] {dag.py:3239} INFO - Sync 1 DAGs
[2026-02-22T21:48:11.330+0000] {logging_mixin.py:190} INFO - [2026-02-22T21:48:11.329+0000] {dag.py:4180} INFO - Setting next_dagrun for ETL_json_postgresql to 2026-02-22 00:00:00+00:00, run_after=2026-02-23 00:00:00+00:00
[2026-02-22T21:48:11.750+0000] {processor.py:208} INFO - Processing /opt/airflow/dags/ETL_json_postgresql_dag/etl_json_postgresql.py took 1.662 seconds
[2026-02-22T22:31:51.962+0000] {processor.py:186} INFO - Started process (PID=2921) to work on /opt/airflow/dags/ETL_json_postgresql_dag/etl_json_postgresql.py
[2026-02-22T22:31:51.999+0000] {processor.py:914} INFO - Processing file /opt/airflow/dags/ETL_json_postgresql_dag/etl_json_postgresql.py for tasks to queue
[2026-02-22T22:31:52.085+0000] {logging_mixin.py:190} INFO - [2026-02-22T22:31:52.049+0000] {dagbag.py:588} INFO - Filling up the DagBag from /opt/airflow/dags/ETL_json_postgresql_dag/etl_json_postgresql.py
[2026-02-22T22:31:53.286+0000] {processor.py:925} INFO - DAG(s) 'ETL_json_postgresql' retrieved from /opt/airflow/dags/ETL_json_postgresql_dag/etl_json_postgresql.py
[2026-02-22T22:31:57.672+0000] {logging_mixin.py:190} INFO - [2026-02-22T22:31:57.654+0000] {dag.py:3239} INFO - Sync 1 DAGs
[2026-02-22T22:31:58.898+0000] {logging_mixin.py:190} INFO - [2026-02-22T22:31:58.866+0000] {dag.py:4180} INFO - Setting next_dagrun for ETL_json_postgresql to 2026-02-22 00:00:00+00:00, run_after=2026-02-23 00:00:00+00:00
[2026-02-22T22:31:59.965+0000] {processor.py:208} INFO - Processing /opt/airflow/dags/ETL_json_postgresql_dag/etl_json_postgresql.py took 8.331 seconds
[2026-02-22T22:33:01.818+0000] {processor.py:186} INFO - Started process (PID=2992) to work on /opt/airflow/dags/ETL_json_postgresql_dag/etl_json_postgresql.py
[2026-02-22T22:33:01.825+0000] {processor.py:914} INFO - Processing file /opt/airflow/dags/ETL_json_postgresql_dag/etl_json_postgresql.py for tasks to queue
[2026-02-22T22:33:01.831+0000] {logging_mixin.py:190} INFO - [2026-02-22T22:33:01.829+0000] {dagbag.py:588} INFO - Filling up the DagBag from /opt/airflow/dags/ETL_json_postgresql_dag/etl_json_postgresql.py
[2026-02-22T22:33:01.953+0000] {processor.py:925} INFO - DAG(s) 'ETL_json_postgresql' retrieved from /opt/airflow/dags/ETL_json_postgresql_dag/etl_json_postgresql.py
[2026-02-22T22:33:02.090+0000] {logging_mixin.py:190} INFO - [2026-02-22T22:33:02.089+0000] {dag.py:3239} INFO - Sync 1 DAGs
[2026-02-22T22:33:02.265+0000] {logging_mixin.py:190} INFO - [2026-02-22T22:33:02.263+0000] {dag.py:4180} INFO - Setting next_dagrun for ETL_json_postgresql to 2026-02-22 00:00:00+00:00, run_after=2026-02-23 00:00:00+00:00
[2026-02-22T22:33:02.387+0000] {processor.py:208} INFO - Processing /opt/airflow/dags/ETL_json_postgresql_dag/etl_json_postgresql.py took 0.601 seconds
[2026-02-22T22:33:38.942+0000] {processor.py:186} INFO - Started process (PID=3057) to work on /opt/airflow/dags/ETL_json_postgresql_dag/etl_json_postgresql.py
[2026-02-22T22:33:38.955+0000] {processor.py:914} INFO - Processing file /opt/airflow/dags/ETL_json_postgresql_dag/etl_json_postgresql.py for tasks to queue
[2026-02-22T22:33:38.962+0000] {logging_mixin.py:190} INFO - [2026-02-22T22:33:38.961+0000] {dagbag.py:588} INFO - Filling up the DagBag from /opt/airflow/dags/ETL_json_postgresql_dag/etl_json_postgresql.py
[2026-02-22T22:33:39.272+0000] {processor.py:925} INFO - DAG(s) 'ETL_json_postgresql' retrieved from /opt/airflow/dags/ETL_json_postgresql_dag/etl_json_postgresql.py
[2026-02-22T22:33:39.378+0000] {logging_mixin.py:190} INFO - [2026-02-22T22:33:39.377+0000] {dag.py:3239} INFO - Sync 1 DAGs
[2026-02-22T22:33:39.499+0000] {logging_mixin.py:190} INFO - [2026-02-22T22:33:39.497+0000] {dag.py:4180} INFO - Setting next_dagrun for ETL_json_postgresql to 2026-02-22 00:00:00+00:00, run_after=2026-02-23 00:00:00+00:00
[2026-02-22T22:33:39.613+0000] {processor.py:208} INFO - Processing /opt/airflow/dags/ETL_json_postgresql_dag/etl_json_postgresql.py took 0.702 seconds
[2026-02-22T22:51:43.989+0000] {processor.py:186} INFO - Started process (PID=3114) to work on /opt/airflow/dags/ETL_json_postgresql_dag/etl_json_postgresql.py
[2026-02-22T22:51:44.009+0000] {processor.py:914} INFO - Processing file /opt/airflow/dags/ETL_json_postgresql_dag/etl_json_postgresql.py for tasks to queue
[2026-02-22T22:51:44.028+0000] {logging_mixin.py:190} INFO - [2026-02-22T22:51:44.026+0000] {dagbag.py:588} INFO - Filling up the DagBag from /opt/airflow/dags/ETL_json_postgresql_dag/etl_json_postgresql.py
[2026-02-22T22:51:44.261+0000] {processor.py:925} INFO - DAG(s) 'ETL_json_postgresql' retrieved from /opt/airflow/dags/ETL_json_postgresql_dag/etl_json_postgresql.py
[2026-02-22T22:51:44.582+0000] {logging_mixin.py:190} INFO - [2026-02-22T22:51:44.581+0000] {dag.py:3239} INFO - Sync 1 DAGs
[2026-02-22T22:51:45.163+0000] {logging_mixin.py:190} INFO - [2026-02-22T22:51:45.138+0000] {dag.py:4180} INFO - Setting next_dagrun for ETL_json_postgresql to 2026-02-22 00:00:00+00:00, run_after=2026-02-23 00:00:00+00:00
[2026-02-22T22:51:45.632+0000] {processor.py:208} INFO - Processing /opt/airflow/dags/ETL_json_postgresql_dag/etl_json_postgresql.py took 1.781 seconds
[2026-02-22T23:12:39.093+0000] {processor.py:186} INFO - Started process (PID=3152) to work on /opt/airflow/dags/ETL_json_postgresql_dag/etl_json_postgresql.py
[2026-02-22T23:12:39.113+0000] {processor.py:914} INFO - Processing file /opt/airflow/dags/ETL_json_postgresql_dag/etl_json_postgresql.py for tasks to queue
[2026-02-22T23:12:39.130+0000] {logging_mixin.py:190} INFO - [2026-02-22T23:12:39.124+0000] {dagbag.py:588} INFO - Filling up the DagBag from /opt/airflow/dags/ETL_json_postgresql_dag/etl_json_postgresql.py
[2026-02-22T23:12:39.628+0000] {processor.py:925} INFO - DAG(s) 'ETL_json_postgresql' retrieved from /opt/airflow/dags/ETL_json_postgresql_dag/etl_json_postgresql.py
[2026-02-22T23:12:40.129+0000] {logging_mixin.py:190} INFO - [2026-02-22T23:12:40.127+0000] {dag.py:3239} INFO - Sync 1 DAGs
[2026-02-22T23:12:40.355+0000] {logging_mixin.py:190} INFO - [2026-02-22T23:12:40.354+0000] {dag.py:4180} INFO - Setting next_dagrun for ETL_json_postgresql to 2026-02-22 00:00:00+00:00, run_after=2026-02-23 00:00:00+00:00
[2026-02-22T23:12:40.648+0000] {processor.py:208} INFO - Processing /opt/airflow/dags/ETL_json_postgresql_dag/etl_json_postgresql.py took 1.703 seconds
[2026-02-22T23:13:32.808+0000] {processor.py:186} INFO - Started process (PID=3223) to work on /opt/airflow/dags/ETL_json_postgresql_dag/etl_json_postgresql.py
[2026-02-22T23:13:32.820+0000] {processor.py:914} INFO - Processing file /opt/airflow/dags/ETL_json_postgresql_dag/etl_json_postgresql.py for tasks to queue
[2026-02-22T23:13:32.829+0000] {logging_mixin.py:190} INFO - [2026-02-22T23:13:32.827+0000] {dagbag.py:588} INFO - Filling up the DagBag from /opt/airflow/dags/ETL_json_postgresql_dag/etl_json_postgresql.py
[2026-02-22T23:13:32.965+0000] {processor.py:925} INFO - DAG(s) 'ETL_json_postgresql' retrieved from /opt/airflow/dags/ETL_json_postgresql_dag/etl_json_postgresql.py
[2026-02-22T23:13:33.082+0000] {logging_mixin.py:190} INFO - [2026-02-22T23:13:33.081+0000] {dag.py:3239} INFO - Sync 1 DAGs
[2026-02-22T23:13:33.222+0000] {logging_mixin.py:190} INFO - [2026-02-22T23:13:33.221+0000] {dag.py:4180} INFO - Setting next_dagrun for ETL_json_postgresql to 2026-02-22 00:00:00+00:00, run_after=2026-02-23 00:00:00+00:00
[2026-02-22T23:13:33.329+0000] {processor.py:208} INFO - Processing /opt/airflow/dags/ETL_json_postgresql_dag/etl_json_postgresql.py took 0.549 seconds
