[2026-01-25T00:00:22.890+0000] {local_task_job_runner.py:123} INFO - ::group::Pre task execution logs
[2026-01-25T00:00:23.150+0000] {taskinstance.py:2614} INFO - Dependencies all met for dep_context=non-requeueable deps ti=<TaskInstance: ELT_postgresql.payment_method_analysis scheduled__2026-01-24T00:00:00+00:00 [queued]>
[2026-01-25T00:00:23.207+0000] {taskinstance.py:2614} INFO - Dependencies all met for dep_context=requeueable deps ti=<TaskInstance: ELT_postgresql.payment_method_analysis scheduled__2026-01-24T00:00:00+00:00 [queued]>
[2026-01-25T00:00:23.210+0000] {taskinstance.py:2867} INFO - Starting attempt 1 of 1
[2026-01-25T00:00:23.379+0000] {taskinstance.py:2890} INFO - Executing <Task(BashOperator): payment_method_analysis> on 2026-01-24 00:00:00+00:00
[2026-01-25T00:00:23.412+0000] {warnings.py:112} WARNING - /home/***/.local/lib/python3.12/site-packages/***/task/task_runner/standard_task_runner.py:70: DeprecationWarning: This process (pid=5852) is multi-threaded, use of fork() may lead to deadlocks in the child.
  pid = os.fork()

[2026-01-25T00:00:23.420+0000] {standard_task_runner.py:104} INFO - Running: ['***', 'tasks', 'run', 'ELT_postgresql', 'payment_method_analysis', 'scheduled__2026-01-24T00:00:00+00:00', '--job-id', '64', '--raw', '--subdir', 'DAGS_FOLDER/ETL_postgresql_dag/etl_postgresql.py', '--cfg-path', '/tmp/tmpknl0c7vx']
[2026-01-25T00:00:23.437+0000] {standard_task_runner.py:72} INFO - Started process 5866 to run task
[2026-01-25T00:00:23.440+0000] {standard_task_runner.py:105} INFO - Job 64: Subtask payment_method_analysis
[2026-01-25T00:00:24.360+0000] {task_command.py:467} INFO - Running <TaskInstance: ELT_postgresql.payment_method_analysis scheduled__2026-01-24T00:00:00+00:00 [running]> on host 0ea653c42ac5
[2026-01-25T00:00:24.997+0000] {taskinstance.py:3134} INFO - Exporting env vars: AIRFLOW_CTX_DAG_OWNER='Bereket Tafesse' AIRFLOW_CTX_DAG_ID='ELT_postgresql' AIRFLOW_CTX_TASK_ID='payment_method_analysis' AIRFLOW_CTX_EXECUTION_DATE='2026-01-24T00:00:00+00:00' AIRFLOW_CTX_TRY_NUMBER='1' AIRFLOW_CTX_DAG_RUN_ID='scheduled__2026-01-24T00:00:00+00:00'
[2026-01-25T00:00:25.026+0000] {logging_mixin.py:190} INFO - Task instance is in running state
[2026-01-25T00:00:25.029+0000] {logging_mixin.py:190} INFO -  Previous state of the Task instance: queued
[2026-01-25T00:00:25.033+0000] {logging_mixin.py:190} INFO - Current task name:payment_method_analysis state:running start_date:2026-01-25 00:00:23.154323+00:00
[2026-01-25T00:00:25.038+0000] {logging_mixin.py:190} INFO - Dag name:ELT_postgresql and current dag run status:running
[2026-01-25T00:00:25.044+0000] {taskinstance.py:732} INFO - ::endgroup::
[2026-01-25T00:00:25.054+0000] {subprocess.py:78} INFO - Tmp dir root location: /tmp
[2026-01-25T00:00:25.061+0000] {subprocess.py:88} INFO - Running command: ['/usr/bin/bash', '-c', 'python /opt/***/dags/ETL_postgresql_dag/python_tasks/payment_method_analysis.py']
[2026-01-25T00:00:25.235+0000] {subprocess.py:99} INFO - Output:
[2026-01-25T00:00:43.405+0000] {subprocess.py:106} INFO - [2026-01-25T00:00:43.403+0000] {base.py:84} INFO - Retrieving connection 'postgresql_connection'
[2026-01-25T00:00:43.414+0000] {subprocess.py:106} INFO - [2026-01-25T00:00:43.414+0000] {sql.py:511} INFO - Running statement:
[2026-01-25T00:00:43.416+0000] {subprocess.py:106} INFO -         DROP TABLE IF EXISTS payment_method_analysis;
[2026-01-25T00:00:43.417+0000] {subprocess.py:106} INFO - 
[2026-01-25T00:00:43.418+0000] {subprocess.py:106} INFO -         CREATE TABLE payment_method_analysis AS
[2026-01-25T00:00:43.418+0000] {subprocess.py:106} INFO -         SELECT
[2026-01-25T00:00:43.419+0000] {subprocess.py:106} INFO -             payment_method,
[2026-01-25T00:00:43.420+0000] {subprocess.py:106} INFO -             COUNT(DISTINCT transaction_id) AS total_transactions,
[2026-01-25T00:00:43.421+0000] {subprocess.py:106} INFO -             SUM(total_amount) AS total_sales_amount,
[2026-01-25T00:00:43.422+0000] {subprocess.py:106} INFO -             AVG(discount_applied) AS average_discount,
[2026-01-25T00:00:43.423+0000] {subprocess.py:106} INFO -             SUM(CASE WHEN return_status = 'Returned' THEN 1 ELSE 0 END)::FLOAT
[2026-01-25T00:00:43.424+0000] {subprocess.py:106} INFO -                 / COUNT(DISTINCT transaction_id) AS return_rate,
[2026-01-25T00:00:43.425+0000] {subprocess.py:106} INFO -             AVG(total_quantity_sold) AS average_items_per_transaction
[2026-01-25T00:00:43.426+0000] {subprocess.py:106} INFO -         FROM exploded_products
[2026-01-25T00:00:43.427+0000] {subprocess.py:106} INFO -         GROUP BY payment_method;
[2026-01-25T00:00:43.428+0000] {subprocess.py:106} INFO -     , parameters: None
[2026-01-25T00:00:44.069+0000] {subprocess.py:106} INFO - [2026-01-25T00:00:44.069+0000] {sql.py:520} INFO - Rows affected: 7
[2026-01-25T00:00:44.846+0000] {subprocess.py:110} INFO - Command exited with return code 0
[2026-01-25T00:00:44.918+0000] {taskinstance.py:341} INFO - ::group::Post task execution logs
[2026-01-25T00:00:44.968+0000] {taskinstance.py:353} INFO - Marking task as SUCCESS. dag_id=ELT_postgresql, task_id=payment_method_analysis, run_id=scheduled__2026-01-24T00:00:00+00:00, execution_date=20260124T000000, start_date=20260125T000023, end_date=20260125T000044
[2026-01-25T00:00:45.034+0000] {logging_mixin.py:190} INFO - Task instance in success state
[2026-01-25T00:00:45.059+0000] {logging_mixin.py:190} INFO -  Previous state of the Task instance: running
[2026-01-25T00:00:45.098+0000] {logging_mixin.py:190} INFO - Dag name:ELT_postgresql queued_at:2026-01-25 00:00:00.620171+00:00
[2026-01-25T00:00:45.127+0000] {logging_mixin.py:190} INFO - Task hostname:0ea653c42ac5 operator:BashOperator
[2026-01-25T00:00:45.179+0000] {local_task_job_runner.py:266} INFO - Task exited with return code 0
[2026-01-25T00:00:45.221+0000] {taskinstance.py:3901} INFO - 0 downstream tasks scheduled from follow-on schedule check
[2026-01-25T00:00:45.225+0000] {local_task_job_runner.py:245} INFO - ::endgroup::
