[2026-01-20T15:25:20.091+0000] {local_task_job_runner.py:123} INFO - ::group::Pre task execution logs
[2026-01-20T15:25:20.181+0000] {taskinstance.py:2614} INFO - Dependencies all met for dep_context=non-requeueable deps ti=<TaskInstance: ELT_postgresql.daily_sales_country_currency manual__2026-01-20T15:25:00.823705+00:00 [queued]>
[2026-01-20T15:25:20.225+0000] {taskinstance.py:2614} INFO - Dependencies all met for dep_context=requeueable deps ti=<TaskInstance: ELT_postgresql.daily_sales_country_currency manual__2026-01-20T15:25:00.823705+00:00 [queued]>
[2026-01-20T15:25:20.228+0000] {taskinstance.py:2867} INFO - Starting attempt 1 of 1
[2026-01-20T15:25:20.288+0000] {taskinstance.py:2890} INFO - Executing <Task(BashOperator): daily_sales_country_currency> on 2026-01-20 15:25:00.823705+00:00
[2026-01-20T15:25:20.312+0000] {warnings.py:112} WARNING - /home/***/.local/lib/python3.12/site-packages/***/task/task_runner/standard_task_runner.py:70: DeprecationWarning: This process (pid=281) is multi-threaded, use of fork() may lead to deadlocks in the child.
  pid = os.fork()

[2026-01-20T15:25:20.319+0000] {standard_task_runner.py:72} INFO - Started process 295 to run task
[2026-01-20T15:25:20.321+0000] {standard_task_runner.py:104} INFO - Running: ['***', 'tasks', 'run', 'ELT_postgresql', 'daily_sales_country_currency', 'manual__2026-01-20T15:25:00.823705+00:00', '--job-id', '10', '--raw', '--subdir', 'DAGS_FOLDER/ETL_postgresql_dag/etl_postgresql.py', '--cfg-path', '/tmp/tmpz42inlm_']
[2026-01-20T15:25:20.325+0000] {standard_task_runner.py:105} INFO - Job 10: Subtask daily_sales_country_currency
[2026-01-20T15:25:20.515+0000] {task_command.py:467} INFO - Running <TaskInstance: ELT_postgresql.daily_sales_country_currency manual__2026-01-20T15:25:00.823705+00:00 [running]> on host 9de7224434ec
[2026-01-20T15:25:20.840+0000] {taskinstance.py:3134} INFO - Exporting env vars: AIRFLOW_CTX_DAG_OWNER='Bereket Tafesse' AIRFLOW_CTX_DAG_ID='ELT_postgresql' AIRFLOW_CTX_TASK_ID='daily_sales_country_currency' AIRFLOW_CTX_EXECUTION_DATE='2026-01-20T15:25:00.823705+00:00' AIRFLOW_CTX_TRY_NUMBER='1' AIRFLOW_CTX_DAG_RUN_ID='manual__2026-01-20T15:25:00.823705+00:00'
[2026-01-20T15:25:20.846+0000] {logging_mixin.py:190} INFO - Task instance is in running state
[2026-01-20T15:25:20.849+0000] {logging_mixin.py:190} INFO -  Previous state of the Task instance: queued
[2026-01-20T15:25:20.852+0000] {logging_mixin.py:190} INFO - Current task name:daily_sales_country_currency state:running start_date:2026-01-20 15:25:20.183650+00:00
[2026-01-20T15:25:20.854+0000] {logging_mixin.py:190} INFO - Dag name:ELT_postgresql and current dag run status:running
[2026-01-20T15:25:20.856+0000] {taskinstance.py:732} INFO - ::endgroup::
[2026-01-20T15:25:20.861+0000] {subprocess.py:78} INFO - Tmp dir root location: /tmp
[2026-01-20T15:25:20.865+0000] {subprocess.py:88} INFO - Running command: ['/usr/bin/bash', '-c', 'python /opt/***/dags/ETL_postgresql_dag/python_tasks/daily_sales_country_currency.py']
[2026-01-20T15:25:20.906+0000] {subprocess.py:99} INFO - Output:
[2026-01-20T15:25:35.799+0000] {subprocess.py:106} INFO - [2026-01-20T15:25:35.794+0000] {base.py:84} INFO - Retrieving connection 'postgresql_connection'
[2026-01-20T15:25:35.819+0000] {subprocess.py:106} INFO - [2026-01-20T15:25:35.817+0000] {sql.py:511} INFO - Running statement:
[2026-01-20T15:25:35.824+0000] {subprocess.py:106} INFO -         DROP TABLE IF EXISTS sports_articles.daily_sales_country_currency;
[2026-01-20T15:25:35.828+0000] {subprocess.py:106} INFO - 
[2026-01-20T15:25:35.830+0000] {subprocess.py:106} INFO -         CREATE TABLE sports_articles.daily_sales_country_currency AS
[2026-01-20T15:25:35.833+0000] {subprocess.py:106} INFO -         SELECT
[2026-01-20T15:25:35.836+0000] {subprocess.py:106} INFO -             DATE(purchase_timestamp) AS purchase_date,
[2026-01-20T15:25:35.838+0000] {subprocess.py:106} INFO -             store_country,
[2026-01-20T15:25:35.841+0000] {subprocess.py:106} INFO -             currency,
[2026-01-20T15:25:35.846+0000] {subprocess.py:106} INFO -             SUM(total_amount) AS daily_total_sales,
[2026-01-20T15:25:35.849+0000] {subprocess.py:106} INFO -             COUNT(DISTINCT transaction_id) AS number_of_transactions,
[2026-01-20T15:25:35.852+0000] {subprocess.py:106} INFO -             AVG(total_amount) AS average_transaction_value
[2026-01-20T15:25:35.855+0000] {subprocess.py:106} INFO -         FROM exploded_products
[2026-01-20T15:25:35.857+0000] {subprocess.py:106} INFO -         GROUP BY DATE(purchase_timestamp), store_country, currency;
[2026-01-20T15:25:35.860+0000] {subprocess.py:106} INFO -     , parameters: None
[2026-01-20T15:25:35.862+0000] {subprocess.py:106} INFO - Traceback (most recent call last):
[2026-01-20T15:25:35.866+0000] {subprocess.py:106} INFO -   File "/opt/***/dags/ETL_postgresql_dag/python_tasks/daily_sales_country_currency.py", line 22, in <module>
[2026-01-20T15:25:35.870+0000] {subprocess.py:106} INFO -     staging_daily_sales_country_currency()
[2026-01-20T15:25:35.872+0000] {subprocess.py:106} INFO -   File "/opt/***/dags/ETL_postgresql_dag/python_tasks/daily_sales_country_currency.py", line 6, in staging_daily_sales_country_currency
[2026-01-20T15:25:35.874+0000] {subprocess.py:106} INFO -     postgres_hook.run("""
[2026-01-20T15:25:35.880+0000] {subprocess.py:106} INFO -   File "/home/***/.local/lib/python3.12/site-packages/***/providers/common/sql/hooks/sql.py", line 467, in run
[2026-01-20T15:25:35.883+0000] {subprocess.py:106} INFO -     self._run_command(cur, sql_statement, parameters)
[2026-01-20T15:25:35.885+0000] {subprocess.py:106} INFO -   File "/home/***/.local/lib/python3.12/site-packages/***/providers/common/sql/hooks/sql.py", line 516, in _run_command
[2026-01-20T15:25:35.888+0000] {subprocess.py:106} INFO -     cur.execute(sql_statement)
[2026-01-20T15:25:35.891+0000] {subprocess.py:106} INFO - psycopg2.errors.UndefinedTable: relation "exploded_products" does not exist
[2026-01-20T15:25:35.894+0000] {subprocess.py:106} INFO - LINE 12:         FROM exploded_products
[2026-01-20T15:25:35.898+0000] {subprocess.py:106} INFO -                       ^
[2026-01-20T15:25:35.901+0000] {subprocess.py:106} INFO - 
[2026-01-20T15:25:36.948+0000] {subprocess.py:110} INFO - Command exited with return code 1
[2026-01-20T15:25:36.985+0000] {taskinstance.py:3313} ERROR - Task failed with exception
Traceback (most recent call last):
  File "/home/airflow/.local/lib/python3.12/site-packages/airflow/models/taskinstance.py", line 768, in _execute_task
    result = _execute_callable(context=context, **execute_callable_kwargs)
             ^^^^^^^^^^^^^^^^^^^^^^^^^^^^^^^^^^^^^^^^^^^^^^^^^^^^^^^^^^^^^
  File "/home/airflow/.local/lib/python3.12/site-packages/airflow/models/taskinstance.py", line 734, in _execute_callable
    return ExecutionCallableRunner(
           ^^^^^^^^^^^^^^^^^^^^^^^^
  File "/home/airflow/.local/lib/python3.12/site-packages/airflow/utils/operator_helpers.py", line 252, in run
    return self.func(*args, **kwargs)
           ^^^^^^^^^^^^^^^^^^^^^^^^^^
  File "/home/airflow/.local/lib/python3.12/site-packages/airflow/models/baseoperator.py", line 424, in wrapper
    return func(self, *args, **kwargs)
           ^^^^^^^^^^^^^^^^^^^^^^^^^^^
  File "/home/airflow/.local/lib/python3.12/site-packages/airflow/operators/bash.py", line 276, in execute
    raise AirflowException(
airflow.exceptions.AirflowException: Bash command failed. The command returned a non-zero exit code 1.
[2026-01-20T15:25:37.000+0000] {logging_mixin.py:190} INFO - Task instance in failure state
[2026-01-20T15:25:37.003+0000] {logging_mixin.py:190} INFO - Task start:2026-01-20 15:25:20.183650+00:00 end:2026-01-20 15:25:36.998320+00:00 duration:16.81467
[2026-01-20T15:25:37.005+0000] {logging_mixin.py:190} INFO - Task:<Task(BashOperator): daily_sales_country_currency> dag:<DAG: ELT_postgresql> dagrun:<DagRun ELT_postgresql @ 2026-01-20 15:25:00.823705+00:00: manual__2026-01-20T15:25:00.823705+00:00, state:running, queued_at: 2026-01-20 15:25:00.883086+00:00. externally triggered: True>
[2026-01-20T15:25:37.007+0000] {logging_mixin.py:190} INFO - Failure caused by Bash command failed. The command returned a non-zero exit code 1.
[2026-01-20T15:25:37.010+0000] {taskinstance.py:1226} INFO - Marking task as FAILED. dag_id=ELT_postgresql, task_id=daily_sales_country_currency, run_id=manual__2026-01-20T15:25:00.823705+00:00, execution_date=20260120T152500, start_date=20260120T152520, end_date=20260120T152536
[2026-01-20T15:25:37.101+0000] {taskinstance.py:341} INFO - ::group::Post task execution logs
[2026-01-20T15:25:37.103+0000] {standard_task_runner.py:124} ERROR - Failed to execute job 10 for task daily_sales_country_currency (Bash command failed. The command returned a non-zero exit code 1.; 295)
Traceback (most recent call last):
  File "/home/airflow/.local/lib/python3.12/site-packages/airflow/task/task_runner/standard_task_runner.py", line 117, in _start_by_fork
    ret = args.func(args, dag=self.dag)
          ^^^^^^^^^^^^^^^^^^^^^^^^^^^^^
  File "/home/airflow/.local/lib/python3.12/site-packages/airflow/cli/cli_config.py", line 49, in command
    return func(*args, **kwargs)
           ^^^^^^^^^^^^^^^^^^^^^
  File "/home/airflow/.local/lib/python3.12/site-packages/airflow/utils/cli.py", line 116, in wrapper
    return f(*args, **kwargs)
           ^^^^^^^^^^^^^^^^^^
  File "/home/airflow/.local/lib/python3.12/site-packages/airflow/cli/commands/task_command.py", line 483, in task_run
    task_return_code = _run_task_by_selected_method(args, _dag, ti)
                       ^^^^^^^^^^^^^^^^^^^^^^^^^^^^^^^^^^^^^^^^^^^^
  File "/home/airflow/.local/lib/python3.12/site-packages/airflow/cli/commands/task_command.py", line 256, in _run_task_by_selected_method
    return _run_raw_task(args, ti)
           ^^^^^^^^^^^^^^^^^^^^^^^
  File "/home/airflow/.local/lib/python3.12/site-packages/airflow/cli/commands/task_command.py", line 341, in _run_raw_task
    return ti._run_raw_task(
           ^^^^^^^^^^^^^^^^^
  File "/home/airflow/.local/lib/python3.12/site-packages/airflow/utils/session.py", line 97, in wrapper
    return func(*args, session=session, **kwargs)
           ^^^^^^^^^^^^^^^^^^^^^^^^^^^^^^^^^^^^^^
  File "/home/airflow/.local/lib/python3.12/site-packages/airflow/models/taskinstance.py", line 3006, in _run_raw_task
    return _run_raw_task(
           ^^^^^^^^^^^^^^
  File "/home/airflow/.local/lib/python3.12/site-packages/airflow/models/taskinstance.py", line 274, in _run_raw_task
    TaskInstance._execute_task_with_callbacks(
  File "/home/airflow/.local/lib/python3.12/site-packages/airflow/models/taskinstance.py", line 3161, in _execute_task_with_callbacks
    result = self._execute_task(context, task_orig)
             ^^^^^^^^^^^^^^^^^^^^^^^^^^^^^^^^^^^^^^
  File "/home/airflow/.local/lib/python3.12/site-packages/airflow/models/taskinstance.py", line 3185, in _execute_task
    return _execute_task(self, context, task_orig)
           ^^^^^^^^^^^^^^^^^^^^^^^^^^^^^^^^^^^^^^^
  File "/home/airflow/.local/lib/python3.12/site-packages/airflow/models/taskinstance.py", line 768, in _execute_task
    result = _execute_callable(context=context, **execute_callable_kwargs)
             ^^^^^^^^^^^^^^^^^^^^^^^^^^^^^^^^^^^^^^^^^^^^^^^^^^^^^^^^^^^^^
  File "/home/airflow/.local/lib/python3.12/site-packages/airflow/models/taskinstance.py", line 734, in _execute_callable
    return ExecutionCallableRunner(
           ^^^^^^^^^^^^^^^^^^^^^^^^
  File "/home/airflow/.local/lib/python3.12/site-packages/airflow/utils/operator_helpers.py", line 252, in run
    return self.func(*args, **kwargs)
           ^^^^^^^^^^^^^^^^^^^^^^^^^^
  File "/home/airflow/.local/lib/python3.12/site-packages/airflow/models/baseoperator.py", line 424, in wrapper
    return func(self, *args, **kwargs)
           ^^^^^^^^^^^^^^^^^^^^^^^^^^^
  File "/home/airflow/.local/lib/python3.12/site-packages/airflow/operators/bash.py", line 276, in execute
    raise AirflowException(
airflow.exceptions.AirflowException: Bash command failed. The command returned a non-zero exit code 1.
[2026-01-20T15:25:37.145+0000] {local_task_job_runner.py:266} INFO - Task exited with return code 1
[2026-01-20T15:25:37.191+0000] {taskinstance.py:3901} INFO - 0 downstream tasks scheduled from follow-on schedule check
[2026-01-20T15:25:37.197+0000] {local_task_job_runner.py:245} INFO - ::endgroup::
