[2026-03-19T12:10:44.974+0000] {local_task_job_runner.py:123} INFO - ::group::Pre task execution logs
[2026-03-19T12:10:45.217+0000] {taskinstance.py:2614} INFO - Dependencies all met for dep_context=non-requeueable deps ti=<TaskInstance: ETL_json_postgresql.load_data_to_mysql scheduled__2026-03-16T00:00:00+00:00 [queued]>
[2026-03-19T12:10:46.132+0000] {taskinstance.py:2614} INFO - Dependencies all met for dep_context=requeueable deps ti=<TaskInstance: ETL_json_postgresql.load_data_to_mysql scheduled__2026-03-16T00:00:00+00:00 [queued]>
[2026-03-19T12:10:46.142+0000] {taskinstance.py:2867} INFO - Starting attempt 1 of 1
[2026-03-19T12:10:46.592+0000] {taskinstance.py:2890} INFO - Executing <Task(PythonOperator): load_data_to_mysql> on 2026-03-16 00:00:00+00:00
[2026-03-19T12:10:46.680+0000] {warnings.py:112} WARNING - /home/***/.local/lib/python3.12/site-packages/***/task/task_runner/standard_task_runner.py:70: DeprecationWarning: This process (pid=155) is multi-threaded, use of fork() may lead to deadlocks in the child.
  pid = os.fork()

[2026-03-19T12:10:46.732+0000] {standard_task_runner.py:72} INFO - Started process 173 to run task
[2026-03-19T12:10:46.830+0000] {standard_task_runner.py:104} INFO - Running: ['***', 'tasks', 'run', 'ETL_json_postgresql', 'load_data_to_mysql', 'scheduled__2026-03-16T00:00:00+00:00', '--job-id', '161', '--raw', '--subdir', 'DAGS_FOLDER/ETL_json_postgresql_dag/etl_json_postgresql.py', '--cfg-path', '/tmp/tmpqj47n9zh']
[2026-03-19T12:10:46.854+0000] {standard_task_runner.py:105} INFO - Job 161: Subtask load_data_to_mysql
[2026-03-19T12:10:47.956+0000] {task_command.py:467} INFO - Running <TaskInstance: ETL_json_postgresql.load_data_to_mysql scheduled__2026-03-16T00:00:00+00:00 [running]> on host 11702db3a8b2
[2026-03-19T12:10:48.720+0000] {taskinstance.py:3134} INFO - Exporting env vars: AIRFLOW_CTX_DAG_OWNER='Bereket Tafesse' AIRFLOW_CTX_DAG_ID='ETL_json_postgresql' AIRFLOW_CTX_TASK_ID='load_data_to_mysql' AIRFLOW_CTX_EXECUTION_DATE='2026-03-16T00:00:00+00:00' AIRFLOW_CTX_TRY_NUMBER='1' AIRFLOW_CTX_DAG_RUN_ID='scheduled__2026-03-16T00:00:00+00:00'
[2026-03-19T12:10:48.740+0000] {logging_mixin.py:190} INFO - Task instance is in running state
[2026-03-19T12:10:48.743+0000] {logging_mixin.py:190} INFO -  Previous state of the Task instance: queued
[2026-03-19T12:10:48.748+0000] {logging_mixin.py:190} INFO - Current task name:load_data_to_mysql state:running start_date:2026-03-19 12:10:45.222206+00:00
[2026-03-19T12:10:48.751+0000] {logging_mixin.py:190} INFO - Dag name:ETL_json_postgresql and current dag run status:running
[2026-03-19T12:10:48.755+0000] {taskinstance.py:732} INFO - ::endgroup::
[2026-03-19T12:11:27.883+0000] {python.py:240} INFO - Done. Returned value was: None
[2026-03-19T12:11:27.909+0000] {taskinstance.py:341} INFO - ::group::Post task execution logs
[2026-03-19T12:11:27.911+0000] {taskinstance.py:353} INFO - Marking task as SUCCESS. dag_id=ETL_json_postgresql, task_id=load_data_to_mysql, run_id=scheduled__2026-03-16T00:00:00+00:00, execution_date=20260316T000000, start_date=20260319T121045, end_date=20260319T121127
[2026-03-19T12:11:27.979+0000] {logging_mixin.py:190} INFO - Task instance in success state
[2026-03-19T12:11:27.981+0000] {logging_mixin.py:190} INFO -  Previous state of the Task instance: running
[2026-03-19T12:11:27.982+0000] {logging_mixin.py:190} INFO - Dag name:ETL_json_postgresql queued_at:2026-03-17 14:53:30.803511+00:00
[2026-03-19T12:11:27.985+0000] {logging_mixin.py:190} INFO - Task hostname:11702db3a8b2 operator:PythonOperator
[2026-03-19T12:11:28.044+0000] {local_task_job_runner.py:266} INFO - Task exited with return code 0
[2026-03-19T12:11:28.085+0000] {taskinstance.py:3901} INFO - 0 downstream tasks scheduled from follow-on schedule check
[2026-03-19T12:11:28.090+0000] {local_task_job_runner.py:245} INFO - ::endgroup::
