[2026-01-21T02:27:29.729+0000] {local_task_job_runner.py:123} INFO - ::group::Pre task execution logs
[2026-01-21T02:27:29.772+0000] {taskinstance.py:2614} INFO - Dependencies all met for dep_context=non-requeueable deps ti=<TaskInstance: ELT_postgresql.daily_sales_country_currency scheduled__2026-01-20T00:00:00+00:00 [queued]>
[2026-01-21T02:27:29.793+0000] {taskinstance.py:2614} INFO - Dependencies all met for dep_context=requeueable deps ti=<TaskInstance: ELT_postgresql.daily_sales_country_currency scheduled__2026-01-20T00:00:00+00:00 [queued]>
[2026-01-21T02:27:29.794+0000] {taskinstance.py:2867} INFO - Starting attempt 1 of 1
[2026-01-21T02:27:29.824+0000] {taskinstance.py:2890} INFO - Executing <Task(BashOperator): daily_sales_country_currency> on 2026-01-20 00:00:00+00:00
[2026-01-21T02:27:29.864+0000] {warnings.py:112} WARNING - /home/***/.local/lib/python3.12/site-packages/***/task/task_runner/standard_task_runner.py:70: DeprecationWarning: This process (pid=3542) is multi-threaded, use of fork() may lead to deadlocks in the child.
  pid = os.fork()

[2026-01-21T02:27:29.878+0000] {standard_task_runner.py:104} INFO - Running: ['***', 'tasks', 'run', 'ELT_postgresql', 'daily_sales_country_currency', 'scheduled__2026-01-20T00:00:00+00:00', '--job-id', '31', '--raw', '--subdir', 'DAGS_FOLDER/ETL_postgresql_dag/etl_postgresql.py', '--cfg-path', '/tmp/tmpizhua8ww']
[2026-01-21T02:27:29.887+0000] {standard_task_runner.py:105} INFO - Job 31: Subtask daily_sales_country_currency
[2026-01-21T02:27:29.887+0000] {standard_task_runner.py:72} INFO - Started process 3552 to run task
[2026-01-21T02:27:30.285+0000] {task_command.py:467} INFO - Running <TaskInstance: ELT_postgresql.daily_sales_country_currency scheduled__2026-01-20T00:00:00+00:00 [running]> on host 1bbd73b39365
[2026-01-21T02:27:30.679+0000] {taskinstance.py:3134} INFO - Exporting env vars: AIRFLOW_CTX_DAG_OWNER='Bereket Tafesse' AIRFLOW_CTX_DAG_ID='ELT_postgresql' AIRFLOW_CTX_TASK_ID='daily_sales_country_currency' AIRFLOW_CTX_EXECUTION_DATE='2026-01-20T00:00:00+00:00' AIRFLOW_CTX_TRY_NUMBER='1' AIRFLOW_CTX_DAG_RUN_ID='scheduled__2026-01-20T00:00:00+00:00'
[2026-01-21T02:27:30.717+0000] {logging_mixin.py:190} INFO - Task instance is in running state
[2026-01-21T02:27:30.718+0000] {logging_mixin.py:190} INFO -  Previous state of the Task instance: queued
[2026-01-21T02:27:30.719+0000] {logging_mixin.py:190} INFO - Current task name:daily_sales_country_currency state:running start_date:2026-01-21 02:27:29.774073+00:00
[2026-01-21T02:27:30.720+0000] {logging_mixin.py:190} INFO - Dag name:ELT_postgresql and current dag run status:running
[2026-01-21T02:27:30.723+0000] {taskinstance.py:732} INFO - ::endgroup::
[2026-01-21T02:27:30.738+0000] {subprocess.py:78} INFO - Tmp dir root location: /tmp
[2026-01-21T02:27:30.741+0000] {subprocess.py:88} INFO - Running command: ['/usr/bin/bash', '-c', 'python /opt/***/dags/ETL_postgresql_dag/python_tasks/daily_sales_country_currency.py']
[2026-01-21T02:27:30.797+0000] {subprocess.py:99} INFO - Output:
[2026-01-21T02:27:43.511+0000] {subprocess.py:106} INFO - [2026-01-21T02:27:43.497+0000] {base.py:84} INFO - Retrieving connection 'postgresql_connection'
[2026-01-21T02:27:43.572+0000] {subprocess.py:106} INFO - [2026-01-21T02:27:43.549+0000] {sql.py:511} INFO - Running statement:
[2026-01-21T02:27:43.594+0000] {subprocess.py:106} INFO -         DROP TABLE IF EXISTS daily_sales_country_currency;
[2026-01-21T02:27:43.613+0000] {subprocess.py:106} INFO - 
[2026-01-21T02:27:43.632+0000] {subprocess.py:106} INFO -         CREATE TABLE daily_sales_country_currency AS
[2026-01-21T02:27:43.665+0000] {subprocess.py:106} INFO -         SELECT
[2026-01-21T02:27:43.681+0000] {subprocess.py:106} INFO -             DATE(purchase_timestamp) AS purchase_date,
[2026-01-21T02:27:43.697+0000] {subprocess.py:106} INFO -             store_country,
[2026-01-21T02:27:43.705+0000] {subprocess.py:106} INFO -             currency,
[2026-01-21T02:27:43.726+0000] {subprocess.py:106} INFO -             SUM(total_amount) AS daily_total_sales,
[2026-01-21T02:27:43.741+0000] {subprocess.py:106} INFO -             COUNT(DISTINCT transaction_id) AS number_of_transactions,
[2026-01-21T02:27:43.760+0000] {subprocess.py:106} INFO -             AVG(total_amount) AS average_transaction_value
[2026-01-21T02:27:43.783+0000] {subprocess.py:106} INFO -         FROM exploded_products
[2026-01-21T02:27:43.802+0000] {subprocess.py:106} INFO -         GROUP BY DATE(purchase_timestamp), store_country, currency;
[2026-01-21T02:27:43.830+0000] {subprocess.py:106} INFO -     , parameters: None
[2026-01-21T02:27:43.831+0000] {subprocess.py:106} INFO - [2026-01-21T02:27:43.621+0000] {sql.py:520} INFO - Rows affected: 0
[2026-01-21T02:27:44.387+0000] {subprocess.py:110} INFO - Command exited with return code 0
[2026-01-21T02:27:44.803+0000] {taskinstance.py:341} INFO - ::group::Post task execution logs
[2026-01-21T02:27:44.824+0000] {taskinstance.py:353} INFO - Marking task as SUCCESS. dag_id=ELT_postgresql, task_id=daily_sales_country_currency, run_id=scheduled__2026-01-20T00:00:00+00:00, execution_date=20260120T000000, start_date=20260121T022729, end_date=20260121T022744
[2026-01-21T02:27:45.046+0000] {logging_mixin.py:190} INFO - Task instance in success state
[2026-01-21T02:27:45.050+0000] {logging_mixin.py:190} INFO -  Previous state of the Task instance: running
[2026-01-21T02:27:45.056+0000] {logging_mixin.py:190} INFO - Dag name:ELT_postgresql queued_at:2026-01-21 02:27:08.022207+00:00
[2026-01-21T02:27:45.059+0000] {logging_mixin.py:190} INFO - Task hostname:1bbd73b39365 operator:BashOperator
[2026-01-21T02:27:45.409+0000] {local_task_job_runner.py:266} INFO - Task exited with return code 0
[2026-01-21T02:27:45.688+0000] {taskinstance.py:3901} INFO - 0 downstream tasks scheduled from follow-on schedule check
[2026-01-21T02:27:45.694+0000] {local_task_job_runner.py:245} INFO - ::endgroup::
