[2026-02-22T21:43:49.365+0000] {processor.py:186} INFO - Started process (PID=2732) to work on /opt/airflow/dags/ETL_postgresql_dag/etl_postgresql.py
[2026-02-22T21:43:49.389+0000] {processor.py:914} INFO - Processing file /opt/airflow/dags/ETL_postgresql_dag/etl_postgresql.py for tasks to queue
[2026-02-22T21:43:49.426+0000] {logging_mixin.py:190} INFO - [2026-02-22T21:43:49.419+0000] {dagbag.py:588} INFO - Filling up the DagBag from /opt/airflow/dags/ETL_postgresql_dag/etl_postgresql.py
[2026-02-22T21:43:50.539+0000] {processor.py:925} INFO - DAG(s) 'ELT_postgresql' retrieved from /opt/airflow/dags/ETL_postgresql_dag/etl_postgresql.py
[2026-02-22T21:43:51.349+0000] {logging_mixin.py:190} INFO - [2026-02-22T21:43:51.344+0000] {dag.py:3239} INFO - Sync 1 DAGs
[2026-02-22T21:43:52.726+0000] {logging_mixin.py:190} INFO - [2026-02-22T21:43:52.725+0000] {dag.py:4180} INFO - Setting next_dagrun for ELT_postgresql to 2026-02-22 00:00:00+00:00, run_after=2026-02-23 00:00:00+00:00
[2026-02-22T21:43:53.551+0000] {processor.py:208} INFO - Processing /opt/airflow/dags/ETL_postgresql_dag/etl_postgresql.py took 4.571 seconds
[2026-02-22T21:46:45.510+0000] {processor.py:186} INFO - Started process (PID=2805) to work on /opt/airflow/dags/ETL_postgresql_dag/etl_postgresql.py
[2026-02-22T21:46:45.519+0000] {processor.py:914} INFO - Processing file /opt/airflow/dags/ETL_postgresql_dag/etl_postgresql.py for tasks to queue
[2026-02-22T21:46:45.527+0000] {logging_mixin.py:190} INFO - [2026-02-22T21:46:45.526+0000] {dagbag.py:588} INFO - Filling up the DagBag from /opt/airflow/dags/ETL_postgresql_dag/etl_postgresql.py
[2026-02-22T21:46:45.777+0000] {processor.py:925} INFO - DAG(s) 'ELT_postgresql' retrieved from /opt/airflow/dags/ETL_postgresql_dag/etl_postgresql.py
[2026-02-22T21:46:45.912+0000] {logging_mixin.py:190} INFO - [2026-02-22T21:46:45.911+0000] {dag.py:3239} INFO - Sync 1 DAGs
[2026-02-22T21:46:46.045+0000] {logging_mixin.py:190} INFO - [2026-02-22T21:46:46.043+0000] {dag.py:4180} INFO - Setting next_dagrun for ELT_postgresql to 2026-02-22 00:00:00+00:00, run_after=2026-02-23 00:00:00+00:00
[2026-02-22T21:46:46.157+0000] {processor.py:208} INFO - Processing /opt/airflow/dags/ETL_postgresql_dag/etl_postgresql.py took 0.679 seconds
[2026-02-22T21:47:33.744+0000] {processor.py:186} INFO - Started process (PID=2866) to work on /opt/airflow/dags/ETL_postgresql_dag/etl_postgresql.py
[2026-02-22T21:47:33.755+0000] {processor.py:914} INFO - Processing file /opt/airflow/dags/ETL_postgresql_dag/etl_postgresql.py for tasks to queue
[2026-02-22T21:47:33.761+0000] {logging_mixin.py:190} INFO - [2026-02-22T21:47:33.760+0000] {dagbag.py:588} INFO - Filling up the DagBag from /opt/airflow/dags/ETL_postgresql_dag/etl_postgresql.py
[2026-02-22T21:47:34.026+0000] {processor.py:925} INFO - DAG(s) 'ELT_postgresql' retrieved from /opt/airflow/dags/ETL_postgresql_dag/etl_postgresql.py
[2026-02-22T21:47:34.259+0000] {logging_mixin.py:190} INFO - [2026-02-22T21:47:34.258+0000] {dag.py:3239} INFO - Sync 1 DAGs
[2026-02-22T21:47:34.479+0000] {logging_mixin.py:190} INFO - [2026-02-22T21:47:34.478+0000] {dag.py:4180} INFO - Setting next_dagrun for ELT_postgresql to 2026-02-22 00:00:00+00:00, run_after=2026-02-23 00:00:00+00:00
[2026-02-22T21:47:34.978+0000] {processor.py:208} INFO - Processing /opt/airflow/dags/ETL_postgresql_dag/etl_postgresql.py took 1.285 seconds
[2026-02-22T21:48:12.421+0000] {processor.py:186} INFO - Started process (PID=2903) to work on /opt/airflow/dags/ETL_postgresql_dag/etl_postgresql.py
[2026-02-22T21:48:12.433+0000] {processor.py:914} INFO - Processing file /opt/airflow/dags/ETL_postgresql_dag/etl_postgresql.py for tasks to queue
[2026-02-22T21:48:12.440+0000] {logging_mixin.py:190} INFO - [2026-02-22T21:48:12.439+0000] {dagbag.py:588} INFO - Filling up the DagBag from /opt/airflow/dags/ETL_postgresql_dag/etl_postgresql.py
[2026-02-22T21:48:12.973+0000] {processor.py:925} INFO - DAG(s) 'ELT_postgresql' retrieved from /opt/airflow/dags/ETL_postgresql_dag/etl_postgresql.py
[2026-02-22T21:48:13.645+0000] {logging_mixin.py:190} INFO - [2026-02-22T21:48:13.644+0000] {dag.py:3239} INFO - Sync 1 DAGs
[2026-02-22T21:48:14.263+0000] {logging_mixin.py:190} INFO - [2026-02-22T21:48:14.262+0000] {dag.py:4180} INFO - Setting next_dagrun for ELT_postgresql to 2026-02-22 00:00:00+00:00, run_after=2026-02-23 00:00:00+00:00
[2026-02-22T21:48:14.614+0000] {processor.py:208} INFO - Processing /opt/airflow/dags/ETL_postgresql_dag/etl_postgresql.py took 2.247 seconds
[2026-02-22T22:31:56.009+0000] {processor.py:186} INFO - Started process (PID=2922) to work on /opt/airflow/dags/ETL_postgresql_dag/etl_postgresql.py
[2026-02-22T22:31:56.072+0000] {processor.py:914} INFO - Processing file /opt/airflow/dags/ETL_postgresql_dag/etl_postgresql.py for tasks to queue
[2026-02-22T22:31:56.139+0000] {logging_mixin.py:190} INFO - [2026-02-22T22:31:56.105+0000] {dagbag.py:588} INFO - Filling up the DagBag from /opt/airflow/dags/ETL_postgresql_dag/etl_postgresql.py
[2026-02-22T22:31:56.716+0000] {processor.py:925} INFO - DAG(s) 'ELT_postgresql' retrieved from /opt/airflow/dags/ETL_postgresql_dag/etl_postgresql.py
[2026-02-22T22:32:12.059+0000] {logging_mixin.py:190} INFO - [2026-02-22T22:32:12.007+0000] {dag.py:3239} INFO - Sync 1 DAGs
[2026-02-22T22:32:12.385+0000] {logging_mixin.py:190} INFO - [2026-02-22T22:32:12.384+0000] {dag.py:4180} INFO - Setting next_dagrun for ELT_postgresql to 2026-02-22 00:00:00+00:00, run_after=2026-02-23 00:00:00+00:00
[2026-02-22T22:32:12.616+0000] {processor.py:208} INFO - Processing /opt/airflow/dags/ETL_postgresql_dag/etl_postgresql.py took 17.097 seconds
[2026-02-22T22:33:01.882+0000] {processor.py:186} INFO - Started process (PID=2993) to work on /opt/airflow/dags/ETL_postgresql_dag/etl_postgresql.py
[2026-02-22T22:33:01.888+0000] {processor.py:914} INFO - Processing file /opt/airflow/dags/ETL_postgresql_dag/etl_postgresql.py for tasks to queue
[2026-02-22T22:33:01.896+0000] {logging_mixin.py:190} INFO - [2026-02-22T22:33:01.894+0000] {dagbag.py:588} INFO - Filling up the DagBag from /opt/airflow/dags/ETL_postgresql_dag/etl_postgresql.py
[2026-02-22T22:33:02.017+0000] {processor.py:925} INFO - DAG(s) 'ELT_postgresql' retrieved from /opt/airflow/dags/ETL_postgresql_dag/etl_postgresql.py
[2026-02-22T22:33:02.147+0000] {logging_mixin.py:190} INFO - [2026-02-22T22:33:02.146+0000] {dag.py:3239} INFO - Sync 1 DAGs
[2026-02-22T22:33:02.272+0000] {logging_mixin.py:190} INFO - [2026-02-22T22:33:02.271+0000] {dag.py:4180} INFO - Setting next_dagrun for ELT_postgresql to 2026-02-22 00:00:00+00:00, run_after=2026-02-23 00:00:00+00:00
[2026-02-22T22:33:02.371+0000] {processor.py:208} INFO - Processing /opt/airflow/dags/ETL_postgresql_dag/etl_postgresql.py took 0.523 seconds
[2026-02-22T22:33:39.020+0000] {processor.py:186} INFO - Started process (PID=3058) to work on /opt/airflow/dags/ETL_postgresql_dag/etl_postgresql.py
[2026-02-22T22:33:39.027+0000] {processor.py:914} INFO - Processing file /opt/airflow/dags/ETL_postgresql_dag/etl_postgresql.py for tasks to queue
[2026-02-22T22:33:39.035+0000] {logging_mixin.py:190} INFO - [2026-02-22T22:33:39.033+0000] {dagbag.py:588} INFO - Filling up the DagBag from /opt/airflow/dags/ETL_postgresql_dag/etl_postgresql.py
[2026-02-22T22:33:39.549+0000] {processor.py:925} INFO - DAG(s) 'ELT_postgresql' retrieved from /opt/airflow/dags/ETL_postgresql_dag/etl_postgresql.py
[2026-02-22T22:33:39.669+0000] {logging_mixin.py:190} INFO - [2026-02-22T22:33:39.667+0000] {dag.py:3239} INFO - Sync 1 DAGs
[2026-02-22T22:33:39.820+0000] {logging_mixin.py:190} INFO - [2026-02-22T22:33:39.819+0000] {dag.py:4180} INFO - Setting next_dagrun for ELT_postgresql to 2026-02-22 00:00:00+00:00, run_after=2026-02-23 00:00:00+00:00
[2026-02-22T22:33:39.954+0000] {processor.py:208} INFO - Processing /opt/airflow/dags/ETL_postgresql_dag/etl_postgresql.py took 0.968 seconds
[2026-02-22T22:51:44.245+0000] {processor.py:186} INFO - Started process (PID=3115) to work on /opt/airflow/dags/ETL_postgresql_dag/etl_postgresql.py
[2026-02-22T22:51:44.318+0000] {processor.py:914} INFO - Processing file /opt/airflow/dags/ETL_postgresql_dag/etl_postgresql.py for tasks to queue
[2026-02-22T22:51:44.339+0000] {logging_mixin.py:190} INFO - [2026-02-22T22:51:44.333+0000] {dagbag.py:588} INFO - Filling up the DagBag from /opt/airflow/dags/ETL_postgresql_dag/etl_postgresql.py
[2026-02-22T22:51:44.727+0000] {processor.py:925} INFO - DAG(s) 'ELT_postgresql' retrieved from /opt/airflow/dags/ETL_postgresql_dag/etl_postgresql.py
[2026-02-22T22:51:45.151+0000] {logging_mixin.py:190} INFO - [2026-02-22T22:51:45.150+0000] {dag.py:3239} INFO - Sync 1 DAGs
[2026-02-22T22:51:45.575+0000] {logging_mixin.py:190} INFO - [2026-02-22T22:51:45.574+0000] {dag.py:4180} INFO - Setting next_dagrun for ELT_postgresql to 2026-02-22 00:00:00+00:00, run_after=2026-02-23 00:00:00+00:00
[2026-02-22T22:51:45.880+0000] {processor.py:208} INFO - Processing /opt/airflow/dags/ETL_postgresql_dag/etl_postgresql.py took 1.757 seconds
[2026-02-22T23:12:40.225+0000] {processor.py:186} INFO - Started process (PID=3153) to work on /opt/airflow/dags/ETL_postgresql_dag/etl_postgresql.py
[2026-02-22T23:12:40.240+0000] {processor.py:914} INFO - Processing file /opt/airflow/dags/ETL_postgresql_dag/etl_postgresql.py for tasks to queue
[2026-02-22T23:12:40.259+0000] {logging_mixin.py:190} INFO - [2026-02-22T23:12:40.253+0000] {dagbag.py:588} INFO - Filling up the DagBag from /opt/airflow/dags/ETL_postgresql_dag/etl_postgresql.py
[2026-02-22T23:12:40.446+0000] {processor.py:925} INFO - DAG(s) 'ELT_postgresql' retrieved from /opt/airflow/dags/ETL_postgresql_dag/etl_postgresql.py
[2026-02-22T23:12:40.690+0000] {logging_mixin.py:190} INFO - [2026-02-22T23:12:40.688+0000] {dag.py:3239} INFO - Sync 1 DAGs
[2026-02-22T23:12:40.857+0000] {logging_mixin.py:190} INFO - [2026-02-22T23:12:40.855+0000] {dag.py:4180} INFO - Setting next_dagrun for ELT_postgresql to 2026-02-22 00:00:00+00:00, run_after=2026-02-23 00:00:00+00:00
[2026-02-22T23:12:41.019+0000] {processor.py:208} INFO - Processing /opt/airflow/dags/ETL_postgresql_dag/etl_postgresql.py took 0.898 seconds
[2026-02-22T23:13:32.880+0000] {processor.py:186} INFO - Started process (PID=3224) to work on /opt/airflow/dags/ETL_postgresql_dag/etl_postgresql.py
[2026-02-22T23:13:32.886+0000] {processor.py:914} INFO - Processing file /opt/airflow/dags/ETL_postgresql_dag/etl_postgresql.py for tasks to queue
[2026-02-22T23:13:32.893+0000] {logging_mixin.py:190} INFO - [2026-02-22T23:13:32.891+0000] {dagbag.py:588} INFO - Filling up the DagBag from /opt/airflow/dags/ETL_postgresql_dag/etl_postgresql.py
[2026-02-22T23:13:33.048+0000] {processor.py:925} INFO - DAG(s) 'ELT_postgresql' retrieved from /opt/airflow/dags/ETL_postgresql_dag/etl_postgresql.py
[2026-02-22T23:13:33.169+0000] {logging_mixin.py:190} INFO - [2026-02-22T23:13:33.168+0000] {dag.py:3239} INFO - Sync 1 DAGs
[2026-02-22T23:13:33.310+0000] {logging_mixin.py:190} INFO - [2026-02-22T23:13:33.309+0000] {dag.py:4180} INFO - Setting next_dagrun for ELT_postgresql to 2026-02-22 00:00:00+00:00, run_after=2026-02-23 00:00:00+00:00
[2026-02-22T23:13:33.419+0000] {processor.py:208} INFO - Processing /opt/airflow/dags/ETL_postgresql_dag/etl_postgresql.py took 0.566 seconds
