[2026-01-23T17:06:20.643+0000] {local_task_job_runner.py:123} INFO - ::group::Pre task execution logs
[2026-01-23T17:06:20.711+0000] {taskinstance.py:2614} INFO - Dependencies all met for dep_context=non-requeueable deps ti=<TaskInstance: ELT_postgresql.store_sales_summary manual__2026-01-23T17:06:12.426468+00:00 [queued]>
[2026-01-23T17:06:20.744+0000] {taskinstance.py:2614} INFO - Dependencies all met for dep_context=requeueable deps ti=<TaskInstance: ELT_postgresql.store_sales_summary manual__2026-01-23T17:06:12.426468+00:00 [queued]>
[2026-01-23T17:06:20.746+0000] {taskinstance.py:2867} INFO - Starting attempt 1 of 1
[2026-01-23T17:06:20.785+0000] {taskinstance.py:2890} INFO - Executing <Task(BashOperator): store_sales_summary> on 2026-01-23 17:06:12.426468+00:00
[2026-01-23T17:06:20.807+0000] {warnings.py:112} WARNING - /home/***/.local/lib/python3.12/site-packages/***/task/task_runner/standard_task_runner.py:70: DeprecationWarning: This process (pid=438) is multi-threaded, use of fork() may lead to deadlocks in the child.
  pid = os.fork()

[2026-01-23T17:06:20.813+0000] {standard_task_runner.py:72} INFO - Started process 445 to run task
[2026-01-23T17:06:20.812+0000] {standard_task_runner.py:104} INFO - Running: ['***', 'tasks', 'run', 'ELT_postgresql', 'store_sales_summary', 'manual__2026-01-23T17:06:12.426468+00:00', '--job-id', '52', '--raw', '--subdir', 'DAGS_FOLDER/ETL_postgresql_dag/etl_postgresql.py', '--cfg-path', '/tmp/tmp611tkyrt']
[2026-01-23T17:06:20.817+0000] {standard_task_runner.py:105} INFO - Job 52: Subtask store_sales_summary
[2026-01-23T17:06:20.959+0000] {task_command.py:467} INFO - Running <TaskInstance: ELT_postgresql.store_sales_summary manual__2026-01-23T17:06:12.426468+00:00 [running]> on host 1bbd73b39365
[2026-01-23T17:06:22.151+0000] {taskinstance.py:3134} INFO - Exporting env vars: AIRFLOW_CTX_DAG_OWNER='Bereket Tafesse' AIRFLOW_CTX_DAG_ID='ELT_postgresql' AIRFLOW_CTX_TASK_ID='store_sales_summary' AIRFLOW_CTX_EXECUTION_DATE='2026-01-23T17:06:12.426468+00:00' AIRFLOW_CTX_TRY_NUMBER='1' AIRFLOW_CTX_DAG_RUN_ID='manual__2026-01-23T17:06:12.426468+00:00'
[2026-01-23T17:06:22.156+0000] {logging_mixin.py:190} INFO - Task instance is in running state
[2026-01-23T17:06:22.158+0000] {logging_mixin.py:190} INFO -  Previous state of the Task instance: queued
[2026-01-23T17:06:22.161+0000] {logging_mixin.py:190} INFO - Current task name:store_sales_summary state:running start_date:2026-01-23 17:06:20.713179+00:00
[2026-01-23T17:06:22.163+0000] {logging_mixin.py:190} INFO - Dag name:ELT_postgresql and current dag run status:running
[2026-01-23T17:06:22.165+0000] {taskinstance.py:732} INFO - ::endgroup::
[2026-01-23T17:06:22.177+0000] {subprocess.py:78} INFO - Tmp dir root location: /tmp
[2026-01-23T17:06:22.190+0000] {subprocess.py:88} INFO - Running command: ['/usr/bin/bash', '-c', 'python /opt/***/dags/ETL_postgresql_dag/python_tasks/store_sales_summary.py']
[2026-01-23T17:06:22.245+0000] {subprocess.py:99} INFO - Output:
[2026-01-23T17:06:34.110+0000] {subprocess.py:106} INFO - [2026-01-23T17:06:34.107+0000] {base.py:84} INFO - Retrieving connection 'postgresql_connection'
[2026-01-23T17:06:34.130+0000] {subprocess.py:106} INFO - [2026-01-23T17:06:34.128+0000] {sql.py:511} INFO - Running statement:
[2026-01-23T17:06:34.132+0000] {subprocess.py:106} INFO -         DROP TABLE IF EXISTS store_sales_summary;
[2026-01-23T17:06:34.134+0000] {subprocess.py:106} INFO - 
[2026-01-23T17:06:34.136+0000] {subprocess.py:106} INFO -         CREATE TABLE store_sales_summary AS
[2026-01-23T17:06:34.138+0000] {subprocess.py:106} INFO -         SELECT
[2026-01-23T17:06:34.139+0000] {subprocess.py:106} INFO -             store_id,
[2026-01-23T17:06:34.141+0000] {subprocess.py:106} INFO -             store_name,
[2026-01-23T17:06:34.143+0000] {subprocess.py:106} INFO -             store_country,
[2026-01-23T17:06:34.144+0000] {subprocess.py:106} INFO -             store_city,
[2026-01-23T17:06:34.146+0000] {subprocess.py:106} INFO -             store_type,
[2026-01-23T17:06:34.148+0000] {subprocess.py:106} INFO -             SUM(total_amount) AS total_sales_amount,
[2026-01-23T17:06:34.149+0000] {subprocess.py:106} INFO -             SUM(total_quantity_sold) AS total_quantity_sold
[2026-01-23T17:06:34.151+0000] {subprocess.py:106} INFO -         FROM exploded_products
[2026-01-23T17:06:34.153+0000] {subprocess.py:106} INFO -         GROUP BY store_id, store_name, store_country, store_city, store_type;
[2026-01-23T17:06:34.155+0000] {subprocess.py:106} INFO -     , parameters: None
[2026-01-23T17:06:34.412+0000] {subprocess.py:106} INFO - [2026-01-23T17:06:34.410+0000] {sql.py:520} INFO - Rows affected: 29930
[2026-01-23T17:06:35.492+0000] {subprocess.py:110} INFO - Command exited with return code 0
[2026-01-23T17:06:35.549+0000] {taskinstance.py:341} INFO - ::group::Post task execution logs
[2026-01-23T17:06:35.551+0000] {taskinstance.py:353} INFO - Marking task as SUCCESS. dag_id=ELT_postgresql, task_id=store_sales_summary, run_id=manual__2026-01-23T17:06:12.426468+00:00, execution_date=20260123T170612, start_date=20260123T170620, end_date=20260123T170635
[2026-01-23T17:06:35.613+0000] {logging_mixin.py:190} INFO - Task instance in success state
[2026-01-23T17:06:35.614+0000] {logging_mixin.py:190} INFO -  Previous state of the Task instance: running
[2026-01-23T17:06:35.615+0000] {logging_mixin.py:190} INFO - Dag name:ELT_postgresql queued_at:2026-01-23 17:06:12.455266+00:00
[2026-01-23T17:06:35.618+0000] {logging_mixin.py:190} INFO - Task hostname:1bbd73b39365 operator:BashOperator
[2026-01-23T17:06:35.651+0000] {local_task_job_runner.py:266} INFO - Task exited with return code 0
[2026-01-23T17:06:35.955+0000] {standard_task_runner.py:217} INFO - Process not found (most likely exited), stop collecting metrics
[2026-01-23T17:06:35.968+0000] {taskinstance.py:3901} INFO - 0 downstream tasks scheduled from follow-on schedule check
[2026-01-23T17:06:35.972+0000] {local_task_job_runner.py:245} INFO - ::endgroup::
