[2026-01-20T15:25:06.971+0000] {local_task_job_runner.py:123} INFO - ::group::Pre task execution logs
[2026-01-20T15:25:07.071+0000] {taskinstance.py:2614} INFO - Dependencies all met for dep_context=non-requeueable deps ti=<TaskInstance: ETL_json_postgresql.load_data_to_mysql manual__2026-01-20T15:24:58.257241+00:00 [queued]>
[2026-01-20T15:25:07.146+0000] {taskinstance.py:2614} INFO - Dependencies all met for dep_context=requeueable deps ti=<TaskInstance: ETL_json_postgresql.load_data_to_mysql manual__2026-01-20T15:24:58.257241+00:00 [queued]>
[2026-01-20T15:25:07.152+0000] {taskinstance.py:2867} INFO - Starting attempt 1 of 1
[2026-01-20T15:25:07.637+0000] {taskinstance.py:2890} INFO - Executing <Task(PythonOperator): load_data_to_mysql> on 2026-01-20 15:24:58.257241+00:00
[2026-01-20T15:25:07.677+0000] {warnings.py:112} WARNING - /home/***/.local/lib/python3.12/site-packages/***/task/task_runner/standard_task_runner.py:70: DeprecationWarning: This process (pid=279) is multi-threaded, use of fork() may lead to deadlocks in the child.
  pid = os.fork()

[2026-01-20T15:25:07.687+0000] {standard_task_runner.py:72} INFO - Started process 287 to run task
[2026-01-20T15:25:07.688+0000] {standard_task_runner.py:104} INFO - Running: ['***', 'tasks', 'run', 'ETL_json_postgresql', 'load_data_to_mysql', 'manual__2026-01-20T15:24:58.257241+00:00', '--job-id', '7', '--raw', '--subdir', 'DAGS_FOLDER/ETL_json_postgresql_dag/etl_json_postgresql.py', '--cfg-path', '/tmp/tmpcfwbm0vl']
[2026-01-20T15:25:07.696+0000] {standard_task_runner.py:105} INFO - Job 7: Subtask load_data_to_mysql
[2026-01-20T15:25:08.021+0000] {task_command.py:467} INFO - Running <TaskInstance: ETL_json_postgresql.load_data_to_mysql manual__2026-01-20T15:24:58.257241+00:00 [running]> on host 9de7224434ec
[2026-01-20T15:25:08.541+0000] {taskinstance.py:3134} INFO - Exporting env vars: AIRFLOW_CTX_DAG_OWNER='Bereket Tafesse' AIRFLOW_CTX_DAG_ID='ETL_json_postgresql' AIRFLOW_CTX_TASK_ID='load_data_to_mysql' AIRFLOW_CTX_EXECUTION_DATE='2026-01-20T15:24:58.257241+00:00' AIRFLOW_CTX_TRY_NUMBER='1' AIRFLOW_CTX_DAG_RUN_ID='manual__2026-01-20T15:24:58.257241+00:00'
[2026-01-20T15:25:08.548+0000] {logging_mixin.py:190} INFO - Task instance is in running state
[2026-01-20T15:25:08.550+0000] {logging_mixin.py:190} INFO -  Previous state of the Task instance: queued
[2026-01-20T15:25:08.553+0000] {logging_mixin.py:190} INFO - Current task name:load_data_to_mysql state:running start_date:2026-01-20 15:25:07.073985+00:00
[2026-01-20T15:25:08.554+0000] {logging_mixin.py:190} INFO - Dag name:ETL_json_postgresql and current dag run status:running
[2026-01-20T15:25:08.556+0000] {taskinstance.py:732} INFO - ::endgroup::
[2026-01-20T15:25:08.587+0000] {taskinstance.py:3313} ERROR - Task failed with exception
Traceback (most recent call last):
  File "/home/airflow/.local/lib/python3.12/site-packages/airflow/models/taskinstance.py", line 768, in _execute_task
    result = _execute_callable(context=context, **execute_callable_kwargs)
             ^^^^^^^^^^^^^^^^^^^^^^^^^^^^^^^^^^^^^^^^^^^^^^^^^^^^^^^^^^^^^
  File "/home/airflow/.local/lib/python3.12/site-packages/airflow/models/taskinstance.py", line 734, in _execute_callable
    return ExecutionCallableRunner(
           ^^^^^^^^^^^^^^^^^^^^^^^^
  File "/home/airflow/.local/lib/python3.12/site-packages/airflow/utils/operator_helpers.py", line 252, in run
    return self.func(*args, **kwargs)
           ^^^^^^^^^^^^^^^^^^^^^^^^^^
  File "/home/airflow/.local/lib/python3.12/site-packages/airflow/models/baseoperator.py", line 424, in wrapper
    return func(self, *args, **kwargs)
           ^^^^^^^^^^^^^^^^^^^^^^^^^^^
  File "/home/airflow/.local/lib/python3.12/site-packages/airflow/operators/python.py", line 238, in execute
    return_value = self.execute_callable()
                   ^^^^^^^^^^^^^^^^^^^^^^^
  File "/home/airflow/.local/lib/python3.12/site-packages/airflow/operators/python.py", line 256, in execute_callable
    return runner.run(*self.op_args, **self.op_kwargs)
           ^^^^^^^^^^^^^^^^^^^^^^^^^^^^^^^^^^^^^^^^^^^
  File "/home/airflow/.local/lib/python3.12/site-packages/airflow/utils/operator_helpers.py", line 252, in run
    return self.func(*args, **kwargs)
           ^^^^^^^^^^^^^^^^^^^^^^^^^^
  File "/opt/airflow/dags/ETL_json_postgresql_dag/etl_json_postgresql.py", line 25, in load_data
    with open(json_file_path, 'r') as json_file:
         ^^^^^^^^^^^^^^^^^^^^^^^^^
FileNotFoundError: [Errno 2] No such file or directory: 'fichier_source\\data\\pos_sales_data_30k.json'
[2026-01-20T15:25:08.641+0000] {logging_mixin.py:190} INFO - Task instance in failure state
[2026-01-20T15:25:08.645+0000] {logging_mixin.py:190} INFO - Task start:2026-01-20 15:25:07.073985+00:00 end:2026-01-20 15:25:08.639737+00:00 duration:1.565752
[2026-01-20T15:25:08.648+0000] {logging_mixin.py:190} INFO - Task:<Task(PythonOperator): load_data_to_mysql> dag:<DAG: ETL_json_postgresql> dagrun:<DagRun ETL_json_postgresql @ 2026-01-20 15:24:58.257241+00:00: manual__2026-01-20T15:24:58.257241+00:00, state:running, queued_at: 2026-01-20 15:24:58.324512+00:00. externally triggered: True>
[2026-01-20T15:25:08.650+0000] {logging_mixin.py:190} INFO - Failure caused by [Errno 2] No such file or directory: 'fichier_source\\data\\pos_sales_data_30k.json'
[2026-01-20T15:25:08.653+0000] {taskinstance.py:1226} INFO - Marking task as FAILED. dag_id=ETL_json_postgresql, task_id=load_data_to_mysql, run_id=manual__2026-01-20T15:24:58.257241+00:00, execution_date=20260120T152458, start_date=20260120T152507, end_date=20260120T152508
[2026-01-20T15:25:08.769+0000] {taskinstance.py:341} INFO - ::group::Post task execution logs
[2026-01-20T15:25:08.772+0000] {standard_task_runner.py:124} ERROR - Failed to execute job 7 for task load_data_to_mysql ([Errno 2] No such file or directory: 'fichier_source\\data\\pos_sales_data_30k.json'; 287)
Traceback (most recent call last):
  File "/home/airflow/.local/lib/python3.12/site-packages/airflow/task/task_runner/standard_task_runner.py", line 117, in _start_by_fork
    ret = args.func(args, dag=self.dag)
          ^^^^^^^^^^^^^^^^^^^^^^^^^^^^^
  File "/home/airflow/.local/lib/python3.12/site-packages/airflow/cli/cli_config.py", line 49, in command
    return func(*args, **kwargs)
           ^^^^^^^^^^^^^^^^^^^^^
  File "/home/airflow/.local/lib/python3.12/site-packages/airflow/utils/cli.py", line 116, in wrapper
    return f(*args, **kwargs)
           ^^^^^^^^^^^^^^^^^^
  File "/home/airflow/.local/lib/python3.12/site-packages/airflow/cli/commands/task_command.py", line 483, in task_run
    task_return_code = _run_task_by_selected_method(args, _dag, ti)
                       ^^^^^^^^^^^^^^^^^^^^^^^^^^^^^^^^^^^^^^^^^^^^
  File "/home/airflow/.local/lib/python3.12/site-packages/airflow/cli/commands/task_command.py", line 256, in _run_task_by_selected_method
    return _run_raw_task(args, ti)
           ^^^^^^^^^^^^^^^^^^^^^^^
  File "/home/airflow/.local/lib/python3.12/site-packages/airflow/cli/commands/task_command.py", line 341, in _run_raw_task
    return ti._run_raw_task(
           ^^^^^^^^^^^^^^^^^
  File "/home/airflow/.local/lib/python3.12/site-packages/airflow/utils/session.py", line 97, in wrapper
    return func(*args, session=session, **kwargs)
           ^^^^^^^^^^^^^^^^^^^^^^^^^^^^^^^^^^^^^^
  File "/home/airflow/.local/lib/python3.12/site-packages/airflow/models/taskinstance.py", line 3006, in _run_raw_task
    return _run_raw_task(
           ^^^^^^^^^^^^^^
  File "/home/airflow/.local/lib/python3.12/site-packages/airflow/models/taskinstance.py", line 274, in _run_raw_task
    TaskInstance._execute_task_with_callbacks(
  File "/home/airflow/.local/lib/python3.12/site-packages/airflow/models/taskinstance.py", line 3161, in _execute_task_with_callbacks
    result = self._execute_task(context, task_orig)
             ^^^^^^^^^^^^^^^^^^^^^^^^^^^^^^^^^^^^^^
  File "/home/airflow/.local/lib/python3.12/site-packages/airflow/models/taskinstance.py", line 3185, in _execute_task
    return _execute_task(self, context, task_orig)
           ^^^^^^^^^^^^^^^^^^^^^^^^^^^^^^^^^^^^^^^
  File "/home/airflow/.local/lib/python3.12/site-packages/airflow/models/taskinstance.py", line 768, in _execute_task
    result = _execute_callable(context=context, **execute_callable_kwargs)
             ^^^^^^^^^^^^^^^^^^^^^^^^^^^^^^^^^^^^^^^^^^^^^^^^^^^^^^^^^^^^^
  File "/home/airflow/.local/lib/python3.12/site-packages/airflow/models/taskinstance.py", line 734, in _execute_callable
    return ExecutionCallableRunner(
           ^^^^^^^^^^^^^^^^^^^^^^^^
  File "/home/airflow/.local/lib/python3.12/site-packages/airflow/utils/operator_helpers.py", line 252, in run
    return self.func(*args, **kwargs)
           ^^^^^^^^^^^^^^^^^^^^^^^^^^
  File "/home/airflow/.local/lib/python3.12/site-packages/airflow/models/baseoperator.py", line 424, in wrapper
    return func(self, *args, **kwargs)
           ^^^^^^^^^^^^^^^^^^^^^^^^^^^
  File "/home/airflow/.local/lib/python3.12/site-packages/airflow/operators/python.py", line 238, in execute
    return_value = self.execute_callable()
                   ^^^^^^^^^^^^^^^^^^^^^^^
  File "/home/airflow/.local/lib/python3.12/site-packages/airflow/operators/python.py", line 256, in execute_callable
    return runner.run(*self.op_args, **self.op_kwargs)
           ^^^^^^^^^^^^^^^^^^^^^^^^^^^^^^^^^^^^^^^^^^^
  File "/home/airflow/.local/lib/python3.12/site-packages/airflow/utils/operator_helpers.py", line 252, in run
    return self.func(*args, **kwargs)
           ^^^^^^^^^^^^^^^^^^^^^^^^^^
  File "/opt/airflow/dags/ETL_json_postgresql_dag/etl_json_postgresql.py", line 25, in load_data
    with open(json_file_path, 'r') as json_file:
         ^^^^^^^^^^^^^^^^^^^^^^^^^
FileNotFoundError: [Errno 2] No such file or directory: 'fichier_source\\data\\pos_sales_data_30k.json'
[2026-01-20T15:25:08.855+0000] {local_task_job_runner.py:266} INFO - Task exited with return code 1
[2026-01-20T15:25:08.915+0000] {local_task_job_runner.py:245} INFO - ::endgroup::
