[2026-02-23T07:41:33.604+0000] {processor.py:186} INFO - Started process (PID=3281) to work on /home/airflow/.local/lib/python3.12/site-packages/airflow/example_dags/example_short_circuit_decorator.py
[2026-02-23T07:41:33.640+0000] {processor.py:914} INFO - Processing file /home/airflow/.local/lib/python3.12/site-packages/airflow/example_dags/example_short_circuit_decorator.py for tasks to queue
[2026-02-23T07:41:33.798+0000] {logging_mixin.py:190} INFO - [2026-02-23T07:41:33.737+0000] {dagbag.py:588} INFO - Filling up the DagBag from /home/airflow/.local/lib/python3.12/site-packages/airflow/example_dags/example_short_circuit_decorator.py
[2026-02-23T07:41:35.383+0000] {processor.py:925} INFO - DAG(s) 'example_short_circuit_decorator' retrieved from /home/airflow/.local/lib/python3.12/site-packages/airflow/example_dags/example_short_circuit_decorator.py
[2026-02-23T07:41:35.878+0000] {logging_mixin.py:190} INFO - [2026-02-23T07:41:35.877+0000] {dag.py:3239} INFO - Sync 1 DAGs
[2026-02-23T07:41:36.266+0000] {logging_mixin.py:190} INFO - [2026-02-23T07:41:36.265+0000] {dag.py:4180} INFO - Setting next_dagrun for example_short_circuit_decorator to None, run_after=None
[2026-02-23T07:41:36.454+0000] {processor.py:208} INFO - Processing /home/airflow/.local/lib/python3.12/site-packages/airflow/example_dags/example_short_circuit_decorator.py took 3.605 seconds
[2026-02-23T07:42:20.688+0000] {processor.py:186} INFO - Started process (PID=3367) to work on /home/airflow/.local/lib/python3.12/site-packages/airflow/example_dags/example_short_circuit_decorator.py
[2026-02-23T07:42:20.694+0000] {processor.py:914} INFO - Processing file /home/airflow/.local/lib/python3.12/site-packages/airflow/example_dags/example_short_circuit_decorator.py for tasks to queue
[2026-02-23T07:42:20.700+0000] {logging_mixin.py:190} INFO - [2026-02-23T07:42:20.699+0000] {dagbag.py:588} INFO - Filling up the DagBag from /home/airflow/.local/lib/python3.12/site-packages/airflow/example_dags/example_short_circuit_decorator.py
[2026-02-23T07:42:20.731+0000] {processor.py:925} INFO - DAG(s) 'example_short_circuit_decorator' retrieved from /home/airflow/.local/lib/python3.12/site-packages/airflow/example_dags/example_short_circuit_decorator.py
[2026-02-23T07:42:20.818+0000] {logging_mixin.py:190} INFO - [2026-02-23T07:42:20.817+0000] {dag.py:3239} INFO - Sync 1 DAGs
[2026-02-23T07:42:20.872+0000] {logging_mixin.py:190} INFO - [2026-02-23T07:42:20.871+0000] {dag.py:4180} INFO - Setting next_dagrun for example_short_circuit_decorator to None, run_after=None
[2026-02-23T07:42:20.945+0000] {processor.py:208} INFO - Processing /home/airflow/.local/lib/python3.12/site-packages/airflow/example_dags/example_short_circuit_decorator.py took 0.279 seconds
[2026-02-23T07:42:51.569+0000] {processor.py:186} INFO - Started process (PID=3431) to work on /home/airflow/.local/lib/python3.12/site-packages/airflow/example_dags/example_short_circuit_decorator.py
[2026-02-23T07:42:51.572+0000] {processor.py:914} INFO - Processing file /home/airflow/.local/lib/python3.12/site-packages/airflow/example_dags/example_short_circuit_decorator.py for tasks to queue
[2026-02-23T07:42:51.575+0000] {logging_mixin.py:190} INFO - [2026-02-23T07:42:51.575+0000] {dagbag.py:588} INFO - Filling up the DagBag from /home/airflow/.local/lib/python3.12/site-packages/airflow/example_dags/example_short_circuit_decorator.py
[2026-02-23T07:42:51.597+0000] {processor.py:925} INFO - DAG(s) 'example_short_circuit_decorator' retrieved from /home/airflow/.local/lib/python3.12/site-packages/airflow/example_dags/example_short_circuit_decorator.py
[2026-02-23T07:42:51.659+0000] {logging_mixin.py:190} INFO - [2026-02-23T07:42:51.658+0000] {dag.py:3239} INFO - Sync 1 DAGs
[2026-02-23T07:42:51.694+0000] {logging_mixin.py:190} INFO - [2026-02-23T07:42:51.694+0000] {dag.py:4180} INFO - Setting next_dagrun for example_short_circuit_decorator to None, run_after=None
[2026-02-23T07:42:51.739+0000] {processor.py:208} INFO - Processing /home/airflow/.local/lib/python3.12/site-packages/airflow/example_dags/example_short_circuit_decorator.py took 0.189 seconds
[2026-02-23T08:18:07.351+0000] {processor.py:186} INFO - Started process (PID=105) to work on /home/airflow/.local/lib/python3.12/site-packages/airflow/example_dags/example_short_circuit_decorator.py
[2026-02-23T08:18:07.356+0000] {processor.py:914} INFO - Processing file /home/airflow/.local/lib/python3.12/site-packages/airflow/example_dags/example_short_circuit_decorator.py for tasks to queue
[2026-02-23T08:18:07.363+0000] {logging_mixin.py:190} INFO - [2026-02-23T08:18:07.362+0000] {dagbag.py:588} INFO - Filling up the DagBag from /home/airflow/.local/lib/python3.12/site-packages/airflow/example_dags/example_short_circuit_decorator.py
[2026-02-23T08:18:07.406+0000] {processor.py:925} INFO - DAG(s) 'example_short_circuit_decorator' retrieved from /home/airflow/.local/lib/python3.12/site-packages/airflow/example_dags/example_short_circuit_decorator.py
[2026-02-23T08:18:07.471+0000] {logging_mixin.py:190} INFO - [2026-02-23T08:18:07.471+0000] {dag.py:3239} INFO - Sync 1 DAGs
[2026-02-23T08:18:07.511+0000] {logging_mixin.py:190} INFO - [2026-02-23T08:18:07.511+0000] {dag.py:4180} INFO - Setting next_dagrun for example_short_circuit_decorator to None, run_after=None
[2026-02-23T08:18:07.572+0000] {processor.py:208} INFO - Processing /home/airflow/.local/lib/python3.12/site-packages/airflow/example_dags/example_short_circuit_decorator.py took 0.239 seconds
[2026-02-23T08:18:42.892+0000] {processor.py:186} INFO - Started process (PID=170) to work on /home/airflow/.local/lib/python3.12/site-packages/airflow/example_dags/example_short_circuit_decorator.py
[2026-02-23T08:18:42.896+0000] {processor.py:914} INFO - Processing file /home/airflow/.local/lib/python3.12/site-packages/airflow/example_dags/example_short_circuit_decorator.py for tasks to queue
[2026-02-23T08:18:42.905+0000] {logging_mixin.py:190} INFO - [2026-02-23T08:18:42.904+0000] {dagbag.py:588} INFO - Filling up the DagBag from /home/airflow/.local/lib/python3.12/site-packages/airflow/example_dags/example_short_circuit_decorator.py
[2026-02-23T08:18:42.944+0000] {processor.py:925} INFO - DAG(s) 'example_short_circuit_decorator' retrieved from /home/airflow/.local/lib/python3.12/site-packages/airflow/example_dags/example_short_circuit_decorator.py
[2026-02-23T08:18:43.042+0000] {logging_mixin.py:190} INFO - [2026-02-23T08:18:43.041+0000] {dag.py:3239} INFO - Sync 1 DAGs
[2026-02-23T08:18:43.122+0000] {logging_mixin.py:190} INFO - [2026-02-23T08:18:43.121+0000] {dag.py:4180} INFO - Setting next_dagrun for example_short_circuit_decorator to None, run_after=None
[2026-02-23T08:18:43.208+0000] {processor.py:208} INFO - Processing /home/airflow/.local/lib/python3.12/site-packages/airflow/example_dags/example_short_circuit_decorator.py took 0.339 seconds
[2026-02-23T08:19:15.705+0000] {processor.py:186} INFO - Started process (PID=241) to work on /home/airflow/.local/lib/python3.12/site-packages/airflow/example_dags/example_short_circuit_decorator.py
[2026-02-23T08:19:15.711+0000] {processor.py:914} INFO - Processing file /home/airflow/.local/lib/python3.12/site-packages/airflow/example_dags/example_short_circuit_decorator.py for tasks to queue
[2026-02-23T08:19:15.718+0000] {logging_mixin.py:190} INFO - [2026-02-23T08:19:15.717+0000] {dagbag.py:588} INFO - Filling up the DagBag from /home/airflow/.local/lib/python3.12/site-packages/airflow/example_dags/example_short_circuit_decorator.py
[2026-02-23T08:19:15.757+0000] {processor.py:925} INFO - DAG(s) 'example_short_circuit_decorator' retrieved from /home/airflow/.local/lib/python3.12/site-packages/airflow/example_dags/example_short_circuit_decorator.py
[2026-02-23T08:19:15.930+0000] {logging_mixin.py:190} INFO - [2026-02-23T08:19:15.929+0000] {dag.py:3239} INFO - Sync 1 DAGs
[2026-02-23T08:19:16.034+0000] {logging_mixin.py:190} INFO - [2026-02-23T08:19:16.033+0000] {dag.py:4180} INFO - Setting next_dagrun for example_short_circuit_decorator to None, run_after=None
[2026-02-23T08:19:16.151+0000] {processor.py:208} INFO - Processing /home/airflow/.local/lib/python3.12/site-packages/airflow/example_dags/example_short_circuit_decorator.py took 0.479 seconds
[2026-02-23T08:19:48.041+0000] {processor.py:186} INFO - Started process (PID=306) to work on /home/airflow/.local/lib/python3.12/site-packages/airflow/example_dags/example_short_circuit_decorator.py
[2026-02-23T08:19:48.044+0000] {processor.py:914} INFO - Processing file /home/airflow/.local/lib/python3.12/site-packages/airflow/example_dags/example_short_circuit_decorator.py for tasks to queue
[2026-02-23T08:19:48.050+0000] {logging_mixin.py:190} INFO - [2026-02-23T08:19:48.049+0000] {dagbag.py:588} INFO - Filling up the DagBag from /home/airflow/.local/lib/python3.12/site-packages/airflow/example_dags/example_short_circuit_decorator.py
[2026-02-23T08:19:48.068+0000] {processor.py:925} INFO - DAG(s) 'example_short_circuit_decorator' retrieved from /home/airflow/.local/lib/python3.12/site-packages/airflow/example_dags/example_short_circuit_decorator.py
[2026-02-23T08:19:48.110+0000] {logging_mixin.py:190} INFO - [2026-02-23T08:19:48.109+0000] {dag.py:3239} INFO - Sync 1 DAGs
[2026-02-23T08:19:48.137+0000] {logging_mixin.py:190} INFO - [2026-02-23T08:19:48.136+0000] {dag.py:4180} INFO - Setting next_dagrun for example_short_circuit_decorator to None, run_after=None
[2026-02-23T08:19:48.176+0000] {processor.py:208} INFO - Processing /home/airflow/.local/lib/python3.12/site-packages/airflow/example_dags/example_short_circuit_decorator.py took 0.147 seconds
[2026-02-23T08:20:19.156+0000] {processor.py:186} INFO - Started process (PID=371) to work on /home/airflow/.local/lib/python3.12/site-packages/airflow/example_dags/example_short_circuit_decorator.py
[2026-02-23T08:20:19.177+0000] {processor.py:914} INFO - Processing file /home/airflow/.local/lib/python3.12/site-packages/airflow/example_dags/example_short_circuit_decorator.py for tasks to queue
[2026-02-23T08:20:19.196+0000] {logging_mixin.py:190} INFO - [2026-02-23T08:20:19.192+0000] {dagbag.py:588} INFO - Filling up the DagBag from /home/airflow/.local/lib/python3.12/site-packages/airflow/example_dags/example_short_circuit_decorator.py
[2026-02-23T08:20:19.261+0000] {processor.py:925} INFO - DAG(s) 'example_short_circuit_decorator' retrieved from /home/airflow/.local/lib/python3.12/site-packages/airflow/example_dags/example_short_circuit_decorator.py
[2026-02-23T08:20:19.461+0000] {logging_mixin.py:190} INFO - [2026-02-23T08:20:19.460+0000] {dag.py:3239} INFO - Sync 1 DAGs
[2026-02-23T08:20:19.568+0000] {logging_mixin.py:190} INFO - [2026-02-23T08:20:19.566+0000] {dag.py:4180} INFO - Setting next_dagrun for example_short_circuit_decorator to None, run_after=None
[2026-02-23T08:20:19.702+0000] {processor.py:208} INFO - Processing /home/airflow/.local/lib/python3.12/site-packages/airflow/example_dags/example_short_circuit_decorator.py took 0.579 seconds
[2026-02-23T08:20:50.106+0000] {processor.py:186} INFO - Started process (PID=434) to work on /home/airflow/.local/lib/python3.12/site-packages/airflow/example_dags/example_short_circuit_decorator.py
[2026-02-23T08:20:50.112+0000] {processor.py:914} INFO - Processing file /home/airflow/.local/lib/python3.12/site-packages/airflow/example_dags/example_short_circuit_decorator.py for tasks to queue
[2026-02-23T08:20:50.123+0000] {logging_mixin.py:190} INFO - [2026-02-23T08:20:50.122+0000] {dagbag.py:588} INFO - Filling up the DagBag from /home/airflow/.local/lib/python3.12/site-packages/airflow/example_dags/example_short_circuit_decorator.py
[2026-02-23T08:20:50.179+0000] {processor.py:925} INFO - DAG(s) 'example_short_circuit_decorator' retrieved from /home/airflow/.local/lib/python3.12/site-packages/airflow/example_dags/example_short_circuit_decorator.py
[2026-02-23T08:20:50.281+0000] {logging_mixin.py:190} INFO - [2026-02-23T08:20:50.280+0000] {dag.py:3239} INFO - Sync 1 DAGs
[2026-02-23T08:20:50.362+0000] {logging_mixin.py:190} INFO - [2026-02-23T08:20:50.361+0000] {dag.py:4180} INFO - Setting next_dagrun for example_short_circuit_decorator to None, run_after=None
[2026-02-23T08:20:50.462+0000] {processor.py:208} INFO - Processing /home/airflow/.local/lib/python3.12/site-packages/airflow/example_dags/example_short_circuit_decorator.py took 0.384 seconds
[2026-02-23T08:21:20.936+0000] {processor.py:186} INFO - Started process (PID=498) to work on /home/airflow/.local/lib/python3.12/site-packages/airflow/example_dags/example_short_circuit_decorator.py
[2026-02-23T08:21:20.939+0000] {processor.py:914} INFO - Processing file /home/airflow/.local/lib/python3.12/site-packages/airflow/example_dags/example_short_circuit_decorator.py for tasks to queue
[2026-02-23T08:21:20.946+0000] {logging_mixin.py:190} INFO - [2026-02-23T08:21:20.945+0000] {dagbag.py:588} INFO - Filling up the DagBag from /home/airflow/.local/lib/python3.12/site-packages/airflow/example_dags/example_short_circuit_decorator.py
[2026-02-23T08:21:20.970+0000] {processor.py:925} INFO - DAG(s) 'example_short_circuit_decorator' retrieved from /home/airflow/.local/lib/python3.12/site-packages/airflow/example_dags/example_short_circuit_decorator.py
[2026-02-23T08:21:21.026+0000] {logging_mixin.py:190} INFO - [2026-02-23T08:21:21.025+0000] {dag.py:3239} INFO - Sync 1 DAGs
[2026-02-23T08:21:21.063+0000] {logging_mixin.py:190} INFO - [2026-02-23T08:21:21.062+0000] {dag.py:4180} INFO - Setting next_dagrun for example_short_circuit_decorator to None, run_after=None
[2026-02-23T08:21:21.115+0000] {processor.py:208} INFO - Processing /home/airflow/.local/lib/python3.12/site-packages/airflow/example_dags/example_short_circuit_decorator.py took 0.193 seconds
[2026-02-23T08:21:52.384+0000] {processor.py:186} INFO - Started process (PID=563) to work on /home/airflow/.local/lib/python3.12/site-packages/airflow/example_dags/example_short_circuit_decorator.py
[2026-02-23T08:21:52.387+0000] {processor.py:914} INFO - Processing file /home/airflow/.local/lib/python3.12/site-packages/airflow/example_dags/example_short_circuit_decorator.py for tasks to queue
[2026-02-23T08:21:52.394+0000] {logging_mixin.py:190} INFO - [2026-02-23T08:21:52.394+0000] {dagbag.py:588} INFO - Filling up the DagBag from /home/airflow/.local/lib/python3.12/site-packages/airflow/example_dags/example_short_circuit_decorator.py
[2026-02-23T08:21:52.418+0000] {processor.py:925} INFO - DAG(s) 'example_short_circuit_decorator' retrieved from /home/airflow/.local/lib/python3.12/site-packages/airflow/example_dags/example_short_circuit_decorator.py
[2026-02-23T08:21:52.476+0000] {logging_mixin.py:190} INFO - [2026-02-23T08:21:52.475+0000] {dag.py:3239} INFO - Sync 1 DAGs
[2026-02-23T08:21:52.513+0000] {logging_mixin.py:190} INFO - [2026-02-23T08:21:52.512+0000] {dag.py:4180} INFO - Setting next_dagrun for example_short_circuit_decorator to None, run_after=None
[2026-02-23T08:21:52.565+0000] {processor.py:208} INFO - Processing /home/airflow/.local/lib/python3.12/site-packages/airflow/example_dags/example_short_circuit_decorator.py took 0.196 seconds
[2026-02-23T08:22:24.377+0000] {processor.py:186} INFO - Started process (PID=628) to work on /home/airflow/.local/lib/python3.12/site-packages/airflow/example_dags/example_short_circuit_decorator.py
[2026-02-23T08:22:24.380+0000] {processor.py:914} INFO - Processing file /home/airflow/.local/lib/python3.12/site-packages/airflow/example_dags/example_short_circuit_decorator.py for tasks to queue
[2026-02-23T08:22:24.387+0000] {logging_mixin.py:190} INFO - [2026-02-23T08:22:24.386+0000] {dagbag.py:588} INFO - Filling up the DagBag from /home/airflow/.local/lib/python3.12/site-packages/airflow/example_dags/example_short_circuit_decorator.py
[2026-02-23T08:22:24.413+0000] {processor.py:925} INFO - DAG(s) 'example_short_circuit_decorator' retrieved from /home/airflow/.local/lib/python3.12/site-packages/airflow/example_dags/example_short_circuit_decorator.py
[2026-02-23T08:22:24.473+0000] {logging_mixin.py:190} INFO - [2026-02-23T08:22:24.473+0000] {dag.py:3239} INFO - Sync 1 DAGs
[2026-02-23T08:22:24.512+0000] {logging_mixin.py:190} INFO - [2026-02-23T08:22:24.512+0000] {dag.py:4180} INFO - Setting next_dagrun for example_short_circuit_decorator to None, run_after=None
[2026-02-23T08:22:24.563+0000] {processor.py:208} INFO - Processing /home/airflow/.local/lib/python3.12/site-packages/airflow/example_dags/example_short_circuit_decorator.py took 0.202 seconds
[2026-02-23T08:24:27.695+0000] {processor.py:186} INFO - Started process (PID=100) to work on /home/airflow/.local/lib/python3.12/site-packages/airflow/example_dags/example_short_circuit_decorator.py
[2026-02-23T08:24:27.698+0000] {processor.py:914} INFO - Processing file /home/airflow/.local/lib/python3.12/site-packages/airflow/example_dags/example_short_circuit_decorator.py for tasks to queue
[2026-02-23T08:24:27.703+0000] {logging_mixin.py:190} INFO - [2026-02-23T08:24:27.702+0000] {dagbag.py:588} INFO - Filling up the DagBag from /home/airflow/.local/lib/python3.12/site-packages/airflow/example_dags/example_short_circuit_decorator.py
[2026-02-23T08:24:27.723+0000] {processor.py:925} INFO - DAG(s) 'example_short_circuit_decorator' retrieved from /home/airflow/.local/lib/python3.12/site-packages/airflow/example_dags/example_short_circuit_decorator.py
[2026-02-23T08:24:27.767+0000] {logging_mixin.py:190} INFO - [2026-02-23T08:24:27.767+0000] {dag.py:3239} INFO - Sync 1 DAGs
[2026-02-23T08:24:27.805+0000] {logging_mixin.py:190} INFO - [2026-02-23T08:24:27.804+0000] {dag.py:4180} INFO - Setting next_dagrun for example_short_circuit_decorator to None, run_after=None
[2026-02-23T08:24:27.852+0000] {processor.py:208} INFO - Processing /home/airflow/.local/lib/python3.12/site-packages/airflow/example_dags/example_short_circuit_decorator.py took 0.168 seconds
[2026-02-23T08:24:58.670+0000] {processor.py:186} INFO - Started process (PID=165) to work on /home/airflow/.local/lib/python3.12/site-packages/airflow/example_dags/example_short_circuit_decorator.py
[2026-02-23T08:24:58.673+0000] {processor.py:914} INFO - Processing file /home/airflow/.local/lib/python3.12/site-packages/airflow/example_dags/example_short_circuit_decorator.py for tasks to queue
[2026-02-23T08:24:58.678+0000] {logging_mixin.py:190} INFO - [2026-02-23T08:24:58.677+0000] {dagbag.py:588} INFO - Filling up the DagBag from /home/airflow/.local/lib/python3.12/site-packages/airflow/example_dags/example_short_circuit_decorator.py
[2026-02-23T08:24:58.702+0000] {processor.py:925} INFO - DAG(s) 'example_short_circuit_decorator' retrieved from /home/airflow/.local/lib/python3.12/site-packages/airflow/example_dags/example_short_circuit_decorator.py
[2026-02-23T08:24:58.759+0000] {logging_mixin.py:190} INFO - [2026-02-23T08:24:58.758+0000] {dag.py:3239} INFO - Sync 1 DAGs
[2026-02-23T08:24:58.792+0000] {logging_mixin.py:190} INFO - [2026-02-23T08:24:58.792+0000] {dag.py:4180} INFO - Setting next_dagrun for example_short_circuit_decorator to None, run_after=None
[2026-02-23T08:24:58.847+0000] {processor.py:208} INFO - Processing /home/airflow/.local/lib/python3.12/site-packages/airflow/example_dags/example_short_circuit_decorator.py took 0.189 seconds
[2026-02-23T08:25:32.505+0000] {processor.py:186} INFO - Started process (PID=235) to work on /home/airflow/.local/lib/python3.12/site-packages/airflow/example_dags/example_short_circuit_decorator.py
[2026-02-23T08:25:32.510+0000] {processor.py:914} INFO - Processing file /home/airflow/.local/lib/python3.12/site-packages/airflow/example_dags/example_short_circuit_decorator.py for tasks to queue
[2026-02-23T08:25:32.522+0000] {logging_mixin.py:190} INFO - [2026-02-23T08:25:32.520+0000] {dagbag.py:588} INFO - Filling up the DagBag from /home/airflow/.local/lib/python3.12/site-packages/airflow/example_dags/example_short_circuit_decorator.py
[2026-02-23T08:25:32.569+0000] {processor.py:925} INFO - DAG(s) 'example_short_circuit_decorator' retrieved from /home/airflow/.local/lib/python3.12/site-packages/airflow/example_dags/example_short_circuit_decorator.py
[2026-02-23T08:25:32.667+0000] {logging_mixin.py:190} INFO - [2026-02-23T08:25:32.666+0000] {dag.py:3239} INFO - Sync 1 DAGs
[2026-02-23T08:25:32.719+0000] {logging_mixin.py:190} INFO - [2026-02-23T08:25:32.719+0000] {dag.py:4180} INFO - Setting next_dagrun for example_short_circuit_decorator to None, run_after=None
[2026-02-23T08:25:32.786+0000] {processor.py:208} INFO - Processing /home/airflow/.local/lib/python3.12/site-packages/airflow/example_dags/example_short_circuit_decorator.py took 0.305 seconds
[2026-02-23T08:26:08.158+0000] {processor.py:186} INFO - Started process (PID=301) to work on /home/airflow/.local/lib/python3.12/site-packages/airflow/example_dags/example_short_circuit_decorator.py
[2026-02-23T08:26:08.163+0000] {processor.py:914} INFO - Processing file /home/airflow/.local/lib/python3.12/site-packages/airflow/example_dags/example_short_circuit_decorator.py for tasks to queue
[2026-02-23T08:26:08.176+0000] {logging_mixin.py:190} INFO - [2026-02-23T08:26:08.174+0000] {dagbag.py:588} INFO - Filling up the DagBag from /home/airflow/.local/lib/python3.12/site-packages/airflow/example_dags/example_short_circuit_decorator.py
[2026-02-23T08:26:08.228+0000] {processor.py:925} INFO - DAG(s) 'example_short_circuit_decorator' retrieved from /home/airflow/.local/lib/python3.12/site-packages/airflow/example_dags/example_short_circuit_decorator.py
[2026-02-23T08:26:08.352+0000] {logging_mixin.py:190} INFO - [2026-02-23T08:26:08.350+0000] {dag.py:3239} INFO - Sync 1 DAGs
[2026-02-23T08:26:08.443+0000] {logging_mixin.py:190} INFO - [2026-02-23T08:26:08.442+0000] {dag.py:4180} INFO - Setting next_dagrun for example_short_circuit_decorator to None, run_after=None
[2026-02-23T08:26:08.546+0000] {processor.py:208} INFO - Processing /home/airflow/.local/lib/python3.12/site-packages/airflow/example_dags/example_short_circuit_decorator.py took 0.415 seconds
[2026-02-23T08:26:39.118+0000] {processor.py:186} INFO - Started process (PID=366) to work on /home/airflow/.local/lib/python3.12/site-packages/airflow/example_dags/example_short_circuit_decorator.py
[2026-02-23T08:26:39.120+0000] {processor.py:914} INFO - Processing file /home/airflow/.local/lib/python3.12/site-packages/airflow/example_dags/example_short_circuit_decorator.py for tasks to queue
[2026-02-23T08:26:39.126+0000] {logging_mixin.py:190} INFO - [2026-02-23T08:26:39.125+0000] {dagbag.py:588} INFO - Filling up the DagBag from /home/airflow/.local/lib/python3.12/site-packages/airflow/example_dags/example_short_circuit_decorator.py
[2026-02-23T08:26:39.151+0000] {processor.py:925} INFO - DAG(s) 'example_short_circuit_decorator' retrieved from /home/airflow/.local/lib/python3.12/site-packages/airflow/example_dags/example_short_circuit_decorator.py
[2026-02-23T08:26:39.207+0000] {logging_mixin.py:190} INFO - [2026-02-23T08:26:39.206+0000] {dag.py:3239} INFO - Sync 1 DAGs
[2026-02-23T08:26:39.241+0000] {logging_mixin.py:190} INFO - [2026-02-23T08:26:39.240+0000] {dag.py:4180} INFO - Setting next_dagrun for example_short_circuit_decorator to None, run_after=None
[2026-02-23T08:26:39.289+0000] {processor.py:208} INFO - Processing /home/airflow/.local/lib/python3.12/site-packages/airflow/example_dags/example_short_circuit_decorator.py took 0.185 seconds
[2026-02-23T08:32:11.454+0000] {processor.py:186} INFO - Started process (PID=130) to work on /home/airflow/.local/lib/python3.12/site-packages/airflow/example_dags/example_short_circuit_decorator.py
[2026-02-23T08:32:11.459+0000] {processor.py:914} INFO - Processing file /home/airflow/.local/lib/python3.12/site-packages/airflow/example_dags/example_short_circuit_decorator.py for tasks to queue
[2026-02-23T08:32:11.472+0000] {logging_mixin.py:190} INFO - [2026-02-23T08:32:11.471+0000] {dagbag.py:588} INFO - Filling up the DagBag from /home/airflow/.local/lib/python3.12/site-packages/airflow/example_dags/example_short_circuit_decorator.py
[2026-02-23T08:32:11.584+0000] {processor.py:925} INFO - DAG(s) 'example_short_circuit_decorator' retrieved from /home/airflow/.local/lib/python3.12/site-packages/airflow/example_dags/example_short_circuit_decorator.py
[2026-02-23T08:32:11.679+0000] {logging_mixin.py:190} INFO - [2026-02-23T08:32:11.679+0000] {dag.py:3239} INFO - Sync 1 DAGs
[2026-02-23T08:32:14.757+0000] {logging_mixin.py:190} INFO - [2026-02-23T08:32:14.733+0000] {dag.py:4180} INFO - Setting next_dagrun for example_short_circuit_decorator to None, run_after=None
[2026-02-23T08:32:14.888+0000] {processor.py:208} INFO - Processing /home/airflow/.local/lib/python3.12/site-packages/airflow/example_dags/example_short_circuit_decorator.py took 3.447 seconds
[2026-02-23T15:42:21.719+0000] {processor.py:186} INFO - Started process (PID=213) to work on /home/airflow/.local/lib/python3.12/site-packages/airflow/example_dags/example_short_circuit_decorator.py
[2026-02-23T15:42:21.723+0000] {processor.py:914} INFO - Processing file /home/airflow/.local/lib/python3.12/site-packages/airflow/example_dags/example_short_circuit_decorator.py for tasks to queue
[2026-02-23T15:42:21.727+0000] {logging_mixin.py:190} INFO - [2026-02-23T15:42:21.726+0000] {dagbag.py:588} INFO - Filling up the DagBag from /home/airflow/.local/lib/python3.12/site-packages/airflow/example_dags/example_short_circuit_decorator.py
[2026-02-23T15:42:21.751+0000] {processor.py:925} INFO - DAG(s) 'example_short_circuit_decorator' retrieved from /home/airflow/.local/lib/python3.12/site-packages/airflow/example_dags/example_short_circuit_decorator.py
[2026-02-23T15:42:21.810+0000] {logging_mixin.py:190} INFO - [2026-02-23T15:42:21.809+0000] {dag.py:3239} INFO - Sync 1 DAGs
[2026-02-23T15:42:21.844+0000] {logging_mixin.py:190} INFO - [2026-02-23T15:42:21.844+0000] {dag.py:4180} INFO - Setting next_dagrun for example_short_circuit_decorator to None, run_after=None
[2026-02-23T15:42:21.889+0000] {processor.py:208} INFO - Processing /home/airflow/.local/lib/python3.12/site-packages/airflow/example_dags/example_short_circuit_decorator.py took 0.183 seconds
[2026-02-23T15:43:04.080+0000] {processor.py:186} INFO - Started process (PID=284) to work on /home/airflow/.local/lib/python3.12/site-packages/airflow/example_dags/example_short_circuit_decorator.py
[2026-02-23T15:43:04.086+0000] {processor.py:914} INFO - Processing file /home/airflow/.local/lib/python3.12/site-packages/airflow/example_dags/example_short_circuit_decorator.py for tasks to queue
[2026-02-23T15:43:04.090+0000] {logging_mixin.py:190} INFO - [2026-02-23T15:43:04.089+0000] {dagbag.py:588} INFO - Filling up the DagBag from /home/airflow/.local/lib/python3.12/site-packages/airflow/example_dags/example_short_circuit_decorator.py
[2026-02-23T15:43:04.136+0000] {processor.py:925} INFO - DAG(s) 'example_short_circuit_decorator' retrieved from /home/airflow/.local/lib/python3.12/site-packages/airflow/example_dags/example_short_circuit_decorator.py
[2026-02-23T15:43:04.212+0000] {logging_mixin.py:190} INFO - [2026-02-23T15:43:04.211+0000] {dag.py:3239} INFO - Sync 1 DAGs
[2026-02-23T15:43:04.274+0000] {logging_mixin.py:190} INFO - [2026-02-23T15:43:04.273+0000] {dag.py:4180} INFO - Setting next_dagrun for example_short_circuit_decorator to None, run_after=None
[2026-02-23T15:43:04.353+0000] {processor.py:208} INFO - Processing /home/airflow/.local/lib/python3.12/site-packages/airflow/example_dags/example_short_circuit_decorator.py took 0.304 seconds
