[2026-02-23T07:42:09.714+0000] {processor.py:186} INFO - Started process (PID=3341) to work on /home/airflow/.local/lib/python3.12/site-packages/airflow/example_dags/example_setup_teardown.py
[2026-02-23T07:42:09.720+0000] {processor.py:914} INFO - Processing file /home/airflow/.local/lib/python3.12/site-packages/airflow/example_dags/example_setup_teardown.py for tasks to queue
[2026-02-23T07:42:09.726+0000] {logging_mixin.py:190} INFO - [2026-02-23T07:42:09.724+0000] {dagbag.py:588} INFO - Filling up the DagBag from /home/airflow/.local/lib/python3.12/site-packages/airflow/example_dags/example_setup_teardown.py
[2026-02-23T07:42:09.763+0000] {processor.py:925} INFO - DAG(s) 'example_setup_teardown' retrieved from /home/airflow/.local/lib/python3.12/site-packages/airflow/example_dags/example_setup_teardown.py
[2026-02-23T07:42:09.854+0000] {logging_mixin.py:190} INFO - [2026-02-23T07:42:09.853+0000] {dag.py:3239} INFO - Sync 1 DAGs
[2026-02-23T07:42:09.911+0000] {logging_mixin.py:190} INFO - [2026-02-23T07:42:09.911+0000] {dag.py:4180} INFO - Setting next_dagrun for example_setup_teardown to None, run_after=None
[2026-02-23T07:42:10.015+0000] {processor.py:208} INFO - Processing /home/airflow/.local/lib/python3.12/site-packages/airflow/example_dags/example_setup_teardown.py took 0.331 seconds
[2026-02-23T07:42:40.900+0000] {processor.py:186} INFO - Started process (PID=3405) to work on /home/airflow/.local/lib/python3.12/site-packages/airflow/example_dags/example_setup_teardown.py
[2026-02-23T07:42:40.905+0000] {processor.py:914} INFO - Processing file /home/airflow/.local/lib/python3.12/site-packages/airflow/example_dags/example_setup_teardown.py for tasks to queue
[2026-02-23T07:42:40.912+0000] {logging_mixin.py:190} INFO - [2026-02-23T07:42:40.910+0000] {dagbag.py:588} INFO - Filling up the DagBag from /home/airflow/.local/lib/python3.12/site-packages/airflow/example_dags/example_setup_teardown.py
[2026-02-23T07:42:40.937+0000] {processor.py:925} INFO - DAG(s) 'example_setup_teardown' retrieved from /home/airflow/.local/lib/python3.12/site-packages/airflow/example_dags/example_setup_teardown.py
[2026-02-23T07:42:41.012+0000] {logging_mixin.py:190} INFO - [2026-02-23T07:42:41.011+0000] {dag.py:3239} INFO - Sync 1 DAGs
[2026-02-23T07:42:41.050+0000] {logging_mixin.py:190} INFO - [2026-02-23T07:42:41.050+0000] {dag.py:4180} INFO - Setting next_dagrun for example_setup_teardown to None, run_after=None
[2026-02-23T07:42:41.117+0000] {processor.py:208} INFO - Processing /home/airflow/.local/lib/python3.12/site-packages/airflow/example_dags/example_setup_teardown.py took 0.235 seconds
[2026-02-23T07:43:46.548+0000] {processor.py:186} INFO - Started process (PID=3498) to work on /home/airflow/.local/lib/python3.12/site-packages/airflow/example_dags/example_setup_teardown.py
[2026-02-23T07:43:46.563+0000] {processor.py:914} INFO - Processing file /home/airflow/.local/lib/python3.12/site-packages/airflow/example_dags/example_setup_teardown.py for tasks to queue
[2026-02-23T07:43:46.573+0000] {logging_mixin.py:190} INFO - [2026-02-23T07:43:46.572+0000] {dagbag.py:588} INFO - Filling up the DagBag from /home/airflow/.local/lib/python3.12/site-packages/airflow/example_dags/example_setup_teardown.py
[2026-02-23T07:43:46.610+0000] {processor.py:925} INFO - DAG(s) 'example_setup_teardown' retrieved from /home/airflow/.local/lib/python3.12/site-packages/airflow/example_dags/example_setup_teardown.py
[2026-02-23T07:43:46.711+0000] {logging_mixin.py:190} INFO - [2026-02-23T07:43:46.710+0000] {dag.py:3239} INFO - Sync 1 DAGs
[2026-02-23T07:43:46.770+0000] {logging_mixin.py:190} INFO - [2026-02-23T07:43:46.769+0000] {dag.py:4180} INFO - Setting next_dagrun for example_setup_teardown to None, run_after=None
[2026-02-23T07:43:46.853+0000] {processor.py:208} INFO - Processing /home/airflow/.local/lib/python3.12/site-packages/airflow/example_dags/example_setup_teardown.py took 0.346 seconds
[2026-02-23T08:18:01.404+0000] {processor.py:186} INFO - Started process (PID=89) to work on /home/airflow/.local/lib/python3.12/site-packages/airflow/example_dags/example_setup_teardown.py
[2026-02-23T08:18:01.408+0000] {processor.py:914} INFO - Processing file /home/airflow/.local/lib/python3.12/site-packages/airflow/example_dags/example_setup_teardown.py for tasks to queue
[2026-02-23T08:18:01.414+0000] {logging_mixin.py:190} INFO - [2026-02-23T08:18:01.413+0000] {dagbag.py:588} INFO - Filling up the DagBag from /home/airflow/.local/lib/python3.12/site-packages/airflow/example_dags/example_setup_teardown.py
[2026-02-23T08:18:01.436+0000] {processor.py:925} INFO - DAG(s) 'example_setup_teardown' retrieved from /home/airflow/.local/lib/python3.12/site-packages/airflow/example_dags/example_setup_teardown.py
[2026-02-23T08:18:01.494+0000] {logging_mixin.py:190} INFO - [2026-02-23T08:18:01.494+0000] {dag.py:3239} INFO - Sync 1 DAGs
[2026-02-23T08:18:01.532+0000] {logging_mixin.py:190} INFO - [2026-02-23T08:18:01.532+0000] {dag.py:4180} INFO - Setting next_dagrun for example_setup_teardown to None, run_after=None
[2026-02-23T08:18:01.588+0000] {processor.py:208} INFO - Processing /home/airflow/.local/lib/python3.12/site-packages/airflow/example_dags/example_setup_teardown.py took 0.198 seconds
[2026-02-23T08:18:35.199+0000] {processor.py:186} INFO - Started process (PID=153) to work on /home/airflow/.local/lib/python3.12/site-packages/airflow/example_dags/example_setup_teardown.py
[2026-02-23T08:18:35.207+0000] {processor.py:914} INFO - Processing file /home/airflow/.local/lib/python3.12/site-packages/airflow/example_dags/example_setup_teardown.py for tasks to queue
[2026-02-23T08:18:35.228+0000] {logging_mixin.py:190} INFO - [2026-02-23T08:18:35.226+0000] {dagbag.py:588} INFO - Filling up the DagBag from /home/airflow/.local/lib/python3.12/site-packages/airflow/example_dags/example_setup_teardown.py
[2026-02-23T08:18:35.274+0000] {processor.py:925} INFO - DAG(s) 'example_setup_teardown' retrieved from /home/airflow/.local/lib/python3.12/site-packages/airflow/example_dags/example_setup_teardown.py
[2026-02-23T08:18:35.376+0000] {logging_mixin.py:190} INFO - [2026-02-23T08:18:35.375+0000] {dag.py:3239} INFO - Sync 1 DAGs
[2026-02-23T08:18:35.449+0000] {logging_mixin.py:190} INFO - [2026-02-23T08:18:35.448+0000] {dag.py:4180} INFO - Setting next_dagrun for example_setup_teardown to None, run_after=None
[2026-02-23T08:18:35.529+0000] {processor.py:208} INFO - Processing /home/airflow/.local/lib/python3.12/site-packages/airflow/example_dags/example_setup_teardown.py took 0.359 seconds
[2026-02-23T08:19:07.809+0000] {processor.py:186} INFO - Started process (PID=218) to work on /home/airflow/.local/lib/python3.12/site-packages/airflow/example_dags/example_setup_teardown.py
[2026-02-23T08:19:07.814+0000] {processor.py:914} INFO - Processing file /home/airflow/.local/lib/python3.12/site-packages/airflow/example_dags/example_setup_teardown.py for tasks to queue
[2026-02-23T08:19:07.826+0000] {logging_mixin.py:190} INFO - [2026-02-23T08:19:07.825+0000] {dagbag.py:588} INFO - Filling up the DagBag from /home/airflow/.local/lib/python3.12/site-packages/airflow/example_dags/example_setup_teardown.py
[2026-02-23T08:19:07.863+0000] {processor.py:925} INFO - DAG(s) 'example_setup_teardown' retrieved from /home/airflow/.local/lib/python3.12/site-packages/airflow/example_dags/example_setup_teardown.py
[2026-02-23T08:19:07.941+0000] {logging_mixin.py:190} INFO - [2026-02-23T08:19:07.940+0000] {dag.py:3239} INFO - Sync 1 DAGs
[2026-02-23T08:19:07.996+0000] {logging_mixin.py:190} INFO - [2026-02-23T08:19:07.995+0000] {dag.py:4180} INFO - Setting next_dagrun for example_setup_teardown to None, run_after=None
[2026-02-23T08:19:08.061+0000] {processor.py:208} INFO - Processing /home/airflow/.local/lib/python3.12/site-packages/airflow/example_dags/example_setup_teardown.py took 0.283 seconds
[2026-02-23T08:19:38.289+0000] {processor.py:186} INFO - Started process (PID=282) to work on /home/airflow/.local/lib/python3.12/site-packages/airflow/example_dags/example_setup_teardown.py
[2026-02-23T08:19:38.291+0000] {processor.py:914} INFO - Processing file /home/airflow/.local/lib/python3.12/site-packages/airflow/example_dags/example_setup_teardown.py for tasks to queue
[2026-02-23T08:19:38.295+0000] {logging_mixin.py:190} INFO - [2026-02-23T08:19:38.294+0000] {dagbag.py:588} INFO - Filling up the DagBag from /home/airflow/.local/lib/python3.12/site-packages/airflow/example_dags/example_setup_teardown.py
[2026-02-23T08:19:38.307+0000] {processor.py:925} INFO - DAG(s) 'example_setup_teardown' retrieved from /home/airflow/.local/lib/python3.12/site-packages/airflow/example_dags/example_setup_teardown.py
[2026-02-23T08:19:38.338+0000] {logging_mixin.py:190} INFO - [2026-02-23T08:19:38.338+0000] {dag.py:3239} INFO - Sync 1 DAGs
[2026-02-23T08:19:38.360+0000] {logging_mixin.py:190} INFO - [2026-02-23T08:19:38.359+0000] {dag.py:4180} INFO - Setting next_dagrun for example_setup_teardown to None, run_after=None
[2026-02-23T08:19:38.391+0000] {processor.py:208} INFO - Processing /home/airflow/.local/lib/python3.12/site-packages/airflow/example_dags/example_setup_teardown.py took 0.112 seconds
[2026-02-23T08:20:09.261+0000] {processor.py:186} INFO - Started process (PID=347) to work on /home/airflow/.local/lib/python3.12/site-packages/airflow/example_dags/example_setup_teardown.py
[2026-02-23T08:20:09.264+0000] {processor.py:914} INFO - Processing file /home/airflow/.local/lib/python3.12/site-packages/airflow/example_dags/example_setup_teardown.py for tasks to queue
[2026-02-23T08:20:09.271+0000] {logging_mixin.py:190} INFO - [2026-02-23T08:20:09.270+0000] {dagbag.py:588} INFO - Filling up the DagBag from /home/airflow/.local/lib/python3.12/site-packages/airflow/example_dags/example_setup_teardown.py
[2026-02-23T08:20:09.293+0000] {processor.py:925} INFO - DAG(s) 'example_setup_teardown' retrieved from /home/airflow/.local/lib/python3.12/site-packages/airflow/example_dags/example_setup_teardown.py
[2026-02-23T08:20:09.345+0000] {logging_mixin.py:190} INFO - [2026-02-23T08:20:09.344+0000] {dag.py:3239} INFO - Sync 1 DAGs
[2026-02-23T08:20:09.385+0000] {logging_mixin.py:190} INFO - [2026-02-23T08:20:09.384+0000] {dag.py:4180} INFO - Setting next_dagrun for example_setup_teardown to None, run_after=None
[2026-02-23T08:20:09.437+0000] {processor.py:208} INFO - Processing /home/airflow/.local/lib/python3.12/site-packages/airflow/example_dags/example_setup_teardown.py took 0.189 seconds
[2026-02-23T08:20:39.958+0000] {processor.py:186} INFO - Started process (PID=411) to work on /home/airflow/.local/lib/python3.12/site-packages/airflow/example_dags/example_setup_teardown.py
[2026-02-23T08:20:39.961+0000] {processor.py:914} INFO - Processing file /home/airflow/.local/lib/python3.12/site-packages/airflow/example_dags/example_setup_teardown.py for tasks to queue
[2026-02-23T08:20:39.967+0000] {logging_mixin.py:190} INFO - [2026-02-23T08:20:39.966+0000] {dagbag.py:588} INFO - Filling up the DagBag from /home/airflow/.local/lib/python3.12/site-packages/airflow/example_dags/example_setup_teardown.py
[2026-02-23T08:20:39.991+0000] {processor.py:925} INFO - DAG(s) 'example_setup_teardown' retrieved from /home/airflow/.local/lib/python3.12/site-packages/airflow/example_dags/example_setup_teardown.py
[2026-02-23T08:20:40.041+0000] {logging_mixin.py:190} INFO - [2026-02-23T08:20:40.040+0000] {dag.py:3239} INFO - Sync 1 DAGs
[2026-02-23T08:20:40.078+0000] {logging_mixin.py:190} INFO - [2026-02-23T08:20:40.078+0000] {dag.py:4180} INFO - Setting next_dagrun for example_setup_teardown to None, run_after=None
[2026-02-23T08:20:40.123+0000] {processor.py:208} INFO - Processing /home/airflow/.local/lib/python3.12/site-packages/airflow/example_dags/example_setup_teardown.py took 0.179 seconds
[2026-02-23T08:21:11.012+0000] {processor.py:186} INFO - Started process (PID=475) to work on /home/airflow/.local/lib/python3.12/site-packages/airflow/example_dags/example_setup_teardown.py
[2026-02-23T08:21:11.018+0000] {processor.py:914} INFO - Processing file /home/airflow/.local/lib/python3.12/site-packages/airflow/example_dags/example_setup_teardown.py for tasks to queue
[2026-02-23T08:21:11.031+0000] {logging_mixin.py:190} INFO - [2026-02-23T08:21:11.029+0000] {dagbag.py:588} INFO - Filling up the DagBag from /home/airflow/.local/lib/python3.12/site-packages/airflow/example_dags/example_setup_teardown.py
[2026-02-23T08:21:11.081+0000] {processor.py:925} INFO - DAG(s) 'example_setup_teardown' retrieved from /home/airflow/.local/lib/python3.12/site-packages/airflow/example_dags/example_setup_teardown.py
[2026-02-23T08:21:11.173+0000] {logging_mixin.py:190} INFO - [2026-02-23T08:21:11.172+0000] {dag.py:3239} INFO - Sync 1 DAGs
[2026-02-23T08:21:11.237+0000] {logging_mixin.py:190} INFO - [2026-02-23T08:21:11.236+0000] {dag.py:4180} INFO - Setting next_dagrun for example_setup_teardown to None, run_after=None
[2026-02-23T08:21:11.324+0000] {processor.py:208} INFO - Processing /home/airflow/.local/lib/python3.12/site-packages/airflow/example_dags/example_setup_teardown.py took 0.335 seconds
[2026-02-23T08:21:41.596+0000] {processor.py:186} INFO - Started process (PID=546) to work on /home/airflow/.local/lib/python3.12/site-packages/airflow/example_dags/example_setup_teardown.py
[2026-02-23T08:21:41.598+0000] {processor.py:914} INFO - Processing file /home/airflow/.local/lib/python3.12/site-packages/airflow/example_dags/example_setup_teardown.py for tasks to queue
[2026-02-23T08:21:41.601+0000] {logging_mixin.py:190} INFO - [2026-02-23T08:21:41.601+0000] {dagbag.py:588} INFO - Filling up the DagBag from /home/airflow/.local/lib/python3.12/site-packages/airflow/example_dags/example_setup_teardown.py
[2026-02-23T08:21:41.610+0000] {processor.py:925} INFO - DAG(s) 'example_setup_teardown' retrieved from /home/airflow/.local/lib/python3.12/site-packages/airflow/example_dags/example_setup_teardown.py
[2026-02-23T08:21:41.633+0000] {logging_mixin.py:190} INFO - [2026-02-23T08:21:41.632+0000] {dag.py:3239} INFO - Sync 1 DAGs
[2026-02-23T08:21:41.647+0000] {logging_mixin.py:190} INFO - [2026-02-23T08:21:41.647+0000] {dag.py:4180} INFO - Setting next_dagrun for example_setup_teardown to None, run_after=None
[2026-02-23T08:21:41.671+0000] {processor.py:208} INFO - Processing /home/airflow/.local/lib/python3.12/site-packages/airflow/example_dags/example_setup_teardown.py took 0.081 seconds
[2026-02-23T08:22:12.718+0000] {processor.py:186} INFO - Started process (PID=611) to work on /home/airflow/.local/lib/python3.12/site-packages/airflow/example_dags/example_setup_teardown.py
[2026-02-23T08:22:12.722+0000] {processor.py:914} INFO - Processing file /home/airflow/.local/lib/python3.12/site-packages/airflow/example_dags/example_setup_teardown.py for tasks to queue
[2026-02-23T08:22:12.729+0000] {logging_mixin.py:190} INFO - [2026-02-23T08:22:12.728+0000] {dagbag.py:588} INFO - Filling up the DagBag from /home/airflow/.local/lib/python3.12/site-packages/airflow/example_dags/example_setup_teardown.py
[2026-02-23T08:22:12.750+0000] {processor.py:925} INFO - DAG(s) 'example_setup_teardown' retrieved from /home/airflow/.local/lib/python3.12/site-packages/airflow/example_dags/example_setup_teardown.py
[2026-02-23T08:22:12.797+0000] {logging_mixin.py:190} INFO - [2026-02-23T08:22:12.797+0000] {dag.py:3239} INFO - Sync 1 DAGs
[2026-02-23T08:22:12.837+0000] {logging_mixin.py:190} INFO - [2026-02-23T08:22:12.836+0000] {dag.py:4180} INFO - Setting next_dagrun for example_setup_teardown to None, run_after=None
[2026-02-23T08:22:12.891+0000] {processor.py:208} INFO - Processing /home/airflow/.local/lib/python3.12/site-packages/airflow/example_dags/example_setup_teardown.py took 0.187 seconds
[2026-02-23T08:24:23.430+0000] {processor.py:186} INFO - Started process (PID=84) to work on /home/airflow/.local/lib/python3.12/site-packages/airflow/example_dags/example_setup_teardown.py
[2026-02-23T08:24:23.434+0000] {processor.py:914} INFO - Processing file /home/airflow/.local/lib/python3.12/site-packages/airflow/example_dags/example_setup_teardown.py for tasks to queue
[2026-02-23T08:24:23.440+0000] {logging_mixin.py:190} INFO - [2026-02-23T08:24:23.439+0000] {dagbag.py:588} INFO - Filling up the DagBag from /home/airflow/.local/lib/python3.12/site-packages/airflow/example_dags/example_setup_teardown.py
[2026-02-23T08:24:23.463+0000] {processor.py:925} INFO - DAG(s) 'example_setup_teardown' retrieved from /home/airflow/.local/lib/python3.12/site-packages/airflow/example_dags/example_setup_teardown.py
[2026-02-23T08:24:23.527+0000] {logging_mixin.py:190} INFO - [2026-02-23T08:24:23.526+0000] {dag.py:3239} INFO - Sync 1 DAGs
[2026-02-23T08:24:23.571+0000] {logging_mixin.py:190} INFO - [2026-02-23T08:24:23.570+0000] {dag.py:4180} INFO - Setting next_dagrun for example_setup_teardown to None, run_after=None
[2026-02-23T08:24:23.631+0000] {processor.py:208} INFO - Processing /home/airflow/.local/lib/python3.12/site-packages/airflow/example_dags/example_setup_teardown.py took 0.215 seconds
[2026-02-23T08:24:53.762+0000] {processor.py:186} INFO - Started process (PID=148) to work on /home/airflow/.local/lib/python3.12/site-packages/airflow/example_dags/example_setup_teardown.py
[2026-02-23T08:24:53.764+0000] {processor.py:914} INFO - Processing file /home/airflow/.local/lib/python3.12/site-packages/airflow/example_dags/example_setup_teardown.py for tasks to queue
[2026-02-23T08:24:53.768+0000] {logging_mixin.py:190} INFO - [2026-02-23T08:24:53.768+0000] {dagbag.py:588} INFO - Filling up the DagBag from /home/airflow/.local/lib/python3.12/site-packages/airflow/example_dags/example_setup_teardown.py
[2026-02-23T08:24:53.781+0000] {processor.py:925} INFO - DAG(s) 'example_setup_teardown' retrieved from /home/airflow/.local/lib/python3.12/site-packages/airflow/example_dags/example_setup_teardown.py
[2026-02-23T08:24:53.813+0000] {logging_mixin.py:190} INFO - [2026-02-23T08:24:53.812+0000] {dag.py:3239} INFO - Sync 1 DAGs
[2026-02-23T08:24:53.836+0000] {logging_mixin.py:190} INFO - [2026-02-23T08:24:53.836+0000] {dag.py:4180} INFO - Setting next_dagrun for example_setup_teardown to None, run_after=None
[2026-02-23T08:24:53.870+0000] {processor.py:208} INFO - Processing /home/airflow/.local/lib/python3.12/site-packages/airflow/example_dags/example_setup_teardown.py took 0.118 seconds
[2026-02-23T08:25:27.126+0000] {processor.py:186} INFO - Started process (PID=213) to work on /home/airflow/.local/lib/python3.12/site-packages/airflow/example_dags/example_setup_teardown.py
[2026-02-23T08:25:27.130+0000] {processor.py:914} INFO - Processing file /home/airflow/.local/lib/python3.12/site-packages/airflow/example_dags/example_setup_teardown.py for tasks to queue
[2026-02-23T08:25:27.144+0000] {logging_mixin.py:190} INFO - [2026-02-23T08:25:27.142+0000] {dagbag.py:588} INFO - Filling up the DagBag from /home/airflow/.local/lib/python3.12/site-packages/airflow/example_dags/example_setup_teardown.py
[2026-02-23T08:25:27.183+0000] {processor.py:925} INFO - DAG(s) 'example_setup_teardown' retrieved from /home/airflow/.local/lib/python3.12/site-packages/airflow/example_dags/example_setup_teardown.py
[2026-02-23T08:25:27.256+0000] {logging_mixin.py:190} INFO - [2026-02-23T08:25:27.255+0000] {dag.py:3239} INFO - Sync 1 DAGs
[2026-02-23T08:25:27.327+0000] {logging_mixin.py:190} INFO - [2026-02-23T08:25:27.326+0000] {dag.py:4180} INFO - Setting next_dagrun for example_setup_teardown to None, run_after=None
[2026-02-23T08:25:27.408+0000] {processor.py:208} INFO - Processing /home/airflow/.local/lib/python3.12/site-packages/airflow/example_dags/example_setup_teardown.py took 0.304 seconds
[2026-02-23T08:25:59.147+0000] {processor.py:186} INFO - Started process (PID=278) to work on /home/airflow/.local/lib/python3.12/site-packages/airflow/example_dags/example_setup_teardown.py
[2026-02-23T08:25:59.151+0000] {processor.py:914} INFO - Processing file /home/airflow/.local/lib/python3.12/site-packages/airflow/example_dags/example_setup_teardown.py for tasks to queue
[2026-02-23T08:25:59.160+0000] {logging_mixin.py:190} INFO - [2026-02-23T08:25:59.159+0000] {dagbag.py:588} INFO - Filling up the DagBag from /home/airflow/.local/lib/python3.12/site-packages/airflow/example_dags/example_setup_teardown.py
[2026-02-23T08:25:59.190+0000] {processor.py:925} INFO - DAG(s) 'example_setup_teardown' retrieved from /home/airflow/.local/lib/python3.12/site-packages/airflow/example_dags/example_setup_teardown.py
[2026-02-23T08:25:59.273+0000] {logging_mixin.py:190} INFO - [2026-02-23T08:25:59.273+0000] {dag.py:3239} INFO - Sync 1 DAGs
[2026-02-23T08:25:59.329+0000] {logging_mixin.py:190} INFO - [2026-02-23T08:25:59.328+0000] {dag.py:4180} INFO - Setting next_dagrun for example_setup_teardown to None, run_after=None
[2026-02-23T08:25:59.394+0000] {processor.py:208} INFO - Processing /home/airflow/.local/lib/python3.12/site-packages/airflow/example_dags/example_setup_teardown.py took 0.270 seconds
[2026-02-23T08:26:30.017+0000] {processor.py:186} INFO - Started process (PID=343) to work on /home/airflow/.local/lib/python3.12/site-packages/airflow/example_dags/example_setup_teardown.py
[2026-02-23T08:26:30.019+0000] {processor.py:914} INFO - Processing file /home/airflow/.local/lib/python3.12/site-packages/airflow/example_dags/example_setup_teardown.py for tasks to queue
[2026-02-23T08:26:30.022+0000] {logging_mixin.py:190} INFO - [2026-02-23T08:26:30.022+0000] {dagbag.py:588} INFO - Filling up the DagBag from /home/airflow/.local/lib/python3.12/site-packages/airflow/example_dags/example_setup_teardown.py
[2026-02-23T08:26:30.032+0000] {processor.py:925} INFO - DAG(s) 'example_setup_teardown' retrieved from /home/airflow/.local/lib/python3.12/site-packages/airflow/example_dags/example_setup_teardown.py
[2026-02-23T08:26:30.056+0000] {logging_mixin.py:190} INFO - [2026-02-23T08:26:30.056+0000] {dag.py:3239} INFO - Sync 1 DAGs
[2026-02-23T08:26:30.073+0000] {logging_mixin.py:190} INFO - [2026-02-23T08:26:30.073+0000] {dag.py:4180} INFO - Setting next_dagrun for example_setup_teardown to None, run_after=None
[2026-02-23T08:26:30.097+0000] {processor.py:208} INFO - Processing /home/airflow/.local/lib/python3.12/site-packages/airflow/example_dags/example_setup_teardown.py took 0.087 seconds
[2026-02-23T08:31:43.008+0000] {processor.py:186} INFO - Started process (PID=109) to work on /home/airflow/.local/lib/python3.12/site-packages/airflow/example_dags/example_setup_teardown.py
[2026-02-23T08:31:43.022+0000] {processor.py:914} INFO - Processing file /home/airflow/.local/lib/python3.12/site-packages/airflow/example_dags/example_setup_teardown.py for tasks to queue
[2026-02-23T08:31:43.038+0000] {logging_mixin.py:190} INFO - [2026-02-23T08:31:43.036+0000] {dagbag.py:588} INFO - Filling up the DagBag from /home/airflow/.local/lib/python3.12/site-packages/airflow/example_dags/example_setup_teardown.py
[2026-02-23T08:31:43.138+0000] {processor.py:925} INFO - DAG(s) 'example_setup_teardown' retrieved from /home/airflow/.local/lib/python3.12/site-packages/airflow/example_dags/example_setup_teardown.py
[2026-02-23T08:31:43.391+0000] {logging_mixin.py:190} INFO - [2026-02-23T08:31:43.390+0000] {dag.py:3239} INFO - Sync 1 DAGs
[2026-02-23T08:31:43.548+0000] {logging_mixin.py:190} INFO - [2026-02-23T08:31:43.547+0000] {dag.py:4180} INFO - Setting next_dagrun for example_setup_teardown to None, run_after=None
[2026-02-23T08:31:43.753+0000] {processor.py:208} INFO - Processing /home/airflow/.local/lib/python3.12/site-packages/airflow/example_dags/example_setup_teardown.py took 0.798 seconds
[2026-02-23T15:42:11.940+0000] {processor.py:186} INFO - Started process (PID=179) to work on /home/airflow/.local/lib/python3.12/site-packages/airflow/example_dags/example_setup_teardown.py
[2026-02-23T15:42:11.942+0000] {processor.py:914} INFO - Processing file /home/airflow/.local/lib/python3.12/site-packages/airflow/example_dags/example_setup_teardown.py for tasks to queue
[2026-02-23T15:42:11.945+0000] {logging_mixin.py:190} INFO - [2026-02-23T15:42:11.944+0000] {dagbag.py:588} INFO - Filling up the DagBag from /home/airflow/.local/lib/python3.12/site-packages/airflow/example_dags/example_setup_teardown.py
[2026-02-23T15:42:11.965+0000] {processor.py:925} INFO - DAG(s) 'example_setup_teardown' retrieved from /home/airflow/.local/lib/python3.12/site-packages/airflow/example_dags/example_setup_teardown.py
[2026-02-23T15:42:12.017+0000] {logging_mixin.py:190} INFO - [2026-02-23T15:42:12.016+0000] {dag.py:3239} INFO - Sync 1 DAGs
[2026-02-23T15:42:12.059+0000] {logging_mixin.py:190} INFO - [2026-02-23T15:42:12.059+0000] {dag.py:4180} INFO - Setting next_dagrun for example_setup_teardown to None, run_after=None
[2026-02-23T15:42:12.119+0000] {processor.py:208} INFO - Processing /home/airflow/.local/lib/python3.12/site-packages/airflow/example_dags/example_setup_teardown.py took 0.194 seconds
[2026-02-23T15:42:42.464+0000] {processor.py:186} INFO - Started process (PID=244) to work on /home/airflow/.local/lib/python3.12/site-packages/airflow/example_dags/example_setup_teardown.py
[2026-02-23T15:42:42.465+0000] {processor.py:914} INFO - Processing file /home/airflow/.local/lib/python3.12/site-packages/airflow/example_dags/example_setup_teardown.py for tasks to queue
[2026-02-23T15:42:42.467+0000] {logging_mixin.py:190} INFO - [2026-02-23T15:42:42.467+0000] {dagbag.py:588} INFO - Filling up the DagBag from /home/airflow/.local/lib/python3.12/site-packages/airflow/example_dags/example_setup_teardown.py
[2026-02-23T15:42:42.476+0000] {processor.py:925} INFO - DAG(s) 'example_setup_teardown' retrieved from /home/airflow/.local/lib/python3.12/site-packages/airflow/example_dags/example_setup_teardown.py
[2026-02-23T15:42:42.498+0000] {logging_mixin.py:190} INFO - [2026-02-23T15:42:42.498+0000] {dag.py:3239} INFO - Sync 1 DAGs
[2026-02-23T15:42:42.514+0000] {logging_mixin.py:190} INFO - [2026-02-23T15:42:42.514+0000] {dag.py:4180} INFO - Setting next_dagrun for example_setup_teardown to None, run_after=None
[2026-02-23T15:42:42.542+0000] {processor.py:208} INFO - Processing /home/airflow/.local/lib/python3.12/site-packages/airflow/example_dags/example_setup_teardown.py took 0.085 seconds
