[2026-02-23T07:41:56.182+0000] {processor.py:186} INFO - Started process (PID=3320) to work on /home/airflow/.local/lib/python3.12/site-packages/airflow/example_dags/example_branch_python_dop_operator_3.py
[2026-02-23T07:41:56.186+0000] {processor.py:914} INFO - Processing file /home/airflow/.local/lib/python3.12/site-packages/airflow/example_dags/example_branch_python_dop_operator_3.py for tasks to queue
[2026-02-23T07:41:56.192+0000] {logging_mixin.py:190} INFO - [2026-02-23T07:41:56.191+0000] {dagbag.py:588} INFO - Filling up the DagBag from /home/airflow/.local/lib/python3.12/site-packages/airflow/example_dags/example_branch_python_dop_operator_3.py
[2026-02-23T07:41:56.247+0000] {processor.py:925} INFO - DAG(s) 'example_branch_dop_operator_v3' retrieved from /home/airflow/.local/lib/python3.12/site-packages/airflow/example_dags/example_branch_python_dop_operator_3.py
[2026-02-23T07:41:56.353+0000] {logging_mixin.py:190} INFO - [2026-02-23T07:41:56.352+0000] {dag.py:3239} INFO - Sync 1 DAGs
[2026-02-23T07:41:56.493+0000] {logging_mixin.py:190} INFO - [2026-02-23T07:41:56.489+0000] {dag.py:4180} INFO - Setting next_dagrun for example_branch_dop_operator_v3 to 2026-02-23 07:40:00+00:00, run_after=2026-02-23 07:41:00+00:00
[2026-02-23T07:41:56.586+0000] {processor.py:208} INFO - Processing /home/airflow/.local/lib/python3.12/site-packages/airflow/example_dags/example_branch_python_dop_operator_3.py took 0.439 seconds
[2026-02-23T07:42:27.027+0000] {processor.py:186} INFO - Started process (PID=3384) to work on /home/airflow/.local/lib/python3.12/site-packages/airflow/example_dags/example_branch_python_dop_operator_3.py
[2026-02-23T07:42:27.032+0000] {processor.py:914} INFO - Processing file /home/airflow/.local/lib/python3.12/site-packages/airflow/example_dags/example_branch_python_dop_operator_3.py for tasks to queue
[2026-02-23T07:42:27.039+0000] {logging_mixin.py:190} INFO - [2026-02-23T07:42:27.037+0000] {dagbag.py:588} INFO - Filling up the DagBag from /home/airflow/.local/lib/python3.12/site-packages/airflow/example_dags/example_branch_python_dop_operator_3.py
[2026-02-23T07:42:27.068+0000] {processor.py:925} INFO - DAG(s) 'example_branch_dop_operator_v3' retrieved from /home/airflow/.local/lib/python3.12/site-packages/airflow/example_dags/example_branch_python_dop_operator_3.py
[2026-02-23T07:42:27.161+0000] {logging_mixin.py:190} INFO - [2026-02-23T07:42:27.160+0000] {dag.py:3239} INFO - Sync 1 DAGs
[2026-02-23T07:42:27.267+0000] {logging_mixin.py:190} INFO - [2026-02-23T07:42:27.266+0000] {dag.py:4180} INFO - Setting next_dagrun for example_branch_dop_operator_v3 to 2026-02-23 07:41:00+00:00, run_after=2026-02-23 07:42:00+00:00
[2026-02-23T07:42:27.356+0000] {processor.py:208} INFO - Processing /home/airflow/.local/lib/python3.12/site-packages/airflow/example_dags/example_branch_python_dop_operator_3.py took 0.355 seconds
[2026-02-23T07:42:58.606+0000] {processor.py:186} INFO - Started process (PID=3449) to work on /home/airflow/.local/lib/python3.12/site-packages/airflow/example_dags/example_branch_python_dop_operator_3.py
[2026-02-23T07:42:58.615+0000] {processor.py:914} INFO - Processing file /home/airflow/.local/lib/python3.12/site-packages/airflow/example_dags/example_branch_python_dop_operator_3.py for tasks to queue
[2026-02-23T07:42:58.619+0000] {logging_mixin.py:190} INFO - [2026-02-23T07:42:58.618+0000] {dagbag.py:588} INFO - Filling up the DagBag from /home/airflow/.local/lib/python3.12/site-packages/airflow/example_dags/example_branch_python_dop_operator_3.py
[2026-02-23T07:42:58.699+0000] {processor.py:925} INFO - DAG(s) 'example_branch_dop_operator_v3' retrieved from /home/airflow/.local/lib/python3.12/site-packages/airflow/example_dags/example_branch_python_dop_operator_3.py
[2026-02-23T07:42:58.862+0000] {logging_mixin.py:190} INFO - [2026-02-23T07:42:58.861+0000] {dag.py:3239} INFO - Sync 1 DAGs
[2026-02-23T07:42:59.007+0000] {logging_mixin.py:190} INFO - [2026-02-23T07:42:59.005+0000] {dag.py:4180} INFO - Setting next_dagrun for example_branch_dop_operator_v3 to 2026-02-23 07:41:00+00:00, run_after=2026-02-23 07:42:00+00:00
[2026-02-23T07:42:59.112+0000] {processor.py:208} INFO - Processing /home/airflow/.local/lib/python3.12/site-packages/airflow/example_dags/example_branch_python_dop_operator_3.py took 0.538 seconds
[2026-02-23T07:43:41.949+0000] {processor.py:186} INFO - Started process (PID=3485) to work on /home/airflow/.local/lib/python3.12/site-packages/airflow/example_dags/example_branch_python_dop_operator_3.py
[2026-02-23T07:43:41.952+0000] {processor.py:914} INFO - Processing file /home/airflow/.local/lib/python3.12/site-packages/airflow/example_dags/example_branch_python_dop_operator_3.py for tasks to queue
[2026-02-23T07:43:41.966+0000] {logging_mixin.py:190} INFO - [2026-02-23T07:43:41.964+0000] {dagbag.py:588} INFO - Filling up the DagBag from /home/airflow/.local/lib/python3.12/site-packages/airflow/example_dags/example_branch_python_dop_operator_3.py
[2026-02-23T07:43:42.017+0000] {processor.py:925} INFO - DAG(s) 'example_branch_dop_operator_v3' retrieved from /home/airflow/.local/lib/python3.12/site-packages/airflow/example_dags/example_branch_python_dop_operator_3.py
[2026-02-23T07:43:42.162+0000] {logging_mixin.py:190} INFO - [2026-02-23T07:43:42.161+0000] {dag.py:3239} INFO - Sync 1 DAGs
[2026-02-23T07:43:42.327+0000] {logging_mixin.py:190} INFO - [2026-02-23T07:43:42.325+0000] {dag.py:4180} INFO - Setting next_dagrun for example_branch_dop_operator_v3 to 2026-02-23 07:42:00+00:00, run_after=2026-02-23 07:43:00+00:00
[2026-02-23T07:43:42.455+0000] {processor.py:208} INFO - Processing /home/airflow/.local/lib/python3.12/site-packages/airflow/example_dags/example_branch_python_dop_operator_3.py took 0.559 seconds
[2026-02-23T08:17:57.495+0000] {processor.py:186} INFO - Started process (PID=74) to work on /home/airflow/.local/lib/python3.12/site-packages/airflow/example_dags/example_branch_python_dop_operator_3.py
[2026-02-23T08:17:57.500+0000] {processor.py:914} INFO - Processing file /home/airflow/.local/lib/python3.12/site-packages/airflow/example_dags/example_branch_python_dop_operator_3.py for tasks to queue
[2026-02-23T08:17:57.516+0000] {logging_mixin.py:190} INFO - [2026-02-23T08:17:57.515+0000] {dagbag.py:588} INFO - Filling up the DagBag from /home/airflow/.local/lib/python3.12/site-packages/airflow/example_dags/example_branch_python_dop_operator_3.py
[2026-02-23T08:17:57.553+0000] {processor.py:925} INFO - DAG(s) 'example_branch_dop_operator_v3' retrieved from /home/airflow/.local/lib/python3.12/site-packages/airflow/example_dags/example_branch_python_dop_operator_3.py
[2026-02-23T08:17:57.636+0000] {logging_mixin.py:190} INFO - [2026-02-23T08:17:57.635+0000] {dag.py:3239} INFO - Sync 1 DAGs
[2026-02-23T08:17:57.716+0000] {logging_mixin.py:190} INFO - [2026-02-23T08:17:57.715+0000] {dag.py:4180} INFO - Setting next_dagrun for example_branch_dop_operator_v3 to 2026-02-23 08:16:00+00:00, run_after=2026-02-23 08:17:00+00:00
[2026-02-23T08:17:57.771+0000] {processor.py:208} INFO - Processing /home/airflow/.local/lib/python3.12/site-packages/airflow/example_dags/example_branch_python_dop_operator_3.py took 0.296 seconds
[2026-02-23T08:18:28.421+0000] {processor.py:186} INFO - Started process (PID=138) to work on /home/airflow/.local/lib/python3.12/site-packages/airflow/example_dags/example_branch_python_dop_operator_3.py
[2026-02-23T08:18:28.425+0000] {processor.py:914} INFO - Processing file /home/airflow/.local/lib/python3.12/site-packages/airflow/example_dags/example_branch_python_dop_operator_3.py for tasks to queue
[2026-02-23T08:18:28.434+0000] {logging_mixin.py:190} INFO - [2026-02-23T08:18:28.433+0000] {dagbag.py:588} INFO - Filling up the DagBag from /home/airflow/.local/lib/python3.12/site-packages/airflow/example_dags/example_branch_python_dop_operator_3.py
[2026-02-23T08:18:28.480+0000] {processor.py:925} INFO - DAG(s) 'example_branch_dop_operator_v3' retrieved from /home/airflow/.local/lib/python3.12/site-packages/airflow/example_dags/example_branch_python_dop_operator_3.py
[2026-02-23T08:18:28.548+0000] {logging_mixin.py:190} INFO - [2026-02-23T08:18:28.547+0000] {dag.py:3239} INFO - Sync 1 DAGs
[2026-02-23T08:18:28.626+0000] {logging_mixin.py:190} INFO - [2026-02-23T08:18:28.626+0000] {dag.py:4180} INFO - Setting next_dagrun for example_branch_dop_operator_v3 to 2026-02-23 08:17:00+00:00, run_after=2026-02-23 08:18:00+00:00
[2026-02-23T08:18:28.718+0000] {processor.py:208} INFO - Processing /home/airflow/.local/lib/python3.12/site-packages/airflow/example_dags/example_branch_python_dop_operator_3.py took 0.320 seconds
[2026-02-23T08:18:59.723+0000] {processor.py:186} INFO - Started process (PID=202) to work on /home/airflow/.local/lib/python3.12/site-packages/airflow/example_dags/example_branch_python_dop_operator_3.py
[2026-02-23T08:18:59.728+0000] {processor.py:914} INFO - Processing file /home/airflow/.local/lib/python3.12/site-packages/airflow/example_dags/example_branch_python_dop_operator_3.py for tasks to queue
[2026-02-23T08:18:59.737+0000] {logging_mixin.py:190} INFO - [2026-02-23T08:18:59.736+0000] {dagbag.py:588} INFO - Filling up the DagBag from /home/airflow/.local/lib/python3.12/site-packages/airflow/example_dags/example_branch_python_dop_operator_3.py
[2026-02-23T08:18:59.785+0000] {processor.py:925} INFO - DAG(s) 'example_branch_dop_operator_v3' retrieved from /home/airflow/.local/lib/python3.12/site-packages/airflow/example_dags/example_branch_python_dop_operator_3.py
[2026-02-23T08:18:59.866+0000] {logging_mixin.py:190} INFO - [2026-02-23T08:18:59.865+0000] {dag.py:3239} INFO - Sync 1 DAGs
[2026-02-23T08:18:59.971+0000] {logging_mixin.py:190} INFO - [2026-02-23T08:18:59.970+0000] {dag.py:4180} INFO - Setting next_dagrun for example_branch_dop_operator_v3 to 2026-02-23 08:17:00+00:00, run_after=2026-02-23 08:18:00+00:00
[2026-02-23T08:19:00.047+0000] {processor.py:208} INFO - Processing /home/airflow/.local/lib/python3.12/site-packages/airflow/example_dags/example_branch_python_dop_operator_3.py took 0.353 seconds
[2026-02-23T08:19:30.600+0000] {processor.py:186} INFO - Started process (PID=267) to work on /home/airflow/.local/lib/python3.12/site-packages/airflow/example_dags/example_branch_python_dop_operator_3.py
[2026-02-23T08:19:30.602+0000] {processor.py:914} INFO - Processing file /home/airflow/.local/lib/python3.12/site-packages/airflow/example_dags/example_branch_python_dop_operator_3.py for tasks to queue
[2026-02-23T08:19:30.607+0000] {logging_mixin.py:190} INFO - [2026-02-23T08:19:30.606+0000] {dagbag.py:588} INFO - Filling up the DagBag from /home/airflow/.local/lib/python3.12/site-packages/airflow/example_dags/example_branch_python_dop_operator_3.py
[2026-02-23T08:19:30.630+0000] {processor.py:925} INFO - DAG(s) 'example_branch_dop_operator_v3' retrieved from /home/airflow/.local/lib/python3.12/site-packages/airflow/example_dags/example_branch_python_dop_operator_3.py
[2026-02-23T08:19:30.668+0000] {logging_mixin.py:190} INFO - [2026-02-23T08:19:30.667+0000] {dag.py:3239} INFO - Sync 1 DAGs
[2026-02-23T08:19:30.722+0000] {logging_mixin.py:190} INFO - [2026-02-23T08:19:30.722+0000] {dag.py:4180} INFO - Setting next_dagrun for example_branch_dop_operator_v3 to 2026-02-23 08:18:00+00:00, run_after=2026-02-23 08:19:00+00:00
[2026-02-23T08:19:30.765+0000] {processor.py:208} INFO - Processing /home/airflow/.local/lib/python3.12/site-packages/airflow/example_dags/example_branch_python_dop_operator_3.py took 0.176 seconds
[2026-02-23T08:20:01.239+0000] {processor.py:186} INFO - Started process (PID=332) to work on /home/airflow/.local/lib/python3.12/site-packages/airflow/example_dags/example_branch_python_dop_operator_3.py
[2026-02-23T08:20:01.241+0000] {processor.py:914} INFO - Processing file /home/airflow/.local/lib/python3.12/site-packages/airflow/example_dags/example_branch_python_dop_operator_3.py for tasks to queue
[2026-02-23T08:20:01.245+0000] {logging_mixin.py:190} INFO - [2026-02-23T08:20:01.244+0000] {dagbag.py:588} INFO - Filling up the DagBag from /home/airflow/.local/lib/python3.12/site-packages/airflow/example_dags/example_branch_python_dop_operator_3.py
[2026-02-23T08:20:01.263+0000] {processor.py:925} INFO - DAG(s) 'example_branch_dop_operator_v3' retrieved from /home/airflow/.local/lib/python3.12/site-packages/airflow/example_dags/example_branch_python_dop_operator_3.py
[2026-02-23T08:20:01.302+0000] {logging_mixin.py:190} INFO - [2026-02-23T08:20:01.301+0000] {dag.py:3239} INFO - Sync 1 DAGs
[2026-02-23T08:20:01.354+0000] {logging_mixin.py:190} INFO - [2026-02-23T08:20:01.354+0000] {dag.py:4180} INFO - Setting next_dagrun for example_branch_dop_operator_v3 to 2026-02-23 08:19:00+00:00, run_after=2026-02-23 08:20:00+00:00
[2026-02-23T08:20:01.389+0000] {processor.py:208} INFO - Processing /home/airflow/.local/lib/python3.12/site-packages/airflow/example_dags/example_branch_python_dop_operator_3.py took 0.159 seconds
[2026-02-23T08:20:32.103+0000] {processor.py:186} INFO - Started process (PID=397) to work on /home/airflow/.local/lib/python3.12/site-packages/airflow/example_dags/example_branch_python_dop_operator_3.py
[2026-02-23T08:20:32.109+0000] {processor.py:914} INFO - Processing file /home/airflow/.local/lib/python3.12/site-packages/airflow/example_dags/example_branch_python_dop_operator_3.py for tasks to queue
[2026-02-23T08:20:32.120+0000] {logging_mixin.py:190} INFO - [2026-02-23T08:20:32.118+0000] {dagbag.py:588} INFO - Filling up the DagBag from /home/airflow/.local/lib/python3.12/site-packages/airflow/example_dags/example_branch_python_dop_operator_3.py
[2026-02-23T08:20:32.165+0000] {processor.py:925} INFO - DAG(s) 'example_branch_dop_operator_v3' retrieved from /home/airflow/.local/lib/python3.12/site-packages/airflow/example_dags/example_branch_python_dop_operator_3.py
[2026-02-23T08:20:32.245+0000] {logging_mixin.py:190} INFO - [2026-02-23T08:20:32.244+0000] {dag.py:3239} INFO - Sync 1 DAGs
[2026-02-23T08:20:32.367+0000] {logging_mixin.py:190} INFO - [2026-02-23T08:20:32.366+0000] {dag.py:4180} INFO - Setting next_dagrun for example_branch_dop_operator_v3 to 2026-02-23 08:19:00+00:00, run_after=2026-02-23 08:20:00+00:00
[2026-02-23T08:20:32.440+0000] {processor.py:208} INFO - Processing /home/airflow/.local/lib/python3.12/site-packages/airflow/example_dags/example_branch_python_dop_operator_3.py took 0.363 seconds
[2026-02-23T08:21:02.725+0000] {processor.py:186} INFO - Started process (PID=461) to work on /home/airflow/.local/lib/python3.12/site-packages/airflow/example_dags/example_branch_python_dop_operator_3.py
[2026-02-23T08:21:02.728+0000] {processor.py:914} INFO - Processing file /home/airflow/.local/lib/python3.12/site-packages/airflow/example_dags/example_branch_python_dop_operator_3.py for tasks to queue
[2026-02-23T08:21:02.732+0000] {logging_mixin.py:190} INFO - [2026-02-23T08:21:02.731+0000] {dagbag.py:588} INFO - Filling up the DagBag from /home/airflow/.local/lib/python3.12/site-packages/airflow/example_dags/example_branch_python_dop_operator_3.py
[2026-02-23T08:21:02.764+0000] {processor.py:925} INFO - DAG(s) 'example_branch_dop_operator_v3' retrieved from /home/airflow/.local/lib/python3.12/site-packages/airflow/example_dags/example_branch_python_dop_operator_3.py
[2026-02-23T08:21:02.823+0000] {logging_mixin.py:190} INFO - [2026-02-23T08:21:02.822+0000] {dag.py:3239} INFO - Sync 1 DAGs
[2026-02-23T08:21:02.912+0000] {logging_mixin.py:190} INFO - [2026-02-23T08:21:02.911+0000] {dag.py:4180} INFO - Setting next_dagrun for example_branch_dop_operator_v3 to 2026-02-23 08:20:00+00:00, run_after=2026-02-23 08:21:00+00:00
[2026-02-23T08:21:02.969+0000] {processor.py:208} INFO - Processing /home/airflow/.local/lib/python3.12/site-packages/airflow/example_dags/example_branch_python_dop_operator_3.py took 0.259 seconds
[2026-02-23T08:21:33.444+0000] {processor.py:186} INFO - Started process (PID=526) to work on /home/airflow/.local/lib/python3.12/site-packages/airflow/example_dags/example_branch_python_dop_operator_3.py
[2026-02-23T08:21:33.446+0000] {processor.py:914} INFO - Processing file /home/airflow/.local/lib/python3.12/site-packages/airflow/example_dags/example_branch_python_dop_operator_3.py for tasks to queue
[2026-02-23T08:21:33.448+0000] {logging_mixin.py:190} INFO - [2026-02-23T08:21:33.448+0000] {dagbag.py:588} INFO - Filling up the DagBag from /home/airflow/.local/lib/python3.12/site-packages/airflow/example_dags/example_branch_python_dop_operator_3.py
[2026-02-23T08:21:33.458+0000] {processor.py:925} INFO - DAG(s) 'example_branch_dop_operator_v3' retrieved from /home/airflow/.local/lib/python3.12/site-packages/airflow/example_dags/example_branch_python_dop_operator_3.py
[2026-02-23T08:21:33.477+0000] {logging_mixin.py:190} INFO - [2026-02-23T08:21:33.477+0000] {dag.py:3239} INFO - Sync 1 DAGs
[2026-02-23T08:21:33.499+0000] {logging_mixin.py:190} INFO - [2026-02-23T08:21:33.498+0000] {dag.py:4180} INFO - Setting next_dagrun for example_branch_dop_operator_v3 to 2026-02-23 08:20:00+00:00, run_after=2026-02-23 08:21:00+00:00
[2026-02-23T08:21:33.521+0000] {processor.py:208} INFO - Processing /home/airflow/.local/lib/python3.12/site-packages/airflow/example_dags/example_branch_python_dop_operator_3.py took 0.085 seconds
[2026-02-23T08:22:03.860+0000] {processor.py:186} INFO - Started process (PID=591) to work on /home/airflow/.local/lib/python3.12/site-packages/airflow/example_dags/example_branch_python_dop_operator_3.py
[2026-02-23T08:22:03.863+0000] {processor.py:914} INFO - Processing file /home/airflow/.local/lib/python3.12/site-packages/airflow/example_dags/example_branch_python_dop_operator_3.py for tasks to queue
[2026-02-23T08:22:03.866+0000] {logging_mixin.py:190} INFO - [2026-02-23T08:22:03.865+0000] {dagbag.py:588} INFO - Filling up the DagBag from /home/airflow/.local/lib/python3.12/site-packages/airflow/example_dags/example_branch_python_dop_operator_3.py
[2026-02-23T08:22:03.878+0000] {processor.py:925} INFO - DAG(s) 'example_branch_dop_operator_v3' retrieved from /home/airflow/.local/lib/python3.12/site-packages/airflow/example_dags/example_branch_python_dop_operator_3.py
[2026-02-23T08:22:03.903+0000] {logging_mixin.py:190} INFO - [2026-02-23T08:22:03.903+0000] {dag.py:3239} INFO - Sync 1 DAGs
[2026-02-23T08:22:03.934+0000] {logging_mixin.py:190} INFO - [2026-02-23T08:22:03.934+0000] {dag.py:4180} INFO - Setting next_dagrun for example_branch_dop_operator_v3 to 2026-02-23 08:21:00+00:00, run_after=2026-02-23 08:22:00+00:00
[2026-02-23T08:22:03.958+0000] {processor.py:208} INFO - Processing /home/airflow/.local/lib/python3.12/site-packages/airflow/example_dags/example_branch_python_dop_operator_3.py took 0.103 seconds
[2026-02-23T08:24:18.757+0000] {processor.py:186} INFO - Started process (PID=69) to work on /home/airflow/.local/lib/python3.12/site-packages/airflow/example_dags/example_branch_python_dop_operator_3.py
[2026-02-23T08:24:18.762+0000] {processor.py:914} INFO - Processing file /home/airflow/.local/lib/python3.12/site-packages/airflow/example_dags/example_branch_python_dop_operator_3.py for tasks to queue
[2026-02-23T08:24:18.776+0000] {logging_mixin.py:190} INFO - [2026-02-23T08:24:18.775+0000] {dagbag.py:588} INFO - Filling up the DagBag from /home/airflow/.local/lib/python3.12/site-packages/airflow/example_dags/example_branch_python_dop_operator_3.py
[2026-02-23T08:24:18.807+0000] {processor.py:925} INFO - DAG(s) 'example_branch_dop_operator_v3' retrieved from /home/airflow/.local/lib/python3.12/site-packages/airflow/example_dags/example_branch_python_dop_operator_3.py
[2026-02-23T08:24:18.877+0000] {logging_mixin.py:190} INFO - [2026-02-23T08:24:18.877+0000] {dag.py:3239} INFO - Sync 1 DAGs
[2026-02-23T08:24:18.966+0000] {logging_mixin.py:190} INFO - [2026-02-23T08:24:18.965+0000] {dag.py:4180} INFO - Setting next_dagrun for example_branch_dop_operator_v3 to 2026-02-23 08:23:00+00:00, run_after=2026-02-23 08:24:00+00:00
[2026-02-23T08:24:19.019+0000] {processor.py:208} INFO - Processing /home/airflow/.local/lib/python3.12/site-packages/airflow/example_dags/example_branch_python_dop_operator_3.py took 0.279 seconds
[2026-02-23T08:24:49.546+0000] {processor.py:186} INFO - Started process (PID=134) to work on /home/airflow/.local/lib/python3.12/site-packages/airflow/example_dags/example_branch_python_dop_operator_3.py
[2026-02-23T08:24:49.550+0000] {processor.py:914} INFO - Processing file /home/airflow/.local/lib/python3.12/site-packages/airflow/example_dags/example_branch_python_dop_operator_3.py for tasks to queue
[2026-02-23T08:24:49.557+0000] {logging_mixin.py:190} INFO - [2026-02-23T08:24:49.556+0000] {dagbag.py:588} INFO - Filling up the DagBag from /home/airflow/.local/lib/python3.12/site-packages/airflow/example_dags/example_branch_python_dop_operator_3.py
[2026-02-23T08:24:49.584+0000] {processor.py:925} INFO - DAG(s) 'example_branch_dop_operator_v3' retrieved from /home/airflow/.local/lib/python3.12/site-packages/airflow/example_dags/example_branch_python_dop_operator_3.py
[2026-02-23T08:24:49.633+0000] {logging_mixin.py:190} INFO - [2026-02-23T08:24:49.632+0000] {dag.py:3239} INFO - Sync 1 DAGs
[2026-02-23T08:24:49.693+0000] {logging_mixin.py:190} INFO - [2026-02-23T08:24:49.692+0000] {dag.py:4180} INFO - Setting next_dagrun for example_branch_dop_operator_v3 to 2026-02-23 08:23:00+00:00, run_after=2026-02-23 08:24:00+00:00
[2026-02-23T08:24:49.740+0000] {processor.py:208} INFO - Processing /home/airflow/.local/lib/python3.12/site-packages/airflow/example_dags/example_branch_python_dop_operator_3.py took 0.207 seconds
[2026-02-23T08:25:20.356+0000] {processor.py:186} INFO - Started process (PID=198) to work on /home/airflow/.local/lib/python3.12/site-packages/airflow/example_dags/example_branch_python_dop_operator_3.py
[2026-02-23T08:25:20.370+0000] {processor.py:914} INFO - Processing file /home/airflow/.local/lib/python3.12/site-packages/airflow/example_dags/example_branch_python_dop_operator_3.py for tasks to queue
[2026-02-23T08:25:20.390+0000] {logging_mixin.py:190} INFO - [2026-02-23T08:25:20.388+0000] {dagbag.py:588} INFO - Filling up the DagBag from /home/airflow/.local/lib/python3.12/site-packages/airflow/example_dags/example_branch_python_dop_operator_3.py
[2026-02-23T08:25:20.470+0000] {processor.py:925} INFO - DAG(s) 'example_branch_dop_operator_v3' retrieved from /home/airflow/.local/lib/python3.12/site-packages/airflow/example_dags/example_branch_python_dop_operator_3.py
[2026-02-23T08:25:20.570+0000] {logging_mixin.py:190} INFO - [2026-02-23T08:25:20.569+0000] {dag.py:3239} INFO - Sync 1 DAGs
[2026-02-23T08:25:20.732+0000] {logging_mixin.py:190} INFO - [2026-02-23T08:25:20.731+0000] {dag.py:4180} INFO - Setting next_dagrun for example_branch_dop_operator_v3 to 2026-02-23 08:24:00+00:00, run_after=2026-02-23 08:25:00+00:00
[2026-02-23T08:25:20.869+0000] {processor.py:208} INFO - Processing /home/airflow/.local/lib/python3.12/site-packages/airflow/example_dags/example_branch_python_dop_operator_3.py took 0.564 seconds
[2026-02-23T08:25:51.551+0000] {processor.py:186} INFO - Started process (PID=263) to work on /home/airflow/.local/lib/python3.12/site-packages/airflow/example_dags/example_branch_python_dop_operator_3.py
[2026-02-23T08:25:51.553+0000] {processor.py:914} INFO - Processing file /home/airflow/.local/lib/python3.12/site-packages/airflow/example_dags/example_branch_python_dop_operator_3.py for tasks to queue
[2026-02-23T08:25:51.558+0000] {logging_mixin.py:190} INFO - [2026-02-23T08:25:51.557+0000] {dagbag.py:588} INFO - Filling up the DagBag from /home/airflow/.local/lib/python3.12/site-packages/airflow/example_dags/example_branch_python_dop_operator_3.py
[2026-02-23T08:25:51.587+0000] {processor.py:925} INFO - DAG(s) 'example_branch_dop_operator_v3' retrieved from /home/airflow/.local/lib/python3.12/site-packages/airflow/example_dags/example_branch_python_dop_operator_3.py
[2026-02-23T08:25:51.637+0000] {logging_mixin.py:190} INFO - [2026-02-23T08:25:51.637+0000] {dag.py:3239} INFO - Sync 1 DAGs
[2026-02-23T08:25:51.696+0000] {logging_mixin.py:190} INFO - [2026-02-23T08:25:51.696+0000] {dag.py:4180} INFO - Setting next_dagrun for example_branch_dop_operator_v3 to 2026-02-23 08:24:00+00:00, run_after=2026-02-23 08:25:00+00:00
[2026-02-23T08:25:51.741+0000] {processor.py:208} INFO - Processing /home/airflow/.local/lib/python3.12/site-packages/airflow/example_dags/example_branch_python_dop_operator_3.py took 0.205 seconds
[2026-02-23T08:26:22.354+0000] {processor.py:186} INFO - Started process (PID=328) to work on /home/airflow/.local/lib/python3.12/site-packages/airflow/example_dags/example_branch_python_dop_operator_3.py
[2026-02-23T08:26:22.356+0000] {processor.py:914} INFO - Processing file /home/airflow/.local/lib/python3.12/site-packages/airflow/example_dags/example_branch_python_dop_operator_3.py for tasks to queue
[2026-02-23T08:26:22.361+0000] {logging_mixin.py:190} INFO - [2026-02-23T08:26:22.360+0000] {dagbag.py:588} INFO - Filling up the DagBag from /home/airflow/.local/lib/python3.12/site-packages/airflow/example_dags/example_branch_python_dop_operator_3.py
[2026-02-23T08:26:22.384+0000] {processor.py:925} INFO - DAG(s) 'example_branch_dop_operator_v3' retrieved from /home/airflow/.local/lib/python3.12/site-packages/airflow/example_dags/example_branch_python_dop_operator_3.py
[2026-02-23T08:26:22.433+0000] {logging_mixin.py:190} INFO - [2026-02-23T08:26:22.432+0000] {dag.py:3239} INFO - Sync 1 DAGs
[2026-02-23T08:26:22.507+0000] {logging_mixin.py:190} INFO - [2026-02-23T08:26:22.506+0000] {dag.py:4180} INFO - Setting next_dagrun for example_branch_dop_operator_v3 to 2026-02-23 08:25:00+00:00, run_after=2026-02-23 08:26:00+00:00
[2026-02-23T08:26:22.554+0000] {processor.py:208} INFO - Processing /home/airflow/.local/lib/python3.12/site-packages/airflow/example_dags/example_branch_python_dop_operator_3.py took 0.212 seconds
[2026-02-23T08:31:27.737+0000] {processor.py:186} INFO - Started process (PID=94) to work on /home/airflow/.local/lib/python3.12/site-packages/airflow/example_dags/example_branch_python_dop_operator_3.py
[2026-02-23T08:31:27.790+0000] {processor.py:914} INFO - Processing file /home/airflow/.local/lib/python3.12/site-packages/airflow/example_dags/example_branch_python_dop_operator_3.py for tasks to queue
[2026-02-23T08:31:27.823+0000] {logging_mixin.py:190} INFO - [2026-02-23T08:31:27.822+0000] {dagbag.py:588} INFO - Filling up the DagBag from /home/airflow/.local/lib/python3.12/site-packages/airflow/example_dags/example_branch_python_dop_operator_3.py
[2026-02-23T08:31:28.003+0000] {processor.py:925} INFO - DAG(s) 'example_branch_dop_operator_v3' retrieved from /home/airflow/.local/lib/python3.12/site-packages/airflow/example_dags/example_branch_python_dop_operator_3.py
[2026-02-23T08:31:28.445+0000] {logging_mixin.py:190} INFO - [2026-02-23T08:31:28.444+0000] {dag.py:3239} INFO - Sync 1 DAGs
[2026-02-23T08:31:28.968+0000] {logging_mixin.py:190} INFO - [2026-02-23T08:31:28.967+0000] {dag.py:4180} INFO - Setting next_dagrun for example_branch_dop_operator_v3 to 2026-02-23 08:30:00+00:00, run_after=2026-02-23 08:31:00+00:00
[2026-02-23T08:31:29.341+0000] {processor.py:208} INFO - Processing /home/airflow/.local/lib/python3.12/site-packages/airflow/example_dags/example_branch_python_dop_operator_3.py took 1.728 seconds
[2026-02-23T15:42:06.934+0000] {processor.py:186} INFO - Started process (PID=165) to work on /home/airflow/.local/lib/python3.12/site-packages/airflow/example_dags/example_branch_python_dop_operator_3.py
[2026-02-23T15:42:06.946+0000] {processor.py:914} INFO - Processing file /home/airflow/.local/lib/python3.12/site-packages/airflow/example_dags/example_branch_python_dop_operator_3.py for tasks to queue
[2026-02-23T15:42:06.948+0000] {logging_mixin.py:190} INFO - [2026-02-23T15:42:06.948+0000] {dagbag.py:588} INFO - Filling up the DagBag from /home/airflow/.local/lib/python3.12/site-packages/airflow/example_dags/example_branch_python_dop_operator_3.py
[2026-02-23T15:42:06.968+0000] {processor.py:925} INFO - DAG(s) 'example_branch_dop_operator_v3' retrieved from /home/airflow/.local/lib/python3.12/site-packages/airflow/example_dags/example_branch_python_dop_operator_3.py
[2026-02-23T15:42:07.001+0000] {logging_mixin.py:190} INFO - [2026-02-23T15:42:07.001+0000] {dag.py:3239} INFO - Sync 1 DAGs
[2026-02-23T15:42:07.257+0000] {logging_mixin.py:190} INFO - [2026-02-23T15:42:07.257+0000] {dag.py:4180} INFO - Setting next_dagrun for example_branch_dop_operator_v3 to 2026-02-23 15:41:00+00:00, run_after=2026-02-23 15:42:00+00:00
[2026-02-23T15:42:07.524+0000] {processor.py:208} INFO - Processing /home/airflow/.local/lib/python3.12/site-packages/airflow/example_dags/example_branch_python_dop_operator_3.py took 0.598 seconds
[2026-02-23T15:42:37.770+0000] {processor.py:186} INFO - Started process (PID=230) to work on /home/airflow/.local/lib/python3.12/site-packages/airflow/example_dags/example_branch_python_dop_operator_3.py
[2026-02-23T15:42:37.771+0000] {processor.py:914} INFO - Processing file /home/airflow/.local/lib/python3.12/site-packages/airflow/example_dags/example_branch_python_dop_operator_3.py for tasks to queue
[2026-02-23T15:42:37.773+0000] {logging_mixin.py:190} INFO - [2026-02-23T15:42:37.773+0000] {dagbag.py:588} INFO - Filling up the DagBag from /home/airflow/.local/lib/python3.12/site-packages/airflow/example_dags/example_branch_python_dop_operator_3.py
[2026-02-23T15:42:37.789+0000] {processor.py:925} INFO - DAG(s) 'example_branch_dop_operator_v3' retrieved from /home/airflow/.local/lib/python3.12/site-packages/airflow/example_dags/example_branch_python_dop_operator_3.py
[2026-02-23T15:42:37.820+0000] {logging_mixin.py:190} INFO - [2026-02-23T15:42:37.819+0000] {dag.py:3239} INFO - Sync 1 DAGs
[2026-02-23T15:42:37.858+0000] {logging_mixin.py:190} INFO - [2026-02-23T15:42:37.858+0000] {dag.py:4180} INFO - Setting next_dagrun for example_branch_dop_operator_v3 to 2026-02-23 15:41:00+00:00, run_after=2026-02-23 15:42:00+00:00
[2026-02-23T15:42:37.887+0000] {processor.py:208} INFO - Processing /home/airflow/.local/lib/python3.12/site-packages/airflow/example_dags/example_branch_python_dop_operator_3.py took 0.126 seconds
[2026-02-23T15:43:11.970+0000] {processor.py:186} INFO - Started process (PID=295) to work on /home/airflow/.local/lib/python3.12/site-packages/airflow/example_dags/example_branch_python_dop_operator_3.py
[2026-02-23T15:43:12.091+0000] {processor.py:914} INFO - Processing file /home/airflow/.local/lib/python3.12/site-packages/airflow/example_dags/example_branch_python_dop_operator_3.py for tasks to queue
[2026-02-23T15:43:12.126+0000] {logging_mixin.py:190} INFO - [2026-02-23T15:43:12.122+0000] {dagbag.py:588} INFO - Filling up the DagBag from /home/airflow/.local/lib/python3.12/site-packages/airflow/example_dags/example_branch_python_dop_operator_3.py
[2026-02-23T15:43:12.442+0000] {processor.py:925} INFO - DAG(s) 'example_branch_dop_operator_v3' retrieved from /home/airflow/.local/lib/python3.12/site-packages/airflow/example_dags/example_branch_python_dop_operator_3.py
[2026-02-23T15:43:12.791+0000] {logging_mixin.py:190} INFO - [2026-02-23T15:43:12.790+0000] {dag.py:3239} INFO - Sync 1 DAGs
[2026-02-23T15:43:12.996+0000] {logging_mixin.py:190} INFO - [2026-02-23T15:43:12.995+0000] {dag.py:4180} INFO - Setting next_dagrun for example_branch_dop_operator_v3 to 2026-02-23 15:42:00+00:00, run_after=2026-02-23 15:43:00+00:00
[2026-02-23T15:43:13.087+0000] {processor.py:208} INFO - Processing /home/airflow/.local/lib/python3.12/site-packages/airflow/example_dags/example_branch_python_dop_operator_3.py took 1.290 seconds
