[2026-02-23T07:42:13.470+0000] {processor.py:186} INFO - Started process (PID=3350) to work on /home/airflow/.local/lib/python3.12/site-packages/airflow/example_dags/example_kubernetes_executor.py
[2026-02-23T07:42:13.473+0000] {processor.py:914} INFO - Processing file /home/airflow/.local/lib/python3.12/site-packages/airflow/example_dags/example_kubernetes_executor.py for tasks to queue
[2026-02-23T07:42:13.477+0000] {logging_mixin.py:190} INFO - [2026-02-23T07:42:13.476+0000] {dagbag.py:588} INFO - Filling up the DagBag from /home/airflow/.local/lib/python3.12/site-packages/airflow/example_dags/example_kubernetes_executor.py
[2026-02-23T07:42:13.524+0000] {processor.py:925} INFO - DAG(s) 'example_kubernetes_executor' retrieved from /home/airflow/.local/lib/python3.12/site-packages/airflow/example_dags/example_kubernetes_executor.py
[2026-02-23T07:42:13.610+0000] {logging_mixin.py:190} INFO - [2026-02-23T07:42:13.609+0000] {dag.py:3239} INFO - Sync 1 DAGs
[2026-02-23T07:42:13.651+0000] {logging_mixin.py:190} INFO - [2026-02-23T07:42:13.651+0000] {dag.py:4180} INFO - Setting next_dagrun for example_kubernetes_executor to None, run_after=None
[2026-02-23T07:42:13.715+0000] {processor.py:208} INFO - Processing /home/airflow/.local/lib/python3.12/site-packages/airflow/example_dags/example_kubernetes_executor.py took 0.264 seconds
[2026-02-23T07:42:44.663+0000] {processor.py:186} INFO - Started process (PID=3415) to work on /home/airflow/.local/lib/python3.12/site-packages/airflow/example_dags/example_kubernetes_executor.py
[2026-02-23T07:42:44.667+0000] {processor.py:914} INFO - Processing file /home/airflow/.local/lib/python3.12/site-packages/airflow/example_dags/example_kubernetes_executor.py for tasks to queue
[2026-02-23T07:42:44.672+0000] {logging_mixin.py:190} INFO - [2026-02-23T07:42:44.671+0000] {dagbag.py:588} INFO - Filling up the DagBag from /home/airflow/.local/lib/python3.12/site-packages/airflow/example_dags/example_kubernetes_executor.py
[2026-02-23T07:42:44.719+0000] {processor.py:925} INFO - DAG(s) 'example_kubernetes_executor' retrieved from /home/airflow/.local/lib/python3.12/site-packages/airflow/example_dags/example_kubernetes_executor.py
[2026-02-23T07:42:44.806+0000] {logging_mixin.py:190} INFO - [2026-02-23T07:42:44.805+0000] {dag.py:3239} INFO - Sync 1 DAGs
[2026-02-23T07:42:44.855+0000] {logging_mixin.py:190} INFO - [2026-02-23T07:42:44.855+0000] {dag.py:4180} INFO - Setting next_dagrun for example_kubernetes_executor to None, run_after=None
[2026-02-23T07:42:44.914+0000] {processor.py:208} INFO - Processing /home/airflow/.local/lib/python3.12/site-packages/airflow/example_dags/example_kubernetes_executor.py took 0.271 seconds
[2026-02-23T07:43:53.462+0000] {processor.py:186} INFO - Started process (PID=3508) to work on /home/airflow/.local/lib/python3.12/site-packages/airflow/example_dags/example_kubernetes_executor.py
[2026-02-23T07:43:53.470+0000] {processor.py:914} INFO - Processing file /home/airflow/.local/lib/python3.12/site-packages/airflow/example_dags/example_kubernetes_executor.py for tasks to queue
[2026-02-23T07:43:53.478+0000] {logging_mixin.py:190} INFO - [2026-02-23T07:43:53.476+0000] {dagbag.py:588} INFO - Filling up the DagBag from /home/airflow/.local/lib/python3.12/site-packages/airflow/example_dags/example_kubernetes_executor.py
[2026-02-23T07:43:53.548+0000] {processor.py:925} INFO - DAG(s) 'example_kubernetes_executor' retrieved from /home/airflow/.local/lib/python3.12/site-packages/airflow/example_dags/example_kubernetes_executor.py
[2026-02-23T07:43:54.134+0000] {logging_mixin.py:190} INFO - [2026-02-23T07:43:54.132+0000] {dag.py:3239} INFO - Sync 1 DAGs
[2026-02-23T07:43:54.200+0000] {logging_mixin.py:190} INFO - [2026-02-23T07:43:54.199+0000] {dag.py:4180} INFO - Setting next_dagrun for example_kubernetes_executor to None, run_after=None
[2026-02-23T07:43:54.280+0000] {processor.py:208} INFO - Processing /home/airflow/.local/lib/python3.12/site-packages/airflow/example_dags/example_kubernetes_executor.py took 0.855 seconds
[2026-02-23T08:18:04.212+0000] {processor.py:186} INFO - Started process (PID=99) to work on /home/airflow/.local/lib/python3.12/site-packages/airflow/example_dags/example_kubernetes_executor.py
[2026-02-23T08:18:04.221+0000] {processor.py:914} INFO - Processing file /home/airflow/.local/lib/python3.12/site-packages/airflow/example_dags/example_kubernetes_executor.py for tasks to queue
[2026-02-23T08:18:04.230+0000] {logging_mixin.py:190} INFO - [2026-02-23T08:18:04.229+0000] {dagbag.py:588} INFO - Filling up the DagBag from /home/airflow/.local/lib/python3.12/site-packages/airflow/example_dags/example_kubernetes_executor.py
[2026-02-23T08:18:04.292+0000] {processor.py:925} INFO - DAG(s) 'example_kubernetes_executor' retrieved from /home/airflow/.local/lib/python3.12/site-packages/airflow/example_dags/example_kubernetes_executor.py
[2026-02-23T08:18:04.454+0000] {logging_mixin.py:190} INFO - [2026-02-23T08:18:04.453+0000] {dag.py:3239} INFO - Sync 1 DAGs
[2026-02-23T08:18:04.548+0000] {logging_mixin.py:190} INFO - [2026-02-23T08:18:04.546+0000] {dag.py:4180} INFO - Setting next_dagrun for example_kubernetes_executor to None, run_after=None
[2026-02-23T08:18:04.630+0000] {processor.py:208} INFO - Processing /home/airflow/.local/lib/python3.12/site-packages/airflow/example_dags/example_kubernetes_executor.py took 0.440 seconds
[2026-02-23T08:18:39.296+0000] {processor.py:186} INFO - Started process (PID=163) to work on /home/airflow/.local/lib/python3.12/site-packages/airflow/example_dags/example_kubernetes_executor.py
[2026-02-23T08:18:39.301+0000] {processor.py:914} INFO - Processing file /home/airflow/.local/lib/python3.12/site-packages/airflow/example_dags/example_kubernetes_executor.py for tasks to queue
[2026-02-23T08:18:39.314+0000] {logging_mixin.py:190} INFO - [2026-02-23T08:18:39.312+0000] {dagbag.py:588} INFO - Filling up the DagBag from /home/airflow/.local/lib/python3.12/site-packages/airflow/example_dags/example_kubernetes_executor.py
[2026-02-23T08:18:39.388+0000] {processor.py:925} INFO - DAG(s) 'example_kubernetes_executor' retrieved from /home/airflow/.local/lib/python3.12/site-packages/airflow/example_dags/example_kubernetes_executor.py
[2026-02-23T08:18:39.509+0000] {logging_mixin.py:190} INFO - [2026-02-23T08:18:39.508+0000] {dag.py:3239} INFO - Sync 1 DAGs
[2026-02-23T08:18:39.588+0000] {logging_mixin.py:190} INFO - [2026-02-23T08:18:39.587+0000] {dag.py:4180} INFO - Setting next_dagrun for example_kubernetes_executor to None, run_after=None
[2026-02-23T08:18:39.689+0000] {processor.py:208} INFO - Processing /home/airflow/.local/lib/python3.12/site-packages/airflow/example_dags/example_kubernetes_executor.py took 0.420 seconds
[2026-02-23T08:19:12.077+0000] {processor.py:186} INFO - Started process (PID=228) to work on /home/airflow/.local/lib/python3.12/site-packages/airflow/example_dags/example_kubernetes_executor.py
[2026-02-23T08:19:12.082+0000] {processor.py:914} INFO - Processing file /home/airflow/.local/lib/python3.12/site-packages/airflow/example_dags/example_kubernetes_executor.py for tasks to queue
[2026-02-23T08:19:12.097+0000] {logging_mixin.py:190} INFO - [2026-02-23T08:19:12.095+0000] {dagbag.py:588} INFO - Filling up the DagBag from /home/airflow/.local/lib/python3.12/site-packages/airflow/example_dags/example_kubernetes_executor.py
[2026-02-23T08:19:12.165+0000] {processor.py:925} INFO - DAG(s) 'example_kubernetes_executor' retrieved from /home/airflow/.local/lib/python3.12/site-packages/airflow/example_dags/example_kubernetes_executor.py
[2026-02-23T08:19:12.278+0000] {logging_mixin.py:190} INFO - [2026-02-23T08:19:12.277+0000] {dag.py:3239} INFO - Sync 1 DAGs
[2026-02-23T08:19:12.354+0000] {logging_mixin.py:190} INFO - [2026-02-23T08:19:12.353+0000] {dag.py:4180} INFO - Setting next_dagrun for example_kubernetes_executor to None, run_after=None
[2026-02-23T08:19:12.450+0000] {processor.py:208} INFO - Processing /home/airflow/.local/lib/python3.12/site-packages/airflow/example_dags/example_kubernetes_executor.py took 0.398 seconds
[2026-02-23T08:19:43.216+0000] {processor.py:186} INFO - Started process (PID=293) to work on /home/airflow/.local/lib/python3.12/site-packages/airflow/example_dags/example_kubernetes_executor.py
[2026-02-23T08:19:43.219+0000] {processor.py:914} INFO - Processing file /home/airflow/.local/lib/python3.12/site-packages/airflow/example_dags/example_kubernetes_executor.py for tasks to queue
[2026-02-23T08:19:43.225+0000] {logging_mixin.py:190} INFO - [2026-02-23T08:19:43.224+0000] {dagbag.py:588} INFO - Filling up the DagBag from /home/airflow/.local/lib/python3.12/site-packages/airflow/example_dags/example_kubernetes_executor.py
[2026-02-23T08:19:43.263+0000] {processor.py:925} INFO - DAG(s) 'example_kubernetes_executor' retrieved from /home/airflow/.local/lib/python3.12/site-packages/airflow/example_dags/example_kubernetes_executor.py
[2026-02-23T08:19:43.340+0000] {logging_mixin.py:190} INFO - [2026-02-23T08:19:43.340+0000] {dag.py:3239} INFO - Sync 1 DAGs
[2026-02-23T08:19:43.379+0000] {logging_mixin.py:190} INFO - [2026-02-23T08:19:43.379+0000] {dag.py:4180} INFO - Setting next_dagrun for example_kubernetes_executor to None, run_after=None
[2026-02-23T08:19:43.430+0000] {processor.py:208} INFO - Processing /home/airflow/.local/lib/python3.12/site-packages/airflow/example_dags/example_kubernetes_executor.py took 0.228 seconds
[2026-02-23T08:20:14.467+0000] {processor.py:186} INFO - Started process (PID=364) to work on /home/airflow/.local/lib/python3.12/site-packages/airflow/example_dags/example_kubernetes_executor.py
[2026-02-23T08:20:14.469+0000] {processor.py:914} INFO - Processing file /home/airflow/.local/lib/python3.12/site-packages/airflow/example_dags/example_kubernetes_executor.py for tasks to queue
[2026-02-23T08:20:14.474+0000] {logging_mixin.py:190} INFO - [2026-02-23T08:20:14.474+0000] {dagbag.py:588} INFO - Filling up the DagBag from /home/airflow/.local/lib/python3.12/site-packages/airflow/example_dags/example_kubernetes_executor.py
[2026-02-23T08:20:14.504+0000] {processor.py:925} INFO - DAG(s) 'example_kubernetes_executor' retrieved from /home/airflow/.local/lib/python3.12/site-packages/airflow/example_dags/example_kubernetes_executor.py
[2026-02-23T08:20:14.557+0000] {logging_mixin.py:190} INFO - [2026-02-23T08:20:14.557+0000] {dag.py:3239} INFO - Sync 1 DAGs
[2026-02-23T08:20:14.597+0000] {logging_mixin.py:190} INFO - [2026-02-23T08:20:14.596+0000] {dag.py:4180} INFO - Setting next_dagrun for example_kubernetes_executor to None, run_after=None
[2026-02-23T08:20:14.650+0000] {processor.py:208} INFO - Processing /home/airflow/.local/lib/python3.12/site-packages/airflow/example_dags/example_kubernetes_executor.py took 0.197 seconds
[2026-02-23T08:20:47.427+0000] {processor.py:186} INFO - Started process (PID=428) to work on /home/airflow/.local/lib/python3.12/site-packages/airflow/example_dags/example_kubernetes_executor.py
[2026-02-23T08:20:47.435+0000] {processor.py:914} INFO - Processing file /home/airflow/.local/lib/python3.12/site-packages/airflow/example_dags/example_kubernetes_executor.py for tasks to queue
[2026-02-23T08:20:47.447+0000] {logging_mixin.py:190} INFO - [2026-02-23T08:20:47.445+0000] {dagbag.py:588} INFO - Filling up the DagBag from /home/airflow/.local/lib/python3.12/site-packages/airflow/example_dags/example_kubernetes_executor.py
[2026-02-23T08:20:47.512+0000] {processor.py:925} INFO - DAG(s) 'example_kubernetes_executor' retrieved from /home/airflow/.local/lib/python3.12/site-packages/airflow/example_dags/example_kubernetes_executor.py
[2026-02-23T08:20:47.624+0000] {logging_mixin.py:190} INFO - [2026-02-23T08:20:47.623+0000] {dag.py:3239} INFO - Sync 1 DAGs
[2026-02-23T08:20:47.694+0000] {logging_mixin.py:190} INFO - [2026-02-23T08:20:47.693+0000] {dag.py:4180} INFO - Setting next_dagrun for example_kubernetes_executor to None, run_after=None
[2026-02-23T08:20:47.800+0000] {processor.py:208} INFO - Processing /home/airflow/.local/lib/python3.12/site-packages/airflow/example_dags/example_kubernetes_executor.py took 0.398 seconds
[2026-02-23T08:21:19.594+0000] {processor.py:186} INFO - Started process (PID=493) to work on /home/airflow/.local/lib/python3.12/site-packages/airflow/example_dags/example_kubernetes_executor.py
[2026-02-23T08:21:19.598+0000] {processor.py:914} INFO - Processing file /home/airflow/.local/lib/python3.12/site-packages/airflow/example_dags/example_kubernetes_executor.py for tasks to queue
[2026-02-23T08:21:19.607+0000] {logging_mixin.py:190} INFO - [2026-02-23T08:21:19.606+0000] {dagbag.py:588} INFO - Filling up the DagBag from /home/airflow/.local/lib/python3.12/site-packages/airflow/example_dags/example_kubernetes_executor.py
[2026-02-23T08:21:19.665+0000] {processor.py:925} INFO - DAG(s) 'example_kubernetes_executor' retrieved from /home/airflow/.local/lib/python3.12/site-packages/airflow/example_dags/example_kubernetes_executor.py
[2026-02-23T08:21:19.764+0000] {logging_mixin.py:190} INFO - [2026-02-23T08:21:19.763+0000] {dag.py:3239} INFO - Sync 1 DAGs
[2026-02-23T08:21:19.820+0000] {logging_mixin.py:190} INFO - [2026-02-23T08:21:19.819+0000] {dag.py:4180} INFO - Setting next_dagrun for example_kubernetes_executor to None, run_after=None
[2026-02-23T08:21:19.899+0000] {processor.py:208} INFO - Processing /home/airflow/.local/lib/python3.12/site-packages/airflow/example_dags/example_kubernetes_executor.py took 0.332 seconds
[2026-02-23T08:21:50.372+0000] {processor.py:186} INFO - Started process (PID=557) to work on /home/airflow/.local/lib/python3.12/site-packages/airflow/example_dags/example_kubernetes_executor.py
[2026-02-23T08:21:50.374+0000] {processor.py:914} INFO - Processing file /home/airflow/.local/lib/python3.12/site-packages/airflow/example_dags/example_kubernetes_executor.py for tasks to queue
[2026-02-23T08:21:50.379+0000] {logging_mixin.py:190} INFO - [2026-02-23T08:21:50.379+0000] {dagbag.py:588} INFO - Filling up the DagBag from /home/airflow/.local/lib/python3.12/site-packages/airflow/example_dags/example_kubernetes_executor.py
[2026-02-23T08:21:50.406+0000] {processor.py:925} INFO - DAG(s) 'example_kubernetes_executor' retrieved from /home/airflow/.local/lib/python3.12/site-packages/airflow/example_dags/example_kubernetes_executor.py
[2026-02-23T08:21:50.456+0000] {logging_mixin.py:190} INFO - [2026-02-23T08:21:50.456+0000] {dag.py:3239} INFO - Sync 1 DAGs
[2026-02-23T08:21:50.488+0000] {logging_mixin.py:190} INFO - [2026-02-23T08:21:50.488+0000] {dag.py:4180} INFO - Setting next_dagrun for example_kubernetes_executor to None, run_after=None
[2026-02-23T08:21:50.534+0000] {processor.py:208} INFO - Processing /home/airflow/.local/lib/python3.12/site-packages/airflow/example_dags/example_kubernetes_executor.py took 0.173 seconds
[2026-02-23T08:22:20.976+0000] {processor.py:186} INFO - Started process (PID=621) to work on /home/airflow/.local/lib/python3.12/site-packages/airflow/example_dags/example_kubernetes_executor.py
[2026-02-23T08:22:20.979+0000] {processor.py:914} INFO - Processing file /home/airflow/.local/lib/python3.12/site-packages/airflow/example_dags/example_kubernetes_executor.py for tasks to queue
[2026-02-23T08:22:20.986+0000] {logging_mixin.py:190} INFO - [2026-02-23T08:22:20.985+0000] {dagbag.py:588} INFO - Filling up the DagBag from /home/airflow/.local/lib/python3.12/site-packages/airflow/example_dags/example_kubernetes_executor.py
[2026-02-23T08:22:21.014+0000] {processor.py:925} INFO - DAG(s) 'example_kubernetes_executor' retrieved from /home/airflow/.local/lib/python3.12/site-packages/airflow/example_dags/example_kubernetes_executor.py
[2026-02-23T08:22:21.066+0000] {logging_mixin.py:190} INFO - [2026-02-23T08:22:21.066+0000] {dag.py:3239} INFO - Sync 1 DAGs
[2026-02-23T08:22:21.097+0000] {logging_mixin.py:190} INFO - [2026-02-23T08:22:21.096+0000] {dag.py:4180} INFO - Setting next_dagrun for example_kubernetes_executor to None, run_after=None
[2026-02-23T08:22:21.138+0000] {processor.py:208} INFO - Processing /home/airflow/.local/lib/python3.12/site-packages/airflow/example_dags/example_kubernetes_executor.py took 0.174 seconds
[2026-02-23T08:24:25.753+0000] {processor.py:186} INFO - Started process (PID=94) to work on /home/airflow/.local/lib/python3.12/site-packages/airflow/example_dags/example_kubernetes_executor.py
[2026-02-23T08:24:25.757+0000] {processor.py:914} INFO - Processing file /home/airflow/.local/lib/python3.12/site-packages/airflow/example_dags/example_kubernetes_executor.py for tasks to queue
[2026-02-23T08:24:25.763+0000] {logging_mixin.py:190} INFO - [2026-02-23T08:24:25.762+0000] {dagbag.py:588} INFO - Filling up the DagBag from /home/airflow/.local/lib/python3.12/site-packages/airflow/example_dags/example_kubernetes_executor.py
[2026-02-23T08:24:25.801+0000] {processor.py:925} INFO - DAG(s) 'example_kubernetes_executor' retrieved from /home/airflow/.local/lib/python3.12/site-packages/airflow/example_dags/example_kubernetes_executor.py
[2026-02-23T08:24:25.877+0000] {logging_mixin.py:190} INFO - [2026-02-23T08:24:25.876+0000] {dag.py:3239} INFO - Sync 1 DAGs
[2026-02-23T08:24:25.917+0000] {logging_mixin.py:190} INFO - [2026-02-23T08:24:25.917+0000] {dag.py:4180} INFO - Setting next_dagrun for example_kubernetes_executor to None, run_after=None
[2026-02-23T08:24:25.969+0000] {processor.py:208} INFO - Processing /home/airflow/.local/lib/python3.12/site-packages/airflow/example_dags/example_kubernetes_executor.py took 0.231 seconds
[2026-02-23T08:24:56.735+0000] {processor.py:186} INFO - Started process (PID=158) to work on /home/airflow/.local/lib/python3.12/site-packages/airflow/example_dags/example_kubernetes_executor.py
[2026-02-23T08:24:56.738+0000] {processor.py:914} INFO - Processing file /home/airflow/.local/lib/python3.12/site-packages/airflow/example_dags/example_kubernetes_executor.py for tasks to queue
[2026-02-23T08:24:56.744+0000] {logging_mixin.py:190} INFO - [2026-02-23T08:24:56.743+0000] {dagbag.py:588} INFO - Filling up the DagBag from /home/airflow/.local/lib/python3.12/site-packages/airflow/example_dags/example_kubernetes_executor.py
[2026-02-23T08:24:56.774+0000] {processor.py:925} INFO - DAG(s) 'example_kubernetes_executor' retrieved from /home/airflow/.local/lib/python3.12/site-packages/airflow/example_dags/example_kubernetes_executor.py
[2026-02-23T08:24:56.835+0000] {logging_mixin.py:190} INFO - [2026-02-23T08:24:56.835+0000] {dag.py:3239} INFO - Sync 1 DAGs
[2026-02-23T08:24:56.871+0000] {logging_mixin.py:190} INFO - [2026-02-23T08:24:56.870+0000] {dag.py:4180} INFO - Setting next_dagrun for example_kubernetes_executor to None, run_after=None
[2026-02-23T08:24:56.927+0000] {processor.py:208} INFO - Processing /home/airflow/.local/lib/python3.12/site-packages/airflow/example_dags/example_kubernetes_executor.py took 0.205 seconds
[2026-02-23T08:25:31.145+0000] {processor.py:186} INFO - Started process (PID=224) to work on /home/airflow/.local/lib/python3.12/site-packages/airflow/example_dags/example_kubernetes_executor.py
[2026-02-23T08:25:31.148+0000] {processor.py:914} INFO - Processing file /home/airflow/.local/lib/python3.12/site-packages/airflow/example_dags/example_kubernetes_executor.py for tasks to queue
[2026-02-23T08:25:31.157+0000] {logging_mixin.py:190} INFO - [2026-02-23T08:25:31.156+0000] {dagbag.py:588} INFO - Filling up the DagBag from /home/airflow/.local/lib/python3.12/site-packages/airflow/example_dags/example_kubernetes_executor.py
[2026-02-23T08:25:31.217+0000] {processor.py:925} INFO - DAG(s) 'example_kubernetes_executor' retrieved from /home/airflow/.local/lib/python3.12/site-packages/airflow/example_dags/example_kubernetes_executor.py
[2026-02-23T08:25:31.327+0000] {logging_mixin.py:190} INFO - [2026-02-23T08:25:31.327+0000] {dag.py:3239} INFO - Sync 1 DAGs
[2026-02-23T08:25:31.393+0000] {logging_mixin.py:190} INFO - [2026-02-23T08:25:31.392+0000] {dag.py:4180} INFO - Setting next_dagrun for example_kubernetes_executor to None, run_after=None
[2026-02-23T08:25:31.482+0000] {processor.py:208} INFO - Processing /home/airflow/.local/lib/python3.12/site-packages/airflow/example_dags/example_kubernetes_executor.py took 0.356 seconds
[2026-02-23T08:26:01.798+0000] {processor.py:186} INFO - Started process (PID=294) to work on /home/airflow/.local/lib/python3.12/site-packages/airflow/example_dags/example_kubernetes_executor.py
[2026-02-23T08:26:01.802+0000] {processor.py:914} INFO - Processing file /home/airflow/.local/lib/python3.12/site-packages/airflow/example_dags/example_kubernetes_executor.py for tasks to queue
[2026-02-23T08:26:01.810+0000] {logging_mixin.py:190} INFO - [2026-02-23T08:26:01.809+0000] {dagbag.py:588} INFO - Filling up the DagBag from /home/airflow/.local/lib/python3.12/site-packages/airflow/example_dags/example_kubernetes_executor.py
[2026-02-23T08:26:01.864+0000] {processor.py:925} INFO - DAG(s) 'example_kubernetes_executor' retrieved from /home/airflow/.local/lib/python3.12/site-packages/airflow/example_dags/example_kubernetes_executor.py
[2026-02-23T08:26:01.967+0000] {logging_mixin.py:190} INFO - [2026-02-23T08:26:01.966+0000] {dag.py:3239} INFO - Sync 1 DAGs
[2026-02-23T08:26:02.039+0000] {logging_mixin.py:190} INFO - [2026-02-23T08:26:02.038+0000] {dag.py:4180} INFO - Setting next_dagrun for example_kubernetes_executor to None, run_after=None
[2026-02-23T08:26:02.116+0000] {processor.py:208} INFO - Processing /home/airflow/.local/lib/python3.12/site-packages/airflow/example_dags/example_kubernetes_executor.py took 0.339 seconds
[2026-02-23T08:26:32.413+0000] {processor.py:186} INFO - Started process (PID=358) to work on /home/airflow/.local/lib/python3.12/site-packages/airflow/example_dags/example_kubernetes_executor.py
[2026-02-23T08:26:32.415+0000] {processor.py:914} INFO - Processing file /home/airflow/.local/lib/python3.12/site-packages/airflow/example_dags/example_kubernetes_executor.py for tasks to queue
[2026-02-23T08:26:32.419+0000] {logging_mixin.py:190} INFO - [2026-02-23T08:26:32.418+0000] {dagbag.py:588} INFO - Filling up the DagBag from /home/airflow/.local/lib/python3.12/site-packages/airflow/example_dags/example_kubernetes_executor.py
[2026-02-23T08:26:32.443+0000] {processor.py:925} INFO - DAG(s) 'example_kubernetes_executor' retrieved from /home/airflow/.local/lib/python3.12/site-packages/airflow/example_dags/example_kubernetes_executor.py
[2026-02-23T08:26:32.481+0000] {logging_mixin.py:190} INFO - [2026-02-23T08:26:32.480+0000] {dag.py:3239} INFO - Sync 1 DAGs
[2026-02-23T08:26:32.505+0000] {logging_mixin.py:190} INFO - [2026-02-23T08:26:32.504+0000] {dag.py:4180} INFO - Setting next_dagrun for example_kubernetes_executor to None, run_after=None
[2026-02-23T08:26:32.539+0000] {processor.py:208} INFO - Processing /home/airflow/.local/lib/python3.12/site-packages/airflow/example_dags/example_kubernetes_executor.py took 0.136 seconds
[2026-02-23T08:31:57.024+0000] {processor.py:186} INFO - Started process (PID=124) to work on /home/airflow/.local/lib/python3.12/site-packages/airflow/example_dags/example_kubernetes_executor.py
[2026-02-23T08:31:57.148+0000] {processor.py:914} INFO - Processing file /home/airflow/.local/lib/python3.12/site-packages/airflow/example_dags/example_kubernetes_executor.py for tasks to queue
[2026-02-23T08:31:57.217+0000] {logging_mixin.py:190} INFO - [2026-02-23T08:31:57.215+0000] {dagbag.py:588} INFO - Filling up the DagBag from /home/airflow/.local/lib/python3.12/site-packages/airflow/example_dags/example_kubernetes_executor.py
[2026-02-23T08:31:57.567+0000] {processor.py:925} INFO - DAG(s) 'example_kubernetes_executor' retrieved from /home/airflow/.local/lib/python3.12/site-packages/airflow/example_dags/example_kubernetes_executor.py
[2026-02-23T08:31:57.943+0000] {logging_mixin.py:190} INFO - [2026-02-23T08:31:57.942+0000] {dag.py:3239} INFO - Sync 1 DAGs
[2026-02-23T08:31:58.088+0000] {logging_mixin.py:190} INFO - [2026-02-23T08:31:58.087+0000] {dag.py:4180} INFO - Setting next_dagrun for example_kubernetes_executor to None, run_after=None
[2026-02-23T08:31:58.274+0000] {processor.py:208} INFO - Processing /home/airflow/.local/lib/python3.12/site-packages/airflow/example_dags/example_kubernetes_executor.py took 1.320 seconds
[2026-02-23T15:42:20.721+0000] {processor.py:186} INFO - Started process (PID=207) to work on /home/airflow/.local/lib/python3.12/site-packages/airflow/example_dags/example_kubernetes_executor.py
[2026-02-23T15:42:20.723+0000] {processor.py:914} INFO - Processing file /home/airflow/.local/lib/python3.12/site-packages/airflow/example_dags/example_kubernetes_executor.py for tasks to queue
[2026-02-23T15:42:20.727+0000] {logging_mixin.py:190} INFO - [2026-02-23T15:42:20.726+0000] {dagbag.py:588} INFO - Filling up the DagBag from /home/airflow/.local/lib/python3.12/site-packages/airflow/example_dags/example_kubernetes_executor.py
[2026-02-23T15:42:20.777+0000] {processor.py:925} INFO - DAG(s) 'example_kubernetes_executor' retrieved from /home/airflow/.local/lib/python3.12/site-packages/airflow/example_dags/example_kubernetes_executor.py
[2026-02-23T15:42:20.831+0000] {logging_mixin.py:190} INFO - [2026-02-23T15:42:20.830+0000] {dag.py:3239} INFO - Sync 1 DAGs
[2026-02-23T15:42:20.863+0000] {logging_mixin.py:190} INFO - [2026-02-23T15:42:20.862+0000] {dag.py:4180} INFO - Setting next_dagrun for example_kubernetes_executor to None, run_after=None
[2026-02-23T15:42:20.907+0000] {processor.py:208} INFO - Processing /home/airflow/.local/lib/python3.12/site-packages/airflow/example_dags/example_kubernetes_executor.py took 0.200 seconds
[2026-02-23T15:42:58.467+0000] {processor.py:186} INFO - Started process (PID=278) to work on /home/airflow/.local/lib/python3.12/site-packages/airflow/example_dags/example_kubernetes_executor.py
[2026-02-23T15:42:58.483+0000] {processor.py:914} INFO - Processing file /home/airflow/.local/lib/python3.12/site-packages/airflow/example_dags/example_kubernetes_executor.py for tasks to queue
[2026-02-23T15:42:58.497+0000] {logging_mixin.py:190} INFO - [2026-02-23T15:42:58.488+0000] {dagbag.py:588} INFO - Filling up the DagBag from /home/airflow/.local/lib/python3.12/site-packages/airflow/example_dags/example_kubernetes_executor.py
[2026-02-23T15:42:58.669+0000] {processor.py:925} INFO - DAG(s) 'example_kubernetes_executor' retrieved from /home/airflow/.local/lib/python3.12/site-packages/airflow/example_dags/example_kubernetes_executor.py
[2026-02-23T15:42:59.362+0000] {logging_mixin.py:190} INFO - [2026-02-23T15:42:59.362+0000] {dag.py:3239} INFO - Sync 1 DAGs
[2026-02-23T15:42:59.452+0000] {logging_mixin.py:190} INFO - [2026-02-23T15:42:59.451+0000] {dag.py:4180} INFO - Setting next_dagrun for example_kubernetes_executor to None, run_after=None
[2026-02-23T15:42:59.577+0000] {processor.py:208} INFO - Processing /home/airflow/.local/lib/python3.12/site-packages/airflow/example_dags/example_kubernetes_executor.py took 1.150 seconds
