[2026-02-23T07:42:12.147+0000] {processor.py:186} INFO - Started process (PID=3344) to work on /home/airflow/.local/lib/python3.12/site-packages/airflow/example_dags/example_latest_only_with_trigger.py
[2026-02-23T07:42:12.151+0000] {processor.py:914} INFO - Processing file /home/airflow/.local/lib/python3.12/site-packages/airflow/example_dags/example_latest_only_with_trigger.py for tasks to queue
[2026-02-23T07:42:12.156+0000] {logging_mixin.py:190} INFO - [2026-02-23T07:42:12.155+0000] {dagbag.py:588} INFO - Filling up the DagBag from /home/airflow/.local/lib/python3.12/site-packages/airflow/example_dags/example_latest_only_with_trigger.py
[2026-02-23T07:42:12.181+0000] {processor.py:925} INFO - DAG(s) 'latest_only_with_trigger' retrieved from /home/airflow/.local/lib/python3.12/site-packages/airflow/example_dags/example_latest_only_with_trigger.py
[2026-02-23T07:42:12.264+0000] {logging_mixin.py:190} INFO - [2026-02-23T07:42:12.263+0000] {dag.py:3239} INFO - Sync 1 DAGs
[2026-02-23T07:42:12.347+0000] {logging_mixin.py:190} INFO - [2026-02-23T07:42:12.346+0000] {dag.py:4180} INFO - Setting next_dagrun for latest_only_with_trigger to 2026-02-23 00:00:00+00:00, run_after=2026-02-23 04:00:00+00:00
[2026-02-23T07:42:12.417+0000] {processor.py:208} INFO - Processing /home/airflow/.local/lib/python3.12/site-packages/airflow/example_dags/example_latest_only_with_trigger.py took 0.288 seconds
[2026-02-23T07:42:43.289+0000] {processor.py:186} INFO - Started process (PID=3409) to work on /home/airflow/.local/lib/python3.12/site-packages/airflow/example_dags/example_latest_only_with_trigger.py
[2026-02-23T07:42:43.292+0000] {processor.py:914} INFO - Processing file /home/airflow/.local/lib/python3.12/site-packages/airflow/example_dags/example_latest_only_with_trigger.py for tasks to queue
[2026-02-23T07:42:43.296+0000] {logging_mixin.py:190} INFO - [2026-02-23T07:42:43.295+0000] {dagbag.py:588} INFO - Filling up the DagBag from /home/airflow/.local/lib/python3.12/site-packages/airflow/example_dags/example_latest_only_with_trigger.py
[2026-02-23T07:42:43.311+0000] {processor.py:925} INFO - DAG(s) 'latest_only_with_trigger' retrieved from /home/airflow/.local/lib/python3.12/site-packages/airflow/example_dags/example_latest_only_with_trigger.py
[2026-02-23T07:42:43.366+0000] {logging_mixin.py:190} INFO - [2026-02-23T07:42:43.366+0000] {dag.py:3239} INFO - Sync 1 DAGs
[2026-02-23T07:42:43.426+0000] {logging_mixin.py:190} INFO - [2026-02-23T07:42:43.426+0000] {dag.py:4180} INFO - Setting next_dagrun for latest_only_with_trigger to 2026-02-23 00:00:00+00:00, run_after=2026-02-23 04:00:00+00:00
[2026-02-23T07:42:43.479+0000] {processor.py:208} INFO - Processing /home/airflow/.local/lib/python3.12/site-packages/airflow/example_dags/example_latest_only_with_trigger.py took 0.208 seconds
[2026-02-23T07:43:48.018+0000] {processor.py:186} INFO - Started process (PID=3501) to work on /home/airflow/.local/lib/python3.12/site-packages/airflow/example_dags/example_latest_only_with_trigger.py
[2026-02-23T07:43:48.022+0000] {processor.py:914} INFO - Processing file /home/airflow/.local/lib/python3.12/site-packages/airflow/example_dags/example_latest_only_with_trigger.py for tasks to queue
[2026-02-23T07:43:48.035+0000] {logging_mixin.py:190} INFO - [2026-02-23T07:43:48.034+0000] {dagbag.py:588} INFO - Filling up the DagBag from /home/airflow/.local/lib/python3.12/site-packages/airflow/example_dags/example_latest_only_with_trigger.py
[2026-02-23T07:43:48.066+0000] {processor.py:925} INFO - DAG(s) 'latest_only_with_trigger' retrieved from /home/airflow/.local/lib/python3.12/site-packages/airflow/example_dags/example_latest_only_with_trigger.py
[2026-02-23T07:43:48.167+0000] {logging_mixin.py:190} INFO - [2026-02-23T07:43:48.166+0000] {dag.py:3239} INFO - Sync 1 DAGs
[2026-02-23T07:43:48.278+0000] {logging_mixin.py:190} INFO - [2026-02-23T07:43:48.277+0000] {dag.py:4180} INFO - Setting next_dagrun for latest_only_with_trigger to 2026-02-23 00:00:00+00:00, run_after=2026-02-23 04:00:00+00:00
[2026-02-23T07:43:48.379+0000] {processor.py:208} INFO - Processing /home/airflow/.local/lib/python3.12/site-packages/airflow/example_dags/example_latest_only_with_trigger.py took 0.387 seconds
[2026-02-23T08:18:02.332+0000] {processor.py:186} INFO - Started process (PID=92) to work on /home/airflow/.local/lib/python3.12/site-packages/airflow/example_dags/example_latest_only_with_trigger.py
[2026-02-23T08:18:02.337+0000] {processor.py:914} INFO - Processing file /home/airflow/.local/lib/python3.12/site-packages/airflow/example_dags/example_latest_only_with_trigger.py for tasks to queue
[2026-02-23T08:18:02.348+0000] {logging_mixin.py:190} INFO - [2026-02-23T08:18:02.347+0000] {dagbag.py:588} INFO - Filling up the DagBag from /home/airflow/.local/lib/python3.12/site-packages/airflow/example_dags/example_latest_only_with_trigger.py
[2026-02-23T08:18:02.374+0000] {processor.py:925} INFO - DAG(s) 'latest_only_with_trigger' retrieved from /home/airflow/.local/lib/python3.12/site-packages/airflow/example_dags/example_latest_only_with_trigger.py
[2026-02-23T08:18:02.442+0000] {logging_mixin.py:190} INFO - [2026-02-23T08:18:02.441+0000] {dag.py:3239} INFO - Sync 1 DAGs
[2026-02-23T08:18:02.520+0000] {logging_mixin.py:190} INFO - [2026-02-23T08:18:02.519+0000] {dag.py:4180} INFO - Setting next_dagrun for latest_only_with_trigger to 2026-02-23 04:00:00+00:00, run_after=2026-02-23 08:00:00+00:00
[2026-02-23T08:18:02.580+0000] {processor.py:208} INFO - Processing /home/airflow/.local/lib/python3.12/site-packages/airflow/example_dags/example_latest_only_with_trigger.py took 0.270 seconds
[2026-02-23T08:18:36.593+0000] {processor.py:186} INFO - Started process (PID=157) to work on /home/airflow/.local/lib/python3.12/site-packages/airflow/example_dags/example_latest_only_with_trigger.py
[2026-02-23T08:18:36.598+0000] {processor.py:914} INFO - Processing file /home/airflow/.local/lib/python3.12/site-packages/airflow/example_dags/example_latest_only_with_trigger.py for tasks to queue
[2026-02-23T08:18:36.608+0000] {logging_mixin.py:190} INFO - [2026-02-23T08:18:36.606+0000] {dagbag.py:588} INFO - Filling up the DagBag from /home/airflow/.local/lib/python3.12/site-packages/airflow/example_dags/example_latest_only_with_trigger.py
[2026-02-23T08:18:36.644+0000] {processor.py:925} INFO - DAG(s) 'latest_only_with_trigger' retrieved from /home/airflow/.local/lib/python3.12/site-packages/airflow/example_dags/example_latest_only_with_trigger.py
[2026-02-23T08:18:36.738+0000] {logging_mixin.py:190} INFO - [2026-02-23T08:18:36.737+0000] {dag.py:3239} INFO - Sync 1 DAGs
[2026-02-23T08:18:36.846+0000] {logging_mixin.py:190} INFO - [2026-02-23T08:18:36.845+0000] {dag.py:4180} INFO - Setting next_dagrun for latest_only_with_trigger to 2026-02-23 04:00:00+00:00, run_after=2026-02-23 08:00:00+00:00
[2026-02-23T08:18:36.956+0000] {processor.py:208} INFO - Processing /home/airflow/.local/lib/python3.12/site-packages/airflow/example_dags/example_latest_only_with_trigger.py took 0.388 seconds
[2026-02-23T08:19:09.636+0000] {processor.py:186} INFO - Started process (PID=222) to work on /home/airflow/.local/lib/python3.12/site-packages/airflow/example_dags/example_latest_only_with_trigger.py
[2026-02-23T08:19:09.643+0000] {processor.py:914} INFO - Processing file /home/airflow/.local/lib/python3.12/site-packages/airflow/example_dags/example_latest_only_with_trigger.py for tasks to queue
[2026-02-23T08:19:09.654+0000] {logging_mixin.py:190} INFO - [2026-02-23T08:19:09.652+0000] {dagbag.py:588} INFO - Filling up the DagBag from /home/airflow/.local/lib/python3.12/site-packages/airflow/example_dags/example_latest_only_with_trigger.py
[2026-02-23T08:19:09.690+0000] {processor.py:925} INFO - DAG(s) 'latest_only_with_trigger' retrieved from /home/airflow/.local/lib/python3.12/site-packages/airflow/example_dags/example_latest_only_with_trigger.py
[2026-02-23T08:19:09.785+0000] {logging_mixin.py:190} INFO - [2026-02-23T08:19:09.784+0000] {dag.py:3239} INFO - Sync 1 DAGs
[2026-02-23T08:19:09.900+0000] {logging_mixin.py:190} INFO - [2026-02-23T08:19:09.899+0000] {dag.py:4180} INFO - Setting next_dagrun for latest_only_with_trigger to 2026-02-23 04:00:00+00:00, run_after=2026-02-23 08:00:00+00:00
[2026-02-23T08:19:09.980+0000] {processor.py:208} INFO - Processing /home/airflow/.local/lib/python3.12/site-packages/airflow/example_dags/example_latest_only_with_trigger.py took 0.372 seconds
[2026-02-23T08:19:40.540+0000] {processor.py:186} INFO - Started process (PID=286) to work on /home/airflow/.local/lib/python3.12/site-packages/airflow/example_dags/example_latest_only_with_trigger.py
[2026-02-23T08:19:40.544+0000] {processor.py:914} INFO - Processing file /home/airflow/.local/lib/python3.12/site-packages/airflow/example_dags/example_latest_only_with_trigger.py for tasks to queue
[2026-02-23T08:19:40.552+0000] {logging_mixin.py:190} INFO - [2026-02-23T08:19:40.551+0000] {dagbag.py:588} INFO - Filling up the DagBag from /home/airflow/.local/lib/python3.12/site-packages/airflow/example_dags/example_latest_only_with_trigger.py
[2026-02-23T08:19:40.574+0000] {processor.py:925} INFO - DAG(s) 'latest_only_with_trigger' retrieved from /home/airflow/.local/lib/python3.12/site-packages/airflow/example_dags/example_latest_only_with_trigger.py
[2026-02-23T08:19:40.633+0000] {logging_mixin.py:190} INFO - [2026-02-23T08:19:40.632+0000] {dag.py:3239} INFO - Sync 1 DAGs
[2026-02-23T08:19:40.695+0000] {logging_mixin.py:190} INFO - [2026-02-23T08:19:40.695+0000] {dag.py:4180} INFO - Setting next_dagrun for latest_only_with_trigger to 2026-02-23 04:00:00+00:00, run_after=2026-02-23 08:00:00+00:00
[2026-02-23T08:19:40.755+0000] {processor.py:208} INFO - Processing /home/airflow/.local/lib/python3.12/site-packages/airflow/example_dags/example_latest_only_with_trigger.py took 0.232 seconds
[2026-02-23T08:20:11.583+0000] {processor.py:186} INFO - Started process (PID=350) to work on /home/airflow/.local/lib/python3.12/site-packages/airflow/example_dags/example_latest_only_with_trigger.py
[2026-02-23T08:20:11.585+0000] {processor.py:914} INFO - Processing file /home/airflow/.local/lib/python3.12/site-packages/airflow/example_dags/example_latest_only_with_trigger.py for tasks to queue
[2026-02-23T08:20:11.589+0000] {logging_mixin.py:190} INFO - [2026-02-23T08:20:11.589+0000] {dagbag.py:588} INFO - Filling up the DagBag from /home/airflow/.local/lib/python3.12/site-packages/airflow/example_dags/example_latest_only_with_trigger.py
[2026-02-23T08:20:11.602+0000] {processor.py:925} INFO - DAG(s) 'latest_only_with_trigger' retrieved from /home/airflow/.local/lib/python3.12/site-packages/airflow/example_dags/example_latest_only_with_trigger.py
[2026-02-23T08:20:11.638+0000] {logging_mixin.py:190} INFO - [2026-02-23T08:20:11.638+0000] {dag.py:3239} INFO - Sync 1 DAGs
[2026-02-23T08:20:11.674+0000] {logging_mixin.py:190} INFO - [2026-02-23T08:20:11.674+0000] {dag.py:4180} INFO - Setting next_dagrun for latest_only_with_trigger to 2026-02-23 04:00:00+00:00, run_after=2026-02-23 08:00:00+00:00
[2026-02-23T08:20:11.707+0000] {processor.py:208} INFO - Processing /home/airflow/.local/lib/python3.12/site-packages/airflow/example_dags/example_latest_only_with_trigger.py took 0.136 seconds
[2026-02-23T08:20:42.352+0000] {processor.py:186} INFO - Started process (PID=415) to work on /home/airflow/.local/lib/python3.12/site-packages/airflow/example_dags/example_latest_only_with_trigger.py
[2026-02-23T08:20:42.355+0000] {processor.py:914} INFO - Processing file /home/airflow/.local/lib/python3.12/site-packages/airflow/example_dags/example_latest_only_with_trigger.py for tasks to queue
[2026-02-23T08:20:42.361+0000] {logging_mixin.py:190} INFO - [2026-02-23T08:20:42.360+0000] {dagbag.py:588} INFO - Filling up the DagBag from /home/airflow/.local/lib/python3.12/site-packages/airflow/example_dags/example_latest_only_with_trigger.py
[2026-02-23T08:20:42.381+0000] {processor.py:925} INFO - DAG(s) 'latest_only_with_trigger' retrieved from /home/airflow/.local/lib/python3.12/site-packages/airflow/example_dags/example_latest_only_with_trigger.py
[2026-02-23T08:20:42.428+0000] {logging_mixin.py:190} INFO - [2026-02-23T08:20:42.427+0000] {dag.py:3239} INFO - Sync 1 DAGs
[2026-02-23T08:20:42.479+0000] {logging_mixin.py:190} INFO - [2026-02-23T08:20:42.479+0000] {dag.py:4180} INFO - Setting next_dagrun for latest_only_with_trigger to 2026-02-23 04:00:00+00:00, run_after=2026-02-23 08:00:00+00:00
[2026-02-23T08:20:42.530+0000] {processor.py:208} INFO - Processing /home/airflow/.local/lib/python3.12/site-packages/airflow/example_dags/example_latest_only_with_trigger.py took 0.190 seconds
[2026-02-23T08:21:12.654+0000] {processor.py:186} INFO - Started process (PID=485) to work on /home/airflow/.local/lib/python3.12/site-packages/airflow/example_dags/example_latest_only_with_trigger.py
[2026-02-23T08:21:12.658+0000] {processor.py:914} INFO - Processing file /home/airflow/.local/lib/python3.12/site-packages/airflow/example_dags/example_latest_only_with_trigger.py for tasks to queue
[2026-02-23T08:21:12.669+0000] {logging_mixin.py:190} INFO - [2026-02-23T08:21:12.668+0000] {dagbag.py:588} INFO - Filling up the DagBag from /home/airflow/.local/lib/python3.12/site-packages/airflow/example_dags/example_latest_only_with_trigger.py
[2026-02-23T08:21:12.705+0000] {processor.py:925} INFO - DAG(s) 'latest_only_with_trigger' retrieved from /home/airflow/.local/lib/python3.12/site-packages/airflow/example_dags/example_latest_only_with_trigger.py
[2026-02-23T08:21:12.803+0000] {logging_mixin.py:190} INFO - [2026-02-23T08:21:12.802+0000] {dag.py:3239} INFO - Sync 1 DAGs
[2026-02-23T08:21:12.908+0000] {logging_mixin.py:190} INFO - [2026-02-23T08:21:12.907+0000] {dag.py:4180} INFO - Setting next_dagrun for latest_only_with_trigger to 2026-02-23 04:00:00+00:00, run_after=2026-02-23 08:00:00+00:00
[2026-02-23T08:21:12.979+0000] {processor.py:208} INFO - Processing /home/airflow/.local/lib/python3.12/site-packages/airflow/example_dags/example_latest_only_with_trigger.py took 0.340 seconds
[2026-02-23T08:21:43.770+0000] {processor.py:186} INFO - Started process (PID=549) to work on /home/airflow/.local/lib/python3.12/site-packages/airflow/example_dags/example_latest_only_with_trigger.py
[2026-02-23T08:21:43.772+0000] {processor.py:914} INFO - Processing file /home/airflow/.local/lib/python3.12/site-packages/airflow/example_dags/example_latest_only_with_trigger.py for tasks to queue
[2026-02-23T08:21:43.775+0000] {logging_mixin.py:190} INFO - [2026-02-23T08:21:43.774+0000] {dagbag.py:588} INFO - Filling up the DagBag from /home/airflow/.local/lib/python3.12/site-packages/airflow/example_dags/example_latest_only_with_trigger.py
[2026-02-23T08:21:43.782+0000] {processor.py:925} INFO - DAG(s) 'latest_only_with_trigger' retrieved from /home/airflow/.local/lib/python3.12/site-packages/airflow/example_dags/example_latest_only_with_trigger.py
[2026-02-23T08:21:43.801+0000] {logging_mixin.py:190} INFO - [2026-02-23T08:21:43.801+0000] {dag.py:3239} INFO - Sync 1 DAGs
[2026-02-23T08:21:43.829+0000] {logging_mixin.py:190} INFO - [2026-02-23T08:21:43.828+0000] {dag.py:4180} INFO - Setting next_dagrun for latest_only_with_trigger to 2026-02-23 04:00:00+00:00, run_after=2026-02-23 08:00:00+00:00
[2026-02-23T08:21:43.859+0000] {processor.py:208} INFO - Processing /home/airflow/.local/lib/python3.12/site-packages/airflow/example_dags/example_latest_only_with_trigger.py took 0.096 seconds
[2026-02-23T08:22:14.278+0000] {processor.py:186} INFO - Started process (PID=614) to work on /home/airflow/.local/lib/python3.12/site-packages/airflow/example_dags/example_latest_only_with_trigger.py
[2026-02-23T08:22:14.281+0000] {processor.py:914} INFO - Processing file /home/airflow/.local/lib/python3.12/site-packages/airflow/example_dags/example_latest_only_with_trigger.py for tasks to queue
[2026-02-23T08:22:14.285+0000] {logging_mixin.py:190} INFO - [2026-02-23T08:22:14.284+0000] {dagbag.py:588} INFO - Filling up the DagBag from /home/airflow/.local/lib/python3.12/site-packages/airflow/example_dags/example_latest_only_with_trigger.py
[2026-02-23T08:22:14.296+0000] {processor.py:925} INFO - DAG(s) 'latest_only_with_trigger' retrieved from /home/airflow/.local/lib/python3.12/site-packages/airflow/example_dags/example_latest_only_with_trigger.py
[2026-02-23T08:22:14.327+0000] {logging_mixin.py:190} INFO - [2026-02-23T08:22:14.326+0000] {dag.py:3239} INFO - Sync 1 DAGs
[2026-02-23T08:22:14.360+0000] {logging_mixin.py:190} INFO - [2026-02-23T08:22:14.359+0000] {dag.py:4180} INFO - Setting next_dagrun for latest_only_with_trigger to 2026-02-23 04:00:00+00:00, run_after=2026-02-23 08:00:00+00:00
[2026-02-23T08:22:14.392+0000] {processor.py:208} INFO - Processing /home/airflow/.local/lib/python3.12/site-packages/airflow/example_dags/example_latest_only_with_trigger.py took 0.122 seconds
[2026-02-23T08:24:24.340+0000] {processor.py:186} INFO - Started process (PID=87) to work on /home/airflow/.local/lib/python3.12/site-packages/airflow/example_dags/example_latest_only_with_trigger.py
[2026-02-23T08:24:24.344+0000] {processor.py:914} INFO - Processing file /home/airflow/.local/lib/python3.12/site-packages/airflow/example_dags/example_latest_only_with_trigger.py for tasks to queue
[2026-02-23T08:24:24.355+0000] {logging_mixin.py:190} INFO - [2026-02-23T08:24:24.354+0000] {dagbag.py:588} INFO - Filling up the DagBag from /home/airflow/.local/lib/python3.12/site-packages/airflow/example_dags/example_latest_only_with_trigger.py
[2026-02-23T08:24:24.379+0000] {processor.py:925} INFO - DAG(s) 'latest_only_with_trigger' retrieved from /home/airflow/.local/lib/python3.12/site-packages/airflow/example_dags/example_latest_only_with_trigger.py
[2026-02-23T08:24:24.444+0000] {logging_mixin.py:190} INFO - [2026-02-23T08:24:24.443+0000] {dag.py:3239} INFO - Sync 1 DAGs
[2026-02-23T08:24:24.510+0000] {logging_mixin.py:190} INFO - [2026-02-23T08:24:24.510+0000] {dag.py:4180} INFO - Setting next_dagrun for latest_only_with_trigger to 2026-02-23 04:00:00+00:00, run_after=2026-02-23 08:00:00+00:00
[2026-02-23T08:24:24.554+0000] {processor.py:208} INFO - Processing /home/airflow/.local/lib/python3.12/site-packages/airflow/example_dags/example_latest_only_with_trigger.py took 0.230 seconds
[2026-02-23T08:24:55.137+0000] {processor.py:186} INFO - Started process (PID=151) to work on /home/airflow/.local/lib/python3.12/site-packages/airflow/example_dags/example_latest_only_with_trigger.py
[2026-02-23T08:24:55.139+0000] {processor.py:914} INFO - Processing file /home/airflow/.local/lib/python3.12/site-packages/airflow/example_dags/example_latest_only_with_trigger.py for tasks to queue
[2026-02-23T08:24:55.146+0000] {logging_mixin.py:190} INFO - [2026-02-23T08:24:55.145+0000] {dagbag.py:588} INFO - Filling up the DagBag from /home/airflow/.local/lib/python3.12/site-packages/airflow/example_dags/example_latest_only_with_trigger.py
[2026-02-23T08:24:55.170+0000] {processor.py:925} INFO - DAG(s) 'latest_only_with_trigger' retrieved from /home/airflow/.local/lib/python3.12/site-packages/airflow/example_dags/example_latest_only_with_trigger.py
[2026-02-23T08:24:55.212+0000] {logging_mixin.py:190} INFO - [2026-02-23T08:24:55.212+0000] {dag.py:3239} INFO - Sync 1 DAGs
[2026-02-23T08:24:55.266+0000] {logging_mixin.py:190} INFO - [2026-02-23T08:24:55.266+0000] {dag.py:4180} INFO - Setting next_dagrun for latest_only_with_trigger to 2026-02-23 04:00:00+00:00, run_after=2026-02-23 08:00:00+00:00
[2026-02-23T08:24:55.308+0000] {processor.py:208} INFO - Processing /home/airflow/.local/lib/python3.12/site-packages/airflow/example_dags/example_latest_only_with_trigger.py took 0.183 seconds
[2026-02-23T08:25:27.916+0000] {processor.py:186} INFO - Started process (PID=216) to work on /home/airflow/.local/lib/python3.12/site-packages/airflow/example_dags/example_latest_only_with_trigger.py
[2026-02-23T08:25:27.919+0000] {processor.py:914} INFO - Processing file /home/airflow/.local/lib/python3.12/site-packages/airflow/example_dags/example_latest_only_with_trigger.py for tasks to queue
[2026-02-23T08:25:27.926+0000] {logging_mixin.py:190} INFO - [2026-02-23T08:25:27.925+0000] {dagbag.py:588} INFO - Filling up the DagBag from /home/airflow/.local/lib/python3.12/site-packages/airflow/example_dags/example_latest_only_with_trigger.py
[2026-02-23T08:25:27.949+0000] {processor.py:925} INFO - DAG(s) 'latest_only_with_trigger' retrieved from /home/airflow/.local/lib/python3.12/site-packages/airflow/example_dags/example_latest_only_with_trigger.py
[2026-02-23T08:25:28.013+0000] {logging_mixin.py:190} INFO - [2026-02-23T08:25:28.012+0000] {dag.py:3239} INFO - Sync 1 DAGs
[2026-02-23T08:25:28.105+0000] {logging_mixin.py:190} INFO - [2026-02-23T08:25:28.104+0000] {dag.py:4180} INFO - Setting next_dagrun for latest_only_with_trigger to 2026-02-23 04:00:00+00:00, run_after=2026-02-23 08:00:00+00:00
[2026-02-23T08:25:28.181+0000] {processor.py:208} INFO - Processing /home/airflow/.local/lib/python3.12/site-packages/airflow/example_dags/example_latest_only_with_trigger.py took 0.291 seconds
[2026-02-23T08:25:59.965+0000] {processor.py:186} INFO - Started process (PID=281) to work on /home/airflow/.local/lib/python3.12/site-packages/airflow/example_dags/example_latest_only_with_trigger.py
[2026-02-23T08:25:59.968+0000] {processor.py:914} INFO - Processing file /home/airflow/.local/lib/python3.12/site-packages/airflow/example_dags/example_latest_only_with_trigger.py for tasks to queue
[2026-02-23T08:25:59.977+0000] {logging_mixin.py:190} INFO - [2026-02-23T08:25:59.976+0000] {dagbag.py:588} INFO - Filling up the DagBag from /home/airflow/.local/lib/python3.12/site-packages/airflow/example_dags/example_latest_only_with_trigger.py
[2026-02-23T08:26:00.012+0000] {processor.py:925} INFO - DAG(s) 'latest_only_with_trigger' retrieved from /home/airflow/.local/lib/python3.12/site-packages/airflow/example_dags/example_latest_only_with_trigger.py
[2026-02-23T08:26:00.104+0000] {logging_mixin.py:190} INFO - [2026-02-23T08:26:00.103+0000] {dag.py:3239} INFO - Sync 1 DAGs
[2026-02-23T08:26:00.206+0000] {logging_mixin.py:190} INFO - [2026-02-23T08:26:00.205+0000] {dag.py:4180} INFO - Setting next_dagrun for latest_only_with_trigger to 2026-02-23 04:00:00+00:00, run_after=2026-02-23 08:00:00+00:00
[2026-02-23T08:26:00.278+0000] {processor.py:208} INFO - Processing /home/airflow/.local/lib/python3.12/site-packages/airflow/example_dags/example_latest_only_with_trigger.py took 0.334 seconds
[2026-02-23T08:26:30.810+0000] {processor.py:186} INFO - Started process (PID=352) to work on /home/airflow/.local/lib/python3.12/site-packages/airflow/example_dags/example_latest_only_with_trigger.py
[2026-02-23T08:26:30.811+0000] {processor.py:914} INFO - Processing file /home/airflow/.local/lib/python3.12/site-packages/airflow/example_dags/example_latest_only_with_trigger.py for tasks to queue
[2026-02-23T08:26:30.815+0000] {logging_mixin.py:190} INFO - [2026-02-23T08:26:30.815+0000] {dagbag.py:588} INFO - Filling up the DagBag from /home/airflow/.local/lib/python3.12/site-packages/airflow/example_dags/example_latest_only_with_trigger.py
[2026-02-23T08:26:30.827+0000] {processor.py:925} INFO - DAG(s) 'latest_only_with_trigger' retrieved from /home/airflow/.local/lib/python3.12/site-packages/airflow/example_dags/example_latest_only_with_trigger.py
[2026-02-23T08:26:30.860+0000] {logging_mixin.py:190} INFO - [2026-02-23T08:26:30.860+0000] {dag.py:3239} INFO - Sync 1 DAGs
[2026-02-23T08:26:30.894+0000] {logging_mixin.py:190} INFO - [2026-02-23T08:26:30.894+0000] {dag.py:4180} INFO - Setting next_dagrun for latest_only_with_trigger to 2026-02-23 04:00:00+00:00, run_after=2026-02-23 08:00:00+00:00
[2026-02-23T08:26:30.925+0000] {processor.py:208} INFO - Processing /home/airflow/.local/lib/python3.12/site-packages/airflow/example_dags/example_latest_only_with_trigger.py took 0.125 seconds
[2026-02-23T08:31:45.858+0000] {processor.py:186} INFO - Started process (PID=112) to work on /home/airflow/.local/lib/python3.12/site-packages/airflow/example_dags/example_latest_only_with_trigger.py
[2026-02-23T08:31:45.863+0000] {processor.py:914} INFO - Processing file /home/airflow/.local/lib/python3.12/site-packages/airflow/example_dags/example_latest_only_with_trigger.py for tasks to queue
[2026-02-23T08:31:45.882+0000] {logging_mixin.py:190} INFO - [2026-02-23T08:31:45.879+0000] {dagbag.py:588} INFO - Filling up the DagBag from /home/airflow/.local/lib/python3.12/site-packages/airflow/example_dags/example_latest_only_with_trigger.py
[2026-02-23T08:31:45.931+0000] {processor.py:925} INFO - DAG(s) 'latest_only_with_trigger' retrieved from /home/airflow/.local/lib/python3.12/site-packages/airflow/example_dags/example_latest_only_with_trigger.py
[2026-02-23T08:31:46.110+0000] {logging_mixin.py:190} INFO - [2026-02-23T08:31:46.109+0000] {dag.py:3239} INFO - Sync 1 DAGs
[2026-02-23T08:31:46.349+0000] {logging_mixin.py:190} INFO - [2026-02-23T08:31:46.346+0000] {dag.py:4180} INFO - Setting next_dagrun for latest_only_with_trigger to 2026-02-23 04:00:00+00:00, run_after=2026-02-23 08:00:00+00:00
[2026-02-23T08:31:46.475+0000] {processor.py:208} INFO - Processing /home/airflow/.local/lib/python3.12/site-packages/airflow/example_dags/example_latest_only_with_trigger.py took 0.680 seconds
[2026-02-23T15:42:12.415+0000] {processor.py:186} INFO - Started process (PID=182) to work on /home/airflow/.local/lib/python3.12/site-packages/airflow/example_dags/example_latest_only_with_trigger.py
[2026-02-23T15:42:12.426+0000] {processor.py:914} INFO - Processing file /home/airflow/.local/lib/python3.12/site-packages/airflow/example_dags/example_latest_only_with_trigger.py for tasks to queue
[2026-02-23T15:42:12.432+0000] {logging_mixin.py:190} INFO - [2026-02-23T15:42:12.431+0000] {dagbag.py:588} INFO - Filling up the DagBag from /home/airflow/.local/lib/python3.12/site-packages/airflow/example_dags/example_latest_only_with_trigger.py
[2026-02-23T15:42:12.454+0000] {processor.py:925} INFO - DAG(s) 'latest_only_with_trigger' retrieved from /home/airflow/.local/lib/python3.12/site-packages/airflow/example_dags/example_latest_only_with_trigger.py
[2026-02-23T15:42:12.507+0000] {logging_mixin.py:190} INFO - [2026-02-23T15:42:12.506+0000] {dag.py:3239} INFO - Sync 1 DAGs
[2026-02-23T15:42:12.563+0000] {logging_mixin.py:190} INFO - [2026-02-23T15:42:12.562+0000] {dag.py:4180} INFO - Setting next_dagrun for latest_only_with_trigger to 2026-02-23 08:00:00+00:00, run_after=2026-02-23 12:00:00+00:00
[2026-02-23T15:42:12.613+0000] {processor.py:208} INFO - Processing /home/airflow/.local/lib/python3.12/site-packages/airflow/example_dags/example_latest_only_with_trigger.py took 0.209 seconds
[2026-02-23T15:42:42.701+0000] {processor.py:186} INFO - Started process (PID=247) to work on /home/airflow/.local/lib/python3.12/site-packages/airflow/example_dags/example_latest_only_with_trigger.py
[2026-02-23T15:42:42.703+0000] {processor.py:914} INFO - Processing file /home/airflow/.local/lib/python3.12/site-packages/airflow/example_dags/example_latest_only_with_trigger.py for tasks to queue
[2026-02-23T15:42:42.704+0000] {logging_mixin.py:190} INFO - [2026-02-23T15:42:42.704+0000] {dagbag.py:588} INFO - Filling up the DagBag from /home/airflow/.local/lib/python3.12/site-packages/airflow/example_dags/example_latest_only_with_trigger.py
[2026-02-23T15:42:42.718+0000] {processor.py:925} INFO - DAG(s) 'latest_only_with_trigger' retrieved from /home/airflow/.local/lib/python3.12/site-packages/airflow/example_dags/example_latest_only_with_trigger.py
[2026-02-23T15:42:42.746+0000] {logging_mixin.py:190} INFO - [2026-02-23T15:42:42.746+0000] {dag.py:3239} INFO - Sync 1 DAGs
[2026-02-23T15:42:42.777+0000] {logging_mixin.py:190} INFO - [2026-02-23T15:42:42.777+0000] {dag.py:4180} INFO - Setting next_dagrun for latest_only_with_trigger to 2026-02-23 08:00:00+00:00, run_after=2026-02-23 12:00:00+00:00
[2026-02-23T15:42:42.806+0000] {processor.py:208} INFO - Processing /home/airflow/.local/lib/python3.12/site-packages/airflow/example_dags/example_latest_only_with_trigger.py took 0.112 seconds
