[2026-02-23T07:41:50.286+0000] {processor.py:186} INFO - Started process (PID=3315) to work on /home/airflow/.local/lib/python3.12/site-packages/airflow/example_dags/example_sensor_decorator.py
[2026-02-23T07:41:50.300+0000] {processor.py:914} INFO - Processing file /home/airflow/.local/lib/python3.12/site-packages/airflow/example_dags/example_sensor_decorator.py for tasks to queue
[2026-02-23T07:41:50.310+0000] {logging_mixin.py:190} INFO - [2026-02-23T07:41:50.307+0000] {dagbag.py:588} INFO - Filling up the DagBag from /home/airflow/.local/lib/python3.12/site-packages/airflow/example_dags/example_sensor_decorator.py
[2026-02-23T07:41:50.398+0000] {processor.py:925} INFO - DAG(s) 'example_sensor_decorator' retrieved from /home/airflow/.local/lib/python3.12/site-packages/airflow/example_dags/example_sensor_decorator.py
[2026-02-23T07:41:50.525+0000] {logging_mixin.py:190} INFO - [2026-02-23T07:41:50.524+0000] {dag.py:3239} INFO - Sync 1 DAGs
[2026-02-23T07:41:50.610+0000] {logging_mixin.py:190} INFO - [2026-02-23T07:41:50.610+0000] {dag.py:4180} INFO - Setting next_dagrun for example_sensor_decorator to None, run_after=None
[2026-02-23T07:41:50.688+0000] {processor.py:208} INFO - Processing /home/airflow/.local/lib/python3.12/site-packages/airflow/example_dags/example_sensor_decorator.py took 0.442 seconds
[2026-02-23T07:42:25.225+0000] {processor.py:186} INFO - Started process (PID=3380) to work on /home/airflow/.local/lib/python3.12/site-packages/airflow/example_dags/example_sensor_decorator.py
[2026-02-23T07:42:25.230+0000] {processor.py:914} INFO - Processing file /home/airflow/.local/lib/python3.12/site-packages/airflow/example_dags/example_sensor_decorator.py for tasks to queue
[2026-02-23T07:42:25.235+0000] {logging_mixin.py:190} INFO - [2026-02-23T07:42:25.234+0000] {dagbag.py:588} INFO - Filling up the DagBag from /home/airflow/.local/lib/python3.12/site-packages/airflow/example_dags/example_sensor_decorator.py
[2026-02-23T07:42:25.273+0000] {processor.py:925} INFO - DAG(s) 'example_sensor_decorator' retrieved from /home/airflow/.local/lib/python3.12/site-packages/airflow/example_dags/example_sensor_decorator.py
[2026-02-23T07:42:25.350+0000] {logging_mixin.py:190} INFO - [2026-02-23T07:42:25.348+0000] {dag.py:3239} INFO - Sync 1 DAGs
[2026-02-23T07:42:25.402+0000] {logging_mixin.py:190} INFO - [2026-02-23T07:42:25.401+0000] {dag.py:4180} INFO - Setting next_dagrun for example_sensor_decorator to None, run_after=None
[2026-02-23T07:42:25.492+0000] {processor.py:208} INFO - Processing /home/airflow/.local/lib/python3.12/site-packages/airflow/example_dags/example_sensor_decorator.py took 0.291 seconds
[2026-02-23T07:42:56.371+0000] {processor.py:186} INFO - Started process (PID=3445) to work on /home/airflow/.local/lib/python3.12/site-packages/airflow/example_dags/example_sensor_decorator.py
[2026-02-23T07:42:56.374+0000] {processor.py:914} INFO - Processing file /home/airflow/.local/lib/python3.12/site-packages/airflow/example_dags/example_sensor_decorator.py for tasks to queue
[2026-02-23T07:42:56.378+0000] {logging_mixin.py:190} INFO - [2026-02-23T07:42:56.377+0000] {dagbag.py:588} INFO - Filling up the DagBag from /home/airflow/.local/lib/python3.12/site-packages/airflow/example_dags/example_sensor_decorator.py
[2026-02-23T07:42:56.396+0000] {processor.py:925} INFO - DAG(s) 'example_sensor_decorator' retrieved from /home/airflow/.local/lib/python3.12/site-packages/airflow/example_dags/example_sensor_decorator.py
[2026-02-23T07:42:56.449+0000] {logging_mixin.py:190} INFO - [2026-02-23T07:42:56.448+0000] {dag.py:3239} INFO - Sync 1 DAGs
[2026-02-23T07:42:56.490+0000] {logging_mixin.py:190} INFO - [2026-02-23T07:42:56.490+0000] {dag.py:4180} INFO - Setting next_dagrun for example_sensor_decorator to None, run_after=None
[2026-02-23T07:42:56.541+0000] {processor.py:208} INFO - Processing /home/airflow/.local/lib/python3.12/site-packages/airflow/example_dags/example_sensor_decorator.py took 0.190 seconds
[2026-02-23T07:43:40.415+0000] {processor.py:186} INFO - Started process (PID=3481) to work on /home/airflow/.local/lib/python3.12/site-packages/airflow/example_dags/example_sensor_decorator.py
[2026-02-23T07:43:40.425+0000] {processor.py:914} INFO - Processing file /home/airflow/.local/lib/python3.12/site-packages/airflow/example_dags/example_sensor_decorator.py for tasks to queue
[2026-02-23T07:43:40.431+0000] {logging_mixin.py:190} INFO - [2026-02-23T07:43:40.430+0000] {dagbag.py:588} INFO - Filling up the DagBag from /home/airflow/.local/lib/python3.12/site-packages/airflow/example_dags/example_sensor_decorator.py
[2026-02-23T07:43:40.458+0000] {processor.py:925} INFO - DAG(s) 'example_sensor_decorator' retrieved from /home/airflow/.local/lib/python3.12/site-packages/airflow/example_dags/example_sensor_decorator.py
[2026-02-23T07:43:40.611+0000] {logging_mixin.py:190} INFO - [2026-02-23T07:43:40.610+0000] {dag.py:3239} INFO - Sync 1 DAGs
[2026-02-23T07:43:40.745+0000] {logging_mixin.py:190} INFO - [2026-02-23T07:43:40.745+0000] {dag.py:4180} INFO - Setting next_dagrun for example_sensor_decorator to None, run_after=None
[2026-02-23T07:43:40.822+0000] {processor.py:208} INFO - Processing /home/airflow/.local/lib/python3.12/site-packages/airflow/example_dags/example_sensor_decorator.py took 0.432 seconds
[2026-02-23T08:17:55.534+0000] {processor.py:186} INFO - Started process (PID=69) to work on /home/airflow/.local/lib/python3.12/site-packages/airflow/example_dags/example_sensor_decorator.py
[2026-02-23T08:17:55.538+0000] {processor.py:914} INFO - Processing file /home/airflow/.local/lib/python3.12/site-packages/airflow/example_dags/example_sensor_decorator.py for tasks to queue
[2026-02-23T08:17:55.545+0000] {logging_mixin.py:190} INFO - [2026-02-23T08:17:55.544+0000] {dagbag.py:588} INFO - Filling up the DagBag from /home/airflow/.local/lib/python3.12/site-packages/airflow/example_dags/example_sensor_decorator.py
[2026-02-23T08:17:55.569+0000] {processor.py:925} INFO - DAG(s) 'example_sensor_decorator' retrieved from /home/airflow/.local/lib/python3.12/site-packages/airflow/example_dags/example_sensor_decorator.py
[2026-02-23T08:17:55.638+0000] {logging_mixin.py:190} INFO - [2026-02-23T08:17:55.637+0000] {dag.py:3239} INFO - Sync 1 DAGs
[2026-02-23T08:17:55.673+0000] {logging_mixin.py:190} INFO - [2026-02-23T08:17:55.673+0000] {dag.py:4180} INFO - Setting next_dagrun for example_sensor_decorator to None, run_after=None
[2026-02-23T08:17:55.726+0000] {processor.py:208} INFO - Processing /home/airflow/.local/lib/python3.12/site-packages/airflow/example_dags/example_sensor_decorator.py took 0.206 seconds
[2026-02-23T08:18:27.320+0000] {processor.py:186} INFO - Started process (PID=134) to work on /home/airflow/.local/lib/python3.12/site-packages/airflow/example_dags/example_sensor_decorator.py
[2026-02-23T08:18:27.324+0000] {processor.py:914} INFO - Processing file /home/airflow/.local/lib/python3.12/site-packages/airflow/example_dags/example_sensor_decorator.py for tasks to queue
[2026-02-23T08:18:27.335+0000] {logging_mixin.py:190} INFO - [2026-02-23T08:18:27.333+0000] {dagbag.py:588} INFO - Filling up the DagBag from /home/airflow/.local/lib/python3.12/site-packages/airflow/example_dags/example_sensor_decorator.py
[2026-02-23T08:18:27.370+0000] {processor.py:925} INFO - DAG(s) 'example_sensor_decorator' retrieved from /home/airflow/.local/lib/python3.12/site-packages/airflow/example_dags/example_sensor_decorator.py
[2026-02-23T08:18:27.462+0000] {logging_mixin.py:190} INFO - [2026-02-23T08:18:27.460+0000] {dag.py:3239} INFO - Sync 1 DAGs
[2026-02-23T08:18:27.533+0000] {logging_mixin.py:190} INFO - [2026-02-23T08:18:27.532+0000] {dag.py:4180} INFO - Setting next_dagrun for example_sensor_decorator to None, run_after=None
[2026-02-23T08:18:27.620+0000] {processor.py:208} INFO - Processing /home/airflow/.local/lib/python3.12/site-packages/airflow/example_dags/example_sensor_decorator.py took 0.326 seconds
[2026-02-23T08:18:58.976+0000] {processor.py:186} INFO - Started process (PID=199) to work on /home/airflow/.local/lib/python3.12/site-packages/airflow/example_dags/example_sensor_decorator.py
[2026-02-23T08:18:58.979+0000] {processor.py:914} INFO - Processing file /home/airflow/.local/lib/python3.12/site-packages/airflow/example_dags/example_sensor_decorator.py for tasks to queue
[2026-02-23T08:18:58.989+0000] {logging_mixin.py:190} INFO - [2026-02-23T08:18:58.988+0000] {dagbag.py:588} INFO - Filling up the DagBag from /home/airflow/.local/lib/python3.12/site-packages/airflow/example_dags/example_sensor_decorator.py
[2026-02-23T08:18:59.017+0000] {processor.py:925} INFO - DAG(s) 'example_sensor_decorator' retrieved from /home/airflow/.local/lib/python3.12/site-packages/airflow/example_dags/example_sensor_decorator.py
[2026-02-23T08:18:59.080+0000] {logging_mixin.py:190} INFO - [2026-02-23T08:18:59.079+0000] {dag.py:3239} INFO - Sync 1 DAGs
[2026-02-23T08:18:59.125+0000] {logging_mixin.py:190} INFO - [2026-02-23T08:18:59.125+0000] {dag.py:4180} INFO - Setting next_dagrun for example_sensor_decorator to None, run_after=None
[2026-02-23T08:18:59.184+0000] {processor.py:208} INFO - Processing /home/airflow/.local/lib/python3.12/site-packages/airflow/example_dags/example_sensor_decorator.py took 0.232 seconds
[2026-02-23T08:19:29.317+0000] {processor.py:186} INFO - Started process (PID=264) to work on /home/airflow/.local/lib/python3.12/site-packages/airflow/example_dags/example_sensor_decorator.py
[2026-02-23T08:19:29.319+0000] {processor.py:914} INFO - Processing file /home/airflow/.local/lib/python3.12/site-packages/airflow/example_dags/example_sensor_decorator.py for tasks to queue
[2026-02-23T08:19:29.323+0000] {logging_mixin.py:190} INFO - [2026-02-23T08:19:29.323+0000] {dagbag.py:588} INFO - Filling up the DagBag from /home/airflow/.local/lib/python3.12/site-packages/airflow/example_dags/example_sensor_decorator.py
[2026-02-23T08:19:29.340+0000] {processor.py:925} INFO - DAG(s) 'example_sensor_decorator' retrieved from /home/airflow/.local/lib/python3.12/site-packages/airflow/example_dags/example_sensor_decorator.py
[2026-02-23T08:19:29.375+0000] {logging_mixin.py:190} INFO - [2026-02-23T08:19:29.374+0000] {dag.py:3239} INFO - Sync 1 DAGs
[2026-02-23T08:19:29.401+0000] {logging_mixin.py:190} INFO - [2026-02-23T08:19:29.401+0000] {dag.py:4180} INFO - Setting next_dagrun for example_sensor_decorator to None, run_after=None
[2026-02-23T08:19:29.437+0000] {processor.py:208} INFO - Processing /home/airflow/.local/lib/python3.12/site-packages/airflow/example_dags/example_sensor_decorator.py took 0.131 seconds
[2026-02-23T08:19:59.940+0000] {processor.py:186} INFO - Started process (PID=329) to work on /home/airflow/.local/lib/python3.12/site-packages/airflow/example_dags/example_sensor_decorator.py
[2026-02-23T08:19:59.943+0000] {processor.py:914} INFO - Processing file /home/airflow/.local/lib/python3.12/site-packages/airflow/example_dags/example_sensor_decorator.py for tasks to queue
[2026-02-23T08:19:59.951+0000] {logging_mixin.py:190} INFO - [2026-02-23T08:19:59.950+0000] {dagbag.py:588} INFO - Filling up the DagBag from /home/airflow/.local/lib/python3.12/site-packages/airflow/example_dags/example_sensor_decorator.py
[2026-02-23T08:19:59.976+0000] {processor.py:925} INFO - DAG(s) 'example_sensor_decorator' retrieved from /home/airflow/.local/lib/python3.12/site-packages/airflow/example_dags/example_sensor_decorator.py
[2026-02-23T08:20:00.027+0000] {logging_mixin.py:190} INFO - [2026-02-23T08:20:00.026+0000] {dag.py:3239} INFO - Sync 1 DAGs
[2026-02-23T08:20:00.064+0000] {logging_mixin.py:190} INFO - [2026-02-23T08:20:00.064+0000] {dag.py:4180} INFO - Setting next_dagrun for example_sensor_decorator to None, run_after=None
[2026-02-23T08:20:00.115+0000] {processor.py:208} INFO - Processing /home/airflow/.local/lib/python3.12/site-packages/airflow/example_dags/example_sensor_decorator.py took 0.191 seconds
[2026-02-23T08:20:30.568+0000] {processor.py:186} INFO - Started process (PID=394) to work on /home/airflow/.local/lib/python3.12/site-packages/airflow/example_dags/example_sensor_decorator.py
[2026-02-23T08:20:30.573+0000] {processor.py:914} INFO - Processing file /home/airflow/.local/lib/python3.12/site-packages/airflow/example_dags/example_sensor_decorator.py for tasks to queue
[2026-02-23T08:20:30.585+0000] {logging_mixin.py:190} INFO - [2026-02-23T08:20:30.584+0000] {dagbag.py:588} INFO - Filling up the DagBag from /home/airflow/.local/lib/python3.12/site-packages/airflow/example_dags/example_sensor_decorator.py
[2026-02-23T08:20:30.625+0000] {processor.py:925} INFO - DAG(s) 'example_sensor_decorator' retrieved from /home/airflow/.local/lib/python3.12/site-packages/airflow/example_dags/example_sensor_decorator.py
[2026-02-23T08:20:30.713+0000] {logging_mixin.py:190} INFO - [2026-02-23T08:20:30.712+0000] {dag.py:3239} INFO - Sync 1 DAGs
[2026-02-23T08:20:30.781+0000] {logging_mixin.py:190} INFO - [2026-02-23T08:20:30.779+0000] {dag.py:4180} INFO - Setting next_dagrun for example_sensor_decorator to None, run_after=None
[2026-02-23T08:20:30.863+0000] {processor.py:208} INFO - Processing /home/airflow/.local/lib/python3.12/site-packages/airflow/example_dags/example_sensor_decorator.py took 0.321 seconds
[2026-02-23T08:21:01.152+0000] {processor.py:186} INFO - Started process (PID=458) to work on /home/airflow/.local/lib/python3.12/site-packages/airflow/example_dags/example_sensor_decorator.py
[2026-02-23T08:21:01.155+0000] {processor.py:914} INFO - Processing file /home/airflow/.local/lib/python3.12/site-packages/airflow/example_dags/example_sensor_decorator.py for tasks to queue
[2026-02-23T08:21:01.162+0000] {logging_mixin.py:190} INFO - [2026-02-23T08:21:01.161+0000] {dagbag.py:588} INFO - Filling up the DagBag from /home/airflow/.local/lib/python3.12/site-packages/airflow/example_dags/example_sensor_decorator.py
[2026-02-23T08:21:01.181+0000] {processor.py:925} INFO - DAG(s) 'example_sensor_decorator' retrieved from /home/airflow/.local/lib/python3.12/site-packages/airflow/example_dags/example_sensor_decorator.py
[2026-02-23T08:21:01.234+0000] {logging_mixin.py:190} INFO - [2026-02-23T08:21:01.233+0000] {dag.py:3239} INFO - Sync 1 DAGs
[2026-02-23T08:21:01.273+0000] {logging_mixin.py:190} INFO - [2026-02-23T08:21:01.272+0000] {dag.py:4180} INFO - Setting next_dagrun for example_sensor_decorator to None, run_after=None
[2026-02-23T08:21:01.323+0000] {processor.py:208} INFO - Processing /home/airflow/.local/lib/python3.12/site-packages/airflow/example_dags/example_sensor_decorator.py took 0.187 seconds
[2026-02-23T08:21:32.152+0000] {processor.py:186} INFO - Started process (PID=523) to work on /home/airflow/.local/lib/python3.12/site-packages/airflow/example_dags/example_sensor_decorator.py
[2026-02-23T08:21:32.154+0000] {processor.py:914} INFO - Processing file /home/airflow/.local/lib/python3.12/site-packages/airflow/example_dags/example_sensor_decorator.py for tasks to queue
[2026-02-23T08:21:32.157+0000] {logging_mixin.py:190} INFO - [2026-02-23T08:21:32.156+0000] {dagbag.py:588} INFO - Filling up the DagBag from /home/airflow/.local/lib/python3.12/site-packages/airflow/example_dags/example_sensor_decorator.py
[2026-02-23T08:21:32.166+0000] {processor.py:925} INFO - DAG(s) 'example_sensor_decorator' retrieved from /home/airflow/.local/lib/python3.12/site-packages/airflow/example_dags/example_sensor_decorator.py
[2026-02-23T08:21:32.183+0000] {logging_mixin.py:190} INFO - [2026-02-23T08:21:32.183+0000] {dag.py:3239} INFO - Sync 1 DAGs
[2026-02-23T08:21:32.194+0000] {logging_mixin.py:190} INFO - [2026-02-23T08:21:32.194+0000] {dag.py:4180} INFO - Setting next_dagrun for example_sensor_decorator to None, run_after=None
[2026-02-23T08:21:32.213+0000] {processor.py:208} INFO - Processing /home/airflow/.local/lib/python3.12/site-packages/airflow/example_dags/example_sensor_decorator.py took 0.065 seconds
[2026-02-23T08:22:02.545+0000] {processor.py:186} INFO - Started process (PID=588) to work on /home/airflow/.local/lib/python3.12/site-packages/airflow/example_dags/example_sensor_decorator.py
[2026-02-23T08:22:02.549+0000] {processor.py:914} INFO - Processing file /home/airflow/.local/lib/python3.12/site-packages/airflow/example_dags/example_sensor_decorator.py for tasks to queue
[2026-02-23T08:22:02.552+0000] {logging_mixin.py:190} INFO - [2026-02-23T08:22:02.552+0000] {dagbag.py:588} INFO - Filling up the DagBag from /home/airflow/.local/lib/python3.12/site-packages/airflow/example_dags/example_sensor_decorator.py
[2026-02-23T08:22:02.564+0000] {processor.py:925} INFO - DAG(s) 'example_sensor_decorator' retrieved from /home/airflow/.local/lib/python3.12/site-packages/airflow/example_dags/example_sensor_decorator.py
[2026-02-23T08:22:02.589+0000] {logging_mixin.py:190} INFO - [2026-02-23T08:22:02.589+0000] {dag.py:3239} INFO - Sync 1 DAGs
[2026-02-23T08:22:02.610+0000] {logging_mixin.py:190} INFO - [2026-02-23T08:22:02.609+0000] {dag.py:4180} INFO - Setting next_dagrun for example_sensor_decorator to None, run_after=None
[2026-02-23T08:22:02.638+0000] {processor.py:208} INFO - Processing /home/airflow/.local/lib/python3.12/site-packages/airflow/example_dags/example_sensor_decorator.py took 0.101 seconds
[2026-02-23T08:24:15.148+0000] {processor.py:186} INFO - Started process (PID=64) to work on /home/airflow/.local/lib/python3.12/site-packages/airflow/example_dags/example_sensor_decorator.py
[2026-02-23T08:24:15.151+0000] {processor.py:914} INFO - Processing file /home/airflow/.local/lib/python3.12/site-packages/airflow/example_dags/example_sensor_decorator.py for tasks to queue
[2026-02-23T08:24:15.157+0000] {logging_mixin.py:190} INFO - [2026-02-23T08:24:15.156+0000] {dagbag.py:588} INFO - Filling up the DagBag from /home/airflow/.local/lib/python3.12/site-packages/airflow/example_dags/example_sensor_decorator.py
[2026-02-23T08:24:15.203+0000] {processor.py:925} INFO - DAG(s) 'example_sensor_decorator' retrieved from /home/airflow/.local/lib/python3.12/site-packages/airflow/example_dags/example_sensor_decorator.py
[2026-02-23T08:24:15.329+0000] {logging_mixin.py:190} INFO - [2026-02-23T08:24:15.329+0000] {dag.py:3239} INFO - Sync 1 DAGs
[2026-02-23T08:24:15.442+0000] {logging_mixin.py:190} INFO - [2026-02-23T08:24:15.441+0000] {dag.py:4180} INFO - Setting next_dagrun for example_sensor_decorator to None, run_after=None
[2026-02-23T08:24:15.576+0000] {processor.py:208} INFO - Processing /home/airflow/.local/lib/python3.12/site-packages/airflow/example_dags/example_sensor_decorator.py took 0.442 seconds
[2026-02-23T08:24:45.731+0000] {processor.py:186} INFO - Started process (PID=129) to work on /home/airflow/.local/lib/python3.12/site-packages/airflow/example_dags/example_sensor_decorator.py
[2026-02-23T08:24:45.734+0000] {processor.py:914} INFO - Processing file /home/airflow/.local/lib/python3.12/site-packages/airflow/example_dags/example_sensor_decorator.py for tasks to queue
[2026-02-23T08:24:45.740+0000] {logging_mixin.py:190} INFO - [2026-02-23T08:24:45.739+0000] {dagbag.py:588} INFO - Filling up the DagBag from /home/airflow/.local/lib/python3.12/site-packages/airflow/example_dags/example_sensor_decorator.py
[2026-02-23T08:24:45.765+0000] {processor.py:925} INFO - DAG(s) 'example_sensor_decorator' retrieved from /home/airflow/.local/lib/python3.12/site-packages/airflow/example_dags/example_sensor_decorator.py
[2026-02-23T08:24:45.834+0000] {logging_mixin.py:190} INFO - [2026-02-23T08:24:45.833+0000] {dag.py:3239} INFO - Sync 1 DAGs
[2026-02-23T08:24:45.883+0000] {logging_mixin.py:190} INFO - [2026-02-23T08:24:45.882+0000] {dag.py:4180} INFO - Setting next_dagrun for example_sensor_decorator to None, run_after=None
[2026-02-23T08:24:45.962+0000] {processor.py:208} INFO - Processing /home/airflow/.local/lib/python3.12/site-packages/airflow/example_dags/example_sensor_decorator.py took 0.251 seconds
[2026-02-23T08:25:16.691+0000] {processor.py:186} INFO - Started process (PID=194) to work on /home/airflow/.local/lib/python3.12/site-packages/airflow/example_dags/example_sensor_decorator.py
[2026-02-23T08:25:16.694+0000] {processor.py:914} INFO - Processing file /home/airflow/.local/lib/python3.12/site-packages/airflow/example_dags/example_sensor_decorator.py for tasks to queue
[2026-02-23T08:25:16.701+0000] {logging_mixin.py:190} INFO - [2026-02-23T08:25:16.700+0000] {dagbag.py:588} INFO - Filling up the DagBag from /home/airflow/.local/lib/python3.12/site-packages/airflow/example_dags/example_sensor_decorator.py
[2026-02-23T08:25:16.725+0000] {processor.py:925} INFO - DAG(s) 'example_sensor_decorator' retrieved from /home/airflow/.local/lib/python3.12/site-packages/airflow/example_dags/example_sensor_decorator.py
[2026-02-23T08:25:16.771+0000] {logging_mixin.py:190} INFO - [2026-02-23T08:25:16.770+0000] {dag.py:3239} INFO - Sync 1 DAGs
[2026-02-23T08:25:16.803+0000] {logging_mixin.py:190} INFO - [2026-02-23T08:25:16.803+0000] {dag.py:4180} INFO - Setting next_dagrun for example_sensor_decorator to None, run_after=None
[2026-02-23T08:25:16.846+0000] {processor.py:208} INFO - Processing /home/airflow/.local/lib/python3.12/site-packages/airflow/example_dags/example_sensor_decorator.py took 0.172 seconds
[2026-02-23T08:25:47.105+0000] {processor.py:186} INFO - Started process (PID=259) to work on /home/airflow/.local/lib/python3.12/site-packages/airflow/example_dags/example_sensor_decorator.py
[2026-02-23T08:25:47.108+0000] {processor.py:914} INFO - Processing file /home/airflow/.local/lib/python3.12/site-packages/airflow/example_dags/example_sensor_decorator.py for tasks to queue
[2026-02-23T08:25:47.113+0000] {logging_mixin.py:190} INFO - [2026-02-23T08:25:47.112+0000] {dagbag.py:588} INFO - Filling up the DagBag from /home/airflow/.local/lib/python3.12/site-packages/airflow/example_dags/example_sensor_decorator.py
[2026-02-23T08:25:47.132+0000] {processor.py:925} INFO - DAG(s) 'example_sensor_decorator' retrieved from /home/airflow/.local/lib/python3.12/site-packages/airflow/example_dags/example_sensor_decorator.py
[2026-02-23T08:25:47.173+0000] {logging_mixin.py:190} INFO - [2026-02-23T08:25:47.172+0000] {dag.py:3239} INFO - Sync 1 DAGs
[2026-02-23T08:25:47.206+0000] {logging_mixin.py:190} INFO - [2026-02-23T08:25:47.205+0000] {dag.py:4180} INFO - Setting next_dagrun for example_sensor_decorator to None, run_after=None
[2026-02-23T08:25:47.258+0000] {processor.py:208} INFO - Processing /home/airflow/.local/lib/python3.12/site-packages/airflow/example_dags/example_sensor_decorator.py took 0.165 seconds
[2026-02-23T08:26:18.795+0000] {processor.py:186} INFO - Started process (PID=324) to work on /home/airflow/.local/lib/python3.12/site-packages/airflow/example_dags/example_sensor_decorator.py
[2026-02-23T08:26:18.800+0000] {processor.py:914} INFO - Processing file /home/airflow/.local/lib/python3.12/site-packages/airflow/example_dags/example_sensor_decorator.py for tasks to queue
[2026-02-23T08:26:18.807+0000] {logging_mixin.py:190} INFO - [2026-02-23T08:26:18.806+0000] {dagbag.py:588} INFO - Filling up the DagBag from /home/airflow/.local/lib/python3.12/site-packages/airflow/example_dags/example_sensor_decorator.py
[2026-02-23T08:26:18.838+0000] {processor.py:925} INFO - DAG(s) 'example_sensor_decorator' retrieved from /home/airflow/.local/lib/python3.12/site-packages/airflow/example_dags/example_sensor_decorator.py
[2026-02-23T08:26:18.913+0000] {logging_mixin.py:190} INFO - [2026-02-23T08:26:18.912+0000] {dag.py:3239} INFO - Sync 1 DAGs
[2026-02-23T08:26:18.967+0000] {logging_mixin.py:190} INFO - [2026-02-23T08:26:18.967+0000] {dag.py:4180} INFO - Setting next_dagrun for example_sensor_decorator to None, run_after=None
[2026-02-23T08:26:19.043+0000] {processor.py:208} INFO - Processing /home/airflow/.local/lib/python3.12/site-packages/airflow/example_dags/example_sensor_decorator.py took 0.271 seconds
[2026-02-23T08:31:12.269+0000] {processor.py:186} INFO - Started process (PID=82) to work on /home/airflow/.local/lib/python3.12/site-packages/airflow/example_dags/example_sensor_decorator.py
[2026-02-23T08:31:12.278+0000] {processor.py:914} INFO - Processing file /home/airflow/.local/lib/python3.12/site-packages/airflow/example_dags/example_sensor_decorator.py for tasks to queue
[2026-02-23T08:31:12.355+0000] {logging_mixin.py:190} INFO - [2026-02-23T08:31:12.354+0000] {dagbag.py:588} INFO - Filling up the DagBag from /home/airflow/.local/lib/python3.12/site-packages/airflow/example_dags/example_sensor_decorator.py
[2026-02-23T08:31:12.628+0000] {processor.py:925} INFO - DAG(s) 'example_sensor_decorator' retrieved from /home/airflow/.local/lib/python3.12/site-packages/airflow/example_dags/example_sensor_decorator.py
[2026-02-23T08:31:12.958+0000] {logging_mixin.py:190} INFO - [2026-02-23T08:31:12.957+0000] {dag.py:3239} INFO - Sync 1 DAGs
[2026-02-23T08:31:13.151+0000] {logging_mixin.py:190} INFO - [2026-02-23T08:31:13.150+0000] {dag.py:4180} INFO - Setting next_dagrun for example_sensor_decorator to None, run_after=None
[2026-02-23T08:31:13.343+0000] {processor.py:208} INFO - Processing /home/airflow/.local/lib/python3.12/site-packages/airflow/example_dags/example_sensor_decorator.py took 1.115 seconds
[2026-02-23T08:32:21.918+0000] {processor.py:186} INFO - Started process (PID=160) to work on /home/airflow/.local/lib/python3.12/site-packages/airflow/example_dags/example_sensor_decorator.py
[2026-02-23T08:32:21.921+0000] {processor.py:914} INFO - Processing file /home/airflow/.local/lib/python3.12/site-packages/airflow/example_dags/example_sensor_decorator.py for tasks to queue
[2026-02-23T08:32:21.926+0000] {logging_mixin.py:190} INFO - [2026-02-23T08:32:21.925+0000] {dagbag.py:588} INFO - Filling up the DagBag from /home/airflow/.local/lib/python3.12/site-packages/airflow/example_dags/example_sensor_decorator.py
[2026-02-23T08:32:21.945+0000] {processor.py:925} INFO - DAG(s) 'example_sensor_decorator' retrieved from /home/airflow/.local/lib/python3.12/site-packages/airflow/example_dags/example_sensor_decorator.py
[2026-02-23T08:32:21.981+0000] {logging_mixin.py:190} INFO - [2026-02-23T08:32:21.980+0000] {dag.py:3239} INFO - Sync 1 DAGs
[2026-02-23T08:32:22.008+0000] {logging_mixin.py:190} INFO - [2026-02-23T08:32:22.008+0000] {dag.py:4180} INFO - Setting next_dagrun for example_sensor_decorator to None, run_after=None
[2026-02-23T08:32:22.049+0000] {processor.py:208} INFO - Processing /home/airflow/.local/lib/python3.12/site-packages/airflow/example_dags/example_sensor_decorator.py took 0.141 seconds
[2026-02-23T15:42:16.641+0000] {processor.py:186} INFO - Started process (PID=199) to work on /home/airflow/.local/lib/python3.12/site-packages/airflow/example_dags/example_sensor_decorator.py
[2026-02-23T15:42:16.649+0000] {processor.py:914} INFO - Processing file /home/airflow/.local/lib/python3.12/site-packages/airflow/example_dags/example_sensor_decorator.py for tasks to queue
[2026-02-23T15:42:16.665+0000] {logging_mixin.py:190} INFO - [2026-02-23T15:42:16.660+0000] {dagbag.py:588} INFO - Filling up the DagBag from /home/airflow/.local/lib/python3.12/site-packages/airflow/example_dags/example_sensor_decorator.py
[2026-02-23T15:42:16.717+0000] {processor.py:925} INFO - DAG(s) 'example_sensor_decorator' retrieved from /home/airflow/.local/lib/python3.12/site-packages/airflow/example_dags/example_sensor_decorator.py
[2026-02-23T15:42:16.788+0000] {logging_mixin.py:190} INFO - [2026-02-23T15:42:16.787+0000] {dag.py:3239} INFO - Sync 1 DAGs
[2026-02-23T15:42:16.881+0000] {logging_mixin.py:190} INFO - [2026-02-23T15:42:16.880+0000] {dag.py:4180} INFO - Setting next_dagrun for example_sensor_decorator to None, run_after=None
[2026-02-23T15:42:16.956+0000] {processor.py:208} INFO - Processing /home/airflow/.local/lib/python3.12/site-packages/airflow/example_dags/example_sensor_decorator.py took 0.376 seconds
[2026-02-23T15:42:47.578+0000] {processor.py:186} INFO - Started process (PID=264) to work on /home/airflow/.local/lib/python3.12/site-packages/airflow/example_dags/example_sensor_decorator.py
[2026-02-23T15:42:47.580+0000] {processor.py:914} INFO - Processing file /home/airflow/.local/lib/python3.12/site-packages/airflow/example_dags/example_sensor_decorator.py for tasks to queue
[2026-02-23T15:42:47.583+0000] {logging_mixin.py:190} INFO - [2026-02-23T15:42:47.582+0000] {dagbag.py:588} INFO - Filling up the DagBag from /home/airflow/.local/lib/python3.12/site-packages/airflow/example_dags/example_sensor_decorator.py
[2026-02-23T15:42:47.599+0000] {processor.py:925} INFO - DAG(s) 'example_sensor_decorator' retrieved from /home/airflow/.local/lib/python3.12/site-packages/airflow/example_dags/example_sensor_decorator.py
[2026-02-23T15:42:47.648+0000] {logging_mixin.py:190} INFO - [2026-02-23T15:42:47.647+0000] {dag.py:3239} INFO - Sync 1 DAGs
[2026-02-23T15:42:47.690+0000] {logging_mixin.py:190} INFO - [2026-02-23T15:42:47.690+0000] {dag.py:4180} INFO - Setting next_dagrun for example_sensor_decorator to None, run_after=None
[2026-02-23T15:42:47.737+0000] {processor.py:208} INFO - Processing /home/airflow/.local/lib/python3.12/site-packages/airflow/example_dags/example_sensor_decorator.py took 0.169 seconds
