[2026-02-23T07:42:08.627+0000] {processor.py:186} INFO - Started process (PID=3337) to work on /home/airflow/.local/lib/python3.12/site-packages/airflow/example_dags/example_bash_operator.py
[2026-02-23T07:42:08.631+0000] {processor.py:914} INFO - Processing file /home/airflow/.local/lib/python3.12/site-packages/airflow/example_dags/example_bash_operator.py for tasks to queue
[2026-02-23T07:42:08.636+0000] {logging_mixin.py:190} INFO - [2026-02-23T07:42:08.634+0000] {dagbag.py:588} INFO - Filling up the DagBag from /home/airflow/.local/lib/python3.12/site-packages/airflow/example_dags/example_bash_operator.py
[2026-02-23T07:42:08.676+0000] {processor.py:925} INFO - DAG(s) 'example_bash_operator' retrieved from /home/airflow/.local/lib/python3.12/site-packages/airflow/example_dags/example_bash_operator.py
[2026-02-23T07:42:08.798+0000] {logging_mixin.py:190} INFO - [2026-02-23T07:42:08.797+0000] {dag.py:3239} INFO - Sync 1 DAGs
[2026-02-23T07:42:08.894+0000] {logging_mixin.py:190} INFO - [2026-02-23T07:42:08.893+0000] {dag.py:4180} INFO - Setting next_dagrun for example_bash_operator to 2026-02-22 00:00:00+00:00, run_after=2026-02-23 00:00:00+00:00
[2026-02-23T07:42:08.972+0000] {processor.py:208} INFO - Processing /home/airflow/.local/lib/python3.12/site-packages/airflow/example_dags/example_bash_operator.py took 0.369 seconds
[2026-02-23T07:42:39.342+0000] {processor.py:186} INFO - Started process (PID=3402) to work on /home/airflow/.local/lib/python3.12/site-packages/airflow/example_dags/example_bash_operator.py
[2026-02-23T07:42:39.346+0000] {processor.py:914} INFO - Processing file /home/airflow/.local/lib/python3.12/site-packages/airflow/example_dags/example_bash_operator.py for tasks to queue
[2026-02-23T07:42:39.351+0000] {logging_mixin.py:190} INFO - [2026-02-23T07:42:39.350+0000] {dagbag.py:588} INFO - Filling up the DagBag from /home/airflow/.local/lib/python3.12/site-packages/airflow/example_dags/example_bash_operator.py
[2026-02-23T07:42:39.394+0000] {processor.py:925} INFO - DAG(s) 'example_bash_operator' retrieved from /home/airflow/.local/lib/python3.12/site-packages/airflow/example_dags/example_bash_operator.py
[2026-02-23T07:42:39.487+0000] {logging_mixin.py:190} INFO - [2026-02-23T07:42:39.486+0000] {dag.py:3239} INFO - Sync 1 DAGs
[2026-02-23T07:42:39.554+0000] {logging_mixin.py:190} INFO - [2026-02-23T07:42:39.553+0000] {dag.py:4180} INFO - Setting next_dagrun for example_bash_operator to 2026-02-22 00:00:00+00:00, run_after=2026-02-23 00:00:00+00:00
[2026-02-23T07:42:39.604+0000] {processor.py:208} INFO - Processing /home/airflow/.local/lib/python3.12/site-packages/airflow/example_dags/example_bash_operator.py took 0.283 seconds
[2026-02-23T07:43:45.447+0000] {processor.py:186} INFO - Started process (PID=3494) to work on /home/airflow/.local/lib/python3.12/site-packages/airflow/example_dags/example_bash_operator.py
[2026-02-23T07:43:45.451+0000] {processor.py:914} INFO - Processing file /home/airflow/.local/lib/python3.12/site-packages/airflow/example_dags/example_bash_operator.py for tasks to queue
[2026-02-23T07:43:45.457+0000] {logging_mixin.py:190} INFO - [2026-02-23T07:43:45.455+0000] {dagbag.py:588} INFO - Filling up the DagBag from /home/airflow/.local/lib/python3.12/site-packages/airflow/example_dags/example_bash_operator.py
[2026-02-23T07:43:45.518+0000] {processor.py:925} INFO - DAG(s) 'example_bash_operator' retrieved from /home/airflow/.local/lib/python3.12/site-packages/airflow/example_dags/example_bash_operator.py
[2026-02-23T07:43:45.668+0000] {logging_mixin.py:190} INFO - [2026-02-23T07:43:45.667+0000] {dag.py:3239} INFO - Sync 1 DAGs
[2026-02-23T07:43:45.756+0000] {logging_mixin.py:190} INFO - [2026-02-23T07:43:45.755+0000] {dag.py:4180} INFO - Setting next_dagrun for example_bash_operator to 2026-02-22 00:00:00+00:00, run_after=2026-02-23 00:00:00+00:00
[2026-02-23T07:43:45.833+0000] {processor.py:208} INFO - Processing /home/airflow/.local/lib/python3.12/site-packages/airflow/example_dags/example_bash_operator.py took 0.416 seconds
[2026-02-23T08:18:00.766+0000] {processor.py:186} INFO - Started process (PID=85) to work on /home/airflow/.local/lib/python3.12/site-packages/airflow/example_dags/example_bash_operator.py
[2026-02-23T08:18:00.771+0000] {processor.py:914} INFO - Processing file /home/airflow/.local/lib/python3.12/site-packages/airflow/example_dags/example_bash_operator.py for tasks to queue
[2026-02-23T08:18:00.778+0000] {logging_mixin.py:190} INFO - [2026-02-23T08:18:00.777+0000] {dagbag.py:588} INFO - Filling up the DagBag from /home/airflow/.local/lib/python3.12/site-packages/airflow/example_dags/example_bash_operator.py
[2026-02-23T08:18:00.811+0000] {processor.py:925} INFO - DAG(s) 'example_bash_operator' retrieved from /home/airflow/.local/lib/python3.12/site-packages/airflow/example_dags/example_bash_operator.py
[2026-02-23T08:18:00.886+0000] {logging_mixin.py:190} INFO - [2026-02-23T08:18:00.886+0000] {dag.py:3239} INFO - Sync 1 DAGs
[2026-02-23T08:18:00.953+0000] {logging_mixin.py:190} INFO - [2026-02-23T08:18:00.952+0000] {dag.py:4180} INFO - Setting next_dagrun for example_bash_operator to 2026-02-22 00:00:00+00:00, run_after=2026-02-23 00:00:00+00:00
[2026-02-23T08:18:01.007+0000] {processor.py:208} INFO - Processing /home/airflow/.local/lib/python3.12/site-packages/airflow/example_dags/example_bash_operator.py took 0.256 seconds
[2026-02-23T08:18:33.630+0000] {processor.py:186} INFO - Started process (PID=150) to work on /home/airflow/.local/lib/python3.12/site-packages/airflow/example_dags/example_bash_operator.py
[2026-02-23T08:18:33.634+0000] {processor.py:914} INFO - Processing file /home/airflow/.local/lib/python3.12/site-packages/airflow/example_dags/example_bash_operator.py for tasks to queue
[2026-02-23T08:18:33.642+0000] {logging_mixin.py:190} INFO - [2026-02-23T08:18:33.641+0000] {dagbag.py:588} INFO - Filling up the DagBag from /home/airflow/.local/lib/python3.12/site-packages/airflow/example_dags/example_bash_operator.py
[2026-02-23T08:18:33.688+0000] {processor.py:925} INFO - DAG(s) 'example_bash_operator' retrieved from /home/airflow/.local/lib/python3.12/site-packages/airflow/example_dags/example_bash_operator.py
[2026-02-23T08:18:33.779+0000] {logging_mixin.py:190} INFO - [2026-02-23T08:18:33.778+0000] {dag.py:3239} INFO - Sync 1 DAGs
[2026-02-23T08:18:33.869+0000] {logging_mixin.py:190} INFO - [2026-02-23T08:18:33.868+0000] {dag.py:4180} INFO - Setting next_dagrun for example_bash_operator to 2026-02-22 00:00:00+00:00, run_after=2026-02-23 00:00:00+00:00
[2026-02-23T08:18:33.953+0000] {processor.py:208} INFO - Processing /home/airflow/.local/lib/python3.12/site-packages/airflow/example_dags/example_bash_operator.py took 0.343 seconds
[2026-02-23T08:19:06.484+0000] {processor.py:186} INFO - Started process (PID=214) to work on /home/airflow/.local/lib/python3.12/site-packages/airflow/example_dags/example_bash_operator.py
[2026-02-23T08:19:06.492+0000] {processor.py:914} INFO - Processing file /home/airflow/.local/lib/python3.12/site-packages/airflow/example_dags/example_bash_operator.py for tasks to queue
[2026-02-23T08:19:06.507+0000] {logging_mixin.py:190} INFO - [2026-02-23T08:19:06.505+0000] {dagbag.py:588} INFO - Filling up the DagBag from /home/airflow/.local/lib/python3.12/site-packages/airflow/example_dags/example_bash_operator.py
[2026-02-23T08:19:06.581+0000] {processor.py:925} INFO - DAG(s) 'example_bash_operator' retrieved from /home/airflow/.local/lib/python3.12/site-packages/airflow/example_dags/example_bash_operator.py
[2026-02-23T08:19:06.662+0000] {logging_mixin.py:190} INFO - [2026-02-23T08:19:06.661+0000] {dag.py:3239} INFO - Sync 1 DAGs
[2026-02-23T08:19:06.780+0000] {logging_mixin.py:190} INFO - [2026-02-23T08:19:06.779+0000] {dag.py:4180} INFO - Setting next_dagrun for example_bash_operator to 2026-02-22 00:00:00+00:00, run_after=2026-02-23 00:00:00+00:00
[2026-02-23T08:19:06.849+0000] {processor.py:208} INFO - Processing /home/airflow/.local/lib/python3.12/site-packages/airflow/example_dags/example_bash_operator.py took 0.410 seconds
[2026-02-23T08:19:37.117+0000] {processor.py:186} INFO - Started process (PID=279) to work on /home/airflow/.local/lib/python3.12/site-packages/airflow/example_dags/example_bash_operator.py
[2026-02-23T08:19:37.120+0000] {processor.py:914} INFO - Processing file /home/airflow/.local/lib/python3.12/site-packages/airflow/example_dags/example_bash_operator.py for tasks to queue
[2026-02-23T08:19:37.126+0000] {logging_mixin.py:190} INFO - [2026-02-23T08:19:37.125+0000] {dagbag.py:588} INFO - Filling up the DagBag from /home/airflow/.local/lib/python3.12/site-packages/airflow/example_dags/example_bash_operator.py
[2026-02-23T08:19:37.149+0000] {processor.py:925} INFO - DAG(s) 'example_bash_operator' retrieved from /home/airflow/.local/lib/python3.12/site-packages/airflow/example_dags/example_bash_operator.py
[2026-02-23T08:19:37.198+0000] {logging_mixin.py:190} INFO - [2026-02-23T08:19:37.198+0000] {dag.py:3239} INFO - Sync 1 DAGs
[2026-02-23T08:19:37.237+0000] {logging_mixin.py:190} INFO - [2026-02-23T08:19:37.236+0000] {dag.py:4180} INFO - Setting next_dagrun for example_bash_operator to 2026-02-22 00:00:00+00:00, run_after=2026-02-23 00:00:00+00:00
[2026-02-23T08:19:37.270+0000] {processor.py:208} INFO - Processing /home/airflow/.local/lib/python3.12/site-packages/airflow/example_dags/example_bash_operator.py took 0.163 seconds
[2026-02-23T08:20:07.742+0000] {processor.py:186} INFO - Started process (PID=343) to work on /home/airflow/.local/lib/python3.12/site-packages/airflow/example_dags/example_bash_operator.py
[2026-02-23T08:20:07.749+0000] {processor.py:914} INFO - Processing file /home/airflow/.local/lib/python3.12/site-packages/airflow/example_dags/example_bash_operator.py for tasks to queue
[2026-02-23T08:20:07.759+0000] {logging_mixin.py:190} INFO - [2026-02-23T08:20:07.757+0000] {dagbag.py:588} INFO - Filling up the DagBag from /home/airflow/.local/lib/python3.12/site-packages/airflow/example_dags/example_bash_operator.py
[2026-02-23T08:20:07.804+0000] {processor.py:925} INFO - DAG(s) 'example_bash_operator' retrieved from /home/airflow/.local/lib/python3.12/site-packages/airflow/example_dags/example_bash_operator.py
[2026-02-23T08:20:07.954+0000] {logging_mixin.py:190} INFO - [2026-02-23T08:20:07.953+0000] {dag.py:3239} INFO - Sync 1 DAGs
[2026-02-23T08:20:08.078+0000] {logging_mixin.py:190} INFO - [2026-02-23T08:20:08.077+0000] {dag.py:4180} INFO - Setting next_dagrun for example_bash_operator to 2026-02-22 00:00:00+00:00, run_after=2026-02-23 00:00:00+00:00
[2026-02-23T08:20:08.171+0000] {processor.py:208} INFO - Processing /home/airflow/.local/lib/python3.12/site-packages/airflow/example_dags/example_bash_operator.py took 0.456 seconds
[2026-02-23T08:20:38.323+0000] {processor.py:186} INFO - Started process (PID=408) to work on /home/airflow/.local/lib/python3.12/site-packages/airflow/example_dags/example_bash_operator.py
[2026-02-23T08:20:38.327+0000] {processor.py:914} INFO - Processing file /home/airflow/.local/lib/python3.12/site-packages/airflow/example_dags/example_bash_operator.py for tasks to queue
[2026-02-23T08:20:38.335+0000] {logging_mixin.py:190} INFO - [2026-02-23T08:20:38.334+0000] {dagbag.py:588} INFO - Filling up the DagBag from /home/airflow/.local/lib/python3.12/site-packages/airflow/example_dags/example_bash_operator.py
[2026-02-23T08:20:38.373+0000] {processor.py:925} INFO - DAG(s) 'example_bash_operator' retrieved from /home/airflow/.local/lib/python3.12/site-packages/airflow/example_dags/example_bash_operator.py
[2026-02-23T08:20:38.461+0000] {logging_mixin.py:190} INFO - [2026-02-23T08:20:38.460+0000] {dag.py:3239} INFO - Sync 1 DAGs
[2026-02-23T08:20:38.551+0000] {logging_mixin.py:190} INFO - [2026-02-23T08:20:38.550+0000] {dag.py:4180} INFO - Setting next_dagrun for example_bash_operator to 2026-02-22 00:00:00+00:00, run_after=2026-02-23 00:00:00+00:00
[2026-02-23T08:20:38.611+0000] {processor.py:208} INFO - Processing /home/airflow/.local/lib/python3.12/site-packages/airflow/example_dags/example_bash_operator.py took 0.303 seconds
[2026-02-23T08:21:08.986+0000] {processor.py:186} INFO - Started process (PID=472) to work on /home/airflow/.local/lib/python3.12/site-packages/airflow/example_dags/example_bash_operator.py
[2026-02-23T08:21:08.990+0000] {processor.py:914} INFO - Processing file /home/airflow/.local/lib/python3.12/site-packages/airflow/example_dags/example_bash_operator.py for tasks to queue
[2026-02-23T08:21:08.999+0000] {logging_mixin.py:190} INFO - [2026-02-23T08:21:08.998+0000] {dagbag.py:588} INFO - Filling up the DagBag from /home/airflow/.local/lib/python3.12/site-packages/airflow/example_dags/example_bash_operator.py
[2026-02-23T08:21:09.057+0000] {processor.py:925} INFO - DAG(s) 'example_bash_operator' retrieved from /home/airflow/.local/lib/python3.12/site-packages/airflow/example_dags/example_bash_operator.py
[2026-02-23T08:21:09.178+0000] {logging_mixin.py:190} INFO - [2026-02-23T08:21:09.176+0000] {dag.py:3239} INFO - Sync 1 DAGs
[2026-02-23T08:21:09.299+0000] {logging_mixin.py:190} INFO - [2026-02-23T08:21:09.298+0000] {dag.py:4180} INFO - Setting next_dagrun for example_bash_operator to 2026-02-22 00:00:00+00:00, run_after=2026-02-23 00:00:00+00:00
[2026-02-23T08:21:09.382+0000] {processor.py:208} INFO - Processing /home/airflow/.local/lib/python3.12/site-packages/airflow/example_dags/example_bash_operator.py took 0.419 seconds
[2026-02-23T08:21:40.311+0000] {processor.py:186} INFO - Started process (PID=537) to work on /home/airflow/.local/lib/python3.12/site-packages/airflow/example_dags/example_bash_operator.py
[2026-02-23T08:21:40.313+0000] {processor.py:914} INFO - Processing file /home/airflow/.local/lib/python3.12/site-packages/airflow/example_dags/example_bash_operator.py for tasks to queue
[2026-02-23T08:21:40.315+0000] {logging_mixin.py:190} INFO - [2026-02-23T08:21:40.315+0000] {dagbag.py:588} INFO - Filling up the DagBag from /home/airflow/.local/lib/python3.12/site-packages/airflow/example_dags/example_bash_operator.py
[2026-02-23T08:21:40.327+0000] {processor.py:925} INFO - DAG(s) 'example_bash_operator' retrieved from /home/airflow/.local/lib/python3.12/site-packages/airflow/example_dags/example_bash_operator.py
[2026-02-23T08:21:40.352+0000] {logging_mixin.py:190} INFO - [2026-02-23T08:21:40.352+0000] {dag.py:3239} INFO - Sync 1 DAGs
[2026-02-23T08:21:40.376+0000] {logging_mixin.py:190} INFO - [2026-02-23T08:21:40.375+0000] {dag.py:4180} INFO - Setting next_dagrun for example_bash_operator to 2026-02-22 00:00:00+00:00, run_after=2026-02-23 00:00:00+00:00
[2026-02-23T08:21:40.395+0000] {processor.py:208} INFO - Processing /home/airflow/.local/lib/python3.12/site-packages/airflow/example_dags/example_bash_operator.py took 0.089 seconds
[2026-02-23T08:22:10.919+0000] {processor.py:186} INFO - Started process (PID=608) to work on /home/airflow/.local/lib/python3.12/site-packages/airflow/example_dags/example_bash_operator.py
[2026-02-23T08:22:10.925+0000] {processor.py:914} INFO - Processing file /home/airflow/.local/lib/python3.12/site-packages/airflow/example_dags/example_bash_operator.py for tasks to queue
[2026-02-23T08:22:10.938+0000] {logging_mixin.py:190} INFO - [2026-02-23T08:22:10.936+0000] {dagbag.py:588} INFO - Filling up the DagBag from /home/airflow/.local/lib/python3.12/site-packages/airflow/example_dags/example_bash_operator.py
[2026-02-23T08:22:11.008+0000] {processor.py:925} INFO - DAG(s) 'example_bash_operator' retrieved from /home/airflow/.local/lib/python3.12/site-packages/airflow/example_dags/example_bash_operator.py
[2026-02-23T08:22:11.143+0000] {logging_mixin.py:190} INFO - [2026-02-23T08:22:11.143+0000] {dag.py:3239} INFO - Sync 1 DAGs
[2026-02-23T08:22:11.260+0000] {logging_mixin.py:190} INFO - [2026-02-23T08:22:11.259+0000] {dag.py:4180} INFO - Setting next_dagrun for example_bash_operator to 2026-02-22 00:00:00+00:00, run_after=2026-02-23 00:00:00+00:00
[2026-02-23T08:22:11.335+0000] {processor.py:208} INFO - Processing /home/airflow/.local/lib/python3.12/site-packages/airflow/example_dags/example_bash_operator.py took 0.448 seconds
[2026-02-23T08:24:22.819+0000] {processor.py:186} INFO - Started process (PID=80) to work on /home/airflow/.local/lib/python3.12/site-packages/airflow/example_dags/example_bash_operator.py
[2026-02-23T08:24:22.823+0000] {processor.py:914} INFO - Processing file /home/airflow/.local/lib/python3.12/site-packages/airflow/example_dags/example_bash_operator.py for tasks to queue
[2026-02-23T08:24:22.831+0000] {logging_mixin.py:190} INFO - [2026-02-23T08:24:22.830+0000] {dagbag.py:588} INFO - Filling up the DagBag from /home/airflow/.local/lib/python3.12/site-packages/airflow/example_dags/example_bash_operator.py
[2026-02-23T08:24:22.872+0000] {processor.py:925} INFO - DAG(s) 'example_bash_operator' retrieved from /home/airflow/.local/lib/python3.12/site-packages/airflow/example_dags/example_bash_operator.py
[2026-02-23T08:24:22.954+0000] {logging_mixin.py:190} INFO - [2026-02-23T08:24:22.953+0000] {dag.py:3239} INFO - Sync 1 DAGs
[2026-02-23T08:24:23.024+0000] {logging_mixin.py:190} INFO - [2026-02-23T08:24:23.024+0000] {dag.py:4180} INFO - Setting next_dagrun for example_bash_operator to 2026-02-22 00:00:00+00:00, run_after=2026-02-23 00:00:00+00:00
[2026-02-23T08:24:23.079+0000] {processor.py:208} INFO - Processing /home/airflow/.local/lib/python3.12/site-packages/airflow/example_dags/example_bash_operator.py took 0.275 seconds
[2026-02-23T08:24:53.468+0000] {processor.py:186} INFO - Started process (PID=145) to work on /home/airflow/.local/lib/python3.12/site-packages/airflow/example_dags/example_bash_operator.py
[2026-02-23T08:24:53.470+0000] {processor.py:914} INFO - Processing file /home/airflow/.local/lib/python3.12/site-packages/airflow/example_dags/example_bash_operator.py for tasks to queue
[2026-02-23T08:24:53.474+0000] {logging_mixin.py:190} INFO - [2026-02-23T08:24:53.473+0000] {dagbag.py:588} INFO - Filling up the DagBag from /home/airflow/.local/lib/python3.12/site-packages/airflow/example_dags/example_bash_operator.py
[2026-02-23T08:24:53.494+0000] {processor.py:925} INFO - DAG(s) 'example_bash_operator' retrieved from /home/airflow/.local/lib/python3.12/site-packages/airflow/example_dags/example_bash_operator.py
[2026-02-23T08:24:53.536+0000] {logging_mixin.py:190} INFO - [2026-02-23T08:24:53.535+0000] {dag.py:3239} INFO - Sync 1 DAGs
[2026-02-23T08:24:53.580+0000] {logging_mixin.py:190} INFO - [2026-02-23T08:24:53.580+0000] {dag.py:4180} INFO - Setting next_dagrun for example_bash_operator to 2026-02-22 00:00:00+00:00, run_after=2026-02-23 00:00:00+00:00
[2026-02-23T08:24:53.609+0000] {processor.py:208} INFO - Processing /home/airflow/.local/lib/python3.12/site-packages/airflow/example_dags/example_bash_operator.py took 0.149 seconds
[2026-02-23T08:25:26.111+0000] {processor.py:186} INFO - Started process (PID=210) to work on /home/airflow/.local/lib/python3.12/site-packages/airflow/example_dags/example_bash_operator.py
[2026-02-23T08:25:26.115+0000] {processor.py:914} INFO - Processing file /home/airflow/.local/lib/python3.12/site-packages/airflow/example_dags/example_bash_operator.py for tasks to queue
[2026-02-23T08:25:26.125+0000] {logging_mixin.py:190} INFO - [2026-02-23T08:25:26.123+0000] {dagbag.py:588} INFO - Filling up the DagBag from /home/airflow/.local/lib/python3.12/site-packages/airflow/example_dags/example_bash_operator.py
[2026-02-23T08:25:26.177+0000] {processor.py:925} INFO - DAG(s) 'example_bash_operator' retrieved from /home/airflow/.local/lib/python3.12/site-packages/airflow/example_dags/example_bash_operator.py
[2026-02-23T08:25:26.286+0000] {logging_mixin.py:190} INFO - [2026-02-23T08:25:26.285+0000] {dag.py:3239} INFO - Sync 1 DAGs
[2026-02-23T08:25:26.387+0000] {logging_mixin.py:190} INFO - [2026-02-23T08:25:26.386+0000] {dag.py:4180} INFO - Setting next_dagrun for example_bash_operator to 2026-02-22 00:00:00+00:00, run_after=2026-02-23 00:00:00+00:00
[2026-02-23T08:25:26.469+0000] {processor.py:208} INFO - Processing /home/airflow/.local/lib/python3.12/site-packages/airflow/example_dags/example_bash_operator.py took 0.378 seconds
[2026-02-23T08:25:57.797+0000] {processor.py:186} INFO - Started process (PID=275) to work on /home/airflow/.local/lib/python3.12/site-packages/airflow/example_dags/example_bash_operator.py
[2026-02-23T08:25:57.800+0000] {processor.py:914} INFO - Processing file /home/airflow/.local/lib/python3.12/site-packages/airflow/example_dags/example_bash_operator.py for tasks to queue
[2026-02-23T08:25:57.808+0000] {logging_mixin.py:190} INFO - [2026-02-23T08:25:57.807+0000] {dagbag.py:588} INFO - Filling up the DagBag from /home/airflow/.local/lib/python3.12/site-packages/airflow/example_dags/example_bash_operator.py
[2026-02-23T08:25:57.849+0000] {processor.py:925} INFO - DAG(s) 'example_bash_operator' retrieved from /home/airflow/.local/lib/python3.12/site-packages/airflow/example_dags/example_bash_operator.py
[2026-02-23T08:25:57.940+0000] {logging_mixin.py:190} INFO - [2026-02-23T08:25:57.939+0000] {dag.py:3239} INFO - Sync 1 DAGs
[2026-02-23T08:25:58.036+0000] {logging_mixin.py:190} INFO - [2026-02-23T08:25:58.035+0000] {dag.py:4180} INFO - Setting next_dagrun for example_bash_operator to 2026-02-22 00:00:00+00:00, run_after=2026-02-23 00:00:00+00:00
[2026-02-23T08:25:58.101+0000] {processor.py:208} INFO - Processing /home/airflow/.local/lib/python3.12/site-packages/airflow/example_dags/example_bash_operator.py took 0.323 seconds
[2026-02-23T08:26:28.627+0000] {processor.py:186} INFO - Started process (PID=339) to work on /home/airflow/.local/lib/python3.12/site-packages/airflow/example_dags/example_bash_operator.py
[2026-02-23T08:26:28.629+0000] {processor.py:914} INFO - Processing file /home/airflow/.local/lib/python3.12/site-packages/airflow/example_dags/example_bash_operator.py for tasks to queue
[2026-02-23T08:26:28.634+0000] {logging_mixin.py:190} INFO - [2026-02-23T08:26:28.633+0000] {dagbag.py:588} INFO - Filling up the DagBag from /home/airflow/.local/lib/python3.12/site-packages/airflow/example_dags/example_bash_operator.py
[2026-02-23T08:26:28.657+0000] {processor.py:925} INFO - DAG(s) 'example_bash_operator' retrieved from /home/airflow/.local/lib/python3.12/site-packages/airflow/example_dags/example_bash_operator.py
[2026-02-23T08:26:28.702+0000] {logging_mixin.py:190} INFO - [2026-02-23T08:26:28.702+0000] {dag.py:3239} INFO - Sync 1 DAGs
[2026-02-23T08:26:28.741+0000] {logging_mixin.py:190} INFO - [2026-02-23T08:26:28.740+0000] {dag.py:4180} INFO - Setting next_dagrun for example_bash_operator to 2026-02-22 00:00:00+00:00, run_after=2026-02-23 00:00:00+00:00
[2026-02-23T08:26:28.775+0000] {processor.py:208} INFO - Processing /home/airflow/.local/lib/python3.12/site-packages/airflow/example_dags/example_bash_operator.py took 0.157 seconds
[2026-02-23T08:31:41.501+0000] {processor.py:186} INFO - Started process (PID=105) to work on /home/airflow/.local/lib/python3.12/site-packages/airflow/example_dags/example_bash_operator.py
[2026-02-23T08:31:41.512+0000] {processor.py:914} INFO - Processing file /home/airflow/.local/lib/python3.12/site-packages/airflow/example_dags/example_bash_operator.py for tasks to queue
[2026-02-23T08:31:41.526+0000] {logging_mixin.py:190} INFO - [2026-02-23T08:31:41.525+0000] {dagbag.py:588} INFO - Filling up the DagBag from /home/airflow/.local/lib/python3.12/site-packages/airflow/example_dags/example_bash_operator.py
[2026-02-23T08:31:41.609+0000] {processor.py:925} INFO - DAG(s) 'example_bash_operator' retrieved from /home/airflow/.local/lib/python3.12/site-packages/airflow/example_dags/example_bash_operator.py
[2026-02-23T08:31:41.793+0000] {logging_mixin.py:190} INFO - [2026-02-23T08:31:41.792+0000] {dag.py:3239} INFO - Sync 1 DAGs
[2026-02-23T08:31:41.964+0000] {logging_mixin.py:190} INFO - [2026-02-23T08:31:41.962+0000] {dag.py:4180} INFO - Setting next_dagrun for example_bash_operator to 2026-02-22 00:00:00+00:00, run_after=2026-02-23 00:00:00+00:00
[2026-02-23T08:31:42.095+0000] {processor.py:208} INFO - Processing /home/airflow/.local/lib/python3.12/site-packages/airflow/example_dags/example_bash_operator.py took 0.624 seconds
[2026-02-23T15:42:11.495+0000] {processor.py:186} INFO - Started process (PID=176) to work on /home/airflow/.local/lib/python3.12/site-packages/airflow/example_dags/example_bash_operator.py
[2026-02-23T15:42:11.506+0000] {processor.py:914} INFO - Processing file /home/airflow/.local/lib/python3.12/site-packages/airflow/example_dags/example_bash_operator.py for tasks to queue
[2026-02-23T15:42:11.511+0000] {logging_mixin.py:190} INFO - [2026-02-23T15:42:11.510+0000] {dagbag.py:588} INFO - Filling up the DagBag from /home/airflow/.local/lib/python3.12/site-packages/airflow/example_dags/example_bash_operator.py
[2026-02-23T15:42:11.550+0000] {processor.py:925} INFO - DAG(s) 'example_bash_operator' retrieved from /home/airflow/.local/lib/python3.12/site-packages/airflow/example_dags/example_bash_operator.py
[2026-02-23T15:42:11.620+0000] {logging_mixin.py:190} INFO - [2026-02-23T15:42:11.619+0000] {dag.py:3239} INFO - Sync 1 DAGs
[2026-02-23T15:42:11.679+0000] {logging_mixin.py:190} INFO - [2026-02-23T15:42:11.678+0000] {dag.py:4180} INFO - Setting next_dagrun for example_bash_operator to 2026-02-22 00:00:00+00:00, run_after=2026-02-23 00:00:00+00:00
[2026-02-23T15:42:11.725+0000] {processor.py:208} INFO - Processing /home/airflow/.local/lib/python3.12/site-packages/airflow/example_dags/example_bash_operator.py took 0.242 seconds
[2026-02-23T15:42:42.279+0000] {processor.py:186} INFO - Started process (PID=241) to work on /home/airflow/.local/lib/python3.12/site-packages/airflow/example_dags/example_bash_operator.py
[2026-02-23T15:42:42.280+0000] {processor.py:914} INFO - Processing file /home/airflow/.local/lib/python3.12/site-packages/airflow/example_dags/example_bash_operator.py for tasks to queue
[2026-02-23T15:42:42.282+0000] {logging_mixin.py:190} INFO - [2026-02-23T15:42:42.282+0000] {dagbag.py:588} INFO - Filling up the DagBag from /home/airflow/.local/lib/python3.12/site-packages/airflow/example_dags/example_bash_operator.py
[2026-02-23T15:42:42.297+0000] {processor.py:925} INFO - DAG(s) 'example_bash_operator' retrieved from /home/airflow/.local/lib/python3.12/site-packages/airflow/example_dags/example_bash_operator.py
[2026-02-23T15:42:42.327+0000] {logging_mixin.py:190} INFO - [2026-02-23T15:42:42.326+0000] {dag.py:3239} INFO - Sync 1 DAGs
[2026-02-23T15:42:42.353+0000] {logging_mixin.py:190} INFO - [2026-02-23T15:42:42.353+0000] {dag.py:4180} INFO - Setting next_dagrun for example_bash_operator to 2026-02-22 00:00:00+00:00, run_after=2026-02-23 00:00:00+00:00
[2026-02-23T15:42:42.374+0000] {processor.py:208} INFO - Processing /home/airflow/.local/lib/python3.12/site-packages/airflow/example_dags/example_bash_operator.py took 0.102 seconds
[2026-02-23T15:43:23.667+0000] {processor.py:186} INFO - Started process (PID=306) to work on /home/airflow/.local/lib/python3.12/site-packages/airflow/example_dags/example_bash_operator.py
[2026-02-23T15:43:23.693+0000] {processor.py:914} INFO - Processing file /home/airflow/.local/lib/python3.12/site-packages/airflow/example_dags/example_bash_operator.py for tasks to queue
[2026-02-23T15:43:23.706+0000] {logging_mixin.py:190} INFO - [2026-02-23T15:43:23.705+0000] {dagbag.py:588} INFO - Filling up the DagBag from /home/airflow/.local/lib/python3.12/site-packages/airflow/example_dags/example_bash_operator.py
[2026-02-23T15:43:23.918+0000] {processor.py:925} INFO - DAG(s) 'example_bash_operator' retrieved from /home/airflow/.local/lib/python3.12/site-packages/airflow/example_dags/example_bash_operator.py
