[2026-02-23T07:42:14.199+0000] {processor.py:186} INFO - Started process (PID=3353) to work on /home/airflow/.local/lib/python3.12/site-packages/airflow/example_dags/example_task_group_decorator.py
[2026-02-23T07:42:14.204+0000] {processor.py:914} INFO - Processing file /home/airflow/.local/lib/python3.12/site-packages/airflow/example_dags/example_task_group_decorator.py for tasks to queue
[2026-02-23T07:42:14.210+0000] {logging_mixin.py:190} INFO - [2026-02-23T07:42:14.209+0000] {dagbag.py:588} INFO - Filling up the DagBag from /home/airflow/.local/lib/python3.12/site-packages/airflow/example_dags/example_task_group_decorator.py
[2026-02-23T07:42:14.258+0000] {processor.py:925} INFO - DAG(s) 'example_task_group_decorator' retrieved from /home/airflow/.local/lib/python3.12/site-packages/airflow/example_dags/example_task_group_decorator.py
[2026-02-23T07:42:14.339+0000] {logging_mixin.py:190} INFO - [2026-02-23T07:42:14.339+0000] {dag.py:3239} INFO - Sync 1 DAGs
[2026-02-23T07:42:14.383+0000] {logging_mixin.py:190} INFO - [2026-02-23T07:42:14.382+0000] {dag.py:4180} INFO - Setting next_dagrun for example_task_group_decorator to None, run_after=None
[2026-02-23T07:42:14.441+0000] {processor.py:208} INFO - Processing /home/airflow/.local/lib/python3.12/site-packages/airflow/example_dags/example_task_group_decorator.py took 0.259 seconds
[2026-02-23T07:42:45.412+0000] {processor.py:186} INFO - Started process (PID=3419) to work on /home/airflow/.local/lib/python3.12/site-packages/airflow/example_dags/example_task_group_decorator.py
[2026-02-23T07:42:45.415+0000] {processor.py:914} INFO - Processing file /home/airflow/.local/lib/python3.12/site-packages/airflow/example_dags/example_task_group_decorator.py for tasks to queue
[2026-02-23T07:42:45.419+0000] {logging_mixin.py:190} INFO - [2026-02-23T07:42:45.418+0000] {dagbag.py:588} INFO - Filling up the DagBag from /home/airflow/.local/lib/python3.12/site-packages/airflow/example_dags/example_task_group_decorator.py
[2026-02-23T07:42:45.461+0000] {processor.py:925} INFO - DAG(s) 'example_task_group_decorator' retrieved from /home/airflow/.local/lib/python3.12/site-packages/airflow/example_dags/example_task_group_decorator.py
[2026-02-23T07:42:45.549+0000] {logging_mixin.py:190} INFO - [2026-02-23T07:42:45.548+0000] {dag.py:3239} INFO - Sync 1 DAGs
[2026-02-23T07:42:45.601+0000] {logging_mixin.py:190} INFO - [2026-02-23T07:42:45.600+0000] {dag.py:4180} INFO - Setting next_dagrun for example_task_group_decorator to None, run_after=None
[2026-02-23T07:42:45.661+0000] {processor.py:208} INFO - Processing /home/airflow/.local/lib/python3.12/site-packages/airflow/example_dags/example_task_group_decorator.py took 0.267 seconds
[2026-02-23T08:18:05.717+0000] {processor.py:186} INFO - Started process (PID=102) to work on /home/airflow/.local/lib/python3.12/site-packages/airflow/example_dags/example_task_group_decorator.py
[2026-02-23T08:18:05.724+0000] {processor.py:914} INFO - Processing file /home/airflow/.local/lib/python3.12/site-packages/airflow/example_dags/example_task_group_decorator.py for tasks to queue
[2026-02-23T08:18:05.735+0000] {logging_mixin.py:190} INFO - [2026-02-23T08:18:05.734+0000] {dagbag.py:588} INFO - Filling up the DagBag from /home/airflow/.local/lib/python3.12/site-packages/airflow/example_dags/example_task_group_decorator.py
[2026-02-23T08:18:05.806+0000] {processor.py:925} INFO - DAG(s) 'example_task_group_decorator' retrieved from /home/airflow/.local/lib/python3.12/site-packages/airflow/example_dags/example_task_group_decorator.py
[2026-02-23T08:18:05.905+0000] {logging_mixin.py:190} INFO - [2026-02-23T08:18:05.904+0000] {dag.py:3239} INFO - Sync 1 DAGs
[2026-02-23T08:18:05.959+0000] {logging_mixin.py:190} INFO - [2026-02-23T08:18:05.959+0000] {dag.py:4180} INFO - Setting next_dagrun for example_task_group_decorator to None, run_after=None
[2026-02-23T08:18:06.021+0000] {processor.py:208} INFO - Processing /home/airflow/.local/lib/python3.12/site-packages/airflow/example_dags/example_task_group_decorator.py took 0.334 seconds
[2026-02-23T08:18:40.457+0000] {processor.py:186} INFO - Started process (PID=167) to work on /home/airflow/.local/lib/python3.12/site-packages/airflow/example_dags/example_task_group_decorator.py
[2026-02-23T08:18:40.462+0000] {processor.py:914} INFO - Processing file /home/airflow/.local/lib/python3.12/site-packages/airflow/example_dags/example_task_group_decorator.py for tasks to queue
[2026-02-23T08:18:40.473+0000] {logging_mixin.py:190} INFO - [2026-02-23T08:18:40.471+0000] {dagbag.py:588} INFO - Filling up the DagBag from /home/airflow/.local/lib/python3.12/site-packages/airflow/example_dags/example_task_group_decorator.py
[2026-02-23T08:18:40.547+0000] {processor.py:925} INFO - DAG(s) 'example_task_group_decorator' retrieved from /home/airflow/.local/lib/python3.12/site-packages/airflow/example_dags/example_task_group_decorator.py
[2026-02-23T08:18:40.662+0000] {logging_mixin.py:190} INFO - [2026-02-23T08:18:40.661+0000] {dag.py:3239} INFO - Sync 1 DAGs
[2026-02-23T08:18:40.732+0000] {logging_mixin.py:190} INFO - [2026-02-23T08:18:40.731+0000] {dag.py:4180} INFO - Setting next_dagrun for example_task_group_decorator to None, run_after=None
[2026-02-23T08:18:40.818+0000] {processor.py:208} INFO - Processing /home/airflow/.local/lib/python3.12/site-packages/airflow/example_dags/example_task_group_decorator.py took 0.385 seconds
[2026-02-23T08:19:12.861+0000] {processor.py:186} INFO - Started process (PID=231) to work on /home/airflow/.local/lib/python3.12/site-packages/airflow/example_dags/example_task_group_decorator.py
[2026-02-23T08:19:12.866+0000] {processor.py:914} INFO - Processing file /home/airflow/.local/lib/python3.12/site-packages/airflow/example_dags/example_task_group_decorator.py for tasks to queue
[2026-02-23T08:19:12.877+0000] {logging_mixin.py:190} INFO - [2026-02-23T08:19:12.876+0000] {dagbag.py:588} INFO - Filling up the DagBag from /home/airflow/.local/lib/python3.12/site-packages/airflow/example_dags/example_task_group_decorator.py
[2026-02-23T08:19:12.946+0000] {processor.py:925} INFO - DAG(s) 'example_task_group_decorator' retrieved from /home/airflow/.local/lib/python3.12/site-packages/airflow/example_dags/example_task_group_decorator.py
[2026-02-23T08:19:13.066+0000] {logging_mixin.py:190} INFO - [2026-02-23T08:19:13.065+0000] {dag.py:3239} INFO - Sync 1 DAGs
[2026-02-23T08:19:13.135+0000] {logging_mixin.py:190} INFO - [2026-02-23T08:19:13.134+0000] {dag.py:4180} INFO - Setting next_dagrun for example_task_group_decorator to None, run_after=None
[2026-02-23T08:19:13.222+0000] {processor.py:208} INFO - Processing /home/airflow/.local/lib/python3.12/site-packages/airflow/example_dags/example_task_group_decorator.py took 0.390 seconds
[2026-02-23T08:19:43.691+0000] {processor.py:186} INFO - Started process (PID=296) to work on /home/airflow/.local/lib/python3.12/site-packages/airflow/example_dags/example_task_group_decorator.py
[2026-02-23T08:19:43.694+0000] {processor.py:914} INFO - Processing file /home/airflow/.local/lib/python3.12/site-packages/airflow/example_dags/example_task_group_decorator.py for tasks to queue
[2026-02-23T08:19:43.700+0000] {logging_mixin.py:190} INFO - [2026-02-23T08:19:43.699+0000] {dagbag.py:588} INFO - Filling up the DagBag from /home/airflow/.local/lib/python3.12/site-packages/airflow/example_dags/example_task_group_decorator.py
[2026-02-23T08:19:43.735+0000] {processor.py:925} INFO - DAG(s) 'example_task_group_decorator' retrieved from /home/airflow/.local/lib/python3.12/site-packages/airflow/example_dags/example_task_group_decorator.py
[2026-02-23T08:19:43.800+0000] {logging_mixin.py:190} INFO - [2026-02-23T08:19:43.799+0000] {dag.py:3239} INFO - Sync 1 DAGs
[2026-02-23T08:19:43.834+0000] {logging_mixin.py:190} INFO - [2026-02-23T08:19:43.833+0000] {dag.py:4180} INFO - Setting next_dagrun for example_task_group_decorator to None, run_after=None
[2026-02-23T08:19:43.885+0000] {processor.py:208} INFO - Processing /home/airflow/.local/lib/python3.12/site-packages/airflow/example_dags/example_task_group_decorator.py took 0.208 seconds
[2026-02-23T08:20:15.041+0000] {processor.py:186} INFO - Started process (PID=367) to work on /home/airflow/.local/lib/python3.12/site-packages/airflow/example_dags/example_task_group_decorator.py
[2026-02-23T08:20:15.045+0000] {processor.py:914} INFO - Processing file /home/airflow/.local/lib/python3.12/site-packages/airflow/example_dags/example_task_group_decorator.py for tasks to queue
[2026-02-23T08:20:15.054+0000] {logging_mixin.py:190} INFO - [2026-02-23T08:20:15.053+0000] {dagbag.py:588} INFO - Filling up the DagBag from /home/airflow/.local/lib/python3.12/site-packages/airflow/example_dags/example_task_group_decorator.py
[2026-02-23T08:20:15.113+0000] {processor.py:925} INFO - DAG(s) 'example_task_group_decorator' retrieved from /home/airflow/.local/lib/python3.12/site-packages/airflow/example_dags/example_task_group_decorator.py
[2026-02-23T08:20:15.183+0000] {logging_mixin.py:190} INFO - [2026-02-23T08:20:15.183+0000] {dag.py:3239} INFO - Sync 1 DAGs
[2026-02-23T08:20:15.222+0000] {logging_mixin.py:190} INFO - [2026-02-23T08:20:15.221+0000] {dag.py:4180} INFO - Setting next_dagrun for example_task_group_decorator to None, run_after=None
[2026-02-23T08:20:15.295+0000] {processor.py:208} INFO - Processing /home/airflow/.local/lib/python3.12/site-packages/airflow/example_dags/example_task_group_decorator.py took 0.277 seconds
[2026-02-23T08:20:48.052+0000] {processor.py:186} INFO - Started process (PID=431) to work on /home/airflow/.local/lib/python3.12/site-packages/airflow/example_dags/example_task_group_decorator.py
[2026-02-23T08:20:48.055+0000] {processor.py:914} INFO - Processing file /home/airflow/.local/lib/python3.12/site-packages/airflow/example_dags/example_task_group_decorator.py for tasks to queue
[2026-02-23T08:20:48.064+0000] {logging_mixin.py:190} INFO - [2026-02-23T08:20:48.063+0000] {dagbag.py:588} INFO - Filling up the DagBag from /home/airflow/.local/lib/python3.12/site-packages/airflow/example_dags/example_task_group_decorator.py
[2026-02-23T08:20:48.132+0000] {processor.py:925} INFO - DAG(s) 'example_task_group_decorator' retrieved from /home/airflow/.local/lib/python3.12/site-packages/airflow/example_dags/example_task_group_decorator.py
[2026-02-23T08:20:48.244+0000] {logging_mixin.py:190} INFO - [2026-02-23T08:20:48.243+0000] {dag.py:3239} INFO - Sync 1 DAGs
[2026-02-23T08:20:48.302+0000] {logging_mixin.py:190} INFO - [2026-02-23T08:20:48.301+0000] {dag.py:4180} INFO - Setting next_dagrun for example_task_group_decorator to None, run_after=None
[2026-02-23T08:20:48.377+0000] {processor.py:208} INFO - Processing /home/airflow/.local/lib/python3.12/site-packages/airflow/example_dags/example_task_group_decorator.py took 0.351 seconds
[2026-02-23T08:21:20.609+0000] {processor.py:186} INFO - Started process (PID=496) to work on /home/airflow/.local/lib/python3.12/site-packages/airflow/example_dags/example_task_group_decorator.py
[2026-02-23T08:21:20.612+0000] {processor.py:914} INFO - Processing file /home/airflow/.local/lib/python3.12/site-packages/airflow/example_dags/example_task_group_decorator.py for tasks to queue
[2026-02-23T08:21:20.619+0000] {logging_mixin.py:190} INFO - [2026-02-23T08:21:20.618+0000] {dagbag.py:588} INFO - Filling up the DagBag from /home/airflow/.local/lib/python3.12/site-packages/airflow/example_dags/example_task_group_decorator.py
[2026-02-23T08:21:20.671+0000] {processor.py:925} INFO - DAG(s) 'example_task_group_decorator' retrieved from /home/airflow/.local/lib/python3.12/site-packages/airflow/example_dags/example_task_group_decorator.py
[2026-02-23T08:21:20.740+0000] {logging_mixin.py:190} INFO - [2026-02-23T08:21:20.740+0000] {dag.py:3239} INFO - Sync 1 DAGs
[2026-02-23T08:21:20.779+0000] {logging_mixin.py:190} INFO - [2026-02-23T08:21:20.779+0000] {dag.py:4180} INFO - Setting next_dagrun for example_task_group_decorator to None, run_after=None
[2026-02-23T08:21:20.838+0000] {processor.py:208} INFO - Processing /home/airflow/.local/lib/python3.12/site-packages/airflow/example_dags/example_task_group_decorator.py took 0.248 seconds
[2026-02-23T08:21:52.110+0000] {processor.py:186} INFO - Started process (PID=561) to work on /home/airflow/.local/lib/python3.12/site-packages/airflow/example_dags/example_task_group_decorator.py
[2026-02-23T08:21:52.112+0000] {processor.py:914} INFO - Processing file /home/airflow/.local/lib/python3.12/site-packages/airflow/example_dags/example_task_group_decorator.py for tasks to queue
[2026-02-23T08:21:52.118+0000] {logging_mixin.py:190} INFO - [2026-02-23T08:21:52.117+0000] {dagbag.py:588} INFO - Filling up the DagBag from /home/airflow/.local/lib/python3.12/site-packages/airflow/example_dags/example_task_group_decorator.py
[2026-02-23T08:21:52.155+0000] {processor.py:925} INFO - DAG(s) 'example_task_group_decorator' retrieved from /home/airflow/.local/lib/python3.12/site-packages/airflow/example_dags/example_task_group_decorator.py
[2026-02-23T08:21:52.214+0000] {logging_mixin.py:190} INFO - [2026-02-23T08:21:52.213+0000] {dag.py:3239} INFO - Sync 1 DAGs
[2026-02-23T08:21:52.248+0000] {logging_mixin.py:190} INFO - [2026-02-23T08:21:52.248+0000] {dag.py:4180} INFO - Setting next_dagrun for example_task_group_decorator to None, run_after=None
[2026-02-23T08:21:52.296+0000] {processor.py:208} INFO - Processing /home/airflow/.local/lib/python3.12/site-packages/airflow/example_dags/example_task_group_decorator.py took 0.200 seconds
[2026-02-23T08:22:23.708+0000] {processor.py:186} INFO - Started process (PID=626) to work on /home/airflow/.local/lib/python3.12/site-packages/airflow/example_dags/example_task_group_decorator.py
[2026-02-23T08:22:23.711+0000] {processor.py:914} INFO - Processing file /home/airflow/.local/lib/python3.12/site-packages/airflow/example_dags/example_task_group_decorator.py for tasks to queue
[2026-02-23T08:22:23.718+0000] {logging_mixin.py:190} INFO - [2026-02-23T08:22:23.717+0000] {dagbag.py:588} INFO - Filling up the DagBag from /home/airflow/.local/lib/python3.12/site-packages/airflow/example_dags/example_task_group_decorator.py
[2026-02-23T08:22:23.759+0000] {processor.py:925} INFO - DAG(s) 'example_task_group_decorator' retrieved from /home/airflow/.local/lib/python3.12/site-packages/airflow/example_dags/example_task_group_decorator.py
[2026-02-23T08:22:23.836+0000] {logging_mixin.py:190} INFO - [2026-02-23T08:22:23.835+0000] {dag.py:3239} INFO - Sync 1 DAGs
[2026-02-23T08:22:23.885+0000] {logging_mixin.py:190} INFO - [2026-02-23T08:22:23.885+0000] {dag.py:4180} INFO - Setting next_dagrun for example_task_group_decorator to None, run_after=None
[2026-02-23T08:22:23.936+0000] {processor.py:208} INFO - Processing /home/airflow/.local/lib/python3.12/site-packages/airflow/example_dags/example_task_group_decorator.py took 0.245 seconds
[2026-02-23T08:24:26.584+0000] {processor.py:186} INFO - Started process (PID=97) to work on /home/airflow/.local/lib/python3.12/site-packages/airflow/example_dags/example_task_group_decorator.py
[2026-02-23T08:24:26.588+0000] {processor.py:914} INFO - Processing file /home/airflow/.local/lib/python3.12/site-packages/airflow/example_dags/example_task_group_decorator.py for tasks to queue
[2026-02-23T08:24:26.593+0000] {logging_mixin.py:190} INFO - [2026-02-23T08:24:26.592+0000] {dagbag.py:588} INFO - Filling up the DagBag from /home/airflow/.local/lib/python3.12/site-packages/airflow/example_dags/example_task_group_decorator.py
[2026-02-23T08:24:26.625+0000] {processor.py:925} INFO - DAG(s) 'example_task_group_decorator' retrieved from /home/airflow/.local/lib/python3.12/site-packages/airflow/example_dags/example_task_group_decorator.py
[2026-02-23T08:24:26.685+0000] {logging_mixin.py:190} INFO - [2026-02-23T08:24:26.684+0000] {dag.py:3239} INFO - Sync 1 DAGs
[2026-02-23T08:24:26.720+0000] {logging_mixin.py:190} INFO - [2026-02-23T08:24:26.720+0000] {dag.py:4180} INFO - Setting next_dagrun for example_task_group_decorator to None, run_after=None
[2026-02-23T08:24:26.764+0000] {processor.py:208} INFO - Processing /home/airflow/.local/lib/python3.12/site-packages/airflow/example_dags/example_task_group_decorator.py took 0.192 seconds
[2026-02-23T08:24:57.263+0000] {processor.py:186} INFO - Started process (PID=161) to work on /home/airflow/.local/lib/python3.12/site-packages/airflow/example_dags/example_task_group_decorator.py
[2026-02-23T08:24:57.266+0000] {processor.py:914} INFO - Processing file /home/airflow/.local/lib/python3.12/site-packages/airflow/example_dags/example_task_group_decorator.py for tasks to queue
[2026-02-23T08:24:57.272+0000] {logging_mixin.py:190} INFO - [2026-02-23T08:24:57.272+0000] {dagbag.py:588} INFO - Filling up the DagBag from /home/airflow/.local/lib/python3.12/site-packages/airflow/example_dags/example_task_group_decorator.py
[2026-02-23T08:24:57.318+0000] {processor.py:925} INFO - DAG(s) 'example_task_group_decorator' retrieved from /home/airflow/.local/lib/python3.12/site-packages/airflow/example_dags/example_task_group_decorator.py
[2026-02-23T08:24:57.378+0000] {logging_mixin.py:190} INFO - [2026-02-23T08:24:57.377+0000] {dag.py:3239} INFO - Sync 1 DAGs
[2026-02-23T08:24:57.414+0000] {logging_mixin.py:190} INFO - [2026-02-23T08:24:57.414+0000] {dag.py:4180} INFO - Setting next_dagrun for example_task_group_decorator to None, run_after=None
[2026-02-23T08:24:57.458+0000] {processor.py:208} INFO - Processing /home/airflow/.local/lib/python3.12/site-packages/airflow/example_dags/example_task_group_decorator.py took 0.214 seconds
[2026-02-23T08:25:32.002+0000] {processor.py:186} INFO - Started process (PID=227) to work on /home/airflow/.local/lib/python3.12/site-packages/airflow/example_dags/example_task_group_decorator.py
[2026-02-23T08:25:32.006+0000] {processor.py:914} INFO - Processing file /home/airflow/.local/lib/python3.12/site-packages/airflow/example_dags/example_task_group_decorator.py for tasks to queue
[2026-02-23T08:25:32.017+0000] {logging_mixin.py:190} INFO - [2026-02-23T08:25:32.015+0000] {dagbag.py:588} INFO - Filling up the DagBag from /home/airflow/.local/lib/python3.12/site-packages/airflow/example_dags/example_task_group_decorator.py
[2026-02-23T08:25:32.094+0000] {processor.py:925} INFO - DAG(s) 'example_task_group_decorator' retrieved from /home/airflow/.local/lib/python3.12/site-packages/airflow/example_dags/example_task_group_decorator.py
[2026-02-23T08:25:32.199+0000] {logging_mixin.py:190} INFO - [2026-02-23T08:25:32.198+0000] {dag.py:3239} INFO - Sync 1 DAGs
[2026-02-23T08:25:32.260+0000] {logging_mixin.py:190} INFO - [2026-02-23T08:25:32.259+0000] {dag.py:4180} INFO - Setting next_dagrun for example_task_group_decorator to None, run_after=None
[2026-02-23T08:25:32.347+0000] {processor.py:208} INFO - Processing /home/airflow/.local/lib/python3.12/site-packages/airflow/example_dags/example_task_group_decorator.py took 0.371 seconds
[2026-02-23T08:26:06.065+0000] {processor.py:186} INFO - Started process (PID=298) to work on /home/airflow/.local/lib/python3.12/site-packages/airflow/example_dags/example_task_group_decorator.py
[2026-02-23T08:26:06.071+0000] {processor.py:914} INFO - Processing file /home/airflow/.local/lib/python3.12/site-packages/airflow/example_dags/example_task_group_decorator.py for tasks to queue
[2026-02-23T08:26:06.083+0000] {logging_mixin.py:190} INFO - [2026-02-23T08:26:06.081+0000] {dagbag.py:588} INFO - Filling up the DagBag from /home/airflow/.local/lib/python3.12/site-packages/airflow/example_dags/example_task_group_decorator.py
[2026-02-23T08:26:06.161+0000] {processor.py:925} INFO - DAG(s) 'example_task_group_decorator' retrieved from /home/airflow/.local/lib/python3.12/site-packages/airflow/example_dags/example_task_group_decorator.py
[2026-02-23T08:26:06.268+0000] {logging_mixin.py:190} INFO - [2026-02-23T08:26:06.267+0000] {dag.py:3239} INFO - Sync 1 DAGs
[2026-02-23T08:26:06.326+0000] {logging_mixin.py:190} INFO - [2026-02-23T08:26:06.325+0000] {dag.py:4180} INFO - Setting next_dagrun for example_task_group_decorator to None, run_after=None
[2026-02-23T08:26:06.402+0000] {processor.py:208} INFO - Processing /home/airflow/.local/lib/python3.12/site-packages/airflow/example_dags/example_task_group_decorator.py took 0.368 seconds
[2026-02-23T08:26:37.515+0000] {processor.py:186} INFO - Started process (PID=363) to work on /home/airflow/.local/lib/python3.12/site-packages/airflow/example_dags/example_task_group_decorator.py
[2026-02-23T08:26:37.518+0000] {processor.py:914} INFO - Processing file /home/airflow/.local/lib/python3.12/site-packages/airflow/example_dags/example_task_group_decorator.py for tasks to queue
[2026-02-23T08:26:37.530+0000] {logging_mixin.py:190} INFO - [2026-02-23T08:26:37.528+0000] {dagbag.py:588} INFO - Filling up the DagBag from /home/airflow/.local/lib/python3.12/site-packages/airflow/example_dags/example_task_group_decorator.py
[2026-02-23T08:26:37.603+0000] {processor.py:925} INFO - DAG(s) 'example_task_group_decorator' retrieved from /home/airflow/.local/lib/python3.12/site-packages/airflow/example_dags/example_task_group_decorator.py
[2026-02-23T08:26:37.710+0000] {logging_mixin.py:190} INFO - [2026-02-23T08:26:37.708+0000] {dag.py:3239} INFO - Sync 1 DAGs
[2026-02-23T08:26:36.849+0000] {logging_mixin.py:190} INFO - [2026-02-23T08:26:36.848+0000] {dag.py:4180} INFO - Setting next_dagrun for example_task_group_decorator to None, run_after=None
[2026-02-23T08:26:36.940+0000] {processor.py:208} INFO - Processing /home/airflow/.local/lib/python3.12/site-packages/airflow/example_dags/example_task_group_decorator.py took 0.391 seconds
[2026-02-23T08:32:09.129+0000] {processor.py:186} INFO - Started process (PID=127) to work on /home/airflow/.local/lib/python3.12/site-packages/airflow/example_dags/example_task_group_decorator.py
[2026-02-23T08:32:09.169+0000] {processor.py:914} INFO - Processing file /home/airflow/.local/lib/python3.12/site-packages/airflow/example_dags/example_task_group_decorator.py for tasks to queue
[2026-02-23T08:32:09.254+0000] {logging_mixin.py:190} INFO - [2026-02-23T08:32:09.253+0000] {dagbag.py:588} INFO - Filling up the DagBag from /home/airflow/.local/lib/python3.12/site-packages/airflow/example_dags/example_task_group_decorator.py
[2026-02-23T08:32:09.442+0000] {processor.py:925} INFO - DAG(s) 'example_task_group_decorator' retrieved from /home/airflow/.local/lib/python3.12/site-packages/airflow/example_dags/example_task_group_decorator.py
[2026-02-23T08:32:09.530+0000] {logging_mixin.py:190} INFO - [2026-02-23T08:32:09.529+0000] {dag.py:3239} INFO - Sync 1 DAGs
[2026-02-23T08:32:09.579+0000] {logging_mixin.py:190} INFO - [2026-02-23T08:32:09.579+0000] {dag.py:4180} INFO - Setting next_dagrun for example_task_group_decorator to None, run_after=None
[2026-02-23T08:32:09.666+0000] {processor.py:208} INFO - Processing /home/airflow/.local/lib/python3.12/site-packages/airflow/example_dags/example_task_group_decorator.py took 0.548 seconds
[2026-02-23T15:42:21.210+0000] {processor.py:186} INFO - Started process (PID=210) to work on /home/airflow/.local/lib/python3.12/site-packages/airflow/example_dags/example_task_group_decorator.py
[2026-02-23T15:42:21.212+0000] {processor.py:914} INFO - Processing file /home/airflow/.local/lib/python3.12/site-packages/airflow/example_dags/example_task_group_decorator.py for tasks to queue
[2026-02-23T15:42:21.215+0000] {logging_mixin.py:190} INFO - [2026-02-23T15:42:21.214+0000] {dagbag.py:588} INFO - Filling up the DagBag from /home/airflow/.local/lib/python3.12/site-packages/airflow/example_dags/example_task_group_decorator.py
[2026-02-23T15:42:21.250+0000] {processor.py:925} INFO - DAG(s) 'example_task_group_decorator' retrieved from /home/airflow/.local/lib/python3.12/site-packages/airflow/example_dags/example_task_group_decorator.py
[2026-02-23T15:42:21.306+0000] {logging_mixin.py:190} INFO - [2026-02-23T15:42:21.305+0000] {dag.py:3239} INFO - Sync 1 DAGs
[2026-02-23T15:42:21.341+0000] {logging_mixin.py:190} INFO - [2026-02-23T15:42:21.340+0000] {dag.py:4180} INFO - Setting next_dagrun for example_task_group_decorator to None, run_after=None
[2026-02-23T15:42:21.396+0000] {processor.py:208} INFO - Processing /home/airflow/.local/lib/python3.12/site-packages/airflow/example_dags/example_task_group_decorator.py took 0.199 seconds
[2026-02-23T15:43:00.707+0000] {processor.py:186} INFO - Started process (PID=281) to work on /home/airflow/.local/lib/python3.12/site-packages/airflow/example_dags/example_task_group_decorator.py
[2026-02-23T15:43:00.722+0000] {processor.py:914} INFO - Processing file /home/airflow/.local/lib/python3.12/site-packages/airflow/example_dags/example_task_group_decorator.py for tasks to queue
[2026-02-23T15:43:00.726+0000] {logging_mixin.py:190} INFO - [2026-02-23T15:43:00.725+0000] {dagbag.py:588} INFO - Filling up the DagBag from /home/airflow/.local/lib/python3.12/site-packages/airflow/example_dags/example_task_group_decorator.py
[2026-02-23T15:43:00.832+0000] {processor.py:925} INFO - DAG(s) 'example_task_group_decorator' retrieved from /home/airflow/.local/lib/python3.12/site-packages/airflow/example_dags/example_task_group_decorator.py
[2026-02-23T15:43:01.049+0000] {logging_mixin.py:190} INFO - [2026-02-23T15:43:01.048+0000] {dag.py:3239} INFO - Sync 1 DAGs
[2026-02-23T15:43:01.124+0000] {logging_mixin.py:190} INFO - [2026-02-23T15:43:01.123+0000] {dag.py:4180} INFO - Setting next_dagrun for example_task_group_decorator to None, run_after=None
[2026-02-23T15:43:01.301+0000] {processor.py:208} INFO - Processing /home/airflow/.local/lib/python3.12/site-packages/airflow/example_dags/example_task_group_decorator.py took 0.616 seconds
