[2026-02-23T07:41:42.472+0000] {processor.py:186} INFO - Started process (PID=3308) to work on /home/airflow/.local/lib/python3.12/site-packages/airflow/example_dags/example_branch_operator.py
[2026-02-23T07:41:42.485+0000] {processor.py:914} INFO - Processing file /home/airflow/.local/lib/python3.12/site-packages/airflow/example_dags/example_branch_operator.py for tasks to queue
[2026-02-23T07:41:42.518+0000] {logging_mixin.py:190} INFO - [2026-02-23T07:41:42.517+0000] {dagbag.py:588} INFO - Filling up the DagBag from /home/airflow/.local/lib/python3.12/site-packages/airflow/example_dags/example_branch_operator.py
[2026-02-23T07:41:42.616+0000] {processor.py:925} INFO - DAG(s) 'example_branch_operator' retrieved from /home/airflow/.local/lib/python3.12/site-packages/airflow/example_dags/example_branch_operator.py
[2026-02-23T07:41:42.734+0000] {logging_mixin.py:190} INFO - [2026-02-23T07:41:42.733+0000] {dag.py:3239} INFO - Sync 1 DAGs
[2026-02-23T07:41:42.803+0000] {logging_mixin.py:190} INFO - [2026-02-23T07:41:42.803+0000] {dag.py:4180} INFO - Setting next_dagrun for example_branch_operator to 2026-02-22 00:00:00+00:00, run_after=2026-02-23 00:00:00+00:00
[2026-02-23T07:41:42.874+0000] {processor.py:208} INFO - Processing /home/airflow/.local/lib/python3.12/site-packages/airflow/example_dags/example_branch_operator.py took 0.464 seconds
[2026-02-23T07:42:16.462+0000] {processor.py:186} INFO - Started process (PID=3363) to work on /home/airflow/.local/lib/python3.12/site-packages/airflow/example_dags/example_branch_operator.py
[2026-02-23T07:42:16.468+0000] {processor.py:914} INFO - Processing file /home/airflow/.local/lib/python3.12/site-packages/airflow/example_dags/example_branch_operator.py for tasks to queue
[2026-02-23T07:42:16.476+0000] {logging_mixin.py:190} INFO - [2026-02-23T07:42:16.475+0000] {dagbag.py:588} INFO - Filling up the DagBag from /home/airflow/.local/lib/python3.12/site-packages/airflow/example_dags/example_branch_operator.py
[2026-02-23T07:42:16.525+0000] {processor.py:925} INFO - DAG(s) 'example_branch_operator' retrieved from /home/airflow/.local/lib/python3.12/site-packages/airflow/example_dags/example_branch_operator.py
[2026-02-23T07:42:16.603+0000] {logging_mixin.py:190} INFO - [2026-02-23T07:42:16.602+0000] {dag.py:3239} INFO - Sync 1 DAGs
[2026-02-23T07:42:16.665+0000] {logging_mixin.py:190} INFO - [2026-02-23T07:42:16.665+0000] {dag.py:4180} INFO - Setting next_dagrun for example_branch_operator to 2026-02-22 00:00:00+00:00, run_after=2026-02-23 00:00:00+00:00
[2026-02-23T07:42:16.713+0000] {processor.py:208} INFO - Processing /home/airflow/.local/lib/python3.12/site-packages/airflow/example_dags/example_branch_operator.py took 0.269 seconds
[2026-02-23T07:42:47.126+0000] {processor.py:186} INFO - Started process (PID=3428) to work on /home/airflow/.local/lib/python3.12/site-packages/airflow/example_dags/example_branch_operator.py
[2026-02-23T07:42:47.129+0000] {processor.py:914} INFO - Processing file /home/airflow/.local/lib/python3.12/site-packages/airflow/example_dags/example_branch_operator.py for tasks to queue
[2026-02-23T07:42:47.133+0000] {logging_mixin.py:190} INFO - [2026-02-23T07:42:47.132+0000] {dagbag.py:588} INFO - Filling up the DagBag from /home/airflow/.local/lib/python3.12/site-packages/airflow/example_dags/example_branch_operator.py
[2026-02-23T07:42:47.178+0000] {processor.py:925} INFO - DAG(s) 'example_branch_operator' retrieved from /home/airflow/.local/lib/python3.12/site-packages/airflow/example_dags/example_branch_operator.py
[2026-02-23T07:42:47.272+0000] {logging_mixin.py:190} INFO - [2026-02-23T07:42:47.271+0000] {dag.py:3239} INFO - Sync 1 DAGs
[2026-02-23T07:42:47.332+0000] {logging_mixin.py:190} INFO - [2026-02-23T07:42:47.331+0000] {dag.py:4180} INFO - Setting next_dagrun for example_branch_operator to 2026-02-22 00:00:00+00:00, run_after=2026-02-23 00:00:00+00:00
[2026-02-23T07:42:47.375+0000] {processor.py:208} INFO - Processing /home/airflow/.local/lib/python3.12/site-packages/airflow/example_dags/example_branch_operator.py took 0.265 seconds
[2026-02-23T07:43:37.862+0000] {processor.py:186} INFO - Started process (PID=3468) to work on /home/airflow/.local/lib/python3.12/site-packages/airflow/example_dags/example_branch_operator.py
[2026-02-23T07:43:37.867+0000] {processor.py:914} INFO - Processing file /home/airflow/.local/lib/python3.12/site-packages/airflow/example_dags/example_branch_operator.py for tasks to queue
[2026-02-23T07:43:37.872+0000] {logging_mixin.py:190} INFO - [2026-02-23T07:43:37.871+0000] {dagbag.py:588} INFO - Filling up the DagBag from /home/airflow/.local/lib/python3.12/site-packages/airflow/example_dags/example_branch_operator.py
[2026-02-23T07:43:37.953+0000] {processor.py:925} INFO - DAG(s) 'example_branch_operator' retrieved from /home/airflow/.local/lib/python3.12/site-packages/airflow/example_dags/example_branch_operator.py
[2026-02-23T07:43:38.083+0000] {logging_mixin.py:190} INFO - [2026-02-23T07:43:38.082+0000] {dag.py:3239} INFO - Sync 1 DAGs
[2026-02-23T07:43:38.185+0000] {logging_mixin.py:190} INFO - [2026-02-23T07:43:38.184+0000] {dag.py:4180} INFO - Setting next_dagrun for example_branch_operator to 2026-02-22 00:00:00+00:00, run_after=2026-02-23 00:00:00+00:00
[2026-02-23T07:43:38.266+0000] {processor.py:208} INFO - Processing /home/airflow/.local/lib/python3.12/site-packages/airflow/example_dags/example_branch_operator.py took 0.434 seconds
[2026-02-23T08:17:53.240+0000] {processor.py:186} INFO - Started process (PID=62) to work on /home/airflow/.local/lib/python3.12/site-packages/airflow/example_dags/example_branch_operator.py
[2026-02-23T08:17:53.244+0000] {processor.py:914} INFO - Processing file /home/airflow/.local/lib/python3.12/site-packages/airflow/example_dags/example_branch_operator.py for tasks to queue
[2026-02-23T08:17:53.251+0000] {logging_mixin.py:190} INFO - [2026-02-23T08:17:53.251+0000] {dagbag.py:588} INFO - Filling up the DagBag from /home/airflow/.local/lib/python3.12/site-packages/airflow/example_dags/example_branch_operator.py
[2026-02-23T08:17:53.303+0000] {processor.py:925} INFO - DAG(s) 'example_branch_operator' retrieved from /home/airflow/.local/lib/python3.12/site-packages/airflow/example_dags/example_branch_operator.py
[2026-02-23T08:17:53.766+0000] {logging_mixin.py:190} INFO - [2026-02-23T08:17:53.765+0000] {dag.py:3239} INFO - Sync 1 DAGs
[2026-02-23T08:17:53.854+0000] {logging_mixin.py:190} INFO - [2026-02-23T08:17:53.853+0000] {dag.py:4180} INFO - Setting next_dagrun for example_branch_operator to 2026-02-22 00:00:00+00:00, run_after=2026-02-23 00:00:00+00:00
[2026-02-23T08:17:53.941+0000] {processor.py:208} INFO - Processing /home/airflow/.local/lib/python3.12/site-packages/airflow/example_dags/example_branch_operator.py took 0.721 seconds
[2026-02-23T08:18:25.241+0000] {processor.py:186} INFO - Started process (PID=127) to work on /home/airflow/.local/lib/python3.12/site-packages/airflow/example_dags/example_branch_operator.py
[2026-02-23T08:18:25.245+0000] {processor.py:914} INFO - Processing file /home/airflow/.local/lib/python3.12/site-packages/airflow/example_dags/example_branch_operator.py for tasks to queue
[2026-02-23T08:18:25.255+0000] {logging_mixin.py:190} INFO - [2026-02-23T08:18:25.253+0000] {dagbag.py:588} INFO - Filling up the DagBag from /home/airflow/.local/lib/python3.12/site-packages/airflow/example_dags/example_branch_operator.py
[2026-02-23T08:18:25.337+0000] {processor.py:925} INFO - DAG(s) 'example_branch_operator' retrieved from /home/airflow/.local/lib/python3.12/site-packages/airflow/example_dags/example_branch_operator.py
[2026-02-23T08:18:25.456+0000] {logging_mixin.py:190} INFO - [2026-02-23T08:18:25.455+0000] {dag.py:3239} INFO - Sync 1 DAGs
[2026-02-23T08:18:25.558+0000] {logging_mixin.py:190} INFO - [2026-02-23T08:18:25.557+0000] {dag.py:4180} INFO - Setting next_dagrun for example_branch_operator to 2026-02-22 00:00:00+00:00, run_after=2026-02-23 00:00:00+00:00
[2026-02-23T08:18:25.635+0000] {processor.py:208} INFO - Processing /home/airflow/.local/lib/python3.12/site-packages/airflow/example_dags/example_branch_operator.py took 0.418 seconds
[2026-02-23T08:18:56.867+0000] {processor.py:186} INFO - Started process (PID=192) to work on /home/airflow/.local/lib/python3.12/site-packages/airflow/example_dags/example_branch_operator.py
[2026-02-23T08:18:56.872+0000] {processor.py:914} INFO - Processing file /home/airflow/.local/lib/python3.12/site-packages/airflow/example_dags/example_branch_operator.py for tasks to queue
[2026-02-23T08:18:56.886+0000] {logging_mixin.py:190} INFO - [2026-02-23T08:18:56.884+0000] {dagbag.py:588} INFO - Filling up the DagBag from /home/airflow/.local/lib/python3.12/site-packages/airflow/example_dags/example_branch_operator.py
[2026-02-23T08:18:56.982+0000] {processor.py:925} INFO - DAG(s) 'example_branch_operator' retrieved from /home/airflow/.local/lib/python3.12/site-packages/airflow/example_dags/example_branch_operator.py
[2026-02-23T08:18:57.102+0000] {logging_mixin.py:190} INFO - [2026-02-23T08:18:57.102+0000] {dag.py:3239} INFO - Sync 1 DAGs
[2026-02-23T08:18:57.210+0000] {logging_mixin.py:190} INFO - [2026-02-23T08:18:57.209+0000] {dag.py:4180} INFO - Setting next_dagrun for example_branch_operator to 2026-02-22 00:00:00+00:00, run_after=2026-02-23 00:00:00+00:00
[2026-02-23T08:18:57.288+0000] {processor.py:208} INFO - Processing /home/airflow/.local/lib/python3.12/site-packages/airflow/example_dags/example_branch_operator.py took 0.450 seconds
[2026-02-23T08:19:27.549+0000] {processor.py:186} INFO - Started process (PID=257) to work on /home/airflow/.local/lib/python3.12/site-packages/airflow/example_dags/example_branch_operator.py
[2026-02-23T08:19:27.552+0000] {processor.py:914} INFO - Processing file /home/airflow/.local/lib/python3.12/site-packages/airflow/example_dags/example_branch_operator.py for tasks to queue
[2026-02-23T08:19:27.558+0000] {logging_mixin.py:190} INFO - [2026-02-23T08:19:27.557+0000] {dagbag.py:588} INFO - Filling up the DagBag from /home/airflow/.local/lib/python3.12/site-packages/airflow/example_dags/example_branch_operator.py
[2026-02-23T08:19:27.602+0000] {processor.py:925} INFO - DAG(s) 'example_branch_operator' retrieved from /home/airflow/.local/lib/python3.12/site-packages/airflow/example_dags/example_branch_operator.py
[2026-02-23T08:19:27.664+0000] {logging_mixin.py:190} INFO - [2026-02-23T08:19:27.664+0000] {dag.py:3239} INFO - Sync 1 DAGs
[2026-02-23T08:19:27.716+0000] {logging_mixin.py:190} INFO - [2026-02-23T08:19:27.716+0000] {dag.py:4180} INFO - Setting next_dagrun for example_branch_operator to 2026-02-22 00:00:00+00:00, run_after=2026-02-23 00:00:00+00:00
[2026-02-23T08:19:27.759+0000] {processor.py:208} INFO - Processing /home/airflow/.local/lib/python3.12/site-packages/airflow/example_dags/example_branch_operator.py took 0.224 seconds
[2026-02-23T08:19:57.895+0000] {processor.py:186} INFO - Started process (PID=322) to work on /home/airflow/.local/lib/python3.12/site-packages/airflow/example_dags/example_branch_operator.py
[2026-02-23T08:19:57.898+0000] {processor.py:914} INFO - Processing file /home/airflow/.local/lib/python3.12/site-packages/airflow/example_dags/example_branch_operator.py for tasks to queue
[2026-02-23T08:19:57.905+0000] {logging_mixin.py:190} INFO - [2026-02-23T08:19:57.904+0000] {dagbag.py:588} INFO - Filling up the DagBag from /home/airflow/.local/lib/python3.12/site-packages/airflow/example_dags/example_branch_operator.py
[2026-02-23T08:19:57.954+0000] {processor.py:925} INFO - DAG(s) 'example_branch_operator' retrieved from /home/airflow/.local/lib/python3.12/site-packages/airflow/example_dags/example_branch_operator.py
[2026-02-23T08:19:58.040+0000] {logging_mixin.py:190} INFO - [2026-02-23T08:19:58.039+0000] {dag.py:3239} INFO - Sync 1 DAGs
[2026-02-23T08:19:58.093+0000] {logging_mixin.py:190} INFO - [2026-02-23T08:19:58.093+0000] {dag.py:4180} INFO - Setting next_dagrun for example_branch_operator to 2026-02-22 00:00:00+00:00, run_after=2026-02-23 00:00:00+00:00
[2026-02-23T08:19:58.144+0000] {processor.py:208} INFO - Processing /home/airflow/.local/lib/python3.12/site-packages/airflow/example_dags/example_branch_operator.py took 0.264 seconds
[2026-02-23T08:20:29.123+0000] {processor.py:186} INFO - Started process (PID=387) to work on /home/airflow/.local/lib/python3.12/site-packages/airflow/example_dags/example_branch_operator.py
[2026-02-23T08:20:29.127+0000] {processor.py:914} INFO - Processing file /home/airflow/.local/lib/python3.12/site-packages/airflow/example_dags/example_branch_operator.py for tasks to queue
[2026-02-23T08:20:29.138+0000] {logging_mixin.py:190} INFO - [2026-02-23T08:20:29.137+0000] {dagbag.py:588} INFO - Filling up the DagBag from /home/airflow/.local/lib/python3.12/site-packages/airflow/example_dags/example_branch_operator.py
[2026-02-23T08:20:29.209+0000] {processor.py:925} INFO - DAG(s) 'example_branch_operator' retrieved from /home/airflow/.local/lib/python3.12/site-packages/airflow/example_dags/example_branch_operator.py
[2026-02-23T08:20:29.301+0000] {logging_mixin.py:190} INFO - [2026-02-23T08:20:29.300+0000] {dag.py:3239} INFO - Sync 1 DAGs
[2026-02-23T08:20:29.396+0000] {logging_mixin.py:190} INFO - [2026-02-23T08:20:29.395+0000] {dag.py:4180} INFO - Setting next_dagrun for example_branch_operator to 2026-02-22 00:00:00+00:00, run_after=2026-02-23 00:00:00+00:00
[2026-02-23T08:20:29.454+0000] {processor.py:208} INFO - Processing /home/airflow/.local/lib/python3.12/site-packages/airflow/example_dags/example_branch_operator.py took 0.356 seconds
[2026-02-23T08:21:00.042+0000] {processor.py:186} INFO - Started process (PID=451) to work on /home/airflow/.local/lib/python3.12/site-packages/airflow/example_dags/example_branch_operator.py
[2026-02-23T08:21:00.044+0000] {processor.py:914} INFO - Processing file /home/airflow/.local/lib/python3.12/site-packages/airflow/example_dags/example_branch_operator.py for tasks to queue
[2026-02-23T08:21:00.049+0000] {logging_mixin.py:190} INFO - [2026-02-23T08:21:00.048+0000] {dagbag.py:588} INFO - Filling up the DagBag from /home/airflow/.local/lib/python3.12/site-packages/airflow/example_dags/example_branch_operator.py
[2026-02-23T08:21:00.084+0000] {processor.py:925} INFO - DAG(s) 'example_branch_operator' retrieved from /home/airflow/.local/lib/python3.12/site-packages/airflow/example_dags/example_branch_operator.py
[2026-02-23T08:21:00.151+0000] {logging_mixin.py:190} INFO - [2026-02-23T08:21:00.150+0000] {dag.py:3239} INFO - Sync 1 DAGs
[2026-02-23T08:21:00.207+0000] {logging_mixin.py:190} INFO - [2026-02-23T08:21:00.207+0000] {dag.py:4180} INFO - Setting next_dagrun for example_branch_operator to 2026-02-22 00:00:00+00:00, run_after=2026-02-23 00:00:00+00:00
[2026-02-23T08:21:00.257+0000] {processor.py:208} INFO - Processing /home/airflow/.local/lib/python3.12/site-packages/airflow/example_dags/example_branch_operator.py took 0.227 seconds
[2026-02-23T08:21:30.759+0000] {processor.py:186} INFO - Started process (PID=516) to work on /home/airflow/.local/lib/python3.12/site-packages/airflow/example_dags/example_branch_operator.py
[2026-02-23T08:21:30.760+0000] {processor.py:914} INFO - Processing file /home/airflow/.local/lib/python3.12/site-packages/airflow/example_dags/example_branch_operator.py for tasks to queue
[2026-02-23T08:21:30.762+0000] {logging_mixin.py:190} INFO - [2026-02-23T08:21:30.762+0000] {dagbag.py:588} INFO - Filling up the DagBag from /home/airflow/.local/lib/python3.12/site-packages/airflow/example_dags/example_branch_operator.py
[2026-02-23T08:21:30.776+0000] {processor.py:925} INFO - DAG(s) 'example_branch_operator' retrieved from /home/airflow/.local/lib/python3.12/site-packages/airflow/example_dags/example_branch_operator.py
[2026-02-23T08:21:30.800+0000] {logging_mixin.py:190} INFO - [2026-02-23T08:21:30.800+0000] {dag.py:3239} INFO - Sync 1 DAGs
[2026-02-23T08:21:30.820+0000] {logging_mixin.py:190} INFO - [2026-02-23T08:21:30.820+0000] {dag.py:4180} INFO - Setting next_dagrun for example_branch_operator to 2026-02-22 00:00:00+00:00, run_after=2026-02-23 00:00:00+00:00
[2026-02-23T08:21:30.840+0000] {processor.py:208} INFO - Processing /home/airflow/.local/lib/python3.12/site-packages/airflow/example_dags/example_branch_operator.py took 0.088 seconds
[2026-02-23T08:22:01.070+0000] {processor.py:186} INFO - Started process (PID=581) to work on /home/airflow/.local/lib/python3.12/site-packages/airflow/example_dags/example_branch_operator.py
[2026-02-23T08:22:01.071+0000] {processor.py:914} INFO - Processing file /home/airflow/.local/lib/python3.12/site-packages/airflow/example_dags/example_branch_operator.py for tasks to queue
[2026-02-23T08:22:01.075+0000] {logging_mixin.py:190} INFO - [2026-02-23T08:22:01.074+0000] {dagbag.py:588} INFO - Filling up the DagBag from /home/airflow/.local/lib/python3.12/site-packages/airflow/example_dags/example_branch_operator.py
[2026-02-23T08:22:01.100+0000] {processor.py:925} INFO - DAG(s) 'example_branch_operator' retrieved from /home/airflow/.local/lib/python3.12/site-packages/airflow/example_dags/example_branch_operator.py
[2026-02-23T08:22:01.130+0000] {logging_mixin.py:190} INFO - [2026-02-23T08:22:01.130+0000] {dag.py:3239} INFO - Sync 1 DAGs
[2026-02-23T08:22:01.157+0000] {logging_mixin.py:190} INFO - [2026-02-23T08:22:01.157+0000] {dag.py:4180} INFO - Setting next_dagrun for example_branch_operator to 2026-02-22 00:00:00+00:00, run_after=2026-02-23 00:00:00+00:00
[2026-02-23T08:22:01.183+0000] {processor.py:208} INFO - Processing /home/airflow/.local/lib/python3.12/site-packages/airflow/example_dags/example_branch_operator.py took 0.121 seconds
[2026-02-23T08:24:12.719+0000] {processor.py:186} INFO - Started process (PID=57) to work on /home/airflow/.local/lib/python3.12/site-packages/airflow/example_dags/example_branch_operator.py
[2026-02-23T08:24:12.721+0000] {processor.py:914} INFO - Processing file /home/airflow/.local/lib/python3.12/site-packages/airflow/example_dags/example_branch_operator.py for tasks to queue
[2026-02-23T08:24:12.727+0000] {logging_mixin.py:190} INFO - [2026-02-23T08:24:12.726+0000] {dagbag.py:588} INFO - Filling up the DagBag from /home/airflow/.local/lib/python3.12/site-packages/airflow/example_dags/example_branch_operator.py
[2026-02-23T08:24:12.781+0000] {processor.py:925} INFO - DAG(s) 'example_branch_operator' retrieved from /home/airflow/.local/lib/python3.12/site-packages/airflow/example_dags/example_branch_operator.py
[2026-02-23T08:24:13.176+0000] {logging_mixin.py:190} INFO - [2026-02-23T08:24:13.175+0000] {dag.py:3239} INFO - Sync 1 DAGs
[2026-02-23T08:24:13.251+0000] {logging_mixin.py:190} INFO - [2026-02-23T08:24:13.250+0000] {dag.py:4180} INFO - Setting next_dagrun for example_branch_operator to 2026-02-22 00:00:00+00:00, run_after=2026-02-23 00:00:00+00:00
[2026-02-23T08:24:13.317+0000] {processor.py:208} INFO - Processing /home/airflow/.local/lib/python3.12/site-packages/airflow/example_dags/example_branch_operator.py took 0.613 seconds
[2026-02-23T08:24:43.995+0000] {processor.py:186} INFO - Started process (PID=122) to work on /home/airflow/.local/lib/python3.12/site-packages/airflow/example_dags/example_branch_operator.py
[2026-02-23T08:24:43.998+0000] {processor.py:914} INFO - Processing file /home/airflow/.local/lib/python3.12/site-packages/airflow/example_dags/example_branch_operator.py for tasks to queue
[2026-02-23T08:24:44.009+0000] {logging_mixin.py:190} INFO - [2026-02-23T08:24:44.006+0000] {dagbag.py:588} INFO - Filling up the DagBag from /home/airflow/.local/lib/python3.12/site-packages/airflow/example_dags/example_branch_operator.py
[2026-02-23T08:24:44.077+0000] {processor.py:925} INFO - DAG(s) 'example_branch_operator' retrieved from /home/airflow/.local/lib/python3.12/site-packages/airflow/example_dags/example_branch_operator.py
[2026-02-23T08:24:44.168+0000] {logging_mixin.py:190} INFO - [2026-02-23T08:24:44.168+0000] {dag.py:3239} INFO - Sync 1 DAGs
[2026-02-23T08:24:44.235+0000] {logging_mixin.py:190} INFO - [2026-02-23T08:24:44.234+0000] {dag.py:4180} INFO - Setting next_dagrun for example_branch_operator to 2026-02-22 00:00:00+00:00, run_after=2026-02-23 00:00:00+00:00
[2026-02-23T08:24:44.283+0000] {processor.py:208} INFO - Processing /home/airflow/.local/lib/python3.12/site-packages/airflow/example_dags/example_branch_operator.py took 0.310 seconds
[2026-02-23T08:25:15.228+0000] {processor.py:186} INFO - Started process (PID=187) to work on /home/airflow/.local/lib/python3.12/site-packages/airflow/example_dags/example_branch_operator.py
[2026-02-23T08:25:15.232+0000] {processor.py:914} INFO - Processing file /home/airflow/.local/lib/python3.12/site-packages/airflow/example_dags/example_branch_operator.py for tasks to queue
[2026-02-23T08:25:15.240+0000] {logging_mixin.py:190} INFO - [2026-02-23T08:25:15.239+0000] {dagbag.py:588} INFO - Filling up the DagBag from /home/airflow/.local/lib/python3.12/site-packages/airflow/example_dags/example_branch_operator.py
[2026-02-23T08:25:15.294+0000] {processor.py:925} INFO - DAG(s) 'example_branch_operator' retrieved from /home/airflow/.local/lib/python3.12/site-packages/airflow/example_dags/example_branch_operator.py
[2026-02-23T08:25:15.379+0000] {logging_mixin.py:190} INFO - [2026-02-23T08:25:15.378+0000] {dag.py:3239} INFO - Sync 1 DAGs
[2026-02-23T08:25:15.443+0000] {logging_mixin.py:190} INFO - [2026-02-23T08:25:15.443+0000] {dag.py:4180} INFO - Setting next_dagrun for example_branch_operator to 2026-02-22 00:00:00+00:00, run_after=2026-02-23 00:00:00+00:00
[2026-02-23T08:25:15.491+0000] {processor.py:208} INFO - Processing /home/airflow/.local/lib/python3.12/site-packages/airflow/example_dags/example_branch_operator.py took 0.282 seconds
[2026-02-23T08:25:46.364+0000] {processor.py:186} INFO - Started process (PID=252) to work on /home/airflow/.local/lib/python3.12/site-packages/airflow/example_dags/example_branch_operator.py
[2026-02-23T08:25:46.367+0000] {processor.py:914} INFO - Processing file /home/airflow/.local/lib/python3.12/site-packages/airflow/example_dags/example_branch_operator.py for tasks to queue
[2026-02-23T08:25:46.372+0000] {logging_mixin.py:190} INFO - [2026-02-23T08:25:46.372+0000] {dagbag.py:588} INFO - Filling up the DagBag from /home/airflow/.local/lib/python3.12/site-packages/airflow/example_dags/example_branch_operator.py
[2026-02-23T08:25:46.403+0000] {processor.py:925} INFO - DAG(s) 'example_branch_operator' retrieved from /home/airflow/.local/lib/python3.12/site-packages/airflow/example_dags/example_branch_operator.py
[2026-02-23T08:25:46.454+0000] {logging_mixin.py:190} INFO - [2026-02-23T08:25:46.453+0000] {dag.py:3239} INFO - Sync 1 DAGs
[2026-02-23T08:25:46.492+0000] {logging_mixin.py:190} INFO - [2026-02-23T08:25:46.491+0000] {dag.py:4180} INFO - Setting next_dagrun for example_branch_operator to 2026-02-22 00:00:00+00:00, run_after=2026-02-23 00:00:00+00:00
[2026-02-23T08:25:46.526+0000] {processor.py:208} INFO - Processing /home/airflow/.local/lib/python3.12/site-packages/airflow/example_dags/example_branch_operator.py took 0.172 seconds
[2026-02-23T08:26:17.166+0000] {processor.py:186} INFO - Started process (PID=317) to work on /home/airflow/.local/lib/python3.12/site-packages/airflow/example_dags/example_branch_operator.py
[2026-02-23T08:26:17.171+0000] {processor.py:914} INFO - Processing file /home/airflow/.local/lib/python3.12/site-packages/airflow/example_dags/example_branch_operator.py for tasks to queue
[2026-02-23T08:26:17.179+0000] {logging_mixin.py:190} INFO - [2026-02-23T08:26:17.177+0000] {dagbag.py:588} INFO - Filling up the DagBag from /home/airflow/.local/lib/python3.12/site-packages/airflow/example_dags/example_branch_operator.py
[2026-02-23T08:26:17.246+0000] {processor.py:925} INFO - DAG(s) 'example_branch_operator' retrieved from /home/airflow/.local/lib/python3.12/site-packages/airflow/example_dags/example_branch_operator.py
[2026-02-23T08:26:17.355+0000] {logging_mixin.py:190} INFO - [2026-02-23T08:26:17.354+0000] {dag.py:3239} INFO - Sync 1 DAGs
[2026-02-23T08:26:17.444+0000] {logging_mixin.py:190} INFO - [2026-02-23T08:26:17.443+0000] {dag.py:4180} INFO - Setting next_dagrun for example_branch_operator to 2026-02-22 00:00:00+00:00, run_after=2026-02-23 00:00:00+00:00
[2026-02-23T08:26:17.511+0000] {processor.py:208} INFO - Processing /home/airflow/.local/lib/python3.12/site-packages/airflow/example_dags/example_branch_operator.py took 0.363 seconds
[2026-02-23T08:26:47.733+0000] {processor.py:186} INFO - Started process (PID=382) to work on /home/airflow/.local/lib/python3.12/site-packages/airflow/example_dags/example_branch_operator.py
[2026-02-23T08:26:47.736+0000] {processor.py:914} INFO - Processing file /home/airflow/.local/lib/python3.12/site-packages/airflow/example_dags/example_branch_operator.py for tasks to queue
[2026-02-23T08:26:47.741+0000] {logging_mixin.py:190} INFO - [2026-02-23T08:26:47.741+0000] {dagbag.py:588} INFO - Filling up the DagBag from /home/airflow/.local/lib/python3.12/site-packages/airflow/example_dags/example_branch_operator.py
[2026-02-23T08:26:47.780+0000] {processor.py:925} INFO - DAG(s) 'example_branch_operator' retrieved from /home/airflow/.local/lib/python3.12/site-packages/airflow/example_dags/example_branch_operator.py
[2026-02-23T08:26:47.844+0000] {logging_mixin.py:190} INFO - [2026-02-23T08:26:47.843+0000] {dag.py:3239} INFO - Sync 1 DAGs
[2026-02-23T08:26:47.899+0000] {logging_mixin.py:190} INFO - [2026-02-23T08:26:47.899+0000] {dag.py:4180} INFO - Setting next_dagrun for example_branch_operator to 2026-02-22 00:00:00+00:00, run_after=2026-02-23 00:00:00+00:00
[2026-02-23T08:26:47.944+0000] {processor.py:208} INFO - Processing /home/airflow/.local/lib/python3.12/site-packages/airflow/example_dags/example_branch_operator.py took 0.221 seconds
[2026-02-23T08:31:05.739+0000] {processor.py:186} INFO - Started process (PID=75) to work on /home/airflow/.local/lib/python3.12/site-packages/airflow/example_dags/example_branch_operator.py
[2026-02-23T08:31:05.772+0000] {processor.py:914} INFO - Processing file /home/airflow/.local/lib/python3.12/site-packages/airflow/example_dags/example_branch_operator.py for tasks to queue
[2026-02-23T08:31:05.842+0000] {logging_mixin.py:190} INFO - [2026-02-23T08:31:05.840+0000] {dagbag.py:588} INFO - Filling up the DagBag from /home/airflow/.local/lib/python3.12/site-packages/airflow/example_dags/example_branch_operator.py
[2026-02-23T08:31:06.145+0000] {processor.py:925} INFO - DAG(s) 'example_branch_operator' retrieved from /home/airflow/.local/lib/python3.12/site-packages/airflow/example_dags/example_branch_operator.py
[2026-02-23T08:31:07.261+0000] {logging_mixin.py:190} INFO - [2026-02-23T08:31:07.261+0000] {dag.py:3239} INFO - Sync 1 DAGs
[2026-02-23T08:31:07.496+0000] {logging_mixin.py:190} INFO - [2026-02-23T08:31:07.495+0000] {dag.py:4180} INFO - Setting next_dagrun for example_branch_operator to 2026-02-22 00:00:00+00:00, run_after=2026-02-23 00:00:00+00:00
[2026-02-23T08:31:07.698+0000] {processor.py:208} INFO - Processing /home/airflow/.local/lib/python3.12/site-packages/airflow/example_dags/example_branch_operator.py took 2.017 seconds
[2026-02-23T08:32:20.830+0000] {processor.py:186} INFO - Started process (PID=153) to work on /home/airflow/.local/lib/python3.12/site-packages/airflow/example_dags/example_branch_operator.py
[2026-02-23T08:32:20.832+0000] {processor.py:914} INFO - Processing file /home/airflow/.local/lib/python3.12/site-packages/airflow/example_dags/example_branch_operator.py for tasks to queue
[2026-02-23T08:32:20.837+0000] {logging_mixin.py:190} INFO - [2026-02-23T08:32:20.836+0000] {dagbag.py:588} INFO - Filling up the DagBag from /home/airflow/.local/lib/python3.12/site-packages/airflow/example_dags/example_branch_operator.py
[2026-02-23T08:32:20.884+0000] {processor.py:925} INFO - DAG(s) 'example_branch_operator' retrieved from /home/airflow/.local/lib/python3.12/site-packages/airflow/example_dags/example_branch_operator.py
[2026-02-23T08:32:20.948+0000] {logging_mixin.py:190} INFO - [2026-02-23T08:32:20.948+0000] {dag.py:3239} INFO - Sync 1 DAGs
[2026-02-23T08:32:21.000+0000] {logging_mixin.py:190} INFO - [2026-02-23T08:32:20.999+0000] {dag.py:4180} INFO - Setting next_dagrun for example_branch_operator to 2026-02-22 00:00:00+00:00, run_after=2026-02-23 00:00:00+00:00
[2026-02-23T08:32:21.042+0000] {processor.py:208} INFO - Processing /home/airflow/.local/lib/python3.12/site-packages/airflow/example_dags/example_branch_operator.py took 0.223 seconds
[2026-02-23T15:42:14.529+0000] {processor.py:186} INFO - Started process (PID=192) to work on /home/airflow/.local/lib/python3.12/site-packages/airflow/example_dags/example_branch_operator.py
[2026-02-23T15:42:14.532+0000] {processor.py:914} INFO - Processing file /home/airflow/.local/lib/python3.12/site-packages/airflow/example_dags/example_branch_operator.py for tasks to queue
[2026-02-23T15:42:14.536+0000] {logging_mixin.py:190} INFO - [2026-02-23T15:42:14.535+0000] {dagbag.py:588} INFO - Filling up the DagBag from /home/airflow/.local/lib/python3.12/site-packages/airflow/example_dags/example_branch_operator.py
[2026-02-23T15:42:14.580+0000] {processor.py:925} INFO - DAG(s) 'example_branch_operator' retrieved from /home/airflow/.local/lib/python3.12/site-packages/airflow/example_dags/example_branch_operator.py
[2026-02-23T15:42:14.656+0000] {logging_mixin.py:190} INFO - [2026-02-23T15:42:14.655+0000] {dag.py:3239} INFO - Sync 1 DAGs
[2026-02-23T15:42:14.751+0000] {logging_mixin.py:190} INFO - [2026-02-23T15:42:14.751+0000] {dag.py:4180} INFO - Setting next_dagrun for example_branch_operator to 2026-02-22 00:00:00+00:00, run_after=2026-02-23 00:00:00+00:00
[2026-02-23T15:42:14.802+0000] {processor.py:208} INFO - Processing /home/airflow/.local/lib/python3.12/site-packages/airflow/example_dags/example_branch_operator.py took 0.285 seconds
[2026-02-23T15:42:44.985+0000] {processor.py:186} INFO - Started process (PID=257) to work on /home/airflow/.local/lib/python3.12/site-packages/airflow/example_dags/example_branch_operator.py
[2026-02-23T15:42:44.987+0000] {processor.py:914} INFO - Processing file /home/airflow/.local/lib/python3.12/site-packages/airflow/example_dags/example_branch_operator.py for tasks to queue
[2026-02-23T15:42:44.988+0000] {logging_mixin.py:190} INFO - [2026-02-23T15:42:44.988+0000] {dagbag.py:588} INFO - Filling up the DagBag from /home/airflow/.local/lib/python3.12/site-packages/airflow/example_dags/example_branch_operator.py
[2026-02-23T15:42:45.012+0000] {processor.py:925} INFO - DAG(s) 'example_branch_operator' retrieved from /home/airflow/.local/lib/python3.12/site-packages/airflow/example_dags/example_branch_operator.py
[2026-02-23T15:42:45.050+0000] {logging_mixin.py:190} INFO - [2026-02-23T15:42:45.049+0000] {dag.py:3239} INFO - Sync 1 DAGs
[2026-02-23T15:42:45.080+0000] {logging_mixin.py:190} INFO - [2026-02-23T15:42:45.080+0000] {dag.py:4180} INFO - Setting next_dagrun for example_branch_operator to 2026-02-22 00:00:00+00:00, run_after=2026-02-23 00:00:00+00:00
[2026-02-23T15:42:45.107+0000] {processor.py:208} INFO - Processing /home/airflow/.local/lib/python3.12/site-packages/airflow/example_dags/example_branch_operator.py took 0.129 seconds
