[2026-02-23T07:41:43.666+0000] {processor.py:186} INFO - Started process (PID=3310) to work on /home/airflow/.local/lib/python3.12/site-packages/airflow/example_dags/example_bash_decorator.py
[2026-02-23T07:41:43.678+0000] {processor.py:914} INFO - Processing file /home/airflow/.local/lib/python3.12/site-packages/airflow/example_dags/example_bash_decorator.py for tasks to queue
[2026-02-23T07:41:43.717+0000] {logging_mixin.py:190} INFO - [2026-02-23T07:41:43.712+0000] {dagbag.py:588} INFO - Filling up the DagBag from /home/airflow/.local/lib/python3.12/site-packages/airflow/example_dags/example_bash_decorator.py
[2026-02-23T07:41:43.865+0000] {processor.py:925} INFO - DAG(s) 'example_bash_decorator' retrieved from /home/airflow/.local/lib/python3.12/site-packages/airflow/example_dags/example_bash_decorator.py
[2026-02-23T07:41:46.171+0000] {logging_mixin.py:190} INFO - [2026-02-23T07:41:46.165+0000] {dag.py:3239} INFO - Sync 1 DAGs
[2026-02-23T07:41:46.310+0000] {logging_mixin.py:190} INFO - [2026-02-23T07:41:46.309+0000] {dag.py:4180} INFO - Setting next_dagrun for example_bash_decorator to None, run_after=None
[2026-02-23T07:41:46.447+0000] {processor.py:208} INFO - Processing /home/airflow/.local/lib/python3.12/site-packages/airflow/example_dags/example_bash_decorator.py took 2.864 seconds
[2026-02-23T07:42:23.315+0000] {processor.py:186} INFO - Started process (PID=3375) to work on /home/airflow/.local/lib/python3.12/site-packages/airflow/example_dags/example_bash_decorator.py
[2026-02-23T07:42:23.322+0000] {processor.py:914} INFO - Processing file /home/airflow/.local/lib/python3.12/site-packages/airflow/example_dags/example_bash_decorator.py for tasks to queue
[2026-02-23T07:42:23.326+0000] {logging_mixin.py:190} INFO - [2026-02-23T07:42:23.325+0000] {dagbag.py:588} INFO - Filling up the DagBag from /home/airflow/.local/lib/python3.12/site-packages/airflow/example_dags/example_bash_decorator.py
[2026-02-23T07:42:23.419+0000] {processor.py:925} INFO - DAG(s) 'example_bash_decorator' retrieved from /home/airflow/.local/lib/python3.12/site-packages/airflow/example_dags/example_bash_decorator.py
[2026-02-23T07:42:23.558+0000] {logging_mixin.py:190} INFO - [2026-02-23T07:42:23.557+0000] {dag.py:3239} INFO - Sync 1 DAGs
[2026-02-23T07:42:23.655+0000] {logging_mixin.py:190} INFO - [2026-02-23T07:42:23.644+0000] {dag.py:4180} INFO - Setting next_dagrun for example_bash_decorator to None, run_after=None
[2026-02-23T07:42:23.782+0000] {processor.py:208} INFO - Processing /home/airflow/.local/lib/python3.12/site-packages/airflow/example_dags/example_bash_decorator.py took 0.526 seconds
[2026-02-23T07:42:53.967+0000] {processor.py:186} INFO - Started process (PID=3435) to work on /home/airflow/.local/lib/python3.12/site-packages/airflow/example_dags/example_bash_decorator.py
[2026-02-23T07:42:53.971+0000] {processor.py:914} INFO - Processing file /home/airflow/.local/lib/python3.12/site-packages/airflow/example_dags/example_bash_decorator.py for tasks to queue
[2026-02-23T07:42:53.981+0000] {logging_mixin.py:190} INFO - [2026-02-23T07:42:53.978+0000] {dagbag.py:588} INFO - Filling up the DagBag from /home/airflow/.local/lib/python3.12/site-packages/airflow/example_dags/example_bash_decorator.py
[2026-02-23T07:42:54.060+0000] {processor.py:925} INFO - DAG(s) 'example_bash_decorator' retrieved from /home/airflow/.local/lib/python3.12/site-packages/airflow/example_dags/example_bash_decorator.py
[2026-02-23T07:42:54.178+0000] {logging_mixin.py:190} INFO - [2026-02-23T07:42:54.177+0000] {dag.py:3239} INFO - Sync 1 DAGs
[2026-02-23T07:42:54.246+0000] {logging_mixin.py:190} INFO - [2026-02-23T07:42:54.245+0000] {dag.py:4180} INFO - Setting next_dagrun for example_bash_decorator to None, run_after=None
[2026-02-23T07:42:54.312+0000] {processor.py:208} INFO - Processing /home/airflow/.local/lib/python3.12/site-packages/airflow/example_dags/example_bash_decorator.py took 0.382 seconds
[2026-02-23T07:43:38.872+0000] {processor.py:186} INFO - Started process (PID=3476) to work on /home/airflow/.local/lib/python3.12/site-packages/airflow/example_dags/example_bash_decorator.py
[2026-02-23T07:43:38.879+0000] {processor.py:914} INFO - Processing file /home/airflow/.local/lib/python3.12/site-packages/airflow/example_dags/example_bash_decorator.py for tasks to queue
[2026-02-23T07:43:38.884+0000] {logging_mixin.py:190} INFO - [2026-02-23T07:43:38.882+0000] {dagbag.py:588} INFO - Filling up the DagBag from /home/airflow/.local/lib/python3.12/site-packages/airflow/example_dags/example_bash_decorator.py
[2026-02-23T07:43:38.928+0000] {processor.py:925} INFO - DAG(s) 'example_bash_decorator' retrieved from /home/airflow/.local/lib/python3.12/site-packages/airflow/example_dags/example_bash_decorator.py
[2026-02-23T07:43:39.009+0000] {logging_mixin.py:190} INFO - [2026-02-23T07:43:39.009+0000] {dag.py:3239} INFO - Sync 1 DAGs
[2026-02-23T07:43:39.054+0000] {logging_mixin.py:190} INFO - [2026-02-23T07:43:39.054+0000] {dag.py:4180} INFO - Setting next_dagrun for example_bash_decorator to None, run_after=None
[2026-02-23T07:43:39.110+0000] {processor.py:208} INFO - Processing /home/airflow/.local/lib/python3.12/site-packages/airflow/example_dags/example_bash_decorator.py took 0.259 seconds
[2026-02-23T08:17:54.115+0000] {processor.py:186} INFO - Started process (PID=64) to work on /home/airflow/.local/lib/python3.12/site-packages/airflow/example_dags/example_bash_decorator.py
[2026-02-23T08:17:54.119+0000] {processor.py:914} INFO - Processing file /home/airflow/.local/lib/python3.12/site-packages/airflow/example_dags/example_bash_decorator.py for tasks to queue
[2026-02-23T08:17:54.130+0000] {logging_mixin.py:190} INFO - [2026-02-23T08:17:54.128+0000] {dagbag.py:588} INFO - Filling up the DagBag from /home/airflow/.local/lib/python3.12/site-packages/airflow/example_dags/example_bash_decorator.py
[2026-02-23T08:17:54.208+0000] {processor.py:925} INFO - DAG(s) 'example_bash_decorator' retrieved from /home/airflow/.local/lib/python3.12/site-packages/airflow/example_dags/example_bash_decorator.py
[2026-02-23T08:17:54.747+0000] {logging_mixin.py:190} INFO - [2026-02-23T08:17:54.746+0000] {dag.py:3239} INFO - Sync 1 DAGs
[2026-02-23T08:17:54.798+0000] {logging_mixin.py:190} INFO - [2026-02-23T08:17:54.797+0000] {dag.py:4180} INFO - Setting next_dagrun for example_bash_decorator to None, run_after=None
[2026-02-23T08:17:54.873+0000] {processor.py:208} INFO - Processing /home/airflow/.local/lib/python3.12/site-packages/airflow/example_dags/example_bash_decorator.py took 0.783 seconds
[2026-02-23T08:18:25.799+0000] {processor.py:186} INFO - Started process (PID=129) to work on /home/airflow/.local/lib/python3.12/site-packages/airflow/example_dags/example_bash_decorator.py
[2026-02-23T08:18:25.803+0000] {processor.py:914} INFO - Processing file /home/airflow/.local/lib/python3.12/site-packages/airflow/example_dags/example_bash_decorator.py for tasks to queue
[2026-02-23T08:18:25.814+0000] {logging_mixin.py:190} INFO - [2026-02-23T08:18:25.812+0000] {dagbag.py:588} INFO - Filling up the DagBag from /home/airflow/.local/lib/python3.12/site-packages/airflow/example_dags/example_bash_decorator.py
[2026-02-23T08:18:25.878+0000] {processor.py:925} INFO - DAG(s) 'example_bash_decorator' retrieved from /home/airflow/.local/lib/python3.12/site-packages/airflow/example_dags/example_bash_decorator.py
[2026-02-23T08:18:25.976+0000] {logging_mixin.py:190} INFO - [2026-02-23T08:18:25.974+0000] {dag.py:3239} INFO - Sync 1 DAGs
[2026-02-23T08:18:26.058+0000] {logging_mixin.py:190} INFO - [2026-02-23T08:18:26.057+0000] {dag.py:4180} INFO - Setting next_dagrun for example_bash_decorator to None, run_after=None
[2026-02-23T08:18:26.142+0000] {processor.py:208} INFO - Processing /home/airflow/.local/lib/python3.12/site-packages/airflow/example_dags/example_bash_decorator.py took 0.368 seconds
[2026-02-23T08:18:57.464+0000] {processor.py:186} INFO - Started process (PID=194) to work on /home/airflow/.local/lib/python3.12/site-packages/airflow/example_dags/example_bash_decorator.py
[2026-02-23T08:18:57.468+0000] {processor.py:914} INFO - Processing file /home/airflow/.local/lib/python3.12/site-packages/airflow/example_dags/example_bash_decorator.py for tasks to queue
[2026-02-23T08:18:57.478+0000] {logging_mixin.py:190} INFO - [2026-02-23T08:18:57.476+0000] {dagbag.py:588} INFO - Filling up the DagBag from /home/airflow/.local/lib/python3.12/site-packages/airflow/example_dags/example_bash_decorator.py
[2026-02-23T08:18:57.531+0000] {processor.py:925} INFO - DAG(s) 'example_bash_decorator' retrieved from /home/airflow/.local/lib/python3.12/site-packages/airflow/example_dags/example_bash_decorator.py
[2026-02-23T08:18:57.617+0000] {logging_mixin.py:190} INFO - [2026-02-23T08:18:57.617+0000] {dag.py:3239} INFO - Sync 1 DAGs
[2026-02-23T08:18:57.682+0000] {logging_mixin.py:190} INFO - [2026-02-23T08:18:57.682+0000] {dag.py:4180} INFO - Setting next_dagrun for example_bash_decorator to None, run_after=None
[2026-02-23T08:18:57.766+0000] {processor.py:208} INFO - Processing /home/airflow/.local/lib/python3.12/site-packages/airflow/example_dags/example_bash_decorator.py took 0.325 seconds
[2026-02-23T08:19:28.804+0000] {processor.py:186} INFO - Started process (PID=259) to work on /home/airflow/.local/lib/python3.12/site-packages/airflow/example_dags/example_bash_decorator.py
[2026-02-23T08:19:28.806+0000] {processor.py:914} INFO - Processing file /home/airflow/.local/lib/python3.12/site-packages/airflow/example_dags/example_bash_decorator.py for tasks to queue
[2026-02-23T08:19:28.812+0000] {logging_mixin.py:190} INFO - [2026-02-23T08:19:28.811+0000] {dagbag.py:588} INFO - Filling up the DagBag from /home/airflow/.local/lib/python3.12/site-packages/airflow/example_dags/example_bash_decorator.py
[2026-02-23T08:19:28.837+0000] {processor.py:925} INFO - DAG(s) 'example_bash_decorator' retrieved from /home/airflow/.local/lib/python3.12/site-packages/airflow/example_dags/example_bash_decorator.py
[2026-02-23T08:19:28.879+0000] {logging_mixin.py:190} INFO - [2026-02-23T08:19:28.878+0000] {dag.py:3239} INFO - Sync 1 DAGs
[2026-02-23T08:19:28.903+0000] {logging_mixin.py:190} INFO - [2026-02-23T08:19:28.902+0000] {dag.py:4180} INFO - Setting next_dagrun for example_bash_decorator to None, run_after=None
[2026-02-23T08:19:28.939+0000] {processor.py:208} INFO - Processing /home/airflow/.local/lib/python3.12/site-packages/airflow/example_dags/example_bash_decorator.py took 0.145 seconds
[2026-02-23T08:19:59.169+0000] {processor.py:186} INFO - Started process (PID=324) to work on /home/airflow/.local/lib/python3.12/site-packages/airflow/example_dags/example_bash_decorator.py
[2026-02-23T08:19:59.173+0000] {processor.py:914} INFO - Processing file /home/airflow/.local/lib/python3.12/site-packages/airflow/example_dags/example_bash_decorator.py for tasks to queue
[2026-02-23T08:19:59.178+0000] {logging_mixin.py:190} INFO - [2026-02-23T08:19:59.177+0000] {dagbag.py:588} INFO - Filling up the DagBag from /home/airflow/.local/lib/python3.12/site-packages/airflow/example_dags/example_bash_decorator.py
[2026-02-23T08:19:59.208+0000] {processor.py:925} INFO - DAG(s) 'example_bash_decorator' retrieved from /home/airflow/.local/lib/python3.12/site-packages/airflow/example_dags/example_bash_decorator.py
[2026-02-23T08:19:59.254+0000] {logging_mixin.py:190} INFO - [2026-02-23T08:19:59.254+0000] {dag.py:3239} INFO - Sync 1 DAGs
[2026-02-23T08:19:59.284+0000] {logging_mixin.py:190} INFO - [2026-02-23T08:19:59.284+0000] {dag.py:4180} INFO - Setting next_dagrun for example_bash_decorator to None, run_after=None
[2026-02-23T08:19:59.322+0000] {processor.py:208} INFO - Processing /home/airflow/.local/lib/python3.12/site-packages/airflow/example_dags/example_bash_decorator.py took 0.164 seconds
[2026-02-23T08:20:29.444+0000] {processor.py:186} INFO - Started process (PID=389) to work on /home/airflow/.local/lib/python3.12/site-packages/airflow/example_dags/example_bash_decorator.py
[2026-02-23T08:20:29.447+0000] {processor.py:914} INFO - Processing file /home/airflow/.local/lib/python3.12/site-packages/airflow/example_dags/example_bash_decorator.py for tasks to queue
[2026-02-23T08:20:29.454+0000] {logging_mixin.py:190} INFO - [2026-02-23T08:20:29.453+0000] {dagbag.py:588} INFO - Filling up the DagBag from /home/airflow/.local/lib/python3.12/site-packages/airflow/example_dags/example_bash_decorator.py
[2026-02-23T08:20:29.512+0000] {processor.py:925} INFO - DAG(s) 'example_bash_decorator' retrieved from /home/airflow/.local/lib/python3.12/site-packages/airflow/example_dags/example_bash_decorator.py
[2026-02-23T08:20:29.592+0000] {logging_mixin.py:190} INFO - [2026-02-23T08:20:29.591+0000] {dag.py:3239} INFO - Sync 1 DAGs
[2026-02-23T08:20:29.645+0000] {logging_mixin.py:190} INFO - [2026-02-23T08:20:29.644+0000] {dag.py:4180} INFO - Setting next_dagrun for example_bash_decorator to None, run_after=None
[2026-02-23T08:20:29.720+0000] {processor.py:208} INFO - Processing /home/airflow/.local/lib/python3.12/site-packages/airflow/example_dags/example_bash_decorator.py took 0.293 seconds
[2026-02-23T08:21:00.333+0000] {processor.py:186} INFO - Started process (PID=453) to work on /home/airflow/.local/lib/python3.12/site-packages/airflow/example_dags/example_bash_decorator.py
[2026-02-23T08:21:00.336+0000] {processor.py:914} INFO - Processing file /home/airflow/.local/lib/python3.12/site-packages/airflow/example_dags/example_bash_decorator.py for tasks to queue
[2026-02-23T08:21:00.342+0000] {logging_mixin.py:190} INFO - [2026-02-23T08:21:00.341+0000] {dagbag.py:588} INFO - Filling up the DagBag from /home/airflow/.local/lib/python3.12/site-packages/airflow/example_dags/example_bash_decorator.py
[2026-02-23T08:21:00.376+0000] {processor.py:925} INFO - DAG(s) 'example_bash_decorator' retrieved from /home/airflow/.local/lib/python3.12/site-packages/airflow/example_dags/example_bash_decorator.py
[2026-02-23T08:21:00.428+0000] {logging_mixin.py:190} INFO - [2026-02-23T08:21:00.428+0000] {dag.py:3239} INFO - Sync 1 DAGs
[2026-02-23T08:21:00.462+0000] {logging_mixin.py:190} INFO - [2026-02-23T08:21:00.462+0000] {dag.py:4180} INFO - Setting next_dagrun for example_bash_decorator to None, run_after=None
[2026-02-23T08:21:00.511+0000] {processor.py:208} INFO - Processing /home/airflow/.local/lib/python3.12/site-packages/airflow/example_dags/example_bash_decorator.py took 0.191 seconds
[2026-02-23T08:21:30.884+0000] {processor.py:186} INFO - Started process (PID=518) to work on /home/airflow/.local/lib/python3.12/site-packages/airflow/example_dags/example_bash_decorator.py
[2026-02-23T08:21:30.885+0000] {processor.py:914} INFO - Processing file /home/airflow/.local/lib/python3.12/site-packages/airflow/example_dags/example_bash_decorator.py for tasks to queue
[2026-02-23T08:21:30.888+0000] {logging_mixin.py:190} INFO - [2026-02-23T08:21:30.887+0000] {dagbag.py:588} INFO - Filling up the DagBag from /home/airflow/.local/lib/python3.12/site-packages/airflow/example_dags/example_bash_decorator.py
[2026-02-23T08:21:30.900+0000] {processor.py:925} INFO - DAG(s) 'example_bash_decorator' retrieved from /home/airflow/.local/lib/python3.12/site-packages/airflow/example_dags/example_bash_decorator.py
[2026-02-23T08:21:30.922+0000] {logging_mixin.py:190} INFO - [2026-02-23T08:21:30.922+0000] {dag.py:3239} INFO - Sync 1 DAGs
[2026-02-23T08:21:30.935+0000] {logging_mixin.py:190} INFO - [2026-02-23T08:21:30.935+0000] {dag.py:4180} INFO - Setting next_dagrun for example_bash_decorator to None, run_after=None
[2026-02-23T08:21:30.957+0000] {processor.py:208} INFO - Processing /home/airflow/.local/lib/python3.12/site-packages/airflow/example_dags/example_bash_decorator.py took 0.079 seconds
[2026-02-23T08:22:01.235+0000] {processor.py:186} INFO - Started process (PID=583) to work on /home/airflow/.local/lib/python3.12/site-packages/airflow/example_dags/example_bash_decorator.py
[2026-02-23T08:22:01.237+0000] {processor.py:914} INFO - Processing file /home/airflow/.local/lib/python3.12/site-packages/airflow/example_dags/example_bash_decorator.py for tasks to queue
[2026-02-23T08:22:01.239+0000] {logging_mixin.py:190} INFO - [2026-02-23T08:22:01.239+0000] {dagbag.py:588} INFO - Filling up the DagBag from /home/airflow/.local/lib/python3.12/site-packages/airflow/example_dags/example_bash_decorator.py
[2026-02-23T08:22:01.258+0000] {processor.py:925} INFO - DAG(s) 'example_bash_decorator' retrieved from /home/airflow/.local/lib/python3.12/site-packages/airflow/example_dags/example_bash_decorator.py
[2026-02-23T08:22:01.285+0000] {logging_mixin.py:190} INFO - [2026-02-23T08:22:01.285+0000] {dag.py:3239} INFO - Sync 1 DAGs
[2026-02-23T08:22:01.302+0000] {logging_mixin.py:190} INFO - [2026-02-23T08:22:01.301+0000] {dag.py:4180} INFO - Setting next_dagrun for example_bash_decorator to None, run_after=None
[2026-02-23T08:22:01.324+0000] {processor.py:208} INFO - Processing /home/airflow/.local/lib/python3.12/site-packages/airflow/example_dags/example_bash_decorator.py took 0.096 seconds
[2026-02-23T08:24:13.430+0000] {processor.py:186} INFO - Started process (PID=59) to work on /home/airflow/.local/lib/python3.12/site-packages/airflow/example_dags/example_bash_decorator.py
[2026-02-23T08:24:13.434+0000] {processor.py:914} INFO - Processing file /home/airflow/.local/lib/python3.12/site-packages/airflow/example_dags/example_bash_decorator.py for tasks to queue
[2026-02-23T08:24:13.445+0000] {logging_mixin.py:190} INFO - [2026-02-23T08:24:13.443+0000] {dagbag.py:588} INFO - Filling up the DagBag from /home/airflow/.local/lib/python3.12/site-packages/airflow/example_dags/example_bash_decorator.py
[2026-02-23T08:24:13.502+0000] {processor.py:925} INFO - DAG(s) 'example_bash_decorator' retrieved from /home/airflow/.local/lib/python3.12/site-packages/airflow/example_dags/example_bash_decorator.py
[2026-02-23T08:24:14.183+0000] {logging_mixin.py:190} INFO - [2026-02-23T08:24:14.181+0000] {dag.py:3239} INFO - Sync 1 DAGs
[2026-02-23T08:24:14.247+0000] {logging_mixin.py:190} INFO - [2026-02-23T08:24:14.246+0000] {dag.py:4180} INFO - Setting next_dagrun for example_bash_decorator to None, run_after=None
[2026-02-23T08:24:14.329+0000] {processor.py:208} INFO - Processing /home/airflow/.local/lib/python3.12/site-packages/airflow/example_dags/example_bash_decorator.py took 0.927 seconds
[2026-02-23T08:24:44.550+0000] {processor.py:186} INFO - Started process (PID=124) to work on /home/airflow/.local/lib/python3.12/site-packages/airflow/example_dags/example_bash_decorator.py
[2026-02-23T08:24:44.554+0000] {processor.py:914} INFO - Processing file /home/airflow/.local/lib/python3.12/site-packages/airflow/example_dags/example_bash_decorator.py for tasks to queue
[2026-02-23T08:24:44.559+0000] {logging_mixin.py:190} INFO - [2026-02-23T08:24:44.559+0000] {dagbag.py:588} INFO - Filling up the DagBag from /home/airflow/.local/lib/python3.12/site-packages/airflow/example_dags/example_bash_decorator.py
[2026-02-23T08:24:44.594+0000] {processor.py:925} INFO - DAG(s) 'example_bash_decorator' retrieved from /home/airflow/.local/lib/python3.12/site-packages/airflow/example_dags/example_bash_decorator.py
[2026-02-23T08:24:44.645+0000] {logging_mixin.py:190} INFO - [2026-02-23T08:24:44.644+0000] {dag.py:3239} INFO - Sync 1 DAGs
[2026-02-23T08:24:44.677+0000] {logging_mixin.py:190} INFO - [2026-02-23T08:24:44.677+0000] {dag.py:4180} INFO - Setting next_dagrun for example_bash_decorator to None, run_after=None
[2026-02-23T08:24:44.723+0000] {processor.py:208} INFO - Processing /home/airflow/.local/lib/python3.12/site-packages/airflow/example_dags/example_bash_decorator.py took 0.186 seconds
[2026-02-23T08:25:15.613+0000] {processor.py:186} INFO - Started process (PID=189) to work on /home/airflow/.local/lib/python3.12/site-packages/airflow/example_dags/example_bash_decorator.py
[2026-02-23T08:25:15.617+0000] {processor.py:914} INFO - Processing file /home/airflow/.local/lib/python3.12/site-packages/airflow/example_dags/example_bash_decorator.py for tasks to queue
[2026-02-23T08:25:15.623+0000] {logging_mixin.py:190} INFO - [2026-02-23T08:25:15.622+0000] {dagbag.py:588} INFO - Filling up the DagBag from /home/airflow/.local/lib/python3.12/site-packages/airflow/example_dags/example_bash_decorator.py
[2026-02-23T08:25:15.664+0000] {processor.py:925} INFO - DAG(s) 'example_bash_decorator' retrieved from /home/airflow/.local/lib/python3.12/site-packages/airflow/example_dags/example_bash_decorator.py
[2026-02-23T08:25:15.733+0000] {logging_mixin.py:190} INFO - [2026-02-23T08:25:15.733+0000] {dag.py:3239} INFO - Sync 1 DAGs
[2026-02-23T08:25:15.791+0000] {logging_mixin.py:190} INFO - [2026-02-23T08:25:15.790+0000] {dag.py:4180} INFO - Setting next_dagrun for example_bash_decorator to None, run_after=None
[2026-02-23T08:25:15.860+0000] {processor.py:208} INFO - Processing /home/airflow/.local/lib/python3.12/site-packages/airflow/example_dags/example_bash_decorator.py took 0.262 seconds
[2026-02-23T08:25:46.535+0000] {processor.py:186} INFO - Started process (PID=254) to work on /home/airflow/.local/lib/python3.12/site-packages/airflow/example_dags/example_bash_decorator.py
[2026-02-23T08:25:46.537+0000] {processor.py:914} INFO - Processing file /home/airflow/.local/lib/python3.12/site-packages/airflow/example_dags/example_bash_decorator.py for tasks to queue
[2026-02-23T08:25:46.542+0000] {logging_mixin.py:190} INFO - [2026-02-23T08:25:46.541+0000] {dagbag.py:588} INFO - Filling up the DagBag from /home/airflow/.local/lib/python3.12/site-packages/airflow/example_dags/example_bash_decorator.py
[2026-02-23T08:25:46.568+0000] {processor.py:925} INFO - DAG(s) 'example_bash_decorator' retrieved from /home/airflow/.local/lib/python3.12/site-packages/airflow/example_dags/example_bash_decorator.py
[2026-02-23T08:25:46.609+0000] {logging_mixin.py:190} INFO - [2026-02-23T08:25:46.608+0000] {dag.py:3239} INFO - Sync 1 DAGs
[2026-02-23T08:25:46.632+0000] {logging_mixin.py:190} INFO - [2026-02-23T08:25:46.632+0000] {dag.py:4180} INFO - Setting next_dagrun for example_bash_decorator to None, run_after=None
[2026-02-23T08:25:46.663+0000] {processor.py:208} INFO - Processing /home/airflow/.local/lib/python3.12/site-packages/airflow/example_dags/example_bash_decorator.py took 0.137 seconds
[2026-02-23T08:26:17.526+0000] {processor.py:186} INFO - Started process (PID=319) to work on /home/airflow/.local/lib/python3.12/site-packages/airflow/example_dags/example_bash_decorator.py
[2026-02-23T08:26:17.530+0000] {processor.py:914} INFO - Processing file /home/airflow/.local/lib/python3.12/site-packages/airflow/example_dags/example_bash_decorator.py for tasks to queue
[2026-02-23T08:26:17.542+0000] {logging_mixin.py:190} INFO - [2026-02-23T08:26:17.540+0000] {dagbag.py:588} INFO - Filling up the DagBag from /home/airflow/.local/lib/python3.12/site-packages/airflow/example_dags/example_bash_decorator.py
[2026-02-23T08:26:17.610+0000] {processor.py:925} INFO - DAG(s) 'example_bash_decorator' retrieved from /home/airflow/.local/lib/python3.12/site-packages/airflow/example_dags/example_bash_decorator.py
[2026-02-23T08:26:17.708+0000] {logging_mixin.py:190} INFO - [2026-02-23T08:26:17.707+0000] {dag.py:3239} INFO - Sync 1 DAGs
[2026-02-23T08:26:17.769+0000] {logging_mixin.py:190} INFO - [2026-02-23T08:26:17.768+0000] {dag.py:4180} INFO - Setting next_dagrun for example_bash_decorator to None, run_after=None
[2026-02-23T08:26:17.850+0000] {processor.py:208} INFO - Processing /home/airflow/.local/lib/python3.12/site-packages/airflow/example_dags/example_bash_decorator.py took 0.347 seconds
[2026-02-23T08:26:47.962+0000] {processor.py:186} INFO - Started process (PID=384) to work on /home/airflow/.local/lib/python3.12/site-packages/airflow/example_dags/example_bash_decorator.py
[2026-02-23T08:26:47.965+0000] {processor.py:914} INFO - Processing file /home/airflow/.local/lib/python3.12/site-packages/airflow/example_dags/example_bash_decorator.py for tasks to queue
[2026-02-23T08:26:47.970+0000] {logging_mixin.py:190} INFO - [2026-02-23T08:26:47.969+0000] {dagbag.py:588} INFO - Filling up the DagBag from /home/airflow/.local/lib/python3.12/site-packages/airflow/example_dags/example_bash_decorator.py
[2026-02-23T08:26:48.002+0000] {processor.py:925} INFO - DAG(s) 'example_bash_decorator' retrieved from /home/airflow/.local/lib/python3.12/site-packages/airflow/example_dags/example_bash_decorator.py
[2026-02-23T08:26:48.051+0000] {logging_mixin.py:190} INFO - [2026-02-23T08:26:48.050+0000] {dag.py:3239} INFO - Sync 1 DAGs
[2026-02-23T08:26:48.082+0000] {logging_mixin.py:190} INFO - [2026-02-23T08:26:48.082+0000] {dag.py:4180} INFO - Setting next_dagrun for example_bash_decorator to None, run_after=None
[2026-02-23T08:26:48.130+0000] {processor.py:208} INFO - Processing /home/airflow/.local/lib/python3.12/site-packages/airflow/example_dags/example_bash_decorator.py took 0.181 seconds
[2026-02-23T08:31:08.057+0000] {processor.py:186} INFO - Started process (PID=77) to work on /home/airflow/.local/lib/python3.12/site-packages/airflow/example_dags/example_bash_decorator.py
[2026-02-23T08:31:08.071+0000] {processor.py:914} INFO - Processing file /home/airflow/.local/lib/python3.12/site-packages/airflow/example_dags/example_bash_decorator.py for tasks to queue
[2026-02-23T08:31:08.133+0000] {logging_mixin.py:190} INFO - [2026-02-23T08:31:08.130+0000] {dagbag.py:588} INFO - Filling up the DagBag from /home/airflow/.local/lib/python3.12/site-packages/airflow/example_dags/example_bash_decorator.py
[2026-02-23T08:31:08.359+0000] {processor.py:925} INFO - DAG(s) 'example_bash_decorator' retrieved from /home/airflow/.local/lib/python3.12/site-packages/airflow/example_dags/example_bash_decorator.py
[2026-02-23T08:31:09.823+0000] {logging_mixin.py:190} INFO - [2026-02-23T08:31:09.822+0000] {dag.py:3239} INFO - Sync 1 DAGs
[2026-02-23T08:31:09.967+0000] {logging_mixin.py:190} INFO - [2026-02-23T08:31:09.965+0000] {dag.py:4180} INFO - Setting next_dagrun for example_bash_decorator to None, run_after=None
[2026-02-23T08:31:10.171+0000] {processor.py:208} INFO - Processing /home/airflow/.local/lib/python3.12/site-packages/airflow/example_dags/example_bash_decorator.py took 2.208 seconds
[2026-02-23T08:32:21.109+0000] {processor.py:186} INFO - Started process (PID=155) to work on /home/airflow/.local/lib/python3.12/site-packages/airflow/example_dags/example_bash_decorator.py
[2026-02-23T08:32:21.112+0000] {processor.py:914} INFO - Processing file /home/airflow/.local/lib/python3.12/site-packages/airflow/example_dags/example_bash_decorator.py for tasks to queue
[2026-02-23T08:32:21.117+0000] {logging_mixin.py:190} INFO - [2026-02-23T08:32:21.116+0000] {dagbag.py:588} INFO - Filling up the DagBag from /home/airflow/.local/lib/python3.12/site-packages/airflow/example_dags/example_bash_decorator.py
[2026-02-23T08:32:21.149+0000] {processor.py:925} INFO - DAG(s) 'example_bash_decorator' retrieved from /home/airflow/.local/lib/python3.12/site-packages/airflow/example_dags/example_bash_decorator.py
[2026-02-23T08:32:21.201+0000] {logging_mixin.py:190} INFO - [2026-02-23T08:32:21.200+0000] {dag.py:3239} INFO - Sync 1 DAGs
[2026-02-23T08:32:21.233+0000] {logging_mixin.py:190} INFO - [2026-02-23T08:32:21.232+0000] {dag.py:4180} INFO - Setting next_dagrun for example_bash_decorator to None, run_after=None
[2026-02-23T08:32:21.273+0000] {processor.py:208} INFO - Processing /home/airflow/.local/lib/python3.12/site-packages/airflow/example_dags/example_bash_decorator.py took 0.175 seconds
[2026-02-23T15:42:14.898+0000] {processor.py:186} INFO - Started process (PID=194) to work on /home/airflow/.local/lib/python3.12/site-packages/airflow/example_dags/example_bash_decorator.py
[2026-02-23T15:42:14.900+0000] {processor.py:914} INFO - Processing file /home/airflow/.local/lib/python3.12/site-packages/airflow/example_dags/example_bash_decorator.py for tasks to queue
[2026-02-23T15:42:14.903+0000] {logging_mixin.py:190} INFO - [2026-02-23T15:42:14.902+0000] {dagbag.py:588} INFO - Filling up the DagBag from /home/airflow/.local/lib/python3.12/site-packages/airflow/example_dags/example_bash_decorator.py
[2026-02-23T15:42:14.935+0000] {processor.py:925} INFO - DAG(s) 'example_bash_decorator' retrieved from /home/airflow/.local/lib/python3.12/site-packages/airflow/example_dags/example_bash_decorator.py
[2026-02-23T15:42:15.026+0000] {logging_mixin.py:190} INFO - [2026-02-23T15:42:15.025+0000] {dag.py:3239} INFO - Sync 1 DAGs
[2026-02-23T15:42:15.060+0000] {logging_mixin.py:190} INFO - [2026-02-23T15:42:15.059+0000] {dag.py:4180} INFO - Setting next_dagrun for example_bash_decorator to None, run_after=None
[2026-02-23T15:42:15.158+0000] {processor.py:208} INFO - Processing /home/airflow/.local/lib/python3.12/site-packages/airflow/example_dags/example_bash_decorator.py took 0.272 seconds
[2026-02-23T15:42:46.134+0000] {processor.py:186} INFO - Started process (PID=259) to work on /home/airflow/.local/lib/python3.12/site-packages/airflow/example_dags/example_bash_decorator.py
[2026-02-23T15:42:46.136+0000] {processor.py:914} INFO - Processing file /home/airflow/.local/lib/python3.12/site-packages/airflow/example_dags/example_bash_decorator.py for tasks to queue
[2026-02-23T15:42:46.139+0000] {logging_mixin.py:190} INFO - [2026-02-23T15:42:46.138+0000] {dagbag.py:588} INFO - Filling up the DagBag from /home/airflow/.local/lib/python3.12/site-packages/airflow/example_dags/example_bash_decorator.py
[2026-02-23T15:42:46.159+0000] {processor.py:925} INFO - DAG(s) 'example_bash_decorator' retrieved from /home/airflow/.local/lib/python3.12/site-packages/airflow/example_dags/example_bash_decorator.py
[2026-02-23T15:42:46.191+0000] {logging_mixin.py:190} INFO - [2026-02-23T15:42:46.191+0000] {dag.py:3239} INFO - Sync 1 DAGs
[2026-02-23T15:42:46.210+0000] {logging_mixin.py:190} INFO - [2026-02-23T15:42:46.209+0000] {dag.py:4180} INFO - Setting next_dagrun for example_bash_decorator to None, run_after=None
[2026-02-23T15:42:46.236+0000] {processor.py:208} INFO - Processing /home/airflow/.local/lib/python3.12/site-packages/airflow/example_dags/example_bash_decorator.py took 0.109 seconds
