[2026-02-23T07:42:11.365+0000] {processor.py:186} INFO - Started process (PID=3343) to work on /home/airflow/.local/lib/python3.12/site-packages/airflow/example_dags/example_branch_labels.py
[2026-02-23T07:42:11.368+0000] {processor.py:914} INFO - Processing file /home/airflow/.local/lib/python3.12/site-packages/airflow/example_dags/example_branch_labels.py for tasks to queue
[2026-02-23T07:42:11.372+0000] {logging_mixin.py:190} INFO - [2026-02-23T07:42:11.371+0000] {dagbag.py:588} INFO - Filling up the DagBag from /home/airflow/.local/lib/python3.12/site-packages/airflow/example_dags/example_branch_labels.py
[2026-02-23T07:42:11.391+0000] {processor.py:925} INFO - DAG(s) 'example_branch_labels' retrieved from /home/airflow/.local/lib/python3.12/site-packages/airflow/example_dags/example_branch_labels.py
[2026-02-23T07:42:11.457+0000] {logging_mixin.py:190} INFO - [2026-02-23T07:42:11.457+0000] {dag.py:3239} INFO - Sync 1 DAGs
[2026-02-23T07:42:11.523+0000] {logging_mixin.py:190} INFO - [2026-02-23T07:42:11.522+0000] {dag.py:4180} INFO - Setting next_dagrun for example_branch_labels to 2026-02-22 00:00:00+00:00, run_after=2026-02-23 00:00:00+00:00
[2026-02-23T07:42:11.578+0000] {processor.py:208} INFO - Processing /home/airflow/.local/lib/python3.12/site-packages/airflow/example_dags/example_branch_labels.py took 0.226 seconds
[2026-02-23T07:42:42.074+0000] {processor.py:186} INFO - Started process (PID=3407) to work on /home/airflow/.local/lib/python3.12/site-packages/airflow/example_dags/example_branch_labels.py
[2026-02-23T07:42:42.076+0000] {processor.py:914} INFO - Processing file /home/airflow/.local/lib/python3.12/site-packages/airflow/example_dags/example_branch_labels.py for tasks to queue
[2026-02-23T07:42:42.080+0000] {logging_mixin.py:190} INFO - [2026-02-23T07:42:42.079+0000] {dagbag.py:588} INFO - Filling up the DagBag from /home/airflow/.local/lib/python3.12/site-packages/airflow/example_dags/example_branch_labels.py
[2026-02-23T07:42:42.096+0000] {processor.py:925} INFO - DAG(s) 'example_branch_labels' retrieved from /home/airflow/.local/lib/python3.12/site-packages/airflow/example_dags/example_branch_labels.py
[2026-02-23T07:42:42.140+0000] {logging_mixin.py:190} INFO - [2026-02-23T07:42:42.140+0000] {dag.py:3239} INFO - Sync 1 DAGs
[2026-02-23T07:42:42.189+0000] {logging_mixin.py:190} INFO - [2026-02-23T07:42:42.188+0000] {dag.py:4180} INFO - Setting next_dagrun for example_branch_labels to 2026-02-22 00:00:00+00:00, run_after=2026-02-23 00:00:00+00:00
[2026-02-23T07:42:42.228+0000] {processor.py:208} INFO - Processing /home/airflow/.local/lib/python3.12/site-packages/airflow/example_dags/example_branch_labels.py took 0.168 seconds
[2026-02-23T07:43:47.503+0000] {processor.py:186} INFO - Started process (PID=3500) to work on /home/airflow/.local/lib/python3.12/site-packages/airflow/example_dags/example_branch_labels.py
[2026-02-23T07:43:47.508+0000] {processor.py:914} INFO - Processing file /home/airflow/.local/lib/python3.12/site-packages/airflow/example_dags/example_branch_labels.py for tasks to queue
[2026-02-23T07:43:47.521+0000] {logging_mixin.py:190} INFO - [2026-02-23T07:43:47.519+0000] {dagbag.py:588} INFO - Filling up the DagBag from /home/airflow/.local/lib/python3.12/site-packages/airflow/example_dags/example_branch_labels.py
[2026-02-23T07:43:47.555+0000] {processor.py:925} INFO - DAG(s) 'example_branch_labels' retrieved from /home/airflow/.local/lib/python3.12/site-packages/airflow/example_dags/example_branch_labels.py
[2026-02-23T07:43:47.663+0000] {logging_mixin.py:190} INFO - [2026-02-23T07:43:47.662+0000] {dag.py:3239} INFO - Sync 1 DAGs
[2026-02-23T07:43:47.760+0000] {logging_mixin.py:190} INFO - [2026-02-23T07:43:47.759+0000] {dag.py:4180} INFO - Setting next_dagrun for example_branch_labels to 2026-02-22 00:00:00+00:00, run_after=2026-02-23 00:00:00+00:00
[2026-02-23T07:43:47.844+0000] {processor.py:208} INFO - Processing /home/airflow/.local/lib/python3.12/site-packages/airflow/example_dags/example_branch_labels.py took 0.381 seconds
[2026-02-23T08:18:02.014+0000] {processor.py:186} INFO - Started process (PID=91) to work on /home/airflow/.local/lib/python3.12/site-packages/airflow/example_dags/example_branch_labels.py
[2026-02-23T08:18:02.017+0000] {processor.py:914} INFO - Processing file /home/airflow/.local/lib/python3.12/site-packages/airflow/example_dags/example_branch_labels.py for tasks to queue
[2026-02-23T08:18:02.024+0000] {logging_mixin.py:190} INFO - [2026-02-23T08:18:02.023+0000] {dagbag.py:588} INFO - Filling up the DagBag from /home/airflow/.local/lib/python3.12/site-packages/airflow/example_dags/example_branch_labels.py
[2026-02-23T08:18:02.048+0000] {processor.py:925} INFO - DAG(s) 'example_branch_labels' retrieved from /home/airflow/.local/lib/python3.12/site-packages/airflow/example_dags/example_branch_labels.py
[2026-02-23T08:18:02.104+0000] {logging_mixin.py:190} INFO - [2026-02-23T08:18:02.103+0000] {dag.py:3239} INFO - Sync 1 DAGs
[2026-02-23T08:18:02.172+0000] {logging_mixin.py:190} INFO - [2026-02-23T08:18:02.171+0000] {dag.py:4180} INFO - Setting next_dagrun for example_branch_labels to 2026-02-22 00:00:00+00:00, run_after=2026-02-23 00:00:00+00:00
[2026-02-23T08:18:02.237+0000] {processor.py:208} INFO - Processing /home/airflow/.local/lib/python3.12/site-packages/airflow/example_dags/example_branch_labels.py took 0.240 seconds
[2026-02-23T08:18:36.049+0000] {processor.py:186} INFO - Started process (PID=156) to work on /home/airflow/.local/lib/python3.12/site-packages/airflow/example_dags/example_branch_labels.py
[2026-02-23T08:18:36.053+0000] {processor.py:914} INFO - Processing file /home/airflow/.local/lib/python3.12/site-packages/airflow/example_dags/example_branch_labels.py for tasks to queue
[2026-02-23T08:18:36.063+0000] {logging_mixin.py:190} INFO - [2026-02-23T08:18:36.061+0000] {dagbag.py:588} INFO - Filling up the DagBag from /home/airflow/.local/lib/python3.12/site-packages/airflow/example_dags/example_branch_labels.py
[2026-02-23T08:18:36.105+0000] {processor.py:925} INFO - DAG(s) 'example_branch_labels' retrieved from /home/airflow/.local/lib/python3.12/site-packages/airflow/example_dags/example_branch_labels.py
[2026-02-23T08:18:36.199+0000] {logging_mixin.py:190} INFO - [2026-02-23T08:18:36.198+0000] {dag.py:3239} INFO - Sync 1 DAGs
[2026-02-23T08:18:36.344+0000] {logging_mixin.py:190} INFO - [2026-02-23T08:18:36.343+0000] {dag.py:4180} INFO - Setting next_dagrun for example_branch_labels to 2026-02-22 00:00:00+00:00, run_after=2026-02-23 00:00:00+00:00
[2026-02-23T08:18:36.451+0000] {processor.py:208} INFO - Processing /home/airflow/.local/lib/python3.12/site-packages/airflow/example_dags/example_branch_labels.py took 0.425 seconds
[2026-02-23T08:19:08.813+0000] {processor.py:186} INFO - Started process (PID=220) to work on /home/airflow/.local/lib/python3.12/site-packages/airflow/example_dags/example_branch_labels.py
[2026-02-23T08:19:08.818+0000] {processor.py:914} INFO - Processing file /home/airflow/.local/lib/python3.12/site-packages/airflow/example_dags/example_branch_labels.py for tasks to queue
[2026-02-23T08:19:08.828+0000] {logging_mixin.py:190} INFO - [2026-02-23T08:19:08.826+0000] {dagbag.py:588} INFO - Filling up the DagBag from /home/airflow/.local/lib/python3.12/site-packages/airflow/example_dags/example_branch_labels.py
[2026-02-23T08:19:08.879+0000] {processor.py:925} INFO - DAG(s) 'example_branch_labels' retrieved from /home/airflow/.local/lib/python3.12/site-packages/airflow/example_dags/example_branch_labels.py
[2026-02-23T08:19:08.979+0000] {logging_mixin.py:190} INFO - [2026-02-23T08:19:08.978+0000] {dag.py:3239} INFO - Sync 1 DAGs
[2026-02-23T08:19:09.085+0000] {logging_mixin.py:190} INFO - [2026-02-23T08:19:09.084+0000] {dag.py:4180} INFO - Setting next_dagrun for example_branch_labels to 2026-02-22 00:00:00+00:00, run_after=2026-02-23 00:00:00+00:00
[2026-02-23T08:19:09.150+0000] {processor.py:208} INFO - Processing /home/airflow/.local/lib/python3.12/site-packages/airflow/example_dags/example_branch_labels.py took 0.367 seconds
[2026-02-23T08:19:39.327+0000] {processor.py:186} INFO - Started process (PID=284) to work on /home/airflow/.local/lib/python3.12/site-packages/airflow/example_dags/example_branch_labels.py
[2026-02-23T08:19:39.330+0000] {processor.py:914} INFO - Processing file /home/airflow/.local/lib/python3.12/site-packages/airflow/example_dags/example_branch_labels.py for tasks to queue
[2026-02-23T08:19:39.336+0000] {logging_mixin.py:190} INFO - [2026-02-23T08:19:39.335+0000] {dagbag.py:588} INFO - Filling up the DagBag from /home/airflow/.local/lib/python3.12/site-packages/airflow/example_dags/example_branch_labels.py
[2026-02-23T08:19:39.362+0000] {processor.py:925} INFO - DAG(s) 'example_branch_labels' retrieved from /home/airflow/.local/lib/python3.12/site-packages/airflow/example_dags/example_branch_labels.py
[2026-02-23T08:19:39.416+0000] {logging_mixin.py:190} INFO - [2026-02-23T08:19:39.416+0000] {dag.py:3239} INFO - Sync 1 DAGs
[2026-02-23T08:19:39.486+0000] {logging_mixin.py:190} INFO - [2026-02-23T08:19:39.485+0000] {dag.py:4180} INFO - Setting next_dagrun for example_branch_labels to 2026-02-22 00:00:00+00:00, run_after=2026-02-23 00:00:00+00:00
[2026-02-23T08:19:39.567+0000] {processor.py:208} INFO - Processing /home/airflow/.local/lib/python3.12/site-packages/airflow/example_dags/example_branch_labels.py took 0.256 seconds
[2026-02-23T08:20:10.448+0000] {processor.py:186} INFO - Started process (PID=349) to work on /home/airflow/.local/lib/python3.12/site-packages/airflow/example_dags/example_branch_labels.py
[2026-02-23T08:20:10.451+0000] {processor.py:914} INFO - Processing file /home/airflow/.local/lib/python3.12/site-packages/airflow/example_dags/example_branch_labels.py for tasks to queue
[2026-02-23T08:20:10.459+0000] {logging_mixin.py:190} INFO - [2026-02-23T08:20:10.458+0000] {dagbag.py:588} INFO - Filling up the DagBag from /home/airflow/.local/lib/python3.12/site-packages/airflow/example_dags/example_branch_labels.py
[2026-02-23T08:20:10.486+0000] {processor.py:925} INFO - DAG(s) 'example_branch_labels' retrieved from /home/airflow/.local/lib/python3.12/site-packages/airflow/example_dags/example_branch_labels.py
[2026-02-23T08:20:10.532+0000] {logging_mixin.py:190} INFO - [2026-02-23T08:20:10.532+0000] {dag.py:3239} INFO - Sync 1 DAGs
[2026-02-23T08:20:10.597+0000] {logging_mixin.py:190} INFO - [2026-02-23T08:20:10.597+0000] {dag.py:4180} INFO - Setting next_dagrun for example_branch_labels to 2026-02-22 00:00:00+00:00, run_after=2026-02-23 00:00:00+00:00
[2026-02-23T08:20:10.644+0000] {processor.py:208} INFO - Processing /home/airflow/.local/lib/python3.12/site-packages/airflow/example_dags/example_branch_labels.py took 0.212 seconds
[2026-02-23T08:20:41.324+0000] {processor.py:186} INFO - Started process (PID=414) to work on /home/airflow/.local/lib/python3.12/site-packages/airflow/example_dags/example_branch_labels.py
[2026-02-23T08:20:41.327+0000] {processor.py:914} INFO - Processing file /home/airflow/.local/lib/python3.12/site-packages/airflow/example_dags/example_branch_labels.py for tasks to queue
[2026-02-23T08:20:41.334+0000] {logging_mixin.py:190} INFO - [2026-02-23T08:20:41.333+0000] {dagbag.py:588} INFO - Filling up the DagBag from /home/airflow/.local/lib/python3.12/site-packages/airflow/example_dags/example_branch_labels.py
[2026-02-23T08:20:41.358+0000] {processor.py:925} INFO - DAG(s) 'example_branch_labels' retrieved from /home/airflow/.local/lib/python3.12/site-packages/airflow/example_dags/example_branch_labels.py
[2026-02-23T08:20:41.407+0000] {logging_mixin.py:190} INFO - [2026-02-23T08:20:41.407+0000] {dag.py:3239} INFO - Sync 1 DAGs
[2026-02-23T08:20:41.464+0000] {logging_mixin.py:190} INFO - [2026-02-23T08:20:41.463+0000] {dag.py:4180} INFO - Setting next_dagrun for example_branch_labels to 2026-02-22 00:00:00+00:00, run_after=2026-02-23 00:00:00+00:00
[2026-02-23T08:20:41.509+0000] {processor.py:208} INFO - Processing /home/airflow/.local/lib/python3.12/site-packages/airflow/example_dags/example_branch_labels.py took 0.200 seconds
[2026-02-23T08:21:12.147+0000] {processor.py:186} INFO - Started process (PID=483) to work on /home/airflow/.local/lib/python3.12/site-packages/airflow/example_dags/example_branch_labels.py
[2026-02-23T08:21:12.152+0000] {processor.py:914} INFO - Processing file /home/airflow/.local/lib/python3.12/site-packages/airflow/example_dags/example_branch_labels.py for tasks to queue
[2026-02-23T08:21:12.163+0000] {logging_mixin.py:190} INFO - [2026-02-23T08:21:12.161+0000] {dagbag.py:588} INFO - Filling up the DagBag from /home/airflow/.local/lib/python3.12/site-packages/airflow/example_dags/example_branch_labels.py
[2026-02-23T08:21:12.219+0000] {processor.py:925} INFO - DAG(s) 'example_branch_labels' retrieved from /home/airflow/.local/lib/python3.12/site-packages/airflow/example_dags/example_branch_labels.py
[2026-02-23T08:21:12.316+0000] {logging_mixin.py:190} INFO - [2026-02-23T08:21:12.315+0000] {dag.py:3239} INFO - Sync 1 DAGs
[2026-02-23T08:21:12.450+0000] {logging_mixin.py:190} INFO - [2026-02-23T08:21:12.449+0000] {dag.py:4180} INFO - Setting next_dagrun for example_branch_labels to 2026-02-22 00:00:00+00:00, run_after=2026-02-23 00:00:00+00:00
[2026-02-23T08:21:12.521+0000] {processor.py:208} INFO - Processing /home/airflow/.local/lib/python3.12/site-packages/airflow/example_dags/example_branch_labels.py took 0.402 seconds
[2026-02-23T08:21:42.647+0000] {processor.py:186} INFO - Started process (PID=548) to work on /home/airflow/.local/lib/python3.12/site-packages/airflow/example_dags/example_branch_labels.py
[2026-02-23T08:21:42.649+0000] {processor.py:914} INFO - Processing file /home/airflow/.local/lib/python3.12/site-packages/airflow/example_dags/example_branch_labels.py for tasks to queue
[2026-02-23T08:21:42.652+0000] {logging_mixin.py:190} INFO - [2026-02-23T08:21:42.651+0000] {dagbag.py:588} INFO - Filling up the DagBag from /home/airflow/.local/lib/python3.12/site-packages/airflow/example_dags/example_branch_labels.py
[2026-02-23T08:21:42.665+0000] {processor.py:925} INFO - DAG(s) 'example_branch_labels' retrieved from /home/airflow/.local/lib/python3.12/site-packages/airflow/example_dags/example_branch_labels.py
[2026-02-23T08:21:42.685+0000] {logging_mixin.py:190} INFO - [2026-02-23T08:21:42.685+0000] {dag.py:3239} INFO - Sync 1 DAGs
[2026-02-23T08:21:42.709+0000] {logging_mixin.py:190} INFO - [2026-02-23T08:21:42.709+0000] {dag.py:4180} INFO - Setting next_dagrun for example_branch_labels to 2026-02-22 00:00:00+00:00, run_after=2026-02-23 00:00:00+00:00
[2026-02-23T08:21:42.727+0000] {processor.py:208} INFO - Processing /home/airflow/.local/lib/python3.12/site-packages/airflow/example_dags/example_branch_labels.py took 0.088 seconds
[2026-02-23T08:22:13.009+0000] {processor.py:186} INFO - Started process (PID=613) to work on /home/airflow/.local/lib/python3.12/site-packages/airflow/example_dags/example_branch_labels.py
[2026-02-23T08:22:13.012+0000] {processor.py:914} INFO - Processing file /home/airflow/.local/lib/python3.12/site-packages/airflow/example_dags/example_branch_labels.py for tasks to queue
[2026-02-23T08:22:13.019+0000] {logging_mixin.py:190} INFO - [2026-02-23T08:22:13.018+0000] {dagbag.py:588} INFO - Filling up the DagBag from /home/airflow/.local/lib/python3.12/site-packages/airflow/example_dags/example_branch_labels.py
[2026-02-23T08:22:13.051+0000] {processor.py:925} INFO - DAG(s) 'example_branch_labels' retrieved from /home/airflow/.local/lib/python3.12/site-packages/airflow/example_dags/example_branch_labels.py
[2026-02-23T08:22:13.103+0000] {logging_mixin.py:190} INFO - [2026-02-23T08:22:13.103+0000] {dag.py:3239} INFO - Sync 1 DAGs
[2026-02-23T08:22:13.165+0000] {logging_mixin.py:190} INFO - [2026-02-23T08:22:13.164+0000] {dag.py:4180} INFO - Setting next_dagrun for example_branch_labels to 2026-02-22 00:00:00+00:00, run_after=2026-02-23 00:00:00+00:00
[2026-02-23T08:22:13.214+0000] {processor.py:208} INFO - Processing /home/airflow/.local/lib/python3.12/site-packages/airflow/example_dags/example_branch_labels.py took 0.221 seconds
[2026-02-23T08:24:24.005+0000] {processor.py:186} INFO - Started process (PID=86) to work on /home/airflow/.local/lib/python3.12/site-packages/airflow/example_dags/example_branch_labels.py
[2026-02-23T08:24:24.012+0000] {processor.py:914} INFO - Processing file /home/airflow/.local/lib/python3.12/site-packages/airflow/example_dags/example_branch_labels.py for tasks to queue
[2026-02-23T08:24:24.020+0000] {logging_mixin.py:190} INFO - [2026-02-23T08:24:24.019+0000] {dagbag.py:588} INFO - Filling up the DagBag from /home/airflow/.local/lib/python3.12/site-packages/airflow/example_dags/example_branch_labels.py
[2026-02-23T08:24:24.051+0000] {processor.py:925} INFO - DAG(s) 'example_branch_labels' retrieved from /home/airflow/.local/lib/python3.12/site-packages/airflow/example_dags/example_branch_labels.py
[2026-02-23T08:24:24.111+0000] {logging_mixin.py:190} INFO - [2026-02-23T08:24:24.110+0000] {dag.py:3239} INFO - Sync 1 DAGs
[2026-02-23T08:24:24.182+0000] {logging_mixin.py:190} INFO - [2026-02-23T08:24:24.181+0000] {dag.py:4180} INFO - Setting next_dagrun for example_branch_labels to 2026-02-22 00:00:00+00:00, run_after=2026-02-23 00:00:00+00:00
[2026-02-23T08:24:24.247+0000] {processor.py:208} INFO - Processing /home/airflow/.local/lib/python3.12/site-packages/airflow/example_dags/example_branch_labels.py took 0.259 seconds
[2026-02-23T08:24:54.900+0000] {processor.py:186} INFO - Started process (PID=150) to work on /home/airflow/.local/lib/python3.12/site-packages/airflow/example_dags/example_branch_labels.py
[2026-02-23T08:24:54.904+0000] {processor.py:914} INFO - Processing file /home/airflow/.local/lib/python3.12/site-packages/airflow/example_dags/example_branch_labels.py for tasks to queue
[2026-02-23T08:24:54.909+0000] {logging_mixin.py:190} INFO - [2026-02-23T08:24:54.908+0000] {dagbag.py:588} INFO - Filling up the DagBag from /home/airflow/.local/lib/python3.12/site-packages/airflow/example_dags/example_branch_labels.py
[2026-02-23T08:24:54.930+0000] {processor.py:925} INFO - DAG(s) 'example_branch_labels' retrieved from /home/airflow/.local/lib/python3.12/site-packages/airflow/example_dags/example_branch_labels.py
[2026-02-23T08:24:54.969+0000] {logging_mixin.py:190} INFO - [2026-02-23T08:24:54.969+0000] {dag.py:3239} INFO - Sync 1 DAGs
[2026-02-23T08:24:55.019+0000] {logging_mixin.py:190} INFO - [2026-02-23T08:24:55.019+0000] {dag.py:4180} INFO - Setting next_dagrun for example_branch_labels to 2026-02-22 00:00:00+00:00, run_after=2026-02-23 00:00:00+00:00
[2026-02-23T08:24:55.060+0000] {processor.py:208} INFO - Processing /home/airflow/.local/lib/python3.12/site-packages/airflow/example_dags/example_branch_labels.py took 0.172 seconds
[2026-02-23T08:25:27.911+0000] {processor.py:186} INFO - Started process (PID=215) to work on /home/airflow/.local/lib/python3.12/site-packages/airflow/example_dags/example_branch_labels.py
[2026-02-23T08:25:27.914+0000] {processor.py:914} INFO - Processing file /home/airflow/.local/lib/python3.12/site-packages/airflow/example_dags/example_branch_labels.py for tasks to queue
[2026-02-23T08:25:27.921+0000] {logging_mixin.py:190} INFO - [2026-02-23T08:25:27.920+0000] {dagbag.py:588} INFO - Filling up the DagBag from /home/airflow/.local/lib/python3.12/site-packages/airflow/example_dags/example_branch_labels.py
[2026-02-23T08:25:27.953+0000] {processor.py:925} INFO - DAG(s) 'example_branch_labels' retrieved from /home/airflow/.local/lib/python3.12/site-packages/airflow/example_dags/example_branch_labels.py
[2026-02-23T08:25:28.016+0000] {logging_mixin.py:190} INFO - [2026-02-23T08:25:28.015+0000] {dag.py:3239} INFO - Sync 1 DAGs
[2026-02-23T08:25:28.114+0000] {logging_mixin.py:190} INFO - [2026-02-23T08:25:28.113+0000] {dag.py:4180} INFO - Setting next_dagrun for example_branch_labels to 2026-02-22 00:00:00+00:00, run_after=2026-02-23 00:00:00+00:00
[2026-02-23T08:25:28.184+0000] {processor.py:208} INFO - Processing /home/airflow/.local/lib/python3.12/site-packages/airflow/example_dags/example_branch_labels.py took 0.295 seconds
[2026-02-23T08:25:59.965+0000] {processor.py:186} INFO - Started process (PID=280) to work on /home/airflow/.local/lib/python3.12/site-packages/airflow/example_dags/example_branch_labels.py
[2026-02-23T08:25:59.970+0000] {processor.py:914} INFO - Processing file /home/airflow/.local/lib/python3.12/site-packages/airflow/example_dags/example_branch_labels.py for tasks to queue
[2026-02-23T08:25:59.980+0000] {logging_mixin.py:190} INFO - [2026-02-23T08:25:59.979+0000] {dagbag.py:588} INFO - Filling up the DagBag from /home/airflow/.local/lib/python3.12/site-packages/airflow/example_dags/example_branch_labels.py
[2026-02-23T08:26:00.025+0000] {processor.py:925} INFO - DAG(s) 'example_branch_labels' retrieved from /home/airflow/.local/lib/python3.12/site-packages/airflow/example_dags/example_branch_labels.py
[2026-02-23T08:26:00.115+0000] {logging_mixin.py:190} INFO - [2026-02-23T08:26:00.114+0000] {dag.py:3239} INFO - Sync 1 DAGs
[2026-02-23T08:26:00.222+0000] {logging_mixin.py:190} INFO - [2026-02-23T08:26:00.222+0000] {dag.py:4180} INFO - Setting next_dagrun for example_branch_labels to 2026-02-22 00:00:00+00:00, run_after=2026-02-23 00:00:00+00:00
[2026-02-23T08:26:00.292+0000] {processor.py:208} INFO - Processing /home/airflow/.local/lib/python3.12/site-packages/airflow/example_dags/example_branch_labels.py took 0.349 seconds
[2026-02-23T08:26:30.809+0000] {processor.py:186} INFO - Started process (PID=351) to work on /home/airflow/.local/lib/python3.12/site-packages/airflow/example_dags/example_branch_labels.py
[2026-02-23T08:26:30.811+0000] {processor.py:914} INFO - Processing file /home/airflow/.local/lib/python3.12/site-packages/airflow/example_dags/example_branch_labels.py for tasks to queue
[2026-02-23T08:26:30.815+0000] {logging_mixin.py:190} INFO - [2026-02-23T08:26:30.815+0000] {dagbag.py:588} INFO - Filling up the DagBag from /home/airflow/.local/lib/python3.12/site-packages/airflow/example_dags/example_branch_labels.py
[2026-02-23T08:26:30.830+0000] {processor.py:925} INFO - DAG(s) 'example_branch_labels' retrieved from /home/airflow/.local/lib/python3.12/site-packages/airflow/example_dags/example_branch_labels.py
[2026-02-23T08:26:30.865+0000] {logging_mixin.py:190} INFO - [2026-02-23T08:26:30.865+0000] {dag.py:3239} INFO - Sync 1 DAGs
[2026-02-23T08:26:30.902+0000] {logging_mixin.py:190} INFO - [2026-02-23T08:26:30.901+0000] {dag.py:4180} INFO - Setting next_dagrun for example_branch_labels to 2026-02-22 00:00:00+00:00, run_after=2026-02-23 00:00:00+00:00
[2026-02-23T08:26:30.932+0000] {processor.py:208} INFO - Processing /home/airflow/.local/lib/python3.12/site-packages/airflow/example_dags/example_branch_labels.py took 0.132 seconds
[2026-02-23T08:31:44.999+0000] {processor.py:186} INFO - Started process (PID=111) to work on /home/airflow/.local/lib/python3.12/site-packages/airflow/example_dags/example_branch_labels.py
[2026-02-23T08:31:45.006+0000] {processor.py:914} INFO - Processing file /home/airflow/.local/lib/python3.12/site-packages/airflow/example_dags/example_branch_labels.py for tasks to queue
[2026-02-23T08:31:45.025+0000] {logging_mixin.py:190} INFO - [2026-02-23T08:31:45.023+0000] {dagbag.py:588} INFO - Filling up the DagBag from /home/airflow/.local/lib/python3.12/site-packages/airflow/example_dags/example_branch_labels.py
[2026-02-23T08:31:45.090+0000] {processor.py:925} INFO - DAG(s) 'example_branch_labels' retrieved from /home/airflow/.local/lib/python3.12/site-packages/airflow/example_dags/example_branch_labels.py
[2026-02-23T08:31:45.241+0000] {logging_mixin.py:190} INFO - [2026-02-23T08:31:45.240+0000] {dag.py:3239} INFO - Sync 1 DAGs
[2026-02-23T08:31:45.500+0000] {logging_mixin.py:190} INFO - [2026-02-23T08:31:45.499+0000] {dag.py:4180} INFO - Setting next_dagrun for example_branch_labels to 2026-02-22 00:00:00+00:00, run_after=2026-02-23 00:00:00+00:00
[2026-02-23T08:31:45.620+0000] {processor.py:208} INFO - Processing /home/airflow/.local/lib/python3.12/site-packages/airflow/example_dags/example_branch_labels.py took 0.688 seconds
[2026-02-23T15:42:12.213+0000] {processor.py:186} INFO - Started process (PID=181) to work on /home/airflow/.local/lib/python3.12/site-packages/airflow/example_dags/example_branch_labels.py
[2026-02-23T15:42:12.218+0000] {processor.py:914} INFO - Processing file /home/airflow/.local/lib/python3.12/site-packages/airflow/example_dags/example_branch_labels.py for tasks to queue
[2026-02-23T15:42:12.222+0000] {logging_mixin.py:190} INFO - [2026-02-23T15:42:12.222+0000] {dagbag.py:588} INFO - Filling up the DagBag from /home/airflow/.local/lib/python3.12/site-packages/airflow/example_dags/example_branch_labels.py
[2026-02-23T15:42:12.247+0000] {processor.py:925} INFO - DAG(s) 'example_branch_labels' retrieved from /home/airflow/.local/lib/python3.12/site-packages/airflow/example_dags/example_branch_labels.py
[2026-02-23T15:42:12.344+0000] {logging_mixin.py:190} INFO - [2026-02-23T15:42:12.344+0000] {dag.py:3239} INFO - Sync 1 DAGs
[2026-02-23T15:42:12.404+0000] {logging_mixin.py:190} INFO - [2026-02-23T15:42:12.403+0000] {dag.py:4180} INFO - Setting next_dagrun for example_branch_labels to 2026-02-22 00:00:00+00:00, run_after=2026-02-23 00:00:00+00:00
[2026-02-23T15:42:12.459+0000] {processor.py:208} INFO - Processing /home/airflow/.local/lib/python3.12/site-packages/airflow/example_dags/example_branch_labels.py took 0.260 seconds
[2026-02-23T15:42:42.585+0000] {processor.py:186} INFO - Started process (PID=246) to work on /home/airflow/.local/lib/python3.12/site-packages/airflow/example_dags/example_branch_labels.py
[2026-02-23T15:42:42.587+0000] {processor.py:914} INFO - Processing file /home/airflow/.local/lib/python3.12/site-packages/airflow/example_dags/example_branch_labels.py for tasks to queue
[2026-02-23T15:42:42.589+0000] {logging_mixin.py:190} INFO - [2026-02-23T15:42:42.589+0000] {dagbag.py:588} INFO - Filling up the DagBag from /home/airflow/.local/lib/python3.12/site-packages/airflow/example_dags/example_branch_labels.py
[2026-02-23T15:42:42.603+0000] {processor.py:925} INFO - DAG(s) 'example_branch_labels' retrieved from /home/airflow/.local/lib/python3.12/site-packages/airflow/example_dags/example_branch_labels.py
[2026-02-23T15:42:42.633+0000] {logging_mixin.py:190} INFO - [2026-02-23T15:42:42.632+0000] {dag.py:3239} INFO - Sync 1 DAGs
[2026-02-23T15:42:42.667+0000] {logging_mixin.py:190} INFO - [2026-02-23T15:42:42.667+0000] {dag.py:4180} INFO - Setting next_dagrun for example_branch_labels to 2026-02-22 00:00:00+00:00, run_after=2026-02-23 00:00:00+00:00
[2026-02-23T15:42:42.696+0000] {processor.py:208} INFO - Processing /home/airflow/.local/lib/python3.12/site-packages/airflow/example_dags/example_branch_labels.py took 0.118 seconds
