[2026-02-23T07:41:41.916+0000] {processor.py:186} INFO - Started process (PID=3306) to work on /home/airflow/.local/lib/python3.12/site-packages/airflow/example_dags/example_task_group.py
[2026-02-23T07:41:41.924+0000] {processor.py:914} INFO - Processing file /home/airflow/.local/lib/python3.12/site-packages/airflow/example_dags/example_task_group.py for tasks to queue
[2026-02-23T07:41:41.927+0000] {logging_mixin.py:190} INFO - [2026-02-23T07:41:41.927+0000] {dagbag.py:588} INFO - Filling up the DagBag from /home/airflow/.local/lib/python3.12/site-packages/airflow/example_dags/example_task_group.py
[2026-02-23T07:41:41.993+0000] {processor.py:925} INFO - DAG(s) 'example_task_group' retrieved from /home/airflow/.local/lib/python3.12/site-packages/airflow/example_dags/example_task_group.py
[2026-02-23T07:41:42.068+0000] {logging_mixin.py:190} INFO - [2026-02-23T07:41:42.067+0000] {dag.py:3239} INFO - Sync 1 DAGs
[2026-02-23T07:41:42.107+0000] {logging_mixin.py:190} INFO - [2026-02-23T07:41:42.106+0000] {dag.py:4180} INFO - Setting next_dagrun for example_task_group to None, run_after=None
[2026-02-23T07:41:42.178+0000] {processor.py:208} INFO - Processing /home/airflow/.local/lib/python3.12/site-packages/airflow/example_dags/example_task_group.py took 0.289 seconds
[2026-02-23T07:42:16.162+0000] {processor.py:186} INFO - Started process (PID=3361) to work on /home/airflow/.local/lib/python3.12/site-packages/airflow/example_dags/example_task_group.py
[2026-02-23T07:42:16.166+0000] {processor.py:914} INFO - Processing file /home/airflow/.local/lib/python3.12/site-packages/airflow/example_dags/example_task_group.py for tasks to queue
[2026-02-23T07:42:16.172+0000] {logging_mixin.py:190} INFO - [2026-02-23T07:42:16.170+0000] {dagbag.py:588} INFO - Filling up the DagBag from /home/airflow/.local/lib/python3.12/site-packages/airflow/example_dags/example_task_group.py
[2026-02-23T07:42:16.194+0000] {processor.py:925} INFO - DAG(s) 'example_task_group' retrieved from /home/airflow/.local/lib/python3.12/site-packages/airflow/example_dags/example_task_group.py
[2026-02-23T07:42:16.254+0000] {logging_mixin.py:190} INFO - [2026-02-23T07:42:16.253+0000] {dag.py:3239} INFO - Sync 1 DAGs
[2026-02-23T07:42:16.289+0000] {logging_mixin.py:190} INFO - [2026-02-23T07:42:16.288+0000] {dag.py:4180} INFO - Setting next_dagrun for example_task_group to None, run_after=None
[2026-02-23T07:42:16.340+0000] {processor.py:208} INFO - Processing /home/airflow/.local/lib/python3.12/site-packages/airflow/example_dags/example_task_group.py took 0.199 seconds
[2026-02-23T07:42:46.741+0000] {processor.py:186} INFO - Started process (PID=3426) to work on /home/airflow/.local/lib/python3.12/site-packages/airflow/example_dags/example_task_group.py
[2026-02-23T07:42:46.744+0000] {processor.py:914} INFO - Processing file /home/airflow/.local/lib/python3.12/site-packages/airflow/example_dags/example_task_group.py for tasks to queue
[2026-02-23T07:42:46.750+0000] {logging_mixin.py:190} INFO - [2026-02-23T07:42:46.748+0000] {dagbag.py:588} INFO - Filling up the DagBag from /home/airflow/.local/lib/python3.12/site-packages/airflow/example_dags/example_task_group.py
[2026-02-23T07:42:46.770+0000] {processor.py:925} INFO - DAG(s) 'example_task_group' retrieved from /home/airflow/.local/lib/python3.12/site-packages/airflow/example_dags/example_task_group.py
[2026-02-23T07:42:46.824+0000] {logging_mixin.py:190} INFO - [2026-02-23T07:42:46.824+0000] {dag.py:3239} INFO - Sync 1 DAGs
[2026-02-23T07:42:46.864+0000] {logging_mixin.py:190} INFO - [2026-02-23T07:42:46.864+0000] {dag.py:4180} INFO - Setting next_dagrun for example_task_group to None, run_after=None
[2026-02-23T07:42:46.914+0000] {processor.py:208} INFO - Processing /home/airflow/.local/lib/python3.12/site-packages/airflow/example_dags/example_task_group.py took 0.189 seconds
[2026-02-23T07:43:37.303+0000] {processor.py:186} INFO - Started process (PID=3466) to work on /home/airflow/.local/lib/python3.12/site-packages/airflow/example_dags/example_task_group.py
[2026-02-23T07:43:37.317+0000] {processor.py:914} INFO - Processing file /home/airflow/.local/lib/python3.12/site-packages/airflow/example_dags/example_task_group.py for tasks to queue
[2026-02-23T07:43:37.327+0000] {logging_mixin.py:190} INFO - [2026-02-23T07:43:37.326+0000] {dagbag.py:588} INFO - Filling up the DagBag from /home/airflow/.local/lib/python3.12/site-packages/airflow/example_dags/example_task_group.py
[2026-02-23T07:43:37.355+0000] {processor.py:925} INFO - DAG(s) 'example_task_group' retrieved from /home/airflow/.local/lib/python3.12/site-packages/airflow/example_dags/example_task_group.py
[2026-02-23T07:43:37.463+0000] {logging_mixin.py:190} INFO - [2026-02-23T07:43:37.462+0000] {dag.py:3239} INFO - Sync 1 DAGs
[2026-02-23T07:43:37.537+0000] {logging_mixin.py:190} INFO - [2026-02-23T07:43:37.536+0000] {dag.py:4180} INFO - Setting next_dagrun for example_task_group to None, run_after=None
[2026-02-23T07:43:37.637+0000] {processor.py:208} INFO - Processing /home/airflow/.local/lib/python3.12/site-packages/airflow/example_dags/example_task_group.py took 0.365 seconds
[2026-02-23T08:17:53.759+0000] {processor.py:186} INFO - Started process (PID=60) to work on /home/airflow/.local/lib/python3.12/site-packages/airflow/example_dags/example_task_group.py
[2026-02-23T08:17:53.764+0000] {processor.py:914} INFO - Processing file /home/airflow/.local/lib/python3.12/site-packages/airflow/example_dags/example_task_group.py for tasks to queue
[2026-02-23T08:17:53.771+0000] {logging_mixin.py:190} INFO - [2026-02-23T08:17:53.770+0000] {dagbag.py:588} INFO - Filling up the DagBag from /home/airflow/.local/lib/python3.12/site-packages/airflow/example_dags/example_task_group.py
[2026-02-23T08:17:53.792+0000] {processor.py:925} INFO - DAG(s) 'example_task_group' retrieved from /home/airflow/.local/lib/python3.12/site-packages/airflow/example_dags/example_task_group.py
[2026-02-23T08:17:53.864+0000] {logging_mixin.py:190} INFO - [2026-02-23T08:17:53.864+0000] {dag.py:3239} INFO - Sync 1 DAGs
[2026-02-23T08:17:53.904+0000] {logging_mixin.py:190} INFO - [2026-02-23T08:17:53.903+0000] {dag.py:4180} INFO - Setting next_dagrun for example_task_group to None, run_after=None
[2026-02-23T08:17:53.954+0000] {processor.py:208} INFO - Processing /home/airflow/.local/lib/python3.12/site-packages/airflow/example_dags/example_task_group.py took 0.208 seconds
[2026-02-23T08:18:24.889+0000] {processor.py:186} INFO - Started process (PID=125) to work on /home/airflow/.local/lib/python3.12/site-packages/airflow/example_dags/example_task_group.py
[2026-02-23T08:18:24.893+0000] {processor.py:914} INFO - Processing file /home/airflow/.local/lib/python3.12/site-packages/airflow/example_dags/example_task_group.py for tasks to queue
[2026-02-23T08:18:24.900+0000] {logging_mixin.py:190} INFO - [2026-02-23T08:18:24.899+0000] {dagbag.py:588} INFO - Filling up the DagBag from /home/airflow/.local/lib/python3.12/site-packages/airflow/example_dags/example_task_group.py
[2026-02-23T08:18:24.935+0000] {processor.py:925} INFO - DAG(s) 'example_task_group' retrieved from /home/airflow/.local/lib/python3.12/site-packages/airflow/example_dags/example_task_group.py
[2026-02-23T08:18:25.010+0000] {logging_mixin.py:190} INFO - [2026-02-23T08:18:25.009+0000] {dag.py:3239} INFO - Sync 1 DAGs
[2026-02-23T08:18:25.055+0000] {logging_mixin.py:190} INFO - [2026-02-23T08:18:25.054+0000] {dag.py:4180} INFO - Setting next_dagrun for example_task_group to None, run_after=None
[2026-02-23T08:18:25.125+0000] {processor.py:208} INFO - Processing /home/airflow/.local/lib/python3.12/site-packages/airflow/example_dags/example_task_group.py took 0.256 seconds
[2026-02-23T08:18:56.390+0000] {processor.py:186} INFO - Started process (PID=190) to work on /home/airflow/.local/lib/python3.12/site-packages/airflow/example_dags/example_task_group.py
[2026-02-23T08:18:56.395+0000] {processor.py:914} INFO - Processing file /home/airflow/.local/lib/python3.12/site-packages/airflow/example_dags/example_task_group.py for tasks to queue
[2026-02-23T08:18:56.413+0000] {logging_mixin.py:190} INFO - [2026-02-23T08:18:56.411+0000] {dagbag.py:588} INFO - Filling up the DagBag from /home/airflow/.local/lib/python3.12/site-packages/airflow/example_dags/example_task_group.py
[2026-02-23T08:18:56.460+0000] {processor.py:925} INFO - DAG(s) 'example_task_group' retrieved from /home/airflow/.local/lib/python3.12/site-packages/airflow/example_dags/example_task_group.py
[2026-02-23T08:18:56.584+0000] {logging_mixin.py:190} INFO - [2026-02-23T08:18:56.583+0000] {dag.py:3239} INFO - Sync 1 DAGs
[2026-02-23T08:18:56.652+0000] {logging_mixin.py:190} INFO - [2026-02-23T08:18:56.650+0000] {dag.py:4180} INFO - Setting next_dagrun for example_task_group to None, run_after=None
[2026-02-23T08:18:56.737+0000] {processor.py:208} INFO - Processing /home/airflow/.local/lib/python3.12/site-packages/airflow/example_dags/example_task_group.py took 0.370 seconds
[2026-02-23T08:19:26.901+0000] {processor.py:186} INFO - Started process (PID=255) to work on /home/airflow/.local/lib/python3.12/site-packages/airflow/example_dags/example_task_group.py
[2026-02-23T08:19:26.904+0000] {processor.py:914} INFO - Processing file /home/airflow/.local/lib/python3.12/site-packages/airflow/example_dags/example_task_group.py for tasks to queue
[2026-02-23T08:19:26.912+0000] {logging_mixin.py:190} INFO - [2026-02-23T08:19:26.911+0000] {dagbag.py:588} INFO - Filling up the DagBag from /home/airflow/.local/lib/python3.12/site-packages/airflow/example_dags/example_task_group.py
[2026-02-23T08:19:26.939+0000] {processor.py:925} INFO - DAG(s) 'example_task_group' retrieved from /home/airflow/.local/lib/python3.12/site-packages/airflow/example_dags/example_task_group.py
[2026-02-23T08:19:27.001+0000] {logging_mixin.py:190} INFO - [2026-02-23T08:19:27.000+0000] {dag.py:3239} INFO - Sync 1 DAGs
[2026-02-23T08:19:27.038+0000] {logging_mixin.py:190} INFO - [2026-02-23T08:19:27.038+0000] {dag.py:4180} INFO - Setting next_dagrun for example_task_group to None, run_after=None
[2026-02-23T08:19:27.092+0000] {processor.py:208} INFO - Processing /home/airflow/.local/lib/python3.12/site-packages/airflow/example_dags/example_task_group.py took 0.212 seconds
[2026-02-23T08:19:57.333+0000] {processor.py:186} INFO - Started process (PID=320) to work on /home/airflow/.local/lib/python3.12/site-packages/airflow/example_dags/example_task_group.py
[2026-02-23T08:19:57.337+0000] {processor.py:914} INFO - Processing file /home/airflow/.local/lib/python3.12/site-packages/airflow/example_dags/example_task_group.py for tasks to queue
[2026-02-23T08:19:57.342+0000] {logging_mixin.py:190} INFO - [2026-02-23T08:19:57.341+0000] {dagbag.py:588} INFO - Filling up the DagBag from /home/airflow/.local/lib/python3.12/site-packages/airflow/example_dags/example_task_group.py
[2026-02-23T08:19:57.365+0000] {processor.py:925} INFO - DAG(s) 'example_task_group' retrieved from /home/airflow/.local/lib/python3.12/site-packages/airflow/example_dags/example_task_group.py
[2026-02-23T08:19:57.415+0000] {logging_mixin.py:190} INFO - [2026-02-23T08:19:57.415+0000] {dag.py:3239} INFO - Sync 1 DAGs
[2026-02-23T08:19:57.449+0000] {logging_mixin.py:190} INFO - [2026-02-23T08:19:57.448+0000] {dag.py:4180} INFO - Setting next_dagrun for example_task_group to None, run_after=None
[2026-02-23T08:19:57.493+0000] {processor.py:208} INFO - Processing /home/airflow/.local/lib/python3.12/site-packages/airflow/example_dags/example_task_group.py took 0.175 seconds
[2026-02-23T08:20:28.334+0000] {processor.py:186} INFO - Started process (PID=385) to work on /home/airflow/.local/lib/python3.12/site-packages/airflow/example_dags/example_task_group.py
[2026-02-23T08:20:28.337+0000] {processor.py:914} INFO - Processing file /home/airflow/.local/lib/python3.12/site-packages/airflow/example_dags/example_task_group.py for tasks to queue
[2026-02-23T08:20:28.346+0000] {logging_mixin.py:190} INFO - [2026-02-23T08:20:28.345+0000] {dagbag.py:588} INFO - Filling up the DagBag from /home/airflow/.local/lib/python3.12/site-packages/airflow/example_dags/example_task_group.py
[2026-02-23T08:20:28.380+0000] {processor.py:925} INFO - DAG(s) 'example_task_group' retrieved from /home/airflow/.local/lib/python3.12/site-packages/airflow/example_dags/example_task_group.py
[2026-02-23T08:20:28.461+0000] {logging_mixin.py:190} INFO - [2026-02-23T08:20:28.460+0000] {dag.py:3239} INFO - Sync 1 DAGs
[2026-02-23T08:20:28.529+0000] {logging_mixin.py:190} INFO - [2026-02-23T08:20:28.528+0000] {dag.py:4180} INFO - Setting next_dagrun for example_task_group to None, run_after=None
[2026-02-23T08:20:28.610+0000] {processor.py:208} INFO - Processing /home/airflow/.local/lib/python3.12/site-packages/airflow/example_dags/example_task_group.py took 0.296 seconds
[2026-02-23T08:20:58.772+0000] {processor.py:186} INFO - Started process (PID=449) to work on /home/airflow/.local/lib/python3.12/site-packages/airflow/example_dags/example_task_group.py
[2026-02-23T08:20:58.774+0000] {processor.py:914} INFO - Processing file /home/airflow/.local/lib/python3.12/site-packages/airflow/example_dags/example_task_group.py for tasks to queue
[2026-02-23T08:20:58.781+0000] {logging_mixin.py:190} INFO - [2026-02-23T08:20:58.780+0000] {dagbag.py:588} INFO - Filling up the DagBag from /home/airflow/.local/lib/python3.12/site-packages/airflow/example_dags/example_task_group.py
[2026-02-23T08:20:58.802+0000] {processor.py:925} INFO - DAG(s) 'example_task_group' retrieved from /home/airflow/.local/lib/python3.12/site-packages/airflow/example_dags/example_task_group.py
[2026-02-23T08:20:58.850+0000] {logging_mixin.py:190} INFO - [2026-02-23T08:20:58.850+0000] {dag.py:3239} INFO - Sync 1 DAGs
[2026-02-23T08:20:58.884+0000] {logging_mixin.py:190} INFO - [2026-02-23T08:20:58.883+0000] {dag.py:4180} INFO - Setting next_dagrun for example_task_group to None, run_after=None
[2026-02-23T08:20:58.931+0000] {processor.py:208} INFO - Processing /home/airflow/.local/lib/python3.12/site-packages/airflow/example_dags/example_task_group.py took 0.171 seconds
[2026-02-23T08:21:29.684+0000] {processor.py:186} INFO - Started process (PID=514) to work on /home/airflow/.local/lib/python3.12/site-packages/airflow/example_dags/example_task_group.py
[2026-02-23T08:21:29.685+0000] {processor.py:914} INFO - Processing file /home/airflow/.local/lib/python3.12/site-packages/airflow/example_dags/example_task_group.py for tasks to queue
[2026-02-23T08:21:29.687+0000] {logging_mixin.py:190} INFO - [2026-02-23T08:21:29.687+0000] {dagbag.py:588} INFO - Filling up the DagBag from /home/airflow/.local/lib/python3.12/site-packages/airflow/example_dags/example_task_group.py
[2026-02-23T08:21:29.696+0000] {processor.py:925} INFO - DAG(s) 'example_task_group' retrieved from /home/airflow/.local/lib/python3.12/site-packages/airflow/example_dags/example_task_group.py
[2026-02-23T08:21:29.718+0000] {logging_mixin.py:190} INFO - [2026-02-23T08:21:29.717+0000] {dag.py:3239} INFO - Sync 1 DAGs
[2026-02-23T08:21:29.730+0000] {logging_mixin.py:190} INFO - [2026-02-23T08:21:29.730+0000] {dag.py:4180} INFO - Setting next_dagrun for example_task_group to None, run_after=None
[2026-02-23T08:21:29.751+0000] {processor.py:208} INFO - Processing /home/airflow/.local/lib/python3.12/site-packages/airflow/example_dags/example_task_group.py took 0.073 seconds
[2026-02-23T08:21:59.983+0000] {processor.py:186} INFO - Started process (PID=579) to work on /home/airflow/.local/lib/python3.12/site-packages/airflow/example_dags/example_task_group.py
[2026-02-23T08:21:59.984+0000] {processor.py:914} INFO - Processing file /home/airflow/.local/lib/python3.12/site-packages/airflow/example_dags/example_task_group.py for tasks to queue
[2026-02-23T08:21:59.988+0000] {logging_mixin.py:190} INFO - [2026-02-23T08:21:59.988+0000] {dagbag.py:588} INFO - Filling up the DagBag from /home/airflow/.local/lib/python3.12/site-packages/airflow/example_dags/example_task_group.py
[2026-02-23T08:21:59.998+0000] {processor.py:925} INFO - DAG(s) 'example_task_group' retrieved from /home/airflow/.local/lib/python3.12/site-packages/airflow/example_dags/example_task_group.py
[2026-02-23T08:22:00.023+0000] {logging_mixin.py:190} INFO - [2026-02-23T08:22:00.023+0000] {dag.py:3239} INFO - Sync 1 DAGs
[2026-02-23T08:22:00.040+0000] {logging_mixin.py:190} INFO - [2026-02-23T08:22:00.040+0000] {dag.py:4180} INFO - Setting next_dagrun for example_task_group to None, run_after=None
[2026-02-23T08:22:00.061+0000] {processor.py:208} INFO - Processing /home/airflow/.local/lib/python3.12/site-packages/airflow/example_dags/example_task_group.py took 0.087 seconds
[2026-02-23T08:24:12.365+0000] {processor.py:186} INFO - Started process (PID=55) to work on /home/airflow/.local/lib/python3.12/site-packages/airflow/example_dags/example_task_group.py
[2026-02-23T08:24:12.368+0000] {processor.py:914} INFO - Processing file /home/airflow/.local/lib/python3.12/site-packages/airflow/example_dags/example_task_group.py for tasks to queue
[2026-02-23T08:24:12.376+0000] {logging_mixin.py:190} INFO - [2026-02-23T08:24:12.375+0000] {dagbag.py:588} INFO - Filling up the DagBag from /home/airflow/.local/lib/python3.12/site-packages/airflow/example_dags/example_task_group.py
[2026-02-23T08:24:12.407+0000] {processor.py:925} INFO - DAG(s) 'example_task_group' retrieved from /home/airflow/.local/lib/python3.12/site-packages/airflow/example_dags/example_task_group.py
[2026-02-23T08:24:12.520+0000] {logging_mixin.py:190} INFO - [2026-02-23T08:24:12.520+0000] {dag.py:3239} INFO - Sync 1 DAGs
[2026-02-23T08:24:12.562+0000] {logging_mixin.py:190} INFO - [2026-02-23T08:24:12.562+0000] {dag.py:4180} INFO - Setting next_dagrun for example_task_group to None, run_after=None
[2026-02-23T08:24:12.615+0000] {processor.py:208} INFO - Processing /home/airflow/.local/lib/python3.12/site-packages/airflow/example_dags/example_task_group.py took 0.268 seconds
[2026-02-23T08:24:42.857+0000] {processor.py:186} INFO - Started process (PID=120) to work on /home/airflow/.local/lib/python3.12/site-packages/airflow/example_dags/example_task_group.py
[2026-02-23T08:24:42.859+0000] {processor.py:914} INFO - Processing file /home/airflow/.local/lib/python3.12/site-packages/airflow/example_dags/example_task_group.py for tasks to queue
[2026-02-23T08:24:42.863+0000] {logging_mixin.py:190} INFO - [2026-02-23T08:24:42.862+0000] {dagbag.py:588} INFO - Filling up the DagBag from /home/airflow/.local/lib/python3.12/site-packages/airflow/example_dags/example_task_group.py
[2026-02-23T08:24:42.880+0000] {processor.py:925} INFO - DAG(s) 'example_task_group' retrieved from /home/airflow/.local/lib/python3.12/site-packages/airflow/example_dags/example_task_group.py
[2026-02-23T08:24:42.917+0000] {logging_mixin.py:190} INFO - [2026-02-23T08:24:42.917+0000] {dag.py:3239} INFO - Sync 1 DAGs
[2026-02-23T08:24:42.944+0000] {logging_mixin.py:190} INFO - [2026-02-23T08:24:42.944+0000] {dag.py:4180} INFO - Setting next_dagrun for example_task_group to None, run_after=None
[2026-02-23T08:24:42.979+0000] {processor.py:208} INFO - Processing /home/airflow/.local/lib/python3.12/site-packages/airflow/example_dags/example_task_group.py took 0.133 seconds
[2026-02-23T08:25:14.798+0000] {processor.py:186} INFO - Started process (PID=185) to work on /home/airflow/.local/lib/python3.12/site-packages/airflow/example_dags/example_task_group.py
[2026-02-23T08:25:14.802+0000] {processor.py:914} INFO - Processing file /home/airflow/.local/lib/python3.12/site-packages/airflow/example_dags/example_task_group.py for tasks to queue
[2026-02-23T08:25:14.815+0000] {logging_mixin.py:190} INFO - [2026-02-23T08:25:14.813+0000] {dagbag.py:588} INFO - Filling up the DagBag from /home/airflow/.local/lib/python3.12/site-packages/airflow/example_dags/example_task_group.py
[2026-02-23T08:25:14.858+0000] {processor.py:925} INFO - DAG(s) 'example_task_group' retrieved from /home/airflow/.local/lib/python3.12/site-packages/airflow/example_dags/example_task_group.py
[2026-02-23T08:25:14.951+0000] {logging_mixin.py:190} INFO - [2026-02-23T08:25:14.950+0000] {dag.py:3239} INFO - Sync 1 DAGs
[2026-02-23T08:25:15.016+0000] {logging_mixin.py:190} INFO - [2026-02-23T08:25:15.015+0000] {dag.py:4180} INFO - Setting next_dagrun for example_task_group to None, run_after=None
[2026-02-23T08:25:15.101+0000] {processor.py:208} INFO - Processing /home/airflow/.local/lib/python3.12/site-packages/airflow/example_dags/example_task_group.py took 0.328 seconds
[2026-02-23T08:25:45.338+0000] {processor.py:186} INFO - Started process (PID=250) to work on /home/airflow/.local/lib/python3.12/site-packages/airflow/example_dags/example_task_group.py
[2026-02-23T08:25:45.341+0000] {processor.py:914} INFO - Processing file /home/airflow/.local/lib/python3.12/site-packages/airflow/example_dags/example_task_group.py for tasks to queue
[2026-02-23T08:25:45.345+0000] {logging_mixin.py:190} INFO - [2026-02-23T08:25:45.344+0000] {dagbag.py:588} INFO - Filling up the DagBag from /home/airflow/.local/lib/python3.12/site-packages/airflow/example_dags/example_task_group.py
[2026-02-23T08:25:45.365+0000] {processor.py:925} INFO - DAG(s) 'example_task_group' retrieved from /home/airflow/.local/lib/python3.12/site-packages/airflow/example_dags/example_task_group.py
[2026-02-23T08:25:45.404+0000] {logging_mixin.py:190} INFO - [2026-02-23T08:25:45.404+0000] {dag.py:3239} INFO - Sync 1 DAGs
[2026-02-23T08:25:45.425+0000] {logging_mixin.py:190} INFO - [2026-02-23T08:25:45.424+0000] {dag.py:4180} INFO - Setting next_dagrun for example_task_group to None, run_after=None
[2026-02-23T08:25:45.463+0000] {processor.py:208} INFO - Processing /home/airflow/.local/lib/python3.12/site-packages/airflow/example_dags/example_task_group.py took 0.134 seconds
[2026-02-23T08:26:15.804+0000] {processor.py:186} INFO - Started process (PID=315) to work on /home/airflow/.local/lib/python3.12/site-packages/airflow/example_dags/example_task_group.py
[2026-02-23T08:26:15.811+0000] {processor.py:914} INFO - Processing file /home/airflow/.local/lib/python3.12/site-packages/airflow/example_dags/example_task_group.py for tasks to queue
[2026-02-23T08:26:15.818+0000] {logging_mixin.py:190} INFO - [2026-02-23T08:26:15.817+0000] {dagbag.py:588} INFO - Filling up the DagBag from /home/airflow/.local/lib/python3.12/site-packages/airflow/example_dags/example_task_group.py
[2026-02-23T08:26:15.847+0000] {processor.py:925} INFO - DAG(s) 'example_task_group' retrieved from /home/airflow/.local/lib/python3.12/site-packages/airflow/example_dags/example_task_group.py
[2026-02-23T08:26:15.907+0000] {logging_mixin.py:190} INFO - [2026-02-23T08:26:15.906+0000] {dag.py:3239} INFO - Sync 1 DAGs
[2026-02-23T08:26:15.946+0000] {logging_mixin.py:190} INFO - [2026-02-23T08:26:15.945+0000] {dag.py:4180} INFO - Setting next_dagrun for example_task_group to None, run_after=None
[2026-02-23T08:26:16.005+0000] {processor.py:208} INFO - Processing /home/airflow/.local/lib/python3.12/site-packages/airflow/example_dags/example_task_group.py took 0.221 seconds
[2026-02-23T08:26:46.280+0000] {processor.py:186} INFO - Started process (PID=380) to work on /home/airflow/.local/lib/python3.12/site-packages/airflow/example_dags/example_task_group.py
[2026-02-23T08:26:46.282+0000] {processor.py:914} INFO - Processing file /home/airflow/.local/lib/python3.12/site-packages/airflow/example_dags/example_task_group.py for tasks to queue
[2026-02-23T08:26:46.287+0000] {logging_mixin.py:190} INFO - [2026-02-23T08:26:46.287+0000] {dagbag.py:588} INFO - Filling up the DagBag from /home/airflow/.local/lib/python3.12/site-packages/airflow/example_dags/example_task_group.py
[2026-02-23T08:26:46.302+0000] {processor.py:925} INFO - DAG(s) 'example_task_group' retrieved from /home/airflow/.local/lib/python3.12/site-packages/airflow/example_dags/example_task_group.py
[2026-02-23T08:26:46.336+0000] {logging_mixin.py:190} INFO - [2026-02-23T08:26:46.335+0000] {dag.py:3239} INFO - Sync 1 DAGs
[2026-02-23T08:26:46.359+0000] {logging_mixin.py:190} INFO - [2026-02-23T08:26:46.358+0000] {dag.py:4180} INFO - Setting next_dagrun for example_task_group to None, run_after=None
[2026-02-23T08:26:46.389+0000] {processor.py:208} INFO - Processing /home/airflow/.local/lib/python3.12/site-packages/airflow/example_dags/example_task_group.py took 0.118 seconds
[2026-02-23T08:31:04.683+0000] {processor.py:186} INFO - Started process (PID=73) to work on /home/airflow/.local/lib/python3.12/site-packages/airflow/example_dags/example_task_group.py
[2026-02-23T08:31:04.703+0000] {processor.py:914} INFO - Processing file /home/airflow/.local/lib/python3.12/site-packages/airflow/example_dags/example_task_group.py for tasks to queue
[2026-02-23T08:31:04.760+0000] {logging_mixin.py:190} INFO - [2026-02-23T08:31:04.756+0000] {dagbag.py:588} INFO - Filling up the DagBag from /home/airflow/.local/lib/python3.12/site-packages/airflow/example_dags/example_task_group.py
[2026-02-23T08:31:04.843+0000] {processor.py:925} INFO - DAG(s) 'example_task_group' retrieved from /home/airflow/.local/lib/python3.12/site-packages/airflow/example_dags/example_task_group.py
[2026-02-23T08:31:05.228+0000] {logging_mixin.py:190} INFO - [2026-02-23T08:31:05.224+0000] {dag.py:3239} INFO - Sync 1 DAGs
[2026-02-23T08:31:05.374+0000] {logging_mixin.py:190} INFO - [2026-02-23T08:31:05.373+0000] {dag.py:4180} INFO - Setting next_dagrun for example_task_group to None, run_after=None
[2026-02-23T08:31:05.480+0000] {processor.py:208} INFO - Processing /home/airflow/.local/lib/python3.12/site-packages/airflow/example_dags/example_task_group.py took 0.852 seconds
[2026-02-23T08:32:20.617+0000] {processor.py:186} INFO - Started process (PID=151) to work on /home/airflow/.local/lib/python3.12/site-packages/airflow/example_dags/example_task_group.py
[2026-02-23T08:32:20.619+0000] {processor.py:914} INFO - Processing file /home/airflow/.local/lib/python3.12/site-packages/airflow/example_dags/example_task_group.py for tasks to queue
[2026-02-23T08:32:20.625+0000] {logging_mixin.py:190} INFO - [2026-02-23T08:32:20.624+0000] {dagbag.py:588} INFO - Filling up the DagBag from /home/airflow/.local/lib/python3.12/site-packages/airflow/example_dags/example_task_group.py
[2026-02-23T08:32:20.643+0000] {processor.py:925} INFO - DAG(s) 'example_task_group' retrieved from /home/airflow/.local/lib/python3.12/site-packages/airflow/example_dags/example_task_group.py
[2026-02-23T08:32:20.683+0000] {logging_mixin.py:190} INFO - [2026-02-23T08:32:20.682+0000] {dag.py:3239} INFO - Sync 1 DAGs
[2026-02-23T08:32:20.710+0000] {logging_mixin.py:190} INFO - [2026-02-23T08:32:20.710+0000] {dag.py:4180} INFO - Setting next_dagrun for example_task_group to None, run_after=None
[2026-02-23T08:32:20.748+0000] {processor.py:208} INFO - Processing /home/airflow/.local/lib/python3.12/site-packages/airflow/example_dags/example_task_group.py took 0.142 seconds
[2026-02-23T15:42:13.844+0000] {processor.py:186} INFO - Started process (PID=190) to work on /home/airflow/.local/lib/python3.12/site-packages/airflow/example_dags/example_task_group.py
[2026-02-23T15:42:13.847+0000] {processor.py:914} INFO - Processing file /home/airflow/.local/lib/python3.12/site-packages/airflow/example_dags/example_task_group.py for tasks to queue
[2026-02-23T15:42:13.850+0000] {logging_mixin.py:190} INFO - [2026-02-23T15:42:13.850+0000] {dagbag.py:588} INFO - Filling up the DagBag from /home/airflow/.local/lib/python3.12/site-packages/airflow/example_dags/example_task_group.py
[2026-02-23T15:42:13.872+0000] {processor.py:925} INFO - DAG(s) 'example_task_group' retrieved from /home/airflow/.local/lib/python3.12/site-packages/airflow/example_dags/example_task_group.py
[2026-02-23T15:42:13.935+0000] {logging_mixin.py:190} INFO - [2026-02-23T15:42:13.934+0000] {dag.py:3239} INFO - Sync 1 DAGs
[2026-02-23T15:42:13.972+0000] {logging_mixin.py:190} INFO - [2026-02-23T15:42:13.972+0000] {dag.py:4180} INFO - Setting next_dagrun for example_task_group to None, run_after=None
[2026-02-23T15:42:14.023+0000] {processor.py:208} INFO - Processing /home/airflow/.local/lib/python3.12/site-packages/airflow/example_dags/example_task_group.py took 0.203 seconds
[2026-02-23T15:42:44.645+0000] {processor.py:186} INFO - Started process (PID=255) to work on /home/airflow/.local/lib/python3.12/site-packages/airflow/example_dags/example_task_group.py
[2026-02-23T15:42:44.647+0000] {processor.py:914} INFO - Processing file /home/airflow/.local/lib/python3.12/site-packages/airflow/example_dags/example_task_group.py for tasks to queue
[2026-02-23T15:42:44.650+0000] {logging_mixin.py:190} INFO - [2026-02-23T15:42:44.649+0000] {dagbag.py:588} INFO - Filling up the DagBag from /home/airflow/.local/lib/python3.12/site-packages/airflow/example_dags/example_task_group.py
[2026-02-23T15:42:44.661+0000] {processor.py:925} INFO - DAG(s) 'example_task_group' retrieved from /home/airflow/.local/lib/python3.12/site-packages/airflow/example_dags/example_task_group.py
[2026-02-23T15:42:44.696+0000] {logging_mixin.py:190} INFO - [2026-02-23T15:42:44.696+0000] {dag.py:3239} INFO - Sync 1 DAGs
[2026-02-23T15:42:44.719+0000] {logging_mixin.py:190} INFO - [2026-02-23T15:42:44.719+0000] {dag.py:4180} INFO - Setting next_dagrun for example_task_group to None, run_after=None
[2026-02-23T15:42:44.755+0000] {processor.py:208} INFO - Processing /home/airflow/.local/lib/python3.12/site-packages/airflow/example_dags/example_task_group.py took 0.119 seconds
