[2026-02-23T07:41:52.152+0000] {processor.py:186} INFO - Started process (PID=3317) to work on /home/airflow/.local/lib/python3.12/site-packages/airflow/example_dags/example_complex.py
[2026-02-23T07:41:52.159+0000] {processor.py:914} INFO - Processing file /home/airflow/.local/lib/python3.12/site-packages/airflow/example_dags/example_complex.py for tasks to queue
[2026-02-23T07:41:52.171+0000] {logging_mixin.py:190} INFO - [2026-02-23T07:41:52.168+0000] {dagbag.py:588} INFO - Filling up the DagBag from /home/airflow/.local/lib/python3.12/site-packages/airflow/example_dags/example_complex.py
[2026-02-23T07:41:52.347+0000] {processor.py:925} INFO - DAG(s) 'example_complex' retrieved from /home/airflow/.local/lib/python3.12/site-packages/airflow/example_dags/example_complex.py
[2026-02-23T07:41:52.547+0000] {logging_mixin.py:190} INFO - [2026-02-23T07:41:52.545+0000] {dag.py:3239} INFO - Sync 1 DAGs
[2026-02-23T07:41:52.620+0000] {logging_mixin.py:190} INFO - [2026-02-23T07:41:52.620+0000] {dag.py:4180} INFO - Setting next_dagrun for example_complex to None, run_after=None
[2026-02-23T07:41:52.707+0000] {processor.py:208} INFO - Processing /home/airflow/.local/lib/python3.12/site-packages/airflow/example_dags/example_complex.py took 0.605 seconds
[2026-02-23T07:42:25.461+0000] {processor.py:186} INFO - Started process (PID=3381) to work on /home/airflow/.local/lib/python3.12/site-packages/airflow/example_dags/example_complex.py
[2026-02-23T07:42:25.465+0000] {processor.py:914} INFO - Processing file /home/airflow/.local/lib/python3.12/site-packages/airflow/example_dags/example_complex.py for tasks to queue
[2026-02-23T07:42:25.471+0000] {logging_mixin.py:190} INFO - [2026-02-23T07:42:25.469+0000] {dagbag.py:588} INFO - Filling up the DagBag from /home/airflow/.local/lib/python3.12/site-packages/airflow/example_dags/example_complex.py
[2026-02-23T07:42:25.533+0000] {processor.py:925} INFO - DAG(s) 'example_complex' retrieved from /home/airflow/.local/lib/python3.12/site-packages/airflow/example_dags/example_complex.py
[2026-02-23T07:42:25.671+0000] {logging_mixin.py:190} INFO - [2026-02-23T07:42:25.670+0000] {dag.py:3239} INFO - Sync 1 DAGs
[2026-02-23T07:42:25.793+0000] {logging_mixin.py:190} INFO - [2026-02-23T07:42:25.792+0000] {dag.py:4180} INFO - Setting next_dagrun for example_complex to None, run_after=None
[2026-02-23T07:42:25.897+0000] {processor.py:208} INFO - Processing /home/airflow/.local/lib/python3.12/site-packages/airflow/example_dags/example_complex.py took 0.518 seconds
[2026-02-23T07:42:56.696+0000] {processor.py:186} INFO - Started process (PID=3446) to work on /home/airflow/.local/lib/python3.12/site-packages/airflow/example_dags/example_complex.py
[2026-02-23T07:42:56.699+0000] {processor.py:914} INFO - Processing file /home/airflow/.local/lib/python3.12/site-packages/airflow/example_dags/example_complex.py for tasks to queue
[2026-02-23T07:42:56.702+0000] {logging_mixin.py:190} INFO - [2026-02-23T07:42:56.701+0000] {dagbag.py:588} INFO - Filling up the DagBag from /home/airflow/.local/lib/python3.12/site-packages/airflow/example_dags/example_complex.py
[2026-02-23T07:42:56.744+0000] {processor.py:925} INFO - DAG(s) 'example_complex' retrieved from /home/airflow/.local/lib/python3.12/site-packages/airflow/example_dags/example_complex.py
[2026-02-23T07:42:56.857+0000] {logging_mixin.py:190} INFO - [2026-02-23T07:42:56.855+0000] {dag.py:3239} INFO - Sync 1 DAGs
[2026-02-23T07:42:56.916+0000] {logging_mixin.py:190} INFO - [2026-02-23T07:42:56.916+0000] {dag.py:4180} INFO - Setting next_dagrun for example_complex to None, run_after=None
[2026-02-23T07:42:56.993+0000] {processor.py:208} INFO - Processing /home/airflow/.local/lib/python3.12/site-packages/airflow/example_dags/example_complex.py took 0.318 seconds
[2026-02-23T07:43:40.766+0000] {processor.py:186} INFO - Started process (PID=3482) to work on /home/airflow/.local/lib/python3.12/site-packages/airflow/example_dags/example_complex.py
[2026-02-23T07:43:40.770+0000] {processor.py:914} INFO - Processing file /home/airflow/.local/lib/python3.12/site-packages/airflow/example_dags/example_complex.py for tasks to queue
[2026-02-23T07:43:40.775+0000] {logging_mixin.py:190} INFO - [2026-02-23T07:43:40.774+0000] {dagbag.py:588} INFO - Filling up the DagBag from /home/airflow/.local/lib/python3.12/site-packages/airflow/example_dags/example_complex.py
[2026-02-23T07:43:40.817+0000] {processor.py:925} INFO - DAG(s) 'example_complex' retrieved from /home/airflow/.local/lib/python3.12/site-packages/airflow/example_dags/example_complex.py
[2026-02-23T07:43:41.052+0000] {logging_mixin.py:190} INFO - [2026-02-23T07:43:41.050+0000] {dag.py:3239} INFO - Sync 1 DAGs
[2026-02-23T07:43:41.138+0000] {logging_mixin.py:190} INFO - [2026-02-23T07:43:41.138+0000] {dag.py:4180} INFO - Setting next_dagrun for example_complex to None, run_after=None
[2026-02-23T07:43:41.244+0000] {processor.py:208} INFO - Processing /home/airflow/.local/lib/python3.12/site-packages/airflow/example_dags/example_complex.py took 0.512 seconds
[2026-02-23T08:17:55.815+0000] {processor.py:186} INFO - Started process (PID=71) to work on /home/airflow/.local/lib/python3.12/site-packages/airflow/example_dags/example_complex.py
[2026-02-23T08:17:55.818+0000] {processor.py:914} INFO - Processing file /home/airflow/.local/lib/python3.12/site-packages/airflow/example_dags/example_complex.py for tasks to queue
[2026-02-23T08:17:55.825+0000] {logging_mixin.py:190} INFO - [2026-02-23T08:17:55.824+0000] {dagbag.py:588} INFO - Filling up the DagBag from /home/airflow/.local/lib/python3.12/site-packages/airflow/example_dags/example_complex.py
[2026-02-23T08:17:55.858+0000] {processor.py:925} INFO - DAG(s) 'example_complex' retrieved from /home/airflow/.local/lib/python3.12/site-packages/airflow/example_dags/example_complex.py
[2026-02-23T08:17:55.956+0000] {logging_mixin.py:190} INFO - [2026-02-23T08:17:55.955+0000] {dag.py:3239} INFO - Sync 1 DAGs
[2026-02-23T08:17:55.996+0000] {logging_mixin.py:190} INFO - [2026-02-23T08:17:55.996+0000] {dag.py:4180} INFO - Setting next_dagrun for example_complex to None, run_after=None
[2026-02-23T08:17:56.053+0000] {processor.py:208} INFO - Processing /home/airflow/.local/lib/python3.12/site-packages/airflow/example_dags/example_complex.py took 0.255 seconds
[2026-02-23T08:18:27.780+0000] {processor.py:186} INFO - Started process (PID=135) to work on /home/airflow/.local/lib/python3.12/site-packages/airflow/example_dags/example_complex.py
[2026-02-23T08:18:27.784+0000] {processor.py:914} INFO - Processing file /home/airflow/.local/lib/python3.12/site-packages/airflow/example_dags/example_complex.py for tasks to queue
[2026-02-23T08:18:27.792+0000] {logging_mixin.py:190} INFO - [2026-02-23T08:18:27.791+0000] {dagbag.py:588} INFO - Filling up the DagBag from /home/airflow/.local/lib/python3.12/site-packages/airflow/example_dags/example_complex.py
[2026-02-23T08:18:27.832+0000] {processor.py:925} INFO - DAG(s) 'example_complex' retrieved from /home/airflow/.local/lib/python3.12/site-packages/airflow/example_dags/example_complex.py
[2026-02-23T08:18:27.928+0000] {logging_mixin.py:190} INFO - [2026-02-23T08:18:27.927+0000] {dag.py:3239} INFO - Sync 1 DAGs
[2026-02-23T08:18:27.967+0000] {logging_mixin.py:190} INFO - [2026-02-23T08:18:27.967+0000] {dag.py:4180} INFO - Setting next_dagrun for example_complex to None, run_after=None
[2026-02-23T08:18:28.014+0000] {processor.py:208} INFO - Processing /home/airflow/.local/lib/python3.12/site-packages/airflow/example_dags/example_complex.py took 0.252 seconds
[2026-02-23T08:18:59.314+0000] {processor.py:186} INFO - Started process (PID=200) to work on /home/airflow/.local/lib/python3.12/site-packages/airflow/example_dags/example_complex.py
[2026-02-23T08:18:59.317+0000] {processor.py:914} INFO - Processing file /home/airflow/.local/lib/python3.12/site-packages/airflow/example_dags/example_complex.py for tasks to queue
[2026-02-23T08:18:59.326+0000] {logging_mixin.py:190} INFO - [2026-02-23T08:18:59.325+0000] {dagbag.py:588} INFO - Filling up the DagBag from /home/airflow/.local/lib/python3.12/site-packages/airflow/example_dags/example_complex.py
[2026-02-23T08:18:59.368+0000] {processor.py:925} INFO - DAG(s) 'example_complex' retrieved from /home/airflow/.local/lib/python3.12/site-packages/airflow/example_dags/example_complex.py
[2026-02-23T08:18:59.533+0000] {logging_mixin.py:190} INFO - [2026-02-23T08:18:59.532+0000] {dag.py:3239} INFO - Sync 1 DAGs
[2026-02-23T08:18:59.595+0000] {logging_mixin.py:190} INFO - [2026-02-23T08:18:59.594+0000] {dag.py:4180} INFO - Setting next_dagrun for example_complex to None, run_after=None
[2026-02-23T08:18:59.678+0000] {processor.py:208} INFO - Processing /home/airflow/.local/lib/python3.12/site-packages/airflow/example_dags/example_complex.py took 0.388 seconds
[2026-02-23T08:19:30.422+0000] {processor.py:186} INFO - Started process (PID=265) to work on /home/airflow/.local/lib/python3.12/site-packages/airflow/example_dags/example_complex.py
[2026-02-23T08:19:30.424+0000] {processor.py:914} INFO - Processing file /home/airflow/.local/lib/python3.12/site-packages/airflow/example_dags/example_complex.py for tasks to queue
[2026-02-23T08:19:30.428+0000] {logging_mixin.py:190} INFO - [2026-02-23T08:19:30.428+0000] {dagbag.py:588} INFO - Filling up the DagBag from /home/airflow/.local/lib/python3.12/site-packages/airflow/example_dags/example_complex.py
[2026-02-23T08:19:30.451+0000] {processor.py:925} INFO - DAG(s) 'example_complex' retrieved from /home/airflow/.local/lib/python3.12/site-packages/airflow/example_dags/example_complex.py
[2026-02-23T08:19:30.507+0000] {logging_mixin.py:190} INFO - [2026-02-23T08:19:30.506+0000] {dag.py:3239} INFO - Sync 1 DAGs
[2026-02-23T08:19:30.535+0000] {logging_mixin.py:190} INFO - [2026-02-23T08:19:30.535+0000] {dag.py:4180} INFO - Setting next_dagrun for example_complex to None, run_after=None
[2026-02-23T08:19:30.578+0000] {processor.py:208} INFO - Processing /home/airflow/.local/lib/python3.12/site-packages/airflow/example_dags/example_complex.py took 0.166 seconds
[2026-02-23T08:20:01.071+0000] {processor.py:186} INFO - Started process (PID=330) to work on /home/airflow/.local/lib/python3.12/site-packages/airflow/example_dags/example_complex.py
[2026-02-23T08:20:01.074+0000] {processor.py:914} INFO - Processing file /home/airflow/.local/lib/python3.12/site-packages/airflow/example_dags/example_complex.py for tasks to queue
[2026-02-23T08:20:01.080+0000] {logging_mixin.py:190} INFO - [2026-02-23T08:20:01.079+0000] {dagbag.py:588} INFO - Filling up the DagBag from /home/airflow/.local/lib/python3.12/site-packages/airflow/example_dags/example_complex.py
[2026-02-23T08:20:01.101+0000] {processor.py:925} INFO - DAG(s) 'example_complex' retrieved from /home/airflow/.local/lib/python3.12/site-packages/airflow/example_dags/example_complex.py
[2026-02-23T08:20:01.158+0000] {logging_mixin.py:190} INFO - [2026-02-23T08:20:01.157+0000] {dag.py:3239} INFO - Sync 1 DAGs
[2026-02-23T08:20:01.181+0000] {logging_mixin.py:190} INFO - [2026-02-23T08:20:01.180+0000] {dag.py:4180} INFO - Setting next_dagrun for example_complex to None, run_after=None
[2026-02-23T08:20:01.213+0000] {processor.py:208} INFO - Processing /home/airflow/.local/lib/python3.12/site-packages/airflow/example_dags/example_complex.py took 0.154 seconds
[2026-02-23T08:20:31.615+0000] {processor.py:186} INFO - Started process (PID=395) to work on /home/airflow/.local/lib/python3.12/site-packages/airflow/example_dags/example_complex.py
[2026-02-23T08:20:31.620+0000] {processor.py:914} INFO - Processing file /home/airflow/.local/lib/python3.12/site-packages/airflow/example_dags/example_complex.py for tasks to queue
[2026-02-23T08:20:31.630+0000] {logging_mixin.py:190} INFO - [2026-02-23T08:20:31.628+0000] {dagbag.py:588} INFO - Filling up the DagBag from /home/airflow/.local/lib/python3.12/site-packages/airflow/example_dags/example_complex.py
[2026-02-23T08:20:31.706+0000] {processor.py:925} INFO - DAG(s) 'example_complex' retrieved from /home/airflow/.local/lib/python3.12/site-packages/airflow/example_dags/example_complex.py
[2026-02-23T08:20:31.882+0000] {logging_mixin.py:190} INFO - [2026-02-23T08:20:31.880+0000] {dag.py:3239} INFO - Sync 1 DAGs
[2026-02-23T08:20:31.971+0000] {logging_mixin.py:190} INFO - [2026-02-23T08:20:31.971+0000] {dag.py:4180} INFO - Setting next_dagrun for example_complex to None, run_after=None
[2026-02-23T08:20:32.063+0000] {processor.py:208} INFO - Processing /home/airflow/.local/lib/python3.12/site-packages/airflow/example_dags/example_complex.py took 0.471 seconds
[2026-02-23T08:21:02.457+0000] {processor.py:186} INFO - Started process (PID=459) to work on /home/airflow/.local/lib/python3.12/site-packages/airflow/example_dags/example_complex.py
[2026-02-23T08:21:02.460+0000] {processor.py:914} INFO - Processing file /home/airflow/.local/lib/python3.12/site-packages/airflow/example_dags/example_complex.py for tasks to queue
[2026-02-23T08:21:02.466+0000] {logging_mixin.py:190} INFO - [2026-02-23T08:21:02.465+0000] {dagbag.py:588} INFO - Filling up the DagBag from /home/airflow/.local/lib/python3.12/site-packages/airflow/example_dags/example_complex.py
[2026-02-23T08:21:02.495+0000] {processor.py:925} INFO - DAG(s) 'example_complex' retrieved from /home/airflow/.local/lib/python3.12/site-packages/airflow/example_dags/example_complex.py
[2026-02-23T08:21:02.571+0000] {logging_mixin.py:190} INFO - [2026-02-23T08:21:02.570+0000] {dag.py:3239} INFO - Sync 1 DAGs
[2026-02-23T08:21:02.603+0000] {logging_mixin.py:190} INFO - [2026-02-23T08:21:02.603+0000] {dag.py:4180} INFO - Setting next_dagrun for example_complex to None, run_after=None
[2026-02-23T08:21:02.649+0000] {processor.py:208} INFO - Processing /home/airflow/.local/lib/python3.12/site-packages/airflow/example_dags/example_complex.py took 0.205 seconds
[2026-02-23T08:21:33.299+0000] {processor.py:186} INFO - Started process (PID=524) to work on /home/airflow/.local/lib/python3.12/site-packages/airflow/example_dags/example_complex.py
[2026-02-23T08:21:33.300+0000] {processor.py:914} INFO - Processing file /home/airflow/.local/lib/python3.12/site-packages/airflow/example_dags/example_complex.py for tasks to queue
[2026-02-23T08:21:33.303+0000] {logging_mixin.py:190} INFO - [2026-02-23T08:21:33.303+0000] {dagbag.py:588} INFO - Filling up the DagBag from /home/airflow/.local/lib/python3.12/site-packages/airflow/example_dags/example_complex.py
[2026-02-23T08:21:33.313+0000] {processor.py:925} INFO - DAG(s) 'example_complex' retrieved from /home/airflow/.local/lib/python3.12/site-packages/airflow/example_dags/example_complex.py
[2026-02-23T08:21:33.339+0000] {logging_mixin.py:190} INFO - [2026-02-23T08:21:33.339+0000] {dag.py:3239} INFO - Sync 1 DAGs
[2026-02-23T08:21:33.351+0000] {logging_mixin.py:190} INFO - [2026-02-23T08:21:33.351+0000] {dag.py:4180} INFO - Setting next_dagrun for example_complex to None, run_after=None
[2026-02-23T08:21:33.370+0000] {processor.py:208} INFO - Processing /home/airflow/.local/lib/python3.12/site-packages/airflow/example_dags/example_complex.py took 0.076 seconds
[2026-02-23T08:22:03.734+0000] {processor.py:186} INFO - Started process (PID=589) to work on /home/airflow/.local/lib/python3.12/site-packages/airflow/example_dags/example_complex.py
[2026-02-23T08:22:03.735+0000] {processor.py:914} INFO - Processing file /home/airflow/.local/lib/python3.12/site-packages/airflow/example_dags/example_complex.py for tasks to queue
[2026-02-23T08:22:03.738+0000] {logging_mixin.py:190} INFO - [2026-02-23T08:22:03.738+0000] {dagbag.py:588} INFO - Filling up the DagBag from /home/airflow/.local/lib/python3.12/site-packages/airflow/example_dags/example_complex.py
[2026-02-23T08:22:03.752+0000] {processor.py:925} INFO - DAG(s) 'example_complex' retrieved from /home/airflow/.local/lib/python3.12/site-packages/airflow/example_dags/example_complex.py
[2026-02-23T08:22:03.788+0000] {logging_mixin.py:190} INFO - [2026-02-23T08:22:03.787+0000] {dag.py:3239} INFO - Sync 1 DAGs
[2026-02-23T08:22:03.804+0000] {logging_mixin.py:190} INFO - [2026-02-23T08:22:03.803+0000] {dag.py:4180} INFO - Setting next_dagrun for example_complex to None, run_after=None
[2026-02-23T08:22:03.830+0000] {processor.py:208} INFO - Processing /home/airflow/.local/lib/python3.12/site-packages/airflow/example_dags/example_complex.py took 0.102 seconds
[2026-02-23T08:24:15.739+0000] {processor.py:186} INFO - Started process (PID=66) to work on /home/airflow/.local/lib/python3.12/site-packages/airflow/example_dags/example_complex.py
[2026-02-23T08:24:15.744+0000] {processor.py:914} INFO - Processing file /home/airflow/.local/lib/python3.12/site-packages/airflow/example_dags/example_complex.py for tasks to queue
[2026-02-23T08:24:15.755+0000] {logging_mixin.py:190} INFO - [2026-02-23T08:24:15.752+0000] {dagbag.py:588} INFO - Filling up the DagBag from /home/airflow/.local/lib/python3.12/site-packages/airflow/example_dags/example_complex.py
[2026-02-23T08:24:15.820+0000] {processor.py:925} INFO - DAG(s) 'example_complex' retrieved from /home/airflow/.local/lib/python3.12/site-packages/airflow/example_dags/example_complex.py
[2026-02-23T08:24:16.098+0000] {logging_mixin.py:190} INFO - [2026-02-23T08:24:16.097+0000] {dag.py:3239} INFO - Sync 1 DAGs
[2026-02-23T08:24:16.249+0000] {logging_mixin.py:190} INFO - [2026-02-23T08:24:16.248+0000] {dag.py:4180} INFO - Setting next_dagrun for example_complex to None, run_after=None
[2026-02-23T08:24:16.363+0000] {processor.py:208} INFO - Processing /home/airflow/.local/lib/python3.12/site-packages/airflow/example_dags/example_complex.py took 0.654 seconds
[2026-02-23T08:24:46.777+0000] {processor.py:186} INFO - Started process (PID=130) to work on /home/airflow/.local/lib/python3.12/site-packages/airflow/example_dags/example_complex.py
[2026-02-23T08:24:46.779+0000] {processor.py:914} INFO - Processing file /home/airflow/.local/lib/python3.12/site-packages/airflow/example_dags/example_complex.py for tasks to queue
[2026-02-23T08:24:46.783+0000] {logging_mixin.py:190} INFO - [2026-02-23T08:24:46.783+0000] {dagbag.py:588} INFO - Filling up the DagBag from /home/airflow/.local/lib/python3.12/site-packages/airflow/example_dags/example_complex.py
[2026-02-23T08:24:46.810+0000] {processor.py:925} INFO - DAG(s) 'example_complex' retrieved from /home/airflow/.local/lib/python3.12/site-packages/airflow/example_dags/example_complex.py
[2026-02-23T08:24:46.882+0000] {logging_mixin.py:190} INFO - [2026-02-23T08:24:46.882+0000] {dag.py:3239} INFO - Sync 1 DAGs
[2026-02-23T08:24:46.913+0000] {logging_mixin.py:190} INFO - [2026-02-23T08:24:46.912+0000] {dag.py:4180} INFO - Setting next_dagrun for example_complex to None, run_after=None
[2026-02-23T08:24:46.962+0000] {processor.py:208} INFO - Processing /home/airflow/.local/lib/python3.12/site-packages/airflow/example_dags/example_complex.py took 0.197 seconds
[2026-02-23T08:25:17.909+0000] {processor.py:186} INFO - Started process (PID=195) to work on /home/airflow/.local/lib/python3.12/site-packages/airflow/example_dags/example_complex.py
[2026-02-23T08:25:17.911+0000] {processor.py:914} INFO - Processing file /home/airflow/.local/lib/python3.12/site-packages/airflow/example_dags/example_complex.py for tasks to queue
[2026-02-23T08:25:17.916+0000] {logging_mixin.py:190} INFO - [2026-02-23T08:25:17.915+0000] {dagbag.py:588} INFO - Filling up the DagBag from /home/airflow/.local/lib/python3.12/site-packages/airflow/example_dags/example_complex.py
[2026-02-23T08:25:17.938+0000] {processor.py:925} INFO - DAG(s) 'example_complex' retrieved from /home/airflow/.local/lib/python3.12/site-packages/airflow/example_dags/example_complex.py
[2026-02-23T08:25:17.996+0000] {logging_mixin.py:190} INFO - [2026-02-23T08:25:17.995+0000] {dag.py:3239} INFO - Sync 1 DAGs
[2026-02-23T08:25:18.023+0000] {logging_mixin.py:190} INFO - [2026-02-23T08:25:18.023+0000] {dag.py:4180} INFO - Setting next_dagrun for example_complex to None, run_after=None
[2026-02-23T08:25:18.063+0000] {processor.py:208} INFO - Processing /home/airflow/.local/lib/python3.12/site-packages/airflow/example_dags/example_complex.py took 0.163 seconds
[2026-02-23T08:25:48.214+0000] {processor.py:186} INFO - Started process (PID=260) to work on /home/airflow/.local/lib/python3.12/site-packages/airflow/example_dags/example_complex.py
[2026-02-23T08:25:48.217+0000] {processor.py:914} INFO - Processing file /home/airflow/.local/lib/python3.12/site-packages/airflow/example_dags/example_complex.py for tasks to queue
[2026-02-23T08:25:48.222+0000] {logging_mixin.py:190} INFO - [2026-02-23T08:25:48.221+0000] {dagbag.py:588} INFO - Filling up the DagBag from /home/airflow/.local/lib/python3.12/site-packages/airflow/example_dags/example_complex.py
[2026-02-23T08:25:48.251+0000] {processor.py:925} INFO - DAG(s) 'example_complex' retrieved from /home/airflow/.local/lib/python3.12/site-packages/airflow/example_dags/example_complex.py
[2026-02-23T08:25:48.323+0000] {logging_mixin.py:190} INFO - [2026-02-23T08:25:48.322+0000] {dag.py:3239} INFO - Sync 1 DAGs
[2026-02-23T08:25:48.355+0000] {logging_mixin.py:190} INFO - [2026-02-23T08:25:48.354+0000] {dag.py:4180} INFO - Setting next_dagrun for example_complex to None, run_after=None
[2026-02-23T08:25:48.398+0000] {processor.py:208} INFO - Processing /home/airflow/.local/lib/python3.12/site-packages/airflow/example_dags/example_complex.py took 0.197 seconds
[2026-02-23T08:26:18.898+0000] {processor.py:186} INFO - Started process (PID=325) to work on /home/airflow/.local/lib/python3.12/site-packages/airflow/example_dags/example_complex.py
[2026-02-23T08:26:18.903+0000] {processor.py:914} INFO - Processing file /home/airflow/.local/lib/python3.12/site-packages/airflow/example_dags/example_complex.py for tasks to queue
[2026-02-23T08:26:18.913+0000] {logging_mixin.py:190} INFO - [2026-02-23T08:26:18.912+0000] {dagbag.py:588} INFO - Filling up the DagBag from /home/airflow/.local/lib/python3.12/site-packages/airflow/example_dags/example_complex.py
[2026-02-23T08:26:18.966+0000] {processor.py:925} INFO - DAG(s) 'example_complex' retrieved from /home/airflow/.local/lib/python3.12/site-packages/airflow/example_dags/example_complex.py
[2026-02-23T08:26:19.099+0000] {logging_mixin.py:190} INFO - [2026-02-23T08:26:19.098+0000] {dag.py:3239} INFO - Sync 1 DAGs
[2026-02-23T08:26:19.148+0000] {logging_mixin.py:190} INFO - [2026-02-23T08:26:19.147+0000] {dag.py:4180} INFO - Setting next_dagrun for example_complex to None, run_after=None
[2026-02-23T08:26:19.198+0000] {processor.py:208} INFO - Processing /home/airflow/.local/lib/python3.12/site-packages/airflow/example_dags/example_complex.py took 0.323 seconds
[2026-02-23T08:31:14.136+0000] {processor.py:186} INFO - Started process (PID=91) to work on /home/airflow/.local/lib/python3.12/site-packages/airflow/example_dags/example_complex.py
[2026-02-23T08:31:14.147+0000] {processor.py:914} INFO - Processing file /home/airflow/.local/lib/python3.12/site-packages/airflow/example_dags/example_complex.py for tasks to queue
[2026-02-23T08:31:14.241+0000] {logging_mixin.py:190} INFO - [2026-02-23T08:31:14.237+0000] {dagbag.py:588} INFO - Filling up the DagBag from /home/airflow/.local/lib/python3.12/site-packages/airflow/example_dags/example_complex.py
[2026-02-23T08:31:14.593+0000] {processor.py:925} INFO - DAG(s) 'example_complex' retrieved from /home/airflow/.local/lib/python3.12/site-packages/airflow/example_dags/example_complex.py
[2026-02-23T08:31:15.352+0000] {logging_mixin.py:190} INFO - [2026-02-23T08:31:15.341+0000] {dag.py:3239} INFO - Sync 1 DAGs
[2026-02-23T08:31:16.079+0000] {logging_mixin.py:190} INFO - [2026-02-23T08:31:16.078+0000] {dag.py:4180} INFO - Setting next_dagrun for example_complex to None, run_after=None
[2026-02-23T08:31:17.555+0000] {processor.py:208} INFO - Processing /home/airflow/.local/lib/python3.12/site-packages/airflow/example_dags/example_complex.py took 3.604 seconds
[2026-02-23T08:32:22.122+0000] {processor.py:186} INFO - Started process (PID=162) to work on /home/airflow/.local/lib/python3.12/site-packages/airflow/example_dags/example_complex.py
[2026-02-23T08:32:22.129+0000] {processor.py:914} INFO - Processing file /home/airflow/.local/lib/python3.12/site-packages/airflow/example_dags/example_complex.py for tasks to queue
[2026-02-23T08:32:22.134+0000] {logging_mixin.py:190} INFO - [2026-02-23T08:32:22.133+0000] {dagbag.py:588} INFO - Filling up the DagBag from /home/airflow/.local/lib/python3.12/site-packages/airflow/example_dags/example_complex.py
[2026-02-23T08:32:22.159+0000] {processor.py:925} INFO - DAG(s) 'example_complex' retrieved from /home/airflow/.local/lib/python3.12/site-packages/airflow/example_dags/example_complex.py
[2026-02-23T08:32:22.219+0000] {logging_mixin.py:190} INFO - [2026-02-23T08:32:22.218+0000] {dag.py:3239} INFO - Sync 1 DAGs
[2026-02-23T08:32:22.247+0000] {logging_mixin.py:190} INFO - [2026-02-23T08:32:22.247+0000] {dag.py:4180} INFO - Setting next_dagrun for example_complex to None, run_after=None
[2026-02-23T08:32:22.306+0000] {processor.py:208} INFO - Processing /home/airflow/.local/lib/python3.12/site-packages/airflow/example_dags/example_complex.py took 0.194 seconds
[2026-02-23T15:42:16.817+0000] {processor.py:186} INFO - Started process (PID=200) to work on /home/airflow/.local/lib/python3.12/site-packages/airflow/example_dags/example_complex.py
[2026-02-23T15:42:16.819+0000] {processor.py:914} INFO - Processing file /home/airflow/.local/lib/python3.12/site-packages/airflow/example_dags/example_complex.py for tasks to queue
[2026-02-23T15:42:16.824+0000] {logging_mixin.py:190} INFO - [2026-02-23T15:42:16.823+0000] {dagbag.py:588} INFO - Filling up the DagBag from /home/airflow/.local/lib/python3.12/site-packages/airflow/example_dags/example_complex.py
[2026-02-23T15:42:16.875+0000] {processor.py:925} INFO - DAG(s) 'example_complex' retrieved from /home/airflow/.local/lib/python3.12/site-packages/airflow/example_dags/example_complex.py
[2026-02-23T15:42:16.981+0000] {logging_mixin.py:190} INFO - [2026-02-23T15:42:16.980+0000] {dag.py:3239} INFO - Sync 1 DAGs
[2026-02-23T15:42:17.019+0000] {logging_mixin.py:190} INFO - [2026-02-23T15:42:17.018+0000] {dag.py:4180} INFO - Setting next_dagrun for example_complex to None, run_after=None
[2026-02-23T15:42:17.083+0000] {processor.py:208} INFO - Processing /home/airflow/.local/lib/python3.12/site-packages/airflow/example_dags/example_complex.py took 0.285 seconds
[2026-02-23T15:42:47.711+0000] {processor.py:186} INFO - Started process (PID=265) to work on /home/airflow/.local/lib/python3.12/site-packages/airflow/example_dags/example_complex.py
[2026-02-23T15:42:47.713+0000] {processor.py:914} INFO - Processing file /home/airflow/.local/lib/python3.12/site-packages/airflow/example_dags/example_complex.py for tasks to queue
[2026-02-23T15:42:47.717+0000] {logging_mixin.py:190} INFO - [2026-02-23T15:42:47.717+0000] {dagbag.py:588} INFO - Filling up the DagBag from /home/airflow/.local/lib/python3.12/site-packages/airflow/example_dags/example_complex.py
[2026-02-23T15:42:47.746+0000] {processor.py:925} INFO - DAG(s) 'example_complex' retrieved from /home/airflow/.local/lib/python3.12/site-packages/airflow/example_dags/example_complex.py
[2026-02-23T15:42:47.815+0000] {logging_mixin.py:190} INFO - [2026-02-23T15:42:47.814+0000] {dag.py:3239} INFO - Sync 1 DAGs
[2026-02-23T15:42:47.848+0000] {logging_mixin.py:190} INFO - [2026-02-23T15:42:47.847+0000] {dag.py:4180} INFO - Setting next_dagrun for example_complex to None, run_after=None
[2026-02-23T15:42:47.893+0000] {processor.py:208} INFO - Processing /home/airflow/.local/lib/python3.12/site-packages/airflow/example_dags/example_complex.py took 0.195 seconds
