[2026-02-23T07:41:41.280+0000] {processor.py:186} INFO - Started process (PID=3304) to work on /home/airflow/.local/lib/python3.12/site-packages/airflow/example_dags/example_subdag_operator.py
[2026-02-23T07:41:41.285+0000] {processor.py:914} INFO - Processing file /home/airflow/.local/lib/python3.12/site-packages/airflow/example_dags/example_subdag_operator.py for tasks to queue
[2026-02-23T07:41:41.296+0000] {logging_mixin.py:190} INFO - [2026-02-23T07:41:41.295+0000] {dagbag.py:588} INFO - Filling up the DagBag from /home/airflow/.local/lib/python3.12/site-packages/airflow/example_dags/example_subdag_operator.py
[2026-02-23T07:41:41.501+0000] {processor.py:925} INFO - DAG(s) 'example_subdag_operator.section-1', 'example_subdag_operator.section-2', 'example_subdag_operator' retrieved from /home/airflow/.local/lib/python3.12/site-packages/airflow/example_dags/example_subdag_operator.py
[2026-02-23T07:41:41.577+0000] {logging_mixin.py:190} INFO - [2026-02-23T07:41:41.576+0000] {dag.py:3239} INFO - Sync 3 DAGs
[2026-02-23T07:41:41.647+0000] {logging_mixin.py:190} INFO - [2026-02-23T07:41:41.647+0000] {dag.py:4180} INFO - Setting next_dagrun for example_subdag_operator to 2022-01-01 00:00:00+00:00, run_after=2022-01-01 00:00:00+00:00
[2026-02-23T07:41:41.664+0000] {logging_mixin.py:190} INFO - [2026-02-23T07:41:41.663+0000] {dag.py:4180} INFO - Setting next_dagrun for example_subdag_operator.section-1 to None, run_after=None
[2026-02-23T07:41:41.672+0000] {logging_mixin.py:190} INFO - [2026-02-23T07:41:41.668+0000] {dag.py:4180} INFO - Setting next_dagrun for example_subdag_operator.section-2 to None, run_after=None
[2026-02-23T07:41:41.694+0000] {logging_mixin.py:190} INFO - [2026-02-23T07:41:41.693+0000] {dag.py:3239} INFO - Sync 2 DAGs
[2026-02-23T07:41:41.718+0000] {logging_mixin.py:190} INFO - [2026-02-23T07:41:41.718+0000] {dag.py:4180} INFO - Setting next_dagrun for example_subdag_operator.section-1 to None, run_after=None
[2026-02-23T07:41:41.720+0000] {logging_mixin.py:190} INFO - [2026-02-23T07:41:41.720+0000] {dag.py:4180} INFO - Setting next_dagrun for example_subdag_operator.section-2 to None, run_after=None
[2026-02-23T07:41:41.768+0000] {processor.py:208} INFO - Processing /home/airflow/.local/lib/python3.12/site-packages/airflow/example_dags/example_subdag_operator.py took 0.507 seconds
[2026-02-23T07:42:15.824+0000] {processor.py:186} INFO - Started process (PID=3359) to work on /home/airflow/.local/lib/python3.12/site-packages/airflow/example_dags/example_subdag_operator.py
[2026-02-23T07:42:15.827+0000] {processor.py:914} INFO - Processing file /home/airflow/.local/lib/python3.12/site-packages/airflow/example_dags/example_subdag_operator.py for tasks to queue
[2026-02-23T07:42:15.831+0000] {logging_mixin.py:190} INFO - [2026-02-23T07:42:15.829+0000] {dagbag.py:588} INFO - Filling up the DagBag from /home/airflow/.local/lib/python3.12/site-packages/airflow/example_dags/example_subdag_operator.py
[2026-02-23T07:42:15.912+0000] {processor.py:925} INFO - DAG(s) 'example_subdag_operator.section-1', 'example_subdag_operator.section-2', 'example_subdag_operator' retrieved from /home/airflow/.local/lib/python3.12/site-packages/airflow/example_dags/example_subdag_operator.py
[2026-02-23T07:42:15.968+0000] {logging_mixin.py:190} INFO - [2026-02-23T07:42:15.967+0000] {dag.py:3239} INFO - Sync 3 DAGs
[2026-02-23T07:42:16.033+0000] {logging_mixin.py:190} INFO - [2026-02-23T07:42:16.032+0000] {dag.py:4180} INFO - Setting next_dagrun for example_subdag_operator to 2022-01-01 00:00:00+00:00, run_after=2022-01-01 00:00:00+00:00
[2026-02-23T07:42:16.045+0000] {logging_mixin.py:190} INFO - [2026-02-23T07:42:16.044+0000] {dag.py:4180} INFO - Setting next_dagrun for example_subdag_operator.section-1 to None, run_after=None
[2026-02-23T07:42:16.050+0000] {logging_mixin.py:190} INFO - [2026-02-23T07:42:16.049+0000] {dag.py:4180} INFO - Setting next_dagrun for example_subdag_operator.section-2 to None, run_after=None
[2026-02-23T07:42:16.076+0000] {logging_mixin.py:190} INFO - [2026-02-23T07:42:16.075+0000] {dag.py:3239} INFO - Sync 2 DAGs
[2026-02-23T07:42:16.094+0000] {logging_mixin.py:190} INFO - [2026-02-23T07:42:16.093+0000] {dag.py:4180} INFO - Setting next_dagrun for example_subdag_operator.section-1 to None, run_after=None
[2026-02-23T07:42:16.095+0000] {logging_mixin.py:190} INFO - [2026-02-23T07:42:16.095+0000] {dag.py:4180} INFO - Setting next_dagrun for example_subdag_operator.section-2 to None, run_after=None
[2026-02-23T07:42:16.126+0000] {processor.py:208} INFO - Processing /home/airflow/.local/lib/python3.12/site-packages/airflow/example_dags/example_subdag_operator.py took 0.321 seconds
[2026-02-23T07:42:46.742+0000] {processor.py:186} INFO - Started process (PID=3425) to work on /home/airflow/.local/lib/python3.12/site-packages/airflow/example_dags/example_subdag_operator.py
[2026-02-23T07:42:46.744+0000] {processor.py:914} INFO - Processing file /home/airflow/.local/lib/python3.12/site-packages/airflow/example_dags/example_subdag_operator.py for tasks to queue
[2026-02-23T07:42:46.748+0000] {logging_mixin.py:190} INFO - [2026-02-23T07:42:46.747+0000] {dagbag.py:588} INFO - Filling up the DagBag from /home/airflow/.local/lib/python3.12/site-packages/airflow/example_dags/example_subdag_operator.py
[2026-02-23T07:42:46.813+0000] {processor.py:925} INFO - DAG(s) 'example_subdag_operator.section-1', 'example_subdag_operator.section-2', 'example_subdag_operator' retrieved from /home/airflow/.local/lib/python3.12/site-packages/airflow/example_dags/example_subdag_operator.py
[2026-02-23T07:42:46.856+0000] {logging_mixin.py:190} INFO - [2026-02-23T07:42:46.855+0000] {dag.py:3239} INFO - Sync 3 DAGs
[2026-02-23T07:42:46.915+0000] {logging_mixin.py:190} INFO - [2026-02-23T07:42:46.914+0000] {dag.py:4180} INFO - Setting next_dagrun for example_subdag_operator to 2022-01-01 00:00:00+00:00, run_after=2022-01-01 00:00:00+00:00
[2026-02-23T07:42:46.925+0000] {logging_mixin.py:190} INFO - [2026-02-23T07:42:46.925+0000] {dag.py:4180} INFO - Setting next_dagrun for example_subdag_operator.section-1 to None, run_after=None
[2026-02-23T07:42:46.930+0000] {logging_mixin.py:190} INFO - [2026-02-23T07:42:46.929+0000] {dag.py:4180} INFO - Setting next_dagrun for example_subdag_operator.section-2 to None, run_after=None
[2026-02-23T07:42:46.951+0000] {logging_mixin.py:190} INFO - [2026-02-23T07:42:46.950+0000] {dag.py:3239} INFO - Sync 2 DAGs
[2026-02-23T07:42:46.969+0000] {logging_mixin.py:190} INFO - [2026-02-23T07:42:46.969+0000] {dag.py:4180} INFO - Setting next_dagrun for example_subdag_operator.section-1 to None, run_after=None
[2026-02-23T07:42:46.971+0000] {logging_mixin.py:190} INFO - [2026-02-23T07:42:46.971+0000] {dag.py:4180} INFO - Setting next_dagrun for example_subdag_operator.section-2 to None, run_after=None
[2026-02-23T07:42:47.005+0000] {processor.py:208} INFO - Processing /home/airflow/.local/lib/python3.12/site-packages/airflow/example_dags/example_subdag_operator.py took 0.281 seconds
[2026-02-23T07:43:36.437+0000] {processor.py:186} INFO - Started process (PID=3464) to work on /home/airflow/.local/lib/python3.12/site-packages/airflow/example_dags/example_subdag_operator.py
[2026-02-23T07:43:36.459+0000] {processor.py:914} INFO - Processing file /home/airflow/.local/lib/python3.12/site-packages/airflow/example_dags/example_subdag_operator.py for tasks to queue
[2026-02-23T07:43:36.471+0000] {logging_mixin.py:190} INFO - [2026-02-23T07:43:36.468+0000] {dagbag.py:588} INFO - Filling up the DagBag from /home/airflow/.local/lib/python3.12/site-packages/airflow/example_dags/example_subdag_operator.py
[2026-02-23T07:43:36.666+0000] {processor.py:925} INFO - DAG(s) 'example_subdag_operator.section-1', 'example_subdag_operator.section-2', 'example_subdag_operator' retrieved from /home/airflow/.local/lib/python3.12/site-packages/airflow/example_dags/example_subdag_operator.py
[2026-02-23T07:43:36.754+0000] {logging_mixin.py:190} INFO - [2026-02-23T07:43:36.753+0000] {dag.py:3239} INFO - Sync 3 DAGs
[2026-02-23T07:43:36.864+0000] {logging_mixin.py:190} INFO - [2026-02-23T07:43:36.861+0000] {dag.py:4180} INFO - Setting next_dagrun for example_subdag_operator to 2022-01-01 00:00:00+00:00, run_after=2022-01-01 00:00:00+00:00
[2026-02-23T07:43:36.895+0000] {logging_mixin.py:190} INFO - [2026-02-23T07:43:36.894+0000] {dag.py:4180} INFO - Setting next_dagrun for example_subdag_operator.section-1 to None, run_after=None
[2026-02-23T07:43:36.909+0000] {logging_mixin.py:190} INFO - [2026-02-23T07:43:36.908+0000] {dag.py:4180} INFO - Setting next_dagrun for example_subdag_operator.section-2 to None, run_after=None
[2026-02-23T07:43:36.944+0000] {logging_mixin.py:190} INFO - [2026-02-23T07:43:36.943+0000] {dag.py:3239} INFO - Sync 2 DAGs
[2026-02-23T07:43:36.986+0000] {logging_mixin.py:190} INFO - [2026-02-23T07:43:36.985+0000] {dag.py:4180} INFO - Setting next_dagrun for example_subdag_operator.section-1 to None, run_after=None
[2026-02-23T07:43:37.007+0000] {logging_mixin.py:190} INFO - [2026-02-23T07:43:37.006+0000] {dag.py:4180} INFO - Setting next_dagrun for example_subdag_operator.section-2 to None, run_after=None
[2026-02-23T07:43:37.088+0000] {processor.py:208} INFO - Processing /home/airflow/.local/lib/python3.12/site-packages/airflow/example_dags/example_subdag_operator.py took 0.689 seconds
[2026-02-23T08:17:53.384+0000] {processor.py:186} INFO - Started process (PID=58) to work on /home/airflow/.local/lib/python3.12/site-packages/airflow/example_dags/example_subdag_operator.py
[2026-02-23T08:17:53.388+0000] {processor.py:914} INFO - Processing file /home/airflow/.local/lib/python3.12/site-packages/airflow/example_dags/example_subdag_operator.py for tasks to queue
[2026-02-23T08:17:53.394+0000] {logging_mixin.py:190} INFO - [2026-02-23T08:17:53.393+0000] {dagbag.py:588} INFO - Filling up the DagBag from /home/airflow/.local/lib/python3.12/site-packages/airflow/example_dags/example_subdag_operator.py
[2026-02-23T08:17:53.455+0000] {processor.py:925} INFO - DAG(s) 'example_subdag_operator.section-1', 'example_subdag_operator.section-2', 'example_subdag_operator' retrieved from /home/airflow/.local/lib/python3.12/site-packages/airflow/example_dags/example_subdag_operator.py
[2026-02-23T08:17:53.515+0000] {logging_mixin.py:190} INFO - [2026-02-23T08:17:53.514+0000] {dag.py:3239} INFO - Sync 3 DAGs
[2026-02-23T08:17:53.581+0000] {logging_mixin.py:190} INFO - [2026-02-23T08:17:53.579+0000] {dag.py:4180} INFO - Setting next_dagrun for example_subdag_operator to 2022-01-01 00:00:00+00:00, run_after=2022-01-01 00:00:00+00:00
[2026-02-23T08:17:53.590+0000] {logging_mixin.py:190} INFO - [2026-02-23T08:17:53.590+0000] {dag.py:4180} INFO - Setting next_dagrun for example_subdag_operator.section-1 to None, run_after=None
[2026-02-23T08:17:53.595+0000] {logging_mixin.py:190} INFO - [2026-02-23T08:17:53.594+0000] {dag.py:4180} INFO - Setting next_dagrun for example_subdag_operator.section-2 to None, run_after=None
[2026-02-23T08:17:53.614+0000] {logging_mixin.py:190} INFO - [2026-02-23T08:17:53.613+0000] {dag.py:3239} INFO - Sync 2 DAGs
[2026-02-23T08:17:53.629+0000] {logging_mixin.py:190} INFO - [2026-02-23T08:17:53.628+0000] {dag.py:4180} INFO - Setting next_dagrun for example_subdag_operator.section-1 to None, run_after=None
[2026-02-23T08:17:53.631+0000] {logging_mixin.py:190} INFO - [2026-02-23T08:17:53.630+0000] {dag.py:4180} INFO - Setting next_dagrun for example_subdag_operator.section-2 to None, run_after=None
[2026-02-23T08:17:53.660+0000] {processor.py:208} INFO - Processing /home/airflow/.local/lib/python3.12/site-packages/airflow/example_dags/example_subdag_operator.py took 0.289 seconds
[2026-02-23T08:18:24.475+0000] {processor.py:186} INFO - Started process (PID=123) to work on /home/airflow/.local/lib/python3.12/site-packages/airflow/example_dags/example_subdag_operator.py
[2026-02-23T08:18:24.479+0000] {processor.py:914} INFO - Processing file /home/airflow/.local/lib/python3.12/site-packages/airflow/example_dags/example_subdag_operator.py for tasks to queue
[2026-02-23T08:18:24.489+0000] {logging_mixin.py:190} INFO - [2026-02-23T08:18:24.488+0000] {dagbag.py:588} INFO - Filling up the DagBag from /home/airflow/.local/lib/python3.12/site-packages/airflow/example_dags/example_subdag_operator.py
[2026-02-23T08:18:24.600+0000] {processor.py:925} INFO - DAG(s) 'example_subdag_operator.section-1', 'example_subdag_operator.section-2', 'example_subdag_operator' retrieved from /home/airflow/.local/lib/python3.12/site-packages/airflow/example_dags/example_subdag_operator.py
[2026-02-23T08:18:24.655+0000] {logging_mixin.py:190} INFO - [2026-02-23T08:18:24.653+0000] {dag.py:3239} INFO - Sync 3 DAGs
[2026-02-23T08:18:24.742+0000] {logging_mixin.py:190} INFO - [2026-02-23T08:18:24.741+0000] {dag.py:4180} INFO - Setting next_dagrun for example_subdag_operator to 2022-01-01 00:00:00+00:00, run_after=2022-01-01 00:00:00+00:00
[2026-02-23T08:18:24.755+0000] {logging_mixin.py:190} INFO - [2026-02-23T08:18:24.754+0000] {dag.py:4180} INFO - Setting next_dagrun for example_subdag_operator.section-1 to None, run_after=None
[2026-02-23T08:18:24.762+0000] {logging_mixin.py:190} INFO - [2026-02-23T08:18:24.761+0000] {dag.py:4180} INFO - Setting next_dagrun for example_subdag_operator.section-2 to None, run_after=None
[2026-02-23T08:18:24.788+0000] {logging_mixin.py:190} INFO - [2026-02-23T08:18:24.787+0000] {dag.py:3239} INFO - Sync 2 DAGs
[2026-02-23T08:18:24.811+0000] {logging_mixin.py:190} INFO - [2026-02-23T08:18:24.810+0000] {dag.py:4180} INFO - Setting next_dagrun for example_subdag_operator.section-1 to None, run_after=None
[2026-02-23T08:18:24.814+0000] {logging_mixin.py:190} INFO - [2026-02-23T08:18:24.813+0000] {dag.py:4180} INFO - Setting next_dagrun for example_subdag_operator.section-2 to None, run_after=None
[2026-02-23T08:18:24.861+0000] {processor.py:208} INFO - Processing /home/airflow/.local/lib/python3.12/site-packages/airflow/example_dags/example_subdag_operator.py took 0.405 seconds
[2026-02-23T08:18:55.955+0000] {processor.py:186} INFO - Started process (PID=188) to work on /home/airflow/.local/lib/python3.12/site-packages/airflow/example_dags/example_subdag_operator.py
[2026-02-23T08:18:55.960+0000] {processor.py:914} INFO - Processing file /home/airflow/.local/lib/python3.12/site-packages/airflow/example_dags/example_subdag_operator.py for tasks to queue
[2026-02-23T08:18:55.979+0000] {logging_mixin.py:190} INFO - [2026-02-23T08:18:55.978+0000] {dagbag.py:588} INFO - Filling up the DagBag from /home/airflow/.local/lib/python3.12/site-packages/airflow/example_dags/example_subdag_operator.py
[2026-02-23T08:18:56.102+0000] {processor.py:925} INFO - DAG(s) 'example_subdag_operator.section-1', 'example_subdag_operator.section-2', 'example_subdag_operator' retrieved from /home/airflow/.local/lib/python3.12/site-packages/airflow/example_dags/example_subdag_operator.py
[2026-02-23T08:18:56.168+0000] {logging_mixin.py:190} INFO - [2026-02-23T08:18:56.167+0000] {dag.py:3239} INFO - Sync 3 DAGs
[2026-02-23T08:18:56.272+0000] {logging_mixin.py:190} INFO - [2026-02-23T08:18:56.271+0000] {dag.py:4180} INFO - Setting next_dagrun for example_subdag_operator to 2022-01-01 00:00:00+00:00, run_after=2022-01-01 00:00:00+00:00
[2026-02-23T08:18:56.284+0000] {logging_mixin.py:190} INFO - [2026-02-23T08:18:56.284+0000] {dag.py:4180} INFO - Setting next_dagrun for example_subdag_operator.section-1 to None, run_after=None
[2026-02-23T08:18:56.289+0000] {logging_mixin.py:190} INFO - [2026-02-23T08:18:56.288+0000] {dag.py:4180} INFO - Setting next_dagrun for example_subdag_operator.section-2 to None, run_after=None
[2026-02-23T08:18:56.314+0000] {logging_mixin.py:190} INFO - [2026-02-23T08:18:56.313+0000] {dag.py:3239} INFO - Sync 2 DAGs
[2026-02-23T08:18:56.331+0000] {logging_mixin.py:190} INFO - [2026-02-23T08:18:56.331+0000] {dag.py:4180} INFO - Setting next_dagrun for example_subdag_operator.section-1 to None, run_after=None
[2026-02-23T08:18:56.334+0000] {logging_mixin.py:190} INFO - [2026-02-23T08:18:56.333+0000] {dag.py:4180} INFO - Setting next_dagrun for example_subdag_operator.section-2 to None, run_after=None
[2026-02-23T08:18:56.373+0000] {processor.py:208} INFO - Processing /home/airflow/.local/lib/python3.12/site-packages/airflow/example_dags/example_subdag_operator.py took 0.441 seconds
[2026-02-23T08:19:26.507+0000] {processor.py:186} INFO - Started process (PID=253) to work on /home/airflow/.local/lib/python3.12/site-packages/airflow/example_dags/example_subdag_operator.py
[2026-02-23T08:19:26.510+0000] {processor.py:914} INFO - Processing file /home/airflow/.local/lib/python3.12/site-packages/airflow/example_dags/example_subdag_operator.py for tasks to queue
[2026-02-23T08:19:26.517+0000] {logging_mixin.py:190} INFO - [2026-02-23T08:19:26.516+0000] {dagbag.py:588} INFO - Filling up the DagBag from /home/airflow/.local/lib/python3.12/site-packages/airflow/example_dags/example_subdag_operator.py
[2026-02-23T08:19:26.589+0000] {processor.py:925} INFO - DAG(s) 'example_subdag_operator.section-1', 'example_subdag_operator.section-2', 'example_subdag_operator' retrieved from /home/airflow/.local/lib/python3.12/site-packages/airflow/example_dags/example_subdag_operator.py
[2026-02-23T08:19:26.627+0000] {logging_mixin.py:190} INFO - [2026-02-23T08:19:26.627+0000] {dag.py:3239} INFO - Sync 3 DAGs
[2026-02-23T08:19:26.684+0000] {logging_mixin.py:190} INFO - [2026-02-23T08:19:26.683+0000] {dag.py:4180} INFO - Setting next_dagrun for example_subdag_operator to 2022-01-01 00:00:00+00:00, run_after=2022-01-01 00:00:00+00:00
[2026-02-23T08:19:26.695+0000] {logging_mixin.py:190} INFO - [2026-02-23T08:19:26.694+0000] {dag.py:4180} INFO - Setting next_dagrun for example_subdag_operator.section-1 to None, run_after=None
[2026-02-23T08:19:26.699+0000] {logging_mixin.py:190} INFO - [2026-02-23T08:19:26.699+0000] {dag.py:4180} INFO - Setting next_dagrun for example_subdag_operator.section-2 to None, run_after=None
[2026-02-23T08:19:26.719+0000] {logging_mixin.py:190} INFO - [2026-02-23T08:19:26.719+0000] {dag.py:3239} INFO - Sync 2 DAGs
[2026-02-23T08:19:26.734+0000] {logging_mixin.py:190} INFO - [2026-02-23T08:19:26.734+0000] {dag.py:4180} INFO - Setting next_dagrun for example_subdag_operator.section-1 to None, run_after=None
[2026-02-23T08:19:26.736+0000] {logging_mixin.py:190} INFO - [2026-02-23T08:19:26.736+0000] {dag.py:4180} INFO - Setting next_dagrun for example_subdag_operator.section-2 to None, run_after=None
[2026-02-23T08:19:26.770+0000] {processor.py:208} INFO - Processing /home/airflow/.local/lib/python3.12/site-packages/airflow/example_dags/example_subdag_operator.py took 0.276 seconds
[2026-02-23T08:19:57.050+0000] {processor.py:186} INFO - Started process (PID=318) to work on /home/airflow/.local/lib/python3.12/site-packages/airflow/example_dags/example_subdag_operator.py
[2026-02-23T08:19:57.053+0000] {processor.py:914} INFO - Processing file /home/airflow/.local/lib/python3.12/site-packages/airflow/example_dags/example_subdag_operator.py for tasks to queue
[2026-02-23T08:19:57.061+0000] {logging_mixin.py:190} INFO - [2026-02-23T08:19:57.060+0000] {dagbag.py:588} INFO - Filling up the DagBag from /home/airflow/.local/lib/python3.12/site-packages/airflow/example_dags/example_subdag_operator.py
[2026-02-23T08:19:57.128+0000] {processor.py:925} INFO - DAG(s) 'example_subdag_operator.section-1', 'example_subdag_operator.section-2', 'example_subdag_operator' retrieved from /home/airflow/.local/lib/python3.12/site-packages/airflow/example_dags/example_subdag_operator.py
[2026-02-23T08:19:57.167+0000] {logging_mixin.py:190} INFO - [2026-02-23T08:19:57.167+0000] {dag.py:3239} INFO - Sync 3 DAGs
[2026-02-23T08:19:57.223+0000] {logging_mixin.py:190} INFO - [2026-02-23T08:19:57.223+0000] {dag.py:4180} INFO - Setting next_dagrun for example_subdag_operator to 2022-01-01 00:00:00+00:00, run_after=2022-01-01 00:00:00+00:00
[2026-02-23T08:19:57.234+0000] {logging_mixin.py:190} INFO - [2026-02-23T08:19:57.234+0000] {dag.py:4180} INFO - Setting next_dagrun for example_subdag_operator.section-1 to None, run_after=None
[2026-02-23T08:19:57.239+0000] {logging_mixin.py:190} INFO - [2026-02-23T08:19:57.239+0000] {dag.py:4180} INFO - Setting next_dagrun for example_subdag_operator.section-2 to None, run_after=None
[2026-02-23T08:19:57.259+0000] {logging_mixin.py:190} INFO - [2026-02-23T08:19:57.259+0000] {dag.py:3239} INFO - Sync 2 DAGs
[2026-02-23T08:19:57.275+0000] {logging_mixin.py:190} INFO - [2026-02-23T08:19:57.275+0000] {dag.py:4180} INFO - Setting next_dagrun for example_subdag_operator.section-1 to None, run_after=None
[2026-02-23T08:19:57.277+0000] {logging_mixin.py:190} INFO - [2026-02-23T08:19:57.277+0000] {dag.py:4180} INFO - Setting next_dagrun for example_subdag_operator.section-2 to None, run_after=None
[2026-02-23T08:19:57.311+0000] {processor.py:208} INFO - Processing /home/airflow/.local/lib/python3.12/site-packages/airflow/example_dags/example_subdag_operator.py took 0.277 seconds
[2026-02-23T08:20:27.896+0000] {processor.py:186} INFO - Started process (PID=383) to work on /home/airflow/.local/lib/python3.12/site-packages/airflow/example_dags/example_subdag_operator.py
[2026-02-23T08:20:27.900+0000] {processor.py:914} INFO - Processing file /home/airflow/.local/lib/python3.12/site-packages/airflow/example_dags/example_subdag_operator.py for tasks to queue
[2026-02-23T08:20:27.908+0000] {logging_mixin.py:190} INFO - [2026-02-23T08:20:27.907+0000] {dagbag.py:588} INFO - Filling up the DagBag from /home/airflow/.local/lib/python3.12/site-packages/airflow/example_dags/example_subdag_operator.py
[2026-02-23T08:20:27.977+0000] {processor.py:925} INFO - DAG(s) 'example_subdag_operator.section-1', 'example_subdag_operator.section-2', 'example_subdag_operator' retrieved from /home/airflow/.local/lib/python3.12/site-packages/airflow/example_dags/example_subdag_operator.py
[2026-02-23T08:20:28.028+0000] {logging_mixin.py:190} INFO - [2026-02-23T08:20:28.027+0000] {dag.py:3239} INFO - Sync 3 DAGs
[2026-02-23T08:20:28.100+0000] {logging_mixin.py:190} INFO - [2026-02-23T08:20:28.099+0000] {dag.py:4180} INFO - Setting next_dagrun for example_subdag_operator to 2022-01-01 00:00:00+00:00, run_after=2022-01-01 00:00:00+00:00
[2026-02-23T08:20:28.111+0000] {logging_mixin.py:190} INFO - [2026-02-23T08:20:28.110+0000] {dag.py:4180} INFO - Setting next_dagrun for example_subdag_operator.section-1 to None, run_after=None
[2026-02-23T08:20:28.116+0000] {logging_mixin.py:190} INFO - [2026-02-23T08:20:28.116+0000] {dag.py:4180} INFO - Setting next_dagrun for example_subdag_operator.section-2 to None, run_after=None
[2026-02-23T08:20:28.146+0000] {logging_mixin.py:190} INFO - [2026-02-23T08:20:28.145+0000] {dag.py:3239} INFO - Sync 2 DAGs
[2026-02-23T08:20:28.166+0000] {logging_mixin.py:190} INFO - [2026-02-23T08:20:28.166+0000] {dag.py:4180} INFO - Setting next_dagrun for example_subdag_operator.section-1 to None, run_after=None
[2026-02-23T08:20:28.168+0000] {logging_mixin.py:190} INFO - [2026-02-23T08:20:28.168+0000] {dag.py:4180} INFO - Setting next_dagrun for example_subdag_operator.section-2 to None, run_after=None
[2026-02-23T08:20:28.201+0000] {processor.py:208} INFO - Processing /home/airflow/.local/lib/python3.12/site-packages/airflow/example_dags/example_subdag_operator.py took 0.324 seconds
[2026-02-23T08:20:58.470+0000] {processor.py:186} INFO - Started process (PID=447) to work on /home/airflow/.local/lib/python3.12/site-packages/airflow/example_dags/example_subdag_operator.py
[2026-02-23T08:20:58.473+0000] {processor.py:914} INFO - Processing file /home/airflow/.local/lib/python3.12/site-packages/airflow/example_dags/example_subdag_operator.py for tasks to queue
[2026-02-23T08:20:58.480+0000] {logging_mixin.py:190} INFO - [2026-02-23T08:20:58.479+0000] {dagbag.py:588} INFO - Filling up the DagBag from /home/airflow/.local/lib/python3.12/site-packages/airflow/example_dags/example_subdag_operator.py
[2026-02-23T08:20:58.528+0000] {processor.py:925} INFO - DAG(s) 'example_subdag_operator.section-1', 'example_subdag_operator.section-2', 'example_subdag_operator' retrieved from /home/airflow/.local/lib/python3.12/site-packages/airflow/example_dags/example_subdag_operator.py
[2026-02-23T08:20:58.561+0000] {logging_mixin.py:190} INFO - [2026-02-23T08:20:58.560+0000] {dag.py:3239} INFO - Sync 3 DAGs
[2026-02-23T08:20:58.614+0000] {logging_mixin.py:190} INFO - [2026-02-23T08:20:58.614+0000] {dag.py:4180} INFO - Setting next_dagrun for example_subdag_operator to 2022-01-01 00:00:00+00:00, run_after=2022-01-01 00:00:00+00:00
[2026-02-23T08:20:58.624+0000] {logging_mixin.py:190} INFO - [2026-02-23T08:20:58.623+0000] {dag.py:4180} INFO - Setting next_dagrun for example_subdag_operator.section-1 to None, run_after=None
[2026-02-23T08:20:58.628+0000] {logging_mixin.py:190} INFO - [2026-02-23T08:20:58.627+0000] {dag.py:4180} INFO - Setting next_dagrun for example_subdag_operator.section-2 to None, run_after=None
[2026-02-23T08:20:58.644+0000] {logging_mixin.py:190} INFO - [2026-02-23T08:20:58.644+0000] {dag.py:3239} INFO - Sync 2 DAGs
[2026-02-23T08:20:58.657+0000] {logging_mixin.py:190} INFO - [2026-02-23T08:20:58.657+0000] {dag.py:4180} INFO - Setting next_dagrun for example_subdag_operator.section-1 to None, run_after=None
[2026-02-23T08:20:58.659+0000] {logging_mixin.py:190} INFO - [2026-02-23T08:20:58.658+0000] {dag.py:4180} INFO - Setting next_dagrun for example_subdag_operator.section-2 to None, run_after=None
[2026-02-23T08:20:58.684+0000] {processor.py:208} INFO - Processing /home/airflow/.local/lib/python3.12/site-packages/airflow/example_dags/example_subdag_operator.py took 0.226 seconds
[2026-02-23T08:21:29.568+0000] {processor.py:186} INFO - Started process (PID=512) to work on /home/airflow/.local/lib/python3.12/site-packages/airflow/example_dags/example_subdag_operator.py
[2026-02-23T08:21:29.569+0000] {processor.py:914} INFO - Processing file /home/airflow/.local/lib/python3.12/site-packages/airflow/example_dags/example_subdag_operator.py for tasks to queue
[2026-02-23T08:21:29.572+0000] {logging_mixin.py:190} INFO - [2026-02-23T08:21:29.572+0000] {dagbag.py:588} INFO - Filling up the DagBag from /home/airflow/.local/lib/python3.12/site-packages/airflow/example_dags/example_subdag_operator.py
[2026-02-23T08:21:29.596+0000] {processor.py:925} INFO - DAG(s) 'example_subdag_operator.section-1', 'example_subdag_operator.section-2', 'example_subdag_operator' retrieved from /home/airflow/.local/lib/python3.12/site-packages/airflow/example_dags/example_subdag_operator.py
[2026-02-23T08:21:29.609+0000] {logging_mixin.py:190} INFO - [2026-02-23T08:21:29.609+0000] {dag.py:3239} INFO - Sync 3 DAGs
[2026-02-23T08:21:29.628+0000] {logging_mixin.py:190} INFO - [2026-02-23T08:21:29.628+0000] {dag.py:4180} INFO - Setting next_dagrun for example_subdag_operator to 2022-01-01 00:00:00+00:00, run_after=2022-01-01 00:00:00+00:00
[2026-02-23T08:21:29.632+0000] {logging_mixin.py:190} INFO - [2026-02-23T08:21:29.631+0000] {dag.py:4180} INFO - Setting next_dagrun for example_subdag_operator.section-1 to None, run_after=None
[2026-02-23T08:21:29.634+0000] {logging_mixin.py:190} INFO - [2026-02-23T08:21:29.634+0000] {dag.py:4180} INFO - Setting next_dagrun for example_subdag_operator.section-2 to None, run_after=None
[2026-02-23T08:21:29.641+0000] {logging_mixin.py:190} INFO - [2026-02-23T08:21:29.641+0000] {dag.py:3239} INFO - Sync 2 DAGs
[2026-02-23T08:21:29.646+0000] {logging_mixin.py:190} INFO - [2026-02-23T08:21:29.646+0000] {dag.py:4180} INFO - Setting next_dagrun for example_subdag_operator.section-1 to None, run_after=None
[2026-02-23T08:21:29.647+0000] {logging_mixin.py:190} INFO - [2026-02-23T08:21:29.647+0000] {dag.py:4180} INFO - Setting next_dagrun for example_subdag_operator.section-2 to None, run_after=None
[2026-02-23T08:21:29.663+0000] {processor.py:208} INFO - Processing /home/airflow/.local/lib/python3.12/site-packages/airflow/example_dags/example_subdag_operator.py took 0.100 seconds
[2026-02-23T08:21:59.856+0000] {processor.py:186} INFO - Started process (PID=577) to work on /home/airflow/.local/lib/python3.12/site-packages/airflow/example_dags/example_subdag_operator.py
[2026-02-23T08:21:59.857+0000] {processor.py:914} INFO - Processing file /home/airflow/.local/lib/python3.12/site-packages/airflow/example_dags/example_subdag_operator.py for tasks to queue
[2026-02-23T08:21:59.860+0000] {logging_mixin.py:190} INFO - [2026-02-23T08:21:59.860+0000] {dagbag.py:588} INFO - Filling up the DagBag from /home/airflow/.local/lib/python3.12/site-packages/airflow/example_dags/example_subdag_operator.py
[2026-02-23T08:21:59.888+0000] {processor.py:925} INFO - DAG(s) 'example_subdag_operator.section-1', 'example_subdag_operator.section-2', 'example_subdag_operator' retrieved from /home/airflow/.local/lib/python3.12/site-packages/airflow/example_dags/example_subdag_operator.py
[2026-02-23T08:21:59.905+0000] {logging_mixin.py:190} INFO - [2026-02-23T08:21:59.905+0000] {dag.py:3239} INFO - Sync 3 DAGs
[2026-02-23T08:21:59.931+0000] {logging_mixin.py:190} INFO - [2026-02-23T08:21:59.931+0000] {dag.py:4180} INFO - Setting next_dagrun for example_subdag_operator to 2022-01-01 00:00:00+00:00, run_after=2022-01-01 00:00:00+00:00
[2026-02-23T08:21:59.935+0000] {logging_mixin.py:190} INFO - [2026-02-23T08:21:59.935+0000] {dag.py:4180} INFO - Setting next_dagrun for example_subdag_operator.section-1 to None, run_after=None
[2026-02-23T08:21:59.937+0000] {logging_mixin.py:190} INFO - [2026-02-23T08:21:59.937+0000] {dag.py:4180} INFO - Setting next_dagrun for example_subdag_operator.section-2 to None, run_after=None
[2026-02-23T08:21:59.948+0000] {logging_mixin.py:190} INFO - [2026-02-23T08:21:59.948+0000] {dag.py:3239} INFO - Sync 2 DAGs
[2026-02-23T08:21:59.955+0000] {logging_mixin.py:190} INFO - [2026-02-23T08:21:59.955+0000] {dag.py:4180} INFO - Setting next_dagrun for example_subdag_operator.section-1 to None, run_after=None
[2026-02-23T08:21:59.956+0000] {logging_mixin.py:190} INFO - [2026-02-23T08:21:59.956+0000] {dag.py:4180} INFO - Setting next_dagrun for example_subdag_operator.section-2 to None, run_after=None
[2026-02-23T08:21:59.974+0000] {processor.py:208} INFO - Processing /home/airflow/.local/lib/python3.12/site-packages/airflow/example_dags/example_subdag_operator.py took 0.125 seconds
[2026-02-23T08:24:11.841+0000] {processor.py:186} INFO - Started process (PID=53) to work on /home/airflow/.local/lib/python3.12/site-packages/airflow/example_dags/example_subdag_operator.py
[2026-02-23T08:24:11.843+0000] {processor.py:914} INFO - Processing file /home/airflow/.local/lib/python3.12/site-packages/airflow/example_dags/example_subdag_operator.py for tasks to queue
[2026-02-23T08:24:11.850+0000] {logging_mixin.py:190} INFO - [2026-02-23T08:24:11.849+0000] {dagbag.py:588} INFO - Filling up the DagBag from /home/airflow/.local/lib/python3.12/site-packages/airflow/example_dags/example_subdag_operator.py
[2026-02-23T08:24:11.926+0000] {processor.py:925} INFO - DAG(s) 'example_subdag_operator.section-1', 'example_subdag_operator.section-2', 'example_subdag_operator' retrieved from /home/airflow/.local/lib/python3.12/site-packages/airflow/example_dags/example_subdag_operator.py
[2026-02-23T08:24:12.020+0000] {logging_mixin.py:190} INFO - [2026-02-23T08:24:12.020+0000] {dag.py:3239} INFO - Sync 3 DAGs
[2026-02-23T08:24:12.139+0000] {logging_mixin.py:190} INFO - [2026-02-23T08:24:12.138+0000] {dag.py:4180} INFO - Setting next_dagrun for example_subdag_operator to 2022-01-01 00:00:00+00:00, run_after=2022-01-01 00:00:00+00:00
[2026-02-23T08:24:12.153+0000] {logging_mixin.py:190} INFO - [2026-02-23T08:24:12.153+0000] {dag.py:4180} INFO - Setting next_dagrun for example_subdag_operator.section-1 to None, run_after=None
[2026-02-23T08:24:12.160+0000] {logging_mixin.py:190} INFO - [2026-02-23T08:24:12.159+0000] {dag.py:4180} INFO - Setting next_dagrun for example_subdag_operator.section-2 to None, run_after=None
[2026-02-23T08:24:12.189+0000] {logging_mixin.py:190} INFO - [2026-02-23T08:24:12.188+0000] {dag.py:3239} INFO - Sync 2 DAGs
[2026-02-23T08:24:12.208+0000] {logging_mixin.py:190} INFO - [2026-02-23T08:24:12.208+0000] {dag.py:4180} INFO - Setting next_dagrun for example_subdag_operator.section-1 to None, run_after=None
[2026-02-23T08:24:12.211+0000] {logging_mixin.py:190} INFO - [2026-02-23T08:24:12.211+0000] {dag.py:4180} INFO - Setting next_dagrun for example_subdag_operator.section-2 to None, run_after=None
[2026-02-23T08:24:12.250+0000] {processor.py:208} INFO - Processing /home/airflow/.local/lib/python3.12/site-packages/airflow/example_dags/example_subdag_operator.py took 0.426 seconds
[2026-02-23T08:24:42.596+0000] {processor.py:186} INFO - Started process (PID=118) to work on /home/airflow/.local/lib/python3.12/site-packages/airflow/example_dags/example_subdag_operator.py
[2026-02-23T08:24:42.598+0000] {processor.py:914} INFO - Processing file /home/airflow/.local/lib/python3.12/site-packages/airflow/example_dags/example_subdag_operator.py for tasks to queue
[2026-02-23T08:24:42.603+0000] {logging_mixin.py:190} INFO - [2026-02-23T08:24:42.602+0000] {dagbag.py:588} INFO - Filling up the DagBag from /home/airflow/.local/lib/python3.12/site-packages/airflow/example_dags/example_subdag_operator.py
[2026-02-23T08:24:42.650+0000] {processor.py:925} INFO - DAG(s) 'example_subdag_operator.section-1', 'example_subdag_operator.section-2', 'example_subdag_operator' retrieved from /home/airflow/.local/lib/python3.12/site-packages/airflow/example_dags/example_subdag_operator.py
[2026-02-23T08:24:42.677+0000] {logging_mixin.py:190} INFO - [2026-02-23T08:24:42.677+0000] {dag.py:3239} INFO - Sync 3 DAGs
[2026-02-23T08:24:42.727+0000] {logging_mixin.py:190} INFO - [2026-02-23T08:24:42.727+0000] {dag.py:4180} INFO - Setting next_dagrun for example_subdag_operator to 2022-01-01 00:00:00+00:00, run_after=2022-01-01 00:00:00+00:00
[2026-02-23T08:24:42.736+0000] {logging_mixin.py:190} INFO - [2026-02-23T08:24:42.735+0000] {dag.py:4180} INFO - Setting next_dagrun for example_subdag_operator.section-1 to None, run_after=None
[2026-02-23T08:24:42.739+0000] {logging_mixin.py:190} INFO - [2026-02-23T08:24:42.739+0000] {dag.py:4180} INFO - Setting next_dagrun for example_subdag_operator.section-2 to None, run_after=None
[2026-02-23T08:24:42.753+0000] {logging_mixin.py:190} INFO - [2026-02-23T08:24:42.753+0000] {dag.py:3239} INFO - Sync 2 DAGs
[2026-02-23T08:24:42.763+0000] {logging_mixin.py:190} INFO - [2026-02-23T08:24:42.762+0000] {dag.py:4180} INFO - Setting next_dagrun for example_subdag_operator.section-1 to None, run_after=None
[2026-02-23T08:24:42.764+0000] {logging_mixin.py:190} INFO - [2026-02-23T08:24:42.764+0000] {dag.py:4180} INFO - Setting next_dagrun for example_subdag_operator.section-2 to None, run_after=None
[2026-02-23T08:24:42.786+0000] {processor.py:208} INFO - Processing /home/airflow/.local/lib/python3.12/site-packages/airflow/example_dags/example_subdag_operator.py took 0.200 seconds
[2026-02-23T08:25:14.331+0000] {processor.py:186} INFO - Started process (PID=183) to work on /home/airflow/.local/lib/python3.12/site-packages/airflow/example_dags/example_subdag_operator.py
[2026-02-23T08:25:14.334+0000] {processor.py:914} INFO - Processing file /home/airflow/.local/lib/python3.12/site-packages/airflow/example_dags/example_subdag_operator.py for tasks to queue
[2026-02-23T08:25:14.345+0000] {logging_mixin.py:190} INFO - [2026-02-23T08:25:14.343+0000] {dagbag.py:588} INFO - Filling up the DagBag from /home/airflow/.local/lib/python3.12/site-packages/airflow/example_dags/example_subdag_operator.py
[2026-02-23T08:25:14.440+0000] {processor.py:925} INFO - DAG(s) 'example_subdag_operator.section-1', 'example_subdag_operator.section-2', 'example_subdag_operator' retrieved from /home/airflow/.local/lib/python3.12/site-packages/airflow/example_dags/example_subdag_operator.py
[2026-02-23T08:25:14.513+0000] {logging_mixin.py:190} INFO - [2026-02-23T08:25:14.512+0000] {dag.py:3239} INFO - Sync 3 DAGs
[2026-02-23T08:25:14.622+0000] {logging_mixin.py:190} INFO - [2026-02-23T08:25:14.620+0000] {dag.py:4180} INFO - Setting next_dagrun for example_subdag_operator to 2022-01-01 00:00:00+00:00, run_after=2022-01-01 00:00:00+00:00
[2026-02-23T08:25:14.641+0000] {logging_mixin.py:190} INFO - [2026-02-23T08:25:14.640+0000] {dag.py:4180} INFO - Setting next_dagrun for example_subdag_operator.section-1 to None, run_after=None
[2026-02-23T08:25:14.648+0000] {logging_mixin.py:190} INFO - [2026-02-23T08:25:14.647+0000] {dag.py:4180} INFO - Setting next_dagrun for example_subdag_operator.section-2 to None, run_after=None
[2026-02-23T08:25:14.683+0000] {logging_mixin.py:190} INFO - [2026-02-23T08:25:14.683+0000] {dag.py:3239} INFO - Sync 2 DAGs
[2026-02-23T08:25:14.721+0000] {logging_mixin.py:190} INFO - [2026-02-23T08:25:14.720+0000] {dag.py:4180} INFO - Setting next_dagrun for example_subdag_operator.section-1 to None, run_after=None
[2026-02-23T08:25:14.726+0000] {logging_mixin.py:190} INFO - [2026-02-23T08:25:14.726+0000] {dag.py:4180} INFO - Setting next_dagrun for example_subdag_operator.section-2 to None, run_after=None
[2026-02-23T08:25:14.785+0000] {processor.py:208} INFO - Processing /home/airflow/.local/lib/python3.12/site-packages/airflow/example_dags/example_subdag_operator.py took 0.473 seconds
[2026-02-23T08:25:44.923+0000] {processor.py:186} INFO - Started process (PID=248) to work on /home/airflow/.local/lib/python3.12/site-packages/airflow/example_dags/example_subdag_operator.py
[2026-02-23T08:25:44.925+0000] {processor.py:914} INFO - Processing file /home/airflow/.local/lib/python3.12/site-packages/airflow/example_dags/example_subdag_operator.py for tasks to queue
[2026-02-23T08:25:44.930+0000] {logging_mixin.py:190} INFO - [2026-02-23T08:25:44.929+0000] {dagbag.py:588} INFO - Filling up the DagBag from /home/airflow/.local/lib/python3.12/site-packages/airflow/example_dags/example_subdag_operator.py
[2026-02-23T08:25:44.967+0000] {processor.py:925} INFO - DAG(s) 'example_subdag_operator.section-1', 'example_subdag_operator.section-2', 'example_subdag_operator' retrieved from /home/airflow/.local/lib/python3.12/site-packages/airflow/example_dags/example_subdag_operator.py
[2026-02-23T08:25:44.991+0000] {logging_mixin.py:190} INFO - [2026-02-23T08:25:44.990+0000] {dag.py:3239} INFO - Sync 3 DAGs
[2026-02-23T08:25:45.025+0000] {logging_mixin.py:190} INFO - [2026-02-23T08:25:45.024+0000] {dag.py:4180} INFO - Setting next_dagrun for example_subdag_operator to 2022-01-01 00:00:00+00:00, run_after=2022-01-01 00:00:00+00:00
[2026-02-23T08:25:45.032+0000] {logging_mixin.py:190} INFO - [2026-02-23T08:25:45.031+0000] {dag.py:4180} INFO - Setting next_dagrun for example_subdag_operator.section-1 to None, run_after=None
[2026-02-23T08:25:45.035+0000] {logging_mixin.py:190} INFO - [2026-02-23T08:25:45.035+0000] {dag.py:4180} INFO - Setting next_dagrun for example_subdag_operator.section-2 to None, run_after=None
[2026-02-23T08:25:45.046+0000] {logging_mixin.py:190} INFO - [2026-02-23T08:25:45.046+0000] {dag.py:3239} INFO - Sync 2 DAGs
[2026-02-23T08:25:45.057+0000] {logging_mixin.py:190} INFO - [2026-02-23T08:25:45.057+0000] {dag.py:4180} INFO - Setting next_dagrun for example_subdag_operator.section-1 to None, run_after=None
[2026-02-23T08:25:45.059+0000] {logging_mixin.py:190} INFO - [2026-02-23T08:25:45.058+0000] {dag.py:4180} INFO - Setting next_dagrun for example_subdag_operator.section-2 to None, run_after=None
[2026-02-23T08:25:45.081+0000] {processor.py:208} INFO - Processing /home/airflow/.local/lib/python3.12/site-packages/airflow/example_dags/example_subdag_operator.py took 0.172 seconds
[2026-02-23T08:26:15.466+0000] {processor.py:186} INFO - Started process (PID=313) to work on /home/airflow/.local/lib/python3.12/site-packages/airflow/example_dags/example_subdag_operator.py
[2026-02-23T08:26:15.469+0000] {processor.py:914} INFO - Processing file /home/airflow/.local/lib/python3.12/site-packages/airflow/example_dags/example_subdag_operator.py for tasks to queue
[2026-02-23T08:26:15.475+0000] {logging_mixin.py:190} INFO - [2026-02-23T08:26:15.474+0000] {dagbag.py:588} INFO - Filling up the DagBag from /home/airflow/.local/lib/python3.12/site-packages/airflow/example_dags/example_subdag_operator.py
[2026-02-23T08:26:15.525+0000] {processor.py:925} INFO - DAG(s) 'example_subdag_operator.section-1', 'example_subdag_operator.section-2', 'example_subdag_operator' retrieved from /home/airflow/.local/lib/python3.12/site-packages/airflow/example_dags/example_subdag_operator.py
[2026-02-23T08:26:15.557+0000] {logging_mixin.py:190} INFO - [2026-02-23T08:26:15.556+0000] {dag.py:3239} INFO - Sync 3 DAGs
[2026-02-23T08:26:15.607+0000] {logging_mixin.py:190} INFO - [2026-02-23T08:26:15.606+0000] {dag.py:4180} INFO - Setting next_dagrun for example_subdag_operator to 2022-01-01 00:00:00+00:00, run_after=2022-01-01 00:00:00+00:00
[2026-02-23T08:26:15.615+0000] {logging_mixin.py:190} INFO - [2026-02-23T08:26:15.615+0000] {dag.py:4180} INFO - Setting next_dagrun for example_subdag_operator.section-1 to None, run_after=None
[2026-02-23T08:26:15.620+0000] {logging_mixin.py:190} INFO - [2026-02-23T08:26:15.620+0000] {dag.py:4180} INFO - Setting next_dagrun for example_subdag_operator.section-2 to None, run_after=None
[2026-02-23T08:26:15.636+0000] {logging_mixin.py:190} INFO - [2026-02-23T08:26:15.635+0000] {dag.py:3239} INFO - Sync 2 DAGs
[2026-02-23T08:26:15.649+0000] {logging_mixin.py:190} INFO - [2026-02-23T08:26:15.648+0000] {dag.py:4180} INFO - Setting next_dagrun for example_subdag_operator.section-1 to None, run_after=None
[2026-02-23T08:26:15.651+0000] {logging_mixin.py:190} INFO - [2026-02-23T08:26:15.651+0000] {dag.py:4180} INFO - Setting next_dagrun for example_subdag_operator.section-2 to None, run_after=None
[2026-02-23T08:26:15.677+0000] {processor.py:208} INFO - Processing /home/airflow/.local/lib/python3.12/site-packages/airflow/example_dags/example_subdag_operator.py took 0.222 seconds
[2026-02-23T08:26:45.832+0000] {processor.py:186} INFO - Started process (PID=378) to work on /home/airflow/.local/lib/python3.12/site-packages/airflow/example_dags/example_subdag_operator.py
[2026-02-23T08:26:45.834+0000] {processor.py:914} INFO - Processing file /home/airflow/.local/lib/python3.12/site-packages/airflow/example_dags/example_subdag_operator.py for tasks to queue
[2026-02-23T08:26:45.838+0000] {logging_mixin.py:190} INFO - [2026-02-23T08:26:45.838+0000] {dagbag.py:588} INFO - Filling up the DagBag from /home/airflow/.local/lib/python3.12/site-packages/airflow/example_dags/example_subdag_operator.py
[2026-02-23T08:26:45.878+0000] {processor.py:925} INFO - DAG(s) 'example_subdag_operator.section-1', 'example_subdag_operator.section-2', 'example_subdag_operator' retrieved from /home/airflow/.local/lib/python3.12/site-packages/airflow/example_dags/example_subdag_operator.py
[2026-02-23T08:26:45.902+0000] {logging_mixin.py:190} INFO - [2026-02-23T08:26:45.902+0000] {dag.py:3239} INFO - Sync 3 DAGs
[2026-02-23T08:26:45.939+0000] {logging_mixin.py:190} INFO - [2026-02-23T08:26:45.938+0000] {dag.py:4180} INFO - Setting next_dagrun for example_subdag_operator to 2022-01-01 00:00:00+00:00, run_after=2022-01-01 00:00:00+00:00
[2026-02-23T08:26:45.945+0000] {logging_mixin.py:190} INFO - [2026-02-23T08:26:45.945+0000] {dag.py:4180} INFO - Setting next_dagrun for example_subdag_operator.section-1 to None, run_after=None
[2026-02-23T08:26:45.948+0000] {logging_mixin.py:190} INFO - [2026-02-23T08:26:45.947+0000] {dag.py:4180} INFO - Setting next_dagrun for example_subdag_operator.section-2 to None, run_after=None
[2026-02-23T08:26:45.960+0000] {logging_mixin.py:190} INFO - [2026-02-23T08:26:45.960+0000] {dag.py:3239} INFO - Sync 2 DAGs
[2026-02-23T08:26:45.969+0000] {logging_mixin.py:190} INFO - [2026-02-23T08:26:45.969+0000] {dag.py:4180} INFO - Setting next_dagrun for example_subdag_operator.section-1 to None, run_after=None
[2026-02-23T08:26:45.970+0000] {logging_mixin.py:190} INFO - [2026-02-23T08:26:45.970+0000] {dag.py:4180} INFO - Setting next_dagrun for example_subdag_operator.section-2 to None, run_after=None
[2026-02-23T08:26:45.989+0000] {processor.py:208} INFO - Processing /home/airflow/.local/lib/python3.12/site-packages/airflow/example_dags/example_subdag_operator.py took 0.167 seconds
[2026-02-23T08:31:03.535+0000] {processor.py:186} INFO - Started process (PID=71) to work on /home/airflow/.local/lib/python3.12/site-packages/airflow/example_dags/example_subdag_operator.py
[2026-02-23T08:31:03.539+0000] {processor.py:914} INFO - Processing file /home/airflow/.local/lib/python3.12/site-packages/airflow/example_dags/example_subdag_operator.py for tasks to queue
[2026-02-23T08:31:03.552+0000] {logging_mixin.py:190} INFO - [2026-02-23T08:31:03.550+0000] {dagbag.py:588} INFO - Filling up the DagBag from /home/airflow/.local/lib/python3.12/site-packages/airflow/example_dags/example_subdag_operator.py
[2026-02-23T08:31:03.782+0000] {processor.py:925} INFO - DAG(s) 'example_subdag_operator.section-1', 'example_subdag_operator.section-2', 'example_subdag_operator' retrieved from /home/airflow/.local/lib/python3.12/site-packages/airflow/example_dags/example_subdag_operator.py
[2026-02-23T08:31:04.032+0000] {logging_mixin.py:190} INFO - [2026-02-23T08:31:04.030+0000] {dag.py:3239} INFO - Sync 3 DAGs
[2026-02-23T08:31:04.278+0000] {logging_mixin.py:190} INFO - [2026-02-23T08:31:04.275+0000] {dag.py:4180} INFO - Setting next_dagrun for example_subdag_operator to 2022-01-01 00:00:00+00:00, run_after=2022-01-01 00:00:00+00:00
[2026-02-23T08:31:04.304+0000] {logging_mixin.py:190} INFO - [2026-02-23T08:31:04.303+0000] {dag.py:4180} INFO - Setting next_dagrun for example_subdag_operator.section-1 to None, run_after=None
[2026-02-23T08:31:04.311+0000] {logging_mixin.py:190} INFO - [2026-02-23T08:31:04.310+0000] {dag.py:4180} INFO - Setting next_dagrun for example_subdag_operator.section-2 to None, run_after=None
[2026-02-23T08:31:04.363+0000] {logging_mixin.py:190} INFO - [2026-02-23T08:31:04.362+0000] {dag.py:3239} INFO - Sync 2 DAGs
[2026-02-23T08:31:04.408+0000] {logging_mixin.py:190} INFO - [2026-02-23T08:31:04.407+0000] {dag.py:4180} INFO - Setting next_dagrun for example_subdag_operator.section-1 to None, run_after=None
[2026-02-23T08:31:04.412+0000] {logging_mixin.py:190} INFO - [2026-02-23T08:31:04.411+0000] {dag.py:4180} INFO - Setting next_dagrun for example_subdag_operator.section-2 to None, run_after=None
[2026-02-23T08:31:04.467+0000] {processor.py:208} INFO - Processing /home/airflow/.local/lib/python3.12/site-packages/airflow/example_dags/example_subdag_operator.py took 0.971 seconds
[2026-02-23T08:32:20.327+0000] {processor.py:186} INFO - Started process (PID=149) to work on /home/airflow/.local/lib/python3.12/site-packages/airflow/example_dags/example_subdag_operator.py
[2026-02-23T08:32:20.333+0000] {processor.py:914} INFO - Processing file /home/airflow/.local/lib/python3.12/site-packages/airflow/example_dags/example_subdag_operator.py for tasks to queue
[2026-02-23T08:32:20.337+0000] {logging_mixin.py:190} INFO - [2026-02-23T08:32:20.336+0000] {dagbag.py:588} INFO - Filling up the DagBag from /home/airflow/.local/lib/python3.12/site-packages/airflow/example_dags/example_subdag_operator.py
[2026-02-23T08:32:20.391+0000] {processor.py:925} INFO - DAG(s) 'example_subdag_operator.section-1', 'example_subdag_operator.section-2', 'example_subdag_operator' retrieved from /home/airflow/.local/lib/python3.12/site-packages/airflow/example_dags/example_subdag_operator.py
[2026-02-23T08:32:20.425+0000] {logging_mixin.py:190} INFO - [2026-02-23T08:32:20.424+0000] {dag.py:3239} INFO - Sync 3 DAGs
[2026-02-23T08:32:20.477+0000] {logging_mixin.py:190} INFO - [2026-02-23T08:32:20.476+0000] {dag.py:4180} INFO - Setting next_dagrun for example_subdag_operator to 2022-01-01 00:00:00+00:00, run_after=2022-01-01 00:00:00+00:00
[2026-02-23T08:32:20.487+0000] {logging_mixin.py:190} INFO - [2026-02-23T08:32:20.486+0000] {dag.py:4180} INFO - Setting next_dagrun for example_subdag_operator.section-1 to None, run_after=None
[2026-02-23T08:32:20.490+0000] {logging_mixin.py:190} INFO - [2026-02-23T08:32:20.489+0000] {dag.py:4180} INFO - Setting next_dagrun for example_subdag_operator.section-2 to None, run_after=None
[2026-02-23T08:32:20.505+0000] {logging_mixin.py:190} INFO - [2026-02-23T08:32:20.505+0000] {dag.py:3239} INFO - Sync 2 DAGs
[2026-02-23T08:32:20.517+0000] {logging_mixin.py:190} INFO - [2026-02-23T08:32:20.516+0000] {dag.py:4180} INFO - Setting next_dagrun for example_subdag_operator.section-1 to None, run_after=None
[2026-02-23T08:32:20.518+0000] {logging_mixin.py:190} INFO - [2026-02-23T08:32:20.518+0000] {dag.py:4180} INFO - Setting next_dagrun for example_subdag_operator.section-2 to None, run_after=None
[2026-02-23T08:32:20.543+0000] {processor.py:208} INFO - Processing /home/airflow/.local/lib/python3.12/site-packages/airflow/example_dags/example_subdag_operator.py took 0.226 seconds
[2026-02-23T15:42:13.475+0000] {processor.py:186} INFO - Started process (PID=188) to work on /home/airflow/.local/lib/python3.12/site-packages/airflow/example_dags/example_subdag_operator.py
[2026-02-23T15:42:13.477+0000] {processor.py:914} INFO - Processing file /home/airflow/.local/lib/python3.12/site-packages/airflow/example_dags/example_subdag_operator.py for tasks to queue
[2026-02-23T15:42:13.481+0000] {logging_mixin.py:190} INFO - [2026-02-23T15:42:13.480+0000] {dagbag.py:588} INFO - Filling up the DagBag from /home/airflow/.local/lib/python3.12/site-packages/airflow/example_dags/example_subdag_operator.py
[2026-02-23T15:42:13.548+0000] {processor.py:925} INFO - DAG(s) 'example_subdag_operator.section-1', 'example_subdag_operator.section-2', 'example_subdag_operator' retrieved from /home/airflow/.local/lib/python3.12/site-packages/airflow/example_dags/example_subdag_operator.py
[2026-02-23T15:42:13.587+0000] {logging_mixin.py:190} INFO - [2026-02-23T15:42:13.586+0000] {dag.py:3239} INFO - Sync 3 DAGs
[2026-02-23T15:42:13.647+0000] {logging_mixin.py:190} INFO - [2026-02-23T15:42:13.646+0000] {dag.py:4180} INFO - Setting next_dagrun for example_subdag_operator to 2022-01-01 00:00:00+00:00, run_after=2022-01-01 00:00:00+00:00
[2026-02-23T15:42:13.658+0000] {logging_mixin.py:190} INFO - [2026-02-23T15:42:13.658+0000] {dag.py:4180} INFO - Setting next_dagrun for example_subdag_operator.section-1 to None, run_after=None
[2026-02-23T15:42:13.663+0000] {logging_mixin.py:190} INFO - [2026-02-23T15:42:13.662+0000] {dag.py:4180} INFO - Setting next_dagrun for example_subdag_operator.section-2 to None, run_after=None
[2026-02-23T15:42:13.680+0000] {logging_mixin.py:190} INFO - [2026-02-23T15:42:13.679+0000] {dag.py:3239} INFO - Sync 2 DAGs
[2026-02-23T15:42:13.696+0000] {logging_mixin.py:190} INFO - [2026-02-23T15:42:13.696+0000] {dag.py:4180} INFO - Setting next_dagrun for example_subdag_operator.section-1 to None, run_after=None
[2026-02-23T15:42:13.698+0000] {logging_mixin.py:190} INFO - [2026-02-23T15:42:13.698+0000] {dag.py:4180} INFO - Setting next_dagrun for example_subdag_operator.section-2 to None, run_after=None
[2026-02-23T15:42:13.730+0000] {processor.py:208} INFO - Processing /home/airflow/.local/lib/python3.12/site-packages/airflow/example_dags/example_subdag_operator.py took 0.268 seconds
[2026-02-23T15:42:44.393+0000] {processor.py:186} INFO - Started process (PID=253) to work on /home/airflow/.local/lib/python3.12/site-packages/airflow/example_dags/example_subdag_operator.py
[2026-02-23T15:42:44.395+0000] {processor.py:914} INFO - Processing file /home/airflow/.local/lib/python3.12/site-packages/airflow/example_dags/example_subdag_operator.py for tasks to queue
[2026-02-23T15:42:44.397+0000] {logging_mixin.py:190} INFO - [2026-02-23T15:42:44.397+0000] {dagbag.py:588} INFO - Filling up the DagBag from /home/airflow/.local/lib/python3.12/site-packages/airflow/example_dags/example_subdag_operator.py
[2026-02-23T15:42:44.449+0000] {processor.py:925} INFO - DAG(s) 'example_subdag_operator.section-1', 'example_subdag_operator.section-2', 'example_subdag_operator' retrieved from /home/airflow/.local/lib/python3.12/site-packages/airflow/example_dags/example_subdag_operator.py
[2026-02-23T15:42:44.477+0000] {logging_mixin.py:190} INFO - [2026-02-23T15:42:44.477+0000] {dag.py:3239} INFO - Sync 3 DAGs
[2026-02-23T15:42:44.520+0000] {logging_mixin.py:190} INFO - [2026-02-23T15:42:44.520+0000] {dag.py:4180} INFO - Setting next_dagrun for example_subdag_operator to 2022-01-01 00:00:00+00:00, run_after=2022-01-01 00:00:00+00:00
[2026-02-23T15:42:44.526+0000] {logging_mixin.py:190} INFO - [2026-02-23T15:42:44.525+0000] {dag.py:4180} INFO - Setting next_dagrun for example_subdag_operator.section-1 to None, run_after=None
[2026-02-23T15:42:44.529+0000] {logging_mixin.py:190} INFO - [2026-02-23T15:42:44.528+0000] {dag.py:4180} INFO - Setting next_dagrun for example_subdag_operator.section-2 to None, run_after=None
[2026-02-23T15:42:44.541+0000] {logging_mixin.py:190} INFO - [2026-02-23T15:42:44.541+0000] {dag.py:3239} INFO - Sync 2 DAGs
[2026-02-23T15:42:44.550+0000] {logging_mixin.py:190} INFO - [2026-02-23T15:42:44.550+0000] {dag.py:4180} INFO - Setting next_dagrun for example_subdag_operator.section-1 to None, run_after=None
[2026-02-23T15:42:44.551+0000] {logging_mixin.py:190} INFO - [2026-02-23T15:42:44.551+0000] {dag.py:4180} INFO - Setting next_dagrun for example_subdag_operator.section-2 to None, run_after=None
[2026-02-23T15:42:44.572+0000] {processor.py:208} INFO - Processing /home/airflow/.local/lib/python3.12/site-packages/airflow/example_dags/example_subdag_operator.py took 0.189 seconds
