[2026-02-23T07:42:07.984+0000] {processor.py:186} INFO - Started process (PID=3328) to work on /home/airflow/.local/lib/python3.12/site-packages/airflow/example_dags/example_latest_only.py
[2026-02-23T07:42:07.988+0000] {processor.py:914} INFO - Processing file /home/airflow/.local/lib/python3.12/site-packages/airflow/example_dags/example_latest_only.py for tasks to queue
[2026-02-23T07:42:08.004+0000] {logging_mixin.py:190} INFO - [2026-02-23T07:42:08.003+0000] {dagbag.py:588} INFO - Filling up the DagBag from /home/airflow/.local/lib/python3.12/site-packages/airflow/example_dags/example_latest_only.py
[2026-02-23T07:42:08.045+0000] {processor.py:925} INFO - DAG(s) 'latest_only' retrieved from /home/airflow/.local/lib/python3.12/site-packages/airflow/example_dags/example_latest_only.py
[2026-02-23T07:42:08.133+0000] {logging_mixin.py:190} INFO - [2026-02-23T07:42:08.133+0000] {dag.py:3239} INFO - Sync 1 DAGs
[2026-02-23T07:42:08.246+0000] {logging_mixin.py:190} INFO - [2026-02-23T07:42:08.246+0000] {dag.py:4180} INFO - Setting next_dagrun for latest_only to 2026-02-23 00:00:00+00:00, run_after=2026-02-23 04:00:00+00:00
[2026-02-23T07:42:08.333+0000] {processor.py:208} INFO - Processing /home/airflow/.local/lib/python3.12/site-packages/airflow/example_dags/example_latest_only.py took 0.382 seconds
[2026-02-23T07:42:38.682+0000] {processor.py:186} INFO - Started process (PID=3399) to work on /home/airflow/.local/lib/python3.12/site-packages/airflow/example_dags/example_latest_only.py
[2026-02-23T07:42:38.686+0000] {processor.py:914} INFO - Processing file /home/airflow/.local/lib/python3.12/site-packages/airflow/example_dags/example_latest_only.py for tasks to queue
[2026-02-23T07:42:38.691+0000] {logging_mixin.py:190} INFO - [2026-02-23T07:42:38.690+0000] {dagbag.py:588} INFO - Filling up the DagBag from /home/airflow/.local/lib/python3.12/site-packages/airflow/example_dags/example_latest_only.py
[2026-02-23T07:42:38.714+0000] {processor.py:925} INFO - DAG(s) 'latest_only' retrieved from /home/airflow/.local/lib/python3.12/site-packages/airflow/example_dags/example_latest_only.py
[2026-02-23T07:42:38.798+0000] {logging_mixin.py:190} INFO - [2026-02-23T07:42:38.798+0000] {dag.py:3239} INFO - Sync 1 DAGs
[2026-02-23T07:42:38.898+0000] {logging_mixin.py:190} INFO - [2026-02-23T07:42:38.897+0000] {dag.py:4180} INFO - Setting next_dagrun for latest_only to 2026-02-23 00:00:00+00:00, run_after=2026-02-23 04:00:00+00:00
[2026-02-23T07:42:38.964+0000] {processor.py:208} INFO - Processing /home/airflow/.local/lib/python3.12/site-packages/airflow/example_dags/example_latest_only.py took 0.302 seconds
[2026-02-23T07:43:44.644+0000] {processor.py:186} INFO - Started process (PID=3491) to work on /home/airflow/.local/lib/python3.12/site-packages/airflow/example_dags/example_latest_only.py
[2026-02-23T07:43:44.648+0000] {processor.py:914} INFO - Processing file /home/airflow/.local/lib/python3.12/site-packages/airflow/example_dags/example_latest_only.py for tasks to queue
[2026-02-23T07:43:44.656+0000] {logging_mixin.py:190} INFO - [2026-02-23T07:43:44.654+0000] {dagbag.py:588} INFO - Filling up the DagBag from /home/airflow/.local/lib/python3.12/site-packages/airflow/example_dags/example_latest_only.py
[2026-02-23T07:43:44.738+0000] {processor.py:925} INFO - DAG(s) 'latest_only' retrieved from /home/airflow/.local/lib/python3.12/site-packages/airflow/example_dags/example_latest_only.py
[2026-02-23T07:43:44.856+0000] {logging_mixin.py:190} INFO - [2026-02-23T07:43:44.854+0000] {dag.py:3239} INFO - Sync 1 DAGs
[2026-02-23T07:43:44.970+0000] {logging_mixin.py:190} INFO - [2026-02-23T07:43:44.969+0000] {dag.py:4180} INFO - Setting next_dagrun for latest_only to 2026-02-23 00:00:00+00:00, run_after=2026-02-23 04:00:00+00:00
[2026-02-23T07:43:45.056+0000] {processor.py:208} INFO - Processing /home/airflow/.local/lib/python3.12/site-packages/airflow/example_dags/example_latest_only.py took 0.458 seconds
[2026-02-23T08:18:00.356+0000] {processor.py:186} INFO - Started process (PID=82) to work on /home/airflow/.local/lib/python3.12/site-packages/airflow/example_dags/example_latest_only.py
[2026-02-23T08:18:00.360+0000] {processor.py:914} INFO - Processing file /home/airflow/.local/lib/python3.12/site-packages/airflow/example_dags/example_latest_only.py for tasks to queue
[2026-02-23T08:18:00.366+0000] {logging_mixin.py:190} INFO - [2026-02-23T08:18:00.366+0000] {dagbag.py:588} INFO - Filling up the DagBag from /home/airflow/.local/lib/python3.12/site-packages/airflow/example_dags/example_latest_only.py
[2026-02-23T08:18:00.386+0000] {processor.py:925} INFO - DAG(s) 'latest_only' retrieved from /home/airflow/.local/lib/python3.12/site-packages/airflow/example_dags/example_latest_only.py
[2026-02-23T08:18:00.443+0000] {logging_mixin.py:190} INFO - [2026-02-23T08:18:00.443+0000] {dag.py:3239} INFO - Sync 1 DAGs
[2026-02-23T08:18:00.508+0000] {logging_mixin.py:190} INFO - [2026-02-23T08:18:00.507+0000] {dag.py:4180} INFO - Setting next_dagrun for latest_only to 2026-02-23 04:00:00+00:00, run_after=2026-02-23 08:00:00+00:00
[2026-02-23T08:18:00.574+0000] {processor.py:208} INFO - Processing /home/airflow/.local/lib/python3.12/site-packages/airflow/example_dags/example_latest_only.py took 0.238 seconds
[2026-02-23T08:18:32.495+0000] {processor.py:186} INFO - Started process (PID=147) to work on /home/airflow/.local/lib/python3.12/site-packages/airflow/example_dags/example_latest_only.py
[2026-02-23T08:18:32.499+0000] {processor.py:914} INFO - Processing file /home/airflow/.local/lib/python3.12/site-packages/airflow/example_dags/example_latest_only.py for tasks to queue
[2026-02-23T08:18:32.508+0000] {logging_mixin.py:190} INFO - [2026-02-23T08:18:32.507+0000] {dagbag.py:588} INFO - Filling up the DagBag from /home/airflow/.local/lib/python3.12/site-packages/airflow/example_dags/example_latest_only.py
[2026-02-23T08:18:32.538+0000] {processor.py:925} INFO - DAG(s) 'latest_only' retrieved from /home/airflow/.local/lib/python3.12/site-packages/airflow/example_dags/example_latest_only.py
[2026-02-23T08:18:32.607+0000] {logging_mixin.py:190} INFO - [2026-02-23T08:18:32.606+0000] {dag.py:3239} INFO - Sync 1 DAGs
[2026-02-23T08:18:32.698+0000] {logging_mixin.py:190} INFO - [2026-02-23T08:18:32.696+0000] {dag.py:4180} INFO - Setting next_dagrun for latest_only to 2026-02-23 04:00:00+00:00, run_after=2026-02-23 08:00:00+00:00
[2026-02-23T08:18:32.782+0000] {processor.py:208} INFO - Processing /home/airflow/.local/lib/python3.12/site-packages/airflow/example_dags/example_latest_only.py took 0.308 seconds
[2026-02-23T08:19:03.659+0000] {processor.py:186} INFO - Started process (PID=211) to work on /home/airflow/.local/lib/python3.12/site-packages/airflow/example_dags/example_latest_only.py
[2026-02-23T08:19:03.672+0000] {processor.py:914} INFO - Processing file /home/airflow/.local/lib/python3.12/site-packages/airflow/example_dags/example_latest_only.py for tasks to queue
[2026-02-23T08:19:03.690+0000] {logging_mixin.py:190} INFO - [2026-02-23T08:19:03.688+0000] {dagbag.py:588} INFO - Filling up the DagBag from /home/airflow/.local/lib/python3.12/site-packages/airflow/example_dags/example_latest_only.py
[2026-02-23T08:19:03.734+0000] {processor.py:925} INFO - DAG(s) 'latest_only' retrieved from /home/airflow/.local/lib/python3.12/site-packages/airflow/example_dags/example_latest_only.py
[2026-02-23T08:19:03.844+0000] {logging_mixin.py:190} INFO - [2026-02-23T08:19:03.844+0000] {dag.py:3239} INFO - Sync 1 DAGs
[2026-02-23T08:19:03.995+0000] {logging_mixin.py:190} INFO - [2026-02-23T08:19:03.994+0000] {dag.py:4180} INFO - Setting next_dagrun for latest_only to 2026-02-23 04:00:00+00:00, run_after=2026-02-23 08:00:00+00:00
[2026-02-23T08:19:04.165+0000] {processor.py:208} INFO - Processing /home/airflow/.local/lib/python3.12/site-packages/airflow/example_dags/example_latest_only.py took 0.545 seconds
[2026-02-23T08:19:34.531+0000] {processor.py:186} INFO - Started process (PID=275) to work on /home/airflow/.local/lib/python3.12/site-packages/airflow/example_dags/example_latest_only.py
[2026-02-23T08:19:34.536+0000] {processor.py:914} INFO - Processing file /home/airflow/.local/lib/python3.12/site-packages/airflow/example_dags/example_latest_only.py for tasks to queue
[2026-02-23T08:19:34.544+0000] {logging_mixin.py:190} INFO - [2026-02-23T08:19:34.543+0000] {dagbag.py:588} INFO - Filling up the DagBag from /home/airflow/.local/lib/python3.12/site-packages/airflow/example_dags/example_latest_only.py
[2026-02-23T08:19:34.573+0000] {processor.py:925} INFO - DAG(s) 'latest_only' retrieved from /home/airflow/.local/lib/python3.12/site-packages/airflow/example_dags/example_latest_only.py
[2026-02-23T08:19:34.631+0000] {logging_mixin.py:190} INFO - [2026-02-23T08:19:34.630+0000] {dag.py:3239} INFO - Sync 1 DAGs
[2026-02-23T08:19:34.704+0000] {logging_mixin.py:190} INFO - [2026-02-23T08:19:34.703+0000] {dag.py:4180} INFO - Setting next_dagrun for latest_only to 2026-02-23 04:00:00+00:00, run_after=2026-02-23 08:00:00+00:00
[2026-02-23T08:19:34.757+0000] {processor.py:208} INFO - Processing /home/airflow/.local/lib/python3.12/site-packages/airflow/example_dags/example_latest_only.py took 0.245 seconds
[2026-02-23T08:20:05.205+0000] {processor.py:186} INFO - Started process (PID=340) to work on /home/airflow/.local/lib/python3.12/site-packages/airflow/example_dags/example_latest_only.py
[2026-02-23T08:20:05.208+0000] {processor.py:914} INFO - Processing file /home/airflow/.local/lib/python3.12/site-packages/airflow/example_dags/example_latest_only.py for tasks to queue
[2026-02-23T08:20:05.216+0000] {logging_mixin.py:190} INFO - [2026-02-23T08:20:05.215+0000] {dagbag.py:588} INFO - Filling up the DagBag from /home/airflow/.local/lib/python3.12/site-packages/airflow/example_dags/example_latest_only.py
[2026-02-23T08:20:05.239+0000] {processor.py:925} INFO - DAG(s) 'latest_only' retrieved from /home/airflow/.local/lib/python3.12/site-packages/airflow/example_dags/example_latest_only.py
[2026-02-23T08:20:05.297+0000] {logging_mixin.py:190} INFO - [2026-02-23T08:20:05.296+0000] {dag.py:3239} INFO - Sync 1 DAGs
[2026-02-23T08:20:05.423+0000] {logging_mixin.py:190} INFO - [2026-02-23T08:20:05.422+0000] {dag.py:4180} INFO - Setting next_dagrun for latest_only to 2026-02-23 04:00:00+00:00, run_after=2026-02-23 08:00:00+00:00
[2026-02-23T08:20:05.514+0000] {processor.py:208} INFO - Processing /home/airflow/.local/lib/python3.12/site-packages/airflow/example_dags/example_latest_only.py took 0.319 seconds
[2026-02-23T08:20:35.981+0000] {processor.py:186} INFO - Started process (PID=405) to work on /home/airflow/.local/lib/python3.12/site-packages/airflow/example_dags/example_latest_only.py
[2026-02-23T08:20:35.983+0000] {processor.py:914} INFO - Processing file /home/airflow/.local/lib/python3.12/site-packages/airflow/example_dags/example_latest_only.py for tasks to queue
[2026-02-23T08:20:35.989+0000] {logging_mixin.py:190} INFO - [2026-02-23T08:20:35.988+0000] {dagbag.py:588} INFO - Filling up the DagBag from /home/airflow/.local/lib/python3.12/site-packages/airflow/example_dags/example_latest_only.py
[2026-02-23T08:20:36.005+0000] {processor.py:925} INFO - DAG(s) 'latest_only' retrieved from /home/airflow/.local/lib/python3.12/site-packages/airflow/example_dags/example_latest_only.py
[2026-02-23T08:20:36.048+0000] {logging_mixin.py:190} INFO - [2026-02-23T08:20:36.048+0000] {dag.py:3239} INFO - Sync 1 DAGs
[2026-02-23T08:20:36.107+0000] {logging_mixin.py:190} INFO - [2026-02-23T08:20:36.106+0000] {dag.py:4180} INFO - Setting next_dagrun for latest_only to 2026-02-23 04:00:00+00:00, run_after=2026-02-23 08:00:00+00:00
[2026-02-23T08:20:36.166+0000] {processor.py:208} INFO - Processing /home/airflow/.local/lib/python3.12/site-packages/airflow/example_dags/example_latest_only.py took 0.200 seconds
[2026-02-23T08:21:06.504+0000] {processor.py:186} INFO - Started process (PID=469) to work on /home/airflow/.local/lib/python3.12/site-packages/airflow/example_dags/example_latest_only.py
[2026-02-23T08:21:06.507+0000] {processor.py:914} INFO - Processing file /home/airflow/.local/lib/python3.12/site-packages/airflow/example_dags/example_latest_only.py for tasks to queue
[2026-02-23T08:21:06.515+0000] {logging_mixin.py:190} INFO - [2026-02-23T08:21:06.514+0000] {dagbag.py:588} INFO - Filling up the DagBag from /home/airflow/.local/lib/python3.12/site-packages/airflow/example_dags/example_latest_only.py
[2026-02-23T08:21:06.543+0000] {processor.py:925} INFO - DAG(s) 'latest_only' retrieved from /home/airflow/.local/lib/python3.12/site-packages/airflow/example_dags/example_latest_only.py
[2026-02-23T08:21:06.607+0000] {logging_mixin.py:190} INFO - [2026-02-23T08:21:06.606+0000] {dag.py:3239} INFO - Sync 1 DAGs
[2026-02-23T08:21:06.690+0000] {logging_mixin.py:190} INFO - [2026-02-23T08:21:06.689+0000] {dag.py:4180} INFO - Setting next_dagrun for latest_only to 2026-02-23 04:00:00+00:00, run_after=2026-02-23 08:00:00+00:00
[2026-02-23T08:21:06.758+0000] {processor.py:208} INFO - Processing /home/airflow/.local/lib/python3.12/site-packages/airflow/example_dags/example_latest_only.py took 0.277 seconds
[2026-02-23T08:21:37.134+0000] {processor.py:186} INFO - Started process (PID=534) to work on /home/airflow/.local/lib/python3.12/site-packages/airflow/example_dags/example_latest_only.py
[2026-02-23T08:21:37.135+0000] {processor.py:914} INFO - Processing file /home/airflow/.local/lib/python3.12/site-packages/airflow/example_dags/example_latest_only.py for tasks to queue
[2026-02-23T08:21:37.137+0000] {logging_mixin.py:190} INFO - [2026-02-23T08:21:37.137+0000] {dagbag.py:588} INFO - Filling up the DagBag from /home/airflow/.local/lib/python3.12/site-packages/airflow/example_dags/example_latest_only.py
[2026-02-23T08:21:37.144+0000] {processor.py:925} INFO - DAG(s) 'latest_only' retrieved from /home/airflow/.local/lib/python3.12/site-packages/airflow/example_dags/example_latest_only.py
[2026-02-23T08:21:37.163+0000] {logging_mixin.py:190} INFO - [2026-02-23T08:21:37.163+0000] {dag.py:3239} INFO - Sync 1 DAGs
[2026-02-23T08:21:37.185+0000] {logging_mixin.py:190} INFO - [2026-02-23T08:21:37.185+0000] {dag.py:4180} INFO - Setting next_dagrun for latest_only to 2026-02-23 04:00:00+00:00, run_after=2026-02-23 08:00:00+00:00
[2026-02-23T08:21:37.205+0000] {processor.py:208} INFO - Processing /home/airflow/.local/lib/python3.12/site-packages/airflow/example_dags/example_latest_only.py took 0.076 seconds
[2026-02-23T08:22:07.615+0000] {processor.py:186} INFO - Started process (PID=599) to work on /home/airflow/.local/lib/python3.12/site-packages/airflow/example_dags/example_latest_only.py
[2026-02-23T08:22:07.617+0000] {processor.py:914} INFO - Processing file /home/airflow/.local/lib/python3.12/site-packages/airflow/example_dags/example_latest_only.py for tasks to queue
[2026-02-23T08:22:07.623+0000] {logging_mixin.py:190} INFO - [2026-02-23T08:22:07.623+0000] {dagbag.py:588} INFO - Filling up the DagBag from /home/airflow/.local/lib/python3.12/site-packages/airflow/example_dags/example_latest_only.py
[2026-02-23T08:22:07.633+0000] {processor.py:925} INFO - DAG(s) 'latest_only' retrieved from /home/airflow/.local/lib/python3.12/site-packages/airflow/example_dags/example_latest_only.py
[2026-02-23T08:22:07.656+0000] {logging_mixin.py:190} INFO - [2026-02-23T08:22:07.655+0000] {dag.py:3239} INFO - Sync 1 DAGs
[2026-02-23T08:22:07.687+0000] {logging_mixin.py:190} INFO - [2026-02-23T08:22:07.686+0000] {dag.py:4180} INFO - Setting next_dagrun for latest_only to 2026-02-23 04:00:00+00:00, run_after=2026-02-23 08:00:00+00:00
[2026-02-23T08:22:07.715+0000] {processor.py:208} INFO - Processing /home/airflow/.local/lib/python3.12/site-packages/airflow/example_dags/example_latest_only.py took 0.110 seconds
[2026-02-23T08:24:22.272+0000] {processor.py:186} INFO - Started process (PID=77) to work on /home/airflow/.local/lib/python3.12/site-packages/airflow/example_dags/example_latest_only.py
[2026-02-23T08:24:22.275+0000] {processor.py:914} INFO - Processing file /home/airflow/.local/lib/python3.12/site-packages/airflow/example_dags/example_latest_only.py for tasks to queue
[2026-02-23T08:24:22.282+0000] {logging_mixin.py:190} INFO - [2026-02-23T08:24:22.281+0000] {dagbag.py:588} INFO - Filling up the DagBag from /home/airflow/.local/lib/python3.12/site-packages/airflow/example_dags/example_latest_only.py
[2026-02-23T08:24:22.307+0000] {processor.py:925} INFO - DAG(s) 'latest_only' retrieved from /home/airflow/.local/lib/python3.12/site-packages/airflow/example_dags/example_latest_only.py
[2026-02-23T08:24:22.370+0000] {logging_mixin.py:190} INFO - [2026-02-23T08:24:22.369+0000] {dag.py:3239} INFO - Sync 1 DAGs
[2026-02-23T08:24:22.435+0000] {logging_mixin.py:190} INFO - [2026-02-23T08:24:22.435+0000] {dag.py:4180} INFO - Setting next_dagrun for latest_only to 2026-02-23 04:00:00+00:00, run_after=2026-02-23 08:00:00+00:00
[2026-02-23T08:24:22.500+0000] {processor.py:208} INFO - Processing /home/airflow/.local/lib/python3.12/site-packages/airflow/example_dags/example_latest_only.py took 0.248 seconds
[2026-02-23T08:24:53.237+0000] {processor.py:186} INFO - Started process (PID=142) to work on /home/airflow/.local/lib/python3.12/site-packages/airflow/example_dags/example_latest_only.py
[2026-02-23T08:24:53.239+0000] {processor.py:914} INFO - Processing file /home/airflow/.local/lib/python3.12/site-packages/airflow/example_dags/example_latest_only.py for tasks to queue
[2026-02-23T08:24:53.243+0000] {logging_mixin.py:190} INFO - [2026-02-23T08:24:53.242+0000] {dagbag.py:588} INFO - Filling up the DagBag from /home/airflow/.local/lib/python3.12/site-packages/airflow/example_dags/example_latest_only.py
[2026-02-23T08:24:53.254+0000] {processor.py:925} INFO - DAG(s) 'latest_only' retrieved from /home/airflow/.local/lib/python3.12/site-packages/airflow/example_dags/example_latest_only.py
[2026-02-23T08:24:53.281+0000] {logging_mixin.py:190} INFO - [2026-02-23T08:24:53.281+0000] {dag.py:3239} INFO - Sync 1 DAGs
[2026-02-23T08:24:53.313+0000] {logging_mixin.py:190} INFO - [2026-02-23T08:24:53.313+0000] {dag.py:4180} INFO - Setting next_dagrun for latest_only to 2026-02-23 04:00:00+00:00, run_after=2026-02-23 08:00:00+00:00
[2026-02-23T08:24:53.340+0000] {processor.py:208} INFO - Processing /home/airflow/.local/lib/python3.12/site-packages/airflow/example_dags/example_latest_only.py took 0.112 seconds
[2026-02-23T08:25:24.774+0000] {processor.py:186} INFO - Started process (PID=207) to work on /home/airflow/.local/lib/python3.12/site-packages/airflow/example_dags/example_latest_only.py
[2026-02-23T08:25:24.779+0000] {processor.py:914} INFO - Processing file /home/airflow/.local/lib/python3.12/site-packages/airflow/example_dags/example_latest_only.py for tasks to queue
[2026-02-23T08:25:24.789+0000] {logging_mixin.py:190} INFO - [2026-02-23T08:25:24.788+0000] {dagbag.py:588} INFO - Filling up the DagBag from /home/airflow/.local/lib/python3.12/site-packages/airflow/example_dags/example_latest_only.py
[2026-02-23T08:25:24.819+0000] {processor.py:925} INFO - DAG(s) 'latest_only' retrieved from /home/airflow/.local/lib/python3.12/site-packages/airflow/example_dags/example_latest_only.py
[2026-02-23T08:25:24.911+0000] {logging_mixin.py:190} INFO - [2026-02-23T08:25:24.910+0000] {dag.py:3239} INFO - Sync 1 DAGs
[2026-02-23T08:25:25.006+0000] {logging_mixin.py:190} INFO - [2026-02-23T08:25:25.005+0000] {dag.py:4180} INFO - Setting next_dagrun for latest_only to 2026-02-23 04:00:00+00:00, run_after=2026-02-23 08:00:00+00:00
[2026-02-23T08:25:25.085+0000] {processor.py:208} INFO - Processing /home/airflow/.local/lib/python3.12/site-packages/airflow/example_dags/example_latest_only.py took 0.335 seconds
[2026-02-23T08:25:55.716+0000] {processor.py:186} INFO - Started process (PID=271) to work on /home/airflow/.local/lib/python3.12/site-packages/airflow/example_dags/example_latest_only.py
[2026-02-23T08:25:55.726+0000] {processor.py:914} INFO - Processing file /home/airflow/.local/lib/python3.12/site-packages/airflow/example_dags/example_latest_only.py for tasks to queue
[2026-02-23T08:25:55.737+0000] {logging_mixin.py:190} INFO - [2026-02-23T08:25:55.735+0000] {dagbag.py:588} INFO - Filling up the DagBag from /home/airflow/.local/lib/python3.12/site-packages/airflow/example_dags/example_latest_only.py
[2026-02-23T08:25:55.774+0000] {processor.py:925} INFO - DAG(s) 'latest_only' retrieved from /home/airflow/.local/lib/python3.12/site-packages/airflow/example_dags/example_latest_only.py
[2026-02-23T08:25:55.879+0000] {logging_mixin.py:190} INFO - [2026-02-23T08:25:55.878+0000] {dag.py:3239} INFO - Sync 1 DAGs
[2026-02-23T08:25:56.014+0000] {logging_mixin.py:190} INFO - [2026-02-23T08:25:56.013+0000] {dag.py:4180} INFO - Setting next_dagrun for latest_only to 2026-02-23 04:00:00+00:00, run_after=2026-02-23 08:00:00+00:00
[2026-02-23T08:25:56.107+0000] {processor.py:208} INFO - Processing /home/airflow/.local/lib/python3.12/site-packages/airflow/example_dags/example_latest_only.py took 0.419 seconds
[2026-02-23T08:26:26.371+0000] {processor.py:186} INFO - Started process (PID=335) to work on /home/airflow/.local/lib/python3.12/site-packages/airflow/example_dags/example_latest_only.py
[2026-02-23T08:26:26.373+0000] {processor.py:914} INFO - Processing file /home/airflow/.local/lib/python3.12/site-packages/airflow/example_dags/example_latest_only.py for tasks to queue
[2026-02-23T08:26:26.378+0000] {logging_mixin.py:190} INFO - [2026-02-23T08:26:26.378+0000] {dagbag.py:588} INFO - Filling up the DagBag from /home/airflow/.local/lib/python3.12/site-packages/airflow/example_dags/example_latest_only.py
[2026-02-23T08:26:26.392+0000] {processor.py:925} INFO - DAG(s) 'latest_only' retrieved from /home/airflow/.local/lib/python3.12/site-packages/airflow/example_dags/example_latest_only.py
[2026-02-23T08:26:26.428+0000] {logging_mixin.py:190} INFO - [2026-02-23T08:26:26.427+0000] {dag.py:3239} INFO - Sync 1 DAGs
[2026-02-23T08:26:26.473+0000] {logging_mixin.py:190} INFO - [2026-02-23T08:26:26.472+0000] {dag.py:4180} INFO - Setting next_dagrun for latest_only to 2026-02-23 04:00:00+00:00, run_after=2026-02-23 08:00:00+00:00
[2026-02-23T08:26:26.505+0000] {processor.py:208} INFO - Processing /home/airflow/.local/lib/python3.12/site-packages/airflow/example_dags/example_latest_only.py took 0.145 seconds
[2026-02-23T08:31:39.857+0000] {processor.py:186} INFO - Started process (PID=102) to work on /home/airflow/.local/lib/python3.12/site-packages/airflow/example_dags/example_latest_only.py
[2026-02-23T08:31:39.863+0000] {processor.py:914} INFO - Processing file /home/airflow/.local/lib/python3.12/site-packages/airflow/example_dags/example_latest_only.py for tasks to queue
[2026-02-23T08:31:39.885+0000] {logging_mixin.py:190} INFO - [2026-02-23T08:31:39.880+0000] {dagbag.py:588} INFO - Filling up the DagBag from /home/airflow/.local/lib/python3.12/site-packages/airflow/example_dags/example_latest_only.py
[2026-02-23T08:31:39.969+0000] {processor.py:925} INFO - DAG(s) 'latest_only' retrieved from /home/airflow/.local/lib/python3.12/site-packages/airflow/example_dags/example_latest_only.py
[2026-02-23T08:31:40.123+0000] {logging_mixin.py:190} INFO - [2026-02-23T08:31:40.122+0000] {dag.py:3239} INFO - Sync 1 DAGs
[2026-02-23T08:31:40.264+0000] {logging_mixin.py:190} INFO - [2026-02-23T08:31:40.263+0000] {dag.py:4180} INFO - Setting next_dagrun for latest_only to 2026-02-23 04:00:00+00:00, run_after=2026-02-23 08:00:00+00:00
[2026-02-23T08:31:40.421+0000] {processor.py:208} INFO - Processing /home/airflow/.local/lib/python3.12/site-packages/airflow/example_dags/example_latest_only.py took 0.609 seconds
[2026-02-23T15:42:10.952+0000] {processor.py:186} INFO - Started process (PID=173) to work on /home/airflow/.local/lib/python3.12/site-packages/airflow/example_dags/example_latest_only.py
[2026-02-23T15:42:10.955+0000] {processor.py:914} INFO - Processing file /home/airflow/.local/lib/python3.12/site-packages/airflow/example_dags/example_latest_only.py for tasks to queue
[2026-02-23T15:42:10.958+0000] {logging_mixin.py:190} INFO - [2026-02-23T15:42:10.957+0000] {dagbag.py:588} INFO - Filling up the DagBag from /home/airflow/.local/lib/python3.12/site-packages/airflow/example_dags/example_latest_only.py
[2026-02-23T15:42:10.975+0000] {processor.py:925} INFO - DAG(s) 'latest_only' retrieved from /home/airflow/.local/lib/python3.12/site-packages/airflow/example_dags/example_latest_only.py
[2026-02-23T15:42:11.022+0000] {logging_mixin.py:190} INFO - [2026-02-23T15:42:11.021+0000] {dag.py:3239} INFO - Sync 1 DAGs
[2026-02-23T15:42:11.093+0000] {logging_mixin.py:190} INFO - [2026-02-23T15:42:11.093+0000] {dag.py:4180} INFO - Setting next_dagrun for latest_only to 2026-02-23 08:00:00+00:00, run_after=2026-02-23 12:00:00+00:00
[2026-02-23T15:42:11.151+0000] {processor.py:208} INFO - Processing /home/airflow/.local/lib/python3.12/site-packages/airflow/example_dags/example_latest_only.py took 0.210 seconds
[2026-02-23T15:42:41.810+0000] {processor.py:186} INFO - Started process (PID=238) to work on /home/airflow/.local/lib/python3.12/site-packages/airflow/example_dags/example_latest_only.py
[2026-02-23T15:42:41.812+0000] {processor.py:914} INFO - Processing file /home/airflow/.local/lib/python3.12/site-packages/airflow/example_dags/example_latest_only.py for tasks to queue
[2026-02-23T15:42:41.814+0000] {logging_mixin.py:190} INFO - [2026-02-23T15:42:41.814+0000] {dagbag.py:588} INFO - Filling up the DagBag from /home/airflow/.local/lib/python3.12/site-packages/airflow/example_dags/example_latest_only.py
[2026-02-23T15:42:41.826+0000] {processor.py:925} INFO - DAG(s) 'latest_only' retrieved from /home/airflow/.local/lib/python3.12/site-packages/airflow/example_dags/example_latest_only.py
[2026-02-23T15:42:41.855+0000] {logging_mixin.py:190} INFO - [2026-02-23T15:42:41.854+0000] {dag.py:3239} INFO - Sync 1 DAGs
[2026-02-23T15:42:41.893+0000] {logging_mixin.py:190} INFO - [2026-02-23T15:42:41.893+0000] {dag.py:4180} INFO - Setting next_dagrun for latest_only to 2026-02-23 08:00:00+00:00, run_after=2026-02-23 12:00:00+00:00
[2026-02-23T15:42:41.926+0000] {processor.py:208} INFO - Processing /home/airflow/.local/lib/python3.12/site-packages/airflow/example_dags/example_latest_only.py took 0.123 seconds
[2026-02-23T15:43:21.111+0000] {processor.py:186} INFO - Started process (PID=303) to work on /home/airflow/.local/lib/python3.12/site-packages/airflow/example_dags/example_latest_only.py
[2026-02-23T15:43:21.132+0000] {processor.py:914} INFO - Processing file /home/airflow/.local/lib/python3.12/site-packages/airflow/example_dags/example_latest_only.py for tasks to queue
[2026-02-23T15:43:21.148+0000] {logging_mixin.py:190} INFO - [2026-02-23T15:43:21.135+0000] {dagbag.py:588} INFO - Filling up the DagBag from /home/airflow/.local/lib/python3.12/site-packages/airflow/example_dags/example_latest_only.py
[2026-02-23T15:43:21.274+0000] {processor.py:925} INFO - DAG(s) 'latest_only' retrieved from /home/airflow/.local/lib/python3.12/site-packages/airflow/example_dags/example_latest_only.py
[2026-02-23T15:43:21.431+0000] {logging_mixin.py:190} INFO - [2026-02-23T15:43:21.430+0000] {dag.py:3239} INFO - Sync 1 DAGs
[2026-02-23T15:43:21.671+0000] {logging_mixin.py:190} INFO - [2026-02-23T15:43:21.671+0000] {dag.py:4180} INFO - Setting next_dagrun for latest_only to 2026-02-23 08:00:00+00:00, run_after=2026-02-23 12:00:00+00:00
[2026-02-23T15:43:21.838+0000] {processor.py:208} INFO - Processing /home/airflow/.local/lib/python3.12/site-packages/airflow/example_dags/example_latest_only.py took 0.859 seconds
