[2026-02-23T07:41:57.431+0000] {processor.py:186} INFO - Started process (PID=3322) to work on /home/airflow/.local/lib/python3.12/site-packages/airflow/example_dags/example_datasets.py
[2026-02-23T07:41:57.439+0000] {processor.py:914} INFO - Processing file /home/airflow/.local/lib/python3.12/site-packages/airflow/example_dags/example_datasets.py for tasks to queue
[2026-02-23T07:41:57.447+0000] {logging_mixin.py:190} INFO - [2026-02-23T07:41:57.445+0000] {dagbag.py:588} INFO - Filling up the DagBag from /home/airflow/.local/lib/python3.12/site-packages/airflow/example_dags/example_datasets.py
[2026-02-23T07:42:04.890+0000] {processor.py:925} INFO - DAG(s) 'consume_1_or_both_2_and_3_with_dataset_expressions', 'consume_1_or_2_with_dataset_expressions', 'dataset_consumes_1_never_scheduled', 'consume_1_and_2_with_dataset_expressions', 'dataset_produces_1', 'dataset_consumes_unknown_never_scheduled', 'conditional_dataset_and_time_based_timetable', 'dataset_consumes_1', 'dataset_produces_2', 'dataset_consumes_1_and_2' retrieved from /home/airflow/.local/lib/python3.12/site-packages/airflow/example_dags/example_datasets.py
[2026-02-23T07:42:04.975+0000] {logging_mixin.py:190} INFO - [2026-02-23T07:42:04.975+0000] {dag.py:3239} INFO - Sync 10 DAGs
[2026-02-23T07:42:05.016+0000] {logging_mixin.py:190} INFO - [2026-02-23T07:42:05.015+0000] {dag.py:4180} INFO - Setting next_dagrun for conditional_dataset_and_time_based_timetable to 2026-02-18 01:00:00+00:00, run_after=2026-02-18 01:00:00+00:00
[2026-02-23T07:42:05.024+0000] {logging_mixin.py:190} INFO - [2026-02-23T07:42:05.023+0000] {dag.py:4180} INFO - Setting next_dagrun for consume_1_and_2_with_dataset_expressions to None, run_after=None
[2026-02-23T07:42:05.028+0000] {logging_mixin.py:190} INFO - [2026-02-23T07:42:05.027+0000] {dag.py:4180} INFO - Setting next_dagrun for consume_1_or_2_with_dataset_expressions to None, run_after=None
[2026-02-23T07:42:05.031+0000] {logging_mixin.py:190} INFO - [2026-02-23T07:42:05.031+0000] {dag.py:4180} INFO - Setting next_dagrun for consume_1_or_both_2_and_3_with_dataset_expressions to None, run_after=None
[2026-02-23T07:42:05.034+0000] {logging_mixin.py:190} INFO - [2026-02-23T07:42:05.034+0000] {dag.py:4180} INFO - Setting next_dagrun for dataset_consumes_1 to None, run_after=None
[2026-02-23T07:42:05.038+0000] {logging_mixin.py:190} INFO - [2026-02-23T07:42:05.037+0000] {dag.py:4180} INFO - Setting next_dagrun for dataset_consumes_1_and_2 to None, run_after=None
[2026-02-23T07:42:05.041+0000] {logging_mixin.py:190} INFO - [2026-02-23T07:42:05.041+0000] {dag.py:4180} INFO - Setting next_dagrun for dataset_consumes_1_never_scheduled to None, run_after=None
[2026-02-23T07:42:05.045+0000] {logging_mixin.py:190} INFO - [2026-02-23T07:42:05.044+0000] {dag.py:4180} INFO - Setting next_dagrun for dataset_consumes_unknown_never_scheduled to None, run_after=None
[2026-02-23T07:42:05.050+0000] {logging_mixin.py:190} INFO - [2026-02-23T07:42:05.049+0000] {dag.py:4180} INFO - Setting next_dagrun for dataset_produces_1 to 2026-02-22 00:00:00+00:00, run_after=2026-02-23 00:00:00+00:00
[2026-02-23T07:42:05.053+0000] {logging_mixin.py:190} INFO - [2026-02-23T07:42:05.053+0000] {dag.py:4180} INFO - Setting next_dagrun for dataset_produces_2 to None, run_after=None
[2026-02-23T07:42:05.142+0000] {processor.py:208} INFO - Processing /home/airflow/.local/lib/python3.12/site-packages/airflow/example_dags/example_datasets.py took 7.837 seconds
[2026-02-23T07:42:35.768+0000] {processor.py:186} INFO - Started process (PID=3387) to work on /home/airflow/.local/lib/python3.12/site-packages/airflow/example_dags/example_datasets.py
[2026-02-23T07:42:35.771+0000] {processor.py:914} INFO - Processing file /home/airflow/.local/lib/python3.12/site-packages/airflow/example_dags/example_datasets.py for tasks to queue
[2026-02-23T07:42:35.775+0000] {logging_mixin.py:190} INFO - [2026-02-23T07:42:35.774+0000] {dagbag.py:588} INFO - Filling up the DagBag from /home/airflow/.local/lib/python3.12/site-packages/airflow/example_dags/example_datasets.py
[2026-02-23T07:42:37.398+0000] {processor.py:925} INFO - DAG(s) 'conditional_dataset_and_time_based_timetable', 'consume_1_or_both_2_and_3_with_dataset_expressions', 'dataset_consumes_unknown_never_scheduled', 'consume_1_and_2_with_dataset_expressions', 'dataset_produces_1', 'dataset_consumes_1_never_scheduled', 'dataset_consumes_1_and_2', 'dataset_consumes_1', 'consume_1_or_2_with_dataset_expressions', 'dataset_produces_2' retrieved from /home/airflow/.local/lib/python3.12/site-packages/airflow/example_dags/example_datasets.py
[2026-02-23T07:42:37.580+0000] {logging_mixin.py:190} INFO - [2026-02-23T07:42:37.579+0000] {dag.py:3239} INFO - Sync 10 DAGs
[2026-02-23T07:42:37.674+0000] {logging_mixin.py:190} INFO - [2026-02-23T07:42:37.671+0000] {dag.py:4180} INFO - Setting next_dagrun for conditional_dataset_and_time_based_timetable to 2026-02-18 01:00:00+00:00, run_after=2026-02-18 01:00:00+00:00
[2026-02-23T07:42:37.687+0000] {logging_mixin.py:190} INFO - [2026-02-23T07:42:37.685+0000] {dag.py:4180} INFO - Setting next_dagrun for consume_1_and_2_with_dataset_expressions to None, run_after=None
[2026-02-23T07:42:37.695+0000] {logging_mixin.py:190} INFO - [2026-02-23T07:42:37.694+0000] {dag.py:4180} INFO - Setting next_dagrun for consume_1_or_2_with_dataset_expressions to None, run_after=None
[2026-02-23T07:42:37.701+0000] {logging_mixin.py:190} INFO - [2026-02-23T07:42:37.700+0000] {dag.py:4180} INFO - Setting next_dagrun for consume_1_or_both_2_and_3_with_dataset_expressions to None, run_after=None
[2026-02-23T07:42:37.707+0000] {logging_mixin.py:190} INFO - [2026-02-23T07:42:37.706+0000] {dag.py:4180} INFO - Setting next_dagrun for dataset_consumes_1 to None, run_after=None
[2026-02-23T07:42:37.715+0000] {logging_mixin.py:190} INFO - [2026-02-23T07:42:37.714+0000] {dag.py:4180} INFO - Setting next_dagrun for dataset_consumes_1_and_2 to None, run_after=None
[2026-02-23T07:42:37.722+0000] {logging_mixin.py:190} INFO - [2026-02-23T07:42:37.721+0000] {dag.py:4180} INFO - Setting next_dagrun for dataset_consumes_1_never_scheduled to None, run_after=None
[2026-02-23T07:42:37.729+0000] {logging_mixin.py:190} INFO - [2026-02-23T07:42:37.728+0000] {dag.py:4180} INFO - Setting next_dagrun for dataset_consumes_unknown_never_scheduled to None, run_after=None
[2026-02-23T07:42:37.741+0000] {logging_mixin.py:190} INFO - [2026-02-23T07:42:37.740+0000] {dag.py:4180} INFO - Setting next_dagrun for dataset_produces_1 to 2026-02-22 00:00:00+00:00, run_after=2026-02-23 00:00:00+00:00
[2026-02-23T07:42:37.746+0000] {logging_mixin.py:190} INFO - [2026-02-23T07:42:37.746+0000] {dag.py:4180} INFO - Setting next_dagrun for dataset_produces_2 to None, run_after=None
[2026-02-23T07:42:37.878+0000] {processor.py:208} INFO - Processing /home/airflow/.local/lib/python3.12/site-packages/airflow/example_dags/example_datasets.py took 2.124 seconds
[2026-02-23T07:43:08.351+0000] {processor.py:186} INFO - Started process (PID=3458) to work on /home/airflow/.local/lib/python3.12/site-packages/airflow/example_dags/example_datasets.py
[2026-02-23T07:43:08.361+0000] {processor.py:914} INFO - Processing file /home/airflow/.local/lib/python3.12/site-packages/airflow/example_dags/example_datasets.py for tasks to queue
[2026-02-23T07:43:08.370+0000] {logging_mixin.py:190} INFO - [2026-02-23T07:43:08.367+0000] {dagbag.py:588} INFO - Filling up the DagBag from /home/airflow/.local/lib/python3.12/site-packages/airflow/example_dags/example_datasets.py
[2026-02-23T07:43:32.205+0000] {processor.py:925} INFO - DAG(s) 'dataset_consumes_1_never_scheduled', 'dataset_consumes_unknown_never_scheduled', 'dataset_produces_2', 'conditional_dataset_and_time_based_timetable', 'dataset_produces_1', 'dataset_consumes_1', 'consume_1_or_2_with_dataset_expressions', 'dataset_consumes_1_and_2', 'consume_1_or_both_2_and_3_with_dataset_expressions', 'consume_1_and_2_with_dataset_expressions' retrieved from /home/airflow/.local/lib/python3.12/site-packages/airflow/example_dags/example_datasets.py
[2026-02-23T07:43:32.931+0000] {logging_mixin.py:190} INFO - [2026-02-23T07:43:32.930+0000] {dag.py:3239} INFO - Sync 10 DAGs
[2026-02-23T07:43:33.213+0000] {logging_mixin.py:190} INFO - [2026-02-23T07:43:33.211+0000] {dag.py:4180} INFO - Setting next_dagrun for conditional_dataset_and_time_based_timetable to 2026-02-18 01:00:00+00:00, run_after=2026-02-18 01:00:00+00:00
[2026-02-23T07:43:33.235+0000] {logging_mixin.py:190} INFO - [2026-02-23T07:43:33.234+0000] {dag.py:4180} INFO - Setting next_dagrun for consume_1_and_2_with_dataset_expressions to None, run_after=None
[2026-02-23T07:43:33.249+0000] {logging_mixin.py:190} INFO - [2026-02-23T07:43:33.248+0000] {dag.py:4180} INFO - Setting next_dagrun for consume_1_or_2_with_dataset_expressions to None, run_after=None
[2026-02-23T07:43:33.269+0000] {logging_mixin.py:190} INFO - [2026-02-23T07:43:33.269+0000] {dag.py:4180} INFO - Setting next_dagrun for consume_1_or_both_2_and_3_with_dataset_expressions to None, run_after=None
[2026-02-23T07:43:33.287+0000] {logging_mixin.py:190} INFO - [2026-02-23T07:43:33.287+0000] {dag.py:4180} INFO - Setting next_dagrun for dataset_consumes_1 to None, run_after=None
[2026-02-23T07:43:33.307+0000] {logging_mixin.py:190} INFO - [2026-02-23T07:43:33.306+0000] {dag.py:4180} INFO - Setting next_dagrun for dataset_consumes_1_and_2 to None, run_after=None
[2026-02-23T07:43:33.326+0000] {logging_mixin.py:190} INFO - [2026-02-23T07:43:33.325+0000] {dag.py:4180} INFO - Setting next_dagrun for dataset_consumes_1_never_scheduled to None, run_after=None
[2026-02-23T07:43:33.347+0000] {logging_mixin.py:190} INFO - [2026-02-23T07:43:33.346+0000] {dag.py:4180} INFO - Setting next_dagrun for dataset_consumes_unknown_never_scheduled to None, run_after=None
[2026-02-23T07:43:33.363+0000] {logging_mixin.py:190} INFO - [2026-02-23T07:43:33.360+0000] {dag.py:4180} INFO - Setting next_dagrun for dataset_produces_1 to 2026-02-22 00:00:00+00:00, run_after=2026-02-23 00:00:00+00:00
[2026-02-23T07:43:33.377+0000] {logging_mixin.py:190} INFO - [2026-02-23T07:43:33.375+0000] {dag.py:4180} INFO - Setting next_dagrun for dataset_produces_2 to None, run_after=None
[2026-02-23T07:43:33.711+0000] {processor.py:208} INFO - Processing /home/airflow/.local/lib/python3.12/site-packages/airflow/example_dags/example_datasets.py took 25.489 seconds
[2026-02-23T08:17:58.147+0000] {processor.py:186} INFO - Started process (PID=76) to work on /home/airflow/.local/lib/python3.12/site-packages/airflow/example_dags/example_datasets.py
[2026-02-23T08:17:58.150+0000] {processor.py:914} INFO - Processing file /home/airflow/.local/lib/python3.12/site-packages/airflow/example_dags/example_datasets.py for tasks to queue
[2026-02-23T08:17:58.156+0000] {logging_mixin.py:190} INFO - [2026-02-23T08:17:58.155+0000] {dagbag.py:588} INFO - Filling up the DagBag from /home/airflow/.local/lib/python3.12/site-packages/airflow/example_dags/example_datasets.py
[2026-02-23T08:17:59.851+0000] {processor.py:925} INFO - DAG(s) 'dataset_consumes_1_and_2', 'dataset_consumes_1', 'dataset_produces_1', 'dataset_produces_2', 'consume_1_or_both_2_and_3_with_dataset_expressions', 'consume_1_and_2_with_dataset_expressions', 'consume_1_or_2_with_dataset_expressions', 'conditional_dataset_and_time_based_timetable', 'dataset_consumes_unknown_never_scheduled', 'dataset_consumes_1_never_scheduled' retrieved from /home/airflow/.local/lib/python3.12/site-packages/airflow/example_dags/example_datasets.py
[2026-02-23T08:18:00.010+0000] {logging_mixin.py:190} INFO - [2026-02-23T08:18:00.009+0000] {dag.py:3239} INFO - Sync 10 DAGs
[2026-02-23T08:18:00.082+0000] {logging_mixin.py:190} INFO - [2026-02-23T08:18:00.081+0000] {dag.py:4180} INFO - Setting next_dagrun for conditional_dataset_and_time_based_timetable to 2026-02-18 01:00:00+00:00, run_after=2026-02-18 01:00:00+00:00
[2026-02-23T08:18:00.092+0000] {logging_mixin.py:190} INFO - [2026-02-23T08:18:00.091+0000] {dag.py:4180} INFO - Setting next_dagrun for consume_1_and_2_with_dataset_expressions to None, run_after=None
[2026-02-23T08:18:00.098+0000] {logging_mixin.py:190} INFO - [2026-02-23T08:18:00.097+0000] {dag.py:4180} INFO - Setting next_dagrun for consume_1_or_2_with_dataset_expressions to None, run_after=None
[2026-02-23T08:18:00.104+0000] {logging_mixin.py:190} INFO - [2026-02-23T08:18:00.103+0000] {dag.py:4180} INFO - Setting next_dagrun for consume_1_or_both_2_and_3_with_dataset_expressions to None, run_after=None
[2026-02-23T08:18:00.108+0000] {logging_mixin.py:190} INFO - [2026-02-23T08:18:00.108+0000] {dag.py:4180} INFO - Setting next_dagrun for dataset_consumes_1 to None, run_after=None
[2026-02-23T08:18:00.113+0000] {logging_mixin.py:190} INFO - [2026-02-23T08:18:00.112+0000] {dag.py:4180} INFO - Setting next_dagrun for dataset_consumes_1_and_2 to None, run_after=None
[2026-02-23T08:18:00.117+0000] {logging_mixin.py:190} INFO - [2026-02-23T08:18:00.116+0000] {dag.py:4180} INFO - Setting next_dagrun for dataset_consumes_1_never_scheduled to None, run_after=None
[2026-02-23T08:18:00.121+0000] {logging_mixin.py:190} INFO - [2026-02-23T08:18:00.121+0000] {dag.py:4180} INFO - Setting next_dagrun for dataset_consumes_unknown_never_scheduled to None, run_after=None
[2026-02-23T08:18:00.130+0000] {logging_mixin.py:190} INFO - [2026-02-23T08:18:00.129+0000] {dag.py:4180} INFO - Setting next_dagrun for dataset_produces_1 to 2026-02-22 00:00:00+00:00, run_after=2026-02-23 00:00:00+00:00
[2026-02-23T08:18:00.135+0000] {logging_mixin.py:190} INFO - [2026-02-23T08:18:00.134+0000] {dag.py:4180} INFO - Setting next_dagrun for dataset_produces_2 to None, run_after=None
[2026-02-23T08:18:00.244+0000] {processor.py:208} INFO - Processing /home/airflow/.local/lib/python3.12/site-packages/airflow/example_dags/example_datasets.py took 2.111 seconds
[2026-02-23T08:18:31.998+0000] {processor.py:186} INFO - Started process (PID=145) to work on /home/airflow/.local/lib/python3.12/site-packages/airflow/example_dags/example_datasets.py
[2026-02-23T08:18:32.002+0000] {processor.py:914} INFO - Processing file /home/airflow/.local/lib/python3.12/site-packages/airflow/example_dags/example_datasets.py for tasks to queue
[2026-02-23T08:18:32.010+0000] {logging_mixin.py:190} INFO - [2026-02-23T08:18:32.009+0000] {dagbag.py:588} INFO - Filling up the DagBag from /home/airflow/.local/lib/python3.12/site-packages/airflow/example_dags/example_datasets.py
[2026-02-23T08:18:33.914+0000] {processor.py:925} INFO - DAG(s) 'dataset_consumes_1_never_scheduled', 'consume_1_and_2_with_dataset_expressions', 'dataset_consumes_unknown_never_scheduled', 'conditional_dataset_and_time_based_timetable', 'consume_1_or_both_2_and_3_with_dataset_expressions', 'dataset_consumes_1', 'dataset_consumes_1_and_2', 'dataset_produces_2', 'consume_1_or_2_with_dataset_expressions', 'dataset_produces_1' retrieved from /home/airflow/.local/lib/python3.12/site-packages/airflow/example_dags/example_datasets.py
[2026-02-23T08:18:34.117+0000] {logging_mixin.py:190} INFO - [2026-02-23T08:18:34.114+0000] {dag.py:3239} INFO - Sync 10 DAGs
[2026-02-23T08:18:34.225+0000] {logging_mixin.py:190} INFO - [2026-02-23T08:18:34.224+0000] {dag.py:4180} INFO - Setting next_dagrun for conditional_dataset_and_time_based_timetable to 2026-02-18 01:00:00+00:00, run_after=2026-02-18 01:00:00+00:00
[2026-02-23T08:18:34.246+0000] {logging_mixin.py:190} INFO - [2026-02-23T08:18:34.245+0000] {dag.py:4180} INFO - Setting next_dagrun for consume_1_and_2_with_dataset_expressions to None, run_after=None
[2026-02-23T08:18:34.254+0000] {logging_mixin.py:190} INFO - [2026-02-23T08:18:34.253+0000] {dag.py:4180} INFO - Setting next_dagrun for consume_1_or_2_with_dataset_expressions to None, run_after=None
[2026-02-23T08:18:34.262+0000] {logging_mixin.py:190} INFO - [2026-02-23T08:18:34.261+0000] {dag.py:4180} INFO - Setting next_dagrun for consume_1_or_both_2_and_3_with_dataset_expressions to None, run_after=None
[2026-02-23T08:18:34.270+0000] {logging_mixin.py:190} INFO - [2026-02-23T08:18:34.269+0000] {dag.py:4180} INFO - Setting next_dagrun for dataset_consumes_1 to None, run_after=None
[2026-02-23T08:18:34.277+0000] {logging_mixin.py:190} INFO - [2026-02-23T08:18:34.276+0000] {dag.py:4180} INFO - Setting next_dagrun for dataset_consumes_1_and_2 to None, run_after=None
[2026-02-23T08:18:34.283+0000] {logging_mixin.py:190} INFO - [2026-02-23T08:18:34.282+0000] {dag.py:4180} INFO - Setting next_dagrun for dataset_consumes_1_never_scheduled to None, run_after=None
[2026-02-23T08:18:34.292+0000] {logging_mixin.py:190} INFO - [2026-02-23T08:18:34.291+0000] {dag.py:4180} INFO - Setting next_dagrun for dataset_consumes_unknown_never_scheduled to None, run_after=None
[2026-02-23T08:18:34.305+0000] {logging_mixin.py:190} INFO - [2026-02-23T08:18:34.304+0000] {dag.py:4180} INFO - Setting next_dagrun for dataset_produces_1 to 2026-02-22 00:00:00+00:00, run_after=2026-02-23 00:00:00+00:00
[2026-02-23T08:18:34.312+0000] {logging_mixin.py:190} INFO - [2026-02-23T08:18:34.311+0000] {dag.py:4180} INFO - Setting next_dagrun for dataset_produces_2 to None, run_after=None
[2026-02-23T08:18:34.500+0000] {processor.py:208} INFO - Processing /home/airflow/.local/lib/python3.12/site-packages/airflow/example_dags/example_datasets.py took 2.523 seconds
[2026-02-23T08:19:06.799+0000] {processor.py:186} INFO - Started process (PID=215) to work on /home/airflow/.local/lib/python3.12/site-packages/airflow/example_dags/example_datasets.py
[2026-02-23T08:19:06.803+0000] {processor.py:914} INFO - Processing file /home/airflow/.local/lib/python3.12/site-packages/airflow/example_dags/example_datasets.py for tasks to queue
[2026-02-23T08:19:06.812+0000] {logging_mixin.py:190} INFO - [2026-02-23T08:19:06.811+0000] {dagbag.py:588} INFO - Filling up the DagBag from /home/airflow/.local/lib/python3.12/site-packages/airflow/example_dags/example_datasets.py
[2026-02-23T08:19:08.893+0000] {processor.py:925} INFO - DAG(s) 'dataset_consumes_1', 'consume_1_or_2_with_dataset_expressions', 'dataset_produces_2', 'consume_1_and_2_with_dataset_expressions', 'dataset_consumes_unknown_never_scheduled', 'consume_1_or_both_2_and_3_with_dataset_expressions', 'conditional_dataset_and_time_based_timetable', 'dataset_produces_1', 'dataset_consumes_1_never_scheduled', 'dataset_consumes_1_and_2' retrieved from /home/airflow/.local/lib/python3.12/site-packages/airflow/example_dags/example_datasets.py
[2026-02-23T08:19:09.093+0000] {logging_mixin.py:190} INFO - [2026-02-23T08:19:09.092+0000] {dag.py:3239} INFO - Sync 10 DAGs
[2026-02-23T08:19:09.189+0000] {logging_mixin.py:190} INFO - [2026-02-23T08:19:09.188+0000] {dag.py:4180} INFO - Setting next_dagrun for conditional_dataset_and_time_based_timetable to 2026-02-18 01:00:00+00:00, run_after=2026-02-18 01:00:00+00:00
[2026-02-23T08:19:09.206+0000] {logging_mixin.py:190} INFO - [2026-02-23T08:19:09.206+0000] {dag.py:4180} INFO - Setting next_dagrun for consume_1_and_2_with_dataset_expressions to None, run_after=None
[2026-02-23T08:19:09.214+0000] {logging_mixin.py:190} INFO - [2026-02-23T08:19:09.213+0000] {dag.py:4180} INFO - Setting next_dagrun for consume_1_or_2_with_dataset_expressions to None, run_after=None
[2026-02-23T08:19:09.220+0000] {logging_mixin.py:190} INFO - [2026-02-23T08:19:09.219+0000] {dag.py:4180} INFO - Setting next_dagrun for consume_1_or_both_2_and_3_with_dataset_expressions to None, run_after=None
[2026-02-23T08:19:09.226+0000] {logging_mixin.py:190} INFO - [2026-02-23T08:19:09.226+0000] {dag.py:4180} INFO - Setting next_dagrun for dataset_consumes_1 to None, run_after=None
[2026-02-23T08:19:09.232+0000] {logging_mixin.py:190} INFO - [2026-02-23T08:19:09.231+0000] {dag.py:4180} INFO - Setting next_dagrun for dataset_consumes_1_and_2 to None, run_after=None
[2026-02-23T08:19:09.240+0000] {logging_mixin.py:190} INFO - [2026-02-23T08:19:09.239+0000] {dag.py:4180} INFO - Setting next_dagrun for dataset_consumes_1_never_scheduled to None, run_after=None
[2026-02-23T08:19:09.249+0000] {logging_mixin.py:190} INFO - [2026-02-23T08:19:09.248+0000] {dag.py:4180} INFO - Setting next_dagrun for dataset_consumes_unknown_never_scheduled to None, run_after=None
[2026-02-23T08:19:09.263+0000] {logging_mixin.py:190} INFO - [2026-02-23T08:19:09.262+0000] {dag.py:4180} INFO - Setting next_dagrun for dataset_produces_1 to 2026-02-22 00:00:00+00:00, run_after=2026-02-23 00:00:00+00:00
[2026-02-23T08:19:09.271+0000] {logging_mixin.py:190} INFO - [2026-02-23T08:19:09.270+0000] {dag.py:4180} INFO - Setting next_dagrun for dataset_produces_2 to None, run_after=None
[2026-02-23T08:19:09.459+0000] {processor.py:208} INFO - Processing /home/airflow/.local/lib/python3.12/site-packages/airflow/example_dags/example_datasets.py took 2.682 seconds
[2026-02-23T08:19:39.677+0000] {processor.py:186} INFO - Started process (PID=285) to work on /home/airflow/.local/lib/python3.12/site-packages/airflow/example_dags/example_datasets.py
[2026-02-23T08:19:39.680+0000] {processor.py:914} INFO - Processing file /home/airflow/.local/lib/python3.12/site-packages/airflow/example_dags/example_datasets.py for tasks to queue
[2026-02-23T08:19:39.687+0000] {logging_mixin.py:190} INFO - [2026-02-23T08:19:39.686+0000] {dagbag.py:588} INFO - Filling up the DagBag from /home/airflow/.local/lib/python3.12/site-packages/airflow/example_dags/example_datasets.py
[2026-02-23T08:19:41.261+0000] {processor.py:925} INFO - DAG(s) 'consume_1_or_both_2_and_3_with_dataset_expressions', 'consume_1_or_2_with_dataset_expressions', 'dataset_consumes_1_and_2', 'dataset_produces_2', 'conditional_dataset_and_time_based_timetable', 'dataset_consumes_1', 'consume_1_and_2_with_dataset_expressions', 'dataset_consumes_unknown_never_scheduled', 'dataset_consumes_1_never_scheduled', 'dataset_produces_1' retrieved from /home/airflow/.local/lib/python3.12/site-packages/airflow/example_dags/example_datasets.py
[2026-02-23T08:19:41.417+0000] {logging_mixin.py:190} INFO - [2026-02-23T08:19:41.416+0000] {dag.py:3239} INFO - Sync 10 DAGs
[2026-02-23T08:19:41.538+0000] {logging_mixin.py:190} INFO - [2026-02-23T08:19:41.537+0000] {dag.py:4180} INFO - Setting next_dagrun for conditional_dataset_and_time_based_timetable to 2026-02-18 01:00:00+00:00, run_after=2026-02-18 01:00:00+00:00
[2026-02-23T08:19:41.556+0000] {logging_mixin.py:190} INFO - [2026-02-23T08:19:41.556+0000] {dag.py:4180} INFO - Setting next_dagrun for consume_1_and_2_with_dataset_expressions to None, run_after=None
[2026-02-23T08:19:41.563+0000] {logging_mixin.py:190} INFO - [2026-02-23T08:19:41.562+0000] {dag.py:4180} INFO - Setting next_dagrun for consume_1_or_2_with_dataset_expressions to None, run_after=None
[2026-02-23T08:19:41.569+0000] {logging_mixin.py:190} INFO - [2026-02-23T08:19:41.568+0000] {dag.py:4180} INFO - Setting next_dagrun for consume_1_or_both_2_and_3_with_dataset_expressions to None, run_after=None
[2026-02-23T08:19:41.576+0000] {logging_mixin.py:190} INFO - [2026-02-23T08:19:41.575+0000] {dag.py:4180} INFO - Setting next_dagrun for dataset_consumes_1 to None, run_after=None
[2026-02-23T08:19:41.582+0000] {logging_mixin.py:190} INFO - [2026-02-23T08:19:41.582+0000] {dag.py:4180} INFO - Setting next_dagrun for dataset_consumes_1_and_2 to None, run_after=None
[2026-02-23T08:19:41.589+0000] {logging_mixin.py:190} INFO - [2026-02-23T08:19:41.588+0000] {dag.py:4180} INFO - Setting next_dagrun for dataset_consumes_1_never_scheduled to None, run_after=None
[2026-02-23T08:19:41.595+0000] {logging_mixin.py:190} INFO - [2026-02-23T08:19:41.594+0000] {dag.py:4180} INFO - Setting next_dagrun for dataset_consumes_unknown_never_scheduled to None, run_after=None
[2026-02-23T08:19:41.605+0000] {logging_mixin.py:190} INFO - [2026-02-23T08:19:41.605+0000] {dag.py:4180} INFO - Setting next_dagrun for dataset_produces_1 to 2026-02-22 00:00:00+00:00, run_after=2026-02-23 00:00:00+00:00
[2026-02-23T08:19:41.612+0000] {logging_mixin.py:190} INFO - [2026-02-23T08:19:41.611+0000] {dag.py:4180} INFO - Setting next_dagrun for dataset_produces_2 to None, run_after=None
[2026-02-23T08:19:41.737+0000] {processor.py:208} INFO - Processing /home/airflow/.local/lib/python3.12/site-packages/airflow/example_dags/example_datasets.py took 2.081 seconds
[2026-02-23T08:20:12.021+0000] {processor.py:186} INFO - Started process (PID=353) to work on /home/airflow/.local/lib/python3.12/site-packages/airflow/example_dags/example_datasets.py
[2026-02-23T08:20:12.023+0000] {processor.py:914} INFO - Processing file /home/airflow/.local/lib/python3.12/site-packages/airflow/example_dags/example_datasets.py for tasks to queue
[2026-02-23T08:20:12.028+0000] {logging_mixin.py:190} INFO - [2026-02-23T08:20:12.027+0000] {dagbag.py:588} INFO - Filling up the DagBag from /home/airflow/.local/lib/python3.12/site-packages/airflow/example_dags/example_datasets.py
[2026-02-23T08:20:12.955+0000] {processor.py:925} INFO - DAG(s) 'conditional_dataset_and_time_based_timetable', 'dataset_consumes_unknown_never_scheduled', 'dataset_consumes_1', 'consume_1_and_2_with_dataset_expressions', 'dataset_consumes_1_and_2', 'dataset_consumes_1_never_scheduled', 'dataset_produces_2', 'dataset_produces_1', 'consume_1_or_both_2_and_3_with_dataset_expressions', 'consume_1_or_2_with_dataset_expressions' retrieved from /home/airflow/.local/lib/python3.12/site-packages/airflow/example_dags/example_datasets.py
[2026-02-23T08:20:13.033+0000] {logging_mixin.py:190} INFO - [2026-02-23T08:20:13.032+0000] {dag.py:3239} INFO - Sync 10 DAGs
[2026-02-23T08:20:13.079+0000] {logging_mixin.py:190} INFO - [2026-02-23T08:20:13.079+0000] {dag.py:4180} INFO - Setting next_dagrun for conditional_dataset_and_time_based_timetable to 2026-02-18 01:00:00+00:00, run_after=2026-02-18 01:00:00+00:00
[2026-02-23T08:20:13.087+0000] {logging_mixin.py:190} INFO - [2026-02-23T08:20:13.086+0000] {dag.py:4180} INFO - Setting next_dagrun for consume_1_and_2_with_dataset_expressions to None, run_after=None
[2026-02-23T08:20:13.089+0000] {logging_mixin.py:190} INFO - [2026-02-23T08:20:13.089+0000] {dag.py:4180} INFO - Setting next_dagrun for consume_1_or_2_with_dataset_expressions to None, run_after=None
[2026-02-23T08:20:13.092+0000] {logging_mixin.py:190} INFO - [2026-02-23T08:20:13.091+0000] {dag.py:4180} INFO - Setting next_dagrun for consume_1_or_both_2_and_3_with_dataset_expressions to None, run_after=None
[2026-02-23T08:20:13.094+0000] {logging_mixin.py:190} INFO - [2026-02-23T08:20:13.094+0000] {dag.py:4180} INFO - Setting next_dagrun for dataset_consumes_1 to None, run_after=None
[2026-02-23T08:20:13.096+0000] {logging_mixin.py:190} INFO - [2026-02-23T08:20:13.096+0000] {dag.py:4180} INFO - Setting next_dagrun for dataset_consumes_1_and_2 to None, run_after=None
[2026-02-23T08:20:13.099+0000] {logging_mixin.py:190} INFO - [2026-02-23T08:20:13.099+0000] {dag.py:4180} INFO - Setting next_dagrun for dataset_consumes_1_never_scheduled to None, run_after=None
[2026-02-23T08:20:13.102+0000] {logging_mixin.py:190} INFO - [2026-02-23T08:20:13.101+0000] {dag.py:4180} INFO - Setting next_dagrun for dataset_consumes_unknown_never_scheduled to None, run_after=None
[2026-02-23T08:20:13.107+0000] {logging_mixin.py:190} INFO - [2026-02-23T08:20:13.106+0000] {dag.py:4180} INFO - Setting next_dagrun for dataset_produces_1 to 2026-02-22 00:00:00+00:00, run_after=2026-02-23 00:00:00+00:00
[2026-02-23T08:20:13.109+0000] {logging_mixin.py:190} INFO - [2026-02-23T08:20:13.109+0000] {dag.py:4180} INFO - Setting next_dagrun for dataset_produces_2 to None, run_after=None
[2026-02-23T08:20:13.174+0000] {processor.py:208} INFO - Processing /home/airflow/.local/lib/python3.12/site-packages/airflow/example_dags/example_datasets.py took 1.163 seconds
[2026-02-23T08:20:44.190+0000] {processor.py:186} INFO - Started process (PID=425) to work on /home/airflow/.local/lib/python3.12/site-packages/airflow/example_dags/example_datasets.py
[2026-02-23T08:20:44.193+0000] {processor.py:914} INFO - Processing file /home/airflow/.local/lib/python3.12/site-packages/airflow/example_dags/example_datasets.py for tasks to queue
[2026-02-23T08:20:44.200+0000] {logging_mixin.py:190} INFO - [2026-02-23T08:20:44.198+0000] {dagbag.py:588} INFO - Filling up the DagBag from /home/airflow/.local/lib/python3.12/site-packages/airflow/example_dags/example_datasets.py
[2026-02-23T08:20:46.371+0000] {processor.py:925} INFO - DAG(s) 'consume_1_and_2_with_dataset_expressions', 'dataset_consumes_1', 'dataset_consumes_1_and_2', 'dataset_consumes_1_never_scheduled', 'dataset_consumes_unknown_never_scheduled', 'consume_1_or_2_with_dataset_expressions', 'dataset_produces_2', 'dataset_produces_1', 'consume_1_or_both_2_and_3_with_dataset_expressions', 'conditional_dataset_and_time_based_timetable' retrieved from /home/airflow/.local/lib/python3.12/site-packages/airflow/example_dags/example_datasets.py
[2026-02-23T08:20:46.647+0000] {logging_mixin.py:190} INFO - [2026-02-23T08:20:46.646+0000] {dag.py:3239} INFO - Sync 10 DAGs
[2026-02-23T08:20:46.804+0000] {logging_mixin.py:190} INFO - [2026-02-23T08:20:46.803+0000] {dag.py:4180} INFO - Setting next_dagrun for conditional_dataset_and_time_based_timetable to 2026-02-18 01:00:00+00:00, run_after=2026-02-18 01:00:00+00:00
[2026-02-23T08:20:46.838+0000] {logging_mixin.py:190} INFO - [2026-02-23T08:20:46.837+0000] {dag.py:4180} INFO - Setting next_dagrun for consume_1_and_2_with_dataset_expressions to None, run_after=None
[2026-02-23T08:20:46.847+0000] {logging_mixin.py:190} INFO - [2026-02-23T08:20:46.846+0000] {dag.py:4180} INFO - Setting next_dagrun for consume_1_or_2_with_dataset_expressions to None, run_after=None
[2026-02-23T08:20:46.860+0000] {logging_mixin.py:190} INFO - [2026-02-23T08:20:46.859+0000] {dag.py:4180} INFO - Setting next_dagrun for consume_1_or_both_2_and_3_with_dataset_expressions to None, run_after=None
[2026-02-23T08:20:46.872+0000] {logging_mixin.py:190} INFO - [2026-02-23T08:20:46.871+0000] {dag.py:4180} INFO - Setting next_dagrun for dataset_consumes_1 to None, run_after=None
[2026-02-23T08:20:46.882+0000] {logging_mixin.py:190} INFO - [2026-02-23T08:20:46.881+0000] {dag.py:4180} INFO - Setting next_dagrun for dataset_consumes_1_and_2 to None, run_after=None
[2026-02-23T08:20:46.894+0000] {logging_mixin.py:190} INFO - [2026-02-23T08:20:46.892+0000] {dag.py:4180} INFO - Setting next_dagrun for dataset_consumes_1_never_scheduled to None, run_after=None
[2026-02-23T08:20:46.907+0000] {logging_mixin.py:190} INFO - [2026-02-23T08:20:46.905+0000] {dag.py:4180} INFO - Setting next_dagrun for dataset_consumes_unknown_never_scheduled to None, run_after=None
[2026-02-23T08:20:46.927+0000] {logging_mixin.py:190} INFO - [2026-02-23T08:20:46.926+0000] {dag.py:4180} INFO - Setting next_dagrun for dataset_produces_1 to 2026-02-22 00:00:00+00:00, run_after=2026-02-23 00:00:00+00:00
[2026-02-23T08:20:46.945+0000] {logging_mixin.py:190} INFO - [2026-02-23T08:20:46.944+0000] {dag.py:4180} INFO - Setting next_dagrun for dataset_produces_2 to None, run_after=None
[2026-02-23T08:20:47.144+0000] {processor.py:208} INFO - Processing /home/airflow/.local/lib/python3.12/site-packages/airflow/example_dags/example_datasets.py took 2.968 seconds
[2026-02-23T08:21:17.574+0000] {processor.py:186} INFO - Started process (PID=491) to work on /home/airflow/.local/lib/python3.12/site-packages/airflow/example_dags/example_datasets.py
[2026-02-23T08:21:17.579+0000] {processor.py:914} INFO - Processing file /home/airflow/.local/lib/python3.12/site-packages/airflow/example_dags/example_datasets.py for tasks to queue
[2026-02-23T08:21:17.590+0000] {logging_mixin.py:190} INFO - [2026-02-23T08:21:17.588+0000] {dagbag.py:588} INFO - Filling up the DagBag from /home/airflow/.local/lib/python3.12/site-packages/airflow/example_dags/example_datasets.py
[2026-02-23T08:21:18.992+0000] {processor.py:925} INFO - DAG(s) 'dataset_consumes_1_and_2', 'consume_1_or_2_with_dataset_expressions', 'dataset_produces_1', 'dataset_consumes_1_never_scheduled', 'consume_1_and_2_with_dataset_expressions', 'conditional_dataset_and_time_based_timetable', 'dataset_produces_2', 'dataset_consumes_unknown_never_scheduled', 'dataset_consumes_1', 'consume_1_or_both_2_and_3_with_dataset_expressions' retrieved from /home/airflow/.local/lib/python3.12/site-packages/airflow/example_dags/example_datasets.py
[2026-02-23T08:21:19.162+0000] {logging_mixin.py:190} INFO - [2026-02-23T08:21:19.161+0000] {dag.py:3239} INFO - Sync 10 DAGs
[2026-02-23T08:21:19.251+0000] {logging_mixin.py:190} INFO - [2026-02-23T08:21:19.251+0000] {dag.py:4180} INFO - Setting next_dagrun for conditional_dataset_and_time_based_timetable to 2026-02-18 01:00:00+00:00, run_after=2026-02-18 01:00:00+00:00
[2026-02-23T08:21:19.263+0000] {logging_mixin.py:190} INFO - [2026-02-23T08:21:19.263+0000] {dag.py:4180} INFO - Setting next_dagrun for consume_1_and_2_with_dataset_expressions to None, run_after=None
[2026-02-23T08:21:19.270+0000] {logging_mixin.py:190} INFO - [2026-02-23T08:21:19.269+0000] {dag.py:4180} INFO - Setting next_dagrun for consume_1_or_2_with_dataset_expressions to None, run_after=None
[2026-02-23T08:21:19.276+0000] {logging_mixin.py:190} INFO - [2026-02-23T08:21:19.276+0000] {dag.py:4180} INFO - Setting next_dagrun for consume_1_or_both_2_and_3_with_dataset_expressions to None, run_after=None
[2026-02-23T08:21:19.283+0000] {logging_mixin.py:190} INFO - [2026-02-23T08:21:19.282+0000] {dag.py:4180} INFO - Setting next_dagrun for dataset_consumes_1 to None, run_after=None
[2026-02-23T08:21:19.289+0000] {logging_mixin.py:190} INFO - [2026-02-23T08:21:19.288+0000] {dag.py:4180} INFO - Setting next_dagrun for dataset_consumes_1_and_2 to None, run_after=None
[2026-02-23T08:21:19.296+0000] {logging_mixin.py:190} INFO - [2026-02-23T08:21:19.295+0000] {dag.py:4180} INFO - Setting next_dagrun for dataset_consumes_1_never_scheduled to None, run_after=None
[2026-02-23T08:21:19.301+0000] {logging_mixin.py:190} INFO - [2026-02-23T08:21:19.301+0000] {dag.py:4180} INFO - Setting next_dagrun for dataset_consumes_unknown_never_scheduled to None, run_after=None
[2026-02-23T08:21:19.311+0000] {logging_mixin.py:190} INFO - [2026-02-23T08:21:19.310+0000] {dag.py:4180} INFO - Setting next_dagrun for dataset_produces_1 to 2026-02-22 00:00:00+00:00, run_after=2026-02-23 00:00:00+00:00
[2026-02-23T08:21:19.318+0000] {logging_mixin.py:190} INFO - [2026-02-23T08:21:19.317+0000] {dag.py:4180} INFO - Setting next_dagrun for dataset_produces_2 to None, run_after=None
[2026-02-23T08:21:19.459+0000] {processor.py:208} INFO - Processing /home/airflow/.local/lib/python3.12/site-packages/airflow/example_dags/example_datasets.py took 2.784 seconds
[2026-02-23T08:21:50.370+0000] {processor.py:186} INFO - Started process (PID=556) to work on /home/airflow/.local/lib/python3.12/site-packages/airflow/example_dags/example_datasets.py
[2026-02-23T08:21:50.373+0000] {processor.py:914} INFO - Processing file /home/airflow/.local/lib/python3.12/site-packages/airflow/example_dags/example_datasets.py for tasks to queue
[2026-02-23T08:21:50.378+0000] {logging_mixin.py:190} INFO - [2026-02-23T08:21:50.377+0000] {dagbag.py:588} INFO - Filling up the DagBag from /home/airflow/.local/lib/python3.12/site-packages/airflow/example_dags/example_datasets.py
[2026-02-23T08:21:51.479+0000] {processor.py:925} INFO - DAG(s) 'dataset_consumes_1', 'consume_1_or_both_2_and_3_with_dataset_expressions', 'dataset_consumes_1_never_scheduled', 'dataset_produces_1', 'conditional_dataset_and_time_based_timetable', 'dataset_produces_2', 'consume_1_or_2_with_dataset_expressions', 'dataset_consumes_unknown_never_scheduled', 'consume_1_and_2_with_dataset_expressions', 'dataset_consumes_1_and_2' retrieved from /home/airflow/.local/lib/python3.12/site-packages/airflow/example_dags/example_datasets.py
[2026-02-23T08:21:51.584+0000] {logging_mixin.py:190} INFO - [2026-02-23T08:21:51.583+0000] {dag.py:3239} INFO - Sync 10 DAGs
[2026-02-23T08:21:51.653+0000] {logging_mixin.py:190} INFO - [2026-02-23T08:21:51.652+0000] {dag.py:4180} INFO - Setting next_dagrun for conditional_dataset_and_time_based_timetable to 2026-02-18 01:00:00+00:00, run_after=2026-02-18 01:00:00+00:00
[2026-02-23T08:21:51.664+0000] {logging_mixin.py:190} INFO - [2026-02-23T08:21:51.663+0000] {dag.py:4180} INFO - Setting next_dagrun for consume_1_and_2_with_dataset_expressions to None, run_after=None
[2026-02-23T08:21:51.668+0000] {logging_mixin.py:190} INFO - [2026-02-23T08:21:51.667+0000] {dag.py:4180} INFO - Setting next_dagrun for consume_1_or_2_with_dataset_expressions to None, run_after=None
[2026-02-23T08:21:51.672+0000] {logging_mixin.py:190} INFO - [2026-02-23T08:21:51.671+0000] {dag.py:4180} INFO - Setting next_dagrun for consume_1_or_both_2_and_3_with_dataset_expressions to None, run_after=None
[2026-02-23T08:21:51.676+0000] {logging_mixin.py:190} INFO - [2026-02-23T08:21:51.675+0000] {dag.py:4180} INFO - Setting next_dagrun for dataset_consumes_1 to None, run_after=None
[2026-02-23T08:21:51.680+0000] {logging_mixin.py:190} INFO - [2026-02-23T08:21:51.679+0000] {dag.py:4180} INFO - Setting next_dagrun for dataset_consumes_1_and_2 to None, run_after=None
[2026-02-23T08:21:51.684+0000] {logging_mixin.py:190} INFO - [2026-02-23T08:21:51.683+0000] {dag.py:4180} INFO - Setting next_dagrun for dataset_consumes_1_never_scheduled to None, run_after=None
[2026-02-23T08:21:51.688+0000] {logging_mixin.py:190} INFO - [2026-02-23T08:21:51.687+0000] {dag.py:4180} INFO - Setting next_dagrun for dataset_consumes_unknown_never_scheduled to None, run_after=None
[2026-02-23T08:21:51.695+0000] {logging_mixin.py:190} INFO - [2026-02-23T08:21:51.694+0000] {dag.py:4180} INFO - Setting next_dagrun for dataset_produces_1 to 2026-02-22 00:00:00+00:00, run_after=2026-02-23 00:00:00+00:00
[2026-02-23T08:21:51.699+0000] {logging_mixin.py:190} INFO - [2026-02-23T08:21:51.699+0000] {dag.py:4180} INFO - Setting next_dagrun for dataset_produces_2 to None, run_after=None
[2026-02-23T08:21:51.781+0000] {processor.py:208} INFO - Processing /home/airflow/.local/lib/python3.12/site-packages/airflow/example_dags/example_datasets.py took 1.421 seconds
[2026-02-23T08:22:22.079+0000] {processor.py:186} INFO - Started process (PID=623) to work on /home/airflow/.local/lib/python3.12/site-packages/airflow/example_dags/example_datasets.py
[2026-02-23T08:22:22.083+0000] {processor.py:914} INFO - Processing file /home/airflow/.local/lib/python3.12/site-packages/airflow/example_dags/example_datasets.py for tasks to queue
[2026-02-23T08:22:22.088+0000] {logging_mixin.py:190} INFO - [2026-02-23T08:22:22.088+0000] {dagbag.py:588} INFO - Filling up the DagBag from /home/airflow/.local/lib/python3.12/site-packages/airflow/example_dags/example_datasets.py
[2026-02-23T08:22:23.238+0000] {processor.py:925} INFO - DAG(s) 'consume_1_or_2_with_dataset_expressions', 'dataset_produces_2', 'conditional_dataset_and_time_based_timetable', 'dataset_consumes_unknown_never_scheduled', 'consume_1_or_both_2_and_3_with_dataset_expressions', 'consume_1_and_2_with_dataset_expressions', 'dataset_consumes_1_and_2', 'dataset_consumes_1_never_scheduled', 'dataset_consumes_1', 'dataset_produces_1' retrieved from /home/airflow/.local/lib/python3.12/site-packages/airflow/example_dags/example_datasets.py
[2026-02-23T08:22:23.375+0000] {logging_mixin.py:190} INFO - [2026-02-23T08:22:23.375+0000] {dag.py:3239} INFO - Sync 10 DAGs
[2026-02-23T08:22:23.454+0000] {logging_mixin.py:190} INFO - [2026-02-23T08:22:23.454+0000] {dag.py:4180} INFO - Setting next_dagrun for conditional_dataset_and_time_based_timetable to 2026-02-18 01:00:00+00:00, run_after=2026-02-18 01:00:00+00:00
[2026-02-23T08:22:23.466+0000] {logging_mixin.py:190} INFO - [2026-02-23T08:22:23.466+0000] {dag.py:4180} INFO - Setting next_dagrun for consume_1_and_2_with_dataset_expressions to None, run_after=None
[2026-02-23T08:22:23.472+0000] {logging_mixin.py:190} INFO - [2026-02-23T08:22:23.471+0000] {dag.py:4180} INFO - Setting next_dagrun for consume_1_or_2_with_dataset_expressions to None, run_after=None
[2026-02-23T08:22:23.476+0000] {logging_mixin.py:190} INFO - [2026-02-23T08:22:23.476+0000] {dag.py:4180} INFO - Setting next_dagrun for consume_1_or_both_2_and_3_with_dataset_expressions to None, run_after=None
[2026-02-23T08:22:23.481+0000] {logging_mixin.py:190} INFO - [2026-02-23T08:22:23.481+0000] {dag.py:4180} INFO - Setting next_dagrun for dataset_consumes_1 to None, run_after=None
[2026-02-23T08:22:23.485+0000] {logging_mixin.py:190} INFO - [2026-02-23T08:22:23.485+0000] {dag.py:4180} INFO - Setting next_dagrun for dataset_consumes_1_and_2 to None, run_after=None
[2026-02-23T08:22:23.492+0000] {logging_mixin.py:190} INFO - [2026-02-23T08:22:23.491+0000] {dag.py:4180} INFO - Setting next_dagrun for dataset_consumes_1_never_scheduled to None, run_after=None
[2026-02-23T08:22:23.497+0000] {logging_mixin.py:190} INFO - [2026-02-23T08:22:23.496+0000] {dag.py:4180} INFO - Setting next_dagrun for dataset_consumes_unknown_never_scheduled to None, run_after=None
[2026-02-23T08:22:23.506+0000] {logging_mixin.py:190} INFO - [2026-02-23T08:22:23.505+0000] {dag.py:4180} INFO - Setting next_dagrun for dataset_produces_1 to 2026-02-22 00:00:00+00:00, run_after=2026-02-23 00:00:00+00:00
[2026-02-23T08:22:23.510+0000] {logging_mixin.py:190} INFO - [2026-02-23T08:22:23.510+0000] {dag.py:4180} INFO - Setting next_dagrun for dataset_produces_2 to None, run_after=None
[2026-02-23T08:22:23.605+0000] {processor.py:208} INFO - Processing /home/airflow/.local/lib/python3.12/site-packages/airflow/example_dags/example_datasets.py took 1.543 seconds
[2026-02-23T08:24:19.230+0000] {processor.py:186} INFO - Started process (PID=71) to work on /home/airflow/.local/lib/python3.12/site-packages/airflow/example_dags/example_datasets.py
[2026-02-23T08:24:19.235+0000] {processor.py:914} INFO - Processing file /home/airflow/.local/lib/python3.12/site-packages/airflow/example_dags/example_datasets.py for tasks to queue
[2026-02-23T08:24:19.246+0000] {logging_mixin.py:190} INFO - [2026-02-23T08:24:19.244+0000] {dagbag.py:588} INFO - Filling up the DagBag from /home/airflow/.local/lib/python3.12/site-packages/airflow/example_dags/example_datasets.py
[2026-02-23T08:24:21.551+0000] {processor.py:925} INFO - DAG(s) 'consume_1_and_2_with_dataset_expressions', 'consume_1_or_2_with_dataset_expressions', 'conditional_dataset_and_time_based_timetable', 'dataset_consumes_1_and_2', 'dataset_consumes_1_never_scheduled', 'dataset_consumes_1', 'dataset_produces_2', 'dataset_consumes_unknown_never_scheduled', 'dataset_produces_1', 'consume_1_or_both_2_and_3_with_dataset_expressions' retrieved from /home/airflow/.local/lib/python3.12/site-packages/airflow/example_dags/example_datasets.py
[2026-02-23T08:24:21.801+0000] {logging_mixin.py:190} INFO - [2026-02-23T08:24:21.800+0000] {dag.py:3239} INFO - Sync 10 DAGs
[2026-02-23T08:24:21.888+0000] {logging_mixin.py:190} INFO - [2026-02-23T08:24:21.887+0000] {dag.py:4180} INFO - Setting next_dagrun for conditional_dataset_and_time_based_timetable to 2026-02-18 01:00:00+00:00, run_after=2026-02-18 01:00:00+00:00
[2026-02-23T08:24:21.907+0000] {logging_mixin.py:190} INFO - [2026-02-23T08:24:21.905+0000] {dag.py:4180} INFO - Setting next_dagrun for consume_1_and_2_with_dataset_expressions to None, run_after=None
[2026-02-23T08:24:21.915+0000] {logging_mixin.py:190} INFO - [2026-02-23T08:24:21.914+0000] {dag.py:4180} INFO - Setting next_dagrun for consume_1_or_2_with_dataset_expressions to None, run_after=None
[2026-02-23T08:24:21.923+0000] {logging_mixin.py:190} INFO - [2026-02-23T08:24:21.921+0000] {dag.py:4180} INFO - Setting next_dagrun for consume_1_or_both_2_and_3_with_dataset_expressions to None, run_after=None
[2026-02-23T08:24:21.931+0000] {logging_mixin.py:190} INFO - [2026-02-23T08:24:21.929+0000] {dag.py:4180} INFO - Setting next_dagrun for dataset_consumes_1 to None, run_after=None
[2026-02-23T08:24:21.938+0000] {logging_mixin.py:190} INFO - [2026-02-23T08:24:21.937+0000] {dag.py:4180} INFO - Setting next_dagrun for dataset_consumes_1_and_2 to None, run_after=None
[2026-02-23T08:24:21.946+0000] {logging_mixin.py:190} INFO - [2026-02-23T08:24:21.944+0000] {dag.py:4180} INFO - Setting next_dagrun for dataset_consumes_1_never_scheduled to None, run_after=None
[2026-02-23T08:24:21.953+0000] {logging_mixin.py:190} INFO - [2026-02-23T08:24:21.952+0000] {dag.py:4180} INFO - Setting next_dagrun for dataset_consumes_unknown_never_scheduled to None, run_after=None
[2026-02-23T08:24:21.964+0000] {logging_mixin.py:190} INFO - [2026-02-23T08:24:21.963+0000] {dag.py:4180} INFO - Setting next_dagrun for dataset_produces_1 to 2026-02-22 00:00:00+00:00, run_after=2026-02-23 00:00:00+00:00
[2026-02-23T08:24:21.971+0000] {logging_mixin.py:190} INFO - [2026-02-23T08:24:21.970+0000] {dag.py:4180} INFO - Setting next_dagrun for dataset_produces_2 to None, run_after=None
[2026-02-23T08:24:22.124+0000] {processor.py:208} INFO - Processing /home/airflow/.local/lib/python3.12/site-packages/airflow/example_dags/example_datasets.py took 2.918 seconds
[2026-02-23T08:24:52.365+0000] {processor.py:186} INFO - Started process (PID=140) to work on /home/airflow/.local/lib/python3.12/site-packages/airflow/example_dags/example_datasets.py
[2026-02-23T08:24:52.367+0000] {processor.py:914} INFO - Processing file /home/airflow/.local/lib/python3.12/site-packages/airflow/example_dags/example_datasets.py for tasks to queue
[2026-02-23T08:24:52.371+0000] {logging_mixin.py:190} INFO - [2026-02-23T08:24:52.370+0000] {dagbag.py:588} INFO - Filling up the DagBag from /home/airflow/.local/lib/python3.12/site-packages/airflow/example_dags/example_datasets.py
[2026-02-23T08:24:52.988+0000] {processor.py:925} INFO - DAG(s) 'consume_1_or_both_2_and_3_with_dataset_expressions', 'dataset_consumes_1', 'dataset_produces_2', 'dataset_consumes_unknown_never_scheduled', 'dataset_consumes_1_and_2', 'dataset_consumes_1_never_scheduled', 'conditional_dataset_and_time_based_timetable', 'consume_1_and_2_with_dataset_expressions', 'dataset_produces_1', 'consume_1_or_2_with_dataset_expressions' retrieved from /home/airflow/.local/lib/python3.12/site-packages/airflow/example_dags/example_datasets.py
[2026-02-23T08:24:53.066+0000] {logging_mixin.py:190} INFO - [2026-02-23T08:24:53.066+0000] {dag.py:3239} INFO - Sync 10 DAGs
[2026-02-23T08:24:53.100+0000] {logging_mixin.py:190} INFO - [2026-02-23T08:24:53.100+0000] {dag.py:4180} INFO - Setting next_dagrun for conditional_dataset_and_time_based_timetable to 2026-02-18 01:00:00+00:00, run_after=2026-02-18 01:00:00+00:00
[2026-02-23T08:24:53.108+0000] {logging_mixin.py:190} INFO - [2026-02-23T08:24:53.107+0000] {dag.py:4180} INFO - Setting next_dagrun for consume_1_and_2_with_dataset_expressions to None, run_after=None
[2026-02-23T08:24:53.110+0000] {logging_mixin.py:190} INFO - [2026-02-23T08:24:53.110+0000] {dag.py:4180} INFO - Setting next_dagrun for consume_1_or_2_with_dataset_expressions to None, run_after=None
[2026-02-23T08:24:53.113+0000] {logging_mixin.py:190} INFO - [2026-02-23T08:24:53.112+0000] {dag.py:4180} INFO - Setting next_dagrun for consume_1_or_both_2_and_3_with_dataset_expressions to None, run_after=None
[2026-02-23T08:24:53.115+0000] {logging_mixin.py:190} INFO - [2026-02-23T08:24:53.115+0000] {dag.py:4180} INFO - Setting next_dagrun for dataset_consumes_1 to None, run_after=None
[2026-02-23T08:24:53.118+0000] {logging_mixin.py:190} INFO - [2026-02-23T08:24:53.117+0000] {dag.py:4180} INFO - Setting next_dagrun for dataset_consumes_1_and_2 to None, run_after=None
[2026-02-23T08:24:53.120+0000] {logging_mixin.py:190} INFO - [2026-02-23T08:24:53.120+0000] {dag.py:4180} INFO - Setting next_dagrun for dataset_consumes_1_never_scheduled to None, run_after=None
[2026-02-23T08:24:53.123+0000] {logging_mixin.py:190} INFO - [2026-02-23T08:24:53.122+0000] {dag.py:4180} INFO - Setting next_dagrun for dataset_consumes_unknown_never_scheduled to None, run_after=None
[2026-02-23T08:24:53.128+0000] {logging_mixin.py:190} INFO - [2026-02-23T08:24:53.127+0000] {dag.py:4180} INFO - Setting next_dagrun for dataset_produces_1 to 2026-02-22 00:00:00+00:00, run_after=2026-02-23 00:00:00+00:00
[2026-02-23T08:24:53.131+0000] {logging_mixin.py:190} INFO - [2026-02-23T08:24:53.130+0000] {dag.py:4180} INFO - Setting next_dagrun for dataset_produces_2 to None, run_after=None
[2026-02-23T08:24:53.181+0000] {processor.py:208} INFO - Processing /home/airflow/.local/lib/python3.12/site-packages/airflow/example_dags/example_datasets.py took 0.825 seconds
[2026-02-23T08:25:23.739+0000] {processor.py:186} INFO - Started process (PID=205) to work on /home/airflow/.local/lib/python3.12/site-packages/airflow/example_dags/example_datasets.py
[2026-02-23T08:25:23.744+0000] {processor.py:914} INFO - Processing file /home/airflow/.local/lib/python3.12/site-packages/airflow/example_dags/example_datasets.py for tasks to queue
[2026-02-23T08:25:23.754+0000] {logging_mixin.py:190} INFO - [2026-02-23T08:25:23.753+0000] {dagbag.py:588} INFO - Filling up the DagBag from /home/airflow/.local/lib/python3.12/site-packages/airflow/example_dags/example_datasets.py
[2026-02-23T08:25:25.908+0000] {processor.py:925} INFO - DAG(s) 'dataset_consumes_1_never_scheduled', 'consume_1_or_2_with_dataset_expressions', 'dataset_consumes_1', 'dataset_produces_2', 'consume_1_and_2_with_dataset_expressions', 'dataset_produces_1', 'dataset_consumes_1_and_2', 'consume_1_or_both_2_and_3_with_dataset_expressions', 'dataset_consumes_unknown_never_scheduled', 'conditional_dataset_and_time_based_timetable' retrieved from /home/airflow/.local/lib/python3.12/site-packages/airflow/example_dags/example_datasets.py
[2026-02-23T08:25:26.082+0000] {logging_mixin.py:190} INFO - [2026-02-23T08:25:26.080+0000] {dag.py:3239} INFO - Sync 10 DAGs
[2026-02-23T08:25:26.182+0000] {logging_mixin.py:190} INFO - [2026-02-23T08:25:26.181+0000] {dag.py:4180} INFO - Setting next_dagrun for conditional_dataset_and_time_based_timetable to 2026-02-18 01:00:00+00:00, run_after=2026-02-18 01:00:00+00:00
[2026-02-23T08:25:26.207+0000] {logging_mixin.py:190} INFO - [2026-02-23T08:25:26.206+0000] {dag.py:4180} INFO - Setting next_dagrun for consume_1_and_2_with_dataset_expressions to None, run_after=None
[2026-02-23T08:25:26.213+0000] {logging_mixin.py:190} INFO - [2026-02-23T08:25:26.212+0000] {dag.py:4180} INFO - Setting next_dagrun for consume_1_or_2_with_dataset_expressions to None, run_after=None
[2026-02-23T08:25:26.220+0000] {logging_mixin.py:190} INFO - [2026-02-23T08:25:26.219+0000] {dag.py:4180} INFO - Setting next_dagrun for consume_1_or_both_2_and_3_with_dataset_expressions to None, run_after=None
[2026-02-23T08:25:26.228+0000] {logging_mixin.py:190} INFO - [2026-02-23T08:25:26.227+0000] {dag.py:4180} INFO - Setting next_dagrun for dataset_consumes_1 to None, run_after=None
[2026-02-23T08:25:26.236+0000] {logging_mixin.py:190} INFO - [2026-02-23T08:25:26.235+0000] {dag.py:4180} INFO - Setting next_dagrun for dataset_consumes_1_and_2 to None, run_after=None
[2026-02-23T08:25:26.243+0000] {logging_mixin.py:190} INFO - [2026-02-23T08:25:26.242+0000] {dag.py:4180} INFO - Setting next_dagrun for dataset_consumes_1_never_scheduled to None, run_after=None
[2026-02-23T08:25:26.251+0000] {logging_mixin.py:190} INFO - [2026-02-23T08:25:26.250+0000] {dag.py:4180} INFO - Setting next_dagrun for dataset_consumes_unknown_never_scheduled to None, run_after=None
[2026-02-23T08:25:26.265+0000] {logging_mixin.py:190} INFO - [2026-02-23T08:25:26.264+0000] {dag.py:4180} INFO - Setting next_dagrun for dataset_produces_1 to 2026-02-22 00:00:00+00:00, run_after=2026-02-23 00:00:00+00:00
[2026-02-23T08:25:26.271+0000] {logging_mixin.py:190} INFO - [2026-02-23T08:25:26.270+0000] {dag.py:4180} INFO - Setting next_dagrun for dataset_produces_2 to None, run_after=None
[2026-02-23T08:25:26.412+0000] {processor.py:208} INFO - Processing /home/airflow/.local/lib/python3.12/site-packages/airflow/example_dags/example_datasets.py took 2.696 seconds
[2026-02-23T08:25:56.716+0000] {processor.py:186} INFO - Started process (PID=273) to work on /home/airflow/.local/lib/python3.12/site-packages/airflow/example_dags/example_datasets.py
[2026-02-23T08:25:56.719+0000] {processor.py:914} INFO - Processing file /home/airflow/.local/lib/python3.12/site-packages/airflow/example_dags/example_datasets.py for tasks to queue
[2026-02-23T08:25:56.729+0000] {logging_mixin.py:190} INFO - [2026-02-23T08:25:56.727+0000] {dagbag.py:588} INFO - Filling up the DagBag from /home/airflow/.local/lib/python3.12/site-packages/airflow/example_dags/example_datasets.py
[2026-02-23T08:25:58.540+0000] {processor.py:925} INFO - DAG(s) 'dataset_consumes_unknown_never_scheduled', 'consume_1_or_2_with_dataset_expressions', 'conditional_dataset_and_time_based_timetable', 'dataset_produces_1', 'dataset_consumes_1', 'consume_1_and_2_with_dataset_expressions', 'dataset_produces_2', 'dataset_consumes_1_never_scheduled', 'dataset_consumes_1_and_2', 'consume_1_or_both_2_and_3_with_dataset_expressions' retrieved from /home/airflow/.local/lib/python3.12/site-packages/airflow/example_dags/example_datasets.py
[2026-02-23T08:25:58.712+0000] {logging_mixin.py:190} INFO - [2026-02-23T08:25:58.711+0000] {dag.py:3239} INFO - Sync 10 DAGs
[2026-02-23T08:25:58.797+0000] {logging_mixin.py:190} INFO - [2026-02-23T08:25:58.796+0000] {dag.py:4180} INFO - Setting next_dagrun for conditional_dataset_and_time_based_timetable to 2026-02-18 01:00:00+00:00, run_after=2026-02-18 01:00:00+00:00
[2026-02-23T08:25:58.812+0000] {logging_mixin.py:190} INFO - [2026-02-23T08:25:58.811+0000] {dag.py:4180} INFO - Setting next_dagrun for consume_1_and_2_with_dataset_expressions to None, run_after=None
[2026-02-23T08:25:58.818+0000] {logging_mixin.py:190} INFO - [2026-02-23T08:25:58.817+0000] {dag.py:4180} INFO - Setting next_dagrun for consume_1_or_2_with_dataset_expressions to None, run_after=None
[2026-02-23T08:25:58.824+0000] {logging_mixin.py:190} INFO - [2026-02-23T08:25:58.823+0000] {dag.py:4180} INFO - Setting next_dagrun for consume_1_or_both_2_and_3_with_dataset_expressions to None, run_after=None
[2026-02-23T08:25:58.830+0000] {logging_mixin.py:190} INFO - [2026-02-23T08:25:58.830+0000] {dag.py:4180} INFO - Setting next_dagrun for dataset_consumes_1 to None, run_after=None
[2026-02-23T08:25:58.836+0000] {logging_mixin.py:190} INFO - [2026-02-23T08:25:58.835+0000] {dag.py:4180} INFO - Setting next_dagrun for dataset_consumes_1_and_2 to None, run_after=None
[2026-02-23T08:25:58.842+0000] {logging_mixin.py:190} INFO - [2026-02-23T08:25:58.842+0000] {dag.py:4180} INFO - Setting next_dagrun for dataset_consumes_1_never_scheduled to None, run_after=None
[2026-02-23T08:25:58.848+0000] {logging_mixin.py:190} INFO - [2026-02-23T08:25:58.848+0000] {dag.py:4180} INFO - Setting next_dagrun for dataset_consumes_unknown_never_scheduled to None, run_after=None
[2026-02-23T08:25:58.859+0000] {logging_mixin.py:190} INFO - [2026-02-23T08:25:58.858+0000] {dag.py:4180} INFO - Setting next_dagrun for dataset_produces_1 to 2026-02-22 00:00:00+00:00, run_after=2026-02-23 00:00:00+00:00
[2026-02-23T08:25:58.865+0000] {logging_mixin.py:190} INFO - [2026-02-23T08:25:58.864+0000] {dag.py:4180} INFO - Setting next_dagrun for dataset_produces_2 to None, run_after=None
[2026-02-23T08:25:59.000+0000] {processor.py:208} INFO - Processing /home/airflow/.local/lib/python3.12/site-packages/airflow/example_dags/example_datasets.py took 2.304 seconds
[2026-02-23T08:26:29.885+0000] {processor.py:186} INFO - Started process (PID=341) to work on /home/airflow/.local/lib/python3.12/site-packages/airflow/example_dags/example_datasets.py
[2026-02-23T08:26:29.886+0000] {processor.py:914} INFO - Processing file /home/airflow/.local/lib/python3.12/site-packages/airflow/example_dags/example_datasets.py for tasks to queue
[2026-02-23T08:26:29.889+0000] {logging_mixin.py:190} INFO - [2026-02-23T08:26:29.889+0000] {dagbag.py:588} INFO - Filling up the DagBag from /home/airflow/.local/lib/python3.12/site-packages/airflow/example_dags/example_datasets.py
[2026-02-23T08:26:30.541+0000] {processor.py:925} INFO - DAG(s) 'dataset_consumes_1_and_2', 'dataset_consumes_1_never_scheduled', 'dataset_consumes_1', 'consume_1_or_2_with_dataset_expressions', 'dataset_consumes_unknown_never_scheduled', 'consume_1_and_2_with_dataset_expressions', 'consume_1_or_both_2_and_3_with_dataset_expressions', 'conditional_dataset_and_time_based_timetable', 'dataset_produces_1', 'dataset_produces_2' retrieved from /home/airflow/.local/lib/python3.12/site-packages/airflow/example_dags/example_datasets.py
[2026-02-23T08:26:30.598+0000] {logging_mixin.py:190} INFO - [2026-02-23T08:26:30.597+0000] {dag.py:3239} INFO - Sync 10 DAGs
[2026-02-23T08:26:30.631+0000] {logging_mixin.py:190} INFO - [2026-02-23T08:26:30.631+0000] {dag.py:4180} INFO - Setting next_dagrun for conditional_dataset_and_time_based_timetable to 2026-02-18 01:00:00+00:00, run_after=2026-02-18 01:00:00+00:00
[2026-02-23T08:26:30.637+0000] {logging_mixin.py:190} INFO - [2026-02-23T08:26:30.637+0000] {dag.py:4180} INFO - Setting next_dagrun for consume_1_and_2_with_dataset_expressions to None, run_after=None
[2026-02-23T08:26:30.640+0000] {logging_mixin.py:190} INFO - [2026-02-23T08:26:30.639+0000] {dag.py:4180} INFO - Setting next_dagrun for consume_1_or_2_with_dataset_expressions to None, run_after=None
[2026-02-23T08:26:30.642+0000] {logging_mixin.py:190} INFO - [2026-02-23T08:26:30.642+0000] {dag.py:4180} INFO - Setting next_dagrun for consume_1_or_both_2_and_3_with_dataset_expressions to None, run_after=None
[2026-02-23T08:26:30.645+0000] {logging_mixin.py:190} INFO - [2026-02-23T08:26:30.645+0000] {dag.py:4180} INFO - Setting next_dagrun for dataset_consumes_1 to None, run_after=None
[2026-02-23T08:26:30.647+0000] {logging_mixin.py:190} INFO - [2026-02-23T08:26:30.647+0000] {dag.py:4180} INFO - Setting next_dagrun for dataset_consumes_1_and_2 to None, run_after=None
[2026-02-23T08:26:30.650+0000] {logging_mixin.py:190} INFO - [2026-02-23T08:26:30.650+0000] {dag.py:4180} INFO - Setting next_dagrun for dataset_consumes_1_never_scheduled to None, run_after=None
[2026-02-23T08:26:30.652+0000] {logging_mixin.py:190} INFO - [2026-02-23T08:26:30.652+0000] {dag.py:4180} INFO - Setting next_dagrun for dataset_consumes_unknown_never_scheduled to None, run_after=None
[2026-02-23T08:26:30.657+0000] {logging_mixin.py:190} INFO - [2026-02-23T08:26:30.656+0000] {dag.py:4180} INFO - Setting next_dagrun for dataset_produces_1 to 2026-02-22 00:00:00+00:00, run_after=2026-02-23 00:00:00+00:00
[2026-02-23T08:26:30.659+0000] {logging_mixin.py:190} INFO - [2026-02-23T08:26:30.659+0000] {dag.py:4180} INFO - Setting next_dagrun for dataset_produces_2 to None, run_after=None
[2026-02-23T08:26:30.711+0000] {processor.py:208} INFO - Processing /home/airflow/.local/lib/python3.12/site-packages/airflow/example_dags/example_datasets.py took 0.833 seconds
[2026-02-23T08:31:30.858+0000] {processor.py:186} INFO - Started process (PID=96) to work on /home/airflow/.local/lib/python3.12/site-packages/airflow/example_dags/example_datasets.py
[2026-02-23T08:31:30.867+0000] {processor.py:914} INFO - Processing file /home/airflow/.local/lib/python3.12/site-packages/airflow/example_dags/example_datasets.py for tasks to queue
[2026-02-23T08:31:30.885+0000] {logging_mixin.py:190} INFO - [2026-02-23T08:31:30.883+0000] {dagbag.py:588} INFO - Filling up the DagBag from /home/airflow/.local/lib/python3.12/site-packages/airflow/example_dags/example_datasets.py
[2026-02-23T08:31:40.066+0000] {processor.py:925} INFO - DAG(s) 'conditional_dataset_and_time_based_timetable', 'dataset_consumes_unknown_never_scheduled', 'dataset_consumes_1_never_scheduled', 'dataset_produces_1', 'consume_1_or_both_2_and_3_with_dataset_expressions', 'consume_1_and_2_with_dataset_expressions', 'dataset_produces_2', 'dataset_consumes_1', 'dataset_consumes_1_and_2', 'consume_1_or_2_with_dataset_expressions' retrieved from /home/airflow/.local/lib/python3.12/site-packages/airflow/example_dags/example_datasets.py
[2026-02-23T08:31:40.444+0000] {logging_mixin.py:190} INFO - [2026-02-23T08:31:40.440+0000] {dag.py:3239} INFO - Sync 10 DAGs
[2026-02-23T08:31:40.669+0000] {logging_mixin.py:190} INFO - [2026-02-23T08:31:40.668+0000] {dag.py:4180} INFO - Setting next_dagrun for conditional_dataset_and_time_based_timetable to 2026-02-18 01:00:00+00:00, run_after=2026-02-18 01:00:00+00:00
[2026-02-23T08:31:40.693+0000] {logging_mixin.py:190} INFO - [2026-02-23T08:31:40.691+0000] {dag.py:4180} INFO - Setting next_dagrun for consume_1_and_2_with_dataset_expressions to None, run_after=None
[2026-02-23T08:31:40.706+0000] {logging_mixin.py:190} INFO - [2026-02-23T08:31:40.705+0000] {dag.py:4180} INFO - Setting next_dagrun for consume_1_or_2_with_dataset_expressions to None, run_after=None
[2026-02-23T08:31:40.717+0000] {logging_mixin.py:190} INFO - [2026-02-23T08:31:40.716+0000] {dag.py:4180} INFO - Setting next_dagrun for consume_1_or_both_2_and_3_with_dataset_expressions to None, run_after=None
[2026-02-23T08:31:40.730+0000] {logging_mixin.py:190} INFO - [2026-02-23T08:31:40.729+0000] {dag.py:4180} INFO - Setting next_dagrun for dataset_consumes_1 to None, run_after=None
[2026-02-23T08:31:40.755+0000] {logging_mixin.py:190} INFO - [2026-02-23T08:31:40.753+0000] {dag.py:4180} INFO - Setting next_dagrun for dataset_consumes_1_and_2 to None, run_after=None
[2026-02-23T08:31:40.793+0000] {logging_mixin.py:190} INFO - [2026-02-23T08:31:40.783+0000] {dag.py:4180} INFO - Setting next_dagrun for dataset_consumes_1_never_scheduled to None, run_after=None
[2026-02-23T08:31:40.804+0000] {logging_mixin.py:190} INFO - [2026-02-23T08:31:40.803+0000] {dag.py:4180} INFO - Setting next_dagrun for dataset_consumes_unknown_never_scheduled to None, run_after=None
[2026-02-23T08:31:40.827+0000] {logging_mixin.py:190} INFO - [2026-02-23T08:31:40.826+0000] {dag.py:4180} INFO - Setting next_dagrun for dataset_produces_1 to 2026-02-22 00:00:00+00:00, run_after=2026-02-23 00:00:00+00:00
[2026-02-23T08:31:40.843+0000] {logging_mixin.py:190} INFO - [2026-02-23T08:31:40.842+0000] {dag.py:4180} INFO - Setting next_dagrun for dataset_produces_2 to None, run_after=None
[2026-02-23T08:31:41.114+0000] {processor.py:208} INFO - Processing /home/airflow/.local/lib/python3.12/site-packages/airflow/example_dags/example_datasets.py took 10.363 seconds
[2026-02-23T15:42:08.095+0000] {processor.py:186} INFO - Started process (PID=167) to work on /home/airflow/.local/lib/python3.12/site-packages/airflow/example_dags/example_datasets.py
[2026-02-23T15:42:08.108+0000] {processor.py:914} INFO - Processing file /home/airflow/.local/lib/python3.12/site-packages/airflow/example_dags/example_datasets.py for tasks to queue
[2026-02-23T15:42:08.112+0000] {logging_mixin.py:190} INFO - [2026-02-23T15:42:08.111+0000] {dagbag.py:588} INFO - Filling up the DagBag from /home/airflow/.local/lib/python3.12/site-packages/airflow/example_dags/example_datasets.py
[2026-02-23T15:42:10.432+0000] {processor.py:925} INFO - DAG(s) 'dataset_consumes_unknown_never_scheduled', 'dataset_produces_2', 'dataset_produces_1', 'dataset_consumes_1_never_scheduled', 'consume_1_and_2_with_dataset_expressions', 'dataset_consumes_1', 'dataset_consumes_1_and_2', 'consume_1_or_both_2_and_3_with_dataset_expressions', 'consume_1_or_2_with_dataset_expressions', 'conditional_dataset_and_time_based_timetable' retrieved from /home/airflow/.local/lib/python3.12/site-packages/airflow/example_dags/example_datasets.py
[2026-02-23T15:42:10.557+0000] {logging_mixin.py:190} INFO - [2026-02-23T15:42:10.557+0000] {dag.py:3239} INFO - Sync 10 DAGs
[2026-02-23T15:42:10.624+0000] {logging_mixin.py:190} INFO - [2026-02-23T15:42:10.623+0000] {dag.py:4180} INFO - Setting next_dagrun for conditional_dataset_and_time_based_timetable to 2026-02-18 01:00:00+00:00, run_after=2026-02-18 01:00:00+00:00
[2026-02-23T15:42:10.651+0000] {logging_mixin.py:190} INFO - [2026-02-23T15:42:10.650+0000] {dag.py:4180} INFO - Setting next_dagrun for consume_1_and_2_with_dataset_expressions to None, run_after=None
[2026-02-23T15:42:10.658+0000] {logging_mixin.py:190} INFO - [2026-02-23T15:42:10.657+0000] {dag.py:4180} INFO - Setting next_dagrun for consume_1_or_2_with_dataset_expressions to None, run_after=None
[2026-02-23T15:42:10.672+0000] {logging_mixin.py:190} INFO - [2026-02-23T15:42:10.671+0000] {dag.py:4180} INFO - Setting next_dagrun for consume_1_or_both_2_and_3_with_dataset_expressions to None, run_after=None
[2026-02-23T15:42:10.678+0000] {logging_mixin.py:190} INFO - [2026-02-23T15:42:10.677+0000] {dag.py:4180} INFO - Setting next_dagrun for dataset_consumes_1 to None, run_after=None
[2026-02-23T15:42:10.682+0000] {logging_mixin.py:190} INFO - [2026-02-23T15:42:10.682+0000] {dag.py:4180} INFO - Setting next_dagrun for dataset_consumes_1_and_2 to None, run_after=None
[2026-02-23T15:42:10.689+0000] {logging_mixin.py:190} INFO - [2026-02-23T15:42:10.688+0000] {dag.py:4180} INFO - Setting next_dagrun for dataset_consumes_1_never_scheduled to None, run_after=None
[2026-02-23T15:42:10.696+0000] {logging_mixin.py:190} INFO - [2026-02-23T15:42:10.696+0000] {dag.py:4180} INFO - Setting next_dagrun for dataset_consumes_unknown_never_scheduled to None, run_after=None
[2026-02-23T15:42:10.720+0000] {logging_mixin.py:190} INFO - [2026-02-23T15:42:10.720+0000] {dag.py:4180} INFO - Setting next_dagrun for dataset_produces_1 to 2026-02-22 00:00:00+00:00, run_after=2026-02-23 00:00:00+00:00
[2026-02-23T15:42:10.729+0000] {logging_mixin.py:190} INFO - [2026-02-23T15:42:10.729+0000] {dag.py:4180} INFO - Setting next_dagrun for dataset_produces_2 to None, run_after=None
[2026-02-23T15:42:10.851+0000] {processor.py:208} INFO - Processing /home/airflow/.local/lib/python3.12/site-packages/airflow/example_dags/example_datasets.py took 2.769 seconds
[2026-02-23T15:42:41.161+0000] {processor.py:186} INFO - Started process (PID=234) to work on /home/airflow/.local/lib/python3.12/site-packages/airflow/example_dags/example_datasets.py
[2026-02-23T15:42:41.163+0000] {processor.py:914} INFO - Processing file /home/airflow/.local/lib/python3.12/site-packages/airflow/example_dags/example_datasets.py for tasks to queue
[2026-02-23T15:42:41.166+0000] {logging_mixin.py:190} INFO - [2026-02-23T15:42:41.166+0000] {dagbag.py:588} INFO - Filling up the DagBag from /home/airflow/.local/lib/python3.12/site-packages/airflow/example_dags/example_datasets.py
[2026-02-23T15:42:42.076+0000] {processor.py:925} INFO - DAG(s) 'conditional_dataset_and_time_based_timetable', 'dataset_consumes_1_and_2', 'consume_1_or_both_2_and_3_with_dataset_expressions', 'dataset_produces_1', 'dataset_produces_2', 'consume_1_and_2_with_dataset_expressions', 'consume_1_or_2_with_dataset_expressions', 'dataset_consumes_unknown_never_scheduled', 'dataset_consumes_1_never_scheduled', 'dataset_consumes_1' retrieved from /home/airflow/.local/lib/python3.12/site-packages/airflow/example_dags/example_datasets.py
[2026-02-23T15:42:42.145+0000] {logging_mixin.py:190} INFO - [2026-02-23T15:42:42.145+0000] {dag.py:3239} INFO - Sync 10 DAGs
[2026-02-23T15:42:42.191+0000] {logging_mixin.py:190} INFO - [2026-02-23T15:42:42.191+0000] {dag.py:4180} INFO - Setting next_dagrun for conditional_dataset_and_time_based_timetable to 2026-02-18 01:00:00+00:00, run_after=2026-02-18 01:00:00+00:00
[2026-02-23T15:42:42.197+0000] {logging_mixin.py:190} INFO - [2026-02-23T15:42:42.197+0000] {dag.py:4180} INFO - Setting next_dagrun for consume_1_and_2_with_dataset_expressions to None, run_after=None
[2026-02-23T15:42:42.199+0000] {logging_mixin.py:190} INFO - [2026-02-23T15:42:42.199+0000] {dag.py:4180} INFO - Setting next_dagrun for consume_1_or_2_with_dataset_expressions to None, run_after=None
[2026-02-23T15:42:42.202+0000] {logging_mixin.py:190} INFO - [2026-02-23T15:42:42.201+0000] {dag.py:4180} INFO - Setting next_dagrun for consume_1_or_both_2_and_3_with_dataset_expressions to None, run_after=None
[2026-02-23T15:42:42.204+0000] {logging_mixin.py:190} INFO - [2026-02-23T15:42:42.203+0000] {dag.py:4180} INFO - Setting next_dagrun for dataset_consumes_1 to None, run_after=None
[2026-02-23T15:42:42.206+0000] {logging_mixin.py:190} INFO - [2026-02-23T15:42:42.206+0000] {dag.py:4180} INFO - Setting next_dagrun for dataset_consumes_1_and_2 to None, run_after=None
[2026-02-23T15:42:42.209+0000] {logging_mixin.py:190} INFO - [2026-02-23T15:42:42.208+0000] {dag.py:4180} INFO - Setting next_dagrun for dataset_consumes_1_never_scheduled to None, run_after=None
[2026-02-23T15:42:42.211+0000] {logging_mixin.py:190} INFO - [2026-02-23T15:42:42.211+0000] {dag.py:4180} INFO - Setting next_dagrun for dataset_consumes_unknown_never_scheduled to None, run_after=None
[2026-02-23T15:42:42.215+0000] {logging_mixin.py:190} INFO - [2026-02-23T15:42:42.214+0000] {dag.py:4180} INFO - Setting next_dagrun for dataset_produces_1 to 2026-02-22 00:00:00+00:00, run_after=2026-02-23 00:00:00+00:00
[2026-02-23T15:42:42.217+0000] {logging_mixin.py:190} INFO - [2026-02-23T15:42:42.217+0000] {dag.py:4180} INFO - Setting next_dagrun for dataset_produces_2 to None, run_after=None
[2026-02-23T15:42:42.264+0000] {processor.py:208} INFO - Processing /home/airflow/.local/lib/python3.12/site-packages/airflow/example_dags/example_datasets.py took 1.114 seconds
[2026-02-23T15:43:14.335+0000] {processor.py:186} INFO - Started process (PID=297) to work on /home/airflow/.local/lib/python3.12/site-packages/airflow/example_dags/example_datasets.py
[2026-02-23T15:43:14.345+0000] {processor.py:914} INFO - Processing file /home/airflow/.local/lib/python3.12/site-packages/airflow/example_dags/example_datasets.py for tasks to queue
[2026-02-23T15:43:14.350+0000] {logging_mixin.py:190} INFO - [2026-02-23T15:43:14.349+0000] {dagbag.py:588} INFO - Filling up the DagBag from /home/airflow/.local/lib/python3.12/site-packages/airflow/example_dags/example_datasets.py
[2026-02-23T15:43:20.655+0000] {processor.py:925} INFO - DAG(s) 'dataset_consumes_unknown_never_scheduled', 'consume_1_or_both_2_and_3_with_dataset_expressions', 'dataset_consumes_1_and_2', 'dataset_produces_1', 'dataset_consumes_1_never_scheduled', 'conditional_dataset_and_time_based_timetable', 'dataset_produces_2', 'dataset_consumes_1', 'consume_1_or_2_with_dataset_expressions', 'consume_1_and_2_with_dataset_expressions' retrieved from /home/airflow/.local/lib/python3.12/site-packages/airflow/example_dags/example_datasets.py
[2026-02-23T15:43:20.950+0000] {logging_mixin.py:190} INFO - [2026-02-23T15:43:20.949+0000] {dag.py:3239} INFO - Sync 10 DAGs
[2026-02-23T15:43:21.180+0000] {logging_mixin.py:190} INFO - [2026-02-23T15:43:21.179+0000] {dag.py:4180} INFO - Setting next_dagrun for conditional_dataset_and_time_based_timetable to 2026-02-18 01:00:00+00:00, run_after=2026-02-18 01:00:00+00:00
[2026-02-23T15:43:21.216+0000] {logging_mixin.py:190} INFO - [2026-02-23T15:43:21.216+0000] {dag.py:4180} INFO - Setting next_dagrun for consume_1_and_2_with_dataset_expressions to None, run_after=None
[2026-02-23T15:43:21.224+0000] {logging_mixin.py:190} INFO - [2026-02-23T15:43:21.223+0000] {dag.py:4180} INFO - Setting next_dagrun for consume_1_or_2_with_dataset_expressions to None, run_after=None
[2026-02-23T15:43:21.239+0000] {logging_mixin.py:190} INFO - [2026-02-23T15:43:21.239+0000] {dag.py:4180} INFO - Setting next_dagrun for consume_1_or_both_2_and_3_with_dataset_expressions to None, run_after=None
[2026-02-23T15:43:21.247+0000] {logging_mixin.py:190} INFO - [2026-02-23T15:43:21.246+0000] {dag.py:4180} INFO - Setting next_dagrun for dataset_consumes_1 to None, run_after=None
[2026-02-23T15:43:21.259+0000] {logging_mixin.py:190} INFO - [2026-02-23T15:43:21.258+0000] {dag.py:4180} INFO - Setting next_dagrun for dataset_consumes_1_and_2 to None, run_after=None
[2026-02-23T15:43:21.276+0000] {logging_mixin.py:190} INFO - [2026-02-23T15:43:21.275+0000] {dag.py:4180} INFO - Setting next_dagrun for dataset_consumes_1_never_scheduled to None, run_after=None
[2026-02-23T15:43:21.281+0000] {logging_mixin.py:190} INFO - [2026-02-23T15:43:21.280+0000] {dag.py:4180} INFO - Setting next_dagrun for dataset_consumes_unknown_never_scheduled to None, run_after=None
[2026-02-23T15:43:21.301+0000] {logging_mixin.py:190} INFO - [2026-02-23T15:43:21.290+0000] {dag.py:4180} INFO - Setting next_dagrun for dataset_produces_1 to 2026-02-22 00:00:00+00:00, run_after=2026-02-23 00:00:00+00:00
[2026-02-23T15:43:21.311+0000] {logging_mixin.py:190} INFO - [2026-02-23T15:43:21.311+0000] {dag.py:4180} INFO - Setting next_dagrun for dataset_produces_2 to None, run_after=None
[2026-02-23T15:43:21.686+0000] {processor.py:208} INFO - Processing /home/airflow/.local/lib/python3.12/site-packages/airflow/example_dags/example_datasets.py took 7.379 seconds
