[2026-02-23T07:42:09.125+0000] {processor.py:186} INFO - Started process (PID=3339) to work on /home/airflow/.local/lib/python3.12/site-packages/airflow/example_dags/example_xcomargs.py
[2026-02-23T07:42:09.130+0000] {processor.py:914} INFO - Processing file /home/airflow/.local/lib/python3.12/site-packages/airflow/example_dags/example_xcomargs.py for tasks to queue
[2026-02-23T07:42:09.136+0000] {logging_mixin.py:190} INFO - [2026-02-23T07:42:09.135+0000] {dagbag.py:588} INFO - Filling up the DagBag from /home/airflow/.local/lib/python3.12/site-packages/airflow/example_dags/example_xcomargs.py
[2026-02-23T07:42:09.173+0000] {processor.py:925} INFO - DAG(s) 'example_xcom_args_with_operators', 'example_xcom_args' retrieved from /home/airflow/.local/lib/python3.12/site-packages/airflow/example_dags/example_xcomargs.py
[2026-02-23T07:42:09.275+0000] {logging_mixin.py:190} INFO - [2026-02-23T07:42:09.274+0000] {dag.py:3239} INFO - Sync 2 DAGs
[2026-02-23T07:42:09.359+0000] {logging_mixin.py:190} INFO - [2026-02-23T07:42:09.358+0000] {dag.py:4180} INFO - Setting next_dagrun for example_xcom_args to None, run_after=None
[2026-02-23T07:42:09.383+0000] {logging_mixin.py:190} INFO - [2026-02-23T07:42:09.382+0000] {dag.py:4180} INFO - Setting next_dagrun for example_xcom_args_with_operators to None, run_after=None
[2026-02-23T07:42:09.463+0000] {processor.py:208} INFO - Processing /home/airflow/.local/lib/python3.12/site-packages/airflow/example_dags/example_xcomargs.py took 0.358 seconds
[2026-02-23T07:42:39.714+0000] {processor.py:186} INFO - Started process (PID=3404) to work on /home/airflow/.local/lib/python3.12/site-packages/airflow/example_dags/example_xcomargs.py
[2026-02-23T07:42:39.717+0000] {processor.py:914} INFO - Processing file /home/airflow/.local/lib/python3.12/site-packages/airflow/example_dags/example_xcomargs.py for tasks to queue
[2026-02-23T07:42:39.723+0000] {logging_mixin.py:190} INFO - [2026-02-23T07:42:39.722+0000] {dagbag.py:588} INFO - Filling up the DagBag from /home/airflow/.local/lib/python3.12/site-packages/airflow/example_dags/example_xcomargs.py
[2026-02-23T07:42:39.748+0000] {processor.py:925} INFO - DAG(s) 'example_xcom_args_with_operators', 'example_xcom_args' retrieved from /home/airflow/.local/lib/python3.12/site-packages/airflow/example_dags/example_xcomargs.py
[2026-02-23T07:42:39.807+0000] {logging_mixin.py:190} INFO - [2026-02-23T07:42:39.807+0000] {dag.py:3239} INFO - Sync 2 DAGs
[2026-02-23T07:42:39.840+0000] {logging_mixin.py:190} INFO - [2026-02-23T07:42:39.840+0000] {dag.py:4180} INFO - Setting next_dagrun for example_xcom_args to None, run_after=None
[2026-02-23T07:42:39.848+0000] {logging_mixin.py:190} INFO - [2026-02-23T07:42:39.848+0000] {dag.py:4180} INFO - Setting next_dagrun for example_xcom_args_with_operators to None, run_after=None
[2026-02-23T07:42:39.889+0000] {processor.py:208} INFO - Processing /home/airflow/.local/lib/python3.12/site-packages/airflow/example_dags/example_xcomargs.py took 0.194 seconds
[2026-02-23T07:43:45.971+0000] {processor.py:186} INFO - Started process (PID=3496) to work on /home/airflow/.local/lib/python3.12/site-packages/airflow/example_dags/example_xcomargs.py
[2026-02-23T07:43:45.978+0000] {processor.py:914} INFO - Processing file /home/airflow/.local/lib/python3.12/site-packages/airflow/example_dags/example_xcomargs.py for tasks to queue
[2026-02-23T07:43:45.984+0000] {logging_mixin.py:190} INFO - [2026-02-23T07:43:45.983+0000] {dagbag.py:588} INFO - Filling up the DagBag from /home/airflow/.local/lib/python3.12/site-packages/airflow/example_dags/example_xcomargs.py
[2026-02-23T07:43:46.026+0000] {processor.py:925} INFO - DAG(s) 'example_xcom_args_with_operators', 'example_xcom_args' retrieved from /home/airflow/.local/lib/python3.12/site-packages/airflow/example_dags/example_xcomargs.py
[2026-02-23T07:43:46.173+0000] {logging_mixin.py:190} INFO - [2026-02-23T07:43:46.172+0000] {dag.py:3239} INFO - Sync 2 DAGs
[2026-02-23T07:43:46.239+0000] {logging_mixin.py:190} INFO - [2026-02-23T07:43:46.238+0000] {dag.py:4180} INFO - Setting next_dagrun for example_xcom_args to None, run_after=None
[2026-02-23T07:43:46.263+0000] {logging_mixin.py:190} INFO - [2026-02-23T07:43:46.259+0000] {dag.py:4180} INFO - Setting next_dagrun for example_xcom_args_with_operators to None, run_after=None
[2026-02-23T07:43:46.358+0000] {processor.py:208} INFO - Processing /home/airflow/.local/lib/python3.12/site-packages/airflow/example_dags/example_xcomargs.py took 0.412 seconds
[2026-02-23T08:18:01.094+0000] {processor.py:186} INFO - Started process (PID=87) to work on /home/airflow/.local/lib/python3.12/site-packages/airflow/example_dags/example_xcomargs.py
[2026-02-23T08:18:01.098+0000] {processor.py:914} INFO - Processing file /home/airflow/.local/lib/python3.12/site-packages/airflow/example_dags/example_xcomargs.py for tasks to queue
[2026-02-23T08:18:01.104+0000] {logging_mixin.py:190} INFO - [2026-02-23T08:18:01.103+0000] {dagbag.py:588} INFO - Filling up the DagBag from /home/airflow/.local/lib/python3.12/site-packages/airflow/example_dags/example_xcomargs.py
[2026-02-23T08:18:01.129+0000] {processor.py:925} INFO - DAG(s) 'example_xcom_args', 'example_xcom_args_with_operators' retrieved from /home/airflow/.local/lib/python3.12/site-packages/airflow/example_dags/example_xcomargs.py
[2026-02-23T08:18:01.202+0000] {logging_mixin.py:190} INFO - [2026-02-23T08:18:01.201+0000] {dag.py:3239} INFO - Sync 2 DAGs
[2026-02-23T08:18:01.252+0000] {logging_mixin.py:190} INFO - [2026-02-23T08:18:01.251+0000] {dag.py:4180} INFO - Setting next_dagrun for example_xcom_args to None, run_after=None
[2026-02-23T08:18:01.266+0000] {logging_mixin.py:190} INFO - [2026-02-23T08:18:01.265+0000] {dag.py:4180} INFO - Setting next_dagrun for example_xcom_args_with_operators to None, run_after=None
[2026-02-23T08:18:01.324+0000] {processor.py:208} INFO - Processing /home/airflow/.local/lib/python3.12/site-packages/airflow/example_dags/example_xcomargs.py took 0.245 seconds
[2026-02-23T08:18:34.795+0000] {processor.py:186} INFO - Started process (PID=152) to work on /home/airflow/.local/lib/python3.12/site-packages/airflow/example_dags/example_xcomargs.py
[2026-02-23T08:18:34.804+0000] {processor.py:914} INFO - Processing file /home/airflow/.local/lib/python3.12/site-packages/airflow/example_dags/example_xcomargs.py for tasks to queue
[2026-02-23T08:18:34.820+0000] {logging_mixin.py:190} INFO - [2026-02-23T08:18:34.819+0000] {dagbag.py:588} INFO - Filling up the DagBag from /home/airflow/.local/lib/python3.12/site-packages/airflow/example_dags/example_xcomargs.py
[2026-02-23T08:18:34.874+0000] {processor.py:925} INFO - DAG(s) 'example_xcom_args', 'example_xcom_args_with_operators' retrieved from /home/airflow/.local/lib/python3.12/site-packages/airflow/example_dags/example_xcomargs.py
[2026-02-23T08:18:34.980+0000] {logging_mixin.py:190} INFO - [2026-02-23T08:18:34.979+0000] {dag.py:3239} INFO - Sync 2 DAGs
[2026-02-23T08:18:35.051+0000] {logging_mixin.py:190} INFO - [2026-02-23T08:18:35.050+0000] {dag.py:4180} INFO - Setting next_dagrun for example_xcom_args to None, run_after=None
[2026-02-23T08:18:35.076+0000] {logging_mixin.py:190} INFO - [2026-02-23T08:18:35.075+0000] {dag.py:4180} INFO - Setting next_dagrun for example_xcom_args_with_operators to None, run_after=None
[2026-02-23T08:18:35.167+0000] {processor.py:208} INFO - Processing /home/airflow/.local/lib/python3.12/site-packages/airflow/example_dags/example_xcomargs.py took 0.404 seconds
[2026-02-23T08:19:07.462+0000] {processor.py:186} INFO - Started process (PID=217) to work on /home/airflow/.local/lib/python3.12/site-packages/airflow/example_dags/example_xcomargs.py
[2026-02-23T08:19:07.466+0000] {processor.py:914} INFO - Processing file /home/airflow/.local/lib/python3.12/site-packages/airflow/example_dags/example_xcomargs.py for tasks to queue
[2026-02-23T08:19:07.473+0000] {logging_mixin.py:190} INFO - [2026-02-23T08:19:07.472+0000] {dagbag.py:588} INFO - Filling up the DagBag from /home/airflow/.local/lib/python3.12/site-packages/airflow/example_dags/example_xcomargs.py
[2026-02-23T08:19:07.505+0000] {processor.py:925} INFO - DAG(s) 'example_xcom_args', 'example_xcom_args_with_operators' retrieved from /home/airflow/.local/lib/python3.12/site-packages/airflow/example_dags/example_xcomargs.py
[2026-02-23T08:19:07.574+0000] {logging_mixin.py:190} INFO - [2026-02-23T08:19:07.573+0000] {dag.py:3239} INFO - Sync 2 DAGs
[2026-02-23T08:19:07.626+0000] {logging_mixin.py:190} INFO - [2026-02-23T08:19:07.626+0000] {dag.py:4180} INFO - Setting next_dagrun for example_xcom_args to None, run_after=None
[2026-02-23T08:19:07.640+0000] {logging_mixin.py:190} INFO - [2026-02-23T08:19:07.639+0000] {dag.py:4180} INFO - Setting next_dagrun for example_xcom_args_with_operators to None, run_after=None
[2026-02-23T08:19:07.689+0000] {processor.py:208} INFO - Processing /home/airflow/.local/lib/python3.12/site-packages/airflow/example_dags/example_xcomargs.py took 0.244 seconds
[2026-02-23T08:19:38.082+0000] {processor.py:186} INFO - Started process (PID=281) to work on /home/airflow/.local/lib/python3.12/site-packages/airflow/example_dags/example_xcomargs.py
[2026-02-23T08:19:38.085+0000] {processor.py:914} INFO - Processing file /home/airflow/.local/lib/python3.12/site-packages/airflow/example_dags/example_xcomargs.py for tasks to queue
[2026-02-23T08:19:38.090+0000] {logging_mixin.py:190} INFO - [2026-02-23T08:19:38.089+0000] {dagbag.py:588} INFO - Filling up the DagBag from /home/airflow/.local/lib/python3.12/site-packages/airflow/example_dags/example_xcomargs.py
[2026-02-23T08:19:38.107+0000] {processor.py:925} INFO - DAG(s) 'example_xcom_args', 'example_xcom_args_with_operators' retrieved from /home/airflow/.local/lib/python3.12/site-packages/airflow/example_dags/example_xcomargs.py
[2026-02-23T08:19:38.143+0000] {logging_mixin.py:190} INFO - [2026-02-23T08:19:38.143+0000] {dag.py:3239} INFO - Sync 2 DAGs
[2026-02-23T08:19:38.165+0000] {logging_mixin.py:190} INFO - [2026-02-23T08:19:38.165+0000] {dag.py:4180} INFO - Setting next_dagrun for example_xcom_args to None, run_after=None
[2026-02-23T08:19:38.171+0000] {logging_mixin.py:190} INFO - [2026-02-23T08:19:38.171+0000] {dag.py:4180} INFO - Setting next_dagrun for example_xcom_args_with_operators to None, run_after=None
[2026-02-23T08:19:38.197+0000] {processor.py:208} INFO - Processing /home/airflow/.local/lib/python3.12/site-packages/airflow/example_dags/example_xcomargs.py took 0.126 seconds
[2026-02-23T08:20:08.904+0000] {processor.py:186} INFO - Started process (PID=346) to work on /home/airflow/.local/lib/python3.12/site-packages/airflow/example_dags/example_xcomargs.py
[2026-02-23T08:20:08.908+0000] {processor.py:914} INFO - Processing file /home/airflow/.local/lib/python3.12/site-packages/airflow/example_dags/example_xcomargs.py for tasks to queue
[2026-02-23T08:20:08.917+0000] {logging_mixin.py:190} INFO - [2026-02-23T08:20:08.916+0000] {dagbag.py:588} INFO - Filling up the DagBag from /home/airflow/.local/lib/python3.12/site-packages/airflow/example_dags/example_xcomargs.py
[2026-02-23T08:20:08.959+0000] {processor.py:925} INFO - DAG(s) 'example_xcom_args_with_operators', 'example_xcom_args' retrieved from /home/airflow/.local/lib/python3.12/site-packages/airflow/example_dags/example_xcomargs.py
[2026-02-23T08:20:09.047+0000] {logging_mixin.py:190} INFO - [2026-02-23T08:20:09.046+0000] {dag.py:3239} INFO - Sync 2 DAGs
[2026-02-23T08:20:09.098+0000] {logging_mixin.py:190} INFO - [2026-02-23T08:20:09.097+0000] {dag.py:4180} INFO - Setting next_dagrun for example_xcom_args to None, run_after=None
[2026-02-23T08:20:09.113+0000] {logging_mixin.py:190} INFO - [2026-02-23T08:20:09.112+0000] {dag.py:4180} INFO - Setting next_dagrun for example_xcom_args_with_operators to None, run_after=None
[2026-02-23T08:20:09.161+0000] {processor.py:208} INFO - Processing /home/airflow/.local/lib/python3.12/site-packages/airflow/example_dags/example_xcomargs.py took 0.281 seconds
[2026-02-23T08:20:39.681+0000] {processor.py:186} INFO - Started process (PID=410) to work on /home/airflow/.local/lib/python3.12/site-packages/airflow/example_dags/example_xcomargs.py
[2026-02-23T08:20:39.684+0000] {processor.py:914} INFO - Processing file /home/airflow/.local/lib/python3.12/site-packages/airflow/example_dags/example_xcomargs.py for tasks to queue
[2026-02-23T08:20:39.690+0000] {logging_mixin.py:190} INFO - [2026-02-23T08:20:39.689+0000] {dagbag.py:588} INFO - Filling up the DagBag from /home/airflow/.local/lib/python3.12/site-packages/airflow/example_dags/example_xcomargs.py
[2026-02-23T08:20:39.721+0000] {processor.py:925} INFO - DAG(s) 'example_xcom_args', 'example_xcom_args_with_operators' retrieved from /home/airflow/.local/lib/python3.12/site-packages/airflow/example_dags/example_xcomargs.py
[2026-02-23T08:20:39.779+0000] {logging_mixin.py:190} INFO - [2026-02-23T08:20:39.778+0000] {dag.py:3239} INFO - Sync 2 DAGs
[2026-02-23T08:20:39.817+0000] {logging_mixin.py:190} INFO - [2026-02-23T08:20:39.817+0000] {dag.py:4180} INFO - Setting next_dagrun for example_xcom_args to None, run_after=None
[2026-02-23T08:20:39.828+0000] {logging_mixin.py:190} INFO - [2026-02-23T08:20:39.827+0000] {dag.py:4180} INFO - Setting next_dagrun for example_xcom_args_with_operators to None, run_after=None
[2026-02-23T08:20:39.875+0000] {processor.py:208} INFO - Processing /home/airflow/.local/lib/python3.12/site-packages/airflow/example_dags/example_xcomargs.py took 0.209 seconds
[2026-02-23T08:21:10.485+0000] {processor.py:186} INFO - Started process (PID=474) to work on /home/airflow/.local/lib/python3.12/site-packages/airflow/example_dags/example_xcomargs.py
[2026-02-23T08:21:10.491+0000] {processor.py:914} INFO - Processing file /home/airflow/.local/lib/python3.12/site-packages/airflow/example_dags/example_xcomargs.py for tasks to queue
[2026-02-23T08:21:10.500+0000] {logging_mixin.py:190} INFO - [2026-02-23T08:21:10.499+0000] {dagbag.py:588} INFO - Filling up the DagBag from /home/airflow/.local/lib/python3.12/site-packages/airflow/example_dags/example_xcomargs.py
[2026-02-23T08:21:10.556+0000] {processor.py:925} INFO - DAG(s) 'example_xcom_args_with_operators', 'example_xcom_args' retrieved from /home/airflow/.local/lib/python3.12/site-packages/airflow/example_dags/example_xcomargs.py
[2026-02-23T08:21:10.677+0000] {logging_mixin.py:190} INFO - [2026-02-23T08:21:10.676+0000] {dag.py:3239} INFO - Sync 2 DAGs
[2026-02-23T08:21:10.770+0000] {logging_mixin.py:190} INFO - [2026-02-23T08:21:10.769+0000] {dag.py:4180} INFO - Setting next_dagrun for example_xcom_args to None, run_after=None
[2026-02-23T08:21:10.792+0000] {logging_mixin.py:190} INFO - [2026-02-23T08:21:10.791+0000] {dag.py:4180} INFO - Setting next_dagrun for example_xcom_args_with_operators to None, run_after=None
[2026-02-23T08:21:10.886+0000] {processor.py:208} INFO - Processing /home/airflow/.local/lib/python3.12/site-packages/airflow/example_dags/example_xcomargs.py took 0.422 seconds
[2026-02-23T08:21:41.457+0000] {processor.py:186} INFO - Started process (PID=545) to work on /home/airflow/.local/lib/python3.12/site-packages/airflow/example_dags/example_xcomargs.py
[2026-02-23T08:21:41.458+0000] {processor.py:914} INFO - Processing file /home/airflow/.local/lib/python3.12/site-packages/airflow/example_dags/example_xcomargs.py for tasks to queue
[2026-02-23T08:21:41.461+0000] {logging_mixin.py:190} INFO - [2026-02-23T08:21:41.461+0000] {dagbag.py:588} INFO - Filling up the DagBag from /home/airflow/.local/lib/python3.12/site-packages/airflow/example_dags/example_xcomargs.py
[2026-02-23T08:21:41.471+0000] {processor.py:925} INFO - DAG(s) 'example_xcom_args', 'example_xcom_args_with_operators' retrieved from /home/airflow/.local/lib/python3.12/site-packages/airflow/example_dags/example_xcomargs.py
[2026-02-23T08:21:41.496+0000] {logging_mixin.py:190} INFO - [2026-02-23T08:21:41.495+0000] {dag.py:3239} INFO - Sync 2 DAGs
[2026-02-23T08:21:41.511+0000] {logging_mixin.py:190} INFO - [2026-02-23T08:21:41.511+0000] {dag.py:4180} INFO - Setting next_dagrun for example_xcom_args to None, run_after=None
[2026-02-23T08:21:41.515+0000] {logging_mixin.py:190} INFO - [2026-02-23T08:21:41.515+0000] {dag.py:4180} INFO - Setting next_dagrun for example_xcom_args_with_operators to None, run_after=None
[2026-02-23T08:21:41.538+0000] {processor.py:208} INFO - Processing /home/airflow/.local/lib/python3.12/site-packages/airflow/example_dags/example_xcomargs.py took 0.085 seconds
[2026-02-23T08:22:12.434+0000] {processor.py:186} INFO - Started process (PID=610) to work on /home/airflow/.local/lib/python3.12/site-packages/airflow/example_dags/example_xcomargs.py
[2026-02-23T08:22:12.437+0000] {processor.py:914} INFO - Processing file /home/airflow/.local/lib/python3.12/site-packages/airflow/example_dags/example_xcomargs.py for tasks to queue
[2026-02-23T08:22:12.443+0000] {logging_mixin.py:190} INFO - [2026-02-23T08:22:12.443+0000] {dagbag.py:588} INFO - Filling up the DagBag from /home/airflow/.local/lib/python3.12/site-packages/airflow/example_dags/example_xcomargs.py
[2026-02-23T08:22:12.472+0000] {processor.py:925} INFO - DAG(s) 'example_xcom_args', 'example_xcom_args_with_operators' retrieved from /home/airflow/.local/lib/python3.12/site-packages/airflow/example_dags/example_xcomargs.py
[2026-02-23T08:22:12.534+0000] {logging_mixin.py:190} INFO - [2026-02-23T08:22:12.533+0000] {dag.py:3239} INFO - Sync 2 DAGs
[2026-02-23T08:22:12.574+0000] {logging_mixin.py:190} INFO - [2026-02-23T08:22:12.573+0000] {dag.py:4180} INFO - Setting next_dagrun for example_xcom_args to None, run_after=None
[2026-02-23T08:22:12.585+0000] {logging_mixin.py:190} INFO - [2026-02-23T08:22:12.584+0000] {dag.py:4180} INFO - Setting next_dagrun for example_xcom_args_with_operators to None, run_after=None
[2026-02-23T08:22:12.635+0000] {processor.py:208} INFO - Processing /home/airflow/.local/lib/python3.12/site-packages/airflow/example_dags/example_xcomargs.py took 0.221 seconds
[2026-02-23T08:24:23.161+0000] {processor.py:186} INFO - Started process (PID=82) to work on /home/airflow/.local/lib/python3.12/site-packages/airflow/example_dags/example_xcomargs.py
[2026-02-23T08:24:23.166+0000] {processor.py:914} INFO - Processing file /home/airflow/.local/lib/python3.12/site-packages/airflow/example_dags/example_xcomargs.py for tasks to queue
[2026-02-23T08:24:23.172+0000] {logging_mixin.py:190} INFO - [2026-02-23T08:24:23.171+0000] {dagbag.py:588} INFO - Filling up the DagBag from /home/airflow/.local/lib/python3.12/site-packages/airflow/example_dags/example_xcomargs.py
[2026-02-23T08:24:23.198+0000] {processor.py:925} INFO - DAG(s) 'example_xcom_args_with_operators', 'example_xcom_args' retrieved from /home/airflow/.local/lib/python3.12/site-packages/airflow/example_dags/example_xcomargs.py
[2026-02-23T08:24:23.260+0000] {logging_mixin.py:190} INFO - [2026-02-23T08:24:23.260+0000] {dag.py:3239} INFO - Sync 2 DAGs
[2026-02-23T08:24:23.296+0000] {logging_mixin.py:190} INFO - [2026-02-23T08:24:23.295+0000] {dag.py:4180} INFO - Setting next_dagrun for example_xcom_args to None, run_after=None
[2026-02-23T08:24:23.306+0000] {logging_mixin.py:190} INFO - [2026-02-23T08:24:23.305+0000] {dag.py:4180} INFO - Setting next_dagrun for example_xcom_args_with_operators to None, run_after=None
[2026-02-23T08:24:23.352+0000] {processor.py:208} INFO - Processing /home/airflow/.local/lib/python3.12/site-packages/airflow/example_dags/example_xcomargs.py took 0.208 seconds
[2026-02-23T08:24:53.661+0000] {processor.py:186} INFO - Started process (PID=147) to work on /home/airflow/.local/lib/python3.12/site-packages/airflow/example_dags/example_xcomargs.py
[2026-02-23T08:24:53.663+0000] {processor.py:914} INFO - Processing file /home/airflow/.local/lib/python3.12/site-packages/airflow/example_dags/example_xcomargs.py for tasks to queue
[2026-02-23T08:24:53.667+0000] {logging_mixin.py:190} INFO - [2026-02-23T08:24:53.666+0000] {dagbag.py:588} INFO - Filling up the DagBag from /home/airflow/.local/lib/python3.12/site-packages/airflow/example_dags/example_xcomargs.py
[2026-02-23T08:24:53.685+0000] {processor.py:925} INFO - DAG(s) 'example_xcom_args_with_operators', 'example_xcom_args' retrieved from /home/airflow/.local/lib/python3.12/site-packages/airflow/example_dags/example_xcomargs.py
[2026-02-23T08:24:53.728+0000] {logging_mixin.py:190} INFO - [2026-02-23T08:24:53.727+0000] {dag.py:3239} INFO - Sync 2 DAGs
[2026-02-23T08:24:53.754+0000] {logging_mixin.py:190} INFO - [2026-02-23T08:24:53.753+0000] {dag.py:4180} INFO - Setting next_dagrun for example_xcom_args to None, run_after=None
[2026-02-23T08:24:53.761+0000] {logging_mixin.py:190} INFO - [2026-02-23T08:24:53.761+0000] {dag.py:4180} INFO - Setting next_dagrun for example_xcom_args_with_operators to None, run_after=None
[2026-02-23T08:24:53.788+0000] {processor.py:208} INFO - Processing /home/airflow/.local/lib/python3.12/site-packages/airflow/example_dags/example_xcomargs.py took 0.137 seconds
[2026-02-23T08:25:27.126+0000] {processor.py:186} INFO - Started process (PID=212) to work on /home/airflow/.local/lib/python3.12/site-packages/airflow/example_dags/example_xcomargs.py
[2026-02-23T08:25:27.130+0000] {processor.py:914} INFO - Processing file /home/airflow/.local/lib/python3.12/site-packages/airflow/example_dags/example_xcomargs.py for tasks to queue
[2026-02-23T08:25:27.143+0000] {logging_mixin.py:190} INFO - [2026-02-23T08:25:27.142+0000] {dagbag.py:588} INFO - Filling up the DagBag from /home/airflow/.local/lib/python3.12/site-packages/airflow/example_dags/example_xcomargs.py
[2026-02-23T08:25:27.190+0000] {processor.py:925} INFO - DAG(s) 'example_xcom_args_with_operators', 'example_xcom_args' retrieved from /home/airflow/.local/lib/python3.12/site-packages/airflow/example_dags/example_xcomargs.py
[2026-02-23T08:25:27.293+0000] {logging_mixin.py:190} INFO - [2026-02-23T08:25:27.287+0000] {dag.py:3239} INFO - Sync 2 DAGs
[2026-02-23T08:25:27.369+0000] {logging_mixin.py:190} INFO - [2026-02-23T08:25:27.369+0000] {dag.py:4180} INFO - Setting next_dagrun for example_xcom_args to None, run_after=None
[2026-02-23T08:25:27.385+0000] {logging_mixin.py:190} INFO - [2026-02-23T08:25:27.384+0000] {dag.py:4180} INFO - Setting next_dagrun for example_xcom_args_with_operators to None, run_after=None
[2026-02-23T08:25:27.449+0000] {processor.py:208} INFO - Processing /home/airflow/.local/lib/python3.12/site-packages/airflow/example_dags/example_xcomargs.py took 0.344 seconds
[2026-02-23T08:25:58.733+0000] {processor.py:186} INFO - Started process (PID=277) to work on /home/airflow/.local/lib/python3.12/site-packages/airflow/example_dags/example_xcomargs.py
[2026-02-23T08:25:58.737+0000] {processor.py:914} INFO - Processing file /home/airflow/.local/lib/python3.12/site-packages/airflow/example_dags/example_xcomargs.py for tasks to queue
[2026-02-23T08:25:58.745+0000] {logging_mixin.py:190} INFO - [2026-02-23T08:25:58.744+0000] {dagbag.py:588} INFO - Filling up the DagBag from /home/airflow/.local/lib/python3.12/site-packages/airflow/example_dags/example_xcomargs.py
[2026-02-23T08:25:58.780+0000] {processor.py:925} INFO - DAG(s) 'example_xcom_args_with_operators', 'example_xcom_args' retrieved from /home/airflow/.local/lib/python3.12/site-packages/airflow/example_dags/example_xcomargs.py
[2026-02-23T08:25:58.867+0000] {logging_mixin.py:190} INFO - [2026-02-23T08:25:58.866+0000] {dag.py:3239} INFO - Sync 2 DAGs
[2026-02-23T08:25:58.923+0000] {logging_mixin.py:190} INFO - [2026-02-23T08:25:58.923+0000] {dag.py:4180} INFO - Setting next_dagrun for example_xcom_args to None, run_after=None
[2026-02-23T08:25:58.940+0000] {logging_mixin.py:190} INFO - [2026-02-23T08:25:58.939+0000] {dag.py:4180} INFO - Setting next_dagrun for example_xcom_args_with_operators to None, run_after=None
[2026-02-23T08:25:59.005+0000] {processor.py:208} INFO - Processing /home/airflow/.local/lib/python3.12/site-packages/airflow/example_dags/example_xcomargs.py took 0.297 seconds
[2026-02-23T08:26:29.885+0000] {processor.py:186} INFO - Started process (PID=342) to work on /home/airflow/.local/lib/python3.12/site-packages/airflow/example_dags/example_xcomargs.py
[2026-02-23T08:26:29.887+0000] {processor.py:914} INFO - Processing file /home/airflow/.local/lib/python3.12/site-packages/airflow/example_dags/example_xcomargs.py for tasks to queue
[2026-02-23T08:26:29.890+0000] {logging_mixin.py:190} INFO - [2026-02-23T08:26:29.889+0000] {dagbag.py:588} INFO - Filling up the DagBag from /home/airflow/.local/lib/python3.12/site-packages/airflow/example_dags/example_xcomargs.py
[2026-02-23T08:26:29.901+0000] {processor.py:925} INFO - DAG(s) 'example_xcom_args', 'example_xcom_args_with_operators' retrieved from /home/airflow/.local/lib/python3.12/site-packages/airflow/example_dags/example_xcomargs.py
[2026-02-23T08:26:29.931+0000] {logging_mixin.py:190} INFO - [2026-02-23T08:26:29.931+0000] {dag.py:3239} INFO - Sync 2 DAGs
[2026-02-23T08:26:29.948+0000] {logging_mixin.py:190} INFO - [2026-02-23T08:26:29.947+0000] {dag.py:4180} INFO - Setting next_dagrun for example_xcom_args to None, run_after=None
[2026-02-23T08:26:29.953+0000] {logging_mixin.py:190} INFO - [2026-02-23T08:26:29.953+0000] {dag.py:4180} INFO - Setting next_dagrun for example_xcom_args_with_operators to None, run_after=None
[2026-02-23T08:26:29.975+0000] {processor.py:208} INFO - Processing /home/airflow/.local/lib/python3.12/site-packages/airflow/example_dags/example_xcomargs.py took 0.097 seconds
[2026-02-23T08:31:42.316+0000] {processor.py:186} INFO - Started process (PID=107) to work on /home/airflow/.local/lib/python3.12/site-packages/airflow/example_dags/example_xcomargs.py
[2026-02-23T08:31:42.321+0000] {processor.py:914} INFO - Processing file /home/airflow/.local/lib/python3.12/site-packages/airflow/example_dags/example_xcomargs.py for tasks to queue
[2026-02-23T08:31:42.335+0000] {logging_mixin.py:190} INFO - [2026-02-23T08:31:42.333+0000] {dagbag.py:588} INFO - Filling up the DagBag from /home/airflow/.local/lib/python3.12/site-packages/airflow/example_dags/example_xcomargs.py
[2026-02-23T08:31:42.392+0000] {processor.py:925} INFO - DAG(s) 'example_xcom_args_with_operators', 'example_xcom_args' retrieved from /home/airflow/.local/lib/python3.12/site-packages/airflow/example_dags/example_xcomargs.py
[2026-02-23T08:31:42.544+0000] {logging_mixin.py:190} INFO - [2026-02-23T08:31:42.543+0000] {dag.py:3239} INFO - Sync 2 DAGs
[2026-02-23T08:31:42.648+0000] {logging_mixin.py:190} INFO - [2026-02-23T08:31:42.647+0000] {dag.py:4180} INFO - Setting next_dagrun for example_xcom_args to None, run_after=None
[2026-02-23T08:31:42.672+0000] {logging_mixin.py:190} INFO - [2026-02-23T08:31:42.671+0000] {dag.py:4180} INFO - Setting next_dagrun for example_xcom_args_with_operators to None, run_after=None
[2026-02-23T08:31:42.766+0000] {processor.py:208} INFO - Processing /home/airflow/.local/lib/python3.12/site-packages/airflow/example_dags/example_xcomargs.py took 0.482 seconds
[2026-02-23T15:42:11.809+0000] {processor.py:186} INFO - Started process (PID=178) to work on /home/airflow/.local/lib/python3.12/site-packages/airflow/example_dags/example_xcomargs.py
[2026-02-23T15:42:11.811+0000] {processor.py:914} INFO - Processing file /home/airflow/.local/lib/python3.12/site-packages/airflow/example_dags/example_xcomargs.py for tasks to queue
[2026-02-23T15:42:11.814+0000] {logging_mixin.py:190} INFO - [2026-02-23T15:42:11.813+0000] {dagbag.py:588} INFO - Filling up the DagBag from /home/airflow/.local/lib/python3.12/site-packages/airflow/example_dags/example_xcomargs.py
[2026-02-23T15:42:11.839+0000] {processor.py:925} INFO - DAG(s) 'example_xcom_args', 'example_xcom_args_with_operators' retrieved from /home/airflow/.local/lib/python3.12/site-packages/airflow/example_dags/example_xcomargs.py
[2026-02-23T15:42:11.890+0000] {logging_mixin.py:190} INFO - [2026-02-23T15:42:11.889+0000] {dag.py:3239} INFO - Sync 2 DAGs
[2026-02-23T15:42:11.932+0000] {logging_mixin.py:190} INFO - [2026-02-23T15:42:11.932+0000] {dag.py:4180} INFO - Setting next_dagrun for example_xcom_args to None, run_after=None
[2026-02-23T15:42:11.941+0000] {logging_mixin.py:190} INFO - [2026-02-23T15:42:11.941+0000] {dag.py:4180} INFO - Setting next_dagrun for example_xcom_args_with_operators to None, run_after=None
[2026-02-23T15:42:11.994+0000] {processor.py:208} INFO - Processing /home/airflow/.local/lib/python3.12/site-packages/airflow/example_dags/example_xcomargs.py took 0.196 seconds
[2026-02-23T15:42:42.415+0000] {processor.py:186} INFO - Started process (PID=243) to work on /home/airflow/.local/lib/python3.12/site-packages/airflow/example_dags/example_xcomargs.py
[2026-02-23T15:42:42.417+0000] {processor.py:914} INFO - Processing file /home/airflow/.local/lib/python3.12/site-packages/airflow/example_dags/example_xcomargs.py for tasks to queue
[2026-02-23T15:42:42.419+0000] {logging_mixin.py:190} INFO - [2026-02-23T15:42:42.419+0000] {dagbag.py:588} INFO - Filling up the DagBag from /home/airflow/.local/lib/python3.12/site-packages/airflow/example_dags/example_xcomargs.py
[2026-02-23T15:42:42.433+0000] {processor.py:925} INFO - DAG(s) 'example_xcom_args_with_operators', 'example_xcom_args' retrieved from /home/airflow/.local/lib/python3.12/site-packages/airflow/example_dags/example_xcomargs.py
[2026-02-23T15:42:42.458+0000] {logging_mixin.py:190} INFO - [2026-02-23T15:42:42.458+0000] {dag.py:3239} INFO - Sync 2 DAGs
[2026-02-23T15:42:42.474+0000] {logging_mixin.py:190} INFO - [2026-02-23T15:42:42.474+0000] {dag.py:4180} INFO - Setting next_dagrun for example_xcom_args to None, run_after=None
[2026-02-23T15:42:42.479+0000] {logging_mixin.py:190} INFO - [2026-02-23T15:42:42.478+0000] {dag.py:4180} INFO - Setting next_dagrun for example_xcom_args_with_operators to None, run_after=None
[2026-02-23T15:42:42.498+0000] {processor.py:208} INFO - Processing /home/airflow/.local/lib/python3.12/site-packages/airflow/example_dags/example_xcomargs.py took 0.091 seconds
