[2026-02-23T07:42:12.156+0000] {processor.py:186} INFO - Started process (PID=3345) to work on /home/airflow/.local/lib/python3.12/site-packages/airflow/example_dags/example_python_decorator.py
[2026-02-23T07:42:12.160+0000] {processor.py:914} INFO - Processing file /home/airflow/.local/lib/python3.12/site-packages/airflow/example_dags/example_python_decorator.py for tasks to queue
[2026-02-23T07:42:12.164+0000] {logging_mixin.py:190} INFO - [2026-02-23T07:42:12.163+0000] {dagbag.py:588} INFO - Filling up the DagBag from /home/airflow/.local/lib/python3.12/site-packages/airflow/example_dags/example_python_decorator.py
[2026-02-23T07:42:12.230+0000] {processor.py:925} INFO - DAG(s) 'example_python_decorator' retrieved from /home/airflow/.local/lib/python3.12/site-packages/airflow/example_dags/example_python_decorator.py
[2026-02-23T07:42:12.315+0000] {logging_mixin.py:190} INFO - [2026-02-23T07:42:12.314+0000] {dag.py:3239} INFO - Sync 1 DAGs
[2026-02-23T07:42:12.379+0000] {logging_mixin.py:190} INFO - [2026-02-23T07:42:12.378+0000] {dag.py:4180} INFO - Setting next_dagrun for example_python_decorator to None, run_after=None
[2026-02-23T07:42:12.441+0000] {processor.py:208} INFO - Processing /home/airflow/.local/lib/python3.12/site-packages/airflow/example_dags/example_python_decorator.py took 0.304 seconds
[2026-02-23T07:42:43.576+0000] {processor.py:186} INFO - Started process (PID=3410) to work on /home/airflow/.local/lib/python3.12/site-packages/airflow/example_dags/example_python_decorator.py
[2026-02-23T07:42:43.579+0000] {processor.py:914} INFO - Processing file /home/airflow/.local/lib/python3.12/site-packages/airflow/example_dags/example_python_decorator.py for tasks to queue
[2026-02-23T07:42:43.585+0000] {logging_mixin.py:190} INFO - [2026-02-23T07:42:43.584+0000] {dagbag.py:588} INFO - Filling up the DagBag from /home/airflow/.local/lib/python3.12/site-packages/airflow/example_dags/example_python_decorator.py
[2026-02-23T07:42:43.626+0000] {processor.py:925} INFO - DAG(s) 'example_python_decorator' retrieved from /home/airflow/.local/lib/python3.12/site-packages/airflow/example_dags/example_python_decorator.py
[2026-02-23T07:42:43.696+0000] {logging_mixin.py:190} INFO - [2026-02-23T07:42:43.695+0000] {dag.py:3239} INFO - Sync 1 DAGs
[2026-02-23T07:42:43.741+0000] {logging_mixin.py:190} INFO - [2026-02-23T07:42:43.740+0000] {dag.py:4180} INFO - Setting next_dagrun for example_python_decorator to None, run_after=None
[2026-02-23T07:42:43.799+0000] {processor.py:208} INFO - Processing /home/airflow/.local/lib/python3.12/site-packages/airflow/example_dags/example_python_decorator.py took 0.241 seconds
[2026-02-23T07:43:48.606+0000] {processor.py:186} INFO - Started process (PID=3502) to work on /home/airflow/.local/lib/python3.12/site-packages/airflow/example_dags/example_python_decorator.py
[2026-02-23T07:43:48.619+0000] {processor.py:914} INFO - Processing file /home/airflow/.local/lib/python3.12/site-packages/airflow/example_dags/example_python_decorator.py for tasks to queue
[2026-02-23T07:43:48.627+0000] {logging_mixin.py:190} INFO - [2026-02-23T07:43:48.625+0000] {dagbag.py:588} INFO - Filling up the DagBag from /home/airflow/.local/lib/python3.12/site-packages/airflow/example_dags/example_python_decorator.py
[2026-02-23T07:43:48.722+0000] {processor.py:925} INFO - DAG(s) 'example_python_decorator' retrieved from /home/airflow/.local/lib/python3.12/site-packages/airflow/example_dags/example_python_decorator.py
[2026-02-23T07:43:48.833+0000] {logging_mixin.py:190} INFO - [2026-02-23T07:43:48.832+0000] {dag.py:3239} INFO - Sync 1 DAGs
[2026-02-23T07:43:48.909+0000] {logging_mixin.py:190} INFO - [2026-02-23T07:43:48.908+0000] {dag.py:4180} INFO - Setting next_dagrun for example_python_decorator to None, run_after=None
[2026-02-23T07:43:49.033+0000] {processor.py:208} INFO - Processing /home/airflow/.local/lib/python3.12/site-packages/airflow/example_dags/example_python_decorator.py took 0.453 seconds
[2026-02-23T08:18:02.671+0000] {processor.py:186} INFO - Started process (PID=93) to work on /home/airflow/.local/lib/python3.12/site-packages/airflow/example_dags/example_python_decorator.py
[2026-02-23T08:18:02.675+0000] {processor.py:914} INFO - Processing file /home/airflow/.local/lib/python3.12/site-packages/airflow/example_dags/example_python_decorator.py for tasks to queue
[2026-02-23T08:18:02.682+0000] {logging_mixin.py:190} INFO - [2026-02-23T08:18:02.681+0000] {dagbag.py:588} INFO - Filling up the DagBag from /home/airflow/.local/lib/python3.12/site-packages/airflow/example_dags/example_python_decorator.py
[2026-02-23T08:18:02.718+0000] {processor.py:925} INFO - DAG(s) 'example_python_decorator' retrieved from /home/airflow/.local/lib/python3.12/site-packages/airflow/example_dags/example_python_decorator.py
[2026-02-23T08:18:03.025+0000] {logging_mixin.py:190} INFO - [2026-02-23T08:18:03.025+0000] {dag.py:3239} INFO - Sync 1 DAGs
[2026-02-23T08:18:03.063+0000] {logging_mixin.py:190} INFO - [2026-02-23T08:18:03.063+0000] {dag.py:4180} INFO - Setting next_dagrun for example_python_decorator to None, run_after=None
[2026-02-23T08:18:03.117+0000] {processor.py:208} INFO - Processing /home/airflow/.local/lib/python3.12/site-packages/airflow/example_dags/example_python_decorator.py took 0.460 seconds
[2026-02-23T08:18:37.128+0000] {processor.py:186} INFO - Started process (PID=158) to work on /home/airflow/.local/lib/python3.12/site-packages/airflow/example_dags/example_python_decorator.py
[2026-02-23T08:18:37.135+0000] {processor.py:914} INFO - Processing file /home/airflow/.local/lib/python3.12/site-packages/airflow/example_dags/example_python_decorator.py for tasks to queue
[2026-02-23T08:18:37.148+0000] {logging_mixin.py:190} INFO - [2026-02-23T08:18:37.146+0000] {dagbag.py:588} INFO - Filling up the DagBag from /home/airflow/.local/lib/python3.12/site-packages/airflow/example_dags/example_python_decorator.py
[2026-02-23T08:18:37.263+0000] {processor.py:925} INFO - DAG(s) 'example_python_decorator' retrieved from /home/airflow/.local/lib/python3.12/site-packages/airflow/example_dags/example_python_decorator.py
[2026-02-23T08:18:37.442+0000] {logging_mixin.py:190} INFO - [2026-02-23T08:18:37.441+0000] {dag.py:3239} INFO - Sync 1 DAGs
[2026-02-23T08:18:37.553+0000] {logging_mixin.py:190} INFO - [2026-02-23T08:18:37.550+0000] {dag.py:4180} INFO - Setting next_dagrun for example_python_decorator to None, run_after=None
[2026-02-23T08:18:37.683+0000] {processor.py:208} INFO - Processing /home/airflow/.local/lib/python3.12/site-packages/airflow/example_dags/example_python_decorator.py took 0.591 seconds
[2026-02-23T08:19:10.082+0000] {processor.py:186} INFO - Started process (PID=223) to work on /home/airflow/.local/lib/python3.12/site-packages/airflow/example_dags/example_python_decorator.py
[2026-02-23T08:19:10.086+0000] {processor.py:914} INFO - Processing file /home/airflow/.local/lib/python3.12/site-packages/airflow/example_dags/example_python_decorator.py for tasks to queue
[2026-02-23T08:19:10.095+0000] {logging_mixin.py:190} INFO - [2026-02-23T08:19:10.094+0000] {dagbag.py:588} INFO - Filling up the DagBag from /home/airflow/.local/lib/python3.12/site-packages/airflow/example_dags/example_python_decorator.py
[2026-02-23T08:19:10.156+0000] {processor.py:925} INFO - DAG(s) 'example_python_decorator' retrieved from /home/airflow/.local/lib/python3.12/site-packages/airflow/example_dags/example_python_decorator.py
[2026-02-23T08:19:10.236+0000] {logging_mixin.py:190} INFO - [2026-02-23T08:19:10.235+0000] {dag.py:3239} INFO - Sync 1 DAGs
[2026-02-23T08:19:10.292+0000] {logging_mixin.py:190} INFO - [2026-02-23T08:19:10.291+0000] {dag.py:4180} INFO - Setting next_dagrun for example_python_decorator to None, run_after=None
[2026-02-23T08:19:10.353+0000] {processor.py:208} INFO - Processing /home/airflow/.local/lib/python3.12/site-packages/airflow/example_dags/example_python_decorator.py took 0.292 seconds
[2026-02-23T08:19:40.846+0000] {processor.py:186} INFO - Started process (PID=287) to work on /home/airflow/.local/lib/python3.12/site-packages/airflow/example_dags/example_python_decorator.py
[2026-02-23T08:19:40.849+0000] {processor.py:914} INFO - Processing file /home/airflow/.local/lib/python3.12/site-packages/airflow/example_dags/example_python_decorator.py for tasks to queue
[2026-02-23T08:19:40.858+0000] {logging_mixin.py:190} INFO - [2026-02-23T08:19:40.857+0000] {dagbag.py:588} INFO - Filling up the DagBag from /home/airflow/.local/lib/python3.12/site-packages/airflow/example_dags/example_python_decorator.py
[2026-02-23T08:19:40.937+0000] {processor.py:925} INFO - DAG(s) 'example_python_decorator' retrieved from /home/airflow/.local/lib/python3.12/site-packages/airflow/example_dags/example_python_decorator.py
[2026-02-23T08:19:41.033+0000] {logging_mixin.py:190} INFO - [2026-02-23T08:19:41.032+0000] {dag.py:3239} INFO - Sync 1 DAGs
[2026-02-23T08:19:41.099+0000] {logging_mixin.py:190} INFO - [2026-02-23T08:19:41.099+0000] {dag.py:4180} INFO - Setting next_dagrun for example_python_decorator to None, run_after=None
[2026-02-23T08:19:41.162+0000] {processor.py:208} INFO - Processing /home/airflow/.local/lib/python3.12/site-packages/airflow/example_dags/example_python_decorator.py took 0.333 seconds
[2026-02-23T08:20:11.583+0000] {processor.py:186} INFO - Started process (PID=351) to work on /home/airflow/.local/lib/python3.12/site-packages/airflow/example_dags/example_python_decorator.py
[2026-02-23T08:20:11.585+0000] {processor.py:914} INFO - Processing file /home/airflow/.local/lib/python3.12/site-packages/airflow/example_dags/example_python_decorator.py for tasks to queue
[2026-02-23T08:20:11.589+0000] {logging_mixin.py:190} INFO - [2026-02-23T08:20:11.589+0000] {dagbag.py:588} INFO - Filling up the DagBag from /home/airflow/.local/lib/python3.12/site-packages/airflow/example_dags/example_python_decorator.py
[2026-02-23T08:20:11.613+0000] {processor.py:925} INFO - DAG(s) 'example_python_decorator' retrieved from /home/airflow/.local/lib/python3.12/site-packages/airflow/example_dags/example_python_decorator.py
[2026-02-23T08:20:11.649+0000] {logging_mixin.py:190} INFO - [2026-02-23T08:20:11.649+0000] {dag.py:3239} INFO - Sync 1 DAGs
[2026-02-23T08:20:11.672+0000] {logging_mixin.py:190} INFO - [2026-02-23T08:20:11.671+0000] {dag.py:4180} INFO - Setting next_dagrun for example_python_decorator to None, run_after=None
[2026-02-23T08:20:11.705+0000] {processor.py:208} INFO - Processing /home/airflow/.local/lib/python3.12/site-packages/airflow/example_dags/example_python_decorator.py took 0.134 seconds
[2026-02-23T08:20:42.532+0000] {processor.py:186} INFO - Started process (PID=416) to work on /home/airflow/.local/lib/python3.12/site-packages/airflow/example_dags/example_python_decorator.py
[2026-02-23T08:20:42.535+0000] {processor.py:914} INFO - Processing file /home/airflow/.local/lib/python3.12/site-packages/airflow/example_dags/example_python_decorator.py for tasks to queue
[2026-02-23T08:20:42.540+0000] {logging_mixin.py:190} INFO - [2026-02-23T08:20:42.539+0000] {dagbag.py:588} INFO - Filling up the DagBag from /home/airflow/.local/lib/python3.12/site-packages/airflow/example_dags/example_python_decorator.py
[2026-02-23T08:20:42.578+0000] {processor.py:925} INFO - DAG(s) 'example_python_decorator' retrieved from /home/airflow/.local/lib/python3.12/site-packages/airflow/example_dags/example_python_decorator.py
[2026-02-23T08:20:42.632+0000] {logging_mixin.py:190} INFO - [2026-02-23T08:20:42.632+0000] {dag.py:3239} INFO - Sync 1 DAGs
[2026-02-23T08:20:42.667+0000] {logging_mixin.py:190} INFO - [2026-02-23T08:20:42.666+0000] {dag.py:4180} INFO - Setting next_dagrun for example_python_decorator to None, run_after=None
[2026-02-23T08:20:42.723+0000] {processor.py:208} INFO - Processing /home/airflow/.local/lib/python3.12/site-packages/airflow/example_dags/example_python_decorator.py took 0.208 seconds
[2026-02-23T08:21:13.107+0000] {processor.py:186} INFO - Started process (PID=486) to work on /home/airflow/.local/lib/python3.12/site-packages/airflow/example_dags/example_python_decorator.py
[2026-02-23T08:21:13.111+0000] {processor.py:914} INFO - Processing file /home/airflow/.local/lib/python3.12/site-packages/airflow/example_dags/example_python_decorator.py for tasks to queue
[2026-02-23T08:21:13.120+0000] {logging_mixin.py:190} INFO - [2026-02-23T08:21:13.119+0000] {dagbag.py:588} INFO - Filling up the DagBag from /home/airflow/.local/lib/python3.12/site-packages/airflow/example_dags/example_python_decorator.py
[2026-02-23T08:21:13.191+0000] {processor.py:925} INFO - DAG(s) 'example_python_decorator' retrieved from /home/airflow/.local/lib/python3.12/site-packages/airflow/example_dags/example_python_decorator.py
[2026-02-23T08:21:13.284+0000] {logging_mixin.py:190} INFO - [2026-02-23T08:21:13.283+0000] {dag.py:3239} INFO - Sync 1 DAGs
[2026-02-23T08:21:13.340+0000] {logging_mixin.py:190} INFO - [2026-02-23T08:21:13.340+0000] {dag.py:4180} INFO - Setting next_dagrun for example_python_decorator to None, run_after=None
[2026-02-23T08:21:13.425+0000] {processor.py:208} INFO - Processing /home/airflow/.local/lib/python3.12/site-packages/airflow/example_dags/example_python_decorator.py took 0.343 seconds
[2026-02-23T08:21:43.775+0000] {processor.py:186} INFO - Started process (PID=550) to work on /home/airflow/.local/lib/python3.12/site-packages/airflow/example_dags/example_python_decorator.py
[2026-02-23T08:21:43.776+0000] {processor.py:914} INFO - Processing file /home/airflow/.local/lib/python3.12/site-packages/airflow/example_dags/example_python_decorator.py for tasks to queue
[2026-02-23T08:21:43.778+0000] {logging_mixin.py:190} INFO - [2026-02-23T08:21:43.778+0000] {dagbag.py:588} INFO - Filling up the DagBag from /home/airflow/.local/lib/python3.12/site-packages/airflow/example_dags/example_python_decorator.py
[2026-02-23T08:21:43.792+0000] {processor.py:925} INFO - DAG(s) 'example_python_decorator' retrieved from /home/airflow/.local/lib/python3.12/site-packages/airflow/example_dags/example_python_decorator.py
[2026-02-23T08:21:43.814+0000] {logging_mixin.py:190} INFO - [2026-02-23T08:21:43.814+0000] {dag.py:3239} INFO - Sync 1 DAGs
[2026-02-23T08:21:43.829+0000] {logging_mixin.py:190} INFO - [2026-02-23T08:21:43.829+0000] {dag.py:4180} INFO - Setting next_dagrun for example_python_decorator to None, run_after=None
[2026-02-23T08:21:43.863+0000] {processor.py:208} INFO - Processing /home/airflow/.local/lib/python3.12/site-packages/airflow/example_dags/example_python_decorator.py took 0.094 seconds
[2026-02-23T08:22:14.278+0000] {processor.py:186} INFO - Started process (PID=615) to work on /home/airflow/.local/lib/python3.12/site-packages/airflow/example_dags/example_python_decorator.py
[2026-02-23T08:22:14.281+0000] {processor.py:914} INFO - Processing file /home/airflow/.local/lib/python3.12/site-packages/airflow/example_dags/example_python_decorator.py for tasks to queue
[2026-02-23T08:22:14.285+0000] {logging_mixin.py:190} INFO - [2026-02-23T08:22:14.284+0000] {dagbag.py:588} INFO - Filling up the DagBag from /home/airflow/.local/lib/python3.12/site-packages/airflow/example_dags/example_python_decorator.py
[2026-02-23T08:22:14.307+0000] {processor.py:925} INFO - DAG(s) 'example_python_decorator' retrieved from /home/airflow/.local/lib/python3.12/site-packages/airflow/example_dags/example_python_decorator.py
[2026-02-23T08:22:14.337+0000] {logging_mixin.py:190} INFO - [2026-02-23T08:22:14.336+0000] {dag.py:3239} INFO - Sync 1 DAGs
[2026-02-23T08:22:14.358+0000] {logging_mixin.py:190} INFO - [2026-02-23T08:22:14.357+0000] {dag.py:4180} INFO - Setting next_dagrun for example_python_decorator to None, run_after=None
[2026-02-23T08:22:14.390+0000] {processor.py:208} INFO - Processing /home/airflow/.local/lib/python3.12/site-packages/airflow/example_dags/example_python_decorator.py took 0.121 seconds
[2026-02-23T08:24:24.643+0000] {processor.py:186} INFO - Started process (PID=88) to work on /home/airflow/.local/lib/python3.12/site-packages/airflow/example_dags/example_python_decorator.py
[2026-02-23T08:24:24.648+0000] {processor.py:914} INFO - Processing file /home/airflow/.local/lib/python3.12/site-packages/airflow/example_dags/example_python_decorator.py for tasks to queue
[2026-02-23T08:24:24.657+0000] {logging_mixin.py:190} INFO - [2026-02-23T08:24:24.656+0000] {dagbag.py:588} INFO - Filling up the DagBag from /home/airflow/.local/lib/python3.12/site-packages/airflow/example_dags/example_python_decorator.py
[2026-02-23T08:24:24.711+0000] {processor.py:925} INFO - DAG(s) 'example_python_decorator' retrieved from /home/airflow/.local/lib/python3.12/site-packages/airflow/example_dags/example_python_decorator.py
[2026-02-23T08:24:25.095+0000] {logging_mixin.py:190} INFO - [2026-02-23T08:24:25.095+0000] {dag.py:3239} INFO - Sync 1 DAGs
[2026-02-23T08:24:25.131+0000] {logging_mixin.py:190} INFO - [2026-02-23T08:24:25.131+0000] {dag.py:4180} INFO - Setting next_dagrun for example_python_decorator to None, run_after=None
[2026-02-23T08:24:25.185+0000] {processor.py:208} INFO - Processing /home/airflow/.local/lib/python3.12/site-packages/airflow/example_dags/example_python_decorator.py took 0.568 seconds
[2026-02-23T08:24:55.414+0000] {processor.py:186} INFO - Started process (PID=153) to work on /home/airflow/.local/lib/python3.12/site-packages/airflow/example_dags/example_python_decorator.py
[2026-02-23T08:24:55.416+0000] {processor.py:914} INFO - Processing file /home/airflow/.local/lib/python3.12/site-packages/airflow/example_dags/example_python_decorator.py for tasks to queue
[2026-02-23T08:24:55.421+0000] {logging_mixin.py:190} INFO - [2026-02-23T08:24:55.421+0000] {dagbag.py:588} INFO - Filling up the DagBag from /home/airflow/.local/lib/python3.12/site-packages/airflow/example_dags/example_python_decorator.py
[2026-02-23T08:24:55.455+0000] {processor.py:925} INFO - DAG(s) 'example_python_decorator' retrieved from /home/airflow/.local/lib/python3.12/site-packages/airflow/example_dags/example_python_decorator.py
[2026-02-23T08:24:55.502+0000] {logging_mixin.py:190} INFO - [2026-02-23T08:24:55.501+0000] {dag.py:3239} INFO - Sync 1 DAGs
[2026-02-23T08:24:55.534+0000] {logging_mixin.py:190} INFO - [2026-02-23T08:24:55.533+0000] {dag.py:4180} INFO - Setting next_dagrun for example_python_decorator to None, run_after=None
[2026-02-23T08:24:55.581+0000] {processor.py:208} INFO - Processing /home/airflow/.local/lib/python3.12/site-packages/airflow/example_dags/example_python_decorator.py took 0.183 seconds
[2026-02-23T08:25:28.343+0000] {processor.py:186} INFO - Started process (PID=217) to work on /home/airflow/.local/lib/python3.12/site-packages/airflow/example_dags/example_python_decorator.py
[2026-02-23T08:25:28.346+0000] {processor.py:914} INFO - Processing file /home/airflow/.local/lib/python3.12/site-packages/airflow/example_dags/example_python_decorator.py for tasks to queue
[2026-02-23T08:25:28.356+0000] {logging_mixin.py:190} INFO - [2026-02-23T08:25:28.354+0000] {dagbag.py:588} INFO - Filling up the DagBag from /home/airflow/.local/lib/python3.12/site-packages/airflow/example_dags/example_python_decorator.py
[2026-02-23T08:25:28.419+0000] {processor.py:925} INFO - DAG(s) 'example_python_decorator' retrieved from /home/airflow/.local/lib/python3.12/site-packages/airflow/example_dags/example_python_decorator.py
[2026-02-23T08:25:28.507+0000] {logging_mixin.py:190} INFO - [2026-02-23T08:25:28.506+0000] {dag.py:3239} INFO - Sync 1 DAGs
[2026-02-23T08:25:28.557+0000] {logging_mixin.py:190} INFO - [2026-02-23T08:25:28.556+0000] {dag.py:4180} INFO - Setting next_dagrun for example_python_decorator to None, run_after=None
[2026-02-23T08:25:28.620+0000] {processor.py:208} INFO - Processing /home/airflow/.local/lib/python3.12/site-packages/airflow/example_dags/example_python_decorator.py took 0.299 seconds
[2026-02-23T08:26:00.439+0000] {processor.py:186} INFO - Started process (PID=282) to work on /home/airflow/.local/lib/python3.12/site-packages/airflow/example_dags/example_python_decorator.py
[2026-02-23T08:26:00.442+0000] {processor.py:914} INFO - Processing file /home/airflow/.local/lib/python3.12/site-packages/airflow/example_dags/example_python_decorator.py for tasks to queue
[2026-02-23T08:26:00.450+0000] {logging_mixin.py:190} INFO - [2026-02-23T08:26:00.449+0000] {dagbag.py:588} INFO - Filling up the DagBag from /home/airflow/.local/lib/python3.12/site-packages/airflow/example_dags/example_python_decorator.py
[2026-02-23T08:26:00.511+0000] {processor.py:925} INFO - DAG(s) 'example_python_decorator' retrieved from /home/airflow/.local/lib/python3.12/site-packages/airflow/example_dags/example_python_decorator.py
[2026-02-23T08:26:00.599+0000] {logging_mixin.py:190} INFO - [2026-02-23T08:26:00.598+0000] {dag.py:3239} INFO - Sync 1 DAGs
[2026-02-23T08:26:00.663+0000] {logging_mixin.py:190} INFO - [2026-02-23T08:26:00.662+0000] {dag.py:4180} INFO - Setting next_dagrun for example_python_decorator to None, run_after=None
[2026-02-23T08:26:00.737+0000] {processor.py:208} INFO - Processing /home/airflow/.local/lib/python3.12/site-packages/airflow/example_dags/example_python_decorator.py took 0.320 seconds
[2026-02-23T08:26:31.012+0000] {processor.py:186} INFO - Started process (PID=353) to work on /home/airflow/.local/lib/python3.12/site-packages/airflow/example_dags/example_python_decorator.py
[2026-02-23T08:26:31.015+0000] {processor.py:914} INFO - Processing file /home/airflow/.local/lib/python3.12/site-packages/airflow/example_dags/example_python_decorator.py for tasks to queue
[2026-02-23T08:26:31.019+0000] {logging_mixin.py:190} INFO - [2026-02-23T08:26:31.019+0000] {dagbag.py:588} INFO - Filling up the DagBag from /home/airflow/.local/lib/python3.12/site-packages/airflow/example_dags/example_python_decorator.py
[2026-02-23T08:26:31.048+0000] {processor.py:925} INFO - DAG(s) 'example_python_decorator' retrieved from /home/airflow/.local/lib/python3.12/site-packages/airflow/example_dags/example_python_decorator.py
[2026-02-23T08:26:31.086+0000] {logging_mixin.py:190} INFO - [2026-02-23T08:26:31.086+0000] {dag.py:3239} INFO - Sync 1 DAGs
[2026-02-23T08:26:31.108+0000] {logging_mixin.py:190} INFO - [2026-02-23T08:26:31.108+0000] {dag.py:4180} INFO - Setting next_dagrun for example_python_decorator to None, run_after=None
[2026-02-23T08:26:31.139+0000] {processor.py:208} INFO - Processing /home/airflow/.local/lib/python3.12/site-packages/airflow/example_dags/example_python_decorator.py took 0.138 seconds
[2026-02-23T08:31:46.701+0000] {processor.py:186} INFO - Started process (PID=113) to work on /home/airflow/.local/lib/python3.12/site-packages/airflow/example_dags/example_python_decorator.py
[2026-02-23T08:31:46.707+0000] {processor.py:914} INFO - Processing file /home/airflow/.local/lib/python3.12/site-packages/airflow/example_dags/example_python_decorator.py for tasks to queue
[2026-02-23T08:31:46.720+0000] {logging_mixin.py:190} INFO - [2026-02-23T08:31:46.718+0000] {dagbag.py:588} INFO - Filling up the DagBag from /home/airflow/.local/lib/python3.12/site-packages/airflow/example_dags/example_python_decorator.py
[2026-02-23T08:31:46.821+0000] {processor.py:925} INFO - DAG(s) 'example_python_decorator' retrieved from /home/airflow/.local/lib/python3.12/site-packages/airflow/example_dags/example_python_decorator.py
[2026-02-23T08:31:47.698+0000] {logging_mixin.py:190} INFO - [2026-02-23T08:31:47.697+0000] {dag.py:3239} INFO - Sync 1 DAGs
[2026-02-23T08:31:47.792+0000] {logging_mixin.py:190} INFO - [2026-02-23T08:31:47.791+0000] {dag.py:4180} INFO - Setting next_dagrun for example_python_decorator to None, run_after=None
[2026-02-23T08:31:47.935+0000] {processor.py:208} INFO - Processing /home/airflow/.local/lib/python3.12/site-packages/airflow/example_dags/example_python_decorator.py took 1.266 seconds
[2026-02-23T15:42:12.543+0000] {processor.py:186} INFO - Started process (PID=183) to work on /home/airflow/.local/lib/python3.12/site-packages/airflow/example_dags/example_python_decorator.py
[2026-02-23T15:42:12.550+0000] {processor.py:914} INFO - Processing file /home/airflow/.local/lib/python3.12/site-packages/airflow/example_dags/example_python_decorator.py for tasks to queue
[2026-02-23T15:42:12.556+0000] {logging_mixin.py:190} INFO - [2026-02-23T15:42:12.555+0000] {dagbag.py:588} INFO - Filling up the DagBag from /home/airflow/.local/lib/python3.12/site-packages/airflow/example_dags/example_python_decorator.py
[2026-02-23T15:42:12.586+0000] {processor.py:925} INFO - DAG(s) 'example_python_decorator' retrieved from /home/airflow/.local/lib/python3.12/site-packages/airflow/example_dags/example_python_decorator.py
[2026-02-23T15:42:12.643+0000] {logging_mixin.py:190} INFO - [2026-02-23T15:42:12.643+0000] {dag.py:3239} INFO - Sync 1 DAGs
[2026-02-23T15:42:12.683+0000] {logging_mixin.py:190} INFO - [2026-02-23T15:42:12.682+0000] {dag.py:4180} INFO - Setting next_dagrun for example_python_decorator to None, run_after=None
[2026-02-23T15:42:12.739+0000] {processor.py:208} INFO - Processing /home/airflow/.local/lib/python3.12/site-packages/airflow/example_dags/example_python_decorator.py took 0.207 seconds
[2026-02-23T15:42:42.857+0000] {processor.py:186} INFO - Started process (PID=248) to work on /home/airflow/.local/lib/python3.12/site-packages/airflow/example_dags/example_python_decorator.py
[2026-02-23T15:42:42.859+0000] {processor.py:914} INFO - Processing file /home/airflow/.local/lib/python3.12/site-packages/airflow/example_dags/example_python_decorator.py for tasks to queue
[2026-02-23T15:42:42.860+0000] {logging_mixin.py:190} INFO - [2026-02-23T15:42:42.860+0000] {dagbag.py:588} INFO - Filling up the DagBag from /home/airflow/.local/lib/python3.12/site-packages/airflow/example_dags/example_python_decorator.py
[2026-02-23T15:42:42.880+0000] {processor.py:925} INFO - DAG(s) 'example_python_decorator' retrieved from /home/airflow/.local/lib/python3.12/site-packages/airflow/example_dags/example_python_decorator.py
[2026-02-23T15:42:42.909+0000] {logging_mixin.py:190} INFO - [2026-02-23T15:42:42.908+0000] {dag.py:3239} INFO - Sync 1 DAGs
[2026-02-23T15:42:42.932+0000] {logging_mixin.py:190} INFO - [2026-02-23T15:42:42.931+0000] {dag.py:4180} INFO - Setting next_dagrun for example_python_decorator to None, run_after=None
[2026-02-23T15:42:42.960+0000] {processor.py:208} INFO - Processing /home/airflow/.local/lib/python3.12/site-packages/airflow/example_dags/example_python_decorator.py took 0.111 seconds
