[2026-02-23T07:42:06.689+0000] {processor.py:186} INFO - Started process (PID=3324) to work on /home/airflow/.local/lib/python3.12/site-packages/airflow/example_dags/tutorial_taskflow_templates.py
[2026-02-23T07:42:06.694+0000] {processor.py:914} INFO - Processing file /home/airflow/.local/lib/python3.12/site-packages/airflow/example_dags/tutorial_taskflow_templates.py for tasks to queue
[2026-02-23T07:42:06.699+0000] {logging_mixin.py:190} INFO - [2026-02-23T07:42:06.699+0000] {dagbag.py:588} INFO - Filling up the DagBag from /home/airflow/.local/lib/python3.12/site-packages/airflow/example_dags/tutorial_taskflow_templates.py
[2026-02-23T07:42:06.732+0000] {processor.py:925} INFO - DAG(s) 'tutorial_taskflow_templates' retrieved from /home/airflow/.local/lib/python3.12/site-packages/airflow/example_dags/tutorial_taskflow_templates.py
[2026-02-23T07:42:06.789+0000] {logging_mixin.py:190} INFO - [2026-02-23T07:42:06.788+0000] {dag.py:3239} INFO - Sync 1 DAGs
[2026-02-23T07:42:06.866+0000] {logging_mixin.py:190} INFO - [2026-02-23T07:42:06.865+0000] {dag.py:4180} INFO - Setting next_dagrun for tutorial_taskflow_templates to 2026-02-22 00:00:00+00:00, run_after=2026-02-23 00:00:00+00:00
[2026-02-23T07:42:06.940+0000] {processor.py:208} INFO - Processing /home/airflow/.local/lib/python3.12/site-packages/airflow/example_dags/tutorial_taskflow_templates.py took 0.263 seconds
[2026-02-23T07:42:37.931+0000] {processor.py:186} INFO - Started process (PID=3389) to work on /home/airflow/.local/lib/python3.12/site-packages/airflow/example_dags/tutorial_taskflow_templates.py
[2026-02-23T07:42:37.934+0000] {processor.py:914} INFO - Processing file /home/airflow/.local/lib/python3.12/site-packages/airflow/example_dags/tutorial_taskflow_templates.py for tasks to queue
[2026-02-23T07:42:37.940+0000] {logging_mixin.py:190} INFO - [2026-02-23T07:42:37.939+0000] {dagbag.py:588} INFO - Filling up the DagBag from /home/airflow/.local/lib/python3.12/site-packages/airflow/example_dags/tutorial_taskflow_templates.py
[2026-02-23T07:42:37.977+0000] {processor.py:925} INFO - DAG(s) 'tutorial_taskflow_templates' retrieved from /home/airflow/.local/lib/python3.12/site-packages/airflow/example_dags/tutorial_taskflow_templates.py
[2026-02-23T07:42:38.044+0000] {logging_mixin.py:190} INFO - [2026-02-23T07:42:38.043+0000] {dag.py:3239} INFO - Sync 1 DAGs
[2026-02-23T07:42:38.117+0000] {logging_mixin.py:190} INFO - [2026-02-23T07:42:38.115+0000] {dag.py:4180} INFO - Setting next_dagrun for tutorial_taskflow_templates to 2026-02-22 00:00:00+00:00, run_after=2026-02-23 00:00:00+00:00
[2026-02-23T07:42:38.183+0000] {processor.py:208} INFO - Processing /home/airflow/.local/lib/python3.12/site-packages/airflow/example_dags/tutorial_taskflow_templates.py took 0.276 seconds
[2026-02-23T07:43:43.329+0000] {processor.py:186} INFO - Started process (PID=3487) to work on /home/airflow/.local/lib/python3.12/site-packages/airflow/example_dags/tutorial_taskflow_templates.py
[2026-02-23T07:43:43.337+0000] {processor.py:914} INFO - Processing file /home/airflow/.local/lib/python3.12/site-packages/airflow/example_dags/tutorial_taskflow_templates.py for tasks to queue
[2026-02-23T07:43:43.342+0000] {logging_mixin.py:190} INFO - [2026-02-23T07:43:43.341+0000] {dagbag.py:588} INFO - Filling up the DagBag from /home/airflow/.local/lib/python3.12/site-packages/airflow/example_dags/tutorial_taskflow_templates.py
[2026-02-23T07:43:43.393+0000] {processor.py:925} INFO - DAG(s) 'tutorial_taskflow_templates' retrieved from /home/airflow/.local/lib/python3.12/site-packages/airflow/example_dags/tutorial_taskflow_templates.py
[2026-02-23T07:43:43.512+0000] {logging_mixin.py:190} INFO - [2026-02-23T07:43:43.512+0000] {dag.py:3239} INFO - Sync 1 DAGs
[2026-02-23T07:43:43.671+0000] {logging_mixin.py:190} INFO - [2026-02-23T07:43:43.669+0000] {dag.py:4180} INFO - Setting next_dagrun for tutorial_taskflow_templates to 2026-02-22 00:00:00+00:00, run_after=2026-02-23 00:00:00+00:00
[2026-02-23T07:43:43.753+0000] {processor.py:208} INFO - Processing /home/airflow/.local/lib/python3.12/site-packages/airflow/example_dags/tutorial_taskflow_templates.py took 0.448 seconds
[2026-02-23T08:17:58.565+0000] {processor.py:186} INFO - Started process (PID=78) to work on /home/airflow/.local/lib/python3.12/site-packages/airflow/example_dags/tutorial_taskflow_templates.py
[2026-02-23T08:17:58.570+0000] {processor.py:914} INFO - Processing file /home/airflow/.local/lib/python3.12/site-packages/airflow/example_dags/tutorial_taskflow_templates.py for tasks to queue
[2026-02-23T08:17:58.579+0000] {logging_mixin.py:190} INFO - [2026-02-23T08:17:58.578+0000] {dagbag.py:588} INFO - Filling up the DagBag from /home/airflow/.local/lib/python3.12/site-packages/airflow/example_dags/tutorial_taskflow_templates.py
[2026-02-23T08:17:58.635+0000] {processor.py:925} INFO - DAG(s) 'tutorial_taskflow_templates' retrieved from /home/airflow/.local/lib/python3.12/site-packages/airflow/example_dags/tutorial_taskflow_templates.py
[2026-02-23T08:17:58.726+0000] {logging_mixin.py:190} INFO - [2026-02-23T08:17:58.725+0000] {dag.py:3239} INFO - Sync 1 DAGs
[2026-02-23T08:17:58.804+0000] {logging_mixin.py:190} INFO - [2026-02-23T08:17:58.803+0000] {dag.py:4180} INFO - Setting next_dagrun for tutorial_taskflow_templates to 2026-02-22 00:00:00+00:00, run_after=2026-02-23 00:00:00+00:00
[2026-02-23T08:17:58.863+0000] {processor.py:208} INFO - Processing /home/airflow/.local/lib/python3.12/site-packages/airflow/example_dags/tutorial_taskflow_templates.py took 0.318 seconds
[2026-02-23T08:18:30.272+0000] {processor.py:186} INFO - Started process (PID=142) to work on /home/airflow/.local/lib/python3.12/site-packages/airflow/example_dags/tutorial_taskflow_templates.py
[2026-02-23T08:18:30.278+0000] {processor.py:914} INFO - Processing file /home/airflow/.local/lib/python3.12/site-packages/airflow/example_dags/tutorial_taskflow_templates.py for tasks to queue
[2026-02-23T08:18:30.288+0000] {logging_mixin.py:190} INFO - [2026-02-23T08:18:30.287+0000] {dagbag.py:588} INFO - Filling up the DagBag from /home/airflow/.local/lib/python3.12/site-packages/airflow/example_dags/tutorial_taskflow_templates.py
[2026-02-23T08:18:30.341+0000] {processor.py:925} INFO - DAG(s) 'tutorial_taskflow_templates' retrieved from /home/airflow/.local/lib/python3.12/site-packages/airflow/example_dags/tutorial_taskflow_templates.py
[2026-02-23T08:18:30.424+0000] {logging_mixin.py:190} INFO - [2026-02-23T08:18:30.423+0000] {dag.py:3239} INFO - Sync 1 DAGs
[2026-02-23T08:18:30.529+0000] {logging_mixin.py:190} INFO - [2026-02-23T08:18:30.528+0000] {dag.py:4180} INFO - Setting next_dagrun for tutorial_taskflow_templates to 2026-02-22 00:00:00+00:00, run_after=2026-02-23 00:00:00+00:00
[2026-02-23T08:18:30.615+0000] {processor.py:208} INFO - Processing /home/airflow/.local/lib/python3.12/site-packages/airflow/example_dags/tutorial_taskflow_templates.py took 0.365 seconds
[2026-02-23T08:19:01.140+0000] {processor.py:186} INFO - Started process (PID=206) to work on /home/airflow/.local/lib/python3.12/site-packages/airflow/example_dags/tutorial_taskflow_templates.py
[2026-02-23T08:19:01.145+0000] {processor.py:914} INFO - Processing file /home/airflow/.local/lib/python3.12/site-packages/airflow/example_dags/tutorial_taskflow_templates.py for tasks to queue
[2026-02-23T08:19:01.155+0000] {logging_mixin.py:190} INFO - [2026-02-23T08:19:01.153+0000] {dagbag.py:588} INFO - Filling up the DagBag from /home/airflow/.local/lib/python3.12/site-packages/airflow/example_dags/tutorial_taskflow_templates.py
[2026-02-23T08:19:01.216+0000] {processor.py:925} INFO - DAG(s) 'tutorial_taskflow_templates' retrieved from /home/airflow/.local/lib/python3.12/site-packages/airflow/example_dags/tutorial_taskflow_templates.py
[2026-02-23T08:19:01.318+0000] {logging_mixin.py:190} INFO - [2026-02-23T08:19:01.317+0000] {dag.py:3239} INFO - Sync 1 DAGs
[2026-02-23T08:19:01.451+0000] {logging_mixin.py:190} INFO - [2026-02-23T08:19:01.450+0000] {dag.py:4180} INFO - Setting next_dagrun for tutorial_taskflow_templates to 2026-02-22 00:00:00+00:00, run_after=2026-02-23 00:00:00+00:00
[2026-02-23T08:19:01.559+0000] {processor.py:208} INFO - Processing /home/airflow/.local/lib/python3.12/site-packages/airflow/example_dags/tutorial_taskflow_templates.py took 0.446 seconds
[2026-02-23T08:19:32.065+0000] {processor.py:186} INFO - Started process (PID=271) to work on /home/airflow/.local/lib/python3.12/site-packages/airflow/example_dags/tutorial_taskflow_templates.py
[2026-02-23T08:19:32.067+0000] {processor.py:914} INFO - Processing file /home/airflow/.local/lib/python3.12/site-packages/airflow/example_dags/tutorial_taskflow_templates.py for tasks to queue
[2026-02-23T08:19:32.072+0000] {logging_mixin.py:190} INFO - [2026-02-23T08:19:32.071+0000] {dagbag.py:588} INFO - Filling up the DagBag from /home/airflow/.local/lib/python3.12/site-packages/airflow/example_dags/tutorial_taskflow_templates.py
[2026-02-23T08:19:32.098+0000] {processor.py:925} INFO - DAG(s) 'tutorial_taskflow_templates' retrieved from /home/airflow/.local/lib/python3.12/site-packages/airflow/example_dags/tutorial_taskflow_templates.py
[2026-02-23T08:19:32.136+0000] {logging_mixin.py:190} INFO - [2026-02-23T08:19:32.136+0000] {dag.py:3239} INFO - Sync 1 DAGs
[2026-02-23T08:19:32.182+0000] {logging_mixin.py:190} INFO - [2026-02-23T08:19:32.181+0000] {dag.py:4180} INFO - Setting next_dagrun for tutorial_taskflow_templates to 2026-02-22 00:00:00+00:00, run_after=2026-02-23 00:00:00+00:00
[2026-02-23T08:19:32.217+0000] {processor.py:208} INFO - Processing /home/airflow/.local/lib/python3.12/site-packages/airflow/example_dags/tutorial_taskflow_templates.py took 0.162 seconds
[2026-02-23T08:20:02.680+0000] {processor.py:186} INFO - Started process (PID=336) to work on /home/airflow/.local/lib/python3.12/site-packages/airflow/example_dags/tutorial_taskflow_templates.py
[2026-02-23T08:20:02.682+0000] {processor.py:914} INFO - Processing file /home/airflow/.local/lib/python3.12/site-packages/airflow/example_dags/tutorial_taskflow_templates.py for tasks to queue
[2026-02-23T08:20:02.687+0000] {logging_mixin.py:190} INFO - [2026-02-23T08:20:02.686+0000] {dagbag.py:588} INFO - Filling up the DagBag from /home/airflow/.local/lib/python3.12/site-packages/airflow/example_dags/tutorial_taskflow_templates.py
[2026-02-23T08:20:02.711+0000] {processor.py:925} INFO - DAG(s) 'tutorial_taskflow_templates' retrieved from /home/airflow/.local/lib/python3.12/site-packages/airflow/example_dags/tutorial_taskflow_templates.py
[2026-02-23T08:20:02.747+0000] {logging_mixin.py:190} INFO - [2026-02-23T08:20:02.747+0000] {dag.py:3239} INFO - Sync 1 DAGs
[2026-02-23T08:20:02.795+0000] {logging_mixin.py:190} INFO - [2026-02-23T08:20:02.794+0000] {dag.py:4180} INFO - Setting next_dagrun for tutorial_taskflow_templates to 2026-02-22 00:00:00+00:00, run_after=2026-02-23 00:00:00+00:00
[2026-02-23T08:20:02.830+0000] {processor.py:208} INFO - Processing /home/airflow/.local/lib/python3.12/site-packages/airflow/example_dags/tutorial_taskflow_templates.py took 0.160 seconds
[2026-02-23T08:20:34.095+0000] {processor.py:186} INFO - Started process (PID=401) to work on /home/airflow/.local/lib/python3.12/site-packages/airflow/example_dags/tutorial_taskflow_templates.py
[2026-02-23T08:20:34.099+0000] {processor.py:914} INFO - Processing file /home/airflow/.local/lib/python3.12/site-packages/airflow/example_dags/tutorial_taskflow_templates.py for tasks to queue
[2026-02-23T08:20:34.109+0000] {logging_mixin.py:190} INFO - [2026-02-23T08:20:34.107+0000] {dagbag.py:588} INFO - Filling up the DagBag from /home/airflow/.local/lib/python3.12/site-packages/airflow/example_dags/tutorial_taskflow_templates.py
[2026-02-23T08:20:34.159+0000] {processor.py:925} INFO - DAG(s) 'tutorial_taskflow_templates' retrieved from /home/airflow/.local/lib/python3.12/site-packages/airflow/example_dags/tutorial_taskflow_templates.py
[2026-02-23T08:20:34.240+0000] {logging_mixin.py:190} INFO - [2026-02-23T08:20:34.240+0000] {dag.py:3239} INFO - Sync 1 DAGs
[2026-02-23T08:20:34.335+0000] {logging_mixin.py:190} INFO - [2026-02-23T08:20:34.334+0000] {dag.py:4180} INFO - Setting next_dagrun for tutorial_taskflow_templates to 2026-02-22 00:00:00+00:00, run_after=2026-02-23 00:00:00+00:00
[2026-02-23T08:20:34.399+0000] {processor.py:208} INFO - Processing /home/airflow/.local/lib/python3.12/site-packages/airflow/example_dags/tutorial_taskflow_templates.py took 0.329 seconds
[2026-02-23T08:21:05.135+0000] {processor.py:186} INFO - Started process (PID=465) to work on /home/airflow/.local/lib/python3.12/site-packages/airflow/example_dags/tutorial_taskflow_templates.py
[2026-02-23T08:21:05.139+0000] {processor.py:914} INFO - Processing file /home/airflow/.local/lib/python3.12/site-packages/airflow/example_dags/tutorial_taskflow_templates.py for tasks to queue
[2026-02-23T08:21:05.147+0000] {logging_mixin.py:190} INFO - [2026-02-23T08:21:05.146+0000] {dagbag.py:588} INFO - Filling up the DagBag from /home/airflow/.local/lib/python3.12/site-packages/airflow/example_dags/tutorial_taskflow_templates.py
[2026-02-23T08:21:05.185+0000] {processor.py:925} INFO - DAG(s) 'tutorial_taskflow_templates' retrieved from /home/airflow/.local/lib/python3.12/site-packages/airflow/example_dags/tutorial_taskflow_templates.py
[2026-02-23T08:21:05.247+0000] {logging_mixin.py:190} INFO - [2026-02-23T08:21:05.247+0000] {dag.py:3239} INFO - Sync 1 DAGs
[2026-02-23T08:21:05.316+0000] {logging_mixin.py:190} INFO - [2026-02-23T08:21:05.315+0000] {dag.py:4180} INFO - Setting next_dagrun for tutorial_taskflow_templates to 2026-02-22 00:00:00+00:00, run_after=2026-02-23 00:00:00+00:00
[2026-02-23T08:21:05.374+0000] {processor.py:208} INFO - Processing /home/airflow/.local/lib/python3.12/site-packages/airflow/example_dags/tutorial_taskflow_templates.py took 0.258 seconds
[2026-02-23T08:21:35.764+0000] {processor.py:186} INFO - Started process (PID=529) to work on /home/airflow/.local/lib/python3.12/site-packages/airflow/example_dags/tutorial_taskflow_templates.py
[2026-02-23T08:21:35.766+0000] {processor.py:914} INFO - Processing file /home/airflow/.local/lib/python3.12/site-packages/airflow/example_dags/tutorial_taskflow_templates.py for tasks to queue
[2026-02-23T08:21:35.768+0000] {logging_mixin.py:190} INFO - [2026-02-23T08:21:35.768+0000] {dagbag.py:588} INFO - Filling up the DagBag from /home/airflow/.local/lib/python3.12/site-packages/airflow/example_dags/tutorial_taskflow_templates.py
[2026-02-23T08:21:35.779+0000] {processor.py:925} INFO - DAG(s) 'tutorial_taskflow_templates' retrieved from /home/airflow/.local/lib/python3.12/site-packages/airflow/example_dags/tutorial_taskflow_templates.py
[2026-02-23T08:21:35.799+0000] {logging_mixin.py:190} INFO - [2026-02-23T08:21:35.799+0000] {dag.py:3239} INFO - Sync 1 DAGs
[2026-02-23T08:21:35.821+0000] {logging_mixin.py:190} INFO - [2026-02-23T08:21:35.821+0000] {dag.py:4180} INFO - Setting next_dagrun for tutorial_taskflow_templates to 2026-02-22 00:00:00+00:00, run_after=2026-02-23 00:00:00+00:00
[2026-02-23T08:21:35.846+0000] {processor.py:208} INFO - Processing /home/airflow/.local/lib/python3.12/site-packages/airflow/example_dags/tutorial_taskflow_templates.py took 0.089 seconds
[2026-02-23T08:22:06.132+0000] {processor.py:186} INFO - Started process (PID=594) to work on /home/airflow/.local/lib/python3.12/site-packages/airflow/example_dags/tutorial_taskflow_templates.py
[2026-02-23T08:22:06.134+0000] {processor.py:914} INFO - Processing file /home/airflow/.local/lib/python3.12/site-packages/airflow/example_dags/tutorial_taskflow_templates.py for tasks to queue
[2026-02-23T08:22:06.139+0000] {logging_mixin.py:190} INFO - [2026-02-23T08:22:06.138+0000] {dagbag.py:588} INFO - Filling up the DagBag from /home/airflow/.local/lib/python3.12/site-packages/airflow/example_dags/tutorial_taskflow_templates.py
[2026-02-23T08:22:06.156+0000] {processor.py:925} INFO - DAG(s) 'tutorial_taskflow_templates' retrieved from /home/airflow/.local/lib/python3.12/site-packages/airflow/example_dags/tutorial_taskflow_templates.py
[2026-02-23T08:22:06.181+0000] {logging_mixin.py:190} INFO - [2026-02-23T08:22:06.180+0000] {dag.py:3239} INFO - Sync 1 DAGs
[2026-02-23T08:22:06.216+0000] {logging_mixin.py:190} INFO - [2026-02-23T08:22:06.215+0000] {dag.py:4180} INFO - Setting next_dagrun for tutorial_taskflow_templates to 2026-02-22 00:00:00+00:00, run_after=2026-02-23 00:00:00+00:00
[2026-02-23T08:22:06.243+0000] {processor.py:208} INFO - Processing /home/airflow/.local/lib/python3.12/site-packages/airflow/example_dags/tutorial_taskflow_templates.py took 0.123 seconds
[2026-02-23T08:24:19.983+0000] {processor.py:186} INFO - Started process (PID=73) to work on /home/airflow/.local/lib/python3.12/site-packages/airflow/example_dags/tutorial_taskflow_templates.py
[2026-02-23T08:24:19.994+0000] {processor.py:914} INFO - Processing file /home/airflow/.local/lib/python3.12/site-packages/airflow/example_dags/tutorial_taskflow_templates.py for tasks to queue
[2026-02-23T08:24:20.004+0000] {logging_mixin.py:190} INFO - [2026-02-23T08:24:20.003+0000] {dagbag.py:588} INFO - Filling up the DagBag from /home/airflow/.local/lib/python3.12/site-packages/airflow/example_dags/tutorial_taskflow_templates.py
[2026-02-23T08:24:20.075+0000] {processor.py:925} INFO - DAG(s) 'tutorial_taskflow_templates' retrieved from /home/airflow/.local/lib/python3.12/site-packages/airflow/example_dags/tutorial_taskflow_templates.py
[2026-02-23T08:24:20.210+0000] {logging_mixin.py:190} INFO - [2026-02-23T08:24:20.209+0000] {dag.py:3239} INFO - Sync 1 DAGs
[2026-02-23T08:24:20.329+0000] {logging_mixin.py:190} INFO - [2026-02-23T08:24:20.328+0000] {dag.py:4180} INFO - Setting next_dagrun for tutorial_taskflow_templates to 2026-02-22 00:00:00+00:00, run_after=2026-02-23 00:00:00+00:00
[2026-02-23T08:24:20.408+0000] {processor.py:208} INFO - Processing /home/airflow/.local/lib/python3.12/site-packages/airflow/example_dags/tutorial_taskflow_templates.py took 0.449 seconds
[2026-02-23T08:24:51.087+0000] {processor.py:186} INFO - Started process (PID=137) to work on /home/airflow/.local/lib/python3.12/site-packages/airflow/example_dags/tutorial_taskflow_templates.py
[2026-02-23T08:24:51.089+0000] {processor.py:914} INFO - Processing file /home/airflow/.local/lib/python3.12/site-packages/airflow/example_dags/tutorial_taskflow_templates.py for tasks to queue
[2026-02-23T08:24:51.094+0000] {logging_mixin.py:190} INFO - [2026-02-23T08:24:51.093+0000] {dagbag.py:588} INFO - Filling up the DagBag from /home/airflow/.local/lib/python3.12/site-packages/airflow/example_dags/tutorial_taskflow_templates.py
[2026-02-23T08:24:51.121+0000] {processor.py:925} INFO - DAG(s) 'tutorial_taskflow_templates' retrieved from /home/airflow/.local/lib/python3.12/site-packages/airflow/example_dags/tutorial_taskflow_templates.py
[2026-02-23T08:24:51.160+0000] {logging_mixin.py:190} INFO - [2026-02-23T08:24:51.160+0000] {dag.py:3239} INFO - Sync 1 DAGs
[2026-02-23T08:24:51.199+0000] {logging_mixin.py:190} INFO - [2026-02-23T08:24:51.198+0000] {dag.py:4180} INFO - Setting next_dagrun for tutorial_taskflow_templates to 2026-02-22 00:00:00+00:00, run_after=2026-02-23 00:00:00+00:00
[2026-02-23T08:24:51.233+0000] {processor.py:208} INFO - Processing /home/airflow/.local/lib/python3.12/site-packages/airflow/example_dags/tutorial_taskflow_templates.py took 0.159 seconds
[2026-02-23T08:25:22.298+0000] {processor.py:186} INFO - Started process (PID=202) to work on /home/airflow/.local/lib/python3.12/site-packages/airflow/example_dags/tutorial_taskflow_templates.py
[2026-02-23T08:25:22.303+0000] {processor.py:914} INFO - Processing file /home/airflow/.local/lib/python3.12/site-packages/airflow/example_dags/tutorial_taskflow_templates.py for tasks to queue
[2026-02-23T08:25:22.317+0000] {logging_mixin.py:190} INFO - [2026-02-23T08:25:22.315+0000] {dagbag.py:588} INFO - Filling up the DagBag from /home/airflow/.local/lib/python3.12/site-packages/airflow/example_dags/tutorial_taskflow_templates.py
[2026-02-23T08:25:22.390+0000] {processor.py:925} INFO - DAG(s) 'tutorial_taskflow_templates' retrieved from /home/airflow/.local/lib/python3.12/site-packages/airflow/example_dags/tutorial_taskflow_templates.py
[2026-02-23T08:25:22.501+0000] {logging_mixin.py:190} INFO - [2026-02-23T08:25:22.500+0000] {dag.py:3239} INFO - Sync 1 DAGs
[2026-02-23T08:25:22.621+0000] {logging_mixin.py:190} INFO - [2026-02-23T08:25:22.620+0000] {dag.py:4180} INFO - Setting next_dagrun for tutorial_taskflow_templates to 2026-02-22 00:00:00+00:00, run_after=2026-02-23 00:00:00+00:00
[2026-02-23T08:25:22.712+0000] {processor.py:208} INFO - Processing /home/airflow/.local/lib/python3.12/site-packages/airflow/example_dags/tutorial_taskflow_templates.py took 0.435 seconds
[2026-02-23T08:25:53.359+0000] {processor.py:186} INFO - Started process (PID=266) to work on /home/airflow/.local/lib/python3.12/site-packages/airflow/example_dags/tutorial_taskflow_templates.py
[2026-02-23T08:25:53.363+0000] {processor.py:914} INFO - Processing file /home/airflow/.local/lib/python3.12/site-packages/airflow/example_dags/tutorial_taskflow_templates.py for tasks to queue
[2026-02-23T08:25:53.369+0000] {logging_mixin.py:190} INFO - [2026-02-23T08:25:53.368+0000] {dagbag.py:588} INFO - Filling up the DagBag from /home/airflow/.local/lib/python3.12/site-packages/airflow/example_dags/tutorial_taskflow_templates.py
[2026-02-23T08:25:53.401+0000] {processor.py:925} INFO - DAG(s) 'tutorial_taskflow_templates' retrieved from /home/airflow/.local/lib/python3.12/site-packages/airflow/example_dags/tutorial_taskflow_templates.py
[2026-02-23T08:25:53.448+0000] {logging_mixin.py:190} INFO - [2026-02-23T08:25:53.447+0000] {dag.py:3239} INFO - Sync 1 DAGs
[2026-02-23T08:25:53.505+0000] {logging_mixin.py:190} INFO - [2026-02-23T08:25:53.504+0000] {dag.py:4180} INFO - Setting next_dagrun for tutorial_taskflow_templates to 2026-02-22 00:00:00+00:00, run_after=2026-02-23 00:00:00+00:00
[2026-02-23T08:25:53.555+0000] {processor.py:208} INFO - Processing /home/airflow/.local/lib/python3.12/site-packages/airflow/example_dags/tutorial_taskflow_templates.py took 0.208 seconds
[2026-02-23T08:26:24.069+0000] {processor.py:186} INFO - Started process (PID=331) to work on /home/airflow/.local/lib/python3.12/site-packages/airflow/example_dags/tutorial_taskflow_templates.py
[2026-02-23T08:26:24.073+0000] {processor.py:914} INFO - Processing file /home/airflow/.local/lib/python3.12/site-packages/airflow/example_dags/tutorial_taskflow_templates.py for tasks to queue
[2026-02-23T08:26:24.078+0000] {logging_mixin.py:190} INFO - [2026-02-23T08:26:24.078+0000] {dagbag.py:588} INFO - Filling up the DagBag from /home/airflow/.local/lib/python3.12/site-packages/airflow/example_dags/tutorial_taskflow_templates.py
[2026-02-23T08:26:24.107+0000] {processor.py:925} INFO - DAG(s) 'tutorial_taskflow_templates' retrieved from /home/airflow/.local/lib/python3.12/site-packages/airflow/example_dags/tutorial_taskflow_templates.py
[2026-02-23T08:26:24.150+0000] {logging_mixin.py:190} INFO - [2026-02-23T08:26:24.150+0000] {dag.py:3239} INFO - Sync 1 DAGs
[2026-02-23T08:26:24.204+0000] {logging_mixin.py:190} INFO - [2026-02-23T08:26:24.204+0000] {dag.py:4180} INFO - Setting next_dagrun for tutorial_taskflow_templates to 2026-02-22 00:00:00+00:00, run_after=2026-02-23 00:00:00+00:00
[2026-02-23T08:26:24.247+0000] {processor.py:208} INFO - Processing /home/airflow/.local/lib/python3.12/site-packages/airflow/example_dags/tutorial_taskflow_templates.py took 0.190 seconds
[2026-02-23T08:31:33.685+0000] {processor.py:186} INFO - Started process (PID=98) to work on /home/airflow/.local/lib/python3.12/site-packages/airflow/example_dags/tutorial_taskflow_templates.py
[2026-02-23T08:31:33.707+0000] {processor.py:914} INFO - Processing file /home/airflow/.local/lib/python3.12/site-packages/airflow/example_dags/tutorial_taskflow_templates.py for tasks to queue
[2026-02-23T08:31:33.773+0000] {logging_mixin.py:190} INFO - [2026-02-23T08:31:33.770+0000] {dagbag.py:588} INFO - Filling up the DagBag from /home/airflow/.local/lib/python3.12/site-packages/airflow/example_dags/tutorial_taskflow_templates.py
[2026-02-23T08:31:33.969+0000] {processor.py:925} INFO - DAG(s) 'tutorial_taskflow_templates' retrieved from /home/airflow/.local/lib/python3.12/site-packages/airflow/example_dags/tutorial_taskflow_templates.py
[2026-02-23T08:31:34.284+0000] {logging_mixin.py:190} INFO - [2026-02-23T08:31:34.283+0000] {dag.py:3239} INFO - Sync 1 DAGs
[2026-02-23T08:31:34.595+0000] {logging_mixin.py:190} INFO - [2026-02-23T08:31:34.594+0000] {dag.py:4180} INFO - Setting next_dagrun for tutorial_taskflow_templates to 2026-02-22 00:00:00+00:00, run_after=2026-02-23 00:00:00+00:00
[2026-02-23T08:31:34.843+0000] {processor.py:208} INFO - Processing /home/airflow/.local/lib/python3.12/site-packages/airflow/example_dags/tutorial_taskflow_templates.py took 1.281 seconds
[2026-02-23T15:42:09.109+0000] {processor.py:186} INFO - Started process (PID=169) to work on /home/airflow/.local/lib/python3.12/site-packages/airflow/example_dags/tutorial_taskflow_templates.py
[2026-02-23T15:42:09.128+0000] {processor.py:914} INFO - Processing file /home/airflow/.local/lib/python3.12/site-packages/airflow/example_dags/tutorial_taskflow_templates.py for tasks to queue
[2026-02-23T15:42:09.140+0000] {logging_mixin.py:190} INFO - [2026-02-23T15:42:09.140+0000] {dagbag.py:588} INFO - Filling up the DagBag from /home/airflow/.local/lib/python3.12/site-packages/airflow/example_dags/tutorial_taskflow_templates.py
[2026-02-23T15:42:09.232+0000] {processor.py:925} INFO - DAG(s) 'tutorial_taskflow_templates' retrieved from /home/airflow/.local/lib/python3.12/site-packages/airflow/example_dags/tutorial_taskflow_templates.py
[2026-02-23T15:42:09.306+0000] {logging_mixin.py:190} INFO - [2026-02-23T15:42:09.306+0000] {dag.py:3239} INFO - Sync 1 DAGs
[2026-02-23T15:42:09.544+0000] {logging_mixin.py:190} INFO - [2026-02-23T15:42:09.543+0000] {dag.py:4180} INFO - Setting next_dagrun for tutorial_taskflow_templates to 2026-02-22 00:00:00+00:00, run_after=2026-02-23 00:00:00+00:00
[2026-02-23T15:42:09.807+0000] {processor.py:208} INFO - Processing /home/airflow/.local/lib/python3.12/site-packages/airflow/example_dags/tutorial_taskflow_templates.py took 0.715 seconds
[2026-02-23T15:42:39.967+0000] {processor.py:186} INFO - Started process (PID=233) to work on /home/airflow/.local/lib/python3.12/site-packages/airflow/example_dags/tutorial_taskflow_templates.py
[2026-02-23T15:42:39.969+0000] {processor.py:914} INFO - Processing file /home/airflow/.local/lib/python3.12/site-packages/airflow/example_dags/tutorial_taskflow_templates.py for tasks to queue
[2026-02-23T15:42:39.971+0000] {logging_mixin.py:190} INFO - [2026-02-23T15:42:39.970+0000] {dagbag.py:588} INFO - Filling up the DagBag from /home/airflow/.local/lib/python3.12/site-packages/airflow/example_dags/tutorial_taskflow_templates.py
[2026-02-23T15:42:39.986+0000] {processor.py:925} INFO - DAG(s) 'tutorial_taskflow_templates' retrieved from /home/airflow/.local/lib/python3.12/site-packages/airflow/example_dags/tutorial_taskflow_templates.py
[2026-02-23T15:42:40.008+0000] {logging_mixin.py:190} INFO - [2026-02-23T15:42:40.008+0000] {dag.py:3239} INFO - Sync 1 DAGs
[2026-02-23T15:42:40.034+0000] {logging_mixin.py:190} INFO - [2026-02-23T15:42:40.033+0000] {dag.py:4180} INFO - Setting next_dagrun for tutorial_taskflow_templates to 2026-02-22 00:00:00+00:00, run_after=2026-02-23 00:00:00+00:00
[2026-02-23T15:42:40.058+0000] {processor.py:208} INFO - Processing /home/airflow/.local/lib/python3.12/site-packages/airflow/example_dags/tutorial_taskflow_templates.py took 0.097 seconds
[2026-02-23T15:43:15.189+0000] {processor.py:186} INFO - Started process (PID=299) to work on /home/airflow/.local/lib/python3.12/site-packages/airflow/example_dags/tutorial_taskflow_templates.py
[2026-02-23T15:43:15.198+0000] {processor.py:914} INFO - Processing file /home/airflow/.local/lib/python3.12/site-packages/airflow/example_dags/tutorial_taskflow_templates.py for tasks to queue
[2026-02-23T15:43:15.225+0000] {logging_mixin.py:190} INFO - [2026-02-23T15:43:15.224+0000] {dagbag.py:588} INFO - Filling up the DagBag from /home/airflow/.local/lib/python3.12/site-packages/airflow/example_dags/tutorial_taskflow_templates.py
[2026-02-23T15:43:15.502+0000] {processor.py:925} INFO - DAG(s) 'tutorial_taskflow_templates' retrieved from /home/airflow/.local/lib/python3.12/site-packages/airflow/example_dags/tutorial_taskflow_templates.py
[2026-02-23T15:43:15.616+0000] {logging_mixin.py:190} INFO - [2026-02-23T15:43:15.615+0000] {dag.py:3239} INFO - Sync 1 DAGs
[2026-02-23T15:43:15.830+0000] {logging_mixin.py:190} INFO - [2026-02-23T15:43:15.829+0000] {dag.py:4180} INFO - Setting next_dagrun for tutorial_taskflow_templates to 2026-02-22 00:00:00+00:00, run_after=2026-02-23 00:00:00+00:00
[2026-02-23T15:43:15.920+0000] {processor.py:208} INFO - Processing /home/airflow/.local/lib/python3.12/site-packages/airflow/example_dags/tutorial_taskflow_templates.py took 0.821 seconds
