[2026-02-23T07:41:55.593+0000] {processor.py:186} INFO - Started process (PID=3319) to work on /home/airflow/.local/lib/python3.12/site-packages/airflow/example_dags/tutorial_dag.py
[2026-02-23T07:41:55.597+0000] {processor.py:914} INFO - Processing file /home/airflow/.local/lib/python3.12/site-packages/airflow/example_dags/tutorial_dag.py for tasks to queue
[2026-02-23T07:41:55.611+0000] {logging_mixin.py:190} INFO - [2026-02-23T07:41:55.610+0000] {dagbag.py:588} INFO - Filling up the DagBag from /home/airflow/.local/lib/python3.12/site-packages/airflow/example_dags/tutorial_dag.py
[2026-02-23T07:41:55.643+0000] {processor.py:925} INFO - DAG(s) 'tutorial_dag' retrieved from /home/airflow/.local/lib/python3.12/site-packages/airflow/example_dags/tutorial_dag.py
[2026-02-23T07:41:55.793+0000] {logging_mixin.py:190} INFO - [2026-02-23T07:41:55.792+0000] {dag.py:3239} INFO - Sync 1 DAGs
[2026-02-23T07:41:55.876+0000] {logging_mixin.py:190} INFO - [2026-02-23T07:41:55.875+0000] {dag.py:4180} INFO - Setting next_dagrun for tutorial_dag to None, run_after=None
[2026-02-23T07:41:55.967+0000] {processor.py:208} INFO - Processing /home/airflow/.local/lib/python3.12/site-packages/airflow/example_dags/tutorial_dag.py took 0.439 seconds
[2026-02-23T07:42:26.778+0000] {processor.py:186} INFO - Started process (PID=3383) to work on /home/airflow/.local/lib/python3.12/site-packages/airflow/example_dags/tutorial_dag.py
[2026-02-23T07:42:26.782+0000] {processor.py:914} INFO - Processing file /home/airflow/.local/lib/python3.12/site-packages/airflow/example_dags/tutorial_dag.py for tasks to queue
[2026-02-23T07:42:26.787+0000] {logging_mixin.py:190} INFO - [2026-02-23T07:42:26.786+0000] {dagbag.py:588} INFO - Filling up the DagBag from /home/airflow/.local/lib/python3.12/site-packages/airflow/example_dags/tutorial_dag.py
[2026-02-23T07:42:26.814+0000] {processor.py:925} INFO - DAG(s) 'tutorial_dag' retrieved from /home/airflow/.local/lib/python3.12/site-packages/airflow/example_dags/tutorial_dag.py
[2026-02-23T07:42:26.910+0000] {logging_mixin.py:190} INFO - [2026-02-23T07:42:26.909+0000] {dag.py:3239} INFO - Sync 1 DAGs
[2026-02-23T07:42:26.968+0000] {logging_mixin.py:190} INFO - [2026-02-23T07:42:26.967+0000] {dag.py:4180} INFO - Setting next_dagrun for tutorial_dag to None, run_after=None
[2026-02-23T07:42:27.041+0000] {processor.py:208} INFO - Processing /home/airflow/.local/lib/python3.12/site-packages/airflow/example_dags/tutorial_dag.py took 0.292 seconds
[2026-02-23T07:42:57.769+0000] {processor.py:186} INFO - Started process (PID=3448) to work on /home/airflow/.local/lib/python3.12/site-packages/airflow/example_dags/tutorial_dag.py
[2026-02-23T07:42:57.778+0000] {processor.py:914} INFO - Processing file /home/airflow/.local/lib/python3.12/site-packages/airflow/example_dags/tutorial_dag.py for tasks to queue
[2026-02-23T07:42:57.787+0000] {logging_mixin.py:190} INFO - [2026-02-23T07:42:57.786+0000] {dagbag.py:588} INFO - Filling up the DagBag from /home/airflow/.local/lib/python3.12/site-packages/airflow/example_dags/tutorial_dag.py
[2026-02-23T07:42:57.812+0000] {processor.py:925} INFO - DAG(s) 'tutorial_dag' retrieved from /home/airflow/.local/lib/python3.12/site-packages/airflow/example_dags/tutorial_dag.py
[2026-02-23T07:42:57.957+0000] {logging_mixin.py:190} INFO - [2026-02-23T07:42:57.956+0000] {dag.py:3239} INFO - Sync 1 DAGs
[2026-02-23T07:42:58.144+0000] {logging_mixin.py:190} INFO - [2026-02-23T07:42:58.143+0000] {dag.py:4180} INFO - Setting next_dagrun for tutorial_dag to None, run_after=None
[2026-02-23T07:42:58.329+0000] {processor.py:208} INFO - Processing /home/airflow/.local/lib/python3.12/site-packages/airflow/example_dags/tutorial_dag.py took 0.600 seconds
[2026-02-23T07:43:41.425+0000] {processor.py:186} INFO - Started process (PID=3484) to work on /home/airflow/.local/lib/python3.12/site-packages/airflow/example_dags/tutorial_dag.py
[2026-02-23T07:43:41.432+0000] {processor.py:914} INFO - Processing file /home/airflow/.local/lib/python3.12/site-packages/airflow/example_dags/tutorial_dag.py for tasks to queue
[2026-02-23T07:43:41.447+0000] {logging_mixin.py:190} INFO - [2026-02-23T07:43:41.436+0000] {dagbag.py:588} INFO - Filling up the DagBag from /home/airflow/.local/lib/python3.12/site-packages/airflow/example_dags/tutorial_dag.py
[2026-02-23T07:43:41.470+0000] {processor.py:925} INFO - DAG(s) 'tutorial_dag' retrieved from /home/airflow/.local/lib/python3.12/site-packages/airflow/example_dags/tutorial_dag.py
[2026-02-23T07:43:41.594+0000] {logging_mixin.py:190} INFO - [2026-02-23T07:43:41.593+0000] {dag.py:3239} INFO - Sync 1 DAGs
[2026-02-23T07:43:41.654+0000] {logging_mixin.py:190} INFO - [2026-02-23T07:43:41.653+0000] {dag.py:4180} INFO - Setting next_dagrun for tutorial_dag to None, run_after=None
[2026-02-23T07:43:41.757+0000] {processor.py:208} INFO - Processing /home/airflow/.local/lib/python3.12/site-packages/airflow/example_dags/tutorial_dag.py took 0.355 seconds
[2026-02-23T08:17:57.220+0000] {processor.py:186} INFO - Started process (PID=73) to work on /home/airflow/.local/lib/python3.12/site-packages/airflow/example_dags/tutorial_dag.py
[2026-02-23T08:17:57.224+0000] {processor.py:914} INFO - Processing file /home/airflow/.local/lib/python3.12/site-packages/airflow/example_dags/tutorial_dag.py for tasks to queue
[2026-02-23T08:17:57.238+0000] {logging_mixin.py:190} INFO - [2026-02-23T08:17:57.231+0000] {dagbag.py:588} INFO - Filling up the DagBag from /home/airflow/.local/lib/python3.12/site-packages/airflow/example_dags/tutorial_dag.py
[2026-02-23T08:17:57.256+0000] {processor.py:925} INFO - DAG(s) 'tutorial_dag' retrieved from /home/airflow/.local/lib/python3.12/site-packages/airflow/example_dags/tutorial_dag.py
[2026-02-23T08:17:57.322+0000] {logging_mixin.py:190} INFO - [2026-02-23T08:17:57.321+0000] {dag.py:3239} INFO - Sync 1 DAGs
[2026-02-23T08:17:57.358+0000] {logging_mixin.py:190} INFO - [2026-02-23T08:17:57.357+0000] {dag.py:4180} INFO - Setting next_dagrun for tutorial_dag to None, run_after=None
[2026-02-23T08:17:57.411+0000] {processor.py:208} INFO - Processing /home/airflow/.local/lib/python3.12/site-packages/airflow/example_dags/tutorial_dag.py took 0.212 seconds
[2026-02-23T08:18:28.116+0000] {processor.py:186} INFO - Started process (PID=137) to work on /home/airflow/.local/lib/python3.12/site-packages/airflow/example_dags/tutorial_dag.py
[2026-02-23T08:18:28.119+0000] {processor.py:914} INFO - Processing file /home/airflow/.local/lib/python3.12/site-packages/airflow/example_dags/tutorial_dag.py for tasks to queue
[2026-02-23T08:18:28.125+0000] {logging_mixin.py:190} INFO - [2026-02-23T08:18:28.124+0000] {dagbag.py:588} INFO - Filling up the DagBag from /home/airflow/.local/lib/python3.12/site-packages/airflow/example_dags/tutorial_dag.py
[2026-02-23T08:18:28.147+0000] {processor.py:925} INFO - DAG(s) 'tutorial_dag' retrieved from /home/airflow/.local/lib/python3.12/site-packages/airflow/example_dags/tutorial_dag.py
[2026-02-23T08:18:28.197+0000] {logging_mixin.py:190} INFO - [2026-02-23T08:18:28.196+0000] {dag.py:3239} INFO - Sync 1 DAGs
[2026-02-23T08:18:28.245+0000] {logging_mixin.py:190} INFO - [2026-02-23T08:18:28.245+0000] {dag.py:4180} INFO - Setting next_dagrun for tutorial_dag to None, run_after=None
[2026-02-23T08:18:28.307+0000] {processor.py:208} INFO - Processing /home/airflow/.local/lib/python3.12/site-packages/airflow/example_dags/tutorial_dag.py took 0.205 seconds
[2026-02-23T08:18:59.316+0000] {processor.py:186} INFO - Started process (PID=201) to work on /home/airflow/.local/lib/python3.12/site-packages/airflow/example_dags/tutorial_dag.py
[2026-02-23T08:18:59.320+0000] {processor.py:914} INFO - Processing file /home/airflow/.local/lib/python3.12/site-packages/airflow/example_dags/tutorial_dag.py for tasks to queue
[2026-02-23T08:18:59.327+0000] {logging_mixin.py:190} INFO - [2026-02-23T08:18:59.327+0000] {dagbag.py:588} INFO - Filling up the DagBag from /home/airflow/.local/lib/python3.12/site-packages/airflow/example_dags/tutorial_dag.py
[2026-02-23T08:18:59.351+0000] {processor.py:925} INFO - DAG(s) 'tutorial_dag' retrieved from /home/airflow/.local/lib/python3.12/site-packages/airflow/example_dags/tutorial_dag.py
[2026-02-23T08:18:59.438+0000] {logging_mixin.py:190} INFO - [2026-02-23T08:18:59.437+0000] {dag.py:3239} INFO - Sync 1 DAGs
[2026-02-23T08:18:59.513+0000] {logging_mixin.py:190} INFO - [2026-02-23T08:18:59.511+0000] {dag.py:4180} INFO - Setting next_dagrun for tutorial_dag to None, run_after=None
[2026-02-23T08:18:59.595+0000] {processor.py:208} INFO - Processing /home/airflow/.local/lib/python3.12/site-packages/airflow/example_dags/tutorial_dag.py took 0.304 seconds
[2026-02-23T08:19:30.422+0000] {processor.py:186} INFO - Started process (PID=266) to work on /home/airflow/.local/lib/python3.12/site-packages/airflow/example_dags/tutorial_dag.py
[2026-02-23T08:19:30.424+0000] {processor.py:914} INFO - Processing file /home/airflow/.local/lib/python3.12/site-packages/airflow/example_dags/tutorial_dag.py for tasks to queue
[2026-02-23T08:19:30.429+0000] {logging_mixin.py:190} INFO - [2026-02-23T08:19:30.428+0000] {dagbag.py:588} INFO - Filling up the DagBag from /home/airflow/.local/lib/python3.12/site-packages/airflow/example_dags/tutorial_dag.py
[2026-02-23T08:19:30.441+0000] {processor.py:925} INFO - DAG(s) 'tutorial_dag' retrieved from /home/airflow/.local/lib/python3.12/site-packages/airflow/example_dags/tutorial_dag.py
[2026-02-23T08:19:30.477+0000] {logging_mixin.py:190} INFO - [2026-02-23T08:19:30.476+0000] {dag.py:3239} INFO - Sync 1 DAGs
[2026-02-23T08:19:30.501+0000] {logging_mixin.py:190} INFO - [2026-02-23T08:19:30.501+0000] {dag.py:4180} INFO - Setting next_dagrun for tutorial_dag to None, run_after=None
[2026-02-23T08:19:30.541+0000] {processor.py:208} INFO - Processing /home/airflow/.local/lib/python3.12/site-packages/airflow/example_dags/tutorial_dag.py took 0.128 seconds
[2026-02-23T08:20:01.071+0000] {processor.py:186} INFO - Started process (PID=331) to work on /home/airflow/.local/lib/python3.12/site-packages/airflow/example_dags/tutorial_dag.py
[2026-02-23T08:20:01.074+0000] {processor.py:914} INFO - Processing file /home/airflow/.local/lib/python3.12/site-packages/airflow/example_dags/tutorial_dag.py for tasks to queue
[2026-02-23T08:20:01.080+0000] {logging_mixin.py:190} INFO - [2026-02-23T08:20:01.079+0000] {dagbag.py:588} INFO - Filling up the DagBag from /home/airflow/.local/lib/python3.12/site-packages/airflow/example_dags/tutorial_dag.py
[2026-02-23T08:20:01.094+0000] {processor.py:925} INFO - DAG(s) 'tutorial_dag' retrieved from /home/airflow/.local/lib/python3.12/site-packages/airflow/example_dags/tutorial_dag.py
[2026-02-23T08:20:01.130+0000] {logging_mixin.py:190} INFO - [2026-02-23T08:20:01.129+0000] {dag.py:3239} INFO - Sync 1 DAGs
[2026-02-23T08:20:01.154+0000] {logging_mixin.py:190} INFO - [2026-02-23T08:20:01.154+0000] {dag.py:4180} INFO - Setting next_dagrun for tutorial_dag to None, run_after=None
[2026-02-23T08:20:01.188+0000] {processor.py:208} INFO - Processing /home/airflow/.local/lib/python3.12/site-packages/airflow/example_dags/tutorial_dag.py took 0.130 seconds
[2026-02-23T08:20:31.617+0000] {processor.py:186} INFO - Started process (PID=396) to work on /home/airflow/.local/lib/python3.12/site-packages/airflow/example_dags/tutorial_dag.py
[2026-02-23T08:20:31.621+0000] {processor.py:914} INFO - Processing file /home/airflow/.local/lib/python3.12/site-packages/airflow/example_dags/tutorial_dag.py for tasks to queue
[2026-02-23T08:20:31.630+0000] {logging_mixin.py:190} INFO - [2026-02-23T08:20:31.629+0000] {dagbag.py:588} INFO - Filling up the DagBag from /home/airflow/.local/lib/python3.12/site-packages/airflow/example_dags/tutorial_dag.py
[2026-02-23T08:20:31.670+0000] {processor.py:925} INFO - DAG(s) 'tutorial_dag' retrieved from /home/airflow/.local/lib/python3.12/site-packages/airflow/example_dags/tutorial_dag.py
[2026-02-23T08:20:31.774+0000] {logging_mixin.py:190} INFO - [2026-02-23T08:20:31.773+0000] {dag.py:3239} INFO - Sync 1 DAGs
[2026-02-23T08:20:31.862+0000] {logging_mixin.py:190} INFO - [2026-02-23T08:20:31.861+0000] {dag.py:4180} INFO - Setting next_dagrun for tutorial_dag to None, run_after=None
[2026-02-23T08:20:31.964+0000] {processor.py:208} INFO - Processing /home/airflow/.local/lib/python3.12/site-packages/airflow/example_dags/tutorial_dag.py took 0.371 seconds
[2026-02-23T08:21:02.457+0000] {processor.py:186} INFO - Started process (PID=460) to work on /home/airflow/.local/lib/python3.12/site-packages/airflow/example_dags/tutorial_dag.py
[2026-02-23T08:21:02.460+0000] {processor.py:914} INFO - Processing file /home/airflow/.local/lib/python3.12/site-packages/airflow/example_dags/tutorial_dag.py for tasks to queue
[2026-02-23T08:21:02.466+0000] {logging_mixin.py:190} INFO - [2026-02-23T08:21:02.465+0000] {dagbag.py:588} INFO - Filling up the DagBag from /home/airflow/.local/lib/python3.12/site-packages/airflow/example_dags/tutorial_dag.py
[2026-02-23T08:21:02.483+0000] {processor.py:925} INFO - DAG(s) 'tutorial_dag' retrieved from /home/airflow/.local/lib/python3.12/site-packages/airflow/example_dags/tutorial_dag.py
[2026-02-23T08:21:02.532+0000] {logging_mixin.py:190} INFO - [2026-02-23T08:21:02.531+0000] {dag.py:3239} INFO - Sync 1 DAGs
[2026-02-23T08:21:02.566+0000] {logging_mixin.py:190} INFO - [2026-02-23T08:21:02.566+0000] {dag.py:4180} INFO - Setting next_dagrun for tutorial_dag to None, run_after=None
[2026-02-23T08:21:02.615+0000] {processor.py:208} INFO - Processing /home/airflow/.local/lib/python3.12/site-packages/airflow/example_dags/tutorial_dag.py took 0.171 seconds
[2026-02-23T08:21:33.299+0000] {processor.py:186} INFO - Started process (PID=525) to work on /home/airflow/.local/lib/python3.12/site-packages/airflow/example_dags/tutorial_dag.py
[2026-02-23T08:21:33.300+0000] {processor.py:914} INFO - Processing file /home/airflow/.local/lib/python3.12/site-packages/airflow/example_dags/tutorial_dag.py for tasks to queue
[2026-02-23T08:21:33.303+0000] {logging_mixin.py:190} INFO - [2026-02-23T08:21:33.303+0000] {dagbag.py:588} INFO - Filling up the DagBag from /home/airflow/.local/lib/python3.12/site-packages/airflow/example_dags/tutorial_dag.py
[2026-02-23T08:21:33.310+0000] {processor.py:925} INFO - DAG(s) 'tutorial_dag' retrieved from /home/airflow/.local/lib/python3.12/site-packages/airflow/example_dags/tutorial_dag.py
[2026-02-23T08:21:33.330+0000] {logging_mixin.py:190} INFO - [2026-02-23T08:21:33.329+0000] {dag.py:3239} INFO - Sync 1 DAGs
[2026-02-23T08:21:33.341+0000] {logging_mixin.py:190} INFO - [2026-02-23T08:21:33.341+0000] {dag.py:4180} INFO - Setting next_dagrun for tutorial_dag to None, run_after=None
[2026-02-23T08:21:33.365+0000] {processor.py:208} INFO - Processing /home/airflow/.local/lib/python3.12/site-packages/airflow/example_dags/tutorial_dag.py took 0.071 seconds
[2026-02-23T08:22:03.729+0000] {processor.py:186} INFO - Started process (PID=590) to work on /home/airflow/.local/lib/python3.12/site-packages/airflow/example_dags/tutorial_dag.py
[2026-02-23T08:22:03.732+0000] {processor.py:914} INFO - Processing file /home/airflow/.local/lib/python3.12/site-packages/airflow/example_dags/tutorial_dag.py for tasks to queue
[2026-02-23T08:22:03.734+0000] {logging_mixin.py:190} INFO - [2026-02-23T08:22:03.734+0000] {dagbag.py:588} INFO - Filling up the DagBag from /home/airflow/.local/lib/python3.12/site-packages/airflow/example_dags/tutorial_dag.py
[2026-02-23T08:22:03.744+0000] {processor.py:925} INFO - DAG(s) 'tutorial_dag' retrieved from /home/airflow/.local/lib/python3.12/site-packages/airflow/example_dags/tutorial_dag.py
[2026-02-23T08:22:03.768+0000] {logging_mixin.py:190} INFO - [2026-02-23T08:22:03.767+0000] {dag.py:3239} INFO - Sync 1 DAGs
[2026-02-23T08:22:03.784+0000] {logging_mixin.py:190} INFO - [2026-02-23T08:22:03.783+0000] {dag.py:4180} INFO - Setting next_dagrun for tutorial_dag to None, run_after=None
[2026-02-23T08:22:03.811+0000] {processor.py:208} INFO - Processing /home/airflow/.local/lib/python3.12/site-packages/airflow/example_dags/tutorial_dag.py took 0.088 seconds
[2026-02-23T08:24:18.324+0000] {processor.py:186} INFO - Started process (PID=68) to work on /home/airflow/.local/lib/python3.12/site-packages/airflow/example_dags/tutorial_dag.py
[2026-02-23T08:24:18.331+0000] {processor.py:914} INFO - Processing file /home/airflow/.local/lib/python3.12/site-packages/airflow/example_dags/tutorial_dag.py for tasks to queue
[2026-02-23T08:24:18.359+0000] {logging_mixin.py:190} INFO - [2026-02-23T08:24:18.357+0000] {dagbag.py:588} INFO - Filling up the DagBag from /home/airflow/.local/lib/python3.12/site-packages/airflow/example_dags/tutorial_dag.py
[2026-02-23T08:24:18.408+0000] {processor.py:925} INFO - DAG(s) 'tutorial_dag' retrieved from /home/airflow/.local/lib/python3.12/site-packages/airflow/example_dags/tutorial_dag.py
[2026-02-23T08:24:18.534+0000] {logging_mixin.py:190} INFO - [2026-02-23T08:24:18.533+0000] {dag.py:3239} INFO - Sync 1 DAGs
[2026-02-23T08:24:18.594+0000] {logging_mixin.py:190} INFO - [2026-02-23T08:24:18.593+0000] {dag.py:4180} INFO - Setting next_dagrun for tutorial_dag to None, run_after=None
[2026-02-23T08:24:18.670+0000] {processor.py:208} INFO - Processing /home/airflow/.local/lib/python3.12/site-packages/airflow/example_dags/tutorial_dag.py took 0.397 seconds
[2026-02-23T08:24:48.839+0000] {processor.py:186} INFO - Started process (PID=132) to work on /home/airflow/.local/lib/python3.12/site-packages/airflow/example_dags/tutorial_dag.py
[2026-02-23T08:24:48.841+0000] {processor.py:914} INFO - Processing file /home/airflow/.local/lib/python3.12/site-packages/airflow/example_dags/tutorial_dag.py for tasks to queue
[2026-02-23T08:24:48.846+0000] {logging_mixin.py:190} INFO - [2026-02-23T08:24:48.845+0000] {dagbag.py:588} INFO - Filling up the DagBag from /home/airflow/.local/lib/python3.12/site-packages/airflow/example_dags/tutorial_dag.py
[2026-02-23T08:24:48.861+0000] {processor.py:925} INFO - DAG(s) 'tutorial_dag' retrieved from /home/airflow/.local/lib/python3.12/site-packages/airflow/example_dags/tutorial_dag.py
[2026-02-23T08:24:48.901+0000] {logging_mixin.py:190} INFO - [2026-02-23T08:24:48.901+0000] {dag.py:3239} INFO - Sync 1 DAGs
[2026-02-23T08:24:48.928+0000] {logging_mixin.py:190} INFO - [2026-02-23T08:24:48.928+0000] {dag.py:4180} INFO - Setting next_dagrun for tutorial_dag to None, run_after=None
[2026-02-23T08:24:48.976+0000] {processor.py:208} INFO - Processing /home/airflow/.local/lib/python3.12/site-packages/airflow/example_dags/tutorial_dag.py took 0.147 seconds
[2026-02-23T08:25:19.230+0000] {processor.py:186} INFO - Started process (PID=196) to work on /home/airflow/.local/lib/python3.12/site-packages/airflow/example_dags/tutorial_dag.py
[2026-02-23T08:25:19.234+0000] {processor.py:914} INFO - Processing file /home/airflow/.local/lib/python3.12/site-packages/airflow/example_dags/tutorial_dag.py for tasks to queue
[2026-02-23T08:25:19.243+0000] {logging_mixin.py:190} INFO - [2026-02-23T08:25:19.242+0000] {dagbag.py:588} INFO - Filling up the DagBag from /home/airflow/.local/lib/python3.12/site-packages/airflow/example_dags/tutorial_dag.py
[2026-02-23T08:25:19.276+0000] {processor.py:925} INFO - DAG(s) 'tutorial_dag' retrieved from /home/airflow/.local/lib/python3.12/site-packages/airflow/example_dags/tutorial_dag.py
[2026-02-23T08:25:19.351+0000] {logging_mixin.py:190} INFO - [2026-02-23T08:25:19.350+0000] {dag.py:3239} INFO - Sync 1 DAGs
[2026-02-23T08:25:19.402+0000] {logging_mixin.py:190} INFO - [2026-02-23T08:25:19.401+0000] {dag.py:4180} INFO - Setting next_dagrun for tutorial_dag to None, run_after=None
[2026-02-23T08:25:19.484+0000] {processor.py:208} INFO - Processing /home/airflow/.local/lib/python3.12/site-packages/airflow/example_dags/tutorial_dag.py took 0.289 seconds
[2026-02-23T08:25:50.415+0000] {processor.py:186} INFO - Started process (PID=261) to work on /home/airflow/.local/lib/python3.12/site-packages/airflow/example_dags/tutorial_dag.py
[2026-02-23T08:25:50.417+0000] {processor.py:914} INFO - Processing file /home/airflow/.local/lib/python3.12/site-packages/airflow/example_dags/tutorial_dag.py for tasks to queue
[2026-02-23T08:25:50.422+0000] {logging_mixin.py:190} INFO - [2026-02-23T08:25:50.421+0000] {dagbag.py:588} INFO - Filling up the DagBag from /home/airflow/.local/lib/python3.12/site-packages/airflow/example_dags/tutorial_dag.py
[2026-02-23T08:25:50.438+0000] {processor.py:925} INFO - DAG(s) 'tutorial_dag' retrieved from /home/airflow/.local/lib/python3.12/site-packages/airflow/example_dags/tutorial_dag.py
[2026-02-23T08:25:50.481+0000] {logging_mixin.py:190} INFO - [2026-02-23T08:25:50.480+0000] {dag.py:3239} INFO - Sync 1 DAGs
[2026-02-23T08:25:50.508+0000] {logging_mixin.py:190} INFO - [2026-02-23T08:25:50.507+0000] {dag.py:4180} INFO - Setting next_dagrun for tutorial_dag to None, run_after=None
[2026-02-23T08:25:50.546+0000] {processor.py:208} INFO - Processing /home/airflow/.local/lib/python3.12/site-packages/airflow/example_dags/tutorial_dag.py took 0.143 seconds
[2026-02-23T08:26:21.233+0000] {processor.py:186} INFO - Started process (PID=326) to work on /home/airflow/.local/lib/python3.12/site-packages/airflow/example_dags/tutorial_dag.py
[2026-02-23T08:26:21.236+0000] {processor.py:914} INFO - Processing file /home/airflow/.local/lib/python3.12/site-packages/airflow/example_dags/tutorial_dag.py for tasks to queue
[2026-02-23T08:26:21.241+0000] {logging_mixin.py:190} INFO - [2026-02-23T08:26:21.241+0000] {dagbag.py:588} INFO - Filling up the DagBag from /home/airflow/.local/lib/python3.12/site-packages/airflow/example_dags/tutorial_dag.py
[2026-02-23T08:26:21.262+0000] {processor.py:925} INFO - DAG(s) 'tutorial_dag' retrieved from /home/airflow/.local/lib/python3.12/site-packages/airflow/example_dags/tutorial_dag.py
[2026-02-23T08:26:21.300+0000] {logging_mixin.py:190} INFO - [2026-02-23T08:26:21.299+0000] {dag.py:3239} INFO - Sync 1 DAGs
[2026-02-23T08:26:21.329+0000] {logging_mixin.py:190} INFO - [2026-02-23T08:26:21.329+0000] {dag.py:4180} INFO - Setting next_dagrun for tutorial_dag to None, run_after=None
[2026-02-23T08:26:21.372+0000] {processor.py:208} INFO - Processing /home/airflow/.local/lib/python3.12/site-packages/airflow/example_dags/tutorial_dag.py took 0.153 seconds
[2026-02-23T08:31:25.411+0000] {processor.py:186} INFO - Started process (PID=93) to work on /home/airflow/.local/lib/python3.12/site-packages/airflow/example_dags/tutorial_dag.py
[2026-02-23T08:31:25.486+0000] {processor.py:914} INFO - Processing file /home/airflow/.local/lib/python3.12/site-packages/airflow/example_dags/tutorial_dag.py for tasks to queue
[2026-02-23T08:31:25.555+0000] {logging_mixin.py:190} INFO - [2026-02-23T08:31:25.553+0000] {dagbag.py:588} INFO - Filling up the DagBag from /home/airflow/.local/lib/python3.12/site-packages/airflow/example_dags/tutorial_dag.py
[2026-02-23T08:31:25.745+0000] {processor.py:925} INFO - DAG(s) 'tutorial_dag' retrieved from /home/airflow/.local/lib/python3.12/site-packages/airflow/example_dags/tutorial_dag.py
[2026-02-23T08:31:26.580+0000] {logging_mixin.py:190} INFO - [2026-02-23T08:31:26.576+0000] {dag.py:3239} INFO - Sync 1 DAGs
[2026-02-23T08:31:26.951+0000] {logging_mixin.py:190} INFO - [2026-02-23T08:31:26.950+0000] {dag.py:4180} INFO - Setting next_dagrun for tutorial_dag to None, run_after=None
[2026-02-23T08:31:27.181+0000] {processor.py:208} INFO - Processing /home/airflow/.local/lib/python3.12/site-packages/airflow/example_dags/tutorial_dag.py took 1.907 seconds
[2026-02-23T15:42:06.935+0000] {processor.py:186} INFO - Started process (PID=164) to work on /home/airflow/.local/lib/python3.12/site-packages/airflow/example_dags/tutorial_dag.py
[2026-02-23T15:42:06.946+0000] {processor.py:914} INFO - Processing file /home/airflow/.local/lib/python3.12/site-packages/airflow/example_dags/tutorial_dag.py for tasks to queue
[2026-02-23T15:42:06.948+0000] {logging_mixin.py:190} INFO - [2026-02-23T15:42:06.948+0000] {dagbag.py:588} INFO - Filling up the DagBag from /home/airflow/.local/lib/python3.12/site-packages/airflow/example_dags/tutorial_dag.py
[2026-02-23T15:42:06.963+0000] {processor.py:925} INFO - DAG(s) 'tutorial_dag' retrieved from /home/airflow/.local/lib/python3.12/site-packages/airflow/example_dags/tutorial_dag.py
[2026-02-23T15:42:07.021+0000] {logging_mixin.py:190} INFO - [2026-02-23T15:42:07.020+0000] {dag.py:3239} INFO - Sync 1 DAGs
[2026-02-23T15:42:07.250+0000] {logging_mixin.py:190} INFO - [2026-02-23T15:42:07.250+0000] {dag.py:4180} INFO - Setting next_dagrun for tutorial_dag to None, run_after=None
[2026-02-23T15:42:07.525+0000] {processor.py:208} INFO - Processing /home/airflow/.local/lib/python3.12/site-packages/airflow/example_dags/tutorial_dag.py took 0.598 seconds
[2026-02-23T15:42:37.769+0000] {processor.py:186} INFO - Started process (PID=229) to work on /home/airflow/.local/lib/python3.12/site-packages/airflow/example_dags/tutorial_dag.py
[2026-02-23T15:42:37.771+0000] {processor.py:914} INFO - Processing file /home/airflow/.local/lib/python3.12/site-packages/airflow/example_dags/tutorial_dag.py for tasks to queue
[2026-02-23T15:42:37.773+0000] {logging_mixin.py:190} INFO - [2026-02-23T15:42:37.772+0000] {dagbag.py:588} INFO - Filling up the DagBag from /home/airflow/.local/lib/python3.12/site-packages/airflow/example_dags/tutorial_dag.py
[2026-02-23T15:42:37.786+0000] {processor.py:925} INFO - DAG(s) 'tutorial_dag' retrieved from /home/airflow/.local/lib/python3.12/site-packages/airflow/example_dags/tutorial_dag.py
[2026-02-23T15:42:37.818+0000] {logging_mixin.py:190} INFO - [2026-02-23T15:42:37.817+0000] {dag.py:3239} INFO - Sync 1 DAGs
[2026-02-23T15:42:37.840+0000] {logging_mixin.py:190} INFO - [2026-02-23T15:42:37.840+0000] {dag.py:4180} INFO - Setting next_dagrun for tutorial_dag to None, run_after=None
[2026-02-23T15:42:37.866+0000] {processor.py:208} INFO - Processing /home/airflow/.local/lib/python3.12/site-packages/airflow/example_dags/tutorial_dag.py took 0.107 seconds
[2026-02-23T15:43:11.190+0000] {processor.py:186} INFO - Started process (PID=294) to work on /home/airflow/.local/lib/python3.12/site-packages/airflow/example_dags/tutorial_dag.py
[2026-02-23T15:43:11.202+0000] {processor.py:914} INFO - Processing file /home/airflow/.local/lib/python3.12/site-packages/airflow/example_dags/tutorial_dag.py for tasks to queue
[2026-02-23T15:43:11.214+0000] {logging_mixin.py:190} INFO - [2026-02-23T15:43:11.213+0000] {dagbag.py:588} INFO - Filling up the DagBag from /home/airflow/.local/lib/python3.12/site-packages/airflow/example_dags/tutorial_dag.py
[2026-02-23T15:43:11.250+0000] {processor.py:925} INFO - DAG(s) 'tutorial_dag' retrieved from /home/airflow/.local/lib/python3.12/site-packages/airflow/example_dags/tutorial_dag.py
[2026-02-23T15:43:11.386+0000] {logging_mixin.py:190} INFO - [2026-02-23T15:43:11.385+0000] {dag.py:3239} INFO - Sync 1 DAGs
[2026-02-23T15:43:11.519+0000] {logging_mixin.py:190} INFO - [2026-02-23T15:43:11.518+0000] {dag.py:4180} INFO - Setting next_dagrun for tutorial_dag to None, run_after=None
[2026-02-23T15:43:11.621+0000] {processor.py:208} INFO - Processing /home/airflow/.local/lib/python3.12/site-packages/airflow/example_dags/tutorial_dag.py took 0.452 seconds
