[2026-01-24T08:43:53.492+0000] {local_task_job_runner.py:123} INFO - ::group::Pre task execution logs
[2026-01-24T08:43:53.521+0000] {taskinstance.py:2614} INFO - Dependencies all met for dep_context=non-requeueable deps ti=<TaskInstance: ETL_json_postgresql.load_data_to_mysql scheduled__2026-01-23T00:00:00+00:00 [queued]>
[2026-01-24T08:43:53.534+0000] {taskinstance.py:2614} INFO - Dependencies all met for dep_context=requeueable deps ti=<TaskInstance: ETL_json_postgresql.load_data_to_mysql scheduled__2026-01-23T00:00:00+00:00 [queued]>
[2026-01-24T08:43:53.536+0000] {taskinstance.py:2867} INFO - Starting attempt 1 of 1
[2026-01-24T08:43:53.567+0000] {taskinstance.py:2890} INFO - Executing <Task(PythonOperator): load_data_to_mysql> on 2026-01-23 00:00:00+00:00
[2026-01-24T08:43:53.641+0000] {warnings.py:112} WARNING - /home/***/.local/lib/python3.12/site-packages/***/task/task_runner/standard_task_runner.py:70: DeprecationWarning: This process (pid=1555) is multi-threaded, use of fork() may lead to deadlocks in the child.
  pid = os.fork()

[2026-01-24T08:43:53.668+0000] {standard_task_runner.py:104} INFO - Running: ['***', 'tasks', 'run', 'ETL_json_postgresql', 'load_data_to_mysql', 'scheduled__2026-01-23T00:00:00+00:00', '--job-id', '60', '--raw', '--subdir', 'DAGS_FOLDER/ETL_json_postgresql_dag/etl_json_postgresql.py', '--cfg-path', '/tmp/tmp6g1_m_tw']
[2026-01-24T08:43:53.674+0000] {standard_task_runner.py:105} INFO - Job 60: Subtask load_data_to_mysql
[2026-01-24T08:43:53.673+0000] {standard_task_runner.py:72} INFO - Started process 1562 to run task
[2026-01-24T08:43:54.027+0000] {task_command.py:467} INFO - Running <TaskInstance: ETL_json_postgresql.load_data_to_mysql scheduled__2026-01-23T00:00:00+00:00 [running]> on host 0ea653c42ac5
[2026-01-24T08:43:54.285+0000] {taskinstance.py:3134} INFO - Exporting env vars: AIRFLOW_CTX_DAG_OWNER='Bereket Tafesse' AIRFLOW_CTX_DAG_ID='ETL_json_postgresql' AIRFLOW_CTX_TASK_ID='load_data_to_mysql' AIRFLOW_CTX_EXECUTION_DATE='2026-01-23T00:00:00+00:00' AIRFLOW_CTX_TRY_NUMBER='1' AIRFLOW_CTX_DAG_RUN_ID='scheduled__2026-01-23T00:00:00+00:00'
[2026-01-24T08:43:54.290+0000] {logging_mixin.py:190} INFO - Task instance is in running state
[2026-01-24T08:43:54.291+0000] {logging_mixin.py:190} INFO -  Previous state of the Task instance: queued
[2026-01-24T08:43:54.292+0000] {logging_mixin.py:190} INFO - Current task name:load_data_to_mysql state:running start_date:2026-01-24 08:43:53.522209+00:00
[2026-01-24T08:43:54.293+0000] {logging_mixin.py:190} INFO - Dag name:ETL_json_postgresql and current dag run status:running
[2026-01-24T08:43:54.294+0000] {taskinstance.py:732} INFO - ::endgroup::
[2026-01-24T08:44:05.076+0000] {python.py:240} INFO - Done. Returned value was: None
[2026-01-24T08:44:05.092+0000] {taskinstance.py:341} INFO - ::group::Post task execution logs
[2026-01-24T08:44:05.093+0000] {taskinstance.py:353} INFO - Marking task as SUCCESS. dag_id=ETL_json_postgresql, task_id=load_data_to_mysql, run_id=scheduled__2026-01-23T00:00:00+00:00, execution_date=20260123T000000, start_date=20260124T084353, end_date=20260124T084405
[2026-01-24T08:44:05.133+0000] {logging_mixin.py:190} INFO - Task instance in success state
[2026-01-24T08:44:05.134+0000] {logging_mixin.py:190} INFO -  Previous state of the Task instance: running
[2026-01-24T08:44:05.135+0000] {logging_mixin.py:190} INFO - Dag name:ETL_json_postgresql queued_at:2026-01-24 08:43:35.780669+00:00
[2026-01-24T08:44:05.136+0000] {logging_mixin.py:190} INFO - Task hostname:0ea653c42ac5 operator:PythonOperator
[2026-01-24T08:44:05.184+0000] {local_task_job_runner.py:266} INFO - Task exited with return code 0
[2026-01-24T08:44:05.207+0000] {taskinstance.py:3901} INFO - 0 downstream tasks scheduled from follow-on schedule check
[2026-01-24T08:44:05.210+0000] {local_task_job_runner.py:245} INFO - ::endgroup::
