[2026-01-20T14:44:54.443+0000] {local_task_job_runner.py:123} INFO - ::group::Pre task execution logs
[2026-01-20T14:44:54.544+0000] {taskinstance.py:2614} INFO - Dependencies all met for dep_context=non-requeueable deps ti=<TaskInstance: ELT_postgresql.payment_method_analysis scheduled__2026-01-19T00:00:00+00:00 [queued]>
[2026-01-20T14:44:54.587+0000] {taskinstance.py:2614} INFO - Dependencies all met for dep_context=requeueable deps ti=<TaskInstance: ELT_postgresql.payment_method_analysis scheduled__2026-01-19T00:00:00+00:00 [queued]>
[2026-01-20T14:44:54.591+0000] {taskinstance.py:2867} INFO - Starting attempt 1 of 1
[2026-01-20T14:44:54.660+0000] {taskinstance.py:2890} INFO - Executing <Task(BashOperator): payment_method_analysis> on 2026-01-19 00:00:00+00:00
[2026-01-20T14:44:54.691+0000] {warnings.py:112} WARNING - /home/***/.local/lib/python3.12/site-packages/***/task/task_runner/standard_task_runner.py:70: DeprecationWarning: This process (pid=105) is multi-threaded, use of fork() may lead to deadlocks in the child.
  pid = os.fork()

[2026-01-20T14:44:54.701+0000] {standard_task_runner.py:72} INFO - Started process 119 to run task
[2026-01-20T14:44:54.712+0000] {standard_task_runner.py:104} INFO - Running: ['***', 'tasks', 'run', 'ELT_postgresql', 'payment_method_analysis', 'scheduled__2026-01-19T00:00:00+00:00', '--job-id', '9', '--raw', '--subdir', 'DAGS_FOLDER/ETL_postgresql_dag/etl_postgresql.py', '--cfg-path', '/tmp/tmpcqnaepav']
[2026-01-20T14:44:54.717+0000] {standard_task_runner.py:105} INFO - Job 9: Subtask payment_method_analysis
[2026-01-20T14:44:55.163+0000] {task_command.py:467} INFO - Running <TaskInstance: ELT_postgresql.payment_method_analysis scheduled__2026-01-19T00:00:00+00:00 [running]> on host ad5114d9f8bb
[2026-01-20T14:44:57.324+0000] {taskinstance.py:3134} INFO - Exporting env vars: AIRFLOW_CTX_DAG_OWNER='Bereket Tafesse' AIRFLOW_CTX_DAG_ID='ELT_postgresql' AIRFLOW_CTX_TASK_ID='payment_method_analysis' AIRFLOW_CTX_EXECUTION_DATE='2026-01-19T00:00:00+00:00' AIRFLOW_CTX_TRY_NUMBER='1' AIRFLOW_CTX_DAG_RUN_ID='scheduled__2026-01-19T00:00:00+00:00'
[2026-01-20T14:44:57.327+0000] {logging_mixin.py:190} INFO - Task instance is in running state
[2026-01-20T14:44:57.328+0000] {logging_mixin.py:190} INFO -  Previous state of the Task instance: queued
[2026-01-20T14:44:57.329+0000] {logging_mixin.py:190} INFO - Current task name:payment_method_analysis state:running start_date:2026-01-20 14:44:54.546899+00:00
[2026-01-20T14:44:57.331+0000] {logging_mixin.py:190} INFO - Dag name:ELT_postgresql and current dag run status:running
[2026-01-20T14:44:57.333+0000] {taskinstance.py:732} INFO - ::endgroup::
[2026-01-20T14:44:57.335+0000] {subprocess.py:78} INFO - Tmp dir root location: /tmp
[2026-01-20T14:44:57.339+0000] {subprocess.py:88} INFO - Running command: ['/usr/bin/bash', '-c', 'python /opt/***/dags/ETL_postgresql_dag/python_tasks/payment_method_analysis.py']
[2026-01-20T14:44:57.385+0000] {subprocess.py:99} INFO - Output:
[2026-01-20T14:45:08.742+0000] {subprocess.py:106} INFO - Traceback (most recent call last):
[2026-01-20T14:45:08.746+0000] {subprocess.py:106} INFO -   File "/opt/***/dags/ETL_postgresql_dag/python_tasks/payment_method_analysis.py", line 23, in <module>
[2026-01-20T14:45:08.758+0000] {subprocess.py:106} INFO -     staging_payment_method_analysis()
[2026-01-20T14:45:08.761+0000] {subprocess.py:106} INFO -   File "/opt/***/dags/ETL_postgresql_dag/python_tasks/payment_method_analysis.py", line 6, in staging_payment_method_analysis
[2026-01-20T14:45:08.775+0000] {subprocess.py:106} INFO -     postgres_hook.run("""
[2026-01-20T14:45:08.778+0000] {subprocess.py:106} INFO -   File "/home/***/.local/lib/python3.12/site-packages/***/providers/common/sql/hooks/sql.py", line 463, in run
[2026-01-20T14:45:08.781+0000] {subprocess.py:106} INFO -     with self._create_autocommit_connection(autocommit) as conn:
[2026-01-20T14:45:08.783+0000] {subprocess.py:106} INFO -          ^^^^^^^^^^^^^^^^^^^^^^^^^^^^^^^^^^^^^^^^^^^^^^
[2026-01-20T14:45:08.786+0000] {subprocess.py:106} INFO -   File "/usr/local/lib/python3.12/contextlib.py", line 137, in __enter__
[2026-01-20T14:45:08.794+0000] {subprocess.py:106} INFO -     return next(self.gen)
[2026-01-20T14:45:08.797+0000] {subprocess.py:106} INFO -            ^^^^^^^^^^^^^^
[2026-01-20T14:45:08.801+0000] {subprocess.py:106} INFO -   File "/home/***/.local/lib/python3.12/site-packages/***/providers/common/sql/hooks/sql.py", line 576, in _create_autocommit_connection
[2026-01-20T14:45:08.805+0000] {subprocess.py:106} INFO -     with closing(self.get_conn()) as conn:
[2026-01-20T14:45:08.811+0000] {subprocess.py:106} INFO -                  ^^^^^^^^^^^^^^^
[2026-01-20T14:45:08.813+0000] {subprocess.py:106} INFO -   File "/home/***/.local/lib/python3.12/site-packages/***/providers/postgres/hooks/postgres.py", line 141, in get_conn
[2026-01-20T14:45:08.816+0000] {subprocess.py:106} INFO -     conn = deepcopy(self.connection)
[2026-01-20T14:45:08.819+0000] {subprocess.py:106} INFO -                     ^^^^^^^^^^^^^^^
[2026-01-20T14:45:08.821+0000] {subprocess.py:106} INFO -   File "/home/***/.local/lib/python3.12/site-packages/***/providers/common/sql/hooks/sql.py", line 180, in connection
[2026-01-20T14:45:08.824+0000] {subprocess.py:106} INFO -     self._connection = self.get_connection(self.get_conn_id())
[2026-01-20T14:45:08.829+0000] {subprocess.py:106} INFO -                        ^^^^^^^^^^^^^^^^^^^^^^^^^^^^^^^^^^^^^^^
[2026-01-20T14:45:08.831+0000] {subprocess.py:106} INFO -   File "/home/***/.local/lib/python3.12/site-packages/***/hooks/base.py", line 83, in get_connection
[2026-01-20T14:45:08.834+0000] {subprocess.py:106} INFO -     conn = Connection.get_connection_from_secrets(conn_id)
[2026-01-20T14:45:08.837+0000] {subprocess.py:106} INFO -            ^^^^^^^^^^^^^^^^^^^^^^^^^^^^^^^^^^^^^^^^^^^^^^^
[2026-01-20T14:45:08.839+0000] {subprocess.py:106} INFO -   File "/home/***/.local/lib/python3.12/site-packages/***/models/connection.py", line 537, in get_connection_from_secrets
[2026-01-20T14:45:08.843+0000] {subprocess.py:106} INFO -     raise AirflowNotFoundException(f"The conn_id `{conn_id}` isn't defined")
[2026-01-20T14:45:08.848+0000] {subprocess.py:106} INFO - ***.exceptions.AirflowNotFoundException: The conn_id `postgresql_connection` isn't defined
[2026-01-20T14:45:09.684+0000] {subprocess.py:110} INFO - Command exited with return code 1
[2026-01-20T14:45:09.733+0000] {taskinstance.py:3313} ERROR - Task failed with exception
Traceback (most recent call last):
  File "/home/airflow/.local/lib/python3.12/site-packages/airflow/models/taskinstance.py", line 768, in _execute_task
    result = _execute_callable(context=context, **execute_callable_kwargs)
             ^^^^^^^^^^^^^^^^^^^^^^^^^^^^^^^^^^^^^^^^^^^^^^^^^^^^^^^^^^^^^
  File "/home/airflow/.local/lib/python3.12/site-packages/airflow/models/taskinstance.py", line 734, in _execute_callable
    return ExecutionCallableRunner(
           ^^^^^^^^^^^^^^^^^^^^^^^^
  File "/home/airflow/.local/lib/python3.12/site-packages/airflow/utils/operator_helpers.py", line 252, in run
    return self.func(*args, **kwargs)
           ^^^^^^^^^^^^^^^^^^^^^^^^^^
  File "/home/airflow/.local/lib/python3.12/site-packages/airflow/models/baseoperator.py", line 424, in wrapper
    return func(self, *args, **kwargs)
           ^^^^^^^^^^^^^^^^^^^^^^^^^^^
  File "/home/airflow/.local/lib/python3.12/site-packages/airflow/operators/bash.py", line 276, in execute
    raise AirflowException(
airflow.exceptions.AirflowException: Bash command failed. The command returned a non-zero exit code 1.
[2026-01-20T14:45:09.751+0000] {logging_mixin.py:190} INFO - Task instance in failure state
[2026-01-20T14:45:09.754+0000] {logging_mixin.py:190} INFO - Task start:2026-01-20 14:44:54.546899+00:00 end:2026-01-20 14:45:09.748875+00:00 duration:15.201976
[2026-01-20T14:45:09.756+0000] {logging_mixin.py:190} INFO - Task:<Task(BashOperator): payment_method_analysis> dag:<DAG: ELT_postgresql> dagrun:<DagRun ELT_postgresql @ 2026-01-19 00:00:00+00:00: scheduled__2026-01-19T00:00:00+00:00, state:running, queued_at: 2026-01-20 14:44:35.688029+00:00. externally triggered: False>
[2026-01-20T14:45:09.758+0000] {logging_mixin.py:190} INFO - Failure caused by Bash command failed. The command returned a non-zero exit code 1.
[2026-01-20T14:45:09.760+0000] {taskinstance.py:1226} INFO - Marking task as FAILED. dag_id=ELT_postgresql, task_id=payment_method_analysis, run_id=scheduled__2026-01-19T00:00:00+00:00, execution_date=20260119T000000, start_date=20260120T144454, end_date=20260120T144509
[2026-01-20T14:45:09.849+0000] {taskinstance.py:341} INFO - ::group::Post task execution logs
[2026-01-20T14:45:09.851+0000] {standard_task_runner.py:124} ERROR - Failed to execute job 9 for task payment_method_analysis (Bash command failed. The command returned a non-zero exit code 1.; 119)
Traceback (most recent call last):
  File "/home/airflow/.local/lib/python3.12/site-packages/airflow/task/task_runner/standard_task_runner.py", line 117, in _start_by_fork
    ret = args.func(args, dag=self.dag)
          ^^^^^^^^^^^^^^^^^^^^^^^^^^^^^
  File "/home/airflow/.local/lib/python3.12/site-packages/airflow/cli/cli_config.py", line 49, in command
    return func(*args, **kwargs)
           ^^^^^^^^^^^^^^^^^^^^^
  File "/home/airflow/.local/lib/python3.12/site-packages/airflow/utils/cli.py", line 116, in wrapper
    return f(*args, **kwargs)
           ^^^^^^^^^^^^^^^^^^
  File "/home/airflow/.local/lib/python3.12/site-packages/airflow/cli/commands/task_command.py", line 483, in task_run
    task_return_code = _run_task_by_selected_method(args, _dag, ti)
                       ^^^^^^^^^^^^^^^^^^^^^^^^^^^^^^^^^^^^^^^^^^^^
  File "/home/airflow/.local/lib/python3.12/site-packages/airflow/cli/commands/task_command.py", line 256, in _run_task_by_selected_method
    return _run_raw_task(args, ti)
           ^^^^^^^^^^^^^^^^^^^^^^^
  File "/home/airflow/.local/lib/python3.12/site-packages/airflow/cli/commands/task_command.py", line 341, in _run_raw_task
    return ti._run_raw_task(
           ^^^^^^^^^^^^^^^^^
  File "/home/airflow/.local/lib/python3.12/site-packages/airflow/utils/session.py", line 97, in wrapper
    return func(*args, session=session, **kwargs)
           ^^^^^^^^^^^^^^^^^^^^^^^^^^^^^^^^^^^^^^
  File "/home/airflow/.local/lib/python3.12/site-packages/airflow/models/taskinstance.py", line 3006, in _run_raw_task
    return _run_raw_task(
           ^^^^^^^^^^^^^^
  File "/home/airflow/.local/lib/python3.12/site-packages/airflow/models/taskinstance.py", line 274, in _run_raw_task
    TaskInstance._execute_task_with_callbacks(
  File "/home/airflow/.local/lib/python3.12/site-packages/airflow/models/taskinstance.py", line 3161, in _execute_task_with_callbacks
    result = self._execute_task(context, task_orig)
             ^^^^^^^^^^^^^^^^^^^^^^^^^^^^^^^^^^^^^^
  File "/home/airflow/.local/lib/python3.12/site-packages/airflow/models/taskinstance.py", line 3185, in _execute_task
    return _execute_task(self, context, task_orig)
           ^^^^^^^^^^^^^^^^^^^^^^^^^^^^^^^^^^^^^^^
  File "/home/airflow/.local/lib/python3.12/site-packages/airflow/models/taskinstance.py", line 768, in _execute_task
    result = _execute_callable(context=context, **execute_callable_kwargs)
             ^^^^^^^^^^^^^^^^^^^^^^^^^^^^^^^^^^^^^^^^^^^^^^^^^^^^^^^^^^^^^
  File "/home/airflow/.local/lib/python3.12/site-packages/airflow/models/taskinstance.py", line 734, in _execute_callable
    return ExecutionCallableRunner(
           ^^^^^^^^^^^^^^^^^^^^^^^^
  File "/home/airflow/.local/lib/python3.12/site-packages/airflow/utils/operator_helpers.py", line 252, in run
    return self.func(*args, **kwargs)
           ^^^^^^^^^^^^^^^^^^^^^^^^^^
  File "/home/airflow/.local/lib/python3.12/site-packages/airflow/models/baseoperator.py", line 424, in wrapper
    return func(self, *args, **kwargs)
           ^^^^^^^^^^^^^^^^^^^^^^^^^^^
  File "/home/airflow/.local/lib/python3.12/site-packages/airflow/operators/bash.py", line 276, in execute
    raise AirflowException(
airflow.exceptions.AirflowException: Bash command failed. The command returned a non-zero exit code 1.
[2026-01-20T14:45:09.932+0000] {local_task_job_runner.py:266} INFO - Task exited with return code 1
[2026-01-20T14:45:09.975+0000] {taskinstance.py:3901} INFO - 0 downstream tasks scheduled from follow-on schedule check
[2026-01-20T14:45:09.979+0000] {local_task_job_runner.py:245} INFO - ::endgroup::
[2026-01-20T15:22:06.689+0000] {local_task_job_runner.py:123} INFO - ::group::Pre task execution logs
[2026-01-20T15:22:06.810+0000] {taskinstance.py:2614} INFO - Dependencies all met for dep_context=non-requeueable deps ti=<TaskInstance: ELT_postgresql.payment_method_analysis scheduled__2026-01-19T00:00:00+00:00 [queued]>
[2026-01-20T15:22:06.858+0000] {taskinstance.py:2614} INFO - Dependencies all met for dep_context=requeueable deps ti=<TaskInstance: ELT_postgresql.payment_method_analysis scheduled__2026-01-19T00:00:00+00:00 [queued]>
[2026-01-20T15:22:06.861+0000] {taskinstance.py:2867} INFO - Starting attempt 1 of 1
[2026-01-20T15:22:06.937+0000] {taskinstance.py:2890} INFO - Executing <Task(BashOperator): payment_method_analysis> on 2026-01-19 00:00:00+00:00
[2026-01-20T15:22:06.969+0000] {warnings.py:112} WARNING - /home/***/.local/lib/python3.12/site-packages/***/task/task_runner/standard_task_runner.py:70: DeprecationWarning: This process (pid=223) is multi-threaded, use of fork() may lead to deadlocks in the child.
  pid = os.fork()

[2026-01-20T15:22:06.975+0000] {standard_task_runner.py:72} INFO - Started process 237 to run task
[2026-01-20T15:22:06.977+0000] {standard_task_runner.py:104} INFO - Running: ['***', 'tasks', 'run', 'ELT_postgresql', 'payment_method_analysis', 'scheduled__2026-01-19T00:00:00+00:00', '--job-id', '3', '--raw', '--subdir', 'DAGS_FOLDER/ETL_postgresql_dag/etl_postgresql.py', '--cfg-path', '/tmp/tmp9ntm9tbt']
[2026-01-20T15:22:06.982+0000] {standard_task_runner.py:105} INFO - Job 3: Subtask payment_method_analysis
[2026-01-20T15:22:07.414+0000] {task_command.py:467} INFO - Running <TaskInstance: ELT_postgresql.payment_method_analysis scheduled__2026-01-19T00:00:00+00:00 [running]> on host 9de7224434ec
[2026-01-20T15:22:08.030+0000] {taskinstance.py:3134} INFO - Exporting env vars: AIRFLOW_CTX_DAG_OWNER='Bereket Tafesse' AIRFLOW_CTX_DAG_ID='ELT_postgresql' AIRFLOW_CTX_TASK_ID='payment_method_analysis' AIRFLOW_CTX_EXECUTION_DATE='2026-01-19T00:00:00+00:00' AIRFLOW_CTX_TRY_NUMBER='1' AIRFLOW_CTX_DAG_RUN_ID='scheduled__2026-01-19T00:00:00+00:00'
[2026-01-20T15:22:08.040+0000] {logging_mixin.py:190} INFO - Task instance is in running state
[2026-01-20T15:22:08.044+0000] {logging_mixin.py:190} INFO -  Previous state of the Task instance: queued
[2026-01-20T15:22:08.049+0000] {logging_mixin.py:190} INFO - Current task name:payment_method_analysis state:running start_date:2026-01-20 15:22:06.812415+00:00
[2026-01-20T15:22:08.054+0000] {logging_mixin.py:190} INFO - Dag name:ELT_postgresql and current dag run status:running
[2026-01-20T15:22:08.057+0000] {taskinstance.py:732} INFO - ::endgroup::
[2026-01-20T15:22:08.066+0000] {subprocess.py:78} INFO - Tmp dir root location: /tmp
[2026-01-20T15:22:08.072+0000] {subprocess.py:88} INFO - Running command: ['/usr/bin/bash', '-c', 'python /opt/***/dags/ETL_postgresql_dag/python_tasks/payment_method_analysis.py']
[2026-01-20T15:22:08.157+0000] {subprocess.py:99} INFO - Output:
[2026-01-20T15:22:25.370+0000] {subprocess.py:106} INFO - Traceback (most recent call last):
[2026-01-20T15:22:25.377+0000] {subprocess.py:106} INFO -   File "/opt/***/dags/ETL_postgresql_dag/python_tasks/payment_method_analysis.py", line 23, in <module>
[2026-01-20T15:22:25.394+0000] {subprocess.py:106} INFO -     staging_payment_method_analysis()
[2026-01-20T15:22:25.402+0000] {subprocess.py:106} INFO -   File "/opt/***/dags/ETL_postgresql_dag/python_tasks/payment_method_analysis.py", line 6, in staging_payment_method_analysis
[2026-01-20T15:22:25.418+0000] {subprocess.py:106} INFO -     postgres_hook.run("""
[2026-01-20T15:22:25.421+0000] {subprocess.py:106} INFO -   File "/home/***/.local/lib/python3.12/site-packages/***/providers/common/sql/hooks/sql.py", line 463, in run
[2026-01-20T15:22:25.428+0000] {subprocess.py:106} INFO -     with self._create_autocommit_connection(autocommit) as conn:
[2026-01-20T15:22:25.431+0000] {subprocess.py:106} INFO -          ^^^^^^^^^^^^^^^^^^^^^^^^^^^^^^^^^^^^^^^^^^^^^^
[2026-01-20T15:22:25.433+0000] {subprocess.py:106} INFO -   File "/usr/local/lib/python3.12/contextlib.py", line 137, in __enter__
[2026-01-20T15:22:25.440+0000] {subprocess.py:106} INFO -     return next(self.gen)
[2026-01-20T15:22:25.443+0000] {subprocess.py:106} INFO -            ^^^^^^^^^^^^^^
[2026-01-20T15:22:25.446+0000] {subprocess.py:106} INFO -   File "/home/***/.local/lib/python3.12/site-packages/***/providers/common/sql/hooks/sql.py", line 576, in _create_autocommit_connection
[2026-01-20T15:22:25.457+0000] {subprocess.py:106} INFO -     with closing(self.get_conn()) as conn:
[2026-01-20T15:22:25.460+0000] {subprocess.py:106} INFO -                  ^^^^^^^^^^^^^^^
[2026-01-20T15:22:25.465+0000] {subprocess.py:106} INFO -   File "/home/***/.local/lib/python3.12/site-packages/***/providers/postgres/hooks/postgres.py", line 141, in get_conn
[2026-01-20T15:22:25.469+0000] {subprocess.py:106} INFO -     conn = deepcopy(self.connection)
[2026-01-20T15:22:25.473+0000] {subprocess.py:106} INFO -                     ^^^^^^^^^^^^^^^
[2026-01-20T15:22:25.475+0000] {subprocess.py:106} INFO -   File "/home/***/.local/lib/python3.12/site-packages/***/providers/common/sql/hooks/sql.py", line 180, in connection
[2026-01-20T15:22:25.479+0000] {subprocess.py:106} INFO -     self._connection = self.get_connection(self.get_conn_id())
[2026-01-20T15:22:25.490+0000] {subprocess.py:106} INFO -                        ^^^^^^^^^^^^^^^^^^^^^^^^^^^^^^^^^^^^^^^
[2026-01-20T15:22:25.502+0000] {subprocess.py:106} INFO -   File "/home/***/.local/lib/python3.12/site-packages/***/hooks/base.py", line 83, in get_connection
[2026-01-20T15:22:25.508+0000] {subprocess.py:106} INFO -     conn = Connection.get_connection_from_secrets(conn_id)
[2026-01-20T15:22:25.515+0000] {subprocess.py:106} INFO -            ^^^^^^^^^^^^^^^^^^^^^^^^^^^^^^^^^^^^^^^^^^^^^^^
[2026-01-20T15:22:25.518+0000] {subprocess.py:106} INFO -   File "/home/***/.local/lib/python3.12/site-packages/***/models/connection.py", line 537, in get_connection_from_secrets
[2026-01-20T15:22:25.534+0000] {subprocess.py:106} INFO -     raise AirflowNotFoundException(f"The conn_id `{conn_id}` isn't defined")
[2026-01-20T15:22:25.537+0000] {subprocess.py:106} INFO - ***.exceptions.AirflowNotFoundException: The conn_id `postgresql_connection` isn't defined
[2026-01-20T15:22:27.242+0000] {subprocess.py:110} INFO - Command exited with return code 1
[2026-01-20T15:22:27.331+0000] {taskinstance.py:3313} ERROR - Task failed with exception
Traceback (most recent call last):
  File "/home/airflow/.local/lib/python3.12/site-packages/airflow/models/taskinstance.py", line 768, in _execute_task
    result = _execute_callable(context=context, **execute_callable_kwargs)
             ^^^^^^^^^^^^^^^^^^^^^^^^^^^^^^^^^^^^^^^^^^^^^^^^^^^^^^^^^^^^^
  File "/home/airflow/.local/lib/python3.12/site-packages/airflow/models/taskinstance.py", line 734, in _execute_callable
    return ExecutionCallableRunner(
           ^^^^^^^^^^^^^^^^^^^^^^^^
  File "/home/airflow/.local/lib/python3.12/site-packages/airflow/utils/operator_helpers.py", line 252, in run
    return self.func(*args, **kwargs)
           ^^^^^^^^^^^^^^^^^^^^^^^^^^
  File "/home/airflow/.local/lib/python3.12/site-packages/airflow/models/baseoperator.py", line 424, in wrapper
    return func(self, *args, **kwargs)
           ^^^^^^^^^^^^^^^^^^^^^^^^^^^
  File "/home/airflow/.local/lib/python3.12/site-packages/airflow/operators/bash.py", line 276, in execute
    raise AirflowException(
airflow.exceptions.AirflowException: Bash command failed. The command returned a non-zero exit code 1.
[2026-01-20T15:22:27.355+0000] {logging_mixin.py:190} INFO - Task instance in failure state
[2026-01-20T15:22:27.358+0000] {logging_mixin.py:190} INFO - Task start:2026-01-20 15:22:06.812415+00:00 end:2026-01-20 15:22:27.351426+00:00 duration:20.539011
[2026-01-20T15:22:27.361+0000] {logging_mixin.py:190} INFO - Task:<Task(BashOperator): payment_method_analysis> dag:<DAG: ELT_postgresql> dagrun:<DagRun ELT_postgresql @ 2026-01-19 00:00:00+00:00: scheduled__2026-01-19T00:00:00+00:00, state:running, queued_at: 2026-01-20 15:21:43.312612+00:00. externally triggered: False>
[2026-01-20T15:22:27.364+0000] {logging_mixin.py:190} INFO - Failure caused by Bash command failed. The command returned a non-zero exit code 1.
[2026-01-20T15:22:27.366+0000] {taskinstance.py:1226} INFO - Marking task as FAILED. dag_id=ELT_postgresql, task_id=payment_method_analysis, run_id=scheduled__2026-01-19T00:00:00+00:00, execution_date=20260119T000000, start_date=20260120T152206, end_date=20260120T152227
[2026-01-20T15:22:27.566+0000] {taskinstance.py:341} INFO - ::group::Post task execution logs
[2026-01-20T15:22:27.571+0000] {standard_task_runner.py:124} ERROR - Failed to execute job 3 for task payment_method_analysis (Bash command failed. The command returned a non-zero exit code 1.; 237)
Traceback (most recent call last):
  File "/home/airflow/.local/lib/python3.12/site-packages/airflow/task/task_runner/standard_task_runner.py", line 117, in _start_by_fork
    ret = args.func(args, dag=self.dag)
          ^^^^^^^^^^^^^^^^^^^^^^^^^^^^^
  File "/home/airflow/.local/lib/python3.12/site-packages/airflow/cli/cli_config.py", line 49, in command
    return func(*args, **kwargs)
           ^^^^^^^^^^^^^^^^^^^^^
  File "/home/airflow/.local/lib/python3.12/site-packages/airflow/utils/cli.py", line 116, in wrapper
    return f(*args, **kwargs)
           ^^^^^^^^^^^^^^^^^^
  File "/home/airflow/.local/lib/python3.12/site-packages/airflow/cli/commands/task_command.py", line 483, in task_run
    task_return_code = _run_task_by_selected_method(args, _dag, ti)
                       ^^^^^^^^^^^^^^^^^^^^^^^^^^^^^^^^^^^^^^^^^^^^
  File "/home/airflow/.local/lib/python3.12/site-packages/airflow/cli/commands/task_command.py", line 256, in _run_task_by_selected_method
    return _run_raw_task(args, ti)
           ^^^^^^^^^^^^^^^^^^^^^^^
  File "/home/airflow/.local/lib/python3.12/site-packages/airflow/cli/commands/task_command.py", line 341, in _run_raw_task
    return ti._run_raw_task(
           ^^^^^^^^^^^^^^^^^
  File "/home/airflow/.local/lib/python3.12/site-packages/airflow/utils/session.py", line 97, in wrapper
    return func(*args, session=session, **kwargs)
           ^^^^^^^^^^^^^^^^^^^^^^^^^^^^^^^^^^^^^^
  File "/home/airflow/.local/lib/python3.12/site-packages/airflow/models/taskinstance.py", line 3006, in _run_raw_task
    return _run_raw_task(
           ^^^^^^^^^^^^^^
  File "/home/airflow/.local/lib/python3.12/site-packages/airflow/models/taskinstance.py", line 274, in _run_raw_task
    TaskInstance._execute_task_with_callbacks(
  File "/home/airflow/.local/lib/python3.12/site-packages/airflow/models/taskinstance.py", line 3161, in _execute_task_with_callbacks
    result = self._execute_task(context, task_orig)
             ^^^^^^^^^^^^^^^^^^^^^^^^^^^^^^^^^^^^^^
  File "/home/airflow/.local/lib/python3.12/site-packages/airflow/models/taskinstance.py", line 3185, in _execute_task
    return _execute_task(self, context, task_orig)
           ^^^^^^^^^^^^^^^^^^^^^^^^^^^^^^^^^^^^^^^
  File "/home/airflow/.local/lib/python3.12/site-packages/airflow/models/taskinstance.py", line 768, in _execute_task
    result = _execute_callable(context=context, **execute_callable_kwargs)
             ^^^^^^^^^^^^^^^^^^^^^^^^^^^^^^^^^^^^^^^^^^^^^^^^^^^^^^^^^^^^^
  File "/home/airflow/.local/lib/python3.12/site-packages/airflow/models/taskinstance.py", line 734, in _execute_callable
    return ExecutionCallableRunner(
           ^^^^^^^^^^^^^^^^^^^^^^^^
  File "/home/airflow/.local/lib/python3.12/site-packages/airflow/utils/operator_helpers.py", line 252, in run
    return self.func(*args, **kwargs)
           ^^^^^^^^^^^^^^^^^^^^^^^^^^
  File "/home/airflow/.local/lib/python3.12/site-packages/airflow/models/baseoperator.py", line 424, in wrapper
    return func(self, *args, **kwargs)
           ^^^^^^^^^^^^^^^^^^^^^^^^^^^
  File "/home/airflow/.local/lib/python3.12/site-packages/airflow/operators/bash.py", line 276, in execute
    raise AirflowException(
airflow.exceptions.AirflowException: Bash command failed. The command returned a non-zero exit code 1.
[2026-01-20T15:22:27.688+0000] {local_task_job_runner.py:266} INFO - Task exited with return code 1
[2026-01-20T15:22:27.738+0000] {local_task_job_runner.py:245} INFO - ::endgroup::
