[2026-01-24T08:43:53.485+0000] {local_task_job_runner.py:123} INFO - ::group::Pre task execution logs
[2026-01-24T08:43:53.519+0000] {taskinstance.py:2614} INFO - Dependencies all met for dep_context=non-requeueable deps ti=<TaskInstance: ELT_postgresql.payment_method_analysis scheduled__2026-01-23T00:00:00+00:00 [queued]>
[2026-01-24T08:43:53.536+0000] {taskinstance.py:2614} INFO - Dependencies all met for dep_context=requeueable deps ti=<TaskInstance: ELT_postgresql.payment_method_analysis scheduled__2026-01-23T00:00:00+00:00 [queued]>
[2026-01-24T08:43:53.537+0000] {taskinstance.py:2867} INFO - Starting attempt 1 of 1
[2026-01-24T08:43:53.564+0000] {taskinstance.py:2890} INFO - Executing <Task(BashOperator): payment_method_analysis> on 2026-01-23 00:00:00+00:00
[2026-01-24T08:43:53.617+0000] {warnings.py:112} WARNING - /home/***/.local/lib/python3.12/site-packages/***/task/task_runner/standard_task_runner.py:70: DeprecationWarning: This process (pid=1557) is multi-threaded, use of fork() may lead to deadlocks in the child.
  pid = os.fork()

[2026-01-24T08:43:53.651+0000] {standard_task_runner.py:72} INFO - Started process 1563 to run task
[2026-01-24T08:43:53.667+0000] {standard_task_runner.py:104} INFO - Running: ['***', 'tasks', 'run', 'ELT_postgresql', 'payment_method_analysis', 'scheduled__2026-01-23T00:00:00+00:00', '--job-id', '57', '--raw', '--subdir', 'DAGS_FOLDER/ETL_postgresql_dag/etl_postgresql.py', '--cfg-path', '/tmp/tmpsphnau4u']
[2026-01-24T08:43:53.670+0000] {standard_task_runner.py:105} INFO - Job 57: Subtask payment_method_analysis
[2026-01-24T08:43:54.029+0000] {task_command.py:467} INFO - Running <TaskInstance: ELT_postgresql.payment_method_analysis scheduled__2026-01-23T00:00:00+00:00 [running]> on host 0ea653c42ac5
[2026-01-24T08:43:54.301+0000] {taskinstance.py:3134} INFO - Exporting env vars: AIRFLOW_CTX_DAG_OWNER='Bereket Tafesse' AIRFLOW_CTX_DAG_ID='ELT_postgresql' AIRFLOW_CTX_TASK_ID='payment_method_analysis' AIRFLOW_CTX_EXECUTION_DATE='2026-01-23T00:00:00+00:00' AIRFLOW_CTX_TRY_NUMBER='1' AIRFLOW_CTX_DAG_RUN_ID='scheduled__2026-01-23T00:00:00+00:00'
[2026-01-24T08:43:54.311+0000] {logging_mixin.py:190} INFO - Task instance is in running state
[2026-01-24T08:43:54.312+0000] {logging_mixin.py:190} INFO -  Previous state of the Task instance: queued
[2026-01-24T08:43:54.313+0000] {logging_mixin.py:190} INFO - Current task name:payment_method_analysis state:running start_date:2026-01-24 08:43:53.520346+00:00
[2026-01-24T08:43:54.314+0000] {logging_mixin.py:190} INFO - Dag name:ELT_postgresql and current dag run status:running
[2026-01-24T08:43:54.315+0000] {taskinstance.py:732} INFO - ::endgroup::
[2026-01-24T08:43:54.323+0000] {subprocess.py:78} INFO - Tmp dir root location: /tmp
[2026-01-24T08:43:54.327+0000] {subprocess.py:88} INFO - Running command: ['/usr/bin/bash', '-c', 'python /opt/***/dags/ETL_postgresql_dag/python_tasks/payment_method_analysis.py']
[2026-01-24T08:43:54.350+0000] {subprocess.py:99} INFO - Output:
[2026-01-24T08:44:00.392+0000] {subprocess.py:106} INFO - [2026-01-24T08:44:00.390+0000] {base.py:84} INFO - Retrieving connection 'postgresql_connection'
[2026-01-24T08:44:00.398+0000] {subprocess.py:106} INFO - [2026-01-24T08:44:00.398+0000] {sql.py:511} INFO - Running statement:
[2026-01-24T08:44:00.399+0000] {subprocess.py:106} INFO -         DROP TABLE IF EXISTS payment_method_analysis;
[2026-01-24T08:44:00.400+0000] {subprocess.py:106} INFO - 
[2026-01-24T08:44:00.400+0000] {subprocess.py:106} INFO -         CREATE TABLE payment_method_analysis AS
[2026-01-24T08:44:00.401+0000] {subprocess.py:106} INFO -         SELECT
[2026-01-24T08:44:00.402+0000] {subprocess.py:106} INFO -             payment_method,
[2026-01-24T08:44:00.403+0000] {subprocess.py:106} INFO -             COUNT(DISTINCT transaction_id) AS total_transactions,
[2026-01-24T08:44:00.404+0000] {subprocess.py:106} INFO -             SUM(total_amount) AS total_sales_amount,
[2026-01-24T08:44:00.404+0000] {subprocess.py:106} INFO -             AVG(discount_applied) AS average_discount,
[2026-01-24T08:44:00.405+0000] {subprocess.py:106} INFO -             SUM(CASE WHEN return_status = 'Returned' THEN 1 ELSE 0 END)::FLOAT
[2026-01-24T08:44:00.406+0000] {subprocess.py:106} INFO -                 / COUNT(DISTINCT transaction_id) AS return_rate,
[2026-01-24T08:44:00.406+0000] {subprocess.py:106} INFO -             AVG(total_quantity_sold) AS average_items_per_transaction
[2026-01-24T08:44:00.407+0000] {subprocess.py:106} INFO -         FROM exploded_products
[2026-01-24T08:44:00.408+0000] {subprocess.py:106} INFO -         GROUP BY payment_method;
[2026-01-24T08:44:00.409+0000] {subprocess.py:106} INFO -     , parameters: None
[2026-01-24T08:44:01.199+0000] {subprocess.py:106} INFO - [2026-01-24T08:44:01.198+0000] {sql.py:520} INFO - Rows affected: 7
[2026-01-24T08:44:01.758+0000] {subprocess.py:110} INFO - Command exited with return code 0
[2026-01-24T08:44:01.810+0000] {taskinstance.py:341} INFO - ::group::Post task execution logs
[2026-01-24T08:44:01.811+0000] {taskinstance.py:353} INFO - Marking task as SUCCESS. dag_id=ELT_postgresql, task_id=payment_method_analysis, run_id=scheduled__2026-01-23T00:00:00+00:00, execution_date=20260123T000000, start_date=20260124T084353, end_date=20260124T084401
[2026-01-24T08:44:01.889+0000] {logging_mixin.py:190} INFO - Task instance in success state
[2026-01-24T08:44:01.893+0000] {logging_mixin.py:190} INFO -  Previous state of the Task instance: running
[2026-01-24T08:44:01.896+0000] {logging_mixin.py:190} INFO - Dag name:ELT_postgresql queued_at:2026-01-24 08:43:35.579061+00:00
[2026-01-24T08:44:01.898+0000] {logging_mixin.py:190} INFO - Task hostname:0ea653c42ac5 operator:BashOperator
[2026-01-24T08:44:01.948+0000] {local_task_job_runner.py:266} INFO - Task exited with return code 0
[2026-01-24T08:44:01.964+0000] {local_task_job_runner.py:245} INFO - ::endgroup::
