[2026-03-22T00:01:11.626+0000] {local_task_job_runner.py:123} INFO - ::group::Pre task execution logs
[2026-03-22T00:01:11.929+0000] {taskinstance.py:2614} INFO - Dependencies all met for dep_context=non-requeueable deps ti=<TaskInstance: ELT_postgresql.daily_sales_country_currency scheduled__2026-03-21T00:00:00+00:00 [queued]>
[2026-03-22T00:01:12.115+0000] {taskinstance.py:2614} INFO - Dependencies all met for dep_context=requeueable deps ti=<TaskInstance: ELT_postgresql.daily_sales_country_currency scheduled__2026-03-21T00:00:00+00:00 [queued]>
[2026-03-22T00:01:12.118+0000] {taskinstance.py:2867} INFO - Starting attempt 1 of 1
[2026-03-22T00:01:12.283+0000] {taskinstance.py:2890} INFO - Executing <Task(BashOperator): daily_sales_country_currency> on 2026-03-21 00:00:00+00:00
[2026-03-22T00:01:12.509+0000] {warnings.py:112} WARNING - /home/***/.local/lib/python3.12/site-packages/***/task/task_runner/standard_task_runner.py:70: DeprecationWarning: This process (pid=21373) is multi-threaded, use of fork() may lead to deadlocks in the child.
  pid = os.fork()

[2026-03-22T00:01:12.546+0000] {standard_task_runner.py:72} INFO - Started process 21398 to run task
[2026-03-22T00:01:12.619+0000] {standard_task_runner.py:104} INFO - Running: ['***', 'tasks', 'run', 'ELT_postgresql', 'daily_sales_country_currency', 'scheduled__2026-03-21T00:00:00+00:00', '--job-id', '183', '--raw', '--subdir', 'DAGS_FOLDER/ETL_postgresql_dag/etl_postgresql.py', '--cfg-path', '/tmp/tmptbdqawh3']
[2026-03-22T00:01:12.644+0000] {standard_task_runner.py:105} INFO - Job 183: Subtask daily_sales_country_currency
[2026-03-22T00:01:14.259+0000] {task_command.py:467} INFO - Running <TaskInstance: ELT_postgresql.daily_sales_country_currency scheduled__2026-03-21T00:00:00+00:00 [running]> on host 11702db3a8b2
[2026-03-22T00:01:16.278+0000] {taskinstance.py:3134} INFO - Exporting env vars: AIRFLOW_CTX_DAG_OWNER='Bereket Tafesse' AIRFLOW_CTX_DAG_ID='ELT_postgresql' AIRFLOW_CTX_TASK_ID='daily_sales_country_currency' AIRFLOW_CTX_EXECUTION_DATE='2026-03-21T00:00:00+00:00' AIRFLOW_CTX_TRY_NUMBER='1' AIRFLOW_CTX_DAG_RUN_ID='scheduled__2026-03-21T00:00:00+00:00'
[2026-03-22T00:01:16.299+0000] {logging_mixin.py:190} INFO - Task instance is in running state
[2026-03-22T00:01:16.303+0000] {logging_mixin.py:190} INFO -  Previous state of the Task instance: queued
[2026-03-22T00:01:16.309+0000] {logging_mixin.py:190} INFO - Current task name:daily_sales_country_currency state:running start_date:2026-03-22 00:01:11.955821+00:00
[2026-03-22T00:01:16.314+0000] {logging_mixin.py:190} INFO - Dag name:ELT_postgresql and current dag run status:running
[2026-03-22T00:01:16.332+0000] {taskinstance.py:732} INFO - ::endgroup::
[2026-03-22T00:01:16.449+0000] {subprocess.py:78} INFO - Tmp dir root location: /tmp
[2026-03-22T00:01:16.866+0000] {subprocess.py:88} INFO - Running command: ['/usr/bin/bash', '-c', 'python /opt/***/dags/ETL_postgresql_dag/python_tasks/daily_sales_country_currency.py']
[2026-03-22T00:01:17.841+0000] {subprocess.py:99} INFO - Output:
[2026-03-22T00:01:52.626+0000] {job.py:229} INFO - Heartbeat recovered after 16.33 seconds
[2026-03-22T00:02:37.812+0000] {job.py:229} INFO - Heartbeat recovered after 10.54 seconds
[2026-03-22T00:02:57.589+0000] {job.py:229} INFO - Heartbeat recovered after 11.18 seconds
[2026-03-22T00:03:21.129+0000] {subprocess.py:106} INFO - [2026-03-22T00:03:20.136+0000] {base.py:84} INFO - Retrieving connection 'postgresql_connection'
[2026-03-22T00:03:23.882+0000] {subprocess.py:106} INFO - [2026-03-22T00:03:21.391+0000] {sql.py:511} INFO - Running statement:
[2026-03-22T00:03:23.975+0000] {subprocess.py:106} INFO -         DROP TABLE IF EXISTS daily_sales_country_currency;
[2026-03-22T00:03:24.043+0000] {subprocess.py:106} INFO - 
[2026-03-22T00:03:24.223+0000] {subprocess.py:106} INFO -         CREATE TABLE daily_sales_country_currency AS
[2026-03-22T00:03:24.528+0000] {subprocess.py:106} INFO -         SELECT
[2026-03-22T00:03:24.640+0000] {subprocess.py:106} INFO -             DATE(purchase_timestamp) AS purchase_date,
[2026-03-22T00:03:24.691+0000] {subprocess.py:106} INFO -             store_country,
[2026-03-22T00:03:24.752+0000] {subprocess.py:106} INFO -             currency,
[2026-03-22T00:03:24.796+0000] {subprocess.py:106} INFO -             SUM(total_amount) AS daily_total_sales,
[2026-03-22T00:03:24.805+0000] {subprocess.py:106} INFO -             COUNT(DISTINCT transaction_id) AS number_of_transactions,
[2026-03-22T00:03:25.018+0000] {subprocess.py:106} INFO -             AVG(total_amount) AS average_transaction_value
[2026-03-22T00:03:25.029+0000] {subprocess.py:106} INFO -         FROM exploded_products
[2026-03-22T00:03:25.164+0000] {subprocess.py:106} INFO -         GROUP BY DATE(purchase_timestamp), store_country, currency;
[2026-03-22T00:03:25.320+0000] {subprocess.py:106} INFO -     , parameters: None
[2026-03-22T00:03:46.668+0000] {subprocess.py:106} INFO - [2026-03-22T00:03:46.650+0000] {sql.py:520} INFO - Rows affected: 15474
[2026-03-22T00:04:05.031+0000] {subprocess.py:110} INFO - Command exited with return code 0
[2026-03-22T00:04:19.774+0000] {taskinstance.py:341} INFO - ::group::Post task execution logs
[2026-03-22T00:04:19.817+0000] {taskinstance.py:353} INFO - Marking task as SUCCESS. dag_id=ELT_postgresql, task_id=daily_sales_country_currency, run_id=scheduled__2026-03-21T00:00:00+00:00, execution_date=20260321T000000, start_date=20260322T000111, end_date=20260322T000419
[2026-03-22T00:04:20.761+0000] {logging_mixin.py:190} INFO - Task instance in success state
[2026-03-22T00:04:20.767+0000] {logging_mixin.py:190} INFO -  Previous state of the Task instance: running
[2026-03-22T00:04:20.772+0000] {logging_mixin.py:190} INFO - Dag name:ELT_postgresql queued_at:2026-03-22 00:00:15.107536+00:00
[2026-03-22T00:04:20.776+0000] {logging_mixin.py:190} INFO - Task hostname:11702db3a8b2 operator:BashOperator
[2026-03-22T00:04:21.857+0000] {local_task_job_runner.py:266} INFO - Task exited with return code 0
[2026-03-22T00:04:22.365+0000] {local_task_job_runner.py:245} INFO - ::endgroup::
