[2026-01-21T02:27:29.690+0000] {local_task_job_runner.py:123} INFO - ::group::Pre task execution logs
[2026-01-21T02:27:29.746+0000] {taskinstance.py:2614} INFO - Dependencies all met for dep_context=non-requeueable deps ti=<TaskInstance: ELT_postgresql.payment_method_analysis scheduled__2026-01-20T00:00:00+00:00 [queued]>
[2026-01-21T02:27:29.764+0000] {taskinstance.py:2614} INFO - Dependencies all met for dep_context=requeueable deps ti=<TaskInstance: ELT_postgresql.payment_method_analysis scheduled__2026-01-20T00:00:00+00:00 [queued]>
[2026-01-21T02:27:29.766+0000] {taskinstance.py:2867} INFO - Starting attempt 1 of 1
[2026-01-21T02:27:29.802+0000] {taskinstance.py:2890} INFO - Executing <Task(BashOperator): payment_method_analysis> on 2026-01-20 00:00:00+00:00
[2026-01-21T02:27:29.875+0000] {standard_task_runner.py:104} INFO - Running: ['***', 'tasks', 'run', 'ELT_postgresql', 'payment_method_analysis', 'scheduled__2026-01-20T00:00:00+00:00', '--job-id', '30', '--raw', '--subdir', 'DAGS_FOLDER/ETL_postgresql_dag/etl_postgresql.py', '--cfg-path', '/tmp/tmphtfty2at']
[2026-01-21T02:27:29.891+0000] {standard_task_runner.py:105} INFO - Job 30: Subtask payment_method_analysis
[2026-01-21T02:27:29.871+0000] {warnings.py:112} WARNING - /home/***/.local/lib/python3.12/site-packages/***/task/task_runner/standard_task_runner.py:70: DeprecationWarning: This process (pid=3543) is multi-threaded, use of fork() may lead to deadlocks in the child.
  pid = os.fork()

[2026-01-21T02:27:29.893+0000] {standard_task_runner.py:72} INFO - Started process 3551 to run task
[2026-01-21T02:27:30.281+0000] {task_command.py:467} INFO - Running <TaskInstance: ELT_postgresql.payment_method_analysis scheduled__2026-01-20T00:00:00+00:00 [running]> on host 1bbd73b39365
[2026-01-21T02:27:30.667+0000] {taskinstance.py:3134} INFO - Exporting env vars: AIRFLOW_CTX_DAG_OWNER='Bereket Tafesse' AIRFLOW_CTX_DAG_ID='ELT_postgresql' AIRFLOW_CTX_TASK_ID='payment_method_analysis' AIRFLOW_CTX_EXECUTION_DATE='2026-01-20T00:00:00+00:00' AIRFLOW_CTX_TRY_NUMBER='1' AIRFLOW_CTX_DAG_RUN_ID='scheduled__2026-01-20T00:00:00+00:00'
[2026-01-21T02:27:30.671+0000] {logging_mixin.py:190} INFO - Task instance is in running state
[2026-01-21T02:27:30.671+0000] {logging_mixin.py:190} INFO -  Previous state of the Task instance: queued
[2026-01-21T02:27:30.673+0000] {logging_mixin.py:190} INFO - Current task name:payment_method_analysis state:running start_date:2026-01-21 02:27:29.748528+00:00
[2026-01-21T02:27:30.674+0000] {logging_mixin.py:190} INFO - Dag name:ELT_postgresql and current dag run status:running
[2026-01-21T02:27:30.675+0000] {taskinstance.py:732} INFO - ::endgroup::
[2026-01-21T02:27:30.678+0000] {subprocess.py:78} INFO - Tmp dir root location: /tmp
[2026-01-21T02:27:30.681+0000] {subprocess.py:88} INFO - Running command: ['/usr/bin/bash', '-c', 'python /opt/***/dags/ETL_postgresql_dag/python_tasks/payment_method_analysis.py']
[2026-01-21T02:27:30.752+0000] {subprocess.py:99} INFO - Output:
[2026-01-21T02:27:43.657+0000] {subprocess.py:106} INFO - [2026-01-21T02:27:43.646+0000] {base.py:84} INFO - Retrieving connection 'postgresql_connection'
[2026-01-21T02:27:43.690+0000] {subprocess.py:106} INFO - [2026-01-21T02:27:43.665+0000] {sql.py:511} INFO - Running statement:
[2026-01-21T02:27:43.697+0000] {subprocess.py:106} INFO -         DROP TABLE IF EXISTS payment_method_analysis;
[2026-01-21T02:27:43.716+0000] {subprocess.py:106} INFO - 
[2026-01-21T02:27:43.733+0000] {subprocess.py:106} INFO -         CREATE TABLE payment_method_analysis AS
[2026-01-21T02:27:43.750+0000] {subprocess.py:106} INFO -         SELECT
[2026-01-21T02:27:43.760+0000] {subprocess.py:106} INFO -             payment_method,
[2026-01-21T02:27:43.771+0000] {subprocess.py:106} INFO -             COUNT(DISTINCT transaction_id) AS total_transactions,
[2026-01-21T02:27:43.784+0000] {subprocess.py:106} INFO -             SUM(total_amount) AS total_sales_amount,
[2026-01-21T02:27:43.793+0000] {subprocess.py:106} INFO -             AVG(discount_applied) AS average_discount,
[2026-01-21T02:27:43.813+0000] {subprocess.py:106} INFO -             SUM(CASE WHEN return_status = 'Returned' THEN 1 ELSE 0 END)::FLOAT
[2026-01-21T02:27:43.836+0000] {subprocess.py:106} INFO -                 / COUNT(DISTINCT transaction_id) AS return_rate,
[2026-01-21T02:27:43.852+0000] {subprocess.py:106} INFO -             AVG(total_quantity_sold) AS average_items_per_transaction
[2026-01-21T02:27:43.870+0000] {subprocess.py:106} INFO -         FROM exploded_products
[2026-01-21T02:27:43.889+0000] {subprocess.py:106} INFO -         GROUP BY payment_method;
[2026-01-21T02:27:43.901+0000] {subprocess.py:106} INFO -     , parameters: None
[2026-01-21T02:27:43.914+0000] {subprocess.py:106} INFO - [2026-01-21T02:27:43.682+0000] {sql.py:520} INFO - Rows affected: 0
[2026-01-21T02:27:44.579+0000] {subprocess.py:110} INFO - Command exited with return code 0
[2026-01-21T02:27:45.139+0000] {taskinstance.py:341} INFO - ::group::Post task execution logs
[2026-01-21T02:27:45.153+0000] {taskinstance.py:353} INFO - Marking task as SUCCESS. dag_id=ELT_postgresql, task_id=payment_method_analysis, run_id=scheduled__2026-01-20T00:00:00+00:00, execution_date=20260120T000000, start_date=20260121T022729, end_date=20260121T022745
[2026-01-21T02:27:45.374+0000] {logging_mixin.py:190} INFO - Task instance in success state
[2026-01-21T02:27:45.377+0000] {logging_mixin.py:190} INFO -  Previous state of the Task instance: running
[2026-01-21T02:27:45.379+0000] {logging_mixin.py:190} INFO - Dag name:ELT_postgresql queued_at:2026-01-21 02:27:08.022207+00:00
[2026-01-21T02:27:45.380+0000] {logging_mixin.py:190} INFO - Task hostname:1bbd73b39365 operator:BashOperator
[2026-01-21T02:27:45.559+0000] {local_task_job_runner.py:266} INFO - Task exited with return code 0
[2026-01-21T02:27:45.875+0000] {taskinstance.py:3901} INFO - 0 downstream tasks scheduled from follow-on schedule check
[2026-01-21T02:27:45.881+0000] {local_task_job_runner.py:245} INFO - ::endgroup::
