[2026-02-21T10:25:08.052+0000] {processor.py:186} INFO - Started process (PID=84) to work on /home/airflow/.local/lib/python3.12/site-packages/airflow/example_dags/example_complex.py
[2026-02-21T10:25:08.060+0000] {processor.py:914} INFO - Processing file /home/airflow/.local/lib/python3.12/site-packages/airflow/example_dags/example_complex.py for tasks to queue
[2026-02-21T10:25:08.081+0000] {logging_mixin.py:190} INFO - [2026-02-21T10:25:08.079+0000] {dagbag.py:588} INFO - Filling up the DagBag from /home/airflow/.local/lib/python3.12/site-packages/airflow/example_dags/example_complex.py
[2026-02-21T10:25:08.242+0000] {processor.py:925} INFO - DAG(s) 'example_complex' retrieved from /home/airflow/.local/lib/python3.12/site-packages/airflow/example_dags/example_complex.py
[2026-02-21T10:25:08.613+0000] {logging_mixin.py:190} INFO - [2026-02-21T10:25:08.612+0000] {dag.py:3239} INFO - Sync 1 DAGs
[2026-02-21T10:25:08.698+0000] {logging_mixin.py:190} INFO - [2026-02-21T10:25:08.697+0000] {dag.py:4180} INFO - Setting next_dagrun for example_complex to None, run_after=None
[2026-02-21T10:25:08.796+0000] {processor.py:208} INFO - Processing /home/airflow/.local/lib/python3.12/site-packages/airflow/example_dags/example_complex.py took 0.789 seconds
[2026-02-21T12:34:15.174+0000] {processor.py:186} INFO - Started process (PID=72) to work on /home/airflow/.local/lib/python3.12/site-packages/airflow/example_dags/example_complex.py
[2026-02-21T12:34:15.178+0000] {processor.py:914} INFO - Processing file /home/airflow/.local/lib/python3.12/site-packages/airflow/example_dags/example_complex.py for tasks to queue
[2026-02-21T12:34:15.185+0000] {logging_mixin.py:190} INFO - [2026-02-21T12:34:15.184+0000] {dagbag.py:588} INFO - Filling up the DagBag from /home/airflow/.local/lib/python3.12/site-packages/airflow/example_dags/example_complex.py
[2026-02-21T12:34:15.221+0000] {processor.py:925} INFO - DAG(s) 'example_complex' retrieved from /home/airflow/.local/lib/python3.12/site-packages/airflow/example_dags/example_complex.py
[2026-02-21T12:34:15.319+0000] {logging_mixin.py:190} INFO - [2026-02-21T12:34:15.318+0000] {dag.py:3239} INFO - Sync 1 DAGs
[2026-02-21T12:34:15.354+0000] {logging_mixin.py:190} INFO - [2026-02-21T12:34:15.353+0000] {dag.py:4180} INFO - Setting next_dagrun for example_complex to None, run_after=None
[2026-02-21T12:34:15.402+0000] {processor.py:208} INFO - Processing /home/airflow/.local/lib/python3.12/site-packages/airflow/example_dags/example_complex.py took 0.245 seconds
[2026-02-21T12:34:46.152+0000] {processor.py:186} INFO - Started process (PID=136) to work on /home/airflow/.local/lib/python3.12/site-packages/airflow/example_dags/example_complex.py
[2026-02-21T12:34:46.158+0000] {processor.py:914} INFO - Processing file /home/airflow/.local/lib/python3.12/site-packages/airflow/example_dags/example_complex.py for tasks to queue
[2026-02-21T12:34:46.166+0000] {logging_mixin.py:190} INFO - [2026-02-21T12:34:46.165+0000] {dagbag.py:588} INFO - Filling up the DagBag from /home/airflow/.local/lib/python3.12/site-packages/airflow/example_dags/example_complex.py
[2026-02-21T12:34:46.216+0000] {processor.py:925} INFO - DAG(s) 'example_complex' retrieved from /home/airflow/.local/lib/python3.12/site-packages/airflow/example_dags/example_complex.py
[2026-02-21T12:34:46.353+0000] {logging_mixin.py:190} INFO - [2026-02-21T12:34:46.352+0000] {dag.py:3239} INFO - Sync 1 DAGs
[2026-02-21T12:34:46.396+0000] {logging_mixin.py:190} INFO - [2026-02-21T12:34:46.395+0000] {dag.py:4180} INFO - Setting next_dagrun for example_complex to None, run_after=None
[2026-02-21T12:34:46.461+0000] {processor.py:208} INFO - Processing /home/airflow/.local/lib/python3.12/site-packages/airflow/example_dags/example_complex.py took 0.333 seconds
[2026-02-21T12:35:17.036+0000] {processor.py:186} INFO - Started process (PID=201) to work on /home/airflow/.local/lib/python3.12/site-packages/airflow/example_dags/example_complex.py
[2026-02-21T12:35:17.041+0000] {processor.py:914} INFO - Processing file /home/airflow/.local/lib/python3.12/site-packages/airflow/example_dags/example_complex.py for tasks to queue
[2026-02-21T12:35:17.051+0000] {logging_mixin.py:190} INFO - [2026-02-21T12:35:17.050+0000] {dagbag.py:588} INFO - Filling up the DagBag from /home/airflow/.local/lib/python3.12/site-packages/airflow/example_dags/example_complex.py
[2026-02-21T12:35:17.110+0000] {processor.py:925} INFO - DAG(s) 'example_complex' retrieved from /home/airflow/.local/lib/python3.12/site-packages/airflow/example_dags/example_complex.py
[2026-02-21T12:35:17.254+0000] {logging_mixin.py:190} INFO - [2026-02-21T12:35:17.253+0000] {dag.py:3239} INFO - Sync 1 DAGs
[2026-02-21T12:35:17.323+0000] {logging_mixin.py:190} INFO - [2026-02-21T12:35:17.322+0000] {dag.py:4180} INFO - Setting next_dagrun for example_complex to None, run_after=None
[2026-02-21T12:35:17.406+0000] {processor.py:208} INFO - Processing /home/airflow/.local/lib/python3.12/site-packages/airflow/example_dags/example_complex.py took 0.391 seconds
[2026-02-21T12:35:47.680+0000] {processor.py:186} INFO - Started process (PID=266) to work on /home/airflow/.local/lib/python3.12/site-packages/airflow/example_dags/example_complex.py
[2026-02-21T12:35:47.683+0000] {processor.py:914} INFO - Processing file /home/airflow/.local/lib/python3.12/site-packages/airflow/example_dags/example_complex.py for tasks to queue
[2026-02-21T12:35:47.691+0000] {logging_mixin.py:190} INFO - [2026-02-21T12:35:47.690+0000] {dagbag.py:588} INFO - Filling up the DagBag from /home/airflow/.local/lib/python3.12/site-packages/airflow/example_dags/example_complex.py
[2026-02-21T12:35:47.727+0000] {processor.py:925} INFO - DAG(s) 'example_complex' retrieved from /home/airflow/.local/lib/python3.12/site-packages/airflow/example_dags/example_complex.py
[2026-02-21T12:35:47.817+0000] {logging_mixin.py:190} INFO - [2026-02-21T12:35:47.817+0000] {dag.py:3239} INFO - Sync 1 DAGs
[2026-02-21T12:35:47.855+0000] {logging_mixin.py:190} INFO - [2026-02-21T12:35:47.855+0000] {dag.py:4180} INFO - Setting next_dagrun for example_complex to None, run_after=None
[2026-02-21T12:35:47.916+0000] {processor.py:208} INFO - Processing /home/airflow/.local/lib/python3.12/site-packages/airflow/example_dags/example_complex.py took 0.252 seconds
[2026-02-21T12:36:25.046+0000] {processor.py:186} INFO - Started process (PID=332) to work on /home/airflow/.local/lib/python3.12/site-packages/airflow/example_dags/example_complex.py
[2026-02-21T12:36:25.050+0000] {processor.py:914} INFO - Processing file /home/airflow/.local/lib/python3.12/site-packages/airflow/example_dags/example_complex.py for tasks to queue
[2026-02-21T12:36:25.079+0000] {logging_mixin.py:190} INFO - [2026-02-21T12:36:25.077+0000] {dagbag.py:588} INFO - Filling up the DagBag from /home/airflow/.local/lib/python3.12/site-packages/airflow/example_dags/example_complex.py
[2026-02-21T12:36:25.289+0000] {processor.py:925} INFO - DAG(s) 'example_complex' retrieved from /home/airflow/.local/lib/python3.12/site-packages/airflow/example_dags/example_complex.py
[2026-02-21T12:36:25.761+0000] {logging_mixin.py:190} INFO - [2026-02-21T12:36:25.754+0000] {dag.py:3239} INFO - Sync 1 DAGs
[2026-02-21T12:36:25.961+0000] {logging_mixin.py:190} INFO - [2026-02-21T12:36:25.959+0000] {dag.py:4180} INFO - Setting next_dagrun for example_complex to None, run_after=None
[2026-02-21T12:36:26.195+0000] {processor.py:208} INFO - Processing /home/airflow/.local/lib/python3.12/site-packages/airflow/example_dags/example_complex.py took 1.243 seconds
[2026-02-21T12:37:04.988+0000] {processor.py:186} INFO - Started process (PID=402) to work on /home/airflow/.local/lib/python3.12/site-packages/airflow/example_dags/example_complex.py
[2026-02-21T12:37:04.994+0000] {processor.py:914} INFO - Processing file /home/airflow/.local/lib/python3.12/site-packages/airflow/example_dags/example_complex.py for tasks to queue
[2026-02-21T12:37:05.020+0000] {logging_mixin.py:190} INFO - [2026-02-21T12:37:05.016+0000] {dagbag.py:588} INFO - Filling up the DagBag from /home/airflow/.local/lib/python3.12/site-packages/airflow/example_dags/example_complex.py
[2026-02-21T12:37:05.109+0000] {processor.py:925} INFO - DAG(s) 'example_complex' retrieved from /home/airflow/.local/lib/python3.12/site-packages/airflow/example_dags/example_complex.py
[2026-02-21T12:37:05.412+0000] {logging_mixin.py:190} INFO - [2026-02-21T12:37:05.410+0000] {dag.py:3239} INFO - Sync 1 DAGs
[2026-02-21T12:37:05.558+0000] {logging_mixin.py:190} INFO - [2026-02-21T12:37:05.557+0000] {dag.py:4180} INFO - Setting next_dagrun for example_complex to None, run_after=None
[2026-02-21T12:37:05.701+0000] {processor.py:208} INFO - Processing /home/airflow/.local/lib/python3.12/site-packages/airflow/example_dags/example_complex.py took 0.762 seconds
[2026-02-21T12:37:36.353+0000] {processor.py:186} INFO - Started process (PID=467) to work on /home/airflow/.local/lib/python3.12/site-packages/airflow/example_dags/example_complex.py
[2026-02-21T12:37:36.356+0000] {processor.py:914} INFO - Processing file /home/airflow/.local/lib/python3.12/site-packages/airflow/example_dags/example_complex.py for tasks to queue
[2026-02-21T12:37:36.364+0000] {logging_mixin.py:190} INFO - [2026-02-21T12:37:36.363+0000] {dagbag.py:588} INFO - Filling up the DagBag from /home/airflow/.local/lib/python3.12/site-packages/airflow/example_dags/example_complex.py
[2026-02-21T12:37:36.413+0000] {processor.py:925} INFO - DAG(s) 'example_complex' retrieved from /home/airflow/.local/lib/python3.12/site-packages/airflow/example_dags/example_complex.py
[2026-02-21T12:37:36.516+0000] {logging_mixin.py:190} INFO - [2026-02-21T12:37:36.515+0000] {dag.py:3239} INFO - Sync 1 DAGs
[2026-02-21T12:37:36.559+0000] {logging_mixin.py:190} INFO - [2026-02-21T12:37:36.558+0000] {dag.py:4180} INFO - Setting next_dagrun for example_complex to None, run_after=None
[2026-02-21T12:37:36.611+0000] {processor.py:208} INFO - Processing /home/airflow/.local/lib/python3.12/site-packages/airflow/example_dags/example_complex.py took 0.282 seconds
[2026-02-21T12:38:07.865+0000] {processor.py:186} INFO - Started process (PID=532) to work on /home/airflow/.local/lib/python3.12/site-packages/airflow/example_dags/example_complex.py
[2026-02-21T12:38:07.869+0000] {processor.py:914} INFO - Processing file /home/airflow/.local/lib/python3.12/site-packages/airflow/example_dags/example_complex.py for tasks to queue
[2026-02-21T12:38:07.878+0000] {logging_mixin.py:190} INFO - [2026-02-21T12:38:07.877+0000] {dagbag.py:588} INFO - Filling up the DagBag from /home/airflow/.local/lib/python3.12/site-packages/airflow/example_dags/example_complex.py
[2026-02-21T12:38:07.927+0000] {processor.py:925} INFO - DAG(s) 'example_complex' retrieved from /home/airflow/.local/lib/python3.12/site-packages/airflow/example_dags/example_complex.py
[2026-02-21T12:38:08.048+0000] {logging_mixin.py:190} INFO - [2026-02-21T12:38:08.046+0000] {dag.py:3239} INFO - Sync 1 DAGs
[2026-02-21T12:38:08.097+0000] {logging_mixin.py:190} INFO - [2026-02-21T12:38:08.096+0000] {dag.py:4180} INFO - Setting next_dagrun for example_complex to None, run_after=None
[2026-02-21T12:38:08.170+0000] {processor.py:208} INFO - Processing /home/airflow/.local/lib/python3.12/site-packages/airflow/example_dags/example_complex.py took 0.328 seconds
[2026-02-21T12:38:38.280+0000] {processor.py:186} INFO - Started process (PID=597) to work on /home/airflow/.local/lib/python3.12/site-packages/airflow/example_dags/example_complex.py
[2026-02-21T12:38:38.282+0000] {processor.py:914} INFO - Processing file /home/airflow/.local/lib/python3.12/site-packages/airflow/example_dags/example_complex.py for tasks to queue
[2026-02-21T12:38:38.288+0000] {logging_mixin.py:190} INFO - [2026-02-21T12:38:38.287+0000] {dagbag.py:588} INFO - Filling up the DagBag from /home/airflow/.local/lib/python3.12/site-packages/airflow/example_dags/example_complex.py
[2026-02-21T12:38:38.317+0000] {processor.py:925} INFO - DAG(s) 'example_complex' retrieved from /home/airflow/.local/lib/python3.12/site-packages/airflow/example_dags/example_complex.py
[2026-02-21T12:38:38.397+0000] {logging_mixin.py:190} INFO - [2026-02-21T12:38:38.396+0000] {dag.py:3239} INFO - Sync 1 DAGs
[2026-02-21T12:38:38.428+0000] {logging_mixin.py:190} INFO - [2026-02-21T12:38:38.428+0000] {dag.py:4180} INFO - Setting next_dagrun for example_complex to None, run_after=None
[2026-02-21T12:38:38.477+0000] {processor.py:208} INFO - Processing /home/airflow/.local/lib/python3.12/site-packages/airflow/example_dags/example_complex.py took 0.210 seconds
[2026-02-21T12:39:13.679+0000] {processor.py:186} INFO - Started process (PID=654) to work on /home/airflow/.local/lib/python3.12/site-packages/airflow/example_dags/example_complex.py
[2026-02-21T12:39:13.685+0000] {processor.py:914} INFO - Processing file /home/airflow/.local/lib/python3.12/site-packages/airflow/example_dags/example_complex.py for tasks to queue
[2026-02-21T12:39:13.695+0000] {logging_mixin.py:190} INFO - [2026-02-21T12:39:13.694+0000] {dagbag.py:588} INFO - Filling up the DagBag from /home/airflow/.local/lib/python3.12/site-packages/airflow/example_dags/example_complex.py
[2026-02-21T12:39:13.752+0000] {processor.py:925} INFO - DAG(s) 'example_complex' retrieved from /home/airflow/.local/lib/python3.12/site-packages/airflow/example_dags/example_complex.py
[2026-02-21T12:39:13.908+0000] {logging_mixin.py:190} INFO - [2026-02-21T12:39:13.907+0000] {dag.py:3239} INFO - Sync 1 DAGs
[2026-02-21T12:39:13.979+0000] {logging_mixin.py:190} INFO - [2026-02-21T12:39:13.978+0000] {dag.py:4180} INFO - Setting next_dagrun for example_complex to None, run_after=None
[2026-02-21T12:39:14.073+0000] {processor.py:208} INFO - Processing /home/airflow/.local/lib/python3.12/site-packages/airflow/example_dags/example_complex.py took 0.416 seconds
[2026-02-21T12:39:57.770+0000] {processor.py:186} INFO - Started process (PID=724) to work on /home/airflow/.local/lib/python3.12/site-packages/airflow/example_dags/example_complex.py
[2026-02-21T12:39:57.782+0000] {processor.py:914} INFO - Processing file /home/airflow/.local/lib/python3.12/site-packages/airflow/example_dags/example_complex.py for tasks to queue
[2026-02-21T12:39:57.810+0000] {logging_mixin.py:190} INFO - [2026-02-21T12:39:57.803+0000] {dagbag.py:588} INFO - Filling up the DagBag from /home/airflow/.local/lib/python3.12/site-packages/airflow/example_dags/example_complex.py
[2026-02-21T12:39:57.957+0000] {processor.py:925} INFO - DAG(s) 'example_complex' retrieved from /home/airflow/.local/lib/python3.12/site-packages/airflow/example_dags/example_complex.py
[2026-02-21T12:39:58.401+0000] {logging_mixin.py:190} INFO - [2026-02-21T12:39:58.400+0000] {dag.py:3239} INFO - Sync 1 DAGs
[2026-02-21T12:39:58.560+0000] {logging_mixin.py:190} INFO - [2026-02-21T12:39:58.559+0000] {dag.py:4180} INFO - Setting next_dagrun for example_complex to None, run_after=None
[2026-02-21T12:39:58.769+0000] {processor.py:208} INFO - Processing /home/airflow/.local/lib/python3.12/site-packages/airflow/example_dags/example_complex.py took 1.064 seconds
[2026-02-21T12:41:31.885+0000] {processor.py:186} INFO - Started process (PID=794) to work on /home/airflow/.local/lib/python3.12/site-packages/airflow/example_dags/example_complex.py
[2026-02-21T12:41:31.892+0000] {processor.py:914} INFO - Processing file /home/airflow/.local/lib/python3.12/site-packages/airflow/example_dags/example_complex.py for tasks to queue
[2026-02-21T12:41:31.899+0000] {logging_mixin.py:190} INFO - [2026-02-21T12:41:31.897+0000] {dagbag.py:588} INFO - Filling up the DagBag from /home/airflow/.local/lib/python3.12/site-packages/airflow/example_dags/example_complex.py
[2026-02-21T12:41:31.977+0000] {processor.py:925} INFO - DAG(s) 'example_complex' retrieved from /home/airflow/.local/lib/python3.12/site-packages/airflow/example_dags/example_complex.py
[2026-02-21T12:41:32.227+0000] {logging_mixin.py:190} INFO - [2026-02-21T12:41:32.225+0000] {dag.py:3239} INFO - Sync 1 DAGs
[2026-02-21T12:41:32.355+0000] {logging_mixin.py:190} INFO - [2026-02-21T12:41:32.352+0000] {dag.py:4180} INFO - Setting next_dagrun for example_complex to None, run_after=None
[2026-02-21T12:41:32.452+0000] {processor.py:208} INFO - Processing /home/airflow/.local/lib/python3.12/site-packages/airflow/example_dags/example_complex.py took 0.609 seconds
[2026-02-21T12:42:04.421+0000] {processor.py:186} INFO - Started process (PID=858) to work on /home/airflow/.local/lib/python3.12/site-packages/airflow/example_dags/example_complex.py
[2026-02-21T12:42:04.428+0000] {processor.py:914} INFO - Processing file /home/airflow/.local/lib/python3.12/site-packages/airflow/example_dags/example_complex.py for tasks to queue
[2026-02-21T12:42:04.436+0000] {logging_mixin.py:190} INFO - [2026-02-21T12:42:04.434+0000] {dagbag.py:588} INFO - Filling up the DagBag from /home/airflow/.local/lib/python3.12/site-packages/airflow/example_dags/example_complex.py
[2026-02-21T12:42:04.528+0000] {processor.py:925} INFO - DAG(s) 'example_complex' retrieved from /home/airflow/.local/lib/python3.12/site-packages/airflow/example_dags/example_complex.py
[2026-02-21T12:42:04.842+0000] {logging_mixin.py:190} INFO - [2026-02-21T12:42:04.841+0000] {dag.py:3239} INFO - Sync 1 DAGs
[2026-02-21T12:42:04.995+0000] {logging_mixin.py:190} INFO - [2026-02-21T12:42:04.992+0000] {dag.py:4180} INFO - Setting next_dagrun for example_complex to None, run_after=None
[2026-02-21T12:42:05.144+0000] {processor.py:208} INFO - Processing /home/airflow/.local/lib/python3.12/site-packages/airflow/example_dags/example_complex.py took 0.758 seconds
[2026-02-21T12:42:53.068+0000] {processor.py:186} INFO - Started process (PID=930) to work on /home/airflow/.local/lib/python3.12/site-packages/airflow/example_dags/example_complex.py
[2026-02-21T12:42:53.121+0000] {processor.py:914} INFO - Processing file /home/airflow/.local/lib/python3.12/site-packages/airflow/example_dags/example_complex.py for tasks to queue
[2026-02-21T12:42:53.153+0000] {logging_mixin.py:190} INFO - [2026-02-21T12:42:53.141+0000] {dagbag.py:588} INFO - Filling up the DagBag from /home/airflow/.local/lib/python3.12/site-packages/airflow/example_dags/example_complex.py
[2026-02-21T12:42:53.389+0000] {processor.py:925} INFO - DAG(s) 'example_complex' retrieved from /home/airflow/.local/lib/python3.12/site-packages/airflow/example_dags/example_complex.py
[2026-02-21T12:42:53.889+0000] {logging_mixin.py:190} INFO - [2026-02-21T12:42:53.878+0000] {dag.py:3239} INFO - Sync 1 DAGs
[2026-02-21T12:42:54.125+0000] {logging_mixin.py:190} INFO - [2026-02-21T12:42:54.124+0000] {dag.py:4180} INFO - Setting next_dagrun for example_complex to None, run_after=None
[2026-02-21T12:42:54.404+0000] {processor.py:208} INFO - Processing /home/airflow/.local/lib/python3.12/site-packages/airflow/example_dags/example_complex.py took 1.527 seconds
[2026-02-21T12:53:59.694+0000] {processor.py:186} INFO - Started process (PID=955) to work on /home/airflow/.local/lib/python3.12/site-packages/airflow/example_dags/example_complex.py
[2026-02-21T12:53:59.701+0000] {processor.py:914} INFO - Processing file /home/airflow/.local/lib/python3.12/site-packages/airflow/example_dags/example_complex.py for tasks to queue
[2026-02-21T12:53:59.717+0000] {logging_mixin.py:190} INFO - [2026-02-21T12:53:59.714+0000] {dagbag.py:588} INFO - Filling up the DagBag from /home/airflow/.local/lib/python3.12/site-packages/airflow/example_dags/example_complex.py
[2026-02-21T12:53:59.807+0000] {processor.py:925} INFO - DAG(s) 'example_complex' retrieved from /home/airflow/.local/lib/python3.12/site-packages/airflow/example_dags/example_complex.py
[2026-02-21T12:54:00.076+0000] {logging_mixin.py:190} INFO - [2026-02-21T12:54:00.074+0000] {dag.py:3239} INFO - Sync 1 DAGs
[2026-02-21T12:54:00.167+0000] {logging_mixin.py:190} INFO - [2026-02-21T12:54:00.166+0000] {dag.py:4180} INFO - Setting next_dagrun for example_complex to None, run_after=None
[2026-02-21T12:54:00.272+0000] {processor.py:208} INFO - Processing /home/airflow/.local/lib/python3.12/site-packages/airflow/example_dags/example_complex.py took 0.618 seconds
[2026-02-21T12:54:30.530+0000] {processor.py:186} INFO - Started process (PID=1019) to work on /home/airflow/.local/lib/python3.12/site-packages/airflow/example_dags/example_complex.py
[2026-02-21T12:54:30.533+0000] {processor.py:914} INFO - Processing file /home/airflow/.local/lib/python3.12/site-packages/airflow/example_dags/example_complex.py for tasks to queue
[2026-02-21T12:54:30.540+0000] {logging_mixin.py:190} INFO - [2026-02-21T12:54:30.539+0000] {dagbag.py:588} INFO - Filling up the DagBag from /home/airflow/.local/lib/python3.12/site-packages/airflow/example_dags/example_complex.py
[2026-02-21T12:54:30.578+0000] {processor.py:925} INFO - DAG(s) 'example_complex' retrieved from /home/airflow/.local/lib/python3.12/site-packages/airflow/example_dags/example_complex.py
[2026-02-21T12:54:30.655+0000] {logging_mixin.py:190} INFO - [2026-02-21T12:54:30.654+0000] {dag.py:3239} INFO - Sync 1 DAGs
[2026-02-21T12:54:30.686+0000] {logging_mixin.py:190} INFO - [2026-02-21T12:54:30.685+0000] {dag.py:4180} INFO - Setting next_dagrun for example_complex to None, run_after=None
[2026-02-21T12:54:30.728+0000] {processor.py:208} INFO - Processing /home/airflow/.local/lib/python3.12/site-packages/airflow/example_dags/example_complex.py took 0.213 seconds
[2026-02-21T12:55:02.543+0000] {processor.py:186} INFO - Started process (PID=1084) to work on /home/airflow/.local/lib/python3.12/site-packages/airflow/example_dags/example_complex.py
[2026-02-21T12:55:02.564+0000] {processor.py:914} INFO - Processing file /home/airflow/.local/lib/python3.12/site-packages/airflow/example_dags/example_complex.py for tasks to queue
[2026-02-21T12:55:02.598+0000] {logging_mixin.py:190} INFO - [2026-02-21T12:55:02.594+0000] {dagbag.py:588} INFO - Filling up the DagBag from /home/airflow/.local/lib/python3.12/site-packages/airflow/example_dags/example_complex.py
[2026-02-21T12:55:02.683+0000] {processor.py:925} INFO - DAG(s) 'example_complex' retrieved from /home/airflow/.local/lib/python3.12/site-packages/airflow/example_dags/example_complex.py
[2026-02-21T12:55:02.880+0000] {logging_mixin.py:190} INFO - [2026-02-21T12:55:02.878+0000] {dag.py:3239} INFO - Sync 1 DAGs
[2026-02-21T12:55:02.963+0000] {logging_mixin.py:190} INFO - [2026-02-21T12:55:02.962+0000] {dag.py:4180} INFO - Setting next_dagrun for example_complex to None, run_after=None
[2026-02-21T12:55:03.071+0000] {processor.py:208} INFO - Processing /home/airflow/.local/lib/python3.12/site-packages/airflow/example_dags/example_complex.py took 0.616 seconds
[2026-02-21T12:55:35.049+0000] {processor.py:186} INFO - Started process (PID=1148) to work on /home/airflow/.local/lib/python3.12/site-packages/airflow/example_dags/example_complex.py
[2026-02-21T12:55:35.060+0000] {processor.py:914} INFO - Processing file /home/airflow/.local/lib/python3.12/site-packages/airflow/example_dags/example_complex.py for tasks to queue
[2026-02-21T12:55:35.078+0000] {logging_mixin.py:190} INFO - [2026-02-21T12:55:35.073+0000] {dagbag.py:588} INFO - Filling up the DagBag from /home/airflow/.local/lib/python3.12/site-packages/airflow/example_dags/example_complex.py
[2026-02-21T12:55:35.169+0000] {processor.py:925} INFO - DAG(s) 'example_complex' retrieved from /home/airflow/.local/lib/python3.12/site-packages/airflow/example_dags/example_complex.py
[2026-02-21T12:55:35.399+0000] {logging_mixin.py:190} INFO - [2026-02-21T12:55:35.397+0000] {dag.py:3239} INFO - Sync 1 DAGs
[2026-02-21T12:55:35.514+0000] {logging_mixin.py:190} INFO - [2026-02-21T12:55:35.513+0000] {dag.py:4180} INFO - Setting next_dagrun for example_complex to None, run_after=None
[2026-02-21T12:55:35.660+0000] {processor.py:208} INFO - Processing /home/airflow/.local/lib/python3.12/site-packages/airflow/example_dags/example_complex.py took 0.648 seconds
[2026-02-21T17:10:16.049+0000] {processor.py:186} INFO - Started process (PID=1194) to work on /home/airflow/.local/lib/python3.12/site-packages/airflow/example_dags/example_complex.py
[2026-02-21T17:10:16.052+0000] {processor.py:914} INFO - Processing file /home/airflow/.local/lib/python3.12/site-packages/airflow/example_dags/example_complex.py for tasks to queue
[2026-02-21T17:10:16.062+0000] {logging_mixin.py:190} INFO - [2026-02-21T17:10:16.061+0000] {dagbag.py:588} INFO - Filling up the DagBag from /home/airflow/.local/lib/python3.12/site-packages/airflow/example_dags/example_complex.py
[2026-02-21T17:10:16.108+0000] {processor.py:925} INFO - DAG(s) 'example_complex' retrieved from /home/airflow/.local/lib/python3.12/site-packages/airflow/example_dags/example_complex.py
[2026-02-21T17:10:16.266+0000] {logging_mixin.py:190} INFO - [2026-02-21T17:10:16.265+0000] {dag.py:3239} INFO - Sync 1 DAGs
[2026-02-21T17:10:16.329+0000] {logging_mixin.py:190} INFO - [2026-02-21T17:10:16.328+0000] {dag.py:4180} INFO - Setting next_dagrun for example_complex to None, run_after=None
[2026-02-21T17:10:16.430+0000] {processor.py:208} INFO - Processing /home/airflow/.local/lib/python3.12/site-packages/airflow/example_dags/example_complex.py took 0.401 seconds
[2026-02-21T17:10:46.788+0000] {processor.py:186} INFO - Started process (PID=1258) to work on /home/airflow/.local/lib/python3.12/site-packages/airflow/example_dags/example_complex.py
[2026-02-21T17:10:46.792+0000] {processor.py:914} INFO - Processing file /home/airflow/.local/lib/python3.12/site-packages/airflow/example_dags/example_complex.py for tasks to queue
[2026-02-21T17:10:46.800+0000] {logging_mixin.py:190} INFO - [2026-02-21T17:10:46.799+0000] {dagbag.py:588} INFO - Filling up the DagBag from /home/airflow/.local/lib/python3.12/site-packages/airflow/example_dags/example_complex.py
[2026-02-21T17:10:46.847+0000] {processor.py:925} INFO - DAG(s) 'example_complex' retrieved from /home/airflow/.local/lib/python3.12/site-packages/airflow/example_dags/example_complex.py
[2026-02-21T17:10:46.976+0000] {logging_mixin.py:190} INFO - [2026-02-21T17:10:46.975+0000] {dag.py:3239} INFO - Sync 1 DAGs
[2026-02-21T17:10:47.030+0000] {logging_mixin.py:190} INFO - [2026-02-21T17:10:47.029+0000] {dag.py:4180} INFO - Setting next_dagrun for example_complex to None, run_after=None
[2026-02-21T17:10:47.113+0000] {processor.py:208} INFO - Processing /home/airflow/.local/lib/python3.12/site-packages/airflow/example_dags/example_complex.py took 0.345 seconds
[2026-02-21T17:11:17.397+0000] {processor.py:186} INFO - Started process (PID=1323) to work on /home/airflow/.local/lib/python3.12/site-packages/airflow/example_dags/example_complex.py
[2026-02-21T17:11:17.398+0000] {processor.py:914} INFO - Processing file /home/airflow/.local/lib/python3.12/site-packages/airflow/example_dags/example_complex.py for tasks to queue
[2026-02-21T17:11:17.401+0000] {logging_mixin.py:190} INFO - [2026-02-21T17:11:17.400+0000] {dagbag.py:588} INFO - Filling up the DagBag from /home/airflow/.local/lib/python3.12/site-packages/airflow/example_dags/example_complex.py
[2026-02-21T17:11:17.415+0000] {processor.py:925} INFO - DAG(s) 'example_complex' retrieved from /home/airflow/.local/lib/python3.12/site-packages/airflow/example_dags/example_complex.py
[2026-02-21T17:11:17.453+0000] {logging_mixin.py:190} INFO - [2026-02-21T17:11:17.453+0000] {dag.py:3239} INFO - Sync 1 DAGs
[2026-02-21T17:11:17.473+0000] {logging_mixin.py:190} INFO - [2026-02-21T17:11:17.472+0000] {dag.py:4180} INFO - Setting next_dagrun for example_complex to None, run_after=None
[2026-02-21T17:11:17.496+0000] {processor.py:208} INFO - Processing /home/airflow/.local/lib/python3.12/site-packages/airflow/example_dags/example_complex.py took 0.107 seconds
[2026-02-21T17:11:48.040+0000] {processor.py:186} INFO - Started process (PID=1388) to work on /home/airflow/.local/lib/python3.12/site-packages/airflow/example_dags/example_complex.py
[2026-02-21T17:11:48.042+0000] {processor.py:914} INFO - Processing file /home/airflow/.local/lib/python3.12/site-packages/airflow/example_dags/example_complex.py for tasks to queue
[2026-02-21T17:11:48.045+0000] {logging_mixin.py:190} INFO - [2026-02-21T17:11:48.044+0000] {dagbag.py:588} INFO - Filling up the DagBag from /home/airflow/.local/lib/python3.12/site-packages/airflow/example_dags/example_complex.py
[2026-02-21T17:11:48.061+0000] {processor.py:925} INFO - DAG(s) 'example_complex' retrieved from /home/airflow/.local/lib/python3.12/site-packages/airflow/example_dags/example_complex.py
[2026-02-21T17:11:48.103+0000] {logging_mixin.py:190} INFO - [2026-02-21T17:11:48.102+0000] {dag.py:3239} INFO - Sync 1 DAGs
[2026-02-21T17:11:48.123+0000] {logging_mixin.py:190} INFO - [2026-02-21T17:11:48.123+0000] {dag.py:4180} INFO - Setting next_dagrun for example_complex to None, run_after=None
[2026-02-21T17:11:48.171+0000] {processor.py:208} INFO - Processing /home/airflow/.local/lib/python3.12/site-packages/airflow/example_dags/example_complex.py took 0.139 seconds
[2026-02-21T17:12:19.067+0000] {processor.py:186} INFO - Started process (PID=1453) to work on /home/airflow/.local/lib/python3.12/site-packages/airflow/example_dags/example_complex.py
[2026-02-21T17:12:19.070+0000] {processor.py:914} INFO - Processing file /home/airflow/.local/lib/python3.12/site-packages/airflow/example_dags/example_complex.py for tasks to queue
[2026-02-21T17:12:19.077+0000] {logging_mixin.py:190} INFO - [2026-02-21T17:12:19.076+0000] {dagbag.py:588} INFO - Filling up the DagBag from /home/airflow/.local/lib/python3.12/site-packages/airflow/example_dags/example_complex.py
[2026-02-21T17:12:19.118+0000] {processor.py:925} INFO - DAG(s) 'example_complex' retrieved from /home/airflow/.local/lib/python3.12/site-packages/airflow/example_dags/example_complex.py
[2026-02-21T17:12:19.219+0000] {logging_mixin.py:190} INFO - [2026-02-21T17:12:19.218+0000] {dag.py:3239} INFO - Sync 1 DAGs
[2026-02-21T17:12:19.260+0000] {logging_mixin.py:190} INFO - [2026-02-21T17:12:19.260+0000] {dag.py:4180} INFO - Setting next_dagrun for example_complex to None, run_after=None
[2026-02-21T17:12:19.317+0000] {processor.py:208} INFO - Processing /home/airflow/.local/lib/python3.12/site-packages/airflow/example_dags/example_complex.py took 0.269 seconds
[2026-02-21T17:12:50.061+0000] {processor.py:186} INFO - Started process (PID=1519) to work on /home/airflow/.local/lib/python3.12/site-packages/airflow/example_dags/example_complex.py
[2026-02-21T17:12:50.067+0000] {processor.py:914} INFO - Processing file /home/airflow/.local/lib/python3.12/site-packages/airflow/example_dags/example_complex.py for tasks to queue
[2026-02-21T17:12:50.078+0000] {logging_mixin.py:190} INFO - [2026-02-21T17:12:50.077+0000] {dagbag.py:588} INFO - Filling up the DagBag from /home/airflow/.local/lib/python3.12/site-packages/airflow/example_dags/example_complex.py
[2026-02-21T17:12:50.129+0000] {processor.py:925} INFO - DAG(s) 'example_complex' retrieved from /home/airflow/.local/lib/python3.12/site-packages/airflow/example_dags/example_complex.py
[2026-02-21T17:12:50.254+0000] {logging_mixin.py:190} INFO - [2026-02-21T17:12:50.253+0000] {dag.py:3239} INFO - Sync 1 DAGs
[2026-02-21T17:12:50.315+0000] {logging_mixin.py:190} INFO - [2026-02-21T17:12:50.315+0000] {dag.py:4180} INFO - Setting next_dagrun for example_complex to None, run_after=None
[2026-02-21T17:12:50.395+0000] {processor.py:208} INFO - Processing /home/airflow/.local/lib/python3.12/site-packages/airflow/example_dags/example_complex.py took 0.360 seconds
[2026-02-21T17:13:20.725+0000] {processor.py:186} INFO - Started process (PID=1584) to work on /home/airflow/.local/lib/python3.12/site-packages/airflow/example_dags/example_complex.py
[2026-02-21T17:13:20.726+0000] {processor.py:914} INFO - Processing file /home/airflow/.local/lib/python3.12/site-packages/airflow/example_dags/example_complex.py for tasks to queue
[2026-02-21T17:13:20.729+0000] {logging_mixin.py:190} INFO - [2026-02-21T17:13:20.729+0000] {dagbag.py:588} INFO - Filling up the DagBag from /home/airflow/.local/lib/python3.12/site-packages/airflow/example_dags/example_complex.py
[2026-02-21T17:13:20.745+0000] {processor.py:925} INFO - DAG(s) 'example_complex' retrieved from /home/airflow/.local/lib/python3.12/site-packages/airflow/example_dags/example_complex.py
[2026-02-21T17:13:20.785+0000] {logging_mixin.py:190} INFO - [2026-02-21T17:13:20.785+0000] {dag.py:3239} INFO - Sync 1 DAGs
[2026-02-21T17:13:20.802+0000] {logging_mixin.py:190} INFO - [2026-02-21T17:13:20.801+0000] {dag.py:4180} INFO - Setting next_dagrun for example_complex to None, run_after=None
[2026-02-21T17:13:20.826+0000] {processor.py:208} INFO - Processing /home/airflow/.local/lib/python3.12/site-packages/airflow/example_dags/example_complex.py took 0.109 seconds
[2026-02-21T19:41:15.500+0000] {processor.py:186} INFO - Started process (PID=1641) to work on /home/airflow/.local/lib/python3.12/site-packages/airflow/example_dags/example_complex.py
[2026-02-21T19:41:15.503+0000] {processor.py:914} INFO - Processing file /home/airflow/.local/lib/python3.12/site-packages/airflow/example_dags/example_complex.py for tasks to queue
[2026-02-21T19:41:15.505+0000] {logging_mixin.py:190} INFO - [2026-02-21T19:41:15.505+0000] {dagbag.py:588} INFO - Filling up the DagBag from /home/airflow/.local/lib/python3.12/site-packages/airflow/example_dags/example_complex.py
[2026-02-21T19:41:15.529+0000] {processor.py:925} INFO - DAG(s) 'example_complex' retrieved from /home/airflow/.local/lib/python3.12/site-packages/airflow/example_dags/example_complex.py
[2026-02-21T19:41:15.588+0000] {logging_mixin.py:190} INFO - [2026-02-21T19:41:15.588+0000] {dag.py:3239} INFO - Sync 1 DAGs
[2026-02-21T19:41:15.613+0000] {logging_mixin.py:190} INFO - [2026-02-21T19:41:15.613+0000] {dag.py:4180} INFO - Setting next_dagrun for example_complex to None, run_after=None
[2026-02-21T19:41:15.646+0000] {processor.py:208} INFO - Processing /home/airflow/.local/lib/python3.12/site-packages/airflow/example_dags/example_complex.py took 0.157 seconds
[2026-02-21T19:41:52.490+0000] {processor.py:186} INFO - Started process (PID=2298) to work on /home/airflow/.local/lib/python3.12/site-packages/airflow/example_dags/example_complex.py
[2026-02-21T19:41:52.499+0000] {processor.py:914} INFO - Processing file /home/airflow/.local/lib/python3.12/site-packages/airflow/example_dags/example_complex.py for tasks to queue
[2026-02-21T19:41:52.508+0000] {logging_mixin.py:190} INFO - [2026-02-21T19:41:52.506+0000] {dagbag.py:588} INFO - Filling up the DagBag from /home/airflow/.local/lib/python3.12/site-packages/airflow/example_dags/example_complex.py
[2026-02-21T19:41:52.570+0000] {processor.py:925} INFO - DAG(s) 'example_complex' retrieved from /home/airflow/.local/lib/python3.12/site-packages/airflow/example_dags/example_complex.py
[2026-02-21T19:41:52.761+0000] {logging_mixin.py:190} INFO - [2026-02-21T19:41:52.760+0000] {dag.py:3239} INFO - Sync 1 DAGs
[2026-02-21T19:41:52.833+0000] {logging_mixin.py:190} INFO - [2026-02-21T19:41:52.832+0000] {dag.py:4180} INFO - Setting next_dagrun for example_complex to None, run_after=None
[2026-02-21T19:41:52.920+0000] {processor.py:208} INFO - Processing /home/airflow/.local/lib/python3.12/site-packages/airflow/example_dags/example_complex.py took 0.457 seconds
[2026-02-21T20:20:46.443+0000] {processor.py:186} INFO - Started process (PID=2372) to work on /home/airflow/.local/lib/python3.12/site-packages/airflow/example_dags/example_complex.py
[2026-02-21T20:20:46.465+0000] {processor.py:914} INFO - Processing file /home/airflow/.local/lib/python3.12/site-packages/airflow/example_dags/example_complex.py for tasks to queue
[2026-02-21T20:20:46.494+0000] {logging_mixin.py:190} INFO - [2026-02-21T20:20:46.492+0000] {dagbag.py:588} INFO - Filling up the DagBag from /home/airflow/.local/lib/python3.12/site-packages/airflow/example_dags/example_complex.py
[2026-02-21T20:20:46.731+0000] {processor.py:925} INFO - DAG(s) 'example_complex' retrieved from /home/airflow/.local/lib/python3.12/site-packages/airflow/example_dags/example_complex.py
[2026-02-21T20:20:47.242+0000] {logging_mixin.py:190} INFO - [2026-02-21T20:20:47.239+0000] {dag.py:3239} INFO - Sync 1 DAGs
[2026-02-21T20:20:47.539+0000] {logging_mixin.py:190} INFO - [2026-02-21T20:20:47.538+0000] {dag.py:4180} INFO - Setting next_dagrun for example_complex to None, run_after=None
[2026-02-21T20:20:47.876+0000] {processor.py:208} INFO - Processing /home/airflow/.local/lib/python3.12/site-packages/airflow/example_dags/example_complex.py took 1.513 seconds
[2026-02-21T20:59:30.218+0000] {processor.py:186} INFO - Started process (PID=2404) to work on /home/airflow/.local/lib/python3.12/site-packages/airflow/example_dags/example_complex.py
[2026-02-21T20:59:30.224+0000] {processor.py:914} INFO - Processing file /home/airflow/.local/lib/python3.12/site-packages/airflow/example_dags/example_complex.py for tasks to queue
[2026-02-21T20:59:30.250+0000] {logging_mixin.py:190} INFO - [2026-02-21T20:59:30.244+0000] {dagbag.py:588} INFO - Filling up the DagBag from /home/airflow/.local/lib/python3.12/site-packages/airflow/example_dags/example_complex.py
[2026-02-21T20:59:30.386+0000] {processor.py:925} INFO - DAG(s) 'example_complex' retrieved from /home/airflow/.local/lib/python3.12/site-packages/airflow/example_dags/example_complex.py
[2026-02-21T20:59:30.739+0000] {logging_mixin.py:190} INFO - [2026-02-21T20:59:30.738+0000] {dag.py:3239} INFO - Sync 1 DAGs
[2026-02-21T20:59:30.840+0000] {logging_mixin.py:190} INFO - [2026-02-21T20:59:30.839+0000] {dag.py:4180} INFO - Setting next_dagrun for example_complex to None, run_after=None
[2026-02-21T20:59:30.988+0000] {processor.py:208} INFO - Processing /home/airflow/.local/lib/python3.12/site-packages/airflow/example_dags/example_complex.py took 0.852 seconds
[2026-02-21T21:00:28.339+0000] {processor.py:186} INFO - Started process (PID=2474) to work on /home/airflow/.local/lib/python3.12/site-packages/airflow/example_dags/example_complex.py
[2026-02-21T21:00:28.349+0000] {processor.py:914} INFO - Processing file /home/airflow/.local/lib/python3.12/site-packages/airflow/example_dags/example_complex.py for tasks to queue
[2026-02-21T21:00:28.372+0000] {logging_mixin.py:190} INFO - [2026-02-21T21:00:28.370+0000] {dagbag.py:588} INFO - Filling up the DagBag from /home/airflow/.local/lib/python3.12/site-packages/airflow/example_dags/example_complex.py
[2026-02-21T21:00:28.535+0000] {processor.py:925} INFO - DAG(s) 'example_complex' retrieved from /home/airflow/.local/lib/python3.12/site-packages/airflow/example_dags/example_complex.py
[2026-02-21T21:00:28.885+0000] {logging_mixin.py:190} INFO - [2026-02-21T21:00:28.884+0000] {dag.py:3239} INFO - Sync 1 DAGs
[2026-02-21T21:00:29.026+0000] {logging_mixin.py:190} INFO - [2026-02-21T21:00:29.025+0000] {dag.py:4180} INFO - Setting next_dagrun for example_complex to None, run_after=None
[2026-02-21T21:00:29.212+0000] {processor.py:208} INFO - Processing /home/airflow/.local/lib/python3.12/site-packages/airflow/example_dags/example_complex.py took 0.949 seconds
[2026-02-21T21:08:56.016+0000] {processor.py:186} INFO - Started process (PID=2545) to work on /home/airflow/.local/lib/python3.12/site-packages/airflow/example_dags/example_complex.py
[2026-02-21T21:08:56.029+0000] {processor.py:914} INFO - Processing file /home/airflow/.local/lib/python3.12/site-packages/airflow/example_dags/example_complex.py for tasks to queue
[2026-02-21T21:08:56.044+0000] {logging_mixin.py:190} INFO - [2026-02-21T21:08:56.041+0000] {dagbag.py:588} INFO - Filling up the DagBag from /home/airflow/.local/lib/python3.12/site-packages/airflow/example_dags/example_complex.py
[2026-02-21T21:08:56.247+0000] {processor.py:925} INFO - DAG(s) 'example_complex' retrieved from /home/airflow/.local/lib/python3.12/site-packages/airflow/example_dags/example_complex.py
[2026-02-21T21:08:56.600+0000] {logging_mixin.py:190} INFO - [2026-02-21T21:08:56.599+0000] {dag.py:3239} INFO - Sync 1 DAGs
[2026-02-21T21:08:56.775+0000] {logging_mixin.py:190} INFO - [2026-02-21T21:08:56.773+0000] {dag.py:4180} INFO - Setting next_dagrun for example_complex to None, run_after=None
[2026-02-21T21:08:57.004+0000] {processor.py:208} INFO - Processing /home/airflow/.local/lib/python3.12/site-packages/airflow/example_dags/example_complex.py took 1.032 seconds
[2026-02-21T21:34:24.070+0000] {processor.py:186} INFO - Started process (PID=2616) to work on /home/airflow/.local/lib/python3.12/site-packages/airflow/example_dags/example_complex.py
[2026-02-21T21:34:24.082+0000] {processor.py:914} INFO - Processing file /home/airflow/.local/lib/python3.12/site-packages/airflow/example_dags/example_complex.py for tasks to queue
[2026-02-21T21:34:24.097+0000] {logging_mixin.py:190} INFO - [2026-02-21T21:34:24.094+0000] {dagbag.py:588} INFO - Filling up the DagBag from /home/airflow/.local/lib/python3.12/site-packages/airflow/example_dags/example_complex.py
[2026-02-21T21:34:24.198+0000] {processor.py:925} INFO - DAG(s) 'example_complex' retrieved from /home/airflow/.local/lib/python3.12/site-packages/airflow/example_dags/example_complex.py
[2026-02-21T21:34:24.495+0000] {logging_mixin.py:190} INFO - [2026-02-21T21:34:24.493+0000] {dag.py:3239} INFO - Sync 1 DAGs
[2026-02-21T21:34:24.631+0000] {logging_mixin.py:190} INFO - [2026-02-21T21:34:24.630+0000] {dag.py:4180} INFO - Setting next_dagrun for example_complex to None, run_after=None
[2026-02-21T21:34:24.795+0000] {processor.py:208} INFO - Processing /home/airflow/.local/lib/python3.12/site-packages/airflow/example_dags/example_complex.py took 0.790 seconds
[2026-02-21T22:43:19.290+0000] {processor.py:186} INFO - Started process (PID=2684) to work on /home/airflow/.local/lib/python3.12/site-packages/airflow/example_dags/example_complex.py
[2026-02-21T22:43:19.317+0000] {processor.py:914} INFO - Processing file /home/airflow/.local/lib/python3.12/site-packages/airflow/example_dags/example_complex.py for tasks to queue
[2026-02-21T22:43:19.374+0000] {logging_mixin.py:190} INFO - [2026-02-21T22:43:19.367+0000] {dagbag.py:588} INFO - Filling up the DagBag from /home/airflow/.local/lib/python3.12/site-packages/airflow/example_dags/example_complex.py
[2026-02-21T22:43:20.700+0000] {processor.py:925} INFO - DAG(s) 'example_complex' retrieved from /home/airflow/.local/lib/python3.12/site-packages/airflow/example_dags/example_complex.py
