[2026-02-21T12:34:19.872+0000] {processor.py:186} INFO - Started process (PID=88) to work on /home/airflow/.local/lib/python3.12/site-packages/airflow/example_dags/example_xcomargs.py
[2026-02-21T12:34:19.876+0000] {processor.py:914} INFO - Processing file /home/airflow/.local/lib/python3.12/site-packages/airflow/example_dags/example_xcomargs.py for tasks to queue
[2026-02-21T12:34:19.884+0000] {logging_mixin.py:190} INFO - [2026-02-21T12:34:19.883+0000] {dagbag.py:588} INFO - Filling up the DagBag from /home/airflow/.local/lib/python3.12/site-packages/airflow/example_dags/example_xcomargs.py
[2026-02-21T12:34:19.926+0000] {processor.py:925} INFO - DAG(s) 'example_xcom_args_with_operators', 'example_xcom_args' retrieved from /home/airflow/.local/lib/python3.12/site-packages/airflow/example_dags/example_xcomargs.py
[2026-02-21T12:34:20.020+0000] {logging_mixin.py:190} INFO - [2026-02-21T12:34:20.019+0000] {dag.py:3239} INFO - Sync 2 DAGs
[2026-02-21T12:34:20.071+0000] {logging_mixin.py:190} INFO - [2026-02-21T12:34:20.070+0000] {dag.py:4180} INFO - Setting next_dagrun for example_xcom_args to None, run_after=None
[2026-02-21T12:34:20.086+0000] {logging_mixin.py:190} INFO - [2026-02-21T12:34:20.085+0000] {dag.py:4180} INFO - Setting next_dagrun for example_xcom_args_with_operators to None, run_after=None
[2026-02-21T12:34:20.151+0000] {processor.py:208} INFO - Processing /home/airflow/.local/lib/python3.12/site-packages/airflow/example_dags/example_xcomargs.py took 0.297 seconds
[2026-02-21T12:34:50.977+0000] {processor.py:186} INFO - Started process (PID=153) to work on /home/airflow/.local/lib/python3.12/site-packages/airflow/example_dags/example_xcomargs.py
[2026-02-21T12:34:50.980+0000] {processor.py:914} INFO - Processing file /home/airflow/.local/lib/python3.12/site-packages/airflow/example_dags/example_xcomargs.py for tasks to queue
[2026-02-21T12:34:50.986+0000] {logging_mixin.py:190} INFO - [2026-02-21T12:34:50.985+0000] {dagbag.py:588} INFO - Filling up the DagBag from /home/airflow/.local/lib/python3.12/site-packages/airflow/example_dags/example_xcomargs.py
[2026-02-21T12:34:51.008+0000] {processor.py:925} INFO - DAG(s) 'example_xcom_args', 'example_xcom_args_with_operators' retrieved from /home/airflow/.local/lib/python3.12/site-packages/airflow/example_dags/example_xcomargs.py
[2026-02-21T12:34:51.059+0000] {logging_mixin.py:190} INFO - [2026-02-21T12:34:51.059+0000] {dag.py:3239} INFO - Sync 2 DAGs
[2026-02-21T12:34:51.093+0000] {logging_mixin.py:190} INFO - [2026-02-21T12:34:51.092+0000] {dag.py:4180} INFO - Setting next_dagrun for example_xcom_args to None, run_after=None
[2026-02-21T12:34:51.101+0000] {logging_mixin.py:190} INFO - [2026-02-21T12:34:51.101+0000] {dag.py:4180} INFO - Setting next_dagrun for example_xcom_args_with_operators to None, run_after=None
[2026-02-21T12:34:51.138+0000] {processor.py:208} INFO - Processing /home/airflow/.local/lib/python3.12/site-packages/airflow/example_dags/example_xcomargs.py took 0.173 seconds
[2026-02-21T12:35:22.997+0000] {processor.py:186} INFO - Started process (PID=218) to work on /home/airflow/.local/lib/python3.12/site-packages/airflow/example_dags/example_xcomargs.py
[2026-02-21T12:35:23.002+0000] {processor.py:914} INFO - Processing file /home/airflow/.local/lib/python3.12/site-packages/airflow/example_dags/example_xcomargs.py for tasks to queue
[2026-02-21T12:35:23.012+0000] {logging_mixin.py:190} INFO - [2026-02-21T12:35:23.011+0000] {dagbag.py:588} INFO - Filling up the DagBag from /home/airflow/.local/lib/python3.12/site-packages/airflow/example_dags/example_xcomargs.py
[2026-02-21T12:35:23.043+0000] {processor.py:925} INFO - DAG(s) 'example_xcom_args', 'example_xcom_args_with_operators' retrieved from /home/airflow/.local/lib/python3.12/site-packages/airflow/example_dags/example_xcomargs.py
[2026-02-21T12:35:23.100+0000] {logging_mixin.py:190} INFO - [2026-02-21T12:35:23.099+0000] {dag.py:3239} INFO - Sync 2 DAGs
[2026-02-21T12:35:23.134+0000] {logging_mixin.py:190} INFO - [2026-02-21T12:35:23.134+0000] {dag.py:4180} INFO - Setting next_dagrun for example_xcom_args to None, run_after=None
[2026-02-21T12:35:23.144+0000] {logging_mixin.py:190} INFO - [2026-02-21T12:35:23.143+0000] {dag.py:4180} INFO - Setting next_dagrun for example_xcom_args_with_operators to None, run_after=None
[2026-02-21T12:35:23.183+0000] {processor.py:208} INFO - Processing /home/airflow/.local/lib/python3.12/site-packages/airflow/example_dags/example_xcomargs.py took 0.200 seconds
[2026-02-21T12:35:57.462+0000] {processor.py:186} INFO - Started process (PID=283) to work on /home/airflow/.local/lib/python3.12/site-packages/airflow/example_dags/example_xcomargs.py
[2026-02-21T12:35:57.472+0000] {processor.py:914} INFO - Processing file /home/airflow/.local/lib/python3.12/site-packages/airflow/example_dags/example_xcomargs.py for tasks to queue
[2026-02-21T12:35:57.492+0000] {logging_mixin.py:190} INFO - [2026-02-21T12:35:57.482+0000] {dagbag.py:588} INFO - Filling up the DagBag from /home/airflow/.local/lib/python3.12/site-packages/airflow/example_dags/example_xcomargs.py
[2026-02-21T12:35:57.575+0000] {processor.py:925} INFO - DAG(s) 'example_xcom_args', 'example_xcom_args_with_operators' retrieved from /home/airflow/.local/lib/python3.12/site-packages/airflow/example_dags/example_xcomargs.py
[2026-02-21T12:35:57.732+0000] {logging_mixin.py:190} INFO - [2026-02-21T12:35:57.731+0000] {dag.py:3239} INFO - Sync 2 DAGs
[2026-02-21T12:35:57.908+0000] {logging_mixin.py:190} INFO - [2026-02-21T12:35:57.907+0000] {dag.py:4180} INFO - Setting next_dagrun for example_xcom_args to None, run_after=None
[2026-02-21T12:35:57.958+0000] {logging_mixin.py:190} INFO - [2026-02-21T12:35:57.957+0000] {dag.py:4180} INFO - Setting next_dagrun for example_xcom_args_with_operators to None, run_after=None
[2026-02-21T12:35:56.463+0000] {processor.py:208} INFO - Processing /home/airflow/.local/lib/python3.12/site-packages/airflow/example_dags/example_xcomargs.py took 0.875 seconds
[2026-02-21T12:36:43.621+0000] {processor.py:186} INFO - Started process (PID=354) to work on /home/airflow/.local/lib/python3.12/site-packages/airflow/example_dags/example_xcomargs.py
[2026-02-21T12:36:43.626+0000] {processor.py:914} INFO - Processing file /home/airflow/.local/lib/python3.12/site-packages/airflow/example_dags/example_xcomargs.py for tasks to queue
[2026-02-21T12:36:43.639+0000] {logging_mixin.py:190} INFO - [2026-02-21T12:36:43.637+0000] {dagbag.py:588} INFO - Filling up the DagBag from /home/airflow/.local/lib/python3.12/site-packages/airflow/example_dags/example_xcomargs.py
[2026-02-21T12:36:43.693+0000] {processor.py:925} INFO - DAG(s) 'example_xcom_args', 'example_xcom_args_with_operators' retrieved from /home/airflow/.local/lib/python3.12/site-packages/airflow/example_dags/example_xcomargs.py
[2026-02-21T12:36:43.805+0000] {logging_mixin.py:190} INFO - [2026-02-21T12:36:43.804+0000] {dag.py:3239} INFO - Sync 2 DAGs
[2026-02-21T12:36:43.872+0000] {logging_mixin.py:190} INFO - [2026-02-21T12:36:43.871+0000] {dag.py:4180} INFO - Setting next_dagrun for example_xcom_args to None, run_after=None
[2026-02-21T12:36:43.893+0000] {logging_mixin.py:190} INFO - [2026-02-21T12:36:43.892+0000] {dag.py:4180} INFO - Setting next_dagrun for example_xcom_args_with_operators to None, run_after=None
[2026-02-21T12:36:43.972+0000] {processor.py:208} INFO - Processing /home/airflow/.local/lib/python3.12/site-packages/airflow/example_dags/example_xcomargs.py took 0.380 seconds
[2026-02-21T12:37:15.856+0000] {processor.py:186} INFO - Started process (PID=419) to work on /home/airflow/.local/lib/python3.12/site-packages/airflow/example_dags/example_xcomargs.py
[2026-02-21T12:37:15.860+0000] {processor.py:914} INFO - Processing file /home/airflow/.local/lib/python3.12/site-packages/airflow/example_dags/example_xcomargs.py for tasks to queue
[2026-02-21T12:37:15.873+0000] {logging_mixin.py:190} INFO - [2026-02-21T12:37:15.871+0000] {dagbag.py:588} INFO - Filling up the DagBag from /home/airflow/.local/lib/python3.12/site-packages/airflow/example_dags/example_xcomargs.py
[2026-02-21T12:37:15.927+0000] {processor.py:925} INFO - DAG(s) 'example_xcom_args', 'example_xcom_args_with_operators' retrieved from /home/airflow/.local/lib/python3.12/site-packages/airflow/example_dags/example_xcomargs.py
[2026-02-21T12:37:16.049+0000] {logging_mixin.py:190} INFO - [2026-02-21T12:37:16.048+0000] {dag.py:3239} INFO - Sync 2 DAGs
[2026-02-21T12:37:16.123+0000] {logging_mixin.py:190} INFO - [2026-02-21T12:37:16.121+0000] {dag.py:4180} INFO - Setting next_dagrun for example_xcom_args to None, run_after=None
[2026-02-21T12:37:16.141+0000] {logging_mixin.py:190} INFO - [2026-02-21T12:37:16.140+0000] {dag.py:4180} INFO - Setting next_dagrun for example_xcom_args_with_operators to None, run_after=None
[2026-02-21T12:37:16.235+0000] {processor.py:208} INFO - Processing /home/airflow/.local/lib/python3.12/site-packages/airflow/example_dags/example_xcomargs.py took 0.405 seconds
[2026-02-21T12:37:47.621+0000] {processor.py:186} INFO - Started process (PID=484) to work on /home/airflow/.local/lib/python3.12/site-packages/airflow/example_dags/example_xcomargs.py
[2026-02-21T12:37:47.626+0000] {processor.py:914} INFO - Processing file /home/airflow/.local/lib/python3.12/site-packages/airflow/example_dags/example_xcomargs.py for tasks to queue
[2026-02-21T12:37:47.635+0000] {logging_mixin.py:190} INFO - [2026-02-21T12:37:47.634+0000] {dagbag.py:588} INFO - Filling up the DagBag from /home/airflow/.local/lib/python3.12/site-packages/airflow/example_dags/example_xcomargs.py
[2026-02-21T12:37:47.681+0000] {processor.py:925} INFO - DAG(s) 'example_xcom_args_with_operators', 'example_xcom_args' retrieved from /home/airflow/.local/lib/python3.12/site-packages/airflow/example_dags/example_xcomargs.py
[2026-02-21T12:37:47.778+0000] {logging_mixin.py:190} INFO - [2026-02-21T12:37:47.777+0000] {dag.py:3239} INFO - Sync 2 DAGs
[2026-02-21T12:37:47.845+0000] {logging_mixin.py:190} INFO - [2026-02-21T12:37:47.844+0000] {dag.py:4180} INFO - Setting next_dagrun for example_xcom_args to None, run_after=None
[2026-02-21T12:37:47.860+0000] {logging_mixin.py:190} INFO - [2026-02-21T12:37:47.859+0000] {dag.py:4180} INFO - Setting next_dagrun for example_xcom_args_with_operators to None, run_after=None
[2026-02-21T12:37:47.932+0000] {processor.py:208} INFO - Processing /home/airflow/.local/lib/python3.12/site-packages/airflow/example_dags/example_xcomargs.py took 0.338 seconds
[2026-02-21T12:38:18.651+0000] {processor.py:186} INFO - Started process (PID=548) to work on /home/airflow/.local/lib/python3.12/site-packages/airflow/example_dags/example_xcomargs.py
[2026-02-21T12:38:18.653+0000] {processor.py:914} INFO - Processing file /home/airflow/.local/lib/python3.12/site-packages/airflow/example_dags/example_xcomargs.py for tasks to queue
[2026-02-21T12:38:18.656+0000] {logging_mixin.py:190} INFO - [2026-02-21T12:38:18.655+0000] {dagbag.py:588} INFO - Filling up the DagBag from /home/airflow/.local/lib/python3.12/site-packages/airflow/example_dags/example_xcomargs.py
[2026-02-21T12:38:18.667+0000] {processor.py:925} INFO - DAG(s) 'example_xcom_args_with_operators', 'example_xcom_args' retrieved from /home/airflow/.local/lib/python3.12/site-packages/airflow/example_dags/example_xcomargs.py
[2026-02-21T12:38:18.695+0000] {logging_mixin.py:190} INFO - [2026-02-21T12:38:18.695+0000] {dag.py:3239} INFO - Sync 2 DAGs
[2026-02-21T12:38:18.712+0000] {logging_mixin.py:190} INFO - [2026-02-21T12:38:18.711+0000] {dag.py:4180} INFO - Setting next_dagrun for example_xcom_args to None, run_after=None
[2026-02-21T12:38:18.717+0000] {logging_mixin.py:190} INFO - [2026-02-21T12:38:18.717+0000] {dag.py:4180} INFO - Setting next_dagrun for example_xcom_args_with_operators to None, run_after=None
[2026-02-21T12:38:18.739+0000] {processor.py:208} INFO - Processing /home/airflow/.local/lib/python3.12/site-packages/airflow/example_dags/example_xcomargs.py took 0.095 seconds
[2026-02-21T12:38:49.145+0000] {processor.py:186} INFO - Started process (PID=619) to work on /home/airflow/.local/lib/python3.12/site-packages/airflow/example_dags/example_xcomargs.py
[2026-02-21T12:38:49.150+0000] {processor.py:914} INFO - Processing file /home/airflow/.local/lib/python3.12/site-packages/airflow/example_dags/example_xcomargs.py for tasks to queue
[2026-02-21T12:38:49.160+0000] {logging_mixin.py:190} INFO - [2026-02-21T12:38:49.159+0000] {dagbag.py:588} INFO - Filling up the DagBag from /home/airflow/.local/lib/python3.12/site-packages/airflow/example_dags/example_xcomargs.py
[2026-02-21T12:38:49.211+0000] {processor.py:925} INFO - DAG(s) 'example_xcom_args_with_operators', 'example_xcom_args' retrieved from /home/airflow/.local/lib/python3.12/site-packages/airflow/example_dags/example_xcomargs.py
[2026-02-21T12:38:49.303+0000] {logging_mixin.py:190} INFO - [2026-02-21T12:38:49.302+0000] {dag.py:3239} INFO - Sync 2 DAGs
[2026-02-21T12:38:49.376+0000] {logging_mixin.py:190} INFO - [2026-02-21T12:38:49.375+0000] {dag.py:4180} INFO - Setting next_dagrun for example_xcom_args to None, run_after=None
[2026-02-21T12:38:49.392+0000] {logging_mixin.py:190} INFO - [2026-02-21T12:38:49.391+0000] {dag.py:4180} INFO - Setting next_dagrun for example_xcom_args_with_operators to None, run_after=None
[2026-02-21T12:38:49.460+0000] {processor.py:208} INFO - Processing /home/airflow/.local/lib/python3.12/site-packages/airflow/example_dags/example_xcomargs.py took 0.336 seconds
[2026-02-21T12:39:20.328+0000] {processor.py:186} INFO - Started process (PID=684) to work on /home/airflow/.local/lib/python3.12/site-packages/airflow/example_dags/example_xcomargs.py
[2026-02-21T12:39:20.332+0000] {processor.py:914} INFO - Processing file /home/airflow/.local/lib/python3.12/site-packages/airflow/example_dags/example_xcomargs.py for tasks to queue
[2026-02-21T12:39:20.343+0000] {logging_mixin.py:190} INFO - [2026-02-21T12:39:20.341+0000] {dagbag.py:588} INFO - Filling up the DagBag from /home/airflow/.local/lib/python3.12/site-packages/airflow/example_dags/example_xcomargs.py
[2026-02-21T12:39:20.393+0000] {processor.py:925} INFO - DAG(s) 'example_xcom_args_with_operators', 'example_xcom_args' retrieved from /home/airflow/.local/lib/python3.12/site-packages/airflow/example_dags/example_xcomargs.py
[2026-02-21T12:39:20.481+0000] {logging_mixin.py:190} INFO - [2026-02-21T12:39:20.480+0000] {dag.py:3239} INFO - Sync 2 DAGs
[2026-02-21T12:39:20.538+0000] {logging_mixin.py:190} INFO - [2026-02-21T12:39:20.537+0000] {dag.py:4180} INFO - Setting next_dagrun for example_xcom_args to None, run_after=None
[2026-02-21T12:39:20.553+0000] {logging_mixin.py:190} INFO - [2026-02-21T12:39:20.552+0000] {dag.py:4180} INFO - Setting next_dagrun for example_xcom_args_with_operators to None, run_after=None
[2026-02-21T12:39:20.618+0000] {processor.py:208} INFO - Processing /home/airflow/.local/lib/python3.12/site-packages/airflow/example_dags/example_xcomargs.py took 0.315 seconds
[2026-02-21T12:40:19.571+0000] {processor.py:186} INFO - Started process (PID=754) to work on /home/airflow/.local/lib/python3.12/site-packages/airflow/example_dags/example_xcomargs.py
[2026-02-21T12:40:19.588+0000] {processor.py:914} INFO - Processing file /home/airflow/.local/lib/python3.12/site-packages/airflow/example_dags/example_xcomargs.py for tasks to queue
[2026-02-21T12:40:19.611+0000] {logging_mixin.py:190} INFO - [2026-02-21T12:40:19.609+0000] {dagbag.py:588} INFO - Filling up the DagBag from /home/airflow/.local/lib/python3.12/site-packages/airflow/example_dags/example_xcomargs.py
[2026-02-21T12:40:19.773+0000] {processor.py:925} INFO - DAG(s) 'example_xcom_args_with_operators', 'example_xcom_args' retrieved from /home/airflow/.local/lib/python3.12/site-packages/airflow/example_dags/example_xcomargs.py
[2026-02-21T12:40:19.985+0000] {logging_mixin.py:190} INFO - [2026-02-21T12:40:19.984+0000] {dag.py:3239} INFO - Sync 2 DAGs
[2026-02-21T12:40:20.156+0000] {logging_mixin.py:190} INFO - [2026-02-21T12:40:20.155+0000] {dag.py:4180} INFO - Setting next_dagrun for example_xcom_args to None, run_after=None
[2026-02-21T12:40:20.196+0000] {logging_mixin.py:190} INFO - [2026-02-21T12:40:20.195+0000] {dag.py:4180} INFO - Setting next_dagrun for example_xcom_args_with_operators to None, run_after=None
[2026-02-21T12:40:20.468+0000] {processor.py:208} INFO - Processing /home/airflow/.local/lib/python3.12/site-packages/airflow/example_dags/example_xcomargs.py took 0.952 seconds
[2026-02-21T12:41:43.408+0000] {processor.py:186} INFO - Started process (PID=810) to work on /home/airflow/.local/lib/python3.12/site-packages/airflow/example_dags/example_xcomargs.py
[2026-02-21T12:41:43.412+0000] {processor.py:914} INFO - Processing file /home/airflow/.local/lib/python3.12/site-packages/airflow/example_dags/example_xcomargs.py for tasks to queue
[2026-02-21T12:41:43.417+0000] {logging_mixin.py:190} INFO - [2026-02-21T12:41:43.416+0000] {dagbag.py:588} INFO - Filling up the DagBag from /home/airflow/.local/lib/python3.12/site-packages/airflow/example_dags/example_xcomargs.py
[2026-02-21T12:41:43.475+0000] {processor.py:925} INFO - DAG(s) 'example_xcom_args_with_operators', 'example_xcom_args' retrieved from /home/airflow/.local/lib/python3.12/site-packages/airflow/example_dags/example_xcomargs.py
[2026-02-21T12:41:43.589+0000] {logging_mixin.py:190} INFO - [2026-02-21T12:41:43.587+0000] {dag.py:3239} INFO - Sync 2 DAGs
[2026-02-21T12:41:43.660+0000] {logging_mixin.py:190} INFO - [2026-02-21T12:41:43.660+0000] {dag.py:4180} INFO - Setting next_dagrun for example_xcom_args to None, run_after=None
[2026-02-21T12:41:43.676+0000] {logging_mixin.py:190} INFO - [2026-02-21T12:41:43.675+0000] {dag.py:4180} INFO - Setting next_dagrun for example_xcom_args_with_operators to None, run_after=None
[2026-02-21T12:41:43.745+0000] {processor.py:208} INFO - Processing /home/airflow/.local/lib/python3.12/site-packages/airflow/example_dags/example_xcomargs.py took 0.362 seconds
[2026-02-21T12:42:18.116+0000] {processor.py:186} INFO - Started process (PID=882) to work on /home/airflow/.local/lib/python3.12/site-packages/airflow/example_dags/example_xcomargs.py
[2026-02-21T12:42:18.122+0000] {processor.py:914} INFO - Processing file /home/airflow/.local/lib/python3.12/site-packages/airflow/example_dags/example_xcomargs.py for tasks to queue
[2026-02-21T12:42:18.128+0000] {logging_mixin.py:190} INFO - [2026-02-21T12:42:18.126+0000] {dagbag.py:588} INFO - Filling up the DagBag from /home/airflow/.local/lib/python3.12/site-packages/airflow/example_dags/example_xcomargs.py
[2026-02-21T12:42:18.177+0000] {processor.py:925} INFO - DAG(s) 'example_xcom_args', 'example_xcom_args_with_operators' retrieved from /home/airflow/.local/lib/python3.12/site-packages/airflow/example_dags/example_xcomargs.py
[2026-02-21T12:42:18.316+0000] {logging_mixin.py:190} INFO - [2026-02-21T12:42:18.314+0000] {dag.py:3239} INFO - Sync 2 DAGs
[2026-02-21T12:42:18.414+0000] {logging_mixin.py:190} INFO - [2026-02-21T12:42:18.413+0000] {dag.py:4180} INFO - Setting next_dagrun for example_xcom_args to None, run_after=None
[2026-02-21T12:42:18.442+0000] {logging_mixin.py:190} INFO - [2026-02-21T12:42:18.441+0000] {dag.py:4180} INFO - Setting next_dagrun for example_xcom_args_with_operators to None, run_after=None
[2026-02-21T12:42:18.535+0000] {processor.py:208} INFO - Processing /home/airflow/.local/lib/python3.12/site-packages/airflow/example_dags/example_xcomargs.py took 0.445 seconds
[2026-02-21T12:54:08.357+0000] {processor.py:186} INFO - Started process (PID=971) to work on /home/airflow/.local/lib/python3.12/site-packages/airflow/example_dags/example_xcomargs.py
[2026-02-21T12:54:08.361+0000] {processor.py:914} INFO - Processing file /home/airflow/.local/lib/python3.12/site-packages/airflow/example_dags/example_xcomargs.py for tasks to queue
[2026-02-21T12:54:08.368+0000] {logging_mixin.py:190} INFO - [2026-02-21T12:54:08.367+0000] {dagbag.py:588} INFO - Filling up the DagBag from /home/airflow/.local/lib/python3.12/site-packages/airflow/example_dags/example_xcomargs.py
[2026-02-21T12:54:08.401+0000] {processor.py:925} INFO - DAG(s) 'example_xcom_args', 'example_xcom_args_with_operators' retrieved from /home/airflow/.local/lib/python3.12/site-packages/airflow/example_dags/example_xcomargs.py
[2026-02-21T12:54:08.481+0000] {logging_mixin.py:190} INFO - [2026-02-21T12:54:08.480+0000] {dag.py:3239} INFO - Sync 2 DAGs
[2026-02-21T12:54:08.527+0000] {logging_mixin.py:190} INFO - [2026-02-21T12:54:08.527+0000] {dag.py:4180} INFO - Setting next_dagrun for example_xcom_args to None, run_after=None
[2026-02-21T12:54:08.541+0000] {logging_mixin.py:190} INFO - [2026-02-21T12:54:08.540+0000] {dag.py:4180} INFO - Setting next_dagrun for example_xcom_args_with_operators to None, run_after=None
[2026-02-21T12:54:08.599+0000] {processor.py:208} INFO - Processing /home/airflow/.local/lib/python3.12/site-packages/airflow/example_dags/example_xcomargs.py took 0.259 seconds
[2026-02-21T12:54:39.740+0000] {processor.py:186} INFO - Started process (PID=1036) to work on /home/airflow/.local/lib/python3.12/site-packages/airflow/example_dags/example_xcomargs.py
[2026-02-21T12:54:39.743+0000] {processor.py:914} INFO - Processing file /home/airflow/.local/lib/python3.12/site-packages/airflow/example_dags/example_xcomargs.py for tasks to queue
[2026-02-21T12:54:39.751+0000] {logging_mixin.py:190} INFO - [2026-02-21T12:54:39.750+0000] {dagbag.py:588} INFO - Filling up the DagBag from /home/airflow/.local/lib/python3.12/site-packages/airflow/example_dags/example_xcomargs.py
[2026-02-21T12:54:39.785+0000] {processor.py:925} INFO - DAG(s) 'example_xcom_args_with_operators', 'example_xcom_args' retrieved from /home/airflow/.local/lib/python3.12/site-packages/airflow/example_dags/example_xcomargs.py
[2026-02-21T12:54:39.863+0000] {logging_mixin.py:190} INFO - [2026-02-21T12:54:39.862+0000] {dag.py:3239} INFO - Sync 2 DAGs
[2026-02-21T12:54:39.908+0000] {logging_mixin.py:190} INFO - [2026-02-21T12:54:39.908+0000] {dag.py:4180} INFO - Setting next_dagrun for example_xcom_args to None, run_after=None
[2026-02-21T12:54:39.921+0000] {logging_mixin.py:190} INFO - [2026-02-21T12:54:39.920+0000] {dag.py:4180} INFO - Setting next_dagrun for example_xcom_args_with_operators to None, run_after=None
[2026-02-21T12:54:39.978+0000] {processor.py:208} INFO - Processing /home/airflow/.local/lib/python3.12/site-packages/airflow/example_dags/example_xcomargs.py took 0.257 seconds
[2026-02-21T12:55:15.683+0000] {processor.py:186} INFO - Started process (PID=1106) to work on /home/airflow/.local/lib/python3.12/site-packages/airflow/example_dags/example_xcomargs.py
[2026-02-21T12:55:15.687+0000] {processor.py:914} INFO - Processing file /home/airflow/.local/lib/python3.12/site-packages/airflow/example_dags/example_xcomargs.py for tasks to queue
[2026-02-21T12:55:15.695+0000] {logging_mixin.py:190} INFO - [2026-02-21T12:55:15.694+0000] {dagbag.py:588} INFO - Filling up the DagBag from /home/airflow/.local/lib/python3.12/site-packages/airflow/example_dags/example_xcomargs.py
[2026-02-21T12:55:15.729+0000] {processor.py:925} INFO - DAG(s) 'example_xcom_args', 'example_xcom_args_with_operators' retrieved from /home/airflow/.local/lib/python3.12/site-packages/airflow/example_dags/example_xcomargs.py
[2026-02-21T12:55:15.808+0000] {logging_mixin.py:190} INFO - [2026-02-21T12:55:15.808+0000] {dag.py:3239} INFO - Sync 2 DAGs
[2026-02-21T12:55:15.846+0000] {logging_mixin.py:190} INFO - [2026-02-21T12:55:15.845+0000] {dag.py:4180} INFO - Setting next_dagrun for example_xcom_args to None, run_after=None
[2026-02-21T12:55:15.859+0000] {logging_mixin.py:190} INFO - [2026-02-21T12:55:15.858+0000] {dag.py:4180} INFO - Setting next_dagrun for example_xcom_args_with_operators to None, run_after=None
[2026-02-21T12:55:15.909+0000] {processor.py:208} INFO - Processing /home/airflow/.local/lib/python3.12/site-packages/airflow/example_dags/example_xcomargs.py took 0.242 seconds
[2026-02-21T17:10:23.765+0000] {processor.py:186} INFO - Started process (PID=1210) to work on /home/airflow/.local/lib/python3.12/site-packages/airflow/example_dags/example_xcomargs.py
[2026-02-21T17:10:23.768+0000] {processor.py:914} INFO - Processing file /home/airflow/.local/lib/python3.12/site-packages/airflow/example_dags/example_xcomargs.py for tasks to queue
[2026-02-21T17:10:23.773+0000] {logging_mixin.py:190} INFO - [2026-02-21T17:10:23.772+0000] {dagbag.py:588} INFO - Filling up the DagBag from /home/airflow/.local/lib/python3.12/site-packages/airflow/example_dags/example_xcomargs.py
[2026-02-21T17:10:23.792+0000] {processor.py:925} INFO - DAG(s) 'example_xcom_args', 'example_xcom_args_with_operators' retrieved from /home/airflow/.local/lib/python3.12/site-packages/airflow/example_dags/example_xcomargs.py
[2026-02-21T17:10:23.840+0000] {logging_mixin.py:190} INFO - [2026-02-21T17:10:23.839+0000] {dag.py:3239} INFO - Sync 2 DAGs
[2026-02-21T17:10:23.867+0000] {logging_mixin.py:190} INFO - [2026-02-21T17:10:23.867+0000] {dag.py:4180} INFO - Setting next_dagrun for example_xcom_args to None, run_after=None
[2026-02-21T17:10:23.874+0000] {logging_mixin.py:190} INFO - [2026-02-21T17:10:23.874+0000] {dag.py:4180} INFO - Setting next_dagrun for example_xcom_args_with_operators to None, run_after=None
[2026-02-21T17:10:23.903+0000] {processor.py:208} INFO - Processing /home/airflow/.local/lib/python3.12/site-packages/airflow/example_dags/example_xcomargs.py took 0.150 seconds
[2026-02-21T17:10:59.422+0000] {processor.py:186} INFO - Started process (PID=1275) to work on /home/airflow/.local/lib/python3.12/site-packages/airflow/example_dags/example_xcomargs.py
[2026-02-21T17:10:59.425+0000] {processor.py:914} INFO - Processing file /home/airflow/.local/lib/python3.12/site-packages/airflow/example_dags/example_xcomargs.py for tasks to queue
[2026-02-21T17:10:59.432+0000] {logging_mixin.py:190} INFO - [2026-02-21T17:10:59.431+0000] {dagbag.py:588} INFO - Filling up the DagBag from /home/airflow/.local/lib/python3.12/site-packages/airflow/example_dags/example_xcomargs.py
[2026-02-21T17:10:59.463+0000] {processor.py:925} INFO - DAG(s) 'example_xcom_args', 'example_xcom_args_with_operators' retrieved from /home/airflow/.local/lib/python3.12/site-packages/airflow/example_dags/example_xcomargs.py
[2026-02-21T17:10:59.525+0000] {logging_mixin.py:190} INFO - [2026-02-21T17:10:59.524+0000] {dag.py:3239} INFO - Sync 2 DAGs
[2026-02-21T17:10:59.556+0000] {logging_mixin.py:190} INFO - [2026-02-21T17:10:59.556+0000] {dag.py:4180} INFO - Setting next_dagrun for example_xcom_args to None, run_after=None
[2026-02-21T17:10:59.565+0000] {logging_mixin.py:190} INFO - [2026-02-21T17:10:59.565+0000] {dag.py:4180} INFO - Setting next_dagrun for example_xcom_args_with_operators to None, run_after=None
[2026-02-21T17:10:59.611+0000] {processor.py:208} INFO - Processing /home/airflow/.local/lib/python3.12/site-packages/airflow/example_dags/example_xcomargs.py took 0.204 seconds
[2026-02-21T17:11:33.035+0000] {processor.py:186} INFO - Started process (PID=1340) to work on /home/airflow/.local/lib/python3.12/site-packages/airflow/example_dags/example_xcomargs.py
[2026-02-21T17:11:33.038+0000] {processor.py:914} INFO - Processing file /home/airflow/.local/lib/python3.12/site-packages/airflow/example_dags/example_xcomargs.py for tasks to queue
[2026-02-21T17:11:33.044+0000] {logging_mixin.py:190} INFO - [2026-02-21T17:11:33.043+0000] {dagbag.py:588} INFO - Filling up the DagBag from /home/airflow/.local/lib/python3.12/site-packages/airflow/example_dags/example_xcomargs.py
[2026-02-21T17:11:33.071+0000] {processor.py:925} INFO - DAG(s) 'example_xcom_args_with_operators', 'example_xcom_args' retrieved from /home/airflow/.local/lib/python3.12/site-packages/airflow/example_dags/example_xcomargs.py
[2026-02-21T17:11:33.140+0000] {logging_mixin.py:190} INFO - [2026-02-21T17:11:33.139+0000] {dag.py:3239} INFO - Sync 2 DAGs
[2026-02-21T17:11:33.181+0000] {logging_mixin.py:190} INFO - [2026-02-21T17:11:33.180+0000] {dag.py:4180} INFO - Setting next_dagrun for example_xcom_args to None, run_after=None
[2026-02-21T17:11:33.190+0000] {logging_mixin.py:190} INFO - [2026-02-21T17:11:33.190+0000] {dag.py:4180} INFO - Setting next_dagrun for example_xcom_args_with_operators to None, run_after=None
[2026-02-21T17:11:33.237+0000] {processor.py:208} INFO - Processing /home/airflow/.local/lib/python3.12/site-packages/airflow/example_dags/example_xcomargs.py took 0.215 seconds
[2026-02-21T17:12:03.710+0000] {processor.py:186} INFO - Started process (PID=1405) to work on /home/airflow/.local/lib/python3.12/site-packages/airflow/example_dags/example_xcomargs.py
[2026-02-21T17:12:03.717+0000] {processor.py:914} INFO - Processing file /home/airflow/.local/lib/python3.12/site-packages/airflow/example_dags/example_xcomargs.py for tasks to queue
[2026-02-21T17:12:03.720+0000] {logging_mixin.py:190} INFO - [2026-02-21T17:12:03.720+0000] {dagbag.py:588} INFO - Filling up the DagBag from /home/airflow/.local/lib/python3.12/site-packages/airflow/example_dags/example_xcomargs.py
[2026-02-21T17:12:03.733+0000] {processor.py:925} INFO - DAG(s) 'example_xcom_args', 'example_xcom_args_with_operators' retrieved from /home/airflow/.local/lib/python3.12/site-packages/airflow/example_dags/example_xcomargs.py
[2026-02-21T17:12:03.763+0000] {logging_mixin.py:190} INFO - [2026-02-21T17:12:03.763+0000] {dag.py:3239} INFO - Sync 2 DAGs
[2026-02-21T17:12:03.778+0000] {logging_mixin.py:190} INFO - [2026-02-21T17:12:03.778+0000] {dag.py:4180} INFO - Setting next_dagrun for example_xcom_args to None, run_after=None
[2026-02-21T17:12:03.783+0000] {logging_mixin.py:190} INFO - [2026-02-21T17:12:03.782+0000] {dag.py:4180} INFO - Setting next_dagrun for example_xcom_args_with_operators to None, run_after=None
[2026-02-21T17:12:03.807+0000] {processor.py:208} INFO - Processing /home/airflow/.local/lib/python3.12/site-packages/airflow/example_dags/example_xcomargs.py took 0.105 seconds
[2026-02-21T17:12:34.685+0000] {processor.py:186} INFO - Started process (PID=1470) to work on /home/airflow/.local/lib/python3.12/site-packages/airflow/example_dags/example_xcomargs.py
[2026-02-21T17:12:34.687+0000] {processor.py:914} INFO - Processing file /home/airflow/.local/lib/python3.12/site-packages/airflow/example_dags/example_xcomargs.py for tasks to queue
[2026-02-21T17:12:34.691+0000] {logging_mixin.py:190} INFO - [2026-02-21T17:12:34.690+0000] {dagbag.py:588} INFO - Filling up the DagBag from /home/airflow/.local/lib/python3.12/site-packages/airflow/example_dags/example_xcomargs.py
[2026-02-21T17:12:34.707+0000] {processor.py:925} INFO - DAG(s) 'example_xcom_args', 'example_xcom_args_with_operators' retrieved from /home/airflow/.local/lib/python3.12/site-packages/airflow/example_dags/example_xcomargs.py
[2026-02-21T17:12:34.742+0000] {logging_mixin.py:190} INFO - [2026-02-21T17:12:34.742+0000] {dag.py:3239} INFO - Sync 2 DAGs
[2026-02-21T17:12:34.763+0000] {logging_mixin.py:190} INFO - [2026-02-21T17:12:34.763+0000] {dag.py:4180} INFO - Setting next_dagrun for example_xcom_args to None, run_after=None
[2026-02-21T17:12:34.770+0000] {logging_mixin.py:190} INFO - [2026-02-21T17:12:34.769+0000] {dag.py:4180} INFO - Setting next_dagrun for example_xcom_args_with_operators to None, run_after=None
[2026-02-21T17:12:34.795+0000] {processor.py:208} INFO - Processing /home/airflow/.local/lib/python3.12/site-packages/airflow/example_dags/example_xcomargs.py took 0.119 seconds
[2026-02-21T17:13:05.839+0000] {processor.py:186} INFO - Started process (PID=1536) to work on /home/airflow/.local/lib/python3.12/site-packages/airflow/example_dags/example_xcomargs.py
[2026-02-21T17:13:05.841+0000] {processor.py:914} INFO - Processing file /home/airflow/.local/lib/python3.12/site-packages/airflow/example_dags/example_xcomargs.py for tasks to queue
[2026-02-21T17:13:05.847+0000] {logging_mixin.py:190} INFO - [2026-02-21T17:13:05.846+0000] {dagbag.py:588} INFO - Filling up the DagBag from /home/airflow/.local/lib/python3.12/site-packages/airflow/example_dags/example_xcomargs.py
[2026-02-21T17:13:05.866+0000] {processor.py:925} INFO - DAG(s) 'example_xcom_args', 'example_xcom_args_with_operators' retrieved from /home/airflow/.local/lib/python3.12/site-packages/airflow/example_dags/example_xcomargs.py
[2026-02-21T17:13:05.907+0000] {logging_mixin.py:190} INFO - [2026-02-21T17:13:05.907+0000] {dag.py:3239} INFO - Sync 2 DAGs
[2026-02-21T17:13:05.932+0000] {logging_mixin.py:190} INFO - [2026-02-21T17:13:05.932+0000] {dag.py:4180} INFO - Setting next_dagrun for example_xcom_args to None, run_after=None
[2026-02-21T17:13:05.939+0000] {logging_mixin.py:190} INFO - [2026-02-21T17:13:05.938+0000] {dag.py:4180} INFO - Setting next_dagrun for example_xcom_args_with_operators to None, run_after=None
[2026-02-21T17:13:05.969+0000] {processor.py:208} INFO - Processing /home/airflow/.local/lib/python3.12/site-packages/airflow/example_dags/example_xcomargs.py took 0.140 seconds
[2026-02-21T17:13:37.966+0000] {processor.py:186} INFO - Started process (PID=1601) to work on /home/airflow/.local/lib/python3.12/site-packages/airflow/example_dags/example_xcomargs.py
[2026-02-21T17:13:37.969+0000] {processor.py:914} INFO - Processing file /home/airflow/.local/lib/python3.12/site-packages/airflow/example_dags/example_xcomargs.py for tasks to queue
[2026-02-21T17:13:37.977+0000] {logging_mixin.py:190} INFO - [2026-02-21T17:13:37.976+0000] {dagbag.py:588} INFO - Filling up the DagBag from /home/airflow/.local/lib/python3.12/site-packages/airflow/example_dags/example_xcomargs.py
[2026-02-21T17:13:38.013+0000] {processor.py:925} INFO - DAG(s) 'example_xcom_args', 'example_xcom_args_with_operators' retrieved from /home/airflow/.local/lib/python3.12/site-packages/airflow/example_dags/example_xcomargs.py
[2026-02-21T17:13:38.088+0000] {logging_mixin.py:190} INFO - [2026-02-21T17:13:38.087+0000] {dag.py:3239} INFO - Sync 2 DAGs
[2026-02-21T17:13:38.134+0000] {logging_mixin.py:190} INFO - [2026-02-21T17:13:38.134+0000] {dag.py:4180} INFO - Setting next_dagrun for example_xcom_args to None, run_after=None
[2026-02-21T17:13:38.145+0000] {logging_mixin.py:190} INFO - [2026-02-21T17:13:38.144+0000] {dag.py:4180} INFO - Setting next_dagrun for example_xcom_args_with_operators to None, run_after=None
[2026-02-21T17:13:38.198+0000] {processor.py:208} INFO - Processing /home/airflow/.local/lib/python3.12/site-packages/airflow/example_dags/example_xcomargs.py took 0.249 seconds
[2026-02-21T19:41:19.729+0000] {processor.py:186} INFO - Started process (PID=1657) to work on /home/airflow/.local/lib/python3.12/site-packages/airflow/example_dags/example_xcomargs.py
[2026-02-21T19:41:19.732+0000] {processor.py:914} INFO - Processing file /home/airflow/.local/lib/python3.12/site-packages/airflow/example_dags/example_xcomargs.py for tasks to queue
[2026-02-21T19:41:19.734+0000] {logging_mixin.py:190} INFO - [2026-02-21T19:41:19.734+0000] {dagbag.py:588} INFO - Filling up the DagBag from /home/airflow/.local/lib/python3.12/site-packages/airflow/example_dags/example_xcomargs.py
[2026-02-21T19:41:19.750+0000] {processor.py:925} INFO - DAG(s) 'example_xcom_args_with_operators', 'example_xcom_args' retrieved from /home/airflow/.local/lib/python3.12/site-packages/airflow/example_dags/example_xcomargs.py
[2026-02-21T19:41:19.781+0000] {logging_mixin.py:190} INFO - [2026-02-21T19:41:19.781+0000] {dag.py:3239} INFO - Sync 2 DAGs
[2026-02-21T19:41:19.798+0000] {logging_mixin.py:190} INFO - [2026-02-21T19:41:19.798+0000] {dag.py:4180} INFO - Setting next_dagrun for example_xcom_args to None, run_after=None
[2026-02-21T19:41:19.803+0000] {logging_mixin.py:190} INFO - [2026-02-21T19:41:19.803+0000] {dag.py:4180} INFO - Setting next_dagrun for example_xcom_args_with_operators to None, run_after=None
[2026-02-21T19:41:19.828+0000] {processor.py:208} INFO - Processing /home/airflow/.local/lib/python3.12/site-packages/airflow/example_dags/example_xcomargs.py took 0.107 seconds
[2026-02-21T19:42:03.687+0000] {processor.py:186} INFO - Started process (PID=2315) to work on /home/airflow/.local/lib/python3.12/site-packages/airflow/example_dags/example_xcomargs.py
[2026-02-21T19:42:03.693+0000] {processor.py:914} INFO - Processing file /home/airflow/.local/lib/python3.12/site-packages/airflow/example_dags/example_xcomargs.py for tasks to queue
[2026-02-21T19:42:03.699+0000] {logging_mixin.py:190} INFO - [2026-02-21T19:42:03.697+0000] {dagbag.py:588} INFO - Filling up the DagBag from /home/airflow/.local/lib/python3.12/site-packages/airflow/example_dags/example_xcomargs.py
[2026-02-21T19:42:03.764+0000] {processor.py:925} INFO - DAG(s) 'example_xcom_args_with_operators', 'example_xcom_args' retrieved from /home/airflow/.local/lib/python3.12/site-packages/airflow/example_dags/example_xcomargs.py
[2026-02-21T19:42:03.900+0000] {logging_mixin.py:190} INFO - [2026-02-21T19:42:03.899+0000] {dag.py:3239} INFO - Sync 2 DAGs
[2026-02-21T19:42:03.979+0000] {logging_mixin.py:190} INFO - [2026-02-21T19:42:03.978+0000] {dag.py:4180} INFO - Setting next_dagrun for example_xcom_args to None, run_after=None
[2026-02-21T19:42:03.999+0000] {logging_mixin.py:190} INFO - [2026-02-21T19:42:03.998+0000] {dag.py:4180} INFO - Setting next_dagrun for example_xcom_args_with_operators to None, run_after=None
[2026-02-21T19:42:04.082+0000] {processor.py:208} INFO - Processing /home/airflow/.local/lib/python3.12/site-packages/airflow/example_dags/example_xcomargs.py took 0.429 seconds
[2026-02-21T20:59:56.239+0000] {processor.py:186} INFO - Started process (PID=2426) to work on /home/airflow/.local/lib/python3.12/site-packages/airflow/example_dags/example_xcomargs.py
[2026-02-21T20:59:56.250+0000] {processor.py:914} INFO - Processing file /home/airflow/.local/lib/python3.12/site-packages/airflow/example_dags/example_xcomargs.py for tasks to queue
[2026-02-21T20:59:56.272+0000] {logging_mixin.py:190} INFO - [2026-02-21T20:59:56.270+0000] {dagbag.py:588} INFO - Filling up the DagBag from /home/airflow/.local/lib/python3.12/site-packages/airflow/example_dags/example_xcomargs.py
[2026-02-21T20:59:56.379+0000] {processor.py:925} INFO - DAG(s) 'example_xcom_args', 'example_xcom_args_with_operators' retrieved from /home/airflow/.local/lib/python3.12/site-packages/airflow/example_dags/example_xcomargs.py
[2026-02-21T20:59:56.607+0000] {logging_mixin.py:190} INFO - [2026-02-21T20:59:56.605+0000] {dag.py:3239} INFO - Sync 2 DAGs
[2026-02-21T20:59:56.744+0000] {logging_mixin.py:190} INFO - [2026-02-21T20:59:56.739+0000] {dag.py:4180} INFO - Setting next_dagrun for example_xcom_args to None, run_after=None
[2026-02-21T20:59:56.788+0000] {logging_mixin.py:190} INFO - [2026-02-21T20:59:56.787+0000] {dag.py:4180} INFO - Setting next_dagrun for example_xcom_args_with_operators to None, run_after=None
[2026-02-21T20:59:56.958+0000] {processor.py:208} INFO - Processing /home/airflow/.local/lib/python3.12/site-packages/airflow/example_dags/example_xcomargs.py took 0.789 seconds
[2026-02-21T21:00:45.756+0000] {processor.py:186} INFO - Started process (PID=2491) to work on /home/airflow/.local/lib/python3.12/site-packages/airflow/example_dags/example_xcomargs.py
[2026-02-21T21:00:45.770+0000] {processor.py:914} INFO - Processing file /home/airflow/.local/lib/python3.12/site-packages/airflow/example_dags/example_xcomargs.py for tasks to queue
[2026-02-21T21:00:45.789+0000] {logging_mixin.py:190} INFO - [2026-02-21T21:00:45.787+0000] {dagbag.py:588} INFO - Filling up the DagBag from /home/airflow/.local/lib/python3.12/site-packages/airflow/example_dags/example_xcomargs.py
[2026-02-21T21:00:45.923+0000] {processor.py:925} INFO - DAG(s) 'example_xcom_args', 'example_xcom_args_with_operators' retrieved from /home/airflow/.local/lib/python3.12/site-packages/airflow/example_dags/example_xcomargs.py
[2026-02-21T21:00:46.122+0000] {logging_mixin.py:190} INFO - [2026-02-21T21:00:46.121+0000] {dag.py:3239} INFO - Sync 2 DAGs
[2026-02-21T21:00:46.301+0000] {logging_mixin.py:190} INFO - [2026-02-21T21:00:46.300+0000] {dag.py:4180} INFO - Setting next_dagrun for example_xcom_args to None, run_after=None
[2026-02-21T21:00:46.344+0000] {logging_mixin.py:190} INFO - [2026-02-21T21:00:46.341+0000] {dag.py:4180} INFO - Setting next_dagrun for example_xcom_args_with_operators to None, run_after=None
[2026-02-21T21:00:46.593+0000] {processor.py:208} INFO - Processing /home/airflow/.local/lib/python3.12/site-packages/airflow/example_dags/example_xcomargs.py took 0.907 seconds
[2026-02-21T21:14:39.684+0000] {processor.py:186} INFO - Started process (PID=2573) to work on /home/airflow/.local/lib/python3.12/site-packages/airflow/example_dags/example_xcomargs.py
[2026-02-21T21:14:39.689+0000] {processor.py:914} INFO - Processing file /home/airflow/.local/lib/python3.12/site-packages/airflow/example_dags/example_xcomargs.py for tasks to queue
[2026-02-21T21:14:39.704+0000] {logging_mixin.py:190} INFO - [2026-02-21T21:14:39.702+0000] {dagbag.py:588} INFO - Filling up the DagBag from /home/airflow/.local/lib/python3.12/site-packages/airflow/example_dags/example_xcomargs.py
[2026-02-21T21:14:39.827+0000] {processor.py:925} INFO - DAG(s) 'example_xcom_args_with_operators', 'example_xcom_args' retrieved from /home/airflow/.local/lib/python3.12/site-packages/airflow/example_dags/example_xcomargs.py
[2026-02-21T21:14:40.038+0000] {logging_mixin.py:190} INFO - [2026-02-21T21:14:40.037+0000] {dag.py:3239} INFO - Sync 2 DAGs
[2026-02-21T21:14:40.158+0000] {logging_mixin.py:190} INFO - [2026-02-21T21:14:40.154+0000] {dag.py:4180} INFO - Setting next_dagrun for example_xcom_args to None, run_after=None
[2026-02-21T21:14:40.183+0000] {logging_mixin.py:190} INFO - [2026-02-21T21:14:40.182+0000] {dag.py:4180} INFO - Setting next_dagrun for example_xcom_args_with_operators to None, run_after=None
[2026-02-21T21:14:40.337+0000] {processor.py:208} INFO - Processing /home/airflow/.local/lib/python3.12/site-packages/airflow/example_dags/example_xcomargs.py took 0.710 seconds
[2026-02-21T21:35:01.060+0000] {processor.py:186} INFO - Started process (PID=2638) to work on /home/airflow/.local/lib/python3.12/site-packages/airflow/example_dags/example_xcomargs.py
[2026-02-21T21:35:01.087+0000] {processor.py:914} INFO - Processing file /home/airflow/.local/lib/python3.12/site-packages/airflow/example_dags/example_xcomargs.py for tasks to queue
[2026-02-21T21:35:01.118+0000] {logging_mixin.py:190} INFO - [2026-02-21T21:35:01.105+0000] {dagbag.py:588} INFO - Filling up the DagBag from /home/airflow/.local/lib/python3.12/site-packages/airflow/example_dags/example_xcomargs.py
[2026-02-21T21:35:01.426+0000] {processor.py:925} INFO - DAG(s) 'example_xcom_args_with_operators', 'example_xcom_args' retrieved from /home/airflow/.local/lib/python3.12/site-packages/airflow/example_dags/example_xcomargs.py
[2026-02-21T21:35:02.216+0000] {logging_mixin.py:190} INFO - [2026-02-21T21:35:02.215+0000] {dag.py:3239} INFO - Sync 2 DAGs
[2026-02-21T21:35:02.598+0000] {logging_mixin.py:190} INFO - [2026-02-21T21:35:02.597+0000] {dag.py:4180} INFO - Setting next_dagrun for example_xcom_args to None, run_after=None
[2026-02-21T21:35:02.726+0000] {logging_mixin.py:190} INFO - [2026-02-21T21:35:02.725+0000] {dag.py:4180} INFO - Setting next_dagrun for example_xcom_args_with_operators to None, run_after=None
[2026-02-21T21:35:03.270+0000] {processor.py:208} INFO - Processing /home/airflow/.local/lib/python3.12/site-packages/airflow/example_dags/example_xcomargs.py took 2.364 seconds
