[2026-02-21T10:25:01.815+0000] {processor.py:186} INFO - Started process (PID=78) to work on /home/airflow/.local/lib/python3.12/site-packages/airflow/example_dags/example_workday_timetable.py
[2026-02-21T10:25:01.839+0000] {processor.py:914} INFO - Processing file /home/airflow/.local/lib/python3.12/site-packages/airflow/example_dags/example_workday_timetable.py for tasks to queue
[2026-02-21T10:25:01.942+0000] {logging_mixin.py:190} INFO - [2026-02-21T10:25:01.940+0000] {dagbag.py:588} INFO - Filling up the DagBag from /home/airflow/.local/lib/python3.12/site-packages/airflow/example_dags/example_workday_timetable.py
[2026-02-21T10:25:02.077+0000] {processor.py:925} INFO - DAG(s) 'example_workday_timetable' retrieved from /home/airflow/.local/lib/python3.12/site-packages/airflow/example_dags/example_workday_timetable.py
[2026-02-21T10:25:02.395+0000] {logging_mixin.py:190} INFO - [2026-02-21T10:25:02.394+0000] {dag.py:3239} INFO - Sync 1 DAGs
[2026-02-21T10:25:03.388+0000] {logging_mixin.py:190} INFO - [2026-02-21T10:25:03.387+0000] {dag.py:4180} INFO - Setting next_dagrun for example_workday_timetable to 2021-01-04 00:00:00+00:00, run_after=2021-01-05 00:00:00+00:00
[2026-02-21T10:25:03.510+0000] {processor.py:208} INFO - Processing /home/airflow/.local/lib/python3.12/site-packages/airflow/example_dags/example_workday_timetable.py took 1.783 seconds
[2026-02-21T12:32:59.235+0000] {processor.py:186} INFO - Started process (PID=82) to work on /home/airflow/.local/lib/python3.12/site-packages/airflow/example_dags/example_workday_timetable.py
[2026-02-21T12:32:59.240+0000] {processor.py:914} INFO - Processing file /home/airflow/.local/lib/python3.12/site-packages/airflow/example_dags/example_workday_timetable.py for tasks to queue
[2026-02-21T12:32:59.251+0000] {logging_mixin.py:190} INFO - [2026-02-21T12:32:59.250+0000] {dagbag.py:588} INFO - Filling up the DagBag from /home/airflow/.local/lib/python3.12/site-packages/airflow/example_dags/example_workday_timetable.py
[2026-02-21T12:32:59.279+0000] {processor.py:925} INFO - DAG(s) 'example_workday_timetable' retrieved from /home/airflow/.local/lib/python3.12/site-packages/airflow/example_dags/example_workday_timetable.py
[2026-02-21T12:33:01.967+0000] {logging_mixin.py:190} INFO - [2026-02-21T12:33:01.966+0000] {process_utils.py:266} INFO - Waiting up to 5 seconds for processes to exit...
[2026-02-21T12:34:13.719+0000] {processor.py:186} INFO - Started process (PID=66) to work on /home/airflow/.local/lib/python3.12/site-packages/airflow/example_dags/example_workday_timetable.py
[2026-02-21T12:34:13.723+0000] {processor.py:914} INFO - Processing file /home/airflow/.local/lib/python3.12/site-packages/airflow/example_dags/example_workday_timetable.py for tasks to queue
[2026-02-21T12:34:13.730+0000] {logging_mixin.py:190} INFO - [2026-02-21T12:34:13.729+0000] {dagbag.py:588} INFO - Filling up the DagBag from /home/airflow/.local/lib/python3.12/site-packages/airflow/example_dags/example_workday_timetable.py
[2026-02-21T12:34:13.748+0000] {processor.py:925} INFO - DAG(s) 'example_workday_timetable' retrieved from /home/airflow/.local/lib/python3.12/site-packages/airflow/example_dags/example_workday_timetable.py
[2026-02-21T12:34:13.829+0000] {logging_mixin.py:190} INFO - [2026-02-21T12:34:13.828+0000] {dag.py:3239} INFO - Sync 1 DAGs
[2026-02-21T12:34:14.046+0000] {logging_mixin.py:190} INFO - [2026-02-21T12:34:14.045+0000] {dag.py:4180} INFO - Setting next_dagrun for example_workday_timetable to 2021-01-04 00:00:00+00:00, run_after=2021-01-05 00:00:00+00:00
[2026-02-21T12:34:14.111+0000] {processor.py:208} INFO - Processing /home/airflow/.local/lib/python3.12/site-packages/airflow/example_dags/example_workday_timetable.py took 0.406 seconds
[2026-02-21T12:34:44.764+0000] {processor.py:186} INFO - Started process (PID=131) to work on /home/airflow/.local/lib/python3.12/site-packages/airflow/example_dags/example_workday_timetable.py
[2026-02-21T12:34:44.767+0000] {processor.py:914} INFO - Processing file /home/airflow/.local/lib/python3.12/site-packages/airflow/example_dags/example_workday_timetable.py for tasks to queue
[2026-02-21T12:34:44.779+0000] {logging_mixin.py:190} INFO - [2026-02-21T12:34:44.777+0000] {dagbag.py:588} INFO - Filling up the DagBag from /home/airflow/.local/lib/python3.12/site-packages/airflow/example_dags/example_workday_timetable.py
[2026-02-21T12:34:44.795+0000] {processor.py:925} INFO - DAG(s) 'example_workday_timetable' retrieved from /home/airflow/.local/lib/python3.12/site-packages/airflow/example_dags/example_workday_timetable.py
[2026-02-21T12:34:44.860+0000] {logging_mixin.py:190} INFO - [2026-02-21T12:34:44.859+0000] {dag.py:3239} INFO - Sync 1 DAGs
[2026-02-21T12:34:45.134+0000] {logging_mixin.py:190} INFO - [2026-02-21T12:34:45.133+0000] {dag.py:4180} INFO - Setting next_dagrun for example_workday_timetable to 2021-01-04 00:00:00+00:00, run_after=2021-01-05 00:00:00+00:00
[2026-02-21T12:34:45.201+0000] {processor.py:208} INFO - Processing /home/airflow/.local/lib/python3.12/site-packages/airflow/example_dags/example_workday_timetable.py took 0.457 seconds
[2026-02-21T12:35:15.800+0000] {processor.py:186} INFO - Started process (PID=196) to work on /home/airflow/.local/lib/python3.12/site-packages/airflow/example_dags/example_workday_timetable.py
[2026-02-21T12:35:15.803+0000] {processor.py:914} INFO - Processing file /home/airflow/.local/lib/python3.12/site-packages/airflow/example_dags/example_workday_timetable.py for tasks to queue
[2026-02-21T12:35:15.810+0000] {logging_mixin.py:190} INFO - [2026-02-21T12:35:15.809+0000] {dagbag.py:588} INFO - Filling up the DagBag from /home/airflow/.local/lib/python3.12/site-packages/airflow/example_dags/example_workday_timetable.py
[2026-02-21T12:35:15.829+0000] {processor.py:925} INFO - DAG(s) 'example_workday_timetable' retrieved from /home/airflow/.local/lib/python3.12/site-packages/airflow/example_dags/example_workday_timetable.py
[2026-02-21T12:35:15.892+0000] {logging_mixin.py:190} INFO - [2026-02-21T12:35:15.892+0000] {dag.py:3239} INFO - Sync 1 DAGs
[2026-02-21T12:35:16.126+0000] {logging_mixin.py:190} INFO - [2026-02-21T12:35:16.126+0000] {dag.py:4180} INFO - Setting next_dagrun for example_workday_timetable to 2021-01-04 00:00:00+00:00, run_after=2021-01-05 00:00:00+00:00
[2026-02-21T12:35:16.190+0000] {processor.py:208} INFO - Processing /home/airflow/.local/lib/python3.12/site-packages/airflow/example_dags/example_workday_timetable.py took 0.408 seconds
[2026-02-21T12:35:46.853+0000] {processor.py:186} INFO - Started process (PID=261) to work on /home/airflow/.local/lib/python3.12/site-packages/airflow/example_dags/example_workday_timetable.py
[2026-02-21T12:35:46.855+0000] {processor.py:914} INFO - Processing file /home/airflow/.local/lib/python3.12/site-packages/airflow/example_dags/example_workday_timetable.py for tasks to queue
[2026-02-21T12:35:46.860+0000] {logging_mixin.py:190} INFO - [2026-02-21T12:35:46.859+0000] {dagbag.py:588} INFO - Filling up the DagBag from /home/airflow/.local/lib/python3.12/site-packages/airflow/example_dags/example_workday_timetable.py
[2026-02-21T12:35:46.870+0000] {processor.py:925} INFO - DAG(s) 'example_workday_timetable' retrieved from /home/airflow/.local/lib/python3.12/site-packages/airflow/example_dags/example_workday_timetable.py
[2026-02-21T12:35:46.907+0000] {logging_mixin.py:190} INFO - [2026-02-21T12:35:46.906+0000] {dag.py:3239} INFO - Sync 1 DAGs
[2026-02-21T12:35:47.010+0000] {logging_mixin.py:190} INFO - [2026-02-21T12:35:47.009+0000] {dag.py:4180} INFO - Setting next_dagrun for example_workday_timetable to 2021-01-04 00:00:00+00:00, run_after=2021-01-05 00:00:00+00:00
[2026-02-21T12:35:47.046+0000] {processor.py:208} INFO - Processing /home/airflow/.local/lib/python3.12/site-packages/airflow/example_dags/example_workday_timetable.py took 0.201 seconds
[2026-02-21T12:36:23.733+0000] {processor.py:186} INFO - Started process (PID=327) to work on /home/airflow/.local/lib/python3.12/site-packages/airflow/example_dags/example_workday_timetable.py
[2026-02-21T12:36:23.750+0000] {processor.py:914} INFO - Processing file /home/airflow/.local/lib/python3.12/site-packages/airflow/example_dags/example_workday_timetable.py for tasks to queue
[2026-02-21T12:36:23.777+0000] {logging_mixin.py:190} INFO - [2026-02-21T12:36:23.775+0000] {dagbag.py:588} INFO - Filling up the DagBag from /home/airflow/.local/lib/python3.12/site-packages/airflow/example_dags/example_workday_timetable.py
[2026-02-21T12:36:23.816+0000] {processor.py:925} INFO - DAG(s) 'example_workday_timetable' retrieved from /home/airflow/.local/lib/python3.12/site-packages/airflow/example_dags/example_workday_timetable.py
[2026-02-21T12:36:23.928+0000] {logging_mixin.py:190} INFO - [2026-02-21T12:36:23.927+0000] {dag.py:3239} INFO - Sync 1 DAGs
[2026-02-21T12:36:24.503+0000] {logging_mixin.py:190} INFO - [2026-02-21T12:36:24.502+0000] {dag.py:4180} INFO - Setting next_dagrun for example_workday_timetable to 2021-01-04 00:00:00+00:00, run_after=2021-01-05 00:00:00+00:00
[2026-02-21T12:36:24.613+0000] {processor.py:208} INFO - Processing /home/airflow/.local/lib/python3.12/site-packages/airflow/example_dags/example_workday_timetable.py took 0.933 seconds
[2026-02-21T12:37:02.600+0000] {processor.py:186} INFO - Started process (PID=397) to work on /home/airflow/.local/lib/python3.12/site-packages/airflow/example_dags/example_workday_timetable.py
[2026-02-21T12:37:02.606+0000] {processor.py:914} INFO - Processing file /home/airflow/.local/lib/python3.12/site-packages/airflow/example_dags/example_workday_timetable.py for tasks to queue
[2026-02-21T12:37:02.625+0000] {logging_mixin.py:190} INFO - [2026-02-21T12:37:02.623+0000] {dagbag.py:588} INFO - Filling up the DagBag from /home/airflow/.local/lib/python3.12/site-packages/airflow/example_dags/example_workday_timetable.py
[2026-02-21T12:37:02.672+0000] {processor.py:925} INFO - DAG(s) 'example_workday_timetable' retrieved from /home/airflow/.local/lib/python3.12/site-packages/airflow/example_dags/example_workday_timetable.py
[2026-02-21T12:37:02.798+0000] {logging_mixin.py:190} INFO - [2026-02-21T12:37:02.797+0000] {dag.py:3239} INFO - Sync 1 DAGs
[2026-02-21T12:37:03.306+0000] {logging_mixin.py:190} INFO - [2026-02-21T12:37:03.305+0000] {dag.py:4180} INFO - Setting next_dagrun for example_workday_timetable to 2021-01-04 00:00:00+00:00, run_after=2021-01-05 00:00:00+00:00
[2026-02-21T12:37:03.410+0000] {processor.py:208} INFO - Processing /home/airflow/.local/lib/python3.12/site-packages/airflow/example_dags/example_workday_timetable.py took 0.840 seconds
[2026-02-21T12:37:34.495+0000] {processor.py:186} INFO - Started process (PID=462) to work on /home/airflow/.local/lib/python3.12/site-packages/airflow/example_dags/example_workday_timetable.py
[2026-02-21T12:37:34.500+0000] {processor.py:914} INFO - Processing file /home/airflow/.local/lib/python3.12/site-packages/airflow/example_dags/example_workday_timetable.py for tasks to queue
[2026-02-21T12:37:34.510+0000] {logging_mixin.py:190} INFO - [2026-02-21T12:37:34.509+0000] {dagbag.py:588} INFO - Filling up the DagBag from /home/airflow/.local/lib/python3.12/site-packages/airflow/example_dags/example_workday_timetable.py
[2026-02-21T12:37:34.534+0000] {processor.py:925} INFO - DAG(s) 'example_workday_timetable' retrieved from /home/airflow/.local/lib/python3.12/site-packages/airflow/example_dags/example_workday_timetable.py
[2026-02-21T12:37:34.616+0000] {logging_mixin.py:190} INFO - [2026-02-21T12:37:34.615+0000] {dag.py:3239} INFO - Sync 1 DAGs
[2026-02-21T12:37:35.035+0000] {logging_mixin.py:190} INFO - [2026-02-21T12:37:35.033+0000] {dag.py:4180} INFO - Setting next_dagrun for example_workday_timetable to 2021-01-04 00:00:00+00:00, run_after=2021-01-05 00:00:00+00:00
[2026-02-21T12:37:35.131+0000] {processor.py:208} INFO - Processing /home/airflow/.local/lib/python3.12/site-packages/airflow/example_dags/example_workday_timetable.py took 0.658 seconds
[2026-02-21T12:38:06.442+0000] {processor.py:186} INFO - Started process (PID=527) to work on /home/airflow/.local/lib/python3.12/site-packages/airflow/example_dags/example_workday_timetable.py
[2026-02-21T12:38:06.447+0000] {processor.py:914} INFO - Processing file /home/airflow/.local/lib/python3.12/site-packages/airflow/example_dags/example_workday_timetable.py for tasks to queue
[2026-02-21T12:38:06.455+0000] {logging_mixin.py:190} INFO - [2026-02-21T12:38:06.454+0000] {dagbag.py:588} INFO - Filling up the DagBag from /home/airflow/.local/lib/python3.12/site-packages/airflow/example_dags/example_workday_timetable.py
[2026-02-21T12:38:06.476+0000] {processor.py:925} INFO - DAG(s) 'example_workday_timetable' retrieved from /home/airflow/.local/lib/python3.12/site-packages/airflow/example_dags/example_workday_timetable.py
[2026-02-21T12:38:06.547+0000] {logging_mixin.py:190} INFO - [2026-02-21T12:38:06.546+0000] {dag.py:3239} INFO - Sync 1 DAGs
[2026-02-21T12:38:06.781+0000] {logging_mixin.py:190} INFO - [2026-02-21T12:38:06.780+0000] {dag.py:4180} INFO - Setting next_dagrun for example_workday_timetable to 2021-01-04 00:00:00+00:00, run_after=2021-01-05 00:00:00+00:00
[2026-02-21T12:38:06.854+0000] {processor.py:208} INFO - Processing /home/airflow/.local/lib/python3.12/site-packages/airflow/example_dags/example_workday_timetable.py took 0.431 seconds
[2026-02-21T12:38:37.123+0000] {processor.py:186} INFO - Started process (PID=589) to work on /home/airflow/.local/lib/python3.12/site-packages/airflow/example_dags/example_workday_timetable.py
[2026-02-21T12:38:37.127+0000] {processor.py:914} INFO - Processing file /home/airflow/.local/lib/python3.12/site-packages/airflow/example_dags/example_workday_timetable.py for tasks to queue
[2026-02-21T12:38:37.132+0000] {logging_mixin.py:190} INFO - [2026-02-21T12:38:37.131+0000] {dagbag.py:588} INFO - Filling up the DagBag from /home/airflow/.local/lib/python3.12/site-packages/airflow/example_dags/example_workday_timetable.py
[2026-02-21T12:38:37.148+0000] {processor.py:925} INFO - DAG(s) 'example_workday_timetable' retrieved from /home/airflow/.local/lib/python3.12/site-packages/airflow/example_dags/example_workday_timetable.py
[2026-02-21T12:38:37.187+0000] {logging_mixin.py:190} INFO - [2026-02-21T12:38:37.187+0000] {dag.py:3239} INFO - Sync 1 DAGs
[2026-02-21T12:38:37.367+0000] {logging_mixin.py:190} INFO - [2026-02-21T12:38:37.366+0000] {dag.py:4180} INFO - Setting next_dagrun for example_workday_timetable to 2021-01-04 00:00:00+00:00, run_after=2021-01-05 00:00:00+00:00
[2026-02-21T12:38:37.406+0000] {processor.py:208} INFO - Processing /home/airflow/.local/lib/python3.12/site-packages/airflow/example_dags/example_workday_timetable.py took 0.296 seconds
[2026-02-21T12:39:12.279+0000] {processor.py:186} INFO - Started process (PID=649) to work on /home/airflow/.local/lib/python3.12/site-packages/airflow/example_dags/example_workday_timetable.py
[2026-02-21T12:39:12.284+0000] {processor.py:914} INFO - Processing file /home/airflow/.local/lib/python3.12/site-packages/airflow/example_dags/example_workday_timetable.py for tasks to queue
[2026-02-21T12:39:12.293+0000] {logging_mixin.py:190} INFO - [2026-02-21T12:39:12.292+0000] {dagbag.py:588} INFO - Filling up the DagBag from /home/airflow/.local/lib/python3.12/site-packages/airflow/example_dags/example_workday_timetable.py
[2026-02-21T12:39:12.319+0000] {processor.py:925} INFO - DAG(s) 'example_workday_timetable' retrieved from /home/airflow/.local/lib/python3.12/site-packages/airflow/example_dags/example_workday_timetable.py
[2026-02-21T12:39:12.399+0000] {logging_mixin.py:190} INFO - [2026-02-21T12:39:12.397+0000] {dag.py:3239} INFO - Sync 1 DAGs
[2026-02-21T12:39:12.797+0000] {logging_mixin.py:190} INFO - [2026-02-21T12:39:12.796+0000] {dag.py:4180} INFO - Setting next_dagrun for example_workday_timetable to 2021-01-04 00:00:00+00:00, run_after=2021-01-05 00:00:00+00:00
[2026-02-21T12:39:12.878+0000] {processor.py:208} INFO - Processing /home/airflow/.local/lib/python3.12/site-packages/airflow/example_dags/example_workday_timetable.py took 0.623 seconds
[2026-02-21T12:39:54.016+0000] {processor.py:186} INFO - Started process (PID=719) to work on /home/airflow/.local/lib/python3.12/site-packages/airflow/example_dags/example_workday_timetable.py
[2026-02-21T12:39:54.031+0000] {processor.py:914} INFO - Processing file /home/airflow/.local/lib/python3.12/site-packages/airflow/example_dags/example_workday_timetable.py for tasks to queue
[2026-02-21T12:39:54.043+0000] {logging_mixin.py:190} INFO - [2026-02-21T12:39:54.042+0000] {dagbag.py:588} INFO - Filling up the DagBag from /home/airflow/.local/lib/python3.12/site-packages/airflow/example_dags/example_workday_timetable.py
[2026-02-21T12:39:54.106+0000] {processor.py:925} INFO - DAG(s) 'example_workday_timetable' retrieved from /home/airflow/.local/lib/python3.12/site-packages/airflow/example_dags/example_workday_timetable.py
[2026-02-21T12:39:54.319+0000] {logging_mixin.py:190} INFO - [2026-02-21T12:39:54.318+0000] {dag.py:3239} INFO - Sync 1 DAGs
[2026-02-21T12:39:55.249+0000] {logging_mixin.py:190} INFO - [2026-02-21T12:39:55.246+0000] {dag.py:4180} INFO - Setting next_dagrun for example_workday_timetable to 2021-01-04 00:00:00+00:00, run_after=2021-01-05 00:00:00+00:00
[2026-02-21T12:39:55.485+0000] {processor.py:208} INFO - Processing /home/airflow/.local/lib/python3.12/site-packages/airflow/example_dags/example_workday_timetable.py took 1.511 seconds
[2026-02-21T12:41:28.883+0000] {processor.py:186} INFO - Started process (PID=788) to work on /home/airflow/.local/lib/python3.12/site-packages/airflow/example_dags/example_workday_timetable.py
[2026-02-21T12:41:28.887+0000] {processor.py:914} INFO - Processing file /home/airflow/.local/lib/python3.12/site-packages/airflow/example_dags/example_workday_timetable.py for tasks to queue
[2026-02-21T12:41:28.904+0000] {logging_mixin.py:190} INFO - [2026-02-21T12:41:28.902+0000] {dagbag.py:588} INFO - Filling up the DagBag from /home/airflow/.local/lib/python3.12/site-packages/airflow/example_dags/example_workday_timetable.py
[2026-02-21T12:41:28.953+0000] {processor.py:925} INFO - DAG(s) 'example_workday_timetable' retrieved from /home/airflow/.local/lib/python3.12/site-packages/airflow/example_dags/example_workday_timetable.py
[2026-02-21T12:41:29.111+0000] {logging_mixin.py:190} INFO - [2026-02-21T12:41:29.110+0000] {dag.py:3239} INFO - Sync 1 DAGs
[2026-02-21T12:41:29.789+0000] {logging_mixin.py:190} INFO - [2026-02-21T12:41:29.787+0000] {dag.py:4180} INFO - Setting next_dagrun for example_workday_timetable to 2021-01-04 00:00:00+00:00, run_after=2021-01-05 00:00:00+00:00
[2026-02-21T12:41:29.926+0000] {processor.py:208} INFO - Processing /home/airflow/.local/lib/python3.12/site-packages/airflow/example_dags/example_workday_timetable.py took 1.091 seconds
[2026-02-21T12:42:01.108+0000] {processor.py:186} INFO - Started process (PID=853) to work on /home/airflow/.local/lib/python3.12/site-packages/airflow/example_dags/example_workday_timetable.py
[2026-02-21T12:42:01.115+0000] {processor.py:914} INFO - Processing file /home/airflow/.local/lib/python3.12/site-packages/airflow/example_dags/example_workday_timetable.py for tasks to queue
[2026-02-21T12:42:01.125+0000] {logging_mixin.py:190} INFO - [2026-02-21T12:42:01.123+0000] {dagbag.py:588} INFO - Filling up the DagBag from /home/airflow/.local/lib/python3.12/site-packages/airflow/example_dags/example_workday_timetable.py
[2026-02-21T12:42:01.197+0000] {processor.py:925} INFO - DAG(s) 'example_workday_timetable' retrieved from /home/airflow/.local/lib/python3.12/site-packages/airflow/example_dags/example_workday_timetable.py
[2026-02-21T12:42:01.376+0000] {logging_mixin.py:190} INFO - [2026-02-21T12:42:01.374+0000] {dag.py:3239} INFO - Sync 1 DAGs
[2026-02-21T12:42:02.228+0000] {logging_mixin.py:190} INFO - [2026-02-21T12:42:02.227+0000] {dag.py:4180} INFO - Setting next_dagrun for example_workday_timetable to 2021-01-04 00:00:00+00:00, run_after=2021-01-05 00:00:00+00:00
[2026-02-21T12:42:02.339+0000] {processor.py:208} INFO - Processing /home/airflow/.local/lib/python3.12/site-packages/airflow/example_dags/example_workday_timetable.py took 1.278 seconds
[2026-02-21T12:42:48.775+0000] {processor.py:186} INFO - Started process (PID=925) to work on /home/airflow/.local/lib/python3.12/site-packages/airflow/example_dags/example_workday_timetable.py
[2026-02-21T12:42:48.783+0000] {processor.py:914} INFO - Processing file /home/airflow/.local/lib/python3.12/site-packages/airflow/example_dags/example_workday_timetable.py for tasks to queue
[2026-02-21T12:42:48.794+0000] {logging_mixin.py:190} INFO - [2026-02-21T12:42:48.791+0000] {dagbag.py:588} INFO - Filling up the DagBag from /home/airflow/.local/lib/python3.12/site-packages/airflow/example_dags/example_workday_timetable.py
[2026-02-21T12:42:48.849+0000] {processor.py:925} INFO - DAG(s) 'example_workday_timetable' retrieved from /home/airflow/.local/lib/python3.12/site-packages/airflow/example_dags/example_workday_timetable.py
[2026-02-21T12:42:49.017+0000] {logging_mixin.py:190} INFO - [2026-02-21T12:42:49.016+0000] {dag.py:3239} INFO - Sync 1 DAGs
[2026-02-21T12:42:50.070+0000] {logging_mixin.py:190} INFO - [2026-02-21T12:42:50.069+0000] {dag.py:4180} INFO - Setting next_dagrun for example_workday_timetable to 2021-01-04 00:00:00+00:00, run_after=2021-01-05 00:00:00+00:00
[2026-02-21T12:42:50.281+0000] {processor.py:208} INFO - Processing /home/airflow/.local/lib/python3.12/site-packages/airflow/example_dags/example_workday_timetable.py took 1.565 seconds
[2026-02-21T12:53:56.990+0000] {processor.py:186} INFO - Started process (PID=949) to work on /home/airflow/.local/lib/python3.12/site-packages/airflow/example_dags/example_workday_timetable.py
[2026-02-21T12:53:56.995+0000] {processor.py:914} INFO - Processing file /home/airflow/.local/lib/python3.12/site-packages/airflow/example_dags/example_workday_timetable.py for tasks to queue
[2026-02-21T12:53:57.007+0000] {logging_mixin.py:190} INFO - [2026-02-21T12:53:57.006+0000] {dagbag.py:588} INFO - Filling up the DagBag from /home/airflow/.local/lib/python3.12/site-packages/airflow/example_dags/example_workday_timetable.py
[2026-02-21T12:53:57.047+0000] {processor.py:925} INFO - DAG(s) 'example_workday_timetable' retrieved from /home/airflow/.local/lib/python3.12/site-packages/airflow/example_dags/example_workday_timetable.py
[2026-02-21T12:53:57.175+0000] {logging_mixin.py:190} INFO - [2026-02-21T12:53:57.174+0000] {dag.py:3239} INFO - Sync 1 DAGs
[2026-02-21T12:53:57.767+0000] {logging_mixin.py:190} INFO - [2026-02-21T12:53:57.765+0000] {dag.py:4180} INFO - Setting next_dagrun for example_workday_timetable to 2021-01-04 00:00:00+00:00, run_after=2021-01-05 00:00:00+00:00
[2026-02-21T12:53:57.849+0000] {processor.py:208} INFO - Processing /home/airflow/.local/lib/python3.12/site-packages/airflow/example_dags/example_workday_timetable.py took 0.886 seconds
[2026-02-21T12:54:28.243+0000] {processor.py:186} INFO - Started process (PID=1014) to work on /home/airflow/.local/lib/python3.12/site-packages/airflow/example_dags/example_workday_timetable.py
[2026-02-21T12:54:28.247+0000] {processor.py:914} INFO - Processing file /home/airflow/.local/lib/python3.12/site-packages/airflow/example_dags/example_workday_timetable.py for tasks to queue
[2026-02-21T12:54:28.262+0000] {logging_mixin.py:190} INFO - [2026-02-21T12:54:28.261+0000] {dagbag.py:588} INFO - Filling up the DagBag from /home/airflow/.local/lib/python3.12/site-packages/airflow/example_dags/example_workday_timetable.py
[2026-02-21T12:54:28.296+0000] {processor.py:925} INFO - DAG(s) 'example_workday_timetable' retrieved from /home/airflow/.local/lib/python3.12/site-packages/airflow/example_dags/example_workday_timetable.py
[2026-02-21T12:54:28.412+0000] {logging_mixin.py:190} INFO - [2026-02-21T12:54:28.411+0000] {dag.py:3239} INFO - Sync 1 DAGs
[2026-02-21T12:54:28.832+0000] {logging_mixin.py:190} INFO - [2026-02-21T12:54:28.831+0000] {dag.py:4180} INFO - Setting next_dagrun for example_workday_timetable to 2021-01-04 00:00:00+00:00, run_after=2021-01-05 00:00:00+00:00
[2026-02-21T12:54:28.915+0000] {processor.py:208} INFO - Processing /home/airflow/.local/lib/python3.12/site-packages/airflow/example_dags/example_workday_timetable.py took 0.712 seconds
[2026-02-21T12:55:00.186+0000] {processor.py:186} INFO - Started process (PID=1079) to work on /home/airflow/.local/lib/python3.12/site-packages/airflow/example_dags/example_workday_timetable.py
[2026-02-21T12:55:00.193+0000] {processor.py:914} INFO - Processing file /home/airflow/.local/lib/python3.12/site-packages/airflow/example_dags/example_workday_timetable.py for tasks to queue
[2026-02-21T12:55:00.213+0000] {logging_mixin.py:190} INFO - [2026-02-21T12:55:00.212+0000] {dagbag.py:588} INFO - Filling up the DagBag from /home/airflow/.local/lib/python3.12/site-packages/airflow/example_dags/example_workday_timetable.py
[2026-02-21T12:55:00.249+0000] {processor.py:925} INFO - DAG(s) 'example_workday_timetable' retrieved from /home/airflow/.local/lib/python3.12/site-packages/airflow/example_dags/example_workday_timetable.py
[2026-02-21T12:55:00.365+0000] {logging_mixin.py:190} INFO - [2026-02-21T12:55:00.364+0000] {dag.py:3239} INFO - Sync 1 DAGs
[2026-02-21T12:55:00.910+0000] {logging_mixin.py:190} INFO - [2026-02-21T12:55:00.909+0000] {dag.py:4180} INFO - Setting next_dagrun for example_workday_timetable to 2021-01-04 00:00:00+00:00, run_after=2021-01-05 00:00:00+00:00
[2026-02-21T12:55:01.020+0000] {processor.py:208} INFO - Processing /home/airflow/.local/lib/python3.12/site-packages/airflow/example_dags/example_workday_timetable.py took 0.870 seconds
[2026-02-21T12:55:31.546+0000] {processor.py:186} INFO - Started process (PID=1143) to work on /home/airflow/.local/lib/python3.12/site-packages/airflow/example_dags/example_workday_timetable.py
[2026-02-21T12:55:31.553+0000] {processor.py:914} INFO - Processing file /home/airflow/.local/lib/python3.12/site-packages/airflow/example_dags/example_workday_timetable.py for tasks to queue
[2026-02-21T12:55:31.574+0000] {logging_mixin.py:190} INFO - [2026-02-21T12:55:31.570+0000] {dagbag.py:588} INFO - Filling up the DagBag from /home/airflow/.local/lib/python3.12/site-packages/airflow/example_dags/example_workday_timetable.py
[2026-02-21T12:55:31.623+0000] {processor.py:925} INFO - DAG(s) 'example_workday_timetable' retrieved from /home/airflow/.local/lib/python3.12/site-packages/airflow/example_dags/example_workday_timetable.py
[2026-02-21T12:55:31.756+0000] {logging_mixin.py:190} INFO - [2026-02-21T12:55:31.753+0000] {dag.py:3239} INFO - Sync 1 DAGs
[2026-02-21T12:55:32.446+0000] {logging_mixin.py:190} INFO - [2026-02-21T12:55:32.444+0000] {dag.py:4180} INFO - Setting next_dagrun for example_workday_timetable to 2021-01-04 00:00:00+00:00, run_after=2021-01-05 00:00:00+00:00
[2026-02-21T12:55:32.622+0000] {processor.py:208} INFO - Processing /home/airflow/.local/lib/python3.12/site-packages/airflow/example_dags/example_workday_timetable.py took 1.120 seconds
[2026-02-21T17:10:14.129+0000] {processor.py:186} INFO - Started process (PID=1188) to work on /home/airflow/.local/lib/python3.12/site-packages/airflow/example_dags/example_workday_timetable.py
[2026-02-21T17:10:14.134+0000] {processor.py:914} INFO - Processing file /home/airflow/.local/lib/python3.12/site-packages/airflow/example_dags/example_workday_timetable.py for tasks to queue
[2026-02-21T17:10:14.148+0000] {logging_mixin.py:190} INFO - [2026-02-21T17:10:14.147+0000] {dagbag.py:588} INFO - Filling up the DagBag from /home/airflow/.local/lib/python3.12/site-packages/airflow/example_dags/example_workday_timetable.py
[2026-02-21T17:10:14.179+0000] {processor.py:925} INFO - DAG(s) 'example_workday_timetable' retrieved from /home/airflow/.local/lib/python3.12/site-packages/airflow/example_dags/example_workday_timetable.py
[2026-02-21T17:10:14.288+0000] {logging_mixin.py:190} INFO - [2026-02-21T17:10:14.288+0000] {dag.py:3239} INFO - Sync 1 DAGs
[2026-02-21T17:10:14.985+0000] {logging_mixin.py:190} INFO - [2026-02-21T17:10:14.984+0000] {dag.py:4180} INFO - Setting next_dagrun for example_workday_timetable to 2021-01-04 00:00:00+00:00, run_after=2021-01-05 00:00:00+00:00
[2026-02-21T17:10:15.071+0000] {processor.py:208} INFO - Processing /home/airflow/.local/lib/python3.12/site-packages/airflow/example_dags/example_workday_timetable.py took 0.975 seconds
[2026-02-21T17:10:45.252+0000] {processor.py:186} INFO - Started process (PID=1254) to work on /home/airflow/.local/lib/python3.12/site-packages/airflow/example_dags/example_workday_timetable.py
[2026-02-21T17:10:45.255+0000] {processor.py:914} INFO - Processing file /home/airflow/.local/lib/python3.12/site-packages/airflow/example_dags/example_workday_timetable.py for tasks to queue
[2026-02-21T17:10:45.262+0000] {logging_mixin.py:190} INFO - [2026-02-21T17:10:45.261+0000] {dagbag.py:588} INFO - Filling up the DagBag from /home/airflow/.local/lib/python3.12/site-packages/airflow/example_dags/example_workday_timetable.py
[2026-02-21T17:10:45.281+0000] {processor.py:925} INFO - DAG(s) 'example_workday_timetable' retrieved from /home/airflow/.local/lib/python3.12/site-packages/airflow/example_dags/example_workday_timetable.py
[2026-02-21T17:10:45.339+0000] {logging_mixin.py:190} INFO - [2026-02-21T17:10:45.338+0000] {dag.py:3239} INFO - Sync 1 DAGs
[2026-02-21T17:10:45.636+0000] {logging_mixin.py:190} INFO - [2026-02-21T17:10:45.635+0000] {dag.py:4180} INFO - Setting next_dagrun for example_workday_timetable to 2021-01-04 00:00:00+00:00, run_after=2021-01-05 00:00:00+00:00
[2026-02-21T17:10:45.705+0000] {processor.py:208} INFO - Processing /home/airflow/.local/lib/python3.12/site-packages/airflow/example_dags/example_workday_timetable.py took 0.473 seconds
[2026-02-21T17:11:16.084+0000] {processor.py:186} INFO - Started process (PID=1318) to work on /home/airflow/.local/lib/python3.12/site-packages/airflow/example_dags/example_workday_timetable.py
[2026-02-21T17:11:16.086+0000] {processor.py:914} INFO - Processing file /home/airflow/.local/lib/python3.12/site-packages/airflow/example_dags/example_workday_timetable.py for tasks to queue
[2026-02-21T17:11:16.089+0000] {logging_mixin.py:190} INFO - [2026-02-21T17:11:16.088+0000] {dagbag.py:588} INFO - Filling up the DagBag from /home/airflow/.local/lib/python3.12/site-packages/airflow/example_dags/example_workday_timetable.py
[2026-02-21T17:11:16.098+0000] {processor.py:925} INFO - DAG(s) 'example_workday_timetable' retrieved from /home/airflow/.local/lib/python3.12/site-packages/airflow/example_dags/example_workday_timetable.py
[2026-02-21T17:11:16.121+0000] {logging_mixin.py:190} INFO - [2026-02-21T17:11:16.120+0000] {dag.py:3239} INFO - Sync 1 DAGs
[2026-02-21T17:11:16.186+0000] {logging_mixin.py:190} INFO - [2026-02-21T17:11:16.186+0000] {dag.py:4180} INFO - Setting next_dagrun for example_workday_timetable to 2021-01-04 00:00:00+00:00, run_after=2021-01-05 00:00:00+00:00
[2026-02-21T17:11:16.210+0000] {processor.py:208} INFO - Processing /home/airflow/.local/lib/python3.12/site-packages/airflow/example_dags/example_workday_timetable.py took 0.132 seconds
[2026-02-21T17:11:46.634+0000] {processor.py:186} INFO - Started process (PID=1383) to work on /home/airflow/.local/lib/python3.12/site-packages/airflow/example_dags/example_workday_timetable.py
[2026-02-21T17:11:46.635+0000] {processor.py:914} INFO - Processing file /home/airflow/.local/lib/python3.12/site-packages/airflow/example_dags/example_workday_timetable.py for tasks to queue
[2026-02-21T17:11:46.639+0000] {logging_mixin.py:190} INFO - [2026-02-21T17:11:46.638+0000] {dagbag.py:588} INFO - Filling up the DagBag from /home/airflow/.local/lib/python3.12/site-packages/airflow/example_dags/example_workday_timetable.py
[2026-02-21T17:11:46.647+0000] {processor.py:925} INFO - DAG(s) 'example_workday_timetable' retrieved from /home/airflow/.local/lib/python3.12/site-packages/airflow/example_dags/example_workday_timetable.py
[2026-02-21T17:11:46.676+0000] {logging_mixin.py:190} INFO - [2026-02-21T17:11:46.676+0000] {dag.py:3239} INFO - Sync 1 DAGs
[2026-02-21T17:11:46.809+0000] {logging_mixin.py:190} INFO - [2026-02-21T17:11:46.808+0000] {dag.py:4180} INFO - Setting next_dagrun for example_workday_timetable to 2021-01-04 00:00:00+00:00, run_after=2021-01-05 00:00:00+00:00
[2026-02-21T17:11:46.837+0000] {processor.py:208} INFO - Processing /home/airflow/.local/lib/python3.12/site-packages/airflow/example_dags/example_workday_timetable.py took 0.211 seconds
[2026-02-21T17:12:18.057+0000] {processor.py:186} INFO - Started process (PID=1448) to work on /home/airflow/.local/lib/python3.12/site-packages/airflow/example_dags/example_workday_timetable.py
[2026-02-21T17:12:18.061+0000] {processor.py:914} INFO - Processing file /home/airflow/.local/lib/python3.12/site-packages/airflow/example_dags/example_workday_timetable.py for tasks to queue
[2026-02-21T17:12:18.072+0000] {logging_mixin.py:190} INFO - [2026-02-21T17:12:18.070+0000] {dagbag.py:588} INFO - Filling up the DagBag from /home/airflow/.local/lib/python3.12/site-packages/airflow/example_dags/example_workday_timetable.py
[2026-02-21T17:12:18.092+0000] {processor.py:925} INFO - DAG(s) 'example_workday_timetable' retrieved from /home/airflow/.local/lib/python3.12/site-packages/airflow/example_dags/example_workday_timetable.py
[2026-02-21T17:12:18.152+0000] {logging_mixin.py:190} INFO - [2026-02-21T17:12:18.151+0000] {dag.py:3239} INFO - Sync 1 DAGs
[2026-02-21T17:12:18.474+0000] {logging_mixin.py:190} INFO - [2026-02-21T17:12:18.473+0000] {dag.py:4180} INFO - Setting next_dagrun for example_workday_timetable to 2021-01-04 00:00:00+00:00, run_after=2021-01-05 00:00:00+00:00
[2026-02-21T17:12:18.535+0000] {processor.py:208} INFO - Processing /home/airflow/.local/lib/python3.12/site-packages/airflow/example_dags/example_workday_timetable.py took 0.495 seconds
[2026-02-21T17:12:48.741+0000] {processor.py:186} INFO - Started process (PID=1515) to work on /home/airflow/.local/lib/python3.12/site-packages/airflow/example_dags/example_workday_timetable.py
[2026-02-21T17:12:48.744+0000] {processor.py:914} INFO - Processing file /home/airflow/.local/lib/python3.12/site-packages/airflow/example_dags/example_workday_timetable.py for tasks to queue
[2026-02-21T17:12:48.752+0000] {logging_mixin.py:190} INFO - [2026-02-21T17:12:48.750+0000] {dagbag.py:588} INFO - Filling up the DagBag from /home/airflow/.local/lib/python3.12/site-packages/airflow/example_dags/example_workday_timetable.py
[2026-02-21T17:12:48.772+0000] {processor.py:925} INFO - DAG(s) 'example_workday_timetable' retrieved from /home/airflow/.local/lib/python3.12/site-packages/airflow/example_dags/example_workday_timetable.py
[2026-02-21T17:12:48.827+0000] {logging_mixin.py:190} INFO - [2026-02-21T17:12:48.826+0000] {dag.py:3239} INFO - Sync 1 DAGs
[2026-02-21T17:12:49.015+0000] {logging_mixin.py:190} INFO - [2026-02-21T17:12:49.014+0000] {dag.py:4180} INFO - Setting next_dagrun for example_workday_timetable to 2021-01-04 00:00:00+00:00, run_after=2021-01-05 00:00:00+00:00
[2026-02-21T17:12:49.088+0000] {processor.py:208} INFO - Processing /home/airflow/.local/lib/python3.12/site-packages/airflow/example_dags/example_workday_timetable.py took 0.365 seconds
[2026-02-21T17:13:19.492+0000] {processor.py:186} INFO - Started process (PID=1580) to work on /home/airflow/.local/lib/python3.12/site-packages/airflow/example_dags/example_workday_timetable.py
[2026-02-21T17:13:19.493+0000] {processor.py:914} INFO - Processing file /home/airflow/.local/lib/python3.12/site-packages/airflow/example_dags/example_workday_timetable.py for tasks to queue
[2026-02-21T17:13:19.497+0000] {logging_mixin.py:190} INFO - [2026-02-21T17:13:19.497+0000] {dagbag.py:588} INFO - Filling up the DagBag from /home/airflow/.local/lib/python3.12/site-packages/airflow/example_dags/example_workday_timetable.py
[2026-02-21T17:13:19.507+0000] {processor.py:925} INFO - DAG(s) 'example_workday_timetable' retrieved from /home/airflow/.local/lib/python3.12/site-packages/airflow/example_dags/example_workday_timetable.py
[2026-02-21T17:13:19.535+0000] {logging_mixin.py:190} INFO - [2026-02-21T17:13:19.534+0000] {dag.py:3239} INFO - Sync 1 DAGs
[2026-02-21T17:13:19.614+0000] {logging_mixin.py:190} INFO - [2026-02-21T17:13:19.614+0000] {dag.py:4180} INFO - Setting next_dagrun for example_workday_timetable to 2021-01-04 00:00:00+00:00, run_after=2021-01-05 00:00:00+00:00
[2026-02-21T17:13:19.644+0000] {processor.py:208} INFO - Processing /home/airflow/.local/lib/python3.12/site-packages/airflow/example_dags/example_workday_timetable.py took 0.162 seconds
[2026-02-21T19:41:14.525+0000] {processor.py:186} INFO - Started process (PID=1635) to work on /home/airflow/.local/lib/python3.12/site-packages/airflow/example_dags/example_workday_timetable.py
[2026-02-21T19:41:14.528+0000] {processor.py:914} INFO - Processing file /home/airflow/.local/lib/python3.12/site-packages/airflow/example_dags/example_workday_timetable.py for tasks to queue
[2026-02-21T19:41:14.533+0000] {logging_mixin.py:190} INFO - [2026-02-21T19:41:14.532+0000] {dagbag.py:588} INFO - Filling up the DagBag from /home/airflow/.local/lib/python3.12/site-packages/airflow/example_dags/example_workday_timetable.py
[2026-02-21T19:41:14.554+0000] {processor.py:925} INFO - DAG(s) 'example_workday_timetable' retrieved from /home/airflow/.local/lib/python3.12/site-packages/airflow/example_dags/example_workday_timetable.py
[2026-02-21T19:41:14.609+0000] {logging_mixin.py:190} INFO - [2026-02-21T19:41:14.609+0000] {dag.py:3239} INFO - Sync 1 DAGs
[2026-02-21T19:41:14.915+0000] {logging_mixin.py:190} INFO - [2026-02-21T19:41:14.915+0000] {dag.py:4180} INFO - Setting next_dagrun for example_workday_timetable to 2021-01-04 00:00:00+00:00, run_after=2021-01-05 00:00:00+00:00
[2026-02-21T19:41:14.955+0000] {processor.py:208} INFO - Processing /home/airflow/.local/lib/python3.12/site-packages/airflow/example_dags/example_workday_timetable.py took 0.445 seconds
[2026-02-21T19:41:49.921+0000] {processor.py:186} INFO - Started process (PID=2292) to work on /home/airflow/.local/lib/python3.12/site-packages/airflow/example_dags/example_workday_timetable.py
[2026-02-21T19:41:49.930+0000] {processor.py:914} INFO - Processing file /home/airflow/.local/lib/python3.12/site-packages/airflow/example_dags/example_workday_timetable.py for tasks to queue
[2026-02-21T19:41:49.943+0000] {logging_mixin.py:190} INFO - [2026-02-21T19:41:49.941+0000] {dagbag.py:588} INFO - Filling up the DagBag from /home/airflow/.local/lib/python3.12/site-packages/airflow/example_dags/example_workday_timetable.py
[2026-02-21T19:41:49.986+0000] {processor.py:925} INFO - DAG(s) 'example_workday_timetable' retrieved from /home/airflow/.local/lib/python3.12/site-packages/airflow/example_dags/example_workday_timetable.py
[2026-02-21T19:41:50.087+0000] {logging_mixin.py:190} INFO - [2026-02-21T19:41:50.085+0000] {dag.py:3239} INFO - Sync 1 DAGs
[2026-02-21T19:41:50.925+0000] {logging_mixin.py:190} INFO - [2026-02-21T19:41:50.924+0000] {dag.py:4180} INFO - Setting next_dagrun for example_workday_timetable to 2021-01-04 00:00:00+00:00, run_after=2021-01-05 00:00:00+00:00
[2026-02-21T19:41:51.031+0000] {processor.py:208} INFO - Processing /home/airflow/.local/lib/python3.12/site-packages/airflow/example_dags/example_workday_timetable.py took 1.137 seconds
[2026-02-21T20:16:59.343+0000] {processor.py:186} INFO - Started process (PID=2360) to work on /home/airflow/.local/lib/python3.12/site-packages/airflow/example_dags/example_workday_timetable.py
[2026-02-21T20:16:59.358+0000] {processor.py:914} INFO - Processing file /home/airflow/.local/lib/python3.12/site-packages/airflow/example_dags/example_workday_timetable.py for tasks to queue
[2026-02-21T20:16:59.375+0000] {logging_mixin.py:190} INFO - [2026-02-21T20:16:59.372+0000] {dagbag.py:588} INFO - Filling up the DagBag from /home/airflow/.local/lib/python3.12/site-packages/airflow/example_dags/example_workday_timetable.py
[2026-02-21T20:16:59.436+0000] {processor.py:925} INFO - DAG(s) 'example_workday_timetable' retrieved from /home/airflow/.local/lib/python3.12/site-packages/airflow/example_dags/example_workday_timetable.py
[2026-02-21T20:16:59.935+0000] {logging_mixin.py:190} INFO - [2026-02-21T20:16:59.933+0000] {dag.py:3239} INFO - Sync 1 DAGs
[2026-02-21T20:17:02.347+0000] {logging_mixin.py:190} INFO - [2026-02-21T20:17:02.326+0000] {dag.py:4180} INFO - Setting next_dagrun for example_workday_timetable to 2021-01-04 00:00:00+00:00, run_after=2021-01-05 00:00:00+00:00
[2026-02-21T20:17:02.579+0000] {processor.py:208} INFO - Processing /home/airflow/.local/lib/python3.12/site-packages/airflow/example_dags/example_workday_timetable.py took 3.303 seconds
[2026-02-21T20:59:19.761+0000] {processor.py:186} INFO - Started process (PID=2398) to work on /home/airflow/.local/lib/python3.12/site-packages/airflow/example_dags/example_workday_timetable.py
[2026-02-21T20:59:19.775+0000] {processor.py:914} INFO - Processing file /home/airflow/.local/lib/python3.12/site-packages/airflow/example_dags/example_workday_timetable.py for tasks to queue
[2026-02-21T20:59:19.789+0000] {logging_mixin.py:190} INFO - [2026-02-21T20:59:19.787+0000] {dagbag.py:588} INFO - Filling up the DagBag from /home/airflow/.local/lib/python3.12/site-packages/airflow/example_dags/example_workday_timetable.py
[2026-02-21T20:59:19.857+0000] {processor.py:925} INFO - DAG(s) 'example_workday_timetable' retrieved from /home/airflow/.local/lib/python3.12/site-packages/airflow/example_dags/example_workday_timetable.py
[2026-02-21T20:59:20.225+0000] {logging_mixin.py:190} INFO - [2026-02-21T20:59:20.223+0000] {dag.py:3239} INFO - Sync 1 DAGs
[2026-02-21T20:59:23.890+0000] {logging_mixin.py:190} INFO - [2026-02-21T20:59:23.888+0000] {dag.py:4180} INFO - Setting next_dagrun for example_workday_timetable to 2021-01-04 00:00:00+00:00, run_after=2021-01-05 00:00:00+00:00
[2026-02-21T20:59:24.271+0000] {processor.py:208} INFO - Processing /home/airflow/.local/lib/python3.12/site-packages/airflow/example_dags/example_workday_timetable.py took 4.564 seconds
[2026-02-21T21:00:24.458+0000] {processor.py:186} INFO - Started process (PID=2469) to work on /home/airflow/.local/lib/python3.12/site-packages/airflow/example_dags/example_workday_timetable.py
[2026-02-21T21:00:24.474+0000] {processor.py:914} INFO - Processing file /home/airflow/.local/lib/python3.12/site-packages/airflow/example_dags/example_workday_timetable.py for tasks to queue
[2026-02-21T21:00:24.490+0000] {logging_mixin.py:190} INFO - [2026-02-21T21:00:24.489+0000] {dagbag.py:588} INFO - Filling up the DagBag from /home/airflow/.local/lib/python3.12/site-packages/airflow/example_dags/example_workday_timetable.py
[2026-02-21T21:00:24.561+0000] {processor.py:925} INFO - DAG(s) 'example_workday_timetable' retrieved from /home/airflow/.local/lib/python3.12/site-packages/airflow/example_dags/example_workday_timetable.py
[2026-02-21T21:00:24.840+0000] {logging_mixin.py:190} INFO - [2026-02-21T21:00:24.839+0000] {dag.py:3239} INFO - Sync 1 DAGs
[2026-02-21T21:00:25.972+0000] {logging_mixin.py:190} INFO - [2026-02-21T21:00:25.971+0000] {dag.py:4180} INFO - Setting next_dagrun for example_workday_timetable to 2021-01-04 00:00:00+00:00, run_after=2021-01-05 00:00:00+00:00
[2026-02-21T21:00:26.151+0000] {processor.py:208} INFO - Processing /home/airflow/.local/lib/python3.12/site-packages/airflow/example_dags/example_workday_timetable.py took 1.805 seconds
[2026-02-21T21:08:49.166+0000] {processor.py:186} INFO - Started process (PID=2533) to work on /home/airflow/.local/lib/python3.12/site-packages/airflow/example_dags/example_workday_timetable.py
[2026-02-21T21:08:49.174+0000] {processor.py:914} INFO - Processing file /home/airflow/.local/lib/python3.12/site-packages/airflow/example_dags/example_workday_timetable.py for tasks to queue
[2026-02-21T21:08:49.194+0000] {logging_mixin.py:190} INFO - [2026-02-21T21:08:49.192+0000] {dagbag.py:588} INFO - Filling up the DagBag from /home/airflow/.local/lib/python3.12/site-packages/airflow/example_dags/example_workday_timetable.py
[2026-02-21T21:08:49.250+0000] {processor.py:925} INFO - DAG(s) 'example_workday_timetable' retrieved from /home/airflow/.local/lib/python3.12/site-packages/airflow/example_dags/example_workday_timetable.py
[2026-02-21T21:08:50.843+0000] {logging_mixin.py:190} INFO - [2026-02-21T21:08:50.840+0000] {dag.py:3239} INFO - Sync 1 DAGs
[2026-02-21T21:08:51.843+0000] {logging_mixin.py:190} INFO - [2026-02-21T21:08:51.841+0000] {dag.py:4180} INFO - Setting next_dagrun for example_workday_timetable to 2021-01-04 00:00:00+00:00, run_after=2021-01-05 00:00:00+00:00
[2026-02-21T21:08:52.204+0000] {processor.py:208} INFO - Processing /home/airflow/.local/lib/python3.12/site-packages/airflow/example_dags/example_workday_timetable.py took 3.092 seconds
[2026-02-21T21:34:19.768+0000] {processor.py:186} INFO - Started process (PID=2610) to work on /home/airflow/.local/lib/python3.12/site-packages/airflow/example_dags/example_workday_timetable.py
[2026-02-21T21:34:19.801+0000] {processor.py:914} INFO - Processing file /home/airflow/.local/lib/python3.12/site-packages/airflow/example_dags/example_workday_timetable.py for tasks to queue
[2026-02-21T21:34:19.816+0000] {logging_mixin.py:190} INFO - [2026-02-21T21:34:19.814+0000] {dagbag.py:588} INFO - Filling up the DagBag from /home/airflow/.local/lib/python3.12/site-packages/airflow/example_dags/example_workday_timetable.py
[2026-02-21T21:34:19.865+0000] {processor.py:925} INFO - DAG(s) 'example_workday_timetable' retrieved from /home/airflow/.local/lib/python3.12/site-packages/airflow/example_dags/example_workday_timetable.py
[2026-02-21T21:34:20.015+0000] {logging_mixin.py:190} INFO - [2026-02-21T21:34:20.014+0000] {dag.py:3239} INFO - Sync 1 DAGs
[2026-02-21T21:34:21.325+0000] {logging_mixin.py:190} INFO - [2026-02-21T21:34:21.323+0000] {dag.py:4180} INFO - Setting next_dagrun for example_workday_timetable to 2021-01-04 00:00:00+00:00, run_after=2021-01-05 00:00:00+00:00
[2026-02-21T21:34:21.465+0000] {processor.py:208} INFO - Processing /home/airflow/.local/lib/python3.12/site-packages/airflow/example_dags/example_workday_timetable.py took 1.733 seconds
[2026-02-21T21:35:52.855+0000] {processor.py:186} INFO - Started process (PID=2678) to work on /home/airflow/.local/lib/python3.12/site-packages/airflow/example_dags/example_workday_timetable.py
[2026-02-21T21:35:52.877+0000] {processor.py:914} INFO - Processing file /home/airflow/.local/lib/python3.12/site-packages/airflow/example_dags/example_workday_timetable.py for tasks to queue
[2026-02-21T21:35:52.903+0000] {logging_mixin.py:190} INFO - [2026-02-21T21:35:52.901+0000] {dagbag.py:588} INFO - Filling up the DagBag from /home/airflow/.local/lib/python3.12/site-packages/airflow/example_dags/example_workday_timetable.py
[2026-02-21T21:35:53.016+0000] {processor.py:925} INFO - DAG(s) 'example_workday_timetable' retrieved from /home/airflow/.local/lib/python3.12/site-packages/airflow/example_dags/example_workday_timetable.py
[2026-02-21T21:35:53.393+0000] {logging_mixin.py:190} INFO - [2026-02-21T21:35:53.392+0000] {dag.py:3239} INFO - Sync 1 DAGs
[2026-02-21T21:35:56.186+0000] {logging_mixin.py:190} INFO - [2026-02-21T21:35:56.180+0000] {dag.py:4180} INFO - Setting next_dagrun for example_workday_timetable to 2021-01-04 00:00:00+00:00, run_after=2021-01-05 00:00:00+00:00
[2026-02-21T21:35:56.665+0000] {processor.py:208} INFO - Processing /home/airflow/.local/lib/python3.12/site-packages/airflow/example_dags/example_workday_timetable.py took 3.913 seconds
