[2026-02-21T12:34:20.260+0000] {processor.py:186} INFO - Started process (PID=90) to work on /home/airflow/.local/lib/python3.12/site-packages/airflow/example_dags/example_setup_teardown.py
[2026-02-21T12:34:20.263+0000] {processor.py:914} INFO - Processing file /home/airflow/.local/lib/python3.12/site-packages/airflow/example_dags/example_setup_teardown.py for tasks to queue
[2026-02-21T12:34:20.271+0000] {logging_mixin.py:190} INFO - [2026-02-21T12:34:20.269+0000] {dagbag.py:588} INFO - Filling up the DagBag from /home/airflow/.local/lib/python3.12/site-packages/airflow/example_dags/example_setup_teardown.py
[2026-02-21T12:34:20.300+0000] {processor.py:925} INFO - DAG(s) 'example_setup_teardown' retrieved from /home/airflow/.local/lib/python3.12/site-packages/airflow/example_dags/example_setup_teardown.py
[2026-02-21T12:34:20.371+0000] {logging_mixin.py:190} INFO - [2026-02-21T12:34:20.370+0000] {dag.py:3239} INFO - Sync 1 DAGs
[2026-02-21T12:34:20.415+0000] {logging_mixin.py:190} INFO - [2026-02-21T12:34:20.414+0000] {dag.py:4180} INFO - Setting next_dagrun for example_setup_teardown to None, run_after=None
[2026-02-21T12:34:20.476+0000] {processor.py:208} INFO - Processing /home/airflow/.local/lib/python3.12/site-packages/airflow/example_dags/example_setup_teardown.py took 0.235 seconds
[2026-02-21T12:34:50.992+0000] {processor.py:186} INFO - Started process (PID=154) to work on /home/airflow/.local/lib/python3.12/site-packages/airflow/example_dags/example_setup_teardown.py
[2026-02-21T12:34:50.994+0000] {processor.py:914} INFO - Processing file /home/airflow/.local/lib/python3.12/site-packages/airflow/example_dags/example_setup_teardown.py for tasks to queue
[2026-02-21T12:34:51.000+0000] {logging_mixin.py:190} INFO - [2026-02-21T12:34:51.000+0000] {dagbag.py:588} INFO - Filling up the DagBag from /home/airflow/.local/lib/python3.12/site-packages/airflow/example_dags/example_setup_teardown.py
[2026-02-21T12:34:51.020+0000] {processor.py:925} INFO - DAG(s) 'example_setup_teardown' retrieved from /home/airflow/.local/lib/python3.12/site-packages/airflow/example_dags/example_setup_teardown.py
[2026-02-21T12:34:51.061+0000] {logging_mixin.py:190} INFO - [2026-02-21T12:34:51.061+0000] {dag.py:3239} INFO - Sync 1 DAGs
[2026-02-21T12:34:51.092+0000] {logging_mixin.py:190} INFO - [2026-02-21T12:34:51.091+0000] {dag.py:4180} INFO - Setting next_dagrun for example_setup_teardown to None, run_after=None
[2026-02-21T12:34:51.134+0000] {processor.py:208} INFO - Processing /home/airflow/.local/lib/python3.12/site-packages/airflow/example_dags/example_setup_teardown.py took 0.156 seconds
[2026-02-21T12:35:23.276+0000] {processor.py:186} INFO - Started process (PID=220) to work on /home/airflow/.local/lib/python3.12/site-packages/airflow/example_dags/example_setup_teardown.py
[2026-02-21T12:35:23.279+0000] {processor.py:914} INFO - Processing file /home/airflow/.local/lib/python3.12/site-packages/airflow/example_dags/example_setup_teardown.py for tasks to queue
[2026-02-21T12:35:23.285+0000] {logging_mixin.py:190} INFO - [2026-02-21T12:35:23.284+0000] {dagbag.py:588} INFO - Filling up the DagBag from /home/airflow/.local/lib/python3.12/site-packages/airflow/example_dags/example_setup_teardown.py
[2026-02-21T12:35:23.304+0000] {processor.py:925} INFO - DAG(s) 'example_setup_teardown' retrieved from /home/airflow/.local/lib/python3.12/site-packages/airflow/example_dags/example_setup_teardown.py
[2026-02-21T12:35:23.354+0000] {logging_mixin.py:190} INFO - [2026-02-21T12:35:23.353+0000] {dag.py:3239} INFO - Sync 1 DAGs
[2026-02-21T12:35:23.387+0000] {logging_mixin.py:190} INFO - [2026-02-21T12:35:23.386+0000] {dag.py:4180} INFO - Setting next_dagrun for example_setup_teardown to None, run_after=None
[2026-02-21T12:35:23.424+0000] {processor.py:208} INFO - Processing /home/airflow/.local/lib/python3.12/site-packages/airflow/example_dags/example_setup_teardown.py took 0.165 seconds
[2026-02-21T12:35:57.471+0000] {processor.py:186} INFO - Started process (PID=292) to work on /home/airflow/.local/lib/python3.12/site-packages/airflow/example_dags/example_setup_teardown.py
[2026-02-21T12:35:57.527+0000] {processor.py:914} INFO - Processing file /home/airflow/.local/lib/python3.12/site-packages/airflow/example_dags/example_setup_teardown.py for tasks to queue
[2026-02-21T12:35:57.546+0000] {logging_mixin.py:190} INFO - [2026-02-21T12:35:57.545+0000] {dagbag.py:588} INFO - Filling up the DagBag from /home/airflow/.local/lib/python3.12/site-packages/airflow/example_dags/example_setup_teardown.py
[2026-02-21T12:35:57.638+0000] {processor.py:925} INFO - DAG(s) 'example_setup_teardown' retrieved from /home/airflow/.local/lib/python3.12/site-packages/airflow/example_dags/example_setup_teardown.py
[2026-02-21T12:35:57.827+0000] {logging_mixin.py:190} INFO - [2026-02-21T12:35:57.826+0000] {dag.py:3239} INFO - Sync 1 DAGs
[2026-02-21T12:35:58.011+0000] {logging_mixin.py:190} INFO - [2026-02-21T12:35:58.010+0000] {dag.py:4180} INFO - Setting next_dagrun for example_setup_teardown to None, run_after=None
[2026-02-21T12:35:58.169+0000] {processor.py:208} INFO - Processing /home/airflow/.local/lib/python3.12/site-packages/airflow/example_dags/example_setup_teardown.py took 0.769 seconds
[2026-02-21T12:36:44.208+0000] {processor.py:186} INFO - Started process (PID=356) to work on /home/airflow/.local/lib/python3.12/site-packages/airflow/example_dags/example_setup_teardown.py
[2026-02-21T12:36:44.213+0000] {processor.py:914} INFO - Processing file /home/airflow/.local/lib/python3.12/site-packages/airflow/example_dags/example_setup_teardown.py for tasks to queue
[2026-02-21T12:36:44.225+0000] {logging_mixin.py:190} INFO - [2026-02-21T12:36:44.223+0000] {dagbag.py:588} INFO - Filling up the DagBag from /home/airflow/.local/lib/python3.12/site-packages/airflow/example_dags/example_setup_teardown.py
[2026-02-21T12:36:44.285+0000] {processor.py:925} INFO - DAG(s) 'example_setup_teardown' retrieved from /home/airflow/.local/lib/python3.12/site-packages/airflow/example_dags/example_setup_teardown.py
[2026-02-21T12:36:44.393+0000] {logging_mixin.py:190} INFO - [2026-02-21T12:36:44.392+0000] {dag.py:3239} INFO - Sync 1 DAGs
[2026-02-21T12:36:44.464+0000] {logging_mixin.py:190} INFO - [2026-02-21T12:36:44.463+0000] {dag.py:4180} INFO - Setting next_dagrun for example_setup_teardown to None, run_after=None
[2026-02-21T12:36:44.583+0000] {processor.py:208} INFO - Processing /home/airflow/.local/lib/python3.12/site-packages/airflow/example_dags/example_setup_teardown.py took 0.419 seconds
[2026-02-21T12:37:16.516+0000] {processor.py:186} INFO - Started process (PID=420) to work on /home/airflow/.local/lib/python3.12/site-packages/airflow/example_dags/example_setup_teardown.py
[2026-02-21T12:37:16.520+0000] {processor.py:914} INFO - Processing file /home/airflow/.local/lib/python3.12/site-packages/airflow/example_dags/example_setup_teardown.py for tasks to queue
[2026-02-21T12:37:16.532+0000] {logging_mixin.py:190} INFO - [2026-02-21T12:37:16.530+0000] {dagbag.py:588} INFO - Filling up the DagBag from /home/airflow/.local/lib/python3.12/site-packages/airflow/example_dags/example_setup_teardown.py
[2026-02-21T12:37:16.576+0000] {processor.py:925} INFO - DAG(s) 'example_setup_teardown' retrieved from /home/airflow/.local/lib/python3.12/site-packages/airflow/example_dags/example_setup_teardown.py
[2026-02-21T12:37:16.684+0000] {logging_mixin.py:190} INFO - [2026-02-21T12:37:16.682+0000] {dag.py:3239} INFO - Sync 1 DAGs
[2026-02-21T12:37:16.777+0000] {logging_mixin.py:190} INFO - [2026-02-21T12:37:16.776+0000] {dag.py:4180} INFO - Setting next_dagrun for example_setup_teardown to None, run_after=None
[2026-02-21T12:37:16.892+0000] {processor.py:208} INFO - Processing /home/airflow/.local/lib/python3.12/site-packages/airflow/example_dags/example_setup_teardown.py took 0.408 seconds
[2026-02-21T12:37:48.075+0000] {processor.py:186} INFO - Started process (PID=485) to work on /home/airflow/.local/lib/python3.12/site-packages/airflow/example_dags/example_setup_teardown.py
[2026-02-21T12:37:48.079+0000] {processor.py:914} INFO - Processing file /home/airflow/.local/lib/python3.12/site-packages/airflow/example_dags/example_setup_teardown.py for tasks to queue
[2026-02-21T12:37:48.089+0000] {logging_mixin.py:190} INFO - [2026-02-21T12:37:48.087+0000] {dagbag.py:588} INFO - Filling up the DagBag from /home/airflow/.local/lib/python3.12/site-packages/airflow/example_dags/example_setup_teardown.py
[2026-02-21T12:37:48.127+0000] {processor.py:925} INFO - DAG(s) 'example_setup_teardown' retrieved from /home/airflow/.local/lib/python3.12/site-packages/airflow/example_dags/example_setup_teardown.py
[2026-02-21T12:37:48.210+0000] {logging_mixin.py:190} INFO - [2026-02-21T12:37:48.209+0000] {dag.py:3239} INFO - Sync 1 DAGs
[2026-02-21T12:37:48.263+0000] {logging_mixin.py:190} INFO - [2026-02-21T12:37:48.263+0000] {dag.py:4180} INFO - Setting next_dagrun for example_setup_teardown to None, run_after=None
[2026-02-21T12:37:48.344+0000] {processor.py:208} INFO - Processing /home/airflow/.local/lib/python3.12/site-packages/airflow/example_dags/example_setup_teardown.py took 0.296 seconds
[2026-02-21T12:38:18.653+0000] {processor.py:186} INFO - Started process (PID=549) to work on /home/airflow/.local/lib/python3.12/site-packages/airflow/example_dags/example_setup_teardown.py
[2026-02-21T12:38:18.654+0000] {processor.py:914} INFO - Processing file /home/airflow/.local/lib/python3.12/site-packages/airflow/example_dags/example_setup_teardown.py for tasks to queue
[2026-02-21T12:38:18.657+0000] {logging_mixin.py:190} INFO - [2026-02-21T12:38:18.657+0000] {dagbag.py:588} INFO - Filling up the DagBag from /home/airflow/.local/lib/python3.12/site-packages/airflow/example_dags/example_setup_teardown.py
[2026-02-21T12:38:18.666+0000] {processor.py:925} INFO - DAG(s) 'example_setup_teardown' retrieved from /home/airflow/.local/lib/python3.12/site-packages/airflow/example_dags/example_setup_teardown.py
[2026-02-21T12:38:18.690+0000] {logging_mixin.py:190} INFO - [2026-02-21T12:38:18.690+0000] {dag.py:3239} INFO - Sync 1 DAGs
[2026-02-21T12:38:18.706+0000] {logging_mixin.py:190} INFO - [2026-02-21T12:38:18.705+0000] {dag.py:4180} INFO - Setting next_dagrun for example_setup_teardown to None, run_after=None
[2026-02-21T12:38:18.730+0000] {processor.py:208} INFO - Processing /home/airflow/.local/lib/python3.12/site-packages/airflow/example_dags/example_setup_teardown.py took 0.085 seconds
[2026-02-21T12:38:49.148+0000] {processor.py:186} INFO - Started process (PID=620) to work on /home/airflow/.local/lib/python3.12/site-packages/airflow/example_dags/example_setup_teardown.py
[2026-02-21T12:38:49.151+0000] {processor.py:914} INFO - Processing file /home/airflow/.local/lib/python3.12/site-packages/airflow/example_dags/example_setup_teardown.py for tasks to queue
[2026-02-21T12:38:49.160+0000] {logging_mixin.py:190} INFO - [2026-02-21T12:38:49.159+0000] {dagbag.py:588} INFO - Filling up the DagBag from /home/airflow/.local/lib/python3.12/site-packages/airflow/example_dags/example_setup_teardown.py
[2026-02-21T12:38:49.204+0000] {processor.py:925} INFO - DAG(s) 'example_setup_teardown' retrieved from /home/airflow/.local/lib/python3.12/site-packages/airflow/example_dags/example_setup_teardown.py
[2026-02-21T12:38:49.283+0000] {logging_mixin.py:190} INFO - [2026-02-21T12:38:49.282+0000] {dag.py:3239} INFO - Sync 1 DAGs
[2026-02-21T12:38:49.360+0000] {logging_mixin.py:190} INFO - [2026-02-21T12:38:49.360+0000] {dag.py:4180} INFO - Setting next_dagrun for example_setup_teardown to None, run_after=None
[2026-02-21T12:38:49.437+0000] {processor.py:208} INFO - Processing /home/airflow/.local/lib/python3.12/site-packages/airflow/example_dags/example_setup_teardown.py took 0.314 seconds
[2026-02-21T12:39:20.330+0000] {processor.py:186} INFO - Started process (PID=685) to work on /home/airflow/.local/lib/python3.12/site-packages/airflow/example_dags/example_setup_teardown.py
[2026-02-21T12:39:20.333+0000] {processor.py:914} INFO - Processing file /home/airflow/.local/lib/python3.12/site-packages/airflow/example_dags/example_setup_teardown.py for tasks to queue
[2026-02-21T12:39:20.342+0000] {logging_mixin.py:190} INFO - [2026-02-21T12:39:20.341+0000] {dagbag.py:588} INFO - Filling up the DagBag from /home/airflow/.local/lib/python3.12/site-packages/airflow/example_dags/example_setup_teardown.py
[2026-02-21T12:39:20.380+0000] {processor.py:925} INFO - DAG(s) 'example_setup_teardown' retrieved from /home/airflow/.local/lib/python3.12/site-packages/airflow/example_dags/example_setup_teardown.py
[2026-02-21T12:39:20.461+0000] {logging_mixin.py:190} INFO - [2026-02-21T12:39:20.460+0000] {dag.py:3239} INFO - Sync 1 DAGs
[2026-02-21T12:39:20.515+0000] {logging_mixin.py:190} INFO - [2026-02-21T12:39:20.514+0000] {dag.py:4180} INFO - Setting next_dagrun for example_setup_teardown to None, run_after=None
[2026-02-21T12:39:20.584+0000] {processor.py:208} INFO - Processing /home/airflow/.local/lib/python3.12/site-packages/airflow/example_dags/example_setup_teardown.py took 0.276 seconds
[2026-02-21T12:40:19.570+0000] {processor.py:186} INFO - Started process (PID=755) to work on /home/airflow/.local/lib/python3.12/site-packages/airflow/example_dags/example_setup_teardown.py
[2026-02-21T12:40:19.598+0000] {processor.py:914} INFO - Processing file /home/airflow/.local/lib/python3.12/site-packages/airflow/example_dags/example_setup_teardown.py for tasks to queue
[2026-02-21T12:40:19.621+0000] {logging_mixin.py:190} INFO - [2026-02-21T12:40:19.619+0000] {dagbag.py:588} INFO - Filling up the DagBag from /home/airflow/.local/lib/python3.12/site-packages/airflow/example_dags/example_setup_teardown.py
[2026-02-21T12:40:19.758+0000] {processor.py:925} INFO - DAG(s) 'example_setup_teardown' retrieved from /home/airflow/.local/lib/python3.12/site-packages/airflow/example_dags/example_setup_teardown.py
[2026-02-21T12:40:19.961+0000] {logging_mixin.py:190} INFO - [2026-02-21T12:40:19.960+0000] {dag.py:3239} INFO - Sync 1 DAGs
[2026-02-21T12:40:20.139+0000] {logging_mixin.py:190} INFO - [2026-02-21T12:40:20.124+0000] {dag.py:4180} INFO - Setting next_dagrun for example_setup_teardown to None, run_after=None
[2026-02-21T12:40:20.521+0000] {processor.py:208} INFO - Processing /home/airflow/.local/lib/python3.12/site-packages/airflow/example_dags/example_setup_teardown.py took 0.999 seconds
[2026-02-21T12:41:43.866+0000] {processor.py:186} INFO - Started process (PID=812) to work on /home/airflow/.local/lib/python3.12/site-packages/airflow/example_dags/example_setup_teardown.py
[2026-02-21T12:41:43.870+0000] {processor.py:914} INFO - Processing file /home/airflow/.local/lib/python3.12/site-packages/airflow/example_dags/example_setup_teardown.py for tasks to queue
[2026-02-21T12:41:43.875+0000] {logging_mixin.py:190} INFO - [2026-02-21T12:41:43.874+0000] {dagbag.py:588} INFO - Filling up the DagBag from /home/airflow/.local/lib/python3.12/site-packages/airflow/example_dags/example_setup_teardown.py
[2026-02-21T12:41:43.913+0000] {processor.py:925} INFO - DAG(s) 'example_setup_teardown' retrieved from /home/airflow/.local/lib/python3.12/site-packages/airflow/example_dags/example_setup_teardown.py
[2026-02-21T12:41:43.985+0000] {logging_mixin.py:190} INFO - [2026-02-21T12:41:43.984+0000] {dag.py:3239} INFO - Sync 1 DAGs
[2026-02-21T12:41:44.050+0000] {logging_mixin.py:190} INFO - [2026-02-21T12:41:44.047+0000] {dag.py:4180} INFO - Setting next_dagrun for example_setup_teardown to None, run_after=None
[2026-02-21T12:41:44.174+0000] {processor.py:208} INFO - Processing /home/airflow/.local/lib/python3.12/site-packages/airflow/example_dags/example_setup_teardown.py took 0.331 seconds
[2026-02-21T12:42:19.512+0000] {processor.py:186} INFO - Started process (PID=886) to work on /home/airflow/.local/lib/python3.12/site-packages/airflow/example_dags/example_setup_teardown.py
[2026-02-21T12:42:19.523+0000] {processor.py:914} INFO - Processing file /home/airflow/.local/lib/python3.12/site-packages/airflow/example_dags/example_setup_teardown.py for tasks to queue
[2026-02-21T12:42:19.546+0000] {logging_mixin.py:190} INFO - [2026-02-21T12:42:19.544+0000] {dagbag.py:588} INFO - Filling up the DagBag from /home/airflow/.local/lib/python3.12/site-packages/airflow/example_dags/example_setup_teardown.py
[2026-02-21T12:42:19.590+0000] {processor.py:925} INFO - DAG(s) 'example_setup_teardown' retrieved from /home/airflow/.local/lib/python3.12/site-packages/airflow/example_dags/example_setup_teardown.py
[2026-02-21T12:42:19.696+0000] {logging_mixin.py:190} INFO - [2026-02-21T12:42:19.694+0000] {dag.py:3239} INFO - Sync 1 DAGs
[2026-02-21T12:42:19.829+0000] {logging_mixin.py:190} INFO - [2026-02-21T12:42:19.828+0000] {dag.py:4180} INFO - Setting next_dagrun for example_setup_teardown to None, run_after=None
[2026-02-21T12:42:19.952+0000] {processor.py:208} INFO - Processing /home/airflow/.local/lib/python3.12/site-packages/airflow/example_dags/example_setup_teardown.py took 0.479 seconds
[2026-02-21T12:54:08.812+0000] {processor.py:186} INFO - Started process (PID=973) to work on /home/airflow/.local/lib/python3.12/site-packages/airflow/example_dags/example_setup_teardown.py
[2026-02-21T12:54:08.816+0000] {processor.py:914} INFO - Processing file /home/airflow/.local/lib/python3.12/site-packages/airflow/example_dags/example_setup_teardown.py for tasks to queue
[2026-02-21T12:54:08.826+0000] {logging_mixin.py:190} INFO - [2026-02-21T12:54:08.824+0000] {dagbag.py:588} INFO - Filling up the DagBag from /home/airflow/.local/lib/python3.12/site-packages/airflow/example_dags/example_setup_teardown.py
[2026-02-21T12:54:08.860+0000] {processor.py:925} INFO - DAG(s) 'example_setup_teardown' retrieved from /home/airflow/.local/lib/python3.12/site-packages/airflow/example_dags/example_setup_teardown.py
[2026-02-21T12:54:08.949+0000] {logging_mixin.py:190} INFO - [2026-02-21T12:54:08.948+0000] {dag.py:3239} INFO - Sync 1 DAGs
[2026-02-21T12:54:09.014+0000] {logging_mixin.py:190} INFO - [2026-02-21T12:54:09.013+0000] {dag.py:4180} INFO - Setting next_dagrun for example_setup_teardown to None, run_after=None
[2026-02-21T12:54:09.095+0000] {processor.py:208} INFO - Processing /home/airflow/.local/lib/python3.12/site-packages/airflow/example_dags/example_setup_teardown.py took 0.304 seconds
[2026-02-21T12:54:40.002+0000] {processor.py:186} INFO - Started process (PID=1037) to work on /home/airflow/.local/lib/python3.12/site-packages/airflow/example_dags/example_setup_teardown.py
[2026-02-21T12:54:40.005+0000] {processor.py:914} INFO - Processing file /home/airflow/.local/lib/python3.12/site-packages/airflow/example_dags/example_setup_teardown.py for tasks to queue
[2026-02-21T12:54:40.012+0000] {logging_mixin.py:190} INFO - [2026-02-21T12:54:40.011+0000] {dagbag.py:588} INFO - Filling up the DagBag from /home/airflow/.local/lib/python3.12/site-packages/airflow/example_dags/example_setup_teardown.py
[2026-02-21T12:54:40.041+0000] {processor.py:925} INFO - DAG(s) 'example_setup_teardown' retrieved from /home/airflow/.local/lib/python3.12/site-packages/airflow/example_dags/example_setup_teardown.py
[2026-02-21T12:54:40.096+0000] {logging_mixin.py:190} INFO - [2026-02-21T12:54:40.095+0000] {dag.py:3239} INFO - Sync 1 DAGs
[2026-02-21T12:54:40.131+0000] {logging_mixin.py:190} INFO - [2026-02-21T12:54:40.130+0000] {dag.py:4180} INFO - Setting next_dagrun for example_setup_teardown to None, run_after=None
[2026-02-21T12:54:40.182+0000] {processor.py:208} INFO - Processing /home/airflow/.local/lib/python3.12/site-packages/airflow/example_dags/example_setup_teardown.py took 0.196 seconds
[2026-02-21T12:55:15.902+0000] {processor.py:186} INFO - Started process (PID=1107) to work on /home/airflow/.local/lib/python3.12/site-packages/airflow/example_dags/example_setup_teardown.py
[2026-02-21T12:55:15.905+0000] {processor.py:914} INFO - Processing file /home/airflow/.local/lib/python3.12/site-packages/airflow/example_dags/example_setup_teardown.py for tasks to queue
[2026-02-21T12:55:15.912+0000] {logging_mixin.py:190} INFO - [2026-02-21T12:55:15.911+0000] {dagbag.py:588} INFO - Filling up the DagBag from /home/airflow/.local/lib/python3.12/site-packages/airflow/example_dags/example_setup_teardown.py
[2026-02-21T12:55:15.938+0000] {processor.py:925} INFO - DAG(s) 'example_setup_teardown' retrieved from /home/airflow/.local/lib/python3.12/site-packages/airflow/example_dags/example_setup_teardown.py
[2026-02-21T12:55:16.000+0000] {logging_mixin.py:190} INFO - [2026-02-21T12:55:15.999+0000] {dag.py:3239} INFO - Sync 1 DAGs
[2026-02-21T12:55:16.042+0000] {logging_mixin.py:190} INFO - [2026-02-21T12:55:16.041+0000] {dag.py:4180} INFO - Setting next_dagrun for example_setup_teardown to None, run_after=None
[2026-02-21T12:55:16.098+0000] {processor.py:208} INFO - Processing /home/airflow/.local/lib/python3.12/site-packages/airflow/example_dags/example_setup_teardown.py took 0.212 seconds
[2026-02-21T17:10:24.796+0000] {processor.py:186} INFO - Started process (PID=1212) to work on /home/airflow/.local/lib/python3.12/site-packages/airflow/example_dags/example_setup_teardown.py
[2026-02-21T17:10:24.798+0000] {processor.py:914} INFO - Processing file /home/airflow/.local/lib/python3.12/site-packages/airflow/example_dags/example_setup_teardown.py for tasks to queue
[2026-02-21T17:10:24.803+0000] {logging_mixin.py:190} INFO - [2026-02-21T17:10:24.802+0000] {dagbag.py:588} INFO - Filling up the DagBag from /home/airflow/.local/lib/python3.12/site-packages/airflow/example_dags/example_setup_teardown.py
[2026-02-21T17:10:24.820+0000] {processor.py:925} INFO - DAG(s) 'example_setup_teardown' retrieved from /home/airflow/.local/lib/python3.12/site-packages/airflow/example_dags/example_setup_teardown.py
[2026-02-21T17:10:24.863+0000] {logging_mixin.py:190} INFO - [2026-02-21T17:10:24.863+0000] {dag.py:3239} INFO - Sync 1 DAGs
[2026-02-21T17:10:24.890+0000] {logging_mixin.py:190} INFO - [2026-02-21T17:10:24.890+0000] {dag.py:4180} INFO - Setting next_dagrun for example_setup_teardown to None, run_after=None
[2026-02-21T17:10:24.930+0000] {processor.py:208} INFO - Processing /home/airflow/.local/lib/python3.12/site-packages/airflow/example_dags/example_setup_teardown.py took 0.145 seconds
[2026-02-21T17:10:59.699+0000] {processor.py:186} INFO - Started process (PID=1277) to work on /home/airflow/.local/lib/python3.12/site-packages/airflow/example_dags/example_setup_teardown.py
[2026-02-21T17:10:59.702+0000] {processor.py:914} INFO - Processing file /home/airflow/.local/lib/python3.12/site-packages/airflow/example_dags/example_setup_teardown.py for tasks to queue
[2026-02-21T17:10:59.709+0000] {logging_mixin.py:190} INFO - [2026-02-21T17:10:59.708+0000] {dagbag.py:588} INFO - Filling up the DagBag from /home/airflow/.local/lib/python3.12/site-packages/airflow/example_dags/example_setup_teardown.py
[2026-02-21T17:10:59.734+0000] {processor.py:925} INFO - DAG(s) 'example_setup_teardown' retrieved from /home/airflow/.local/lib/python3.12/site-packages/airflow/example_dags/example_setup_teardown.py
[2026-02-21T17:10:59.792+0000] {logging_mixin.py:190} INFO - [2026-02-21T17:10:59.792+0000] {dag.py:3239} INFO - Sync 1 DAGs
[2026-02-21T17:10:59.831+0000] {logging_mixin.py:190} INFO - [2026-02-21T17:10:59.831+0000] {dag.py:4180} INFO - Setting next_dagrun for example_setup_teardown to None, run_after=None
[2026-02-21T17:10:59.882+0000] {processor.py:208} INFO - Processing /home/airflow/.local/lib/python3.12/site-packages/airflow/example_dags/example_setup_teardown.py took 0.195 seconds
[2026-02-21T17:11:33.355+0000] {processor.py:186} INFO - Started process (PID=1342) to work on /home/airflow/.local/lib/python3.12/site-packages/airflow/example_dags/example_setup_teardown.py
[2026-02-21T17:11:33.357+0000] {processor.py:914} INFO - Processing file /home/airflow/.local/lib/python3.12/site-packages/airflow/example_dags/example_setup_teardown.py for tasks to queue
[2026-02-21T17:11:33.366+0000] {logging_mixin.py:190} INFO - [2026-02-21T17:11:33.365+0000] {dagbag.py:588} INFO - Filling up the DagBag from /home/airflow/.local/lib/python3.12/site-packages/airflow/example_dags/example_setup_teardown.py
[2026-02-21T17:11:33.397+0000] {processor.py:925} INFO - DAG(s) 'example_setup_teardown' retrieved from /home/airflow/.local/lib/python3.12/site-packages/airflow/example_dags/example_setup_teardown.py
[2026-02-21T17:11:33.466+0000] {logging_mixin.py:190} INFO - [2026-02-21T17:11:33.465+0000] {dag.py:3239} INFO - Sync 1 DAGs
[2026-02-21T17:11:33.515+0000] {logging_mixin.py:190} INFO - [2026-02-21T17:11:33.514+0000] {dag.py:4180} INFO - Setting next_dagrun for example_setup_teardown to None, run_after=None
[2026-02-21T17:11:33.573+0000] {processor.py:208} INFO - Processing /home/airflow/.local/lib/python3.12/site-packages/airflow/example_dags/example_setup_teardown.py took 0.236 seconds
[2026-02-21T17:12:03.968+0000] {processor.py:186} INFO - Started process (PID=1406) to work on /home/airflow/.local/lib/python3.12/site-packages/airflow/example_dags/example_setup_teardown.py
[2026-02-21T17:12:03.970+0000] {processor.py:914} INFO - Processing file /home/airflow/.local/lib/python3.12/site-packages/airflow/example_dags/example_setup_teardown.py for tasks to queue
[2026-02-21T17:12:03.973+0000] {logging_mixin.py:190} INFO - [2026-02-21T17:12:03.973+0000] {dagbag.py:588} INFO - Filling up the DagBag from /home/airflow/.local/lib/python3.12/site-packages/airflow/example_dags/example_setup_teardown.py
[2026-02-21T17:12:03.985+0000] {processor.py:925} INFO - DAG(s) 'example_setup_teardown' retrieved from /home/airflow/.local/lib/python3.12/site-packages/airflow/example_dags/example_setup_teardown.py
[2026-02-21T17:12:04.013+0000] {logging_mixin.py:190} INFO - [2026-02-21T17:12:04.012+0000] {dag.py:3239} INFO - Sync 1 DAGs
[2026-02-21T17:12:04.030+0000] {logging_mixin.py:190} INFO - [2026-02-21T17:12:04.029+0000] {dag.py:4180} INFO - Setting next_dagrun for example_setup_teardown to None, run_after=None
[2026-02-21T17:12:04.057+0000] {processor.py:208} INFO - Processing /home/airflow/.local/lib/python3.12/site-packages/airflow/example_dags/example_setup_teardown.py took 0.098 seconds
[2026-02-21T17:12:34.855+0000] {processor.py:186} INFO - Started process (PID=1471) to work on /home/airflow/.local/lib/python3.12/site-packages/airflow/example_dags/example_setup_teardown.py
[2026-02-21T17:12:34.857+0000] {processor.py:914} INFO - Processing file /home/airflow/.local/lib/python3.12/site-packages/airflow/example_dags/example_setup_teardown.py for tasks to queue
[2026-02-21T17:12:34.861+0000] {logging_mixin.py:190} INFO - [2026-02-21T17:12:34.860+0000] {dagbag.py:588} INFO - Filling up the DagBag from /home/airflow/.local/lib/python3.12/site-packages/airflow/example_dags/example_setup_teardown.py
[2026-02-21T17:12:34.874+0000] {processor.py:925} INFO - DAG(s) 'example_setup_teardown' retrieved from /home/airflow/.local/lib/python3.12/site-packages/airflow/example_dags/example_setup_teardown.py
[2026-02-21T17:12:34.903+0000] {logging_mixin.py:190} INFO - [2026-02-21T17:12:34.902+0000] {dag.py:3239} INFO - Sync 1 DAGs
[2026-02-21T17:12:34.921+0000] {logging_mixin.py:190} INFO - [2026-02-21T17:12:34.921+0000] {dag.py:4180} INFO - Setting next_dagrun for example_setup_teardown to None, run_after=None
[2026-02-21T17:12:34.947+0000] {processor.py:208} INFO - Processing /home/airflow/.local/lib/python3.12/site-packages/airflow/example_dags/example_setup_teardown.py took 0.102 seconds
[2026-02-21T17:13:06.029+0000] {processor.py:186} INFO - Started process (PID=1537) to work on /home/airflow/.local/lib/python3.12/site-packages/airflow/example_dags/example_setup_teardown.py
[2026-02-21T17:13:06.031+0000] {processor.py:914} INFO - Processing file /home/airflow/.local/lib/python3.12/site-packages/airflow/example_dags/example_setup_teardown.py for tasks to queue
[2026-02-21T17:13:06.035+0000] {logging_mixin.py:190} INFO - [2026-02-21T17:13:06.035+0000] {dagbag.py:588} INFO - Filling up the DagBag from /home/airflow/.local/lib/python3.12/site-packages/airflow/example_dags/example_setup_teardown.py
[2026-02-21T17:13:06.051+0000] {processor.py:925} INFO - DAG(s) 'example_setup_teardown' retrieved from /home/airflow/.local/lib/python3.12/site-packages/airflow/example_dags/example_setup_teardown.py
[2026-02-21T17:13:06.085+0000] {logging_mixin.py:190} INFO - [2026-02-21T17:13:06.085+0000] {dag.py:3239} INFO - Sync 1 DAGs
[2026-02-21T17:13:06.106+0000] {logging_mixin.py:190} INFO - [2026-02-21T17:13:06.106+0000] {dag.py:4180} INFO - Setting next_dagrun for example_setup_teardown to None, run_after=None
[2026-02-21T17:13:06.138+0000] {processor.py:208} INFO - Processing /home/airflow/.local/lib/python3.12/site-packages/airflow/example_dags/example_setup_teardown.py took 0.119 seconds
[2026-02-21T17:13:38.293+0000] {processor.py:186} INFO - Started process (PID=1602) to work on /home/airflow/.local/lib/python3.12/site-packages/airflow/example_dags/example_setup_teardown.py
[2026-02-21T17:13:38.296+0000] {processor.py:914} INFO - Processing file /home/airflow/.local/lib/python3.12/site-packages/airflow/example_dags/example_setup_teardown.py for tasks to queue
[2026-02-21T17:13:38.302+0000] {logging_mixin.py:190} INFO - [2026-02-21T17:13:38.301+0000] {dagbag.py:588} INFO - Filling up the DagBag from /home/airflow/.local/lib/python3.12/site-packages/airflow/example_dags/example_setup_teardown.py
[2026-02-21T17:13:38.325+0000] {processor.py:925} INFO - DAG(s) 'example_setup_teardown' retrieved from /home/airflow/.local/lib/python3.12/site-packages/airflow/example_dags/example_setup_teardown.py
[2026-02-21T17:13:38.381+0000] {logging_mixin.py:190} INFO - [2026-02-21T17:13:38.380+0000] {dag.py:3239} INFO - Sync 1 DAGs
[2026-02-21T17:13:38.421+0000] {logging_mixin.py:190} INFO - [2026-02-21T17:13:38.420+0000] {dag.py:4180} INFO - Setting next_dagrun for example_setup_teardown to None, run_after=None
[2026-02-21T17:13:38.479+0000] {processor.py:208} INFO - Processing /home/airflow/.local/lib/python3.12/site-packages/airflow/example_dags/example_setup_teardown.py took 0.202 seconds
[2026-02-21T19:41:19.795+0000] {processor.py:186} INFO - Started process (PID=1658) to work on /home/airflow/.local/lib/python3.12/site-packages/airflow/example_dags/example_setup_teardown.py
[2026-02-21T19:41:19.798+0000] {processor.py:914} INFO - Processing file /home/airflow/.local/lib/python3.12/site-packages/airflow/example_dags/example_setup_teardown.py for tasks to queue
[2026-02-21T19:41:19.800+0000] {logging_mixin.py:190} INFO - [2026-02-21T19:41:19.799+0000] {dagbag.py:588} INFO - Filling up the DagBag from /home/airflow/.local/lib/python3.12/site-packages/airflow/example_dags/example_setup_teardown.py
[2026-02-21T19:41:19.812+0000] {processor.py:925} INFO - DAG(s) 'example_setup_teardown' retrieved from /home/airflow/.local/lib/python3.12/site-packages/airflow/example_dags/example_setup_teardown.py
[2026-02-21T19:41:19.843+0000] {logging_mixin.py:190} INFO - [2026-02-21T19:41:19.843+0000] {dag.py:3239} INFO - Sync 1 DAGs
[2026-02-21T19:41:19.863+0000] {logging_mixin.py:190} INFO - [2026-02-21T19:41:19.863+0000] {dag.py:4180} INFO - Setting next_dagrun for example_setup_teardown to None, run_after=None
[2026-02-21T19:41:19.889+0000] {processor.py:208} INFO - Processing /home/airflow/.local/lib/python3.12/site-packages/airflow/example_dags/example_setup_teardown.py took 0.102 seconds
[2026-02-21T19:42:04.320+0000] {processor.py:186} INFO - Started process (PID=2321) to work on /home/airflow/.local/lib/python3.12/site-packages/airflow/example_dags/example_setup_teardown.py
[2026-02-21T19:42:04.325+0000] {processor.py:914} INFO - Processing file /home/airflow/.local/lib/python3.12/site-packages/airflow/example_dags/example_setup_teardown.py for tasks to queue
[2026-02-21T19:42:04.331+0000] {logging_mixin.py:190} INFO - [2026-02-21T19:42:04.329+0000] {dagbag.py:588} INFO - Filling up the DagBag from /home/airflow/.local/lib/python3.12/site-packages/airflow/example_dags/example_setup_teardown.py
[2026-02-21T19:42:04.375+0000] {processor.py:925} INFO - DAG(s) 'example_setup_teardown' retrieved from /home/airflow/.local/lib/python3.12/site-packages/airflow/example_dags/example_setup_teardown.py
[2026-02-21T19:42:04.470+0000] {logging_mixin.py:190} INFO - [2026-02-21T19:42:04.469+0000] {dag.py:3239} INFO - Sync 1 DAGs
[2026-02-21T19:42:04.542+0000] {logging_mixin.py:190} INFO - [2026-02-21T19:42:04.541+0000] {dag.py:4180} INFO - Setting next_dagrun for example_setup_teardown to None, run_after=None
[2026-02-21T19:42:04.650+0000] {processor.py:208} INFO - Processing /home/airflow/.local/lib/python3.12/site-packages/airflow/example_dags/example_setup_teardown.py took 0.357 seconds
[2026-02-21T20:59:57.284+0000] {processor.py:186} INFO - Started process (PID=2428) to work on /home/airflow/.local/lib/python3.12/site-packages/airflow/example_dags/example_setup_teardown.py
[2026-02-21T20:59:57.294+0000] {processor.py:914} INFO - Processing file /home/airflow/.local/lib/python3.12/site-packages/airflow/example_dags/example_setup_teardown.py for tasks to queue
[2026-02-21T20:59:57.316+0000] {logging_mixin.py:190} INFO - [2026-02-21T20:59:57.314+0000] {dagbag.py:588} INFO - Filling up the DagBag from /home/airflow/.local/lib/python3.12/site-packages/airflow/example_dags/example_setup_teardown.py
[2026-02-21T20:59:57.417+0000] {processor.py:925} INFO - DAG(s) 'example_setup_teardown' retrieved from /home/airflow/.local/lib/python3.12/site-packages/airflow/example_dags/example_setup_teardown.py
[2026-02-21T20:59:57.651+0000] {logging_mixin.py:190} INFO - [2026-02-21T20:59:57.645+0000] {dag.py:3239} INFO - Sync 1 DAGs
[2026-02-21T20:59:57.810+0000] {logging_mixin.py:190} INFO - [2026-02-21T20:59:57.804+0000] {dag.py:4180} INFO - Setting next_dagrun for example_setup_teardown to None, run_after=None
[2026-02-21T20:59:58.018+0000] {processor.py:208} INFO - Processing /home/airflow/.local/lib/python3.12/site-packages/airflow/example_dags/example_setup_teardown.py took 0.777 seconds
[2026-02-21T21:00:46.671+0000] {processor.py:186} INFO - Started process (PID=2492) to work on /home/airflow/.local/lib/python3.12/site-packages/airflow/example_dags/example_setup_teardown.py
[2026-02-21T21:00:46.680+0000] {processor.py:914} INFO - Processing file /home/airflow/.local/lib/python3.12/site-packages/airflow/example_dags/example_setup_teardown.py for tasks to queue
[2026-02-21T21:00:46.697+0000] {logging_mixin.py:190} INFO - [2026-02-21T21:00:46.695+0000] {dagbag.py:588} INFO - Filling up the DagBag from /home/airflow/.local/lib/python3.12/site-packages/airflow/example_dags/example_setup_teardown.py
[2026-02-21T21:00:46.783+0000] {processor.py:925} INFO - DAG(s) 'example_setup_teardown' retrieved from /home/airflow/.local/lib/python3.12/site-packages/airflow/example_dags/example_setup_teardown.py
[2026-02-21T21:00:46.966+0000] {logging_mixin.py:190} INFO - [2026-02-21T21:00:46.965+0000] {dag.py:3239} INFO - Sync 1 DAGs
[2026-02-21T21:00:47.106+0000] {logging_mixin.py:190} INFO - [2026-02-21T21:00:47.105+0000] {dag.py:4180} INFO - Setting next_dagrun for example_setup_teardown to None, run_after=None
[2026-02-21T21:00:47.312+0000] {processor.py:208} INFO - Processing /home/airflow/.local/lib/python3.12/site-packages/airflow/example_dags/example_setup_teardown.py took 0.714 seconds
[2026-02-21T21:14:40.613+0000] {processor.py:186} INFO - Started process (PID=2575) to work on /home/airflow/.local/lib/python3.12/site-packages/airflow/example_dags/example_setup_teardown.py
[2026-02-21T21:14:40.625+0000] {processor.py:914} INFO - Processing file /home/airflow/.local/lib/python3.12/site-packages/airflow/example_dags/example_setup_teardown.py for tasks to queue
[2026-02-21T21:14:40.636+0000] {logging_mixin.py:190} INFO - [2026-02-21T21:14:40.634+0000] {dagbag.py:588} INFO - Filling up the DagBag from /home/airflow/.local/lib/python3.12/site-packages/airflow/example_dags/example_setup_teardown.py
[2026-02-21T21:14:40.705+0000] {processor.py:925} INFO - DAG(s) 'example_setup_teardown' retrieved from /home/airflow/.local/lib/python3.12/site-packages/airflow/example_dags/example_setup_teardown.py
[2026-02-21T21:14:40.878+0000] {logging_mixin.py:190} INFO - [2026-02-21T21:14:40.877+0000] {dag.py:3239} INFO - Sync 1 DAGs
[2026-02-21T21:14:40.961+0000] {logging_mixin.py:190} INFO - [2026-02-21T21:14:40.960+0000] {dag.py:4180} INFO - Setting next_dagrun for example_setup_teardown to None, run_after=None
[2026-02-21T21:14:41.134+0000] {processor.py:208} INFO - Processing /home/airflow/.local/lib/python3.12/site-packages/airflow/example_dags/example_setup_teardown.py took 0.559 seconds
[2026-02-21T21:35:09.094+0000] {processor.py:186} INFO - Started process (PID=2640) to work on /home/airflow/.local/lib/python3.12/site-packages/airflow/example_dags/example_setup_teardown.py
[2026-02-21T21:35:09.101+0000] {processor.py:914} INFO - Processing file /home/airflow/.local/lib/python3.12/site-packages/airflow/example_dags/example_setup_teardown.py for tasks to queue
[2026-02-21T21:35:09.132+0000] {logging_mixin.py:190} INFO - [2026-02-21T21:35:09.112+0000] {dagbag.py:588} INFO - Filling up the DagBag from /home/airflow/.local/lib/python3.12/site-packages/airflow/example_dags/example_setup_teardown.py
[2026-02-21T21:35:09.352+0000] {processor.py:925} INFO - DAG(s) 'example_setup_teardown' retrieved from /home/airflow/.local/lib/python3.12/site-packages/airflow/example_dags/example_setup_teardown.py
[2026-02-21T21:35:09.818+0000] {logging_mixin.py:190} INFO - [2026-02-21T21:35:09.817+0000] {dag.py:3239} INFO - Sync 1 DAGs
[2026-02-21T21:35:10.040+0000] {logging_mixin.py:190} INFO - [2026-02-21T21:35:10.038+0000] {dag.py:4180} INFO - Setting next_dagrun for example_setup_teardown to None, run_after=None
[2026-02-21T21:35:10.308+0000] {processor.py:208} INFO - Processing /home/airflow/.local/lib/python3.12/site-packages/airflow/example_dags/example_setup_teardown.py took 1.267 seconds
