[2026-02-21T12:34:19.980+0000] {processor.py:186} INFO - Started process (PID=89) to work on /home/airflow/.local/lib/python3.12/site-packages/airflow/example_dags/example_dataset_alias_with_no_taskflow.py
[2026-02-21T12:34:19.984+0000] {processor.py:914} INFO - Processing file /home/airflow/.local/lib/python3.12/site-packages/airflow/example_dags/example_dataset_alias_with_no_taskflow.py for tasks to queue
[2026-02-21T12:34:19.993+0000] {logging_mixin.py:190} INFO - [2026-02-21T12:34:19.991+0000] {dagbag.py:588} INFO - Filling up the DagBag from /home/airflow/.local/lib/python3.12/site-packages/airflow/example_dags/example_dataset_alias_with_no_taskflow.py
[2026-02-21T12:34:21.395+0000] {processor.py:925} INFO - DAG(s) 'dataset_s3_bucket_producer_with_no_taskflow', 'dataset_alias_example_alias_producer_with_no_taskflow', 'dataset_alias_example_alias_consumer_with_no_taskflow', 'dataset_s3_bucket_consumer_with_no_taskflow' retrieved from /home/airflow/.local/lib/python3.12/site-packages/airflow/example_dags/example_dataset_alias_with_no_taskflow.py
[2026-02-21T12:34:21.457+0000] {logging_mixin.py:190} INFO - [2026-02-21T12:34:21.456+0000] {dag.py:3239} INFO - Sync 4 DAGs
[2026-02-21T12:34:21.506+0000] {logging_mixin.py:190} INFO - [2026-02-21T12:34:21.505+0000] {dag.py:4180} INFO - Setting next_dagrun for dataset_alias_example_alias_consumer_with_no_taskflow to None, run_after=None
[2026-02-21T12:34:21.514+0000] {logging_mixin.py:190} INFO - [2026-02-21T12:34:21.513+0000] {dag.py:4180} INFO - Setting next_dagrun for dataset_alias_example_alias_producer_with_no_taskflow to None, run_after=None
[2026-02-21T12:34:21.518+0000] {logging_mixin.py:190} INFO - [2026-02-21T12:34:21.517+0000] {dag.py:4180} INFO - Setting next_dagrun for dataset_s3_bucket_consumer_with_no_taskflow to None, run_after=None
[2026-02-21T12:34:21.523+0000] {logging_mixin.py:190} INFO - [2026-02-21T12:34:21.522+0000] {dag.py:4180} INFO - Setting next_dagrun for dataset_s3_bucket_producer_with_no_taskflow to None, run_after=None
[2026-02-21T12:34:21.578+0000] {processor.py:208} INFO - Processing /home/airflow/.local/lib/python3.12/site-packages/airflow/example_dags/example_dataset_alias_with_no_taskflow.py took 1.618 seconds
[2026-02-21T12:34:51.702+0000] {processor.py:186} INFO - Started process (PID=157) to work on /home/airflow/.local/lib/python3.12/site-packages/airflow/example_dags/example_dataset_alias_with_no_taskflow.py
[2026-02-21T12:34:51.704+0000] {processor.py:914} INFO - Processing file /home/airflow/.local/lib/python3.12/site-packages/airflow/example_dags/example_dataset_alias_with_no_taskflow.py for tasks to queue
[2026-02-21T12:34:51.708+0000] {logging_mixin.py:190} INFO - [2026-02-21T12:34:51.707+0000] {dagbag.py:588} INFO - Filling up the DagBag from /home/airflow/.local/lib/python3.12/site-packages/airflow/example_dags/example_dataset_alias_with_no_taskflow.py
[2026-02-21T12:34:52.521+0000] {processor.py:925} INFO - DAG(s) 'dataset_alias_example_alias_producer_with_no_taskflow', 'dataset_alias_example_alias_consumer_with_no_taskflow', 'dataset_s3_bucket_consumer_with_no_taskflow', 'dataset_s3_bucket_producer_with_no_taskflow' retrieved from /home/airflow/.local/lib/python3.12/site-packages/airflow/example_dags/example_dataset_alias_with_no_taskflow.py
[2026-02-21T12:34:52.556+0000] {logging_mixin.py:190} INFO - [2026-02-21T12:34:52.556+0000] {dag.py:3239} INFO - Sync 4 DAGs
[2026-02-21T12:34:52.588+0000] {logging_mixin.py:190} INFO - [2026-02-21T12:34:52.588+0000] {dag.py:4180} INFO - Setting next_dagrun for dataset_alias_example_alias_consumer_with_no_taskflow to None, run_after=None
[2026-02-21T12:34:52.592+0000] {logging_mixin.py:190} INFO - [2026-02-21T12:34:52.592+0000] {dag.py:4180} INFO - Setting next_dagrun for dataset_alias_example_alias_producer_with_no_taskflow to None, run_after=None
[2026-02-21T12:34:52.596+0000] {logging_mixin.py:190} INFO - [2026-02-21T12:34:52.596+0000] {dag.py:4180} INFO - Setting next_dagrun for dataset_s3_bucket_consumer_with_no_taskflow to None, run_after=None
[2026-02-21T12:34:52.599+0000] {logging_mixin.py:190} INFO - [2026-02-21T12:34:52.599+0000] {dag.py:4180} INFO - Setting next_dagrun for dataset_s3_bucket_producer_with_no_taskflow to None, run_after=None
[2026-02-21T12:34:52.658+0000] {processor.py:208} INFO - Processing /home/airflow/.local/lib/python3.12/site-packages/airflow/example_dags/example_dataset_alias_with_no_taskflow.py took 0.965 seconds
[2026-02-21T12:35:23.171+0000] {processor.py:186} INFO - Started process (PID=219) to work on /home/airflow/.local/lib/python3.12/site-packages/airflow/example_dags/example_dataset_alias_with_no_taskflow.py
[2026-02-21T12:35:23.173+0000] {processor.py:914} INFO - Processing file /home/airflow/.local/lib/python3.12/site-packages/airflow/example_dags/example_dataset_alias_with_no_taskflow.py for tasks to queue
[2026-02-21T12:35:23.178+0000] {logging_mixin.py:190} INFO - [2026-02-21T12:35:23.177+0000] {dagbag.py:588} INFO - Filling up the DagBag from /home/airflow/.local/lib/python3.12/site-packages/airflow/example_dags/example_dataset_alias_with_no_taskflow.py
[2026-02-21T12:35:24.367+0000] {processor.py:925} INFO - DAG(s) 'dataset_alias_example_alias_consumer_with_no_taskflow', 'dataset_alias_example_alias_producer_with_no_taskflow', 'dataset_s3_bucket_consumer_with_no_taskflow', 'dataset_s3_bucket_producer_with_no_taskflow' retrieved from /home/airflow/.local/lib/python3.12/site-packages/airflow/example_dags/example_dataset_alias_with_no_taskflow.py
[2026-02-21T12:35:24.423+0000] {logging_mixin.py:190} INFO - [2026-02-21T12:35:24.422+0000] {dag.py:3239} INFO - Sync 4 DAGs
[2026-02-21T12:35:24.478+0000] {logging_mixin.py:190} INFO - [2026-02-21T12:35:24.478+0000] {dag.py:4180} INFO - Setting next_dagrun for dataset_alias_example_alias_consumer_with_no_taskflow to None, run_after=None
[2026-02-21T12:35:24.486+0000] {logging_mixin.py:190} INFO - [2026-02-21T12:35:24.486+0000] {dag.py:4180} INFO - Setting next_dagrun for dataset_alias_example_alias_producer_with_no_taskflow to None, run_after=None
[2026-02-21T12:35:24.491+0000] {logging_mixin.py:190} INFO - [2026-02-21T12:35:24.490+0000] {dag.py:4180} INFO - Setting next_dagrun for dataset_s3_bucket_consumer_with_no_taskflow to None, run_after=None
[2026-02-21T12:35:24.495+0000] {logging_mixin.py:190} INFO - [2026-02-21T12:35:24.494+0000] {dag.py:4180} INFO - Setting next_dagrun for dataset_s3_bucket_producer_with_no_taskflow to None, run_after=None
[2026-02-21T12:35:24.557+0000] {processor.py:208} INFO - Processing /home/airflow/.local/lib/python3.12/site-packages/airflow/example_dags/example_dataset_alias_with_no_taskflow.py took 1.400 seconds
[2026-02-21T12:35:56.918+0000] {processor.py:186} INFO - Started process (PID=291) to work on /home/airflow/.local/lib/python3.12/site-packages/airflow/example_dags/example_dataset_alias_with_no_taskflow.py
[2026-02-21T12:35:56.923+0000] {processor.py:914} INFO - Processing file /home/airflow/.local/lib/python3.12/site-packages/airflow/example_dags/example_dataset_alias_with_no_taskflow.py for tasks to queue
[2026-02-21T12:35:56.947+0000] {logging_mixin.py:190} INFO - [2026-02-21T12:35:56.946+0000] {dagbag.py:588} INFO - Filling up the DagBag from /home/airflow/.local/lib/python3.12/site-packages/airflow/example_dags/example_dataset_alias_with_no_taskflow.py
[2026-02-21T12:36:04.069+0000] {processor.py:925} INFO - DAG(s) 'dataset_s3_bucket_consumer_with_no_taskflow', 'dataset_s3_bucket_producer_with_no_taskflow', 'dataset_alias_example_alias_consumer_with_no_taskflow', 'dataset_alias_example_alias_producer_with_no_taskflow' retrieved from /home/airflow/.local/lib/python3.12/site-packages/airflow/example_dags/example_dataset_alias_with_no_taskflow.py
[2026-02-21T12:36:04.412+0000] {logging_mixin.py:190} INFO - [2026-02-21T12:36:04.398+0000] {dag.py:3239} INFO - Sync 4 DAGs
[2026-02-21T12:36:04.664+0000] {logging_mixin.py:190} INFO - [2026-02-21T12:36:04.663+0000] {dag.py:4180} INFO - Setting next_dagrun for dataset_alias_example_alias_consumer_with_no_taskflow to None, run_after=None
[2026-02-21T12:36:04.731+0000] {logging_mixin.py:190} INFO - [2026-02-21T12:36:04.730+0000] {dag.py:4180} INFO - Setting next_dagrun for dataset_alias_example_alias_producer_with_no_taskflow to None, run_after=None
[2026-02-21T12:36:04.751+0000] {logging_mixin.py:190} INFO - [2026-02-21T12:36:04.747+0000] {dag.py:4180} INFO - Setting next_dagrun for dataset_s3_bucket_consumer_with_no_taskflow to None, run_after=None
[2026-02-21T12:36:04.788+0000] {logging_mixin.py:190} INFO - [2026-02-21T12:36:04.787+0000] {dag.py:4180} INFO - Setting next_dagrun for dataset_s3_bucket_producer_with_no_taskflow to None, run_after=None
[2026-02-21T12:36:04.967+0000] {processor.py:208} INFO - Processing /home/airflow/.local/lib/python3.12/site-packages/airflow/example_dags/example_dataset_alias_with_no_taskflow.py took 8.122 seconds
[2026-02-21T12:36:44.206+0000] {processor.py:186} INFO - Started process (PID=355) to work on /home/airflow/.local/lib/python3.12/site-packages/airflow/example_dags/example_dataset_alias_with_no_taskflow.py
[2026-02-21T12:36:44.213+0000] {processor.py:914} INFO - Processing file /home/airflow/.local/lib/python3.12/site-packages/airflow/example_dags/example_dataset_alias_with_no_taskflow.py for tasks to queue
[2026-02-21T12:36:44.223+0000] {logging_mixin.py:190} INFO - [2026-02-21T12:36:44.221+0000] {dagbag.py:588} INFO - Filling up the DagBag from /home/airflow/.local/lib/python3.12/site-packages/airflow/example_dags/example_dataset_alias_with_no_taskflow.py
[2026-02-21T12:36:49.412+0000] {processor.py:925} INFO - DAG(s) 'dataset_alias_example_alias_consumer_with_no_taskflow', 'dataset_alias_example_alias_producer_with_no_taskflow', 'dataset_s3_bucket_consumer_with_no_taskflow', 'dataset_s3_bucket_producer_with_no_taskflow' retrieved from /home/airflow/.local/lib/python3.12/site-packages/airflow/example_dags/example_dataset_alias_with_no_taskflow.py
[2026-02-21T12:36:49.638+0000] {logging_mixin.py:190} INFO - [2026-02-21T12:36:49.633+0000] {dag.py:3239} INFO - Sync 4 DAGs
[2026-02-21T12:36:49.812+0000] {logging_mixin.py:190} INFO - [2026-02-21T12:36:49.811+0000] {dag.py:4180} INFO - Setting next_dagrun for dataset_alias_example_alias_consumer_with_no_taskflow to None, run_after=None
[2026-02-21T12:36:49.835+0000] {logging_mixin.py:190} INFO - [2026-02-21T12:36:49.834+0000] {dag.py:4180} INFO - Setting next_dagrun for dataset_alias_example_alias_producer_with_no_taskflow to None, run_after=None
[2026-02-21T12:36:49.845+0000] {logging_mixin.py:190} INFO - [2026-02-21T12:36:49.844+0000] {dag.py:4180} INFO - Setting next_dagrun for dataset_s3_bucket_consumer_with_no_taskflow to None, run_after=None
[2026-02-21T12:36:49.865+0000] {logging_mixin.py:190} INFO - [2026-02-21T12:36:49.864+0000] {dag.py:4180} INFO - Setting next_dagrun for dataset_s3_bucket_producer_with_no_taskflow to None, run_after=None
[2026-02-21T12:36:50.270+0000] {processor.py:208} INFO - Processing /home/airflow/.local/lib/python3.12/site-packages/airflow/example_dags/example_dataset_alias_with_no_taskflow.py took 6.101 seconds
[2026-02-21T12:37:20.645+0000] {processor.py:186} INFO - Started process (PID=426) to work on /home/airflow/.local/lib/python3.12/site-packages/airflow/example_dags/example_dataset_alias_with_no_taskflow.py
[2026-02-21T12:37:20.648+0000] {processor.py:914} INFO - Processing file /home/airflow/.local/lib/python3.12/site-packages/airflow/example_dags/example_dataset_alias_with_no_taskflow.py for tasks to queue
[2026-02-21T12:37:20.655+0000] {logging_mixin.py:190} INFO - [2026-02-21T12:37:20.654+0000] {dagbag.py:588} INFO - Filling up the DagBag from /home/airflow/.local/lib/python3.12/site-packages/airflow/example_dags/example_dataset_alias_with_no_taskflow.py
[2026-02-21T12:37:22.664+0000] {processor.py:925} INFO - DAG(s) 'dataset_alias_example_alias_producer_with_no_taskflow', 'dataset_s3_bucket_consumer_with_no_taskflow', 'dataset_alias_example_alias_consumer_with_no_taskflow', 'dataset_s3_bucket_producer_with_no_taskflow' retrieved from /home/airflow/.local/lib/python3.12/site-packages/airflow/example_dags/example_dataset_alias_with_no_taskflow.py
[2026-02-21T12:37:22.758+0000] {logging_mixin.py:190} INFO - [2026-02-21T12:37:22.756+0000] {dag.py:3239} INFO - Sync 4 DAGs
[2026-02-21T12:37:20.980+0000] {logging_mixin.py:190} INFO - [2026-02-21T12:37:20.979+0000] {dag.py:4180} INFO - Setting next_dagrun for dataset_alias_example_alias_consumer_with_no_taskflow to None, run_after=None
[2026-02-21T12:37:20.991+0000] {logging_mixin.py:190} INFO - [2026-02-21T12:37:20.990+0000] {dag.py:4180} INFO - Setting next_dagrun for dataset_alias_example_alias_producer_with_no_taskflow to None, run_after=None
[2026-02-21T12:37:20.997+0000] {logging_mixin.py:190} INFO - [2026-02-21T12:37:20.996+0000] {dag.py:4180} INFO - Setting next_dagrun for dataset_s3_bucket_consumer_with_no_taskflow to None, run_after=None
[2026-02-21T12:37:21.004+0000] {logging_mixin.py:190} INFO - [2026-02-21T12:37:21.003+0000] {dag.py:4180} INFO - Setting next_dagrun for dataset_s3_bucket_producer_with_no_taskflow to None, run_after=None
[2026-02-21T12:37:21.095+0000] {processor.py:208} INFO - Processing /home/airflow/.local/lib/python3.12/site-packages/airflow/example_dags/example_dataset_alias_with_no_taskflow.py took 2.332 seconds
[2026-02-21T12:37:51.522+0000] {processor.py:186} INFO - Started process (PID=498) to work on /home/airflow/.local/lib/python3.12/site-packages/airflow/example_dags/example_dataset_alias_with_no_taskflow.py
[2026-02-21T12:37:51.525+0000] {processor.py:914} INFO - Processing file /home/airflow/.local/lib/python3.12/site-packages/airflow/example_dags/example_dataset_alias_with_no_taskflow.py for tasks to queue
[2026-02-21T12:37:51.532+0000] {logging_mixin.py:190} INFO - [2026-02-21T12:37:51.531+0000] {dagbag.py:588} INFO - Filling up the DagBag from /home/airflow/.local/lib/python3.12/site-packages/airflow/example_dags/example_dataset_alias_with_no_taskflow.py
[2026-02-21T12:37:52.960+0000] {processor.py:925} INFO - DAG(s) 'dataset_alias_example_alias_producer_with_no_taskflow', 'dataset_s3_bucket_consumer_with_no_taskflow', 'dataset_s3_bucket_producer_with_no_taskflow', 'dataset_alias_example_alias_consumer_with_no_taskflow' retrieved from /home/airflow/.local/lib/python3.12/site-packages/airflow/example_dags/example_dataset_alias_with_no_taskflow.py
[2026-02-21T12:37:53.017+0000] {logging_mixin.py:190} INFO - [2026-02-21T12:37:53.016+0000] {dag.py:3239} INFO - Sync 4 DAGs
[2026-02-21T12:37:53.064+0000] {logging_mixin.py:190} INFO - [2026-02-21T12:37:53.064+0000] {dag.py:4180} INFO - Setting next_dagrun for dataset_alias_example_alias_consumer_with_no_taskflow to None, run_after=None
[2026-02-21T12:37:53.074+0000] {logging_mixin.py:190} INFO - [2026-02-21T12:37:53.073+0000] {dag.py:4180} INFO - Setting next_dagrun for dataset_alias_example_alias_producer_with_no_taskflow to None, run_after=None
[2026-02-21T12:37:53.079+0000] {logging_mixin.py:190} INFO - [2026-02-21T12:37:53.078+0000] {dag.py:4180} INFO - Setting next_dagrun for dataset_s3_bucket_consumer_with_no_taskflow to None, run_after=None
[2026-02-21T12:37:53.084+0000] {logging_mixin.py:190} INFO - [2026-02-21T12:37:53.084+0000] {dag.py:4180} INFO - Setting next_dagrun for dataset_s3_bucket_producer_with_no_taskflow to None, run_after=None
[2026-02-21T12:37:53.133+0000] {processor.py:208} INFO - Processing /home/airflow/.local/lib/python3.12/site-packages/airflow/example_dags/example_dataset_alias_with_no_taskflow.py took 1.632 seconds
[2026-02-21T12:38:23.852+0000] {processor.py:186} INFO - Started process (PID=566) to work on /home/airflow/.local/lib/python3.12/site-packages/airflow/example_dags/example_dataset_alias_with_no_taskflow.py
[2026-02-21T12:38:23.856+0000] {processor.py:914} INFO - Processing file /home/airflow/.local/lib/python3.12/site-packages/airflow/example_dags/example_dataset_alias_with_no_taskflow.py for tasks to queue
[2026-02-21T12:38:23.868+0000] {logging_mixin.py:190} INFO - [2026-02-21T12:38:23.866+0000] {dagbag.py:588} INFO - Filling up the DagBag from /home/airflow/.local/lib/python3.12/site-packages/airflow/example_dags/example_dataset_alias_with_no_taskflow.py
[2026-02-21T12:38:27.163+0000] {processor.py:925} INFO - DAG(s) 'dataset_alias_example_alias_producer_with_no_taskflow', 'dataset_s3_bucket_consumer_with_no_taskflow', 'dataset_s3_bucket_producer_with_no_taskflow', 'dataset_alias_example_alias_consumer_with_no_taskflow' retrieved from /home/airflow/.local/lib/python3.12/site-packages/airflow/example_dags/example_dataset_alias_with_no_taskflow.py
[2026-02-21T12:38:27.303+0000] {logging_mixin.py:190} INFO - [2026-02-21T12:38:27.300+0000] {dag.py:3239} INFO - Sync 4 DAGs
[2026-02-21T12:38:27.432+0000] {logging_mixin.py:190} INFO - [2026-02-21T12:38:27.431+0000] {dag.py:4180} INFO - Setting next_dagrun for dataset_alias_example_alias_consumer_with_no_taskflow to None, run_after=None
[2026-02-21T12:38:27.450+0000] {logging_mixin.py:190} INFO - [2026-02-21T12:38:27.449+0000] {dag.py:4180} INFO - Setting next_dagrun for dataset_alias_example_alias_producer_with_no_taskflow to None, run_after=None
[2026-02-21T12:38:27.458+0000] {logging_mixin.py:190} INFO - [2026-02-21T12:38:27.456+0000] {dag.py:4180} INFO - Setting next_dagrun for dataset_s3_bucket_consumer_with_no_taskflow to None, run_after=None
[2026-02-21T12:38:27.469+0000] {logging_mixin.py:190} INFO - [2026-02-21T12:38:27.468+0000] {dag.py:4180} INFO - Setting next_dagrun for dataset_s3_bucket_producer_with_no_taskflow to None, run_after=None
[2026-02-21T12:38:27.582+0000] {processor.py:208} INFO - Processing /home/airflow/.local/lib/python3.12/site-packages/airflow/example_dags/example_dataset_alias_with_no_taskflow.py took 3.758 seconds
[2026-02-21T12:38:58.616+0000] {processor.py:186} INFO - Started process (PID=637) to work on /home/airflow/.local/lib/python3.12/site-packages/airflow/example_dags/example_dataset_alias_with_no_taskflow.py
[2026-02-21T12:38:58.619+0000] {processor.py:914} INFO - Processing file /home/airflow/.local/lib/python3.12/site-packages/airflow/example_dags/example_dataset_alias_with_no_taskflow.py for tasks to queue
[2026-02-21T12:38:58.628+0000] {logging_mixin.py:190} INFO - [2026-02-21T12:38:58.627+0000] {dagbag.py:588} INFO - Filling up the DagBag from /home/airflow/.local/lib/python3.12/site-packages/airflow/example_dags/example_dataset_alias_with_no_taskflow.py
[2026-02-21T12:39:00.929+0000] {processor.py:925} INFO - DAG(s) 'dataset_alias_example_alias_producer_with_no_taskflow', 'dataset_alias_example_alias_consumer_with_no_taskflow', 'dataset_s3_bucket_consumer_with_no_taskflow', 'dataset_s3_bucket_producer_with_no_taskflow' retrieved from /home/airflow/.local/lib/python3.12/site-packages/airflow/example_dags/example_dataset_alias_with_no_taskflow.py
[2026-02-21T12:39:01.072+0000] {logging_mixin.py:190} INFO - [2026-02-21T12:39:01.069+0000] {dag.py:3239} INFO - Sync 4 DAGs
[2026-02-21T12:39:01.197+0000] {logging_mixin.py:190} INFO - [2026-02-21T12:39:01.196+0000] {dag.py:4180} INFO - Setting next_dagrun for dataset_alias_example_alias_consumer_with_no_taskflow to None, run_after=None
[2026-02-21T12:39:01.217+0000] {logging_mixin.py:190} INFO - [2026-02-21T12:39:01.216+0000] {dag.py:4180} INFO - Setting next_dagrun for dataset_alias_example_alias_producer_with_no_taskflow to None, run_after=None
[2026-02-21T12:39:01.231+0000] {logging_mixin.py:190} INFO - [2026-02-21T12:39:01.230+0000] {dag.py:4180} INFO - Setting next_dagrun for dataset_s3_bucket_consumer_with_no_taskflow to None, run_after=None
[2026-02-21T12:39:01.246+0000] {logging_mixin.py:190} INFO - [2026-02-21T12:39:01.245+0000] {dag.py:4180} INFO - Setting next_dagrun for dataset_s3_bucket_producer_with_no_taskflow to None, run_after=None
[2026-02-21T12:39:01.355+0000] {processor.py:208} INFO - Processing /home/airflow/.local/lib/python3.12/site-packages/airflow/example_dags/example_dataset_alias_with_no_taskflow.py took 2.755 seconds
[2026-02-21T12:39:34.729+0000] {processor.py:186} INFO - Started process (PID=706) to work on /home/airflow/.local/lib/python3.12/site-packages/airflow/example_dags/example_dataset_alias_with_no_taskflow.py
[2026-02-21T12:39:34.738+0000] {processor.py:914} INFO - Processing file /home/airflow/.local/lib/python3.12/site-packages/airflow/example_dags/example_dataset_alias_with_no_taskflow.py for tasks to queue
[2026-02-21T12:39:34.753+0000] {logging_mixin.py:190} INFO - [2026-02-21T12:39:34.751+0000] {dagbag.py:588} INFO - Filling up the DagBag from /home/airflow/.local/lib/python3.12/site-packages/airflow/example_dags/example_dataset_alias_with_no_taskflow.py
[2026-02-21T12:39:42.419+0000] {processor.py:925} INFO - DAG(s) 'dataset_s3_bucket_consumer_with_no_taskflow', 'dataset_alias_example_alias_producer_with_no_taskflow', 'dataset_s3_bucket_producer_with_no_taskflow', 'dataset_alias_example_alias_consumer_with_no_taskflow' retrieved from /home/airflow/.local/lib/python3.12/site-packages/airflow/example_dags/example_dataset_alias_with_no_taskflow.py
[2026-02-21T12:39:42.836+0000] {logging_mixin.py:190} INFO - [2026-02-21T12:39:42.833+0000] {dag.py:3239} INFO - Sync 4 DAGs
[2026-02-21T12:39:43.228+0000] {logging_mixin.py:190} INFO - [2026-02-21T12:39:43.226+0000] {dag.py:4180} INFO - Setting next_dagrun for dataset_alias_example_alias_consumer_with_no_taskflow to None, run_after=None
[2026-02-21T12:39:43.288+0000] {logging_mixin.py:190} INFO - [2026-02-21T12:39:43.287+0000] {dag.py:4180} INFO - Setting next_dagrun for dataset_alias_example_alias_producer_with_no_taskflow to None, run_after=None
[2026-02-21T12:39:43.310+0000] {logging_mixin.py:190} INFO - [2026-02-21T12:39:43.308+0000] {dag.py:4180} INFO - Setting next_dagrun for dataset_s3_bucket_consumer_with_no_taskflow to None, run_after=None
[2026-02-21T12:39:43.339+0000] {logging_mixin.py:190} INFO - [2026-02-21T12:39:43.338+0000] {dag.py:4180} INFO - Setting next_dagrun for dataset_s3_bucket_producer_with_no_taskflow to None, run_after=None
[2026-02-21T12:39:43.671+0000] {processor.py:208} INFO - Processing /home/airflow/.local/lib/python3.12/site-packages/airflow/example_dags/example_dataset_alias_with_no_taskflow.py took 10.817 seconds
[2026-02-21T12:41:43.736+0000] {processor.py:186} INFO - Started process (PID=811) to work on /home/airflow/.local/lib/python3.12/site-packages/airflow/example_dags/example_dataset_alias_with_no_taskflow.py
[2026-02-21T12:41:43.742+0000] {processor.py:914} INFO - Processing file /home/airflow/.local/lib/python3.12/site-packages/airflow/example_dags/example_dataset_alias_with_no_taskflow.py for tasks to queue
[2026-02-21T12:41:43.748+0000] {logging_mixin.py:190} INFO - [2026-02-21T12:41:43.747+0000] {dagbag.py:588} INFO - Filling up the DagBag from /home/airflow/.local/lib/python3.12/site-packages/airflow/example_dags/example_dataset_alias_with_no_taskflow.py
[2026-02-21T12:41:44.345+0000] {processor.py:925} INFO - DAG(s) 'dataset_s3_bucket_consumer_with_no_taskflow', 'dataset_s3_bucket_producer_with_no_taskflow', 'dataset_alias_example_alias_producer_with_no_taskflow', 'dataset_alias_example_alias_consumer_with_no_taskflow' retrieved from /home/airflow/.local/lib/python3.12/site-packages/airflow/example_dags/example_dataset_alias_with_no_taskflow.py
[2026-02-21T12:41:44.437+0000] {logging_mixin.py:190} INFO - [2026-02-21T12:41:44.435+0000] {dag.py:3239} INFO - Sync 4 DAGs
[2026-02-21T12:41:44.538+0000] {logging_mixin.py:190} INFO - [2026-02-21T12:41:44.536+0000] {dag.py:4180} INFO - Setting next_dagrun for dataset_alias_example_alias_consumer_with_no_taskflow to None, run_after=None
[2026-02-21T12:41:44.562+0000] {logging_mixin.py:190} INFO - [2026-02-21T12:41:44.561+0000] {dag.py:4180} INFO - Setting next_dagrun for dataset_alias_example_alias_producer_with_no_taskflow to None, run_after=None
[2026-02-21T12:41:44.579+0000] {logging_mixin.py:190} INFO - [2026-02-21T12:41:44.578+0000] {dag.py:4180} INFO - Setting next_dagrun for dataset_s3_bucket_consumer_with_no_taskflow to None, run_after=None
[2026-02-21T12:41:44.591+0000] {logging_mixin.py:190} INFO - [2026-02-21T12:41:44.590+0000] {dag.py:4180} INFO - Setting next_dagrun for dataset_s3_bucket_producer_with_no_taskflow to None, run_after=None
[2026-02-21T12:41:44.716+0000] {processor.py:208} INFO - Processing /home/airflow/.local/lib/python3.12/site-packages/airflow/example_dags/example_dataset_alias_with_no_taskflow.py took 2.605 seconds
[2026-02-21T12:42:19.069+0000] {processor.py:186} INFO - Started process (PID=885) to work on /home/airflow/.local/lib/python3.12/site-packages/airflow/example_dags/example_dataset_alias_with_no_taskflow.py
[2026-02-21T12:42:19.079+0000] {processor.py:914} INFO - Processing file /home/airflow/.local/lib/python3.12/site-packages/airflow/example_dags/example_dataset_alias_with_no_taskflow.py for tasks to queue
[2026-02-21T12:42:19.087+0000] {logging_mixin.py:190} INFO - [2026-02-21T12:42:19.085+0000] {dagbag.py:588} INFO - Filling up the DagBag from /home/airflow/.local/lib/python3.12/site-packages/airflow/example_dags/example_dataset_alias_with_no_taskflow.py
[2026-02-21T12:42:22.337+0000] {processor.py:925} INFO - DAG(s) 'dataset_s3_bucket_consumer_with_no_taskflow', 'dataset_alias_example_alias_producer_with_no_taskflow', 'dataset_s3_bucket_producer_with_no_taskflow', 'dataset_alias_example_alias_consumer_with_no_taskflow' retrieved from /home/airflow/.local/lib/python3.12/site-packages/airflow/example_dags/example_dataset_alias_with_no_taskflow.py
[2026-02-21T12:42:22.480+0000] {logging_mixin.py:190} INFO - [2026-02-21T12:42:22.477+0000] {dag.py:3239} INFO - Sync 4 DAGs
[2026-02-21T12:42:22.629+0000] {logging_mixin.py:190} INFO - [2026-02-21T12:42:22.628+0000] {dag.py:4180} INFO - Setting next_dagrun for dataset_alias_example_alias_consumer_with_no_taskflow to None, run_after=None
[2026-02-21T12:42:22.659+0000] {logging_mixin.py:190} INFO - [2026-02-21T12:42:22.658+0000] {dag.py:4180} INFO - Setting next_dagrun for dataset_alias_example_alias_producer_with_no_taskflow to None, run_after=None
[2026-02-21T12:42:22.685+0000] {logging_mixin.py:190} INFO - [2026-02-21T12:42:22.684+0000] {dag.py:4180} INFO - Setting next_dagrun for dataset_s3_bucket_consumer_with_no_taskflow to None, run_after=None
[2026-02-21T12:42:22.705+0000] {logging_mixin.py:190} INFO - [2026-02-21T12:42:22.704+0000] {dag.py:4180} INFO - Setting next_dagrun for dataset_s3_bucket_producer_with_no_taskflow to None, run_after=None
[2026-02-21T12:42:22.884+0000] {processor.py:208} INFO - Processing /home/airflow/.local/lib/python3.12/site-packages/airflow/example_dags/example_dataset_alias_with_no_taskflow.py took 3.856 seconds
[2026-02-21T12:54:08.733+0000] {processor.py:186} INFO - Started process (PID=972) to work on /home/airflow/.local/lib/python3.12/site-packages/airflow/example_dags/example_dataset_alias_with_no_taskflow.py
[2026-02-21T12:54:08.740+0000] {processor.py:914} INFO - Processing file /home/airflow/.local/lib/python3.12/site-packages/airflow/example_dags/example_dataset_alias_with_no_taskflow.py for tasks to queue
[2026-02-21T12:54:08.755+0000] {logging_mixin.py:190} INFO - [2026-02-21T12:54:08.753+0000] {dagbag.py:588} INFO - Filling up the DagBag from /home/airflow/.local/lib/python3.12/site-packages/airflow/example_dags/example_dataset_alias_with_no_taskflow.py
[2026-02-21T12:54:10.989+0000] {processor.py:925} INFO - DAG(s) 'dataset_alias_example_alias_producer_with_no_taskflow', 'dataset_s3_bucket_producer_with_no_taskflow', 'dataset_s3_bucket_consumer_with_no_taskflow', 'dataset_alias_example_alias_consumer_with_no_taskflow' retrieved from /home/airflow/.local/lib/python3.12/site-packages/airflow/example_dags/example_dataset_alias_with_no_taskflow.py
[2026-02-21T12:54:11.060+0000] {logging_mixin.py:190} INFO - [2026-02-21T12:54:11.058+0000] {dag.py:3239} INFO - Sync 4 DAGs
[2026-02-21T12:54:11.116+0000] {logging_mixin.py:190} INFO - [2026-02-21T12:54:11.115+0000] {dag.py:4180} INFO - Setting next_dagrun for dataset_alias_example_alias_consumer_with_no_taskflow to None, run_after=None
[2026-02-21T12:54:11.127+0000] {logging_mixin.py:190} INFO - [2026-02-21T12:54:11.126+0000] {dag.py:4180} INFO - Setting next_dagrun for dataset_alias_example_alias_producer_with_no_taskflow to None, run_after=None
[2026-02-21T12:54:11.132+0000] {logging_mixin.py:190} INFO - [2026-02-21T12:54:11.131+0000] {dag.py:4180} INFO - Setting next_dagrun for dataset_s3_bucket_consumer_with_no_taskflow to None, run_after=None
[2026-02-21T12:54:11.137+0000] {logging_mixin.py:190} INFO - [2026-02-21T12:54:11.136+0000] {dag.py:4180} INFO - Setting next_dagrun for dataset_s3_bucket_producer_with_no_taskflow to None, run_after=None
[2026-02-21T12:54:11.209+0000] {processor.py:208} INFO - Processing /home/airflow/.local/lib/python3.12/site-packages/airflow/example_dags/example_dataset_alias_with_no_taskflow.py took 2.502 seconds
[2026-02-21T12:54:42.035+0000] {processor.py:186} INFO - Started process (PID=1049) to work on /home/airflow/.local/lib/python3.12/site-packages/airflow/example_dags/example_dataset_alias_with_no_taskflow.py
[2026-02-21T12:54:42.037+0000] {processor.py:914} INFO - Processing file /home/airflow/.local/lib/python3.12/site-packages/airflow/example_dags/example_dataset_alias_with_no_taskflow.py for tasks to queue
[2026-02-21T12:54:42.041+0000] {logging_mixin.py:190} INFO - [2026-02-21T12:54:42.040+0000] {dagbag.py:588} INFO - Filling up the DagBag from /home/airflow/.local/lib/python3.12/site-packages/airflow/example_dags/example_dataset_alias_with_no_taskflow.py
[2026-02-21T12:54:43.140+0000] {processor.py:925} INFO - DAG(s) 'dataset_s3_bucket_consumer_with_no_taskflow', 'dataset_alias_example_alias_consumer_with_no_taskflow', 'dataset_s3_bucket_producer_with_no_taskflow', 'dataset_alias_example_alias_producer_with_no_taskflow' retrieved from /home/airflow/.local/lib/python3.12/site-packages/airflow/example_dags/example_dataset_alias_with_no_taskflow.py
[2026-02-21T12:54:43.196+0000] {logging_mixin.py:190} INFO - [2026-02-21T12:54:43.195+0000] {dag.py:3239} INFO - Sync 4 DAGs
[2026-02-21T12:54:43.236+0000] {logging_mixin.py:190} INFO - [2026-02-21T12:54:43.236+0000] {dag.py:4180} INFO - Setting next_dagrun for dataset_alias_example_alias_consumer_with_no_taskflow to None, run_after=None
[2026-02-21T12:54:43.247+0000] {logging_mixin.py:190} INFO - [2026-02-21T12:54:43.247+0000] {dag.py:4180} INFO - Setting next_dagrun for dataset_alias_example_alias_producer_with_no_taskflow to None, run_after=None
[2026-02-21T12:54:43.252+0000] {logging_mixin.py:190} INFO - [2026-02-21T12:54:43.251+0000] {dag.py:4180} INFO - Setting next_dagrun for dataset_s3_bucket_consumer_with_no_taskflow to None, run_after=None
[2026-02-21T12:54:43.258+0000] {logging_mixin.py:190} INFO - [2026-02-21T12:54:43.257+0000] {dag.py:4180} INFO - Setting next_dagrun for dataset_s3_bucket_producer_with_no_taskflow to None, run_after=None
[2026-02-21T12:54:43.326+0000] {processor.py:208} INFO - Processing /home/airflow/.local/lib/python3.12/site-packages/airflow/example_dags/example_dataset_alias_with_no_taskflow.py took 1.301 seconds
[2026-02-21T12:55:16.605+0000] {processor.py:186} INFO - Started process (PID=1112) to work on /home/airflow/.local/lib/python3.12/site-packages/airflow/example_dags/example_dataset_alias_with_no_taskflow.py
[2026-02-21T12:55:16.607+0000] {processor.py:914} INFO - Processing file /home/airflow/.local/lib/python3.12/site-packages/airflow/example_dags/example_dataset_alias_with_no_taskflow.py for tasks to queue
[2026-02-21T12:55:16.614+0000] {logging_mixin.py:190} INFO - [2026-02-21T12:55:16.612+0000] {dagbag.py:588} INFO - Filling up the DagBag from /home/airflow/.local/lib/python3.12/site-packages/airflow/example_dags/example_dataset_alias_with_no_taskflow.py
[2026-02-21T12:55:18.253+0000] {processor.py:925} INFO - DAG(s) 'dataset_s3_bucket_consumer_with_no_taskflow', 'dataset_alias_example_alias_producer_with_no_taskflow', 'dataset_s3_bucket_producer_with_no_taskflow', 'dataset_alias_example_alias_consumer_with_no_taskflow' retrieved from /home/airflow/.local/lib/python3.12/site-packages/airflow/example_dags/example_dataset_alias_with_no_taskflow.py
[2026-02-21T12:55:18.311+0000] {logging_mixin.py:190} INFO - [2026-02-21T12:55:18.309+0000] {dag.py:3239} INFO - Sync 4 DAGs
[2026-02-21T12:55:18.354+0000] {logging_mixin.py:190} INFO - [2026-02-21T12:55:18.353+0000] {dag.py:4180} INFO - Setting next_dagrun for dataset_alias_example_alias_consumer_with_no_taskflow to None, run_after=None
[2026-02-21T12:55:18.363+0000] {logging_mixin.py:190} INFO - [2026-02-21T12:55:18.363+0000] {dag.py:4180} INFO - Setting next_dagrun for dataset_alias_example_alias_producer_with_no_taskflow to None, run_after=None
[2026-02-21T12:55:18.369+0000] {logging_mixin.py:190} INFO - [2026-02-21T12:55:18.368+0000] {dag.py:4180} INFO - Setting next_dagrun for dataset_s3_bucket_consumer_with_no_taskflow to None, run_after=None
[2026-02-21T12:55:18.372+0000] {logging_mixin.py:190} INFO - [2026-02-21T12:55:18.372+0000] {dag.py:4180} INFO - Setting next_dagrun for dataset_s3_bucket_producer_with_no_taskflow to None, run_after=None
[2026-02-21T12:55:18.429+0000] {processor.py:208} INFO - Processing /home/airflow/.local/lib/python3.12/site-packages/airflow/example_dags/example_dataset_alias_with_no_taskflow.py took 1.841 seconds
[2026-02-21T17:10:23.972+0000] {processor.py:186} INFO - Started process (PID=1211) to work on /home/airflow/.local/lib/python3.12/site-packages/airflow/example_dags/example_dataset_alias_with_no_taskflow.py
[2026-02-21T17:10:23.974+0000] {processor.py:914} INFO - Processing file /home/airflow/.local/lib/python3.12/site-packages/airflow/example_dags/example_dataset_alias_with_no_taskflow.py for tasks to queue
[2026-02-21T17:10:23.979+0000] {logging_mixin.py:190} INFO - [2026-02-21T17:10:23.978+0000] {dagbag.py:588} INFO - Filling up the DagBag from /home/airflow/.local/lib/python3.12/site-packages/airflow/example_dags/example_dataset_alias_with_no_taskflow.py
[2026-02-21T17:10:24.906+0000] {processor.py:925} INFO - DAG(s) 'dataset_s3_bucket_producer_with_no_taskflow', 'dataset_alias_example_alias_producer_with_no_taskflow', 'dataset_s3_bucket_consumer_with_no_taskflow', 'dataset_alias_example_alias_consumer_with_no_taskflow' retrieved from /home/airflow/.local/lib/python3.12/site-packages/airflow/example_dags/example_dataset_alias_with_no_taskflow.py
[2026-02-21T17:10:24.964+0000] {logging_mixin.py:190} INFO - [2026-02-21T17:10:24.962+0000] {dag.py:3239} INFO - Sync 4 DAGs
[2026-02-21T17:10:25.005+0000] {logging_mixin.py:190} INFO - [2026-02-21T17:10:25.004+0000] {dag.py:4180} INFO - Setting next_dagrun for dataset_alias_example_alias_consumer_with_no_taskflow to None, run_after=None
[2026-02-21T17:10:25.010+0000] {logging_mixin.py:190} INFO - [2026-02-21T17:10:25.010+0000] {dag.py:4180} INFO - Setting next_dagrun for dataset_alias_example_alias_producer_with_no_taskflow to None, run_after=None
[2026-02-21T17:10:25.014+0000] {logging_mixin.py:190} INFO - [2026-02-21T17:10:25.013+0000] {dag.py:4180} INFO - Setting next_dagrun for dataset_s3_bucket_consumer_with_no_taskflow to None, run_after=None
[2026-02-21T17:10:25.018+0000] {logging_mixin.py:190} INFO - [2026-02-21T17:10:25.018+0000] {dag.py:4180} INFO - Setting next_dagrun for dataset_s3_bucket_producer_with_no_taskflow to None, run_after=None
[2026-02-21T17:10:25.065+0000] {processor.py:208} INFO - Processing /home/airflow/.local/lib/python3.12/site-packages/airflow/example_dags/example_dataset_alias_with_no_taskflow.py took 1.103 seconds
[2026-02-21T17:10:59.636+0000] {processor.py:186} INFO - Started process (PID=1276) to work on /home/airflow/.local/lib/python3.12/site-packages/airflow/example_dags/example_dataset_alias_with_no_taskflow.py
[2026-02-21T17:10:59.639+0000] {processor.py:914} INFO - Processing file /home/airflow/.local/lib/python3.12/site-packages/airflow/example_dags/example_dataset_alias_with_no_taskflow.py for tasks to queue
[2026-02-21T17:10:59.645+0000] {logging_mixin.py:190} INFO - [2026-02-21T17:10:59.645+0000] {dagbag.py:588} INFO - Filling up the DagBag from /home/airflow/.local/lib/python3.12/site-packages/airflow/example_dags/example_dataset_alias_with_no_taskflow.py
[2026-02-21T17:11:00.966+0000] {processor.py:925} INFO - DAG(s) 'dataset_s3_bucket_consumer_with_no_taskflow', 'dataset_alias_example_alias_consumer_with_no_taskflow', 'dataset_alias_example_alias_producer_with_no_taskflow', 'dataset_s3_bucket_producer_with_no_taskflow' retrieved from /home/airflow/.local/lib/python3.12/site-packages/airflow/example_dags/example_dataset_alias_with_no_taskflow.py
[2026-02-21T17:11:01.023+0000] {logging_mixin.py:190} INFO - [2026-02-21T17:11:01.022+0000] {dag.py:3239} INFO - Sync 4 DAGs
[2026-02-21T17:11:01.091+0000] {logging_mixin.py:190} INFO - [2026-02-21T17:11:01.090+0000] {dag.py:4180} INFO - Setting next_dagrun for dataset_alias_example_alias_consumer_with_no_taskflow to None, run_after=None
[2026-02-21T17:11:01.099+0000] {logging_mixin.py:190} INFO - [2026-02-21T17:11:01.099+0000] {dag.py:4180} INFO - Setting next_dagrun for dataset_alias_example_alias_producer_with_no_taskflow to None, run_after=None
[2026-02-21T17:11:01.105+0000] {logging_mixin.py:190} INFO - [2026-02-21T17:11:01.105+0000] {dag.py:4180} INFO - Setting next_dagrun for dataset_s3_bucket_consumer_with_no_taskflow to None, run_after=None
[2026-02-21T17:11:01.110+0000] {logging_mixin.py:190} INFO - [2026-02-21T17:11:01.109+0000] {dag.py:4180} INFO - Setting next_dagrun for dataset_s3_bucket_producer_with_no_taskflow to None, run_after=None
[2026-02-21T17:11:01.159+0000] {processor.py:208} INFO - Processing /home/airflow/.local/lib/python3.12/site-packages/airflow/example_dags/example_dataset_alias_with_no_taskflow.py took 1.540 seconds
[2026-02-21T17:11:33.352+0000] {processor.py:186} INFO - Started process (PID=1341) to work on /home/airflow/.local/lib/python3.12/site-packages/airflow/example_dags/example_dataset_alias_with_no_taskflow.py
[2026-02-21T17:11:33.356+0000] {processor.py:914} INFO - Processing file /home/airflow/.local/lib/python3.12/site-packages/airflow/example_dags/example_dataset_alias_with_no_taskflow.py for tasks to queue
[2026-02-21T17:11:33.366+0000] {logging_mixin.py:190} INFO - [2026-02-21T17:11:33.365+0000] {dagbag.py:588} INFO - Filling up the DagBag from /home/airflow/.local/lib/python3.12/site-packages/airflow/example_dags/example_dataset_alias_with_no_taskflow.py
[2026-02-21T17:11:36.612+0000] {processor.py:925} INFO - DAG(s) 'dataset_alias_example_alias_producer_with_no_taskflow', 'dataset_s3_bucket_producer_with_no_taskflow', 'dataset_alias_example_alias_consumer_with_no_taskflow', 'dataset_s3_bucket_consumer_with_no_taskflow' retrieved from /home/airflow/.local/lib/python3.12/site-packages/airflow/example_dags/example_dataset_alias_with_no_taskflow.py
[2026-02-21T17:11:36.691+0000] {logging_mixin.py:190} INFO - [2026-02-21T17:11:36.688+0000] {dag.py:3239} INFO - Sync 4 DAGs
[2026-02-21T17:11:36.744+0000] {logging_mixin.py:190} INFO - [2026-02-21T17:11:36.744+0000] {dag.py:4180} INFO - Setting next_dagrun for dataset_alias_example_alias_consumer_with_no_taskflow to None, run_after=None
[2026-02-21T17:11:36.752+0000] {logging_mixin.py:190} INFO - [2026-02-21T17:11:36.752+0000] {dag.py:4180} INFO - Setting next_dagrun for dataset_alias_example_alias_producer_with_no_taskflow to None, run_after=None
[2026-02-21T17:11:36.757+0000] {logging_mixin.py:190} INFO - [2026-02-21T17:11:36.756+0000] {dag.py:4180} INFO - Setting next_dagrun for dataset_s3_bucket_consumer_with_no_taskflow to None, run_after=None
[2026-02-21T17:11:36.762+0000] {logging_mixin.py:190} INFO - [2026-02-21T17:11:36.762+0000] {dag.py:4180} INFO - Setting next_dagrun for dataset_s3_bucket_producer_with_no_taskflow to None, run_after=None
[2026-02-21T17:11:36.821+0000] {processor.py:208} INFO - Processing /home/airflow/.local/lib/python3.12/site-packages/airflow/example_dags/example_dataset_alias_with_no_taskflow.py took 3.485 seconds
[2026-02-21T17:12:07.113+0000] {processor.py:186} INFO - Started process (PID=1415) to work on /home/airflow/.local/lib/python3.12/site-packages/airflow/example_dags/example_dataset_alias_with_no_taskflow.py
[2026-02-21T17:12:07.116+0000] {processor.py:914} INFO - Processing file /home/airflow/.local/lib/python3.12/site-packages/airflow/example_dags/example_dataset_alias_with_no_taskflow.py for tasks to queue
[2026-02-21T17:12:07.126+0000] {logging_mixin.py:190} INFO - [2026-02-21T17:12:07.124+0000] {dagbag.py:588} INFO - Filling up the DagBag from /home/airflow/.local/lib/python3.12/site-packages/airflow/example_dags/example_dataset_alias_with_no_taskflow.py
[2026-02-21T17:12:09.071+0000] {processor.py:925} INFO - DAG(s) 'dataset_alias_example_alias_producer_with_no_taskflow', 'dataset_alias_example_alias_consumer_with_no_taskflow', 'dataset_s3_bucket_consumer_with_no_taskflow', 'dataset_s3_bucket_producer_with_no_taskflow' retrieved from /home/airflow/.local/lib/python3.12/site-packages/airflow/example_dags/example_dataset_alias_with_no_taskflow.py
[2026-02-21T17:12:09.162+0000] {logging_mixin.py:190} INFO - [2026-02-21T17:12:09.160+0000] {dag.py:3239} INFO - Sync 4 DAGs
[2026-02-21T17:12:09.246+0000] {logging_mixin.py:190} INFO - [2026-02-21T17:12:09.245+0000] {dag.py:4180} INFO - Setting next_dagrun for dataset_alias_example_alias_consumer_with_no_taskflow to None, run_after=None
[2026-02-21T17:12:09.260+0000] {logging_mixin.py:190} INFO - [2026-02-21T17:12:09.259+0000] {dag.py:4180} INFO - Setting next_dagrun for dataset_alias_example_alias_producer_with_no_taskflow to None, run_after=None
[2026-02-21T17:12:09.266+0000] {logging_mixin.py:190} INFO - [2026-02-21T17:12:09.265+0000] {dag.py:4180} INFO - Setting next_dagrun for dataset_s3_bucket_consumer_with_no_taskflow to None, run_after=None
[2026-02-21T17:12:09.279+0000] {logging_mixin.py:190} INFO - [2026-02-21T17:12:09.278+0000] {dag.py:4180} INFO - Setting next_dagrun for dataset_s3_bucket_producer_with_no_taskflow to None, run_after=None
[2026-02-21T17:12:09.362+0000] {processor.py:208} INFO - Processing /home/airflow/.local/lib/python3.12/site-packages/airflow/example_dags/example_dataset_alias_with_no_taskflow.py took 2.267 seconds
[2026-02-21T17:12:39.749+0000] {processor.py:186} INFO - Started process (PID=1482) to work on /home/airflow/.local/lib/python3.12/site-packages/airflow/example_dags/example_dataset_alias_with_no_taskflow.py
[2026-02-21T17:12:39.751+0000] {processor.py:914} INFO - Processing file /home/airflow/.local/lib/python3.12/site-packages/airflow/example_dags/example_dataset_alias_with_no_taskflow.py for tasks to queue
[2026-02-21T17:12:39.754+0000] {logging_mixin.py:190} INFO - [2026-02-21T17:12:39.754+0000] {dagbag.py:588} INFO - Filling up the DagBag from /home/airflow/.local/lib/python3.12/site-packages/airflow/example_dags/example_dataset_alias_with_no_taskflow.py
[2026-02-21T17:12:40.567+0000] {processor.py:925} INFO - DAG(s) 'dataset_alias_example_alias_producer_with_no_taskflow', 'dataset_alias_example_alias_consumer_with_no_taskflow', 'dataset_s3_bucket_producer_with_no_taskflow', 'dataset_s3_bucket_consumer_with_no_taskflow' retrieved from /home/airflow/.local/lib/python3.12/site-packages/airflow/example_dags/example_dataset_alias_with_no_taskflow.py
[2026-02-21T17:12:40.609+0000] {logging_mixin.py:190} INFO - [2026-02-21T17:12:40.608+0000] {dag.py:3239} INFO - Sync 4 DAGs
[2026-02-21T17:12:40.641+0000] {logging_mixin.py:190} INFO - [2026-02-21T17:12:40.640+0000] {dag.py:4180} INFO - Setting next_dagrun for dataset_alias_example_alias_consumer_with_no_taskflow to None, run_after=None
[2026-02-21T17:12:40.651+0000] {logging_mixin.py:190} INFO - [2026-02-21T17:12:40.650+0000] {dag.py:4180} INFO - Setting next_dagrun for dataset_alias_example_alias_producer_with_no_taskflow to None, run_after=None
[2026-02-21T17:12:40.655+0000] {logging_mixin.py:190} INFO - [2026-02-21T17:12:40.655+0000] {dag.py:4180} INFO - Setting next_dagrun for dataset_s3_bucket_consumer_with_no_taskflow to None, run_after=None
[2026-02-21T17:12:40.658+0000] {logging_mixin.py:190} INFO - [2026-02-21T17:12:40.658+0000] {dag.py:4180} INFO - Setting next_dagrun for dataset_s3_bucket_producer_with_no_taskflow to None, run_after=None
[2026-02-21T17:12:40.689+0000] {processor.py:208} INFO - Processing /home/airflow/.local/lib/python3.12/site-packages/airflow/example_dags/example_dataset_alias_with_no_taskflow.py took 0.947 seconds
[2026-02-21T17:13:11.201+0000] {processor.py:186} INFO - Started process (PID=1550) to work on /home/airflow/.local/lib/python3.12/site-packages/airflow/example_dags/example_dataset_alias_with_no_taskflow.py
[2026-02-21T17:13:11.202+0000] {processor.py:914} INFO - Processing file /home/airflow/.local/lib/python3.12/site-packages/airflow/example_dags/example_dataset_alias_with_no_taskflow.py for tasks to queue
[2026-02-21T17:13:11.205+0000] {logging_mixin.py:190} INFO - [2026-02-21T17:13:11.205+0000] {dagbag.py:588} INFO - Filling up the DagBag from /home/airflow/.local/lib/python3.12/site-packages/airflow/example_dags/example_dataset_alias_with_no_taskflow.py
[2026-02-21T17:13:11.866+0000] {processor.py:925} INFO - DAG(s) 'dataset_alias_example_alias_producer_with_no_taskflow', 'dataset_s3_bucket_producer_with_no_taskflow', 'dataset_alias_example_alias_consumer_with_no_taskflow', 'dataset_s3_bucket_consumer_with_no_taskflow' retrieved from /home/airflow/.local/lib/python3.12/site-packages/airflow/example_dags/example_dataset_alias_with_no_taskflow.py
[2026-02-21T17:13:11.892+0000] {logging_mixin.py:190} INFO - [2026-02-21T17:13:11.891+0000] {dag.py:3239} INFO - Sync 4 DAGs
[2026-02-21T17:13:11.913+0000] {logging_mixin.py:190} INFO - [2026-02-21T17:13:11.912+0000] {dag.py:4180} INFO - Setting next_dagrun for dataset_alias_example_alias_consumer_with_no_taskflow to None, run_after=None
[2026-02-21T17:13:11.917+0000] {logging_mixin.py:190} INFO - [2026-02-21T17:13:11.917+0000] {dag.py:4180} INFO - Setting next_dagrun for dataset_alias_example_alias_producer_with_no_taskflow to None, run_after=None
[2026-02-21T17:13:11.919+0000] {logging_mixin.py:190} INFO - [2026-02-21T17:13:11.919+0000] {dag.py:4180} INFO - Setting next_dagrun for dataset_s3_bucket_consumer_with_no_taskflow to None, run_after=None
[2026-02-21T17:13:11.922+0000] {logging_mixin.py:190} INFO - [2026-02-21T17:13:11.921+0000] {dag.py:4180} INFO - Setting next_dagrun for dataset_s3_bucket_producer_with_no_taskflow to None, run_after=None
[2026-02-21T17:13:11.946+0000] {processor.py:208} INFO - Processing /home/airflow/.local/lib/python3.12/site-packages/airflow/example_dags/example_dataset_alias_with_no_taskflow.py took 0.753 seconds
[2026-02-21T17:13:42.129+0000] {processor.py:186} INFO - Started process (PID=1616) to work on /home/airflow/.local/lib/python3.12/site-packages/airflow/example_dags/example_dataset_alias_with_no_taskflow.py
[2026-02-21T17:13:42.133+0000] {processor.py:914} INFO - Processing file /home/airflow/.local/lib/python3.12/site-packages/airflow/example_dags/example_dataset_alias_with_no_taskflow.py for tasks to queue
[2026-02-21T17:13:42.140+0000] {logging_mixin.py:190} INFO - [2026-02-21T17:13:42.139+0000] {dagbag.py:588} INFO - Filling up the DagBag from /home/airflow/.local/lib/python3.12/site-packages/airflow/example_dags/example_dataset_alias_with_no_taskflow.py
[2026-02-21T19:41:41.937+0000] {processor.py:186} INFO - Started process (PID=2279) to work on /home/airflow/.local/lib/python3.12/site-packages/airflow/example_dags/example_dataset_alias_with_no_taskflow.py
[2026-02-21T19:41:41.944+0000] {processor.py:914} INFO - Processing file /home/airflow/.local/lib/python3.12/site-packages/airflow/example_dags/example_dataset_alias_with_no_taskflow.py for tasks to queue
[2026-02-21T19:41:41.956+0000] {logging_mixin.py:190} INFO - [2026-02-21T19:41:41.952+0000] {dagbag.py:588} INFO - Filling up the DagBag from /home/airflow/.local/lib/python3.12/site-packages/airflow/example_dags/example_dataset_alias_with_no_taskflow.py
[2026-02-21T19:41:47.032+0000] {processor.py:925} INFO - DAG(s) 'dataset_alias_example_alias_producer_with_no_taskflow', 'dataset_alias_example_alias_consumer_with_no_taskflow', 'dataset_s3_bucket_consumer_with_no_taskflow', 'dataset_s3_bucket_producer_with_no_taskflow' retrieved from /home/airflow/.local/lib/python3.12/site-packages/airflow/example_dags/example_dataset_alias_with_no_taskflow.py
[2026-02-21T19:41:48.055+0000] {logging_mixin.py:190} INFO - [2026-02-21T19:41:48.053+0000] {dag.py:3239} INFO - Sync 4 DAGs
[2026-02-21T19:41:48.148+0000] {logging_mixin.py:190} INFO - [2026-02-21T19:41:48.147+0000] {dag.py:4180} INFO - Setting next_dagrun for dataset_alias_example_alias_consumer_with_no_taskflow to None, run_after=None
[2026-02-21T19:41:48.161+0000] {logging_mixin.py:190} INFO - [2026-02-21T19:41:48.160+0000] {dag.py:4180} INFO - Setting next_dagrun for dataset_alias_example_alias_producer_with_no_taskflow to None, run_after=None
[2026-02-21T19:41:48.169+0000] {logging_mixin.py:190} INFO - [2026-02-21T19:41:48.168+0000] {dag.py:4180} INFO - Setting next_dagrun for dataset_s3_bucket_consumer_with_no_taskflow to None, run_after=None
[2026-02-21T19:41:48.178+0000] {logging_mixin.py:190} INFO - [2026-02-21T19:41:48.177+0000] {dag.py:4180} INFO - Setting next_dagrun for dataset_s3_bucket_producer_with_no_taskflow to None, run_after=None
[2026-02-21T19:41:48.323+0000] {processor.py:208} INFO - Processing /home/airflow/.local/lib/python3.12/site-packages/airflow/example_dags/example_dataset_alias_with_no_taskflow.py took 6.489 seconds
[2026-02-21T20:59:57.314+0000] {processor.py:186} INFO - Started process (PID=2427) to work on /home/airflow/.local/lib/python3.12/site-packages/airflow/example_dags/example_dataset_alias_with_no_taskflow.py
[2026-02-21T20:59:57.320+0000] {processor.py:914} INFO - Processing file /home/airflow/.local/lib/python3.12/site-packages/airflow/example_dags/example_dataset_alias_with_no_taskflow.py for tasks to queue
[2026-02-21T20:59:57.347+0000] {logging_mixin.py:190} INFO - [2026-02-21T20:59:57.343+0000] {dagbag.py:588} INFO - Filling up the DagBag from /home/airflow/.local/lib/python3.12/site-packages/airflow/example_dags/example_dataset_alias_with_no_taskflow.py
[2026-02-21T21:00:02.086+0000] {processor.py:925} INFO - DAG(s) 'dataset_alias_example_alias_consumer_with_no_taskflow', 'dataset_s3_bucket_producer_with_no_taskflow', 'dataset_alias_example_alias_producer_with_no_taskflow', 'dataset_s3_bucket_consumer_with_no_taskflow' retrieved from /home/airflow/.local/lib/python3.12/site-packages/airflow/example_dags/example_dataset_alias_with_no_taskflow.py
[2026-02-21T21:00:02.275+0000] {logging_mixin.py:190} INFO - [2026-02-21T21:00:02.272+0000] {dag.py:3239} INFO - Sync 4 DAGs
[2026-02-21T21:00:02.445+0000] {logging_mixin.py:190} INFO - [2026-02-21T21:00:02.444+0000] {dag.py:4180} INFO - Setting next_dagrun for dataset_alias_example_alias_consumer_with_no_taskflow to None, run_after=None
[2026-02-21T21:00:02.478+0000] {logging_mixin.py:190} INFO - [2026-02-21T21:00:02.476+0000] {dag.py:4180} INFO - Setting next_dagrun for dataset_alias_example_alias_producer_with_no_taskflow to None, run_after=None
[2026-02-21T21:00:02.495+0000] {logging_mixin.py:190} INFO - [2026-02-21T21:00:02.494+0000] {dag.py:4180} INFO - Setting next_dagrun for dataset_s3_bucket_consumer_with_no_taskflow to None, run_after=None
[2026-02-21T21:00:02.512+0000] {logging_mixin.py:190} INFO - [2026-02-21T21:00:02.511+0000] {dag.py:4180} INFO - Setting next_dagrun for dataset_s3_bucket_producer_with_no_taskflow to None, run_after=None
[2026-02-21T21:00:02.700+0000] {processor.py:208} INFO - Processing /home/airflow/.local/lib/python3.12/site-packages/airflow/example_dags/example_dataset_alias_with_no_taskflow.py took 5.464 seconds
[2026-02-21T21:00:50.523+0000] {processor.py:186} INFO - Started process (PID=2498) to work on /home/airflow/.local/lib/python3.12/site-packages/airflow/example_dags/example_dataset_alias_with_no_taskflow.py
[2026-02-21T21:00:50.532+0000] {processor.py:914} INFO - Processing file /home/airflow/.local/lib/python3.12/site-packages/airflow/example_dags/example_dataset_alias_with_no_taskflow.py for tasks to queue
[2026-02-21T21:00:50.552+0000] {logging_mixin.py:190} INFO - [2026-02-21T21:00:50.547+0000] {dagbag.py:588} INFO - Filling up the DagBag from /home/airflow/.local/lib/python3.12/site-packages/airflow/example_dags/example_dataset_alias_with_no_taskflow.py
[2026-02-21T21:00:55.663+0000] {processor.py:925} INFO - DAG(s) 'dataset_s3_bucket_consumer_with_no_taskflow', 'dataset_alias_example_alias_producer_with_no_taskflow', 'dataset_s3_bucket_producer_with_no_taskflow', 'dataset_alias_example_alias_consumer_with_no_taskflow' retrieved from /home/airflow/.local/lib/python3.12/site-packages/airflow/example_dags/example_dataset_alias_with_no_taskflow.py
[2026-02-21T21:00:55.890+0000] {logging_mixin.py:190} INFO - [2026-02-21T21:00:55.879+0000] {dag.py:3239} INFO - Sync 4 DAGs
[2026-02-21T21:00:56.115+0000] {logging_mixin.py:190} INFO - [2026-02-21T21:00:56.113+0000] {dag.py:4180} INFO - Setting next_dagrun for dataset_alias_example_alias_consumer_with_no_taskflow to None, run_after=None
[2026-02-21T21:00:56.137+0000] {logging_mixin.py:190} INFO - [2026-02-21T21:00:56.136+0000] {dag.py:4180} INFO - Setting next_dagrun for dataset_alias_example_alias_producer_with_no_taskflow to None, run_after=None
[2026-02-21T21:00:56.154+0000] {logging_mixin.py:190} INFO - [2026-02-21T21:00:56.152+0000] {dag.py:4180} INFO - Setting next_dagrun for dataset_s3_bucket_consumer_with_no_taskflow to None, run_after=None
[2026-02-21T21:00:56.170+0000] {logging_mixin.py:190} INFO - [2026-02-21T21:00:56.169+0000] {dag.py:4180} INFO - Setting next_dagrun for dataset_s3_bucket_producer_with_no_taskflow to None, run_after=None
[2026-02-21T21:00:56.430+0000] {processor.py:208} INFO - Processing /home/airflow/.local/lib/python3.12/site-packages/airflow/example_dags/example_dataset_alias_with_no_taskflow.py took 5.974 seconds
[2026-02-21T21:14:40.457+0000] {processor.py:186} INFO - Started process (PID=2574) to work on /home/airflow/.local/lib/python3.12/site-packages/airflow/example_dags/example_dataset_alias_with_no_taskflow.py
[2026-02-21T21:14:40.473+0000] {processor.py:914} INFO - Processing file /home/airflow/.local/lib/python3.12/site-packages/airflow/example_dags/example_dataset_alias_with_no_taskflow.py for tasks to queue
[2026-02-21T21:14:40.481+0000] {logging_mixin.py:190} INFO - [2026-02-21T21:14:40.480+0000] {dagbag.py:588} INFO - Filling up the DagBag from /home/airflow/.local/lib/python3.12/site-packages/airflow/example_dags/example_dataset_alias_with_no_taskflow.py
[2026-02-21T21:14:48.562+0000] {processor.py:925} INFO - DAG(s) 'dataset_alias_example_alias_producer_with_no_taskflow', 'dataset_alias_example_alias_consumer_with_no_taskflow', 'dataset_s3_bucket_consumer_with_no_taskflow', 'dataset_s3_bucket_producer_with_no_taskflow' retrieved from /home/airflow/.local/lib/python3.12/site-packages/airflow/example_dags/example_dataset_alias_with_no_taskflow.py
[2026-02-21T21:14:48.776+0000] {logging_mixin.py:190} INFO - [2026-02-21T21:14:48.772+0000] {dag.py:3239} INFO - Sync 4 DAGs
[2026-02-21T21:14:48.961+0000] {logging_mixin.py:190} INFO - [2026-02-21T21:14:48.958+0000] {dag.py:4180} INFO - Setting next_dagrun for dataset_alias_example_alias_consumer_with_no_taskflow to None, run_after=None
[2026-02-21T21:14:48.987+0000] {logging_mixin.py:190} INFO - [2026-02-21T21:14:48.986+0000] {dag.py:4180} INFO - Setting next_dagrun for dataset_alias_example_alias_producer_with_no_taskflow to None, run_after=None
[2026-02-21T21:14:49.004+0000] {logging_mixin.py:190} INFO - [2026-02-21T21:14:49.003+0000] {dag.py:4180} INFO - Setting next_dagrun for dataset_s3_bucket_consumer_with_no_taskflow to None, run_after=None
[2026-02-21T21:14:49.021+0000] {logging_mixin.py:190} INFO - [2026-02-21T21:14:49.020+0000] {dag.py:4180} INFO - Setting next_dagrun for dataset_s3_bucket_producer_with_no_taskflow to None, run_after=None
[2026-02-21T21:14:49.191+0000] {processor.py:208} INFO - Processing /home/airflow/.local/lib/python3.12/site-packages/airflow/example_dags/example_dataset_alias_with_no_taskflow.py took 8.788 seconds
[2026-02-21T21:35:03.785+0000] {processor.py:186} INFO - Started process (PID=2639) to work on /home/airflow/.local/lib/python3.12/site-packages/airflow/example_dags/example_dataset_alias_with_no_taskflow.py
[2026-02-21T21:35:03.800+0000] {processor.py:914} INFO - Processing file /home/airflow/.local/lib/python3.12/site-packages/airflow/example_dags/example_dataset_alias_with_no_taskflow.py for tasks to queue
[2026-02-21T21:35:03.835+0000] {logging_mixin.py:190} INFO - [2026-02-21T21:35:03.824+0000] {dagbag.py:588} INFO - Filling up the DagBag from /home/airflow/.local/lib/python3.12/site-packages/airflow/example_dags/example_dataset_alias_with_no_taskflow.py
[2026-02-21T21:35:18.769+0000] {processor.py:925} INFO - DAG(s) 'dataset_alias_example_alias_consumer_with_no_taskflow', 'dataset_alias_example_alias_producer_with_no_taskflow', 'dataset_s3_bucket_consumer_with_no_taskflow', 'dataset_s3_bucket_producer_with_no_taskflow' retrieved from /home/airflow/.local/lib/python3.12/site-packages/airflow/example_dags/example_dataset_alias_with_no_taskflow.py
[2026-02-21T21:35:19.171+0000] {logging_mixin.py:190} INFO - [2026-02-21T21:35:19.161+0000] {dag.py:3239} INFO - Sync 4 DAGs
[2026-02-21T21:35:19.537+0000] {logging_mixin.py:190} INFO - [2026-02-21T21:35:19.523+0000] {dag.py:4180} INFO - Setting next_dagrun for dataset_alias_example_alias_consumer_with_no_taskflow to None, run_after=None
[2026-02-21T21:35:19.591+0000] {logging_mixin.py:190} INFO - [2026-02-21T21:35:19.590+0000] {dag.py:4180} INFO - Setting next_dagrun for dataset_alias_example_alias_producer_with_no_taskflow to None, run_after=None
[2026-02-21T21:35:19.620+0000] {logging_mixin.py:190} INFO - [2026-02-21T21:35:19.618+0000] {dag.py:4180} INFO - Setting next_dagrun for dataset_s3_bucket_consumer_with_no_taskflow to None, run_after=None
[2026-02-21T21:35:19.659+0000] {logging_mixin.py:190} INFO - [2026-02-21T21:35:19.658+0000] {dag.py:4180} INFO - Setting next_dagrun for dataset_s3_bucket_producer_with_no_taskflow to None, run_after=None
[2026-02-21T21:35:20.064+0000] {processor.py:208} INFO - Processing /home/airflow/.local/lib/python3.12/site-packages/airflow/example_dags/example_dataset_alias_with_no_taskflow.py took 16.380 seconds
