[2026-02-21T10:24:51.444+0000] {processor.py:186} INFO - Started process (PID=64) to work on /home/airflow/.local/lib/python3.12/site-packages/airflow/example_dags/example_branch_day_of_week_operator.py
[2026-02-21T10:24:51.448+0000] {processor.py:914} INFO - Processing file /home/airflow/.local/lib/python3.12/site-packages/airflow/example_dags/example_branch_day_of_week_operator.py for tasks to queue
[2026-02-21T10:24:51.482+0000] {logging_mixin.py:190} INFO - [2026-02-21T10:24:51.481+0000] {dagbag.py:588} INFO - Filling up the DagBag from /home/airflow/.local/lib/python3.12/site-packages/airflow/example_dags/example_branch_day_of_week_operator.py
[2026-02-21T10:24:51.577+0000] {processor.py:925} INFO - DAG(s) 'example_weekday_branch_operator' retrieved from /home/airflow/.local/lib/python3.12/site-packages/airflow/example_dags/example_branch_day_of_week_operator.py
[2026-02-21T10:24:51.702+0000] {logging_mixin.py:190} INFO - [2026-02-21T10:24:51.699+0000] {dag.py:3239} INFO - Sync 1 DAGs
[2026-02-21T10:24:51.862+0000] {logging_mixin.py:190} INFO - [2026-02-21T10:24:51.861+0000] {dag.py:4180} INFO - Setting next_dagrun for example_weekday_branch_operator to 2026-02-20 00:00:00+00:00, run_after=2026-02-21 00:00:00+00:00
[2026-02-21T10:24:52.041+0000] {processor.py:208} INFO - Processing /home/airflow/.local/lib/python3.12/site-packages/airflow/example_dags/example_branch_day_of_week_operator.py took 0.712 seconds
[2026-02-21T12:32:53.264+0000] {processor.py:186} INFO - Started process (PID=67) to work on /home/airflow/.local/lib/python3.12/site-packages/airflow/example_dags/example_branch_day_of_week_operator.py
[2026-02-21T12:32:53.285+0000] {processor.py:914} INFO - Processing file /home/airflow/.local/lib/python3.12/site-packages/airflow/example_dags/example_branch_day_of_week_operator.py for tasks to queue
[2026-02-21T12:32:53.318+0000] {logging_mixin.py:190} INFO - [2026-02-21T12:32:53.311+0000] {dagbag.py:588} INFO - Filling up the DagBag from /home/airflow/.local/lib/python3.12/site-packages/airflow/example_dags/example_branch_day_of_week_operator.py
[2026-02-21T12:32:53.438+0000] {processor.py:925} INFO - DAG(s) 'example_weekday_branch_operator' retrieved from /home/airflow/.local/lib/python3.12/site-packages/airflow/example_dags/example_branch_day_of_week_operator.py
[2026-02-21T12:32:53.917+0000] {logging_mixin.py:190} INFO - [2026-02-21T12:32:53.916+0000] {dag.py:3239} INFO - Sync 1 DAGs
[2026-02-21T12:32:54.329+0000] {logging_mixin.py:190} INFO - [2026-02-21T12:32:54.327+0000] {dag.py:4180} INFO - Setting next_dagrun for example_weekday_branch_operator to 2026-02-20 00:00:00+00:00, run_after=2026-02-21 00:00:00+00:00
[2026-02-21T12:32:54.496+0000] {processor.py:208} INFO - Processing /home/airflow/.local/lib/python3.12/site-packages/airflow/example_dags/example_branch_day_of_week_operator.py took 1.308 seconds
[2026-02-21T12:34:11.482+0000] {processor.py:186} INFO - Started process (PID=57) to work on /home/airflow/.local/lib/python3.12/site-packages/airflow/example_dags/example_branch_day_of_week_operator.py
[2026-02-21T12:34:11.485+0000] {processor.py:914} INFO - Processing file /home/airflow/.local/lib/python3.12/site-packages/airflow/example_dags/example_branch_day_of_week_operator.py for tasks to queue
[2026-02-21T12:34:11.491+0000] {logging_mixin.py:190} INFO - [2026-02-21T12:34:11.491+0000] {dagbag.py:588} INFO - Filling up the DagBag from /home/airflow/.local/lib/python3.12/site-packages/airflow/example_dags/example_branch_day_of_week_operator.py
[2026-02-21T12:34:11.516+0000] {processor.py:925} INFO - DAG(s) 'example_weekday_branch_operator' retrieved from /home/airflow/.local/lib/python3.12/site-packages/airflow/example_dags/example_branch_day_of_week_operator.py
[2026-02-21T12:34:11.586+0000] {logging_mixin.py:190} INFO - [2026-02-21T12:34:11.586+0000] {dag.py:3239} INFO - Sync 1 DAGs
[2026-02-21T12:34:11.661+0000] {logging_mixin.py:190} INFO - [2026-02-21T12:34:11.660+0000] {dag.py:4180} INFO - Setting next_dagrun for example_weekday_branch_operator to 2026-02-20 00:00:00+00:00, run_after=2026-02-21 00:00:00+00:00
[2026-02-21T12:34:11.730+0000] {processor.py:208} INFO - Processing /home/airflow/.local/lib/python3.12/site-packages/airflow/example_dags/example_branch_day_of_week_operator.py took 0.263 seconds
[2026-02-21T12:34:42.230+0000] {processor.py:186} INFO - Started process (PID=122) to work on /home/airflow/.local/lib/python3.12/site-packages/airflow/example_dags/example_branch_day_of_week_operator.py
[2026-02-21T12:34:42.233+0000] {processor.py:914} INFO - Processing file /home/airflow/.local/lib/python3.12/site-packages/airflow/example_dags/example_branch_day_of_week_operator.py for tasks to queue
[2026-02-21T12:34:42.243+0000] {logging_mixin.py:190} INFO - [2026-02-21T12:34:42.241+0000] {dagbag.py:588} INFO - Filling up the DagBag from /home/airflow/.local/lib/python3.12/site-packages/airflow/example_dags/example_branch_day_of_week_operator.py
[2026-02-21T12:34:42.289+0000] {processor.py:925} INFO - DAG(s) 'example_weekday_branch_operator' retrieved from /home/airflow/.local/lib/python3.12/site-packages/airflow/example_dags/example_branch_day_of_week_operator.py
[2026-02-21T12:34:42.405+0000] {logging_mixin.py:190} INFO - [2026-02-21T12:34:42.404+0000] {dag.py:3239} INFO - Sync 1 DAGs
[2026-02-21T12:34:42.544+0000] {logging_mixin.py:190} INFO - [2026-02-21T12:34:42.543+0000] {dag.py:4180} INFO - Setting next_dagrun for example_weekday_branch_operator to 2026-02-20 00:00:00+00:00, run_after=2026-02-21 00:00:00+00:00
[2026-02-21T12:34:42.646+0000] {processor.py:208} INFO - Processing /home/airflow/.local/lib/python3.12/site-packages/airflow/example_dags/example_branch_day_of_week_operator.py took 0.435 seconds
[2026-02-21T12:35:12.937+0000] {processor.py:186} INFO - Started process (PID=187) to work on /home/airflow/.local/lib/python3.12/site-packages/airflow/example_dags/example_branch_day_of_week_operator.py
[2026-02-21T12:35:12.940+0000] {processor.py:914} INFO - Processing file /home/airflow/.local/lib/python3.12/site-packages/airflow/example_dags/example_branch_day_of_week_operator.py for tasks to queue
[2026-02-21T12:35:12.947+0000] {logging_mixin.py:190} INFO - [2026-02-21T12:35:12.946+0000] {dagbag.py:588} INFO - Filling up the DagBag from /home/airflow/.local/lib/python3.12/site-packages/airflow/example_dags/example_branch_day_of_week_operator.py
[2026-02-21T12:35:12.972+0000] {processor.py:925} INFO - DAG(s) 'example_weekday_branch_operator' retrieved from /home/airflow/.local/lib/python3.12/site-packages/airflow/example_dags/example_branch_day_of_week_operator.py
[2026-02-21T12:35:13.026+0000] {logging_mixin.py:190} INFO - [2026-02-21T12:35:13.025+0000] {dag.py:3239} INFO - Sync 1 DAGs
[2026-02-21T12:35:13.092+0000] {logging_mixin.py:190} INFO - [2026-02-21T12:35:13.091+0000] {dag.py:4180} INFO - Setting next_dagrun for example_weekday_branch_operator to 2026-02-20 00:00:00+00:00, run_after=2026-02-21 00:00:00+00:00
[2026-02-21T12:35:13.145+0000] {processor.py:208} INFO - Processing /home/airflow/.local/lib/python3.12/site-packages/airflow/example_dags/example_branch_day_of_week_operator.py took 0.223 seconds
[2026-02-21T12:35:43.937+0000] {processor.py:186} INFO - Started process (PID=252) to work on /home/airflow/.local/lib/python3.12/site-packages/airflow/example_dags/example_branch_day_of_week_operator.py
[2026-02-21T12:35:43.939+0000] {processor.py:914} INFO - Processing file /home/airflow/.local/lib/python3.12/site-packages/airflow/example_dags/example_branch_day_of_week_operator.py for tasks to queue
[2026-02-21T12:35:43.943+0000] {logging_mixin.py:190} INFO - [2026-02-21T12:35:43.943+0000] {dagbag.py:588} INFO - Filling up the DagBag from /home/airflow/.local/lib/python3.12/site-packages/airflow/example_dags/example_branch_day_of_week_operator.py
[2026-02-21T12:35:43.960+0000] {processor.py:925} INFO - DAG(s) 'example_weekday_branch_operator' retrieved from /home/airflow/.local/lib/python3.12/site-packages/airflow/example_dags/example_branch_day_of_week_operator.py
[2026-02-21T12:35:43.996+0000] {logging_mixin.py:190} INFO - [2026-02-21T12:35:43.995+0000] {dag.py:3239} INFO - Sync 1 DAGs
[2026-02-21T12:35:44.041+0000] {logging_mixin.py:190} INFO - [2026-02-21T12:35:44.040+0000] {dag.py:4180} INFO - Setting next_dagrun for example_weekday_branch_operator to 2026-02-20 00:00:00+00:00, run_after=2026-02-21 00:00:00+00:00
[2026-02-21T12:35:44.070+0000] {processor.py:208} INFO - Processing /home/airflow/.local/lib/python3.12/site-packages/airflow/example_dags/example_branch_day_of_week_operator.py took 0.142 seconds
[2026-02-21T12:36:19.948+0000] {processor.py:186} INFO - Started process (PID=318) to work on /home/airflow/.local/lib/python3.12/site-packages/airflow/example_dags/example_branch_day_of_week_operator.py
[2026-02-21T12:36:19.967+0000] {processor.py:914} INFO - Processing file /home/airflow/.local/lib/python3.12/site-packages/airflow/example_dags/example_branch_day_of_week_operator.py for tasks to queue
[2026-02-21T12:36:19.992+0000] {logging_mixin.py:190} INFO - [2026-02-21T12:36:19.990+0000] {dagbag.py:588} INFO - Filling up the DagBag from /home/airflow/.local/lib/python3.12/site-packages/airflow/example_dags/example_branch_day_of_week_operator.py
[2026-02-21T12:36:20.097+0000] {processor.py:925} INFO - DAG(s) 'example_weekday_branch_operator' retrieved from /home/airflow/.local/lib/python3.12/site-packages/airflow/example_dags/example_branch_day_of_week_operator.py
[2026-02-21T12:36:20.217+0000] {logging_mixin.py:190} INFO - [2026-02-21T12:36:20.215+0000] {dag.py:3239} INFO - Sync 1 DAGs
[2026-02-21T12:36:20.353+0000] {logging_mixin.py:190} INFO - [2026-02-21T12:36:20.352+0000] {dag.py:4180} INFO - Setting next_dagrun for example_weekday_branch_operator to 2026-02-20 00:00:00+00:00, run_after=2026-02-21 00:00:00+00:00
[2026-02-21T12:36:20.456+0000] {processor.py:208} INFO - Processing /home/airflow/.local/lib/python3.12/site-packages/airflow/example_dags/example_branch_day_of_week_operator.py took 0.582 seconds
[2026-02-21T12:36:53.877+0000] {processor.py:186} INFO - Started process (PID=371) to work on /home/airflow/.local/lib/python3.12/site-packages/airflow/example_dags/example_branch_day_of_week_operator.py
[2026-02-21T12:36:53.884+0000] {processor.py:914} INFO - Processing file /home/airflow/.local/lib/python3.12/site-packages/airflow/example_dags/example_branch_day_of_week_operator.py for tasks to queue
[2026-02-21T12:36:53.907+0000] {logging_mixin.py:190} INFO - [2026-02-21T12:36:53.905+0000] {dagbag.py:588} INFO - Filling up the DagBag from /home/airflow/.local/lib/python3.12/site-packages/airflow/example_dags/example_branch_day_of_week_operator.py
[2026-02-21T12:36:53.963+0000] {processor.py:925} INFO - DAG(s) 'example_weekday_branch_operator' retrieved from /home/airflow/.local/lib/python3.12/site-packages/airflow/example_dags/example_branch_day_of_week_operator.py
[2026-02-21T12:36:54.103+0000] {logging_mixin.py:190} INFO - [2026-02-21T12:36:54.102+0000] {dag.py:3239} INFO - Sync 1 DAGs
[2026-02-21T12:36:54.250+0000] {logging_mixin.py:190} INFO - [2026-02-21T12:36:54.249+0000] {dag.py:4180} INFO - Setting next_dagrun for example_weekday_branch_operator to 2026-02-20 00:00:00+00:00, run_after=2026-02-21 00:00:00+00:00
[2026-02-21T12:36:54.412+0000] {processor.py:208} INFO - Processing /home/airflow/.local/lib/python3.12/site-packages/airflow/example_dags/example_branch_day_of_week_operator.py took 0.573 seconds
[2026-02-21T12:37:24.927+0000] {processor.py:186} INFO - Started process (PID=445) to work on /home/airflow/.local/lib/python3.12/site-packages/airflow/example_dags/example_branch_day_of_week_operator.py
[2026-02-21T12:37:24.931+0000] {processor.py:914} INFO - Processing file /home/airflow/.local/lib/python3.12/site-packages/airflow/example_dags/example_branch_day_of_week_operator.py for tasks to queue
[2026-02-21T12:37:24.942+0000] {logging_mixin.py:190} INFO - [2026-02-21T12:37:24.941+0000] {dagbag.py:588} INFO - Filling up the DagBag from /home/airflow/.local/lib/python3.12/site-packages/airflow/example_dags/example_branch_day_of_week_operator.py
[2026-02-21T12:37:24.976+0000] {processor.py:925} INFO - DAG(s) 'example_weekday_branch_operator' retrieved from /home/airflow/.local/lib/python3.12/site-packages/airflow/example_dags/example_branch_day_of_week_operator.py
[2026-02-21T12:37:25.061+0000] {logging_mixin.py:190} INFO - [2026-02-21T12:37:25.060+0000] {dag.py:3239} INFO - Sync 1 DAGs
[2026-02-21T12:37:25.154+0000] {logging_mixin.py:190} INFO - [2026-02-21T12:37:25.153+0000] {dag.py:4180} INFO - Setting next_dagrun for example_weekday_branch_operator to 2026-02-20 00:00:00+00:00, run_after=2026-02-21 00:00:00+00:00
[2026-02-21T12:37:25.231+0000] {processor.py:208} INFO - Processing /home/airflow/.local/lib/python3.12/site-packages/airflow/example_dags/example_branch_day_of_week_operator.py took 0.324 seconds
[2026-02-21T12:37:55.662+0000] {processor.py:186} INFO - Started process (PID=510) to work on /home/airflow/.local/lib/python3.12/site-packages/airflow/example_dags/example_branch_day_of_week_operator.py
[2026-02-21T12:37:55.665+0000] {processor.py:914} INFO - Processing file /home/airflow/.local/lib/python3.12/site-packages/airflow/example_dags/example_branch_day_of_week_operator.py for tasks to queue
[2026-02-21T12:37:55.674+0000] {logging_mixin.py:190} INFO - [2026-02-21T12:37:55.673+0000] {dagbag.py:588} INFO - Filling up the DagBag from /home/airflow/.local/lib/python3.12/site-packages/airflow/example_dags/example_branch_day_of_week_operator.py
[2026-02-21T12:37:55.707+0000] {processor.py:925} INFO - DAG(s) 'example_weekday_branch_operator' retrieved from /home/airflow/.local/lib/python3.12/site-packages/airflow/example_dags/example_branch_day_of_week_operator.py
[2026-02-21T12:37:55.765+0000] {logging_mixin.py:190} INFO - [2026-02-21T12:37:55.764+0000] {dag.py:3239} INFO - Sync 1 DAGs
[2026-02-21T12:37:55.840+0000] {logging_mixin.py:190} INFO - [2026-02-21T12:37:55.840+0000] {dag.py:4180} INFO - Setting next_dagrun for example_weekday_branch_operator to 2026-02-20 00:00:00+00:00, run_after=2026-02-21 00:00:00+00:00
[2026-02-21T12:37:55.901+0000] {processor.py:208} INFO - Processing /home/airflow/.local/lib/python3.12/site-packages/airflow/example_dags/example_branch_day_of_week_operator.py took 0.260 seconds
[2026-02-21T12:38:28.466+0000] {processor.py:186} INFO - Started process (PID=575) to work on /home/airflow/.local/lib/python3.12/site-packages/airflow/example_dags/example_branch_day_of_week_operator.py
[2026-02-21T12:38:28.470+0000] {processor.py:914} INFO - Processing file /home/airflow/.local/lib/python3.12/site-packages/airflow/example_dags/example_branch_day_of_week_operator.py for tasks to queue
[2026-02-21T12:38:28.481+0000] {logging_mixin.py:190} INFO - [2026-02-21T12:38:28.479+0000] {dagbag.py:588} INFO - Filling up the DagBag from /home/airflow/.local/lib/python3.12/site-packages/airflow/example_dags/example_branch_day_of_week_operator.py
[2026-02-21T12:38:28.522+0000] {processor.py:925} INFO - DAG(s) 'example_weekday_branch_operator' retrieved from /home/airflow/.local/lib/python3.12/site-packages/airflow/example_dags/example_branch_day_of_week_operator.py
[2026-02-21T12:38:28.620+0000] {logging_mixin.py:190} INFO - [2026-02-21T12:38:28.619+0000] {dag.py:3239} INFO - Sync 1 DAGs
[2026-02-21T12:38:28.726+0000] {logging_mixin.py:190} INFO - [2026-02-21T12:38:28.725+0000] {dag.py:4180} INFO - Setting next_dagrun for example_weekday_branch_operator to 2026-02-20 00:00:00+00:00, run_after=2026-02-21 00:00:00+00:00
[2026-02-21T12:38:28.807+0000] {processor.py:208} INFO - Processing /home/airflow/.local/lib/python3.12/site-packages/airflow/example_dags/example_branch_day_of_week_operator.py took 0.363 seconds
[2026-02-21T12:38:59.740+0000] {processor.py:186} INFO - Started process (PID=640) to work on /home/airflow/.local/lib/python3.12/site-packages/airflow/example_dags/example_branch_day_of_week_operator.py
[2026-02-21T12:38:59.745+0000] {processor.py:914} INFO - Processing file /home/airflow/.local/lib/python3.12/site-packages/airflow/example_dags/example_branch_day_of_week_operator.py for tasks to queue
[2026-02-21T12:38:59.757+0000] {logging_mixin.py:190} INFO - [2026-02-21T12:38:59.755+0000] {dagbag.py:588} INFO - Filling up the DagBag from /home/airflow/.local/lib/python3.12/site-packages/airflow/example_dags/example_branch_day_of_week_operator.py
[2026-02-21T12:38:59.796+0000] {processor.py:925} INFO - DAG(s) 'example_weekday_branch_operator' retrieved from /home/airflow/.local/lib/python3.12/site-packages/airflow/example_dags/example_branch_day_of_week_operator.py
[2026-02-21T12:38:59.877+0000] {logging_mixin.py:190} INFO - [2026-02-21T12:38:59.876+0000] {dag.py:3239} INFO - Sync 1 DAGs
[2026-02-21T12:38:59.977+0000] {logging_mixin.py:190} INFO - [2026-02-21T12:38:59.977+0000] {dag.py:4180} INFO - Setting next_dagrun for example_weekday_branch_operator to 2026-02-20 00:00:00+00:00, run_after=2026-02-21 00:00:00+00:00
[2026-02-21T12:39:00.053+0000] {processor.py:208} INFO - Processing /home/airflow/.local/lib/python3.12/site-packages/airflow/example_dags/example_branch_day_of_week_operator.py took 0.340 seconds
[2026-02-21T12:39:32.886+0000] {processor.py:186} INFO - Started process (PID=703) to work on /home/airflow/.local/lib/python3.12/site-packages/airflow/example_dags/example_branch_day_of_week_operator.py
[2026-02-21T12:39:32.893+0000] {processor.py:914} INFO - Processing file /home/airflow/.local/lib/python3.12/site-packages/airflow/example_dags/example_branch_day_of_week_operator.py for tasks to queue
[2026-02-21T12:39:32.930+0000] {logging_mixin.py:190} INFO - [2026-02-21T12:39:32.929+0000] {dagbag.py:588} INFO - Filling up the DagBag from /home/airflow/.local/lib/python3.12/site-packages/airflow/example_dags/example_branch_day_of_week_operator.py
[2026-02-21T12:39:33.106+0000] {processor.py:925} INFO - DAG(s) 'example_weekday_branch_operator' retrieved from /home/airflow/.local/lib/python3.12/site-packages/airflow/example_dags/example_branch_day_of_week_operator.py
[2026-02-21T12:39:33.327+0000] {logging_mixin.py:190} INFO - [2026-02-21T12:39:33.326+0000] {dag.py:3239} INFO - Sync 1 DAGs
[2026-02-21T12:39:33.660+0000] {logging_mixin.py:190} INFO - [2026-02-21T12:39:33.658+0000] {dag.py:4180} INFO - Setting next_dagrun for example_weekday_branch_operator to 2026-02-20 00:00:00+00:00, run_after=2026-02-21 00:00:00+00:00
[2026-02-21T12:39:33.816+0000] {processor.py:208} INFO - Processing /home/airflow/.local/lib/python3.12/site-packages/airflow/example_dags/example_branch_day_of_week_operator.py took 1.018 seconds
[2026-02-21T12:41:24.813+0000] {processor.py:186} INFO - Started process (PID=779) to work on /home/airflow/.local/lib/python3.12/site-packages/airflow/example_dags/example_branch_day_of_week_operator.py
[2026-02-21T12:41:24.818+0000] {processor.py:914} INFO - Processing file /home/airflow/.local/lib/python3.12/site-packages/airflow/example_dags/example_branch_day_of_week_operator.py for tasks to queue
[2026-02-21T12:41:24.829+0000] {logging_mixin.py:190} INFO - [2026-02-21T12:41:24.827+0000] {dagbag.py:588} INFO - Filling up the DagBag from /home/airflow/.local/lib/python3.12/site-packages/airflow/example_dags/example_branch_day_of_week_operator.py
[2026-02-21T12:41:24.895+0000] {processor.py:925} INFO - DAG(s) 'example_weekday_branch_operator' retrieved from /home/airflow/.local/lib/python3.12/site-packages/airflow/example_dags/example_branch_day_of_week_operator.py
[2026-02-21T12:41:25.051+0000] {logging_mixin.py:190} INFO - [2026-02-21T12:41:25.050+0000] {dag.py:3239} INFO - Sync 1 DAGs
[2026-02-21T12:41:25.243+0000] {logging_mixin.py:190} INFO - [2026-02-21T12:41:25.242+0000] {dag.py:4180} INFO - Setting next_dagrun for example_weekday_branch_operator to 2026-02-20 00:00:00+00:00, run_after=2026-02-21 00:00:00+00:00
[2026-02-21T12:41:25.364+0000] {processor.py:208} INFO - Processing /home/airflow/.local/lib/python3.12/site-packages/airflow/example_dags/example_branch_day_of_week_operator.py took 0.590 seconds
[2026-02-21T12:41:55.678+0000] {processor.py:186} INFO - Started process (PID=844) to work on /home/airflow/.local/lib/python3.12/site-packages/airflow/example_dags/example_branch_day_of_week_operator.py
[2026-02-21T12:41:55.684+0000] {processor.py:914} INFO - Processing file /home/airflow/.local/lib/python3.12/site-packages/airflow/example_dags/example_branch_day_of_week_operator.py for tasks to queue
[2026-02-21T12:41:55.691+0000] {logging_mixin.py:190} INFO - [2026-02-21T12:41:55.689+0000] {dagbag.py:588} INFO - Filling up the DagBag from /home/airflow/.local/lib/python3.12/site-packages/airflow/example_dags/example_branch_day_of_week_operator.py
[2026-02-21T12:41:55.741+0000] {processor.py:925} INFO - DAG(s) 'example_weekday_branch_operator' retrieved from /home/airflow/.local/lib/python3.12/site-packages/airflow/example_dags/example_branch_day_of_week_operator.py
[2026-02-21T12:41:55.870+0000] {logging_mixin.py:190} INFO - [2026-02-21T12:41:55.869+0000] {dag.py:3239} INFO - Sync 1 DAGs
[2026-02-21T12:41:56.052+0000] {logging_mixin.py:190} INFO - [2026-02-21T12:41:56.051+0000] {dag.py:4180} INFO - Setting next_dagrun for example_weekday_branch_operator to 2026-02-20 00:00:00+00:00, run_after=2026-02-21 00:00:00+00:00
[2026-02-21T12:41:56.230+0000] {processor.py:208} INFO - Processing /home/airflow/.local/lib/python3.12/site-packages/airflow/example_dags/example_branch_day_of_week_operator.py took 0.579 seconds
[2026-02-21T12:42:41.410+0000] {processor.py:186} INFO - Started process (PID=910) to work on /home/airflow/.local/lib/python3.12/site-packages/airflow/example_dags/example_branch_day_of_week_operator.py
[2026-02-21T12:42:41.428+0000] {processor.py:914} INFO - Processing file /home/airflow/.local/lib/python3.12/site-packages/airflow/example_dags/example_branch_day_of_week_operator.py for tasks to queue
[2026-02-21T12:42:41.448+0000] {logging_mixin.py:190} INFO - [2026-02-21T12:42:41.446+0000] {dagbag.py:588} INFO - Filling up the DagBag from /home/airflow/.local/lib/python3.12/site-packages/airflow/example_dags/example_branch_day_of_week_operator.py
[2026-02-21T12:42:41.630+0000] {processor.py:925} INFO - DAG(s) 'example_weekday_branch_operator' retrieved from /home/airflow/.local/lib/python3.12/site-packages/airflow/example_dags/example_branch_day_of_week_operator.py
[2026-02-21T12:42:41.906+0000] {logging_mixin.py:190} INFO - [2026-02-21T12:42:41.905+0000] {dag.py:3239} INFO - Sync 1 DAGs
[2026-02-21T12:42:42.279+0000] {logging_mixin.py:190} INFO - [2026-02-21T12:42:42.278+0000] {dag.py:4180} INFO - Setting next_dagrun for example_weekday_branch_operator to 2026-02-20 00:00:00+00:00, run_after=2026-02-21 00:00:00+00:00
[2026-02-21T12:42:42.565+0000] {processor.py:208} INFO - Processing /home/airflow/.local/lib/python3.12/site-packages/airflow/example_dags/example_branch_day_of_week_operator.py took 1.240 seconds
[2026-02-21T12:53:53.603+0000] {processor.py:186} INFO - Started process (PID=940) to work on /home/airflow/.local/lib/python3.12/site-packages/airflow/example_dags/example_branch_day_of_week_operator.py
[2026-02-21T12:53:53.609+0000] {processor.py:914} INFO - Processing file /home/airflow/.local/lib/python3.12/site-packages/airflow/example_dags/example_branch_day_of_week_operator.py for tasks to queue
[2026-02-21T12:53:53.625+0000] {logging_mixin.py:190} INFO - [2026-02-21T12:53:53.623+0000] {dagbag.py:588} INFO - Filling up the DagBag from /home/airflow/.local/lib/python3.12/site-packages/airflow/example_dags/example_branch_day_of_week_operator.py
[2026-02-21T12:53:53.687+0000] {processor.py:925} INFO - DAG(s) 'example_weekday_branch_operator' retrieved from /home/airflow/.local/lib/python3.12/site-packages/airflow/example_dags/example_branch_day_of_week_operator.py
[2026-02-21T12:53:53.871+0000] {logging_mixin.py:190} INFO - [2026-02-21T12:53:53.870+0000] {dag.py:3239} INFO - Sync 1 DAGs
[2026-02-21T12:53:54.013+0000] {logging_mixin.py:190} INFO - [2026-02-21T12:53:54.012+0000] {dag.py:4180} INFO - Setting next_dagrun for example_weekday_branch_operator to 2026-02-20 00:00:00+00:00, run_after=2026-02-21 00:00:00+00:00
[2026-02-21T12:53:54.113+0000] {processor.py:208} INFO - Processing /home/airflow/.local/lib/python3.12/site-packages/airflow/example_dags/example_branch_day_of_week_operator.py took 0.539 seconds
[2026-02-21T12:54:25.151+0000] {processor.py:186} INFO - Started process (PID=1005) to work on /home/airflow/.local/lib/python3.12/site-packages/airflow/example_dags/example_branch_day_of_week_operator.py
[2026-02-21T12:54:25.155+0000] {processor.py:914} INFO - Processing file /home/airflow/.local/lib/python3.12/site-packages/airflow/example_dags/example_branch_day_of_week_operator.py for tasks to queue
[2026-02-21T12:54:25.164+0000] {logging_mixin.py:190} INFO - [2026-02-21T12:54:25.163+0000] {dagbag.py:588} INFO - Filling up the DagBag from /home/airflow/.local/lib/python3.12/site-packages/airflow/example_dags/example_branch_day_of_week_operator.py
[2026-02-21T12:54:25.204+0000] {processor.py:925} INFO - DAG(s) 'example_weekday_branch_operator' retrieved from /home/airflow/.local/lib/python3.12/site-packages/airflow/example_dags/example_branch_day_of_week_operator.py
[2026-02-21T12:54:25.285+0000] {logging_mixin.py:190} INFO - [2026-02-21T12:54:25.284+0000] {dag.py:3239} INFO - Sync 1 DAGs
[2026-02-21T12:54:25.376+0000] {logging_mixin.py:190} INFO - [2026-02-21T12:54:25.375+0000] {dag.py:4180} INFO - Setting next_dagrun for example_weekday_branch_operator to 2026-02-20 00:00:00+00:00, run_after=2026-02-21 00:00:00+00:00
[2026-02-21T12:54:25.449+0000] {processor.py:208} INFO - Processing /home/airflow/.local/lib/python3.12/site-packages/airflow/example_dags/example_branch_day_of_week_operator.py took 0.320 seconds
[2026-02-21T12:54:56.361+0000] {processor.py:186} INFO - Started process (PID=1070) to work on /home/airflow/.local/lib/python3.12/site-packages/airflow/example_dags/example_branch_day_of_week_operator.py
[2026-02-21T12:54:56.367+0000] {processor.py:914} INFO - Processing file /home/airflow/.local/lib/python3.12/site-packages/airflow/example_dags/example_branch_day_of_week_operator.py for tasks to queue
[2026-02-21T12:54:56.379+0000] {logging_mixin.py:190} INFO - [2026-02-21T12:54:56.377+0000] {dagbag.py:588} INFO - Filling up the DagBag from /home/airflow/.local/lib/python3.12/site-packages/airflow/example_dags/example_branch_day_of_week_operator.py
[2026-02-21T12:54:56.440+0000] {processor.py:925} INFO - DAG(s) 'example_weekday_branch_operator' retrieved from /home/airflow/.local/lib/python3.12/site-packages/airflow/example_dags/example_branch_day_of_week_operator.py
[2026-02-21T12:54:56.542+0000] {logging_mixin.py:190} INFO - [2026-02-21T12:54:56.541+0000] {dag.py:3239} INFO - Sync 1 DAGs
[2026-02-21T12:54:56.670+0000] {logging_mixin.py:190} INFO - [2026-02-21T12:54:56.668+0000] {dag.py:4180} INFO - Setting next_dagrun for example_weekday_branch_operator to 2026-02-20 00:00:00+00:00, run_after=2026-02-21 00:00:00+00:00
[2026-02-21T12:54:56.771+0000] {processor.py:208} INFO - Processing /home/airflow/.local/lib/python3.12/site-packages/airflow/example_dags/example_branch_day_of_week_operator.py took 0.437 seconds
[2026-02-21T12:55:26.993+0000] {processor.py:186} INFO - Started process (PID=1134) to work on /home/airflow/.local/lib/python3.12/site-packages/airflow/example_dags/example_branch_day_of_week_operator.py
[2026-02-21T12:55:26.996+0000] {processor.py:914} INFO - Processing file /home/airflow/.local/lib/python3.12/site-packages/airflow/example_dags/example_branch_day_of_week_operator.py for tasks to queue
[2026-02-21T12:55:27.002+0000] {logging_mixin.py:190} INFO - [2026-02-21T12:55:27.001+0000] {dagbag.py:588} INFO - Filling up the DagBag from /home/airflow/.local/lib/python3.12/site-packages/airflow/example_dags/example_branch_day_of_week_operator.py
[2026-02-21T12:55:27.023+0000] {processor.py:925} INFO - DAG(s) 'example_weekday_branch_operator' retrieved from /home/airflow/.local/lib/python3.12/site-packages/airflow/example_dags/example_branch_day_of_week_operator.py
[2026-02-21T12:55:27.064+0000] {logging_mixin.py:190} INFO - [2026-02-21T12:55:27.063+0000] {dag.py:3239} INFO - Sync 1 DAGs
[2026-02-21T12:55:27.106+0000] {logging_mixin.py:190} INFO - [2026-02-21T12:55:27.106+0000] {dag.py:4180} INFO - Setting next_dagrun for example_weekday_branch_operator to 2026-02-20 00:00:00+00:00, run_after=2026-02-21 00:00:00+00:00
[2026-02-21T12:55:27.144+0000] {processor.py:208} INFO - Processing /home/airflow/.local/lib/python3.12/site-packages/airflow/example_dags/example_branch_day_of_week_operator.py took 0.163 seconds
[2026-02-21T17:10:11.200+0000] {processor.py:186} INFO - Started process (PID=1179) to work on /home/airflow/.local/lib/python3.12/site-packages/airflow/example_dags/example_branch_day_of_week_operator.py
[2026-02-21T17:10:11.205+0000] {processor.py:914} INFO - Processing file /home/airflow/.local/lib/python3.12/site-packages/airflow/example_dags/example_branch_day_of_week_operator.py for tasks to queue
[2026-02-21T17:10:11.216+0000] {logging_mixin.py:190} INFO - [2026-02-21T17:10:11.215+0000] {dagbag.py:588} INFO - Filling up the DagBag from /home/airflow/.local/lib/python3.12/site-packages/airflow/example_dags/example_branch_day_of_week_operator.py
[2026-02-21T17:10:11.256+0000] {processor.py:925} INFO - DAG(s) 'example_weekday_branch_operator' retrieved from /home/airflow/.local/lib/python3.12/site-packages/airflow/example_dags/example_branch_day_of_week_operator.py
[2026-02-21T17:10:11.385+0000] {logging_mixin.py:190} INFO - [2026-02-21T17:10:11.384+0000] {dag.py:3239} INFO - Sync 1 DAGs
[2026-02-21T17:10:11.507+0000] {logging_mixin.py:190} INFO - [2026-02-21T17:10:11.506+0000] {dag.py:4180} INFO - Setting next_dagrun for example_weekday_branch_operator to 2026-02-20 00:00:00+00:00, run_after=2026-02-21 00:00:00+00:00
[2026-02-21T17:10:11.575+0000] {processor.py:208} INFO - Processing /home/airflow/.local/lib/python3.12/site-packages/airflow/example_dags/example_branch_day_of_week_operator.py took 0.402 seconds
[2026-02-21T17:10:42.501+0000] {processor.py:186} INFO - Started process (PID=1244) to work on /home/airflow/.local/lib/python3.12/site-packages/airflow/example_dags/example_branch_day_of_week_operator.py
[2026-02-21T17:10:42.503+0000] {processor.py:914} INFO - Processing file /home/airflow/.local/lib/python3.12/site-packages/airflow/example_dags/example_branch_day_of_week_operator.py for tasks to queue
[2026-02-21T17:10:42.511+0000] {logging_mixin.py:190} INFO - [2026-02-21T17:10:42.510+0000] {dagbag.py:588} INFO - Filling up the DagBag from /home/airflow/.local/lib/python3.12/site-packages/airflow/example_dags/example_branch_day_of_week_operator.py
[2026-02-21T17:10:42.542+0000] {processor.py:925} INFO - DAG(s) 'example_weekday_branch_operator' retrieved from /home/airflow/.local/lib/python3.12/site-packages/airflow/example_dags/example_branch_day_of_week_operator.py
[2026-02-21T17:10:42.602+0000] {logging_mixin.py:190} INFO - [2026-02-21T17:10:42.601+0000] {dag.py:3239} INFO - Sync 1 DAGs
[2026-02-21T17:10:42.665+0000] {logging_mixin.py:190} INFO - [2026-02-21T17:10:42.664+0000] {dag.py:4180} INFO - Setting next_dagrun for example_weekday_branch_operator to 2026-02-20 00:00:00+00:00, run_after=2026-02-21 00:00:00+00:00
[2026-02-21T17:10:42.723+0000] {processor.py:208} INFO - Processing /home/airflow/.local/lib/python3.12/site-packages/airflow/example_dags/example_branch_day_of_week_operator.py took 0.238 seconds
[2026-02-21T17:11:13.108+0000] {processor.py:186} INFO - Started process (PID=1309) to work on /home/airflow/.local/lib/python3.12/site-packages/airflow/example_dags/example_branch_day_of_week_operator.py
[2026-02-21T17:11:13.110+0000] {processor.py:914} INFO - Processing file /home/airflow/.local/lib/python3.12/site-packages/airflow/example_dags/example_branch_day_of_week_operator.py for tasks to queue
[2026-02-21T17:11:13.113+0000] {logging_mixin.py:190} INFO - [2026-02-21T17:11:13.112+0000] {dagbag.py:588} INFO - Filling up the DagBag from /home/airflow/.local/lib/python3.12/site-packages/airflow/example_dags/example_branch_day_of_week_operator.py
[2026-02-21T17:11:13.127+0000] {processor.py:925} INFO - DAG(s) 'example_weekday_branch_operator' retrieved from /home/airflow/.local/lib/python3.12/site-packages/airflow/example_dags/example_branch_day_of_week_operator.py
[2026-02-21T17:11:13.152+0000] {logging_mixin.py:190} INFO - [2026-02-21T17:11:13.151+0000] {dag.py:3239} INFO - Sync 1 DAGs
[2026-02-21T17:11:13.175+0000] {logging_mixin.py:190} INFO - [2026-02-21T17:11:13.174+0000] {dag.py:4180} INFO - Setting next_dagrun for example_weekday_branch_operator to 2026-02-20 00:00:00+00:00, run_after=2026-02-21 00:00:00+00:00
[2026-02-21T17:11:13.196+0000] {processor.py:208} INFO - Processing /home/airflow/.local/lib/python3.12/site-packages/airflow/example_dags/example_branch_day_of_week_operator.py took 0.096 seconds
[2026-02-21T17:11:43.671+0000] {processor.py:186} INFO - Started process (PID=1374) to work on /home/airflow/.local/lib/python3.12/site-packages/airflow/example_dags/example_branch_day_of_week_operator.py
[2026-02-21T17:11:43.672+0000] {processor.py:914} INFO - Processing file /home/airflow/.local/lib/python3.12/site-packages/airflow/example_dags/example_branch_day_of_week_operator.py for tasks to queue
[2026-02-21T17:11:43.675+0000] {logging_mixin.py:190} INFO - [2026-02-21T17:11:43.675+0000] {dagbag.py:588} INFO - Filling up the DagBag from /home/airflow/.local/lib/python3.12/site-packages/airflow/example_dags/example_branch_day_of_week_operator.py
[2026-02-21T17:11:43.689+0000] {processor.py:925} INFO - DAG(s) 'example_weekday_branch_operator' retrieved from /home/airflow/.local/lib/python3.12/site-packages/airflow/example_dags/example_branch_day_of_week_operator.py
[2026-02-21T17:11:43.718+0000] {logging_mixin.py:190} INFO - [2026-02-21T17:11:43.717+0000] {dag.py:3239} INFO - Sync 1 DAGs
[2026-02-21T17:11:43.747+0000] {logging_mixin.py:190} INFO - [2026-02-21T17:11:43.747+0000] {dag.py:4180} INFO - Setting next_dagrun for example_weekday_branch_operator to 2026-02-20 00:00:00+00:00, run_after=2026-02-21 00:00:00+00:00
[2026-02-21T17:11:43.774+0000] {processor.py:208} INFO - Processing /home/airflow/.local/lib/python3.12/site-packages/airflow/example_dags/example_branch_day_of_week_operator.py took 0.111 seconds
[2026-02-21T17:12:14.807+0000] {processor.py:186} INFO - Started process (PID=1437) to work on /home/airflow/.local/lib/python3.12/site-packages/airflow/example_dags/example_branch_day_of_week_operator.py
[2026-02-21T17:12:14.813+0000] {processor.py:914} INFO - Processing file /home/airflow/.local/lib/python3.12/site-packages/airflow/example_dags/example_branch_day_of_week_operator.py for tasks to queue
[2026-02-21T17:12:14.824+0000] {logging_mixin.py:190} INFO - [2026-02-21T17:12:14.823+0000] {dagbag.py:588} INFO - Filling up the DagBag from /home/airflow/.local/lib/python3.12/site-packages/airflow/example_dags/example_branch_day_of_week_operator.py
[2026-02-21T17:12:14.868+0000] {processor.py:925} INFO - DAG(s) 'example_weekday_branch_operator' retrieved from /home/airflow/.local/lib/python3.12/site-packages/airflow/example_dags/example_branch_day_of_week_operator.py
[2026-02-21T17:12:14.955+0000] {logging_mixin.py:190} INFO - [2026-02-21T17:12:14.953+0000] {dag.py:3239} INFO - Sync 1 DAGs
[2026-02-21T17:12:15.063+0000] {logging_mixin.py:190} INFO - [2026-02-21T17:12:15.062+0000] {dag.py:4180} INFO - Setting next_dagrun for example_weekday_branch_operator to 2026-02-20 00:00:00+00:00, run_after=2026-02-21 00:00:00+00:00
[2026-02-21T17:12:15.154+0000] {processor.py:208} INFO - Processing /home/airflow/.local/lib/python3.12/site-packages/airflow/example_dags/example_branch_day_of_week_operator.py took 0.370 seconds
[2026-02-21T17:12:45.928+0000] {processor.py:186} INFO - Started process (PID=1503) to work on /home/airflow/.local/lib/python3.12/site-packages/airflow/example_dags/example_branch_day_of_week_operator.py
[2026-02-21T17:12:45.929+0000] {processor.py:914} INFO - Processing file /home/airflow/.local/lib/python3.12/site-packages/airflow/example_dags/example_branch_day_of_week_operator.py for tasks to queue
[2026-02-21T17:12:45.931+0000] {logging_mixin.py:190} INFO - [2026-02-21T17:12:45.931+0000] {dagbag.py:588} INFO - Filling up the DagBag from /home/airflow/.local/lib/python3.12/site-packages/airflow/example_dags/example_branch_day_of_week_operator.py
[2026-02-21T17:12:45.942+0000] {processor.py:925} INFO - DAG(s) 'example_weekday_branch_operator' retrieved from /home/airflow/.local/lib/python3.12/site-packages/airflow/example_dags/example_branch_day_of_week_operator.py
[2026-02-21T17:12:45.970+0000] {logging_mixin.py:190} INFO - [2026-02-21T17:12:45.970+0000] {dag.py:3239} INFO - Sync 1 DAGs
[2026-02-21T17:12:46.002+0000] {logging_mixin.py:190} INFO - [2026-02-21T17:12:46.002+0000] {dag.py:4180} INFO - Setting next_dagrun for example_weekday_branch_operator to 2026-02-20 00:00:00+00:00, run_after=2026-02-21 00:00:00+00:00
[2026-02-21T17:12:46.026+0000] {processor.py:208} INFO - Processing /home/airflow/.local/lib/python3.12/site-packages/airflow/example_dags/example_branch_day_of_week_operator.py took 0.104 seconds
[2026-02-21T17:13:16.348+0000] {processor.py:186} INFO - Started process (PID=1562) to work on /home/airflow/.local/lib/python3.12/site-packages/airflow/example_dags/example_branch_day_of_week_operator.py
[2026-02-21T17:13:16.350+0000] {processor.py:914} INFO - Processing file /home/airflow/.local/lib/python3.12/site-packages/airflow/example_dags/example_branch_day_of_week_operator.py for tasks to queue
[2026-02-21T17:13:16.356+0000] {logging_mixin.py:190} INFO - [2026-02-21T17:13:16.356+0000] {dagbag.py:588} INFO - Filling up the DagBag from /home/airflow/.local/lib/python3.12/site-packages/airflow/example_dags/example_branch_day_of_week_operator.py
[2026-02-21T17:13:16.380+0000] {processor.py:925} INFO - DAG(s) 'example_weekday_branch_operator' retrieved from /home/airflow/.local/lib/python3.12/site-packages/airflow/example_dags/example_branch_day_of_week_operator.py
[2026-02-21T17:13:16.420+0000] {logging_mixin.py:190} INFO - [2026-02-21T17:13:16.420+0000] {dag.py:3239} INFO - Sync 1 DAGs
[2026-02-21T17:13:16.450+0000] {logging_mixin.py:190} INFO - [2026-02-21T17:13:16.449+0000] {dag.py:4180} INFO - Setting next_dagrun for example_weekday_branch_operator to 2026-02-20 00:00:00+00:00, run_after=2026-02-21 00:00:00+00:00
[2026-02-21T17:13:16.480+0000] {processor.py:208} INFO - Processing /home/airflow/.local/lib/python3.12/site-packages/airflow/example_dags/example_branch_day_of_week_operator.py took 0.141 seconds
[2026-02-21T19:41:12.987+0000] {processor.py:186} INFO - Started process (PID=1626) to work on /home/airflow/.local/lib/python3.12/site-packages/airflow/example_dags/example_branch_day_of_week_operator.py
[2026-02-21T19:41:12.992+0000] {processor.py:914} INFO - Processing file /home/airflow/.local/lib/python3.12/site-packages/airflow/example_dags/example_branch_day_of_week_operator.py for tasks to queue
[2026-02-21T19:41:12.995+0000] {logging_mixin.py:190} INFO - [2026-02-21T19:41:12.994+0000] {dagbag.py:588} INFO - Filling up the DagBag from /home/airflow/.local/lib/python3.12/site-packages/airflow/example_dags/example_branch_day_of_week_operator.py
[2026-02-21T19:41:13.024+0000] {processor.py:925} INFO - DAG(s) 'example_weekday_branch_operator' retrieved from /home/airflow/.local/lib/python3.12/site-packages/airflow/example_dags/example_branch_day_of_week_operator.py
[2026-02-21T19:41:13.087+0000] {logging_mixin.py:190} INFO - [2026-02-21T19:41:13.086+0000] {dag.py:3239} INFO - Sync 1 DAGs
[2026-02-21T19:41:13.143+0000] {logging_mixin.py:190} INFO - [2026-02-21T19:41:13.143+0000] {dag.py:4180} INFO - Setting next_dagrun for example_weekday_branch_operator to 2026-02-20 00:00:00+00:00, run_after=2026-02-21 00:00:00+00:00
[2026-02-21T19:41:13.190+0000] {processor.py:208} INFO - Processing /home/airflow/.local/lib/python3.12/site-packages/airflow/example_dags/example_branch_day_of_week_operator.py took 0.216 seconds
[2026-02-21T19:41:44.791+0000] {processor.py:186} INFO - Started process (PID=2283) to work on /home/airflow/.local/lib/python3.12/site-packages/airflow/example_dags/example_branch_day_of_week_operator.py
[2026-02-21T19:41:44.804+0000] {processor.py:914} INFO - Processing file /home/airflow/.local/lib/python3.12/site-packages/airflow/example_dags/example_branch_day_of_week_operator.py for tasks to queue
[2026-02-21T19:41:44.812+0000] {logging_mixin.py:190} INFO - [2026-02-21T19:41:44.810+0000] {dagbag.py:588} INFO - Filling up the DagBag from /home/airflow/.local/lib/python3.12/site-packages/airflow/example_dags/example_branch_day_of_week_operator.py
[2026-02-21T19:41:44.879+0000] {processor.py:925} INFO - DAG(s) 'example_weekday_branch_operator' retrieved from /home/airflow/.local/lib/python3.12/site-packages/airflow/example_dags/example_branch_day_of_week_operator.py
[2026-02-21T19:41:44.972+0000] {logging_mixin.py:190} INFO - [2026-02-21T19:41:44.971+0000] {dag.py:3239} INFO - Sync 1 DAGs
[2026-02-21T19:41:45.106+0000] {logging_mixin.py:190} INFO - [2026-02-21T19:41:45.104+0000] {dag.py:4180} INFO - Setting next_dagrun for example_weekday_branch_operator to 2026-02-20 00:00:00+00:00, run_after=2026-02-21 00:00:00+00:00
[2026-02-21T19:41:45.196+0000] {processor.py:208} INFO - Processing /home/airflow/.local/lib/python3.12/site-packages/airflow/example_dags/example_branch_day_of_week_operator.py took 0.459 seconds
[2026-02-21T20:16:53.567+0000] {processor.py:186} INFO - Started process (PID=2351) to work on /home/airflow/.local/lib/python3.12/site-packages/airflow/example_dags/example_branch_day_of_week_operator.py
[2026-02-21T20:16:53.575+0000] {processor.py:914} INFO - Processing file /home/airflow/.local/lib/python3.12/site-packages/airflow/example_dags/example_branch_day_of_week_operator.py for tasks to queue
[2026-02-21T20:16:53.587+0000] {logging_mixin.py:190} INFO - [2026-02-21T20:16:53.586+0000] {dagbag.py:588} INFO - Filling up the DagBag from /home/airflow/.local/lib/python3.12/site-packages/airflow/example_dags/example_branch_day_of_week_operator.py
[2026-02-21T20:16:53.673+0000] {processor.py:925} INFO - DAG(s) 'example_weekday_branch_operator' retrieved from /home/airflow/.local/lib/python3.12/site-packages/airflow/example_dags/example_branch_day_of_week_operator.py
[2026-02-21T20:16:53.821+0000] {logging_mixin.py:190} INFO - [2026-02-21T20:16:53.819+0000] {dag.py:3239} INFO - Sync 1 DAGs
[2026-02-21T20:16:53.999+0000] {logging_mixin.py:190} INFO - [2026-02-21T20:16:53.997+0000] {dag.py:4180} INFO - Setting next_dagrun for example_weekday_branch_operator to 2026-02-20 00:00:00+00:00, run_after=2026-02-21 00:00:00+00:00
[2026-02-21T20:16:54.102+0000] {processor.py:208} INFO - Processing /home/airflow/.local/lib/python3.12/site-packages/airflow/example_dags/example_branch_day_of_week_operator.py took 0.575 seconds
[2026-02-21T20:59:05.550+0000] {processor.py:186} INFO - Started process (PID=2383) to work on /home/airflow/.local/lib/python3.12/site-packages/airflow/example_dags/example_branch_day_of_week_operator.py
[2026-02-21T20:59:05.581+0000] {processor.py:914} INFO - Processing file /home/airflow/.local/lib/python3.12/site-packages/airflow/example_dags/example_branch_day_of_week_operator.py for tasks to queue
[2026-02-21T20:59:05.653+0000] {logging_mixin.py:190} INFO - [2026-02-21T20:59:05.636+0000] {dagbag.py:588} INFO - Filling up the DagBag from /home/airflow/.local/lib/python3.12/site-packages/airflow/example_dags/example_branch_day_of_week_operator.py
[2026-02-21T20:59:06.052+0000] {processor.py:925} INFO - DAG(s) 'example_weekday_branch_operator' retrieved from /home/airflow/.local/lib/python3.12/site-packages/airflow/example_dags/example_branch_day_of_week_operator.py
[2026-02-21T20:59:07.113+0000] {logging_mixin.py:190} INFO - [2026-02-21T20:59:07.110+0000] {dag.py:3239} INFO - Sync 1 DAGs
[2026-02-21T20:59:07.625+0000] {logging_mixin.py:190} INFO - [2026-02-21T20:59:07.622+0000] {dag.py:4180} INFO - Setting next_dagrun for example_weekday_branch_operator to 2026-02-20 00:00:00+00:00, run_after=2026-02-21 00:00:00+00:00
[2026-02-21T20:59:08.029+0000] {processor.py:208} INFO - Processing /home/airflow/.local/lib/python3.12/site-packages/airflow/example_dags/example_branch_day_of_week_operator.py took 2.647 seconds
[2026-02-21T21:00:18.137+0000] {processor.py:186} INFO - Started process (PID=2454) to work on /home/airflow/.local/lib/python3.12/site-packages/airflow/example_dags/example_branch_day_of_week_operator.py
[2026-02-21T21:00:18.146+0000] {processor.py:914} INFO - Processing file /home/airflow/.local/lib/python3.12/site-packages/airflow/example_dags/example_branch_day_of_week_operator.py for tasks to queue
[2026-02-21T21:00:18.189+0000] {logging_mixin.py:190} INFO - [2026-02-21T21:00:18.185+0000] {dagbag.py:588} INFO - Filling up the DagBag from /home/airflow/.local/lib/python3.12/site-packages/airflow/example_dags/example_branch_day_of_week_operator.py
[2026-02-21T21:00:18.248+0000] {processor.py:925} INFO - DAG(s) 'example_weekday_branch_operator' retrieved from /home/airflow/.local/lib/python3.12/site-packages/airflow/example_dags/example_branch_day_of_week_operator.py
[2026-02-21T21:00:18.398+0000] {logging_mixin.py:190} INFO - [2026-02-21T21:00:18.397+0000] {dag.py:3239} INFO - Sync 1 DAGs
[2026-02-21T21:00:18.582+0000] {logging_mixin.py:190} INFO - [2026-02-21T21:00:18.581+0000] {dag.py:4180} INFO - Setting next_dagrun for example_weekday_branch_operator to 2026-02-20 00:00:00+00:00, run_after=2026-02-21 00:00:00+00:00
[2026-02-21T21:00:18.733+0000] {processor.py:208} INFO - Processing /home/airflow/.local/lib/python3.12/site-packages/airflow/example_dags/example_branch_day_of_week_operator.py took 0.620 seconds
[2026-02-21T21:01:10.983+0000] {processor.py:186} INFO - Started process (PID=2524) to work on /home/airflow/.local/lib/python3.12/site-packages/airflow/example_dags/example_branch_day_of_week_operator.py
[2026-02-21T21:01:10.992+0000] {processor.py:914} INFO - Processing file /home/airflow/.local/lib/python3.12/site-packages/airflow/example_dags/example_branch_day_of_week_operator.py for tasks to queue
[2026-02-21T21:01:11.042+0000] {logging_mixin.py:190} INFO - [2026-02-21T21:01:11.028+0000] {dagbag.py:588} INFO - Filling up the DagBag from /home/airflow/.local/lib/python3.12/site-packages/airflow/example_dags/example_branch_day_of_week_operator.py
[2026-02-21T21:01:11.273+0000] {processor.py:925} INFO - DAG(s) 'example_weekday_branch_operator' retrieved from /home/airflow/.local/lib/python3.12/site-packages/airflow/example_dags/example_branch_day_of_week_operator.py
[2026-02-21T21:01:11.477+0000] {logging_mixin.py:190} INFO - [2026-02-21T21:01:11.476+0000] {dag.py:3239} INFO - Sync 1 DAGs
[2026-02-21T21:01:11.800+0000] {logging_mixin.py:190} INFO - [2026-02-21T21:01:11.798+0000] {dag.py:4180} INFO - Setting next_dagrun for example_weekday_branch_operator to 2026-02-20 00:00:00+00:00, run_after=2026-02-21 00:00:00+00:00
[2026-02-21T21:01:12.113+0000] {processor.py:208} INFO - Processing /home/airflow/.local/lib/python3.12/site-packages/airflow/example_dags/example_branch_day_of_week_operator.py took 1.164 seconds
[2026-02-21T21:09:22.546+0000] {processor.py:186} INFO - Started process (PID=2554) to work on /home/airflow/.local/lib/python3.12/site-packages/airflow/example_dags/example_branch_day_of_week_operator.py
[2026-02-21T21:09:22.574+0000] {processor.py:914} INFO - Processing file /home/airflow/.local/lib/python3.12/site-packages/airflow/example_dags/example_branch_day_of_week_operator.py for tasks to queue
[2026-02-21T21:09:22.598+0000] {logging_mixin.py:190} INFO - [2026-02-21T21:09:22.596+0000] {dagbag.py:588} INFO - Filling up the DagBag from /home/airflow/.local/lib/python3.12/site-packages/airflow/example_dags/example_branch_day_of_week_operator.py
[2026-02-21T21:09:22.781+0000] {processor.py:925} INFO - DAG(s) 'example_weekday_branch_operator' retrieved from /home/airflow/.local/lib/python3.12/site-packages/airflow/example_dags/example_branch_day_of_week_operator.py
[2026-02-21T21:09:23.108+0000] {logging_mixin.py:190} INFO - [2026-02-21T21:09:23.101+0000] {dag.py:3239} INFO - Sync 1 DAGs
[2026-02-21T21:09:23.515+0000] {logging_mixin.py:190} INFO - [2026-02-21T21:09:23.514+0000] {dag.py:4180} INFO - Setting next_dagrun for example_weekday_branch_operator to 2026-02-20 00:00:00+00:00, run_after=2026-02-21 00:00:00+00:00
[2026-02-21T21:09:23.817+0000] {processor.py:208} INFO - Processing /home/airflow/.local/lib/python3.12/site-packages/airflow/example_dags/example_branch_day_of_week_operator.py took 1.363 seconds
[2026-02-21T21:34:07.039+0000] {processor.py:186} INFO - Started process (PID=2601) to work on /home/airflow/.local/lib/python3.12/site-packages/airflow/example_dags/example_branch_day_of_week_operator.py
[2026-02-21T21:34:07.055+0000] {processor.py:914} INFO - Processing file /home/airflow/.local/lib/python3.12/site-packages/airflow/example_dags/example_branch_day_of_week_operator.py for tasks to queue
[2026-02-21T21:34:07.081+0000] {logging_mixin.py:190} INFO - [2026-02-21T21:34:07.073+0000] {dagbag.py:588} INFO - Filling up the DagBag from /home/airflow/.local/lib/python3.12/site-packages/airflow/example_dags/example_branch_day_of_week_operator.py
[2026-02-21T21:34:07.247+0000] {processor.py:925} INFO - DAG(s) 'example_weekday_branch_operator' retrieved from /home/airflow/.local/lib/python3.12/site-packages/airflow/example_dags/example_branch_day_of_week_operator.py
[2026-02-21T21:34:08.801+0000] {logging_mixin.py:190} INFO - [2026-02-21T21:34:08.787+0000] {dag.py:3239} INFO - Sync 1 DAGs
[2026-02-21T21:34:09.024+0000] {logging_mixin.py:190} INFO - [2026-02-21T21:34:09.022+0000] {dag.py:4180} INFO - Setting next_dagrun for example_weekday_branch_operator to 2026-02-20 00:00:00+00:00, run_after=2026-02-21 00:00:00+00:00
[2026-02-21T21:34:09.218+0000] {processor.py:208} INFO - Processing /home/airflow/.local/lib/python3.12/site-packages/airflow/example_dags/example_branch_day_of_week_operator.py took 2.235 seconds
[2026-02-21T21:35:42.786+0000] {processor.py:186} INFO - Started process (PID=2669) to work on /home/airflow/.local/lib/python3.12/site-packages/airflow/example_dags/example_branch_day_of_week_operator.py
[2026-02-21T21:35:42.801+0000] {processor.py:914} INFO - Processing file /home/airflow/.local/lib/python3.12/site-packages/airflow/example_dags/example_branch_day_of_week_operator.py for tasks to queue
[2026-02-21T21:35:42.845+0000] {logging_mixin.py:190} INFO - [2026-02-21T21:35:42.832+0000] {dagbag.py:588} INFO - Filling up the DagBag from /home/airflow/.local/lib/python3.12/site-packages/airflow/example_dags/example_branch_day_of_week_operator.py
[2026-02-21T21:35:43.005+0000] {processor.py:925} INFO - DAG(s) 'example_weekday_branch_operator' retrieved from /home/airflow/.local/lib/python3.12/site-packages/airflow/example_dags/example_branch_day_of_week_operator.py
[2026-02-21T21:35:43.292+0000] {logging_mixin.py:190} INFO - [2026-02-21T21:35:43.290+0000] {dag.py:3239} INFO - Sync 1 DAGs
[2026-02-21T21:35:43.597+0000] {logging_mixin.py:190} INFO - [2026-02-21T21:35:43.588+0000] {dag.py:4180} INFO - Setting next_dagrun for example_weekday_branch_operator to 2026-02-20 00:00:00+00:00, run_after=2026-02-21 00:00:00+00:00
[2026-02-21T21:35:43.782+0000] {processor.py:208} INFO - Processing /home/airflow/.local/lib/python3.12/site-packages/airflow/example_dags/example_branch_day_of_week_operator.py took 1.082 seconds
