[2026-02-21T10:25:01.010+0000] {processor.py:186} INFO - Started process (PID=77) to work on /home/airflow/.local/lib/python3.12/site-packages/airflow/example_dags/example_bash_decorator.py
[2026-02-21T10:25:01.019+0000] {processor.py:914} INFO - Processing file /home/airflow/.local/lib/python3.12/site-packages/airflow/example_dags/example_bash_decorator.py for tasks to queue
[2026-02-21T10:25:01.068+0000] {logging_mixin.py:190} INFO - [2026-02-21T10:25:01.064+0000] {dagbag.py:588} INFO - Filling up the DagBag from /home/airflow/.local/lib/python3.12/site-packages/airflow/example_dags/example_bash_decorator.py
[2026-02-21T10:25:01.324+0000] {processor.py:925} INFO - DAG(s) 'example_bash_decorator' retrieved from /home/airflow/.local/lib/python3.12/site-packages/airflow/example_dags/example_bash_decorator.py
[2026-02-21T10:25:02.897+0000] {logging_mixin.py:190} INFO - [2026-02-21T10:25:02.895+0000] {dag.py:3239} INFO - Sync 1 DAGs
[2026-02-21T10:25:03.029+0000] {logging_mixin.py:190} INFO - [2026-02-21T10:25:03.028+0000] {dag.py:4180} INFO - Setting next_dagrun for example_bash_decorator to None, run_after=None
[2026-02-21T10:25:03.226+0000] {processor.py:208} INFO - Processing /home/airflow/.local/lib/python3.12/site-packages/airflow/example_dags/example_bash_decorator.py took 2.310 seconds
[2026-02-21T12:32:58.765+0000] {processor.py:186} INFO - Started process (PID=81) to work on /home/airflow/.local/lib/python3.12/site-packages/airflow/example_dags/example_bash_decorator.py
[2026-02-21T12:32:58.776+0000] {processor.py:914} INFO - Processing file /home/airflow/.local/lib/python3.12/site-packages/airflow/example_dags/example_bash_decorator.py for tasks to queue
[2026-02-21T12:32:58.789+0000] {logging_mixin.py:190} INFO - [2026-02-21T12:32:58.786+0000] {dagbag.py:588} INFO - Filling up the DagBag from /home/airflow/.local/lib/python3.12/site-packages/airflow/example_dags/example_bash_decorator.py
[2026-02-21T12:32:58.887+0000] {processor.py:925} INFO - DAG(s) 'example_bash_decorator' retrieved from /home/airflow/.local/lib/python3.12/site-packages/airflow/example_dags/example_bash_decorator.py
[2026-02-21T12:33:01.078+0000] {logging_mixin.py:190} INFO - [2026-02-21T12:33:01.076+0000] {process_utils.py:266} INFO - Waiting up to 5 seconds for processes to exit...
[2026-02-21T12:34:13.713+0000] {processor.py:186} INFO - Started process (PID=65) to work on /home/airflow/.local/lib/python3.12/site-packages/airflow/example_dags/example_bash_decorator.py
[2026-02-21T12:34:13.716+0000] {processor.py:914} INFO - Processing file /home/airflow/.local/lib/python3.12/site-packages/airflow/example_dags/example_bash_decorator.py for tasks to queue
[2026-02-21T12:34:13.723+0000] {logging_mixin.py:190} INFO - [2026-02-21T12:34:13.722+0000] {dagbag.py:588} INFO - Filling up the DagBag from /home/airflow/.local/lib/python3.12/site-packages/airflow/example_dags/example_bash_decorator.py
[2026-02-21T12:34:13.761+0000] {processor.py:925} INFO - DAG(s) 'example_bash_decorator' retrieved from /home/airflow/.local/lib/python3.12/site-packages/airflow/example_dags/example_bash_decorator.py
[2026-02-21T12:34:14.138+0000] {logging_mixin.py:190} INFO - [2026-02-21T12:34:14.137+0000] {dag.py:3239} INFO - Sync 1 DAGs
[2026-02-21T12:34:14.179+0000] {logging_mixin.py:190} INFO - [2026-02-21T12:34:14.178+0000] {dag.py:4180} INFO - Setting next_dagrun for example_bash_decorator to None, run_after=None
[2026-02-21T12:34:14.248+0000] {processor.py:208} INFO - Processing /home/airflow/.local/lib/python3.12/site-packages/airflow/example_dags/example_bash_decorator.py took 0.548 seconds
[2026-02-21T12:34:44.645+0000] {processor.py:186} INFO - Started process (PID=130) to work on /home/airflow/.local/lib/python3.12/site-packages/airflow/example_dags/example_bash_decorator.py
[2026-02-21T12:34:44.648+0000] {processor.py:914} INFO - Processing file /home/airflow/.local/lib/python3.12/site-packages/airflow/example_dags/example_bash_decorator.py for tasks to queue
[2026-02-21T12:34:44.657+0000] {logging_mixin.py:190} INFO - [2026-02-21T12:34:44.656+0000] {dagbag.py:588} INFO - Filling up the DagBag from /home/airflow/.local/lib/python3.12/site-packages/airflow/example_dags/example_bash_decorator.py
[2026-02-21T12:34:44.718+0000] {processor.py:925} INFO - DAG(s) 'example_bash_decorator' retrieved from /home/airflow/.local/lib/python3.12/site-packages/airflow/example_dags/example_bash_decorator.py
[2026-02-21T12:34:44.810+0000] {logging_mixin.py:190} INFO - [2026-02-21T12:34:44.808+0000] {dag.py:3239} INFO - Sync 1 DAGs
[2026-02-21T12:34:44.860+0000] {logging_mixin.py:190} INFO - [2026-02-21T12:34:44.859+0000] {dag.py:4180} INFO - Setting next_dagrun for example_bash_decorator to None, run_after=None
[2026-02-21T12:34:44.938+0000] {processor.py:208} INFO - Processing /home/airflow/.local/lib/python3.12/site-packages/airflow/example_dags/example_bash_decorator.py took 0.313 seconds
[2026-02-21T12:35:15.416+0000] {processor.py:186} INFO - Started process (PID=195) to work on /home/airflow/.local/lib/python3.12/site-packages/airflow/example_dags/example_bash_decorator.py
[2026-02-21T12:35:15.419+0000] {processor.py:914} INFO - Processing file /home/airflow/.local/lib/python3.12/site-packages/airflow/example_dags/example_bash_decorator.py for tasks to queue
[2026-02-21T12:35:15.427+0000] {logging_mixin.py:190} INFO - [2026-02-21T12:35:15.426+0000] {dagbag.py:588} INFO - Filling up the DagBag from /home/airflow/.local/lib/python3.12/site-packages/airflow/example_dags/example_bash_decorator.py
[2026-02-21T12:35:15.478+0000] {processor.py:925} INFO - DAG(s) 'example_bash_decorator' retrieved from /home/airflow/.local/lib/python3.12/site-packages/airflow/example_dags/example_bash_decorator.py
[2026-02-21T12:35:15.553+0000] {logging_mixin.py:190} INFO - [2026-02-21T12:35:15.552+0000] {dag.py:3239} INFO - Sync 1 DAGs
[2026-02-21T12:35:15.602+0000] {logging_mixin.py:190} INFO - [2026-02-21T12:35:15.602+0000] {dag.py:4180} INFO - Setting next_dagrun for example_bash_decorator to None, run_after=None
[2026-02-21T12:35:15.664+0000] {processor.py:208} INFO - Processing /home/airflow/.local/lib/python3.12/site-packages/airflow/example_dags/example_bash_decorator.py took 0.266 seconds
[2026-02-21T12:35:45.806+0000] {processor.py:186} INFO - Started process (PID=260) to work on /home/airflow/.local/lib/python3.12/site-packages/airflow/example_dags/example_bash_decorator.py
[2026-02-21T12:35:45.808+0000] {processor.py:914} INFO - Processing file /home/airflow/.local/lib/python3.12/site-packages/airflow/example_dags/example_bash_decorator.py for tasks to queue
[2026-02-21T12:35:45.813+0000] {logging_mixin.py:190} INFO - [2026-02-21T12:35:45.812+0000] {dagbag.py:588} INFO - Filling up the DagBag from /home/airflow/.local/lib/python3.12/site-packages/airflow/example_dags/example_bash_decorator.py
[2026-02-21T12:35:45.839+0000] {processor.py:925} INFO - DAG(s) 'example_bash_decorator' retrieved from /home/airflow/.local/lib/python3.12/site-packages/airflow/example_dags/example_bash_decorator.py
[2026-02-21T12:35:45.889+0000] {logging_mixin.py:190} INFO - [2026-02-21T12:35:45.888+0000] {dag.py:3239} INFO - Sync 1 DAGs
[2026-02-21T12:35:45.916+0000] {logging_mixin.py:190} INFO - [2026-02-21T12:35:45.916+0000] {dag.py:4180} INFO - Setting next_dagrun for example_bash_decorator to None, run_after=None
[2026-02-21T12:35:45.955+0000] {processor.py:208} INFO - Processing /home/airflow/.local/lib/python3.12/site-packages/airflow/example_dags/example_bash_decorator.py took 0.159 seconds
[2026-02-21T12:36:23.241+0000] {processor.py:186} INFO - Started process (PID=326) to work on /home/airflow/.local/lib/python3.12/site-packages/airflow/example_dags/example_bash_decorator.py
[2026-02-21T12:36:23.251+0000] {processor.py:914} INFO - Processing file /home/airflow/.local/lib/python3.12/site-packages/airflow/example_dags/example_bash_decorator.py for tasks to queue
[2026-02-21T12:36:23.267+0000] {logging_mixin.py:190} INFO - [2026-02-21T12:36:23.266+0000] {dagbag.py:588} INFO - Filling up the DagBag from /home/airflow/.local/lib/python3.12/site-packages/airflow/example_dags/example_bash_decorator.py
[2026-02-21T12:36:23.369+0000] {processor.py:925} INFO - DAG(s) 'example_bash_decorator' retrieved from /home/airflow/.local/lib/python3.12/site-packages/airflow/example_dags/example_bash_decorator.py
[2026-02-21T12:36:23.553+0000] {logging_mixin.py:190} INFO - [2026-02-21T12:36:23.551+0000] {dag.py:3239} INFO - Sync 1 DAGs
[2026-02-21T12:36:23.678+0000] {logging_mixin.py:190} INFO - [2026-02-21T12:36:23.677+0000] {dag.py:4180} INFO - Setting next_dagrun for example_bash_decorator to None, run_after=None
[2026-02-21T12:36:23.796+0000] {processor.py:208} INFO - Processing /home/airflow/.local/lib/python3.12/site-packages/airflow/example_dags/example_bash_decorator.py took 0.593 seconds
[2026-02-21T12:37:02.380+0000] {processor.py:186} INFO - Started process (PID=396) to work on /home/airflow/.local/lib/python3.12/site-packages/airflow/example_dags/example_bash_decorator.py
[2026-02-21T12:37:02.384+0000] {processor.py:914} INFO - Processing file /home/airflow/.local/lib/python3.12/site-packages/airflow/example_dags/example_bash_decorator.py for tasks to queue
[2026-02-21T12:37:02.396+0000] {logging_mixin.py:190} INFO - [2026-02-21T12:37:02.394+0000] {dagbag.py:588} INFO - Filling up the DagBag from /home/airflow/.local/lib/python3.12/site-packages/airflow/example_dags/example_bash_decorator.py
[2026-02-21T12:37:02.477+0000] {processor.py:925} INFO - DAG(s) 'example_bash_decorator' retrieved from /home/airflow/.local/lib/python3.12/site-packages/airflow/example_dags/example_bash_decorator.py
[2026-02-21T12:37:02.617+0000] {logging_mixin.py:190} INFO - [2026-02-21T12:37:02.616+0000] {dag.py:3239} INFO - Sync 1 DAGs
[2026-02-21T12:37:02.713+0000] {logging_mixin.py:190} INFO - [2026-02-21T12:37:02.712+0000] {dag.py:4180} INFO - Setting next_dagrun for example_bash_decorator to None, run_after=None
[2026-02-21T12:37:02.837+0000] {processor.py:208} INFO - Processing /home/airflow/.local/lib/python3.12/site-packages/airflow/example_dags/example_bash_decorator.py took 0.483 seconds
[2026-02-21T12:37:34.070+0000] {processor.py:186} INFO - Started process (PID=461) to work on /home/airflow/.local/lib/python3.12/site-packages/airflow/example_dags/example_bash_decorator.py
[2026-02-21T12:37:34.073+0000] {processor.py:914} INFO - Processing file /home/airflow/.local/lib/python3.12/site-packages/airflow/example_dags/example_bash_decorator.py for tasks to queue
[2026-02-21T12:37:34.082+0000] {logging_mixin.py:190} INFO - [2026-02-21T12:37:34.081+0000] {dagbag.py:588} INFO - Filling up the DagBag from /home/airflow/.local/lib/python3.12/site-packages/airflow/example_dags/example_bash_decorator.py
[2026-02-21T12:37:34.151+0000] {processor.py:925} INFO - DAG(s) 'example_bash_decorator' retrieved from /home/airflow/.local/lib/python3.12/site-packages/airflow/example_dags/example_bash_decorator.py
[2026-02-21T12:37:34.262+0000] {logging_mixin.py:190} INFO - [2026-02-21T12:37:34.261+0000] {dag.py:3239} INFO - Sync 1 DAGs
[2026-02-21T12:37:34.338+0000] {logging_mixin.py:190} INFO - [2026-02-21T12:37:34.337+0000] {dag.py:4180} INFO - Setting next_dagrun for example_bash_decorator to None, run_after=None
[2026-02-21T12:37:34.424+0000] {processor.py:208} INFO - Processing /home/airflow/.local/lib/python3.12/site-packages/airflow/example_dags/example_bash_decorator.py took 0.376 seconds
[2026-02-21T12:38:05.138+0000] {processor.py:186} INFO - Started process (PID=520) to work on /home/airflow/.local/lib/python3.12/site-packages/airflow/example_dags/example_bash_decorator.py
[2026-02-21T12:38:05.141+0000] {processor.py:914} INFO - Processing file /home/airflow/.local/lib/python3.12/site-packages/airflow/example_dags/example_bash_decorator.py for tasks to queue
[2026-02-21T12:38:05.148+0000] {logging_mixin.py:190} INFO - [2026-02-21T12:38:05.147+0000] {dagbag.py:588} INFO - Filling up the DagBag from /home/airflow/.local/lib/python3.12/site-packages/airflow/example_dags/example_bash_decorator.py
[2026-02-21T12:38:05.197+0000] {processor.py:925} INFO - DAG(s) 'example_bash_decorator' retrieved from /home/airflow/.local/lib/python3.12/site-packages/airflow/example_dags/example_bash_decorator.py
[2026-02-21T12:38:05.271+0000] {logging_mixin.py:190} INFO - [2026-02-21T12:38:05.270+0000] {dag.py:3239} INFO - Sync 1 DAGs
[2026-02-21T12:38:05.319+0000] {logging_mixin.py:190} INFO - [2026-02-21T12:38:05.318+0000] {dag.py:4180} INFO - Setting next_dagrun for example_bash_decorator to None, run_after=None
[2026-02-21T12:38:05.394+0000] {processor.py:208} INFO - Processing /home/airflow/.local/lib/python3.12/site-packages/airflow/example_dags/example_bash_decorator.py took 0.276 seconds
[2026-02-21T12:38:36.334+0000] {processor.py:186} INFO - Started process (PID=583) to work on /home/airflow/.local/lib/python3.12/site-packages/airflow/example_dags/example_bash_decorator.py
[2026-02-21T12:38:36.337+0000] {processor.py:914} INFO - Processing file /home/airflow/.local/lib/python3.12/site-packages/airflow/example_dags/example_bash_decorator.py for tasks to queue
[2026-02-21T12:38:36.343+0000] {logging_mixin.py:190} INFO - [2026-02-21T12:38:36.343+0000] {dagbag.py:588} INFO - Filling up the DagBag from /home/airflow/.local/lib/python3.12/site-packages/airflow/example_dags/example_bash_decorator.py
[2026-02-21T12:38:36.387+0000] {processor.py:925} INFO - DAG(s) 'example_bash_decorator' retrieved from /home/airflow/.local/lib/python3.12/site-packages/airflow/example_dags/example_bash_decorator.py
[2026-02-21T12:38:36.445+0000] {logging_mixin.py:190} INFO - [2026-02-21T12:38:36.444+0000] {dag.py:3239} INFO - Sync 1 DAGs
[2026-02-21T12:38:36.483+0000] {logging_mixin.py:190} INFO - [2026-02-21T12:38:36.482+0000] {dag.py:4180} INFO - Setting next_dagrun for example_bash_decorator to None, run_after=None
[2026-02-21T12:38:36.530+0000] {processor.py:208} INFO - Processing /home/airflow/.local/lib/python3.12/site-packages/airflow/example_dags/example_bash_decorator.py took 0.210 seconds
[2026-02-21T12:39:12.254+0000] {processor.py:186} INFO - Started process (PID=648) to work on /home/airflow/.local/lib/python3.12/site-packages/airflow/example_dags/example_bash_decorator.py
[2026-02-21T12:39:12.258+0000] {processor.py:914} INFO - Processing file /home/airflow/.local/lib/python3.12/site-packages/airflow/example_dags/example_bash_decorator.py for tasks to queue
[2026-02-21T12:39:12.270+0000] {logging_mixin.py:190} INFO - [2026-02-21T12:39:12.268+0000] {dagbag.py:588} INFO - Filling up the DagBag from /home/airflow/.local/lib/python3.12/site-packages/airflow/example_dags/example_bash_decorator.py
[2026-02-21T12:39:12.334+0000] {processor.py:925} INFO - DAG(s) 'example_bash_decorator' retrieved from /home/airflow/.local/lib/python3.12/site-packages/airflow/example_dags/example_bash_decorator.py
[2026-02-21T12:39:12.440+0000] {logging_mixin.py:190} INFO - [2026-02-21T12:39:12.438+0000] {dag.py:3239} INFO - Sync 1 DAGs
[2026-02-21T12:39:12.503+0000] {logging_mixin.py:190} INFO - [2026-02-21T12:39:12.502+0000] {dag.py:4180} INFO - Setting next_dagrun for example_bash_decorator to None, run_after=None
[2026-02-21T12:39:12.584+0000] {processor.py:208} INFO - Processing /home/airflow/.local/lib/python3.12/site-packages/airflow/example_dags/example_bash_decorator.py took 0.352 seconds
[2026-02-21T12:39:53.360+0000] {processor.py:186} INFO - Started process (PID=718) to work on /home/airflow/.local/lib/python3.12/site-packages/airflow/example_dags/example_bash_decorator.py
[2026-02-21T12:39:53.365+0000] {processor.py:914} INFO - Processing file /home/airflow/.local/lib/python3.12/site-packages/airflow/example_dags/example_bash_decorator.py for tasks to queue
[2026-02-21T12:39:53.386+0000] {logging_mixin.py:190} INFO - [2026-02-21T12:39:53.384+0000] {dagbag.py:588} INFO - Filling up the DagBag from /home/airflow/.local/lib/python3.12/site-packages/airflow/example_dags/example_bash_decorator.py
[2026-02-21T12:39:53.535+0000] {processor.py:925} INFO - DAG(s) 'example_bash_decorator' retrieved from /home/airflow/.local/lib/python3.12/site-packages/airflow/example_dags/example_bash_decorator.py
[2026-02-21T12:39:53.778+0000] {logging_mixin.py:190} INFO - [2026-02-21T12:39:53.777+0000] {dag.py:3239} INFO - Sync 1 DAGs
[2026-02-21T12:39:53.900+0000] {logging_mixin.py:190} INFO - [2026-02-21T12:39:53.898+0000] {dag.py:4180} INFO - Setting next_dagrun for example_bash_decorator to None, run_after=None
[2026-02-21T12:39:54.124+0000] {processor.py:208} INFO - Processing /home/airflow/.local/lib/python3.12/site-packages/airflow/example_dags/example_bash_decorator.py took 0.819 seconds
[2026-02-21T12:41:28.698+0000] {processor.py:186} INFO - Started process (PID=787) to work on /home/airflow/.local/lib/python3.12/site-packages/airflow/example_dags/example_bash_decorator.py
[2026-02-21T12:41:28.704+0000] {processor.py:914} INFO - Processing file /home/airflow/.local/lib/python3.12/site-packages/airflow/example_dags/example_bash_decorator.py for tasks to queue
[2026-02-21T12:41:28.711+0000] {logging_mixin.py:190} INFO - [2026-02-21T12:41:28.709+0000] {dagbag.py:588} INFO - Filling up the DagBag from /home/airflow/.local/lib/python3.12/site-packages/airflow/example_dags/example_bash_decorator.py
[2026-02-21T12:41:28.821+0000] {processor.py:925} INFO - DAG(s) 'example_bash_decorator' retrieved from /home/airflow/.local/lib/python3.12/site-packages/airflow/example_dags/example_bash_decorator.py
[2026-02-21T12:41:29.028+0000] {logging_mixin.py:190} INFO - [2026-02-21T12:41:29.027+0000] {dag.py:3239} INFO - Sync 1 DAGs
[2026-02-21T12:41:29.236+0000] {logging_mixin.py:190} INFO - [2026-02-21T12:41:29.235+0000] {dag.py:4180} INFO - Setting next_dagrun for example_bash_decorator to None, run_after=None
[2026-02-21T12:41:29.401+0000] {processor.py:208} INFO - Processing /home/airflow/.local/lib/python3.12/site-packages/airflow/example_dags/example_bash_decorator.py took 0.740 seconds
[2026-02-21T12:42:00.076+0000] {processor.py:186} INFO - Started process (PID=852) to work on /home/airflow/.local/lib/python3.12/site-packages/airflow/example_dags/example_bash_decorator.py
[2026-02-21T12:42:00.087+0000] {processor.py:914} INFO - Processing file /home/airflow/.local/lib/python3.12/site-packages/airflow/example_dags/example_bash_decorator.py for tasks to queue
[2026-02-21T12:42:00.103+0000] {logging_mixin.py:190} INFO - [2026-02-21T12:42:00.100+0000] {dagbag.py:588} INFO - Filling up the DagBag from /home/airflow/.local/lib/python3.12/site-packages/airflow/example_dags/example_bash_decorator.py
[2026-02-21T12:42:00.215+0000] {processor.py:925} INFO - DAG(s) 'example_bash_decorator' retrieved from /home/airflow/.local/lib/python3.12/site-packages/airflow/example_dags/example_bash_decorator.py
[2026-02-21T12:42:00.412+0000] {logging_mixin.py:190} INFO - [2026-02-21T12:42:00.411+0000] {dag.py:3239} INFO - Sync 1 DAGs
[2026-02-21T12:42:00.534+0000] {logging_mixin.py:190} INFO - [2026-02-21T12:42:00.533+0000] {dag.py:4180} INFO - Setting next_dagrun for example_bash_decorator to None, run_after=None
[2026-02-21T12:42:00.729+0000] {processor.py:208} INFO - Processing /home/airflow/.local/lib/python3.12/site-packages/airflow/example_dags/example_bash_decorator.py took 0.680 seconds
[2026-02-21T12:42:48.430+0000] {processor.py:186} INFO - Started process (PID=924) to work on /home/airflow/.local/lib/python3.12/site-packages/airflow/example_dags/example_bash_decorator.py
[2026-02-21T12:42:48.440+0000] {processor.py:914} INFO - Processing file /home/airflow/.local/lib/python3.12/site-packages/airflow/example_dags/example_bash_decorator.py for tasks to queue
[2026-02-21T12:42:48.459+0000] {logging_mixin.py:190} INFO - [2026-02-21T12:42:48.457+0000] {dagbag.py:588} INFO - Filling up the DagBag from /home/airflow/.local/lib/python3.12/site-packages/airflow/example_dags/example_bash_decorator.py
[2026-02-21T12:42:48.613+0000] {processor.py:925} INFO - DAG(s) 'example_bash_decorator' retrieved from /home/airflow/.local/lib/python3.12/site-packages/airflow/example_dags/example_bash_decorator.py
[2026-02-21T12:42:48.842+0000] {logging_mixin.py:190} INFO - [2026-02-21T12:42:48.840+0000] {dag.py:3239} INFO - Sync 1 DAGs
[2026-02-21T12:42:48.961+0000] {logging_mixin.py:190} INFO - [2026-02-21T12:42:48.960+0000] {dag.py:4180} INFO - Setting next_dagrun for example_bash_decorator to None, run_after=None
[2026-02-21T12:42:49.100+0000] {processor.py:208} INFO - Processing /home/airflow/.local/lib/python3.12/site-packages/airflow/example_dags/example_bash_decorator.py took 0.725 seconds
[2026-02-21T12:53:56.707+0000] {processor.py:186} INFO - Started process (PID=948) to work on /home/airflow/.local/lib/python3.12/site-packages/airflow/example_dags/example_bash_decorator.py
[2026-02-21T12:53:56.712+0000] {processor.py:914} INFO - Processing file /home/airflow/.local/lib/python3.12/site-packages/airflow/example_dags/example_bash_decorator.py for tasks to queue
[2026-02-21T12:53:56.723+0000] {logging_mixin.py:190} INFO - [2026-02-21T12:53:56.721+0000] {dagbag.py:588} INFO - Filling up the DagBag from /home/airflow/.local/lib/python3.12/site-packages/airflow/example_dags/example_bash_decorator.py
[2026-02-21T12:53:56.814+0000] {processor.py:925} INFO - DAG(s) 'example_bash_decorator' retrieved from /home/airflow/.local/lib/python3.12/site-packages/airflow/example_dags/example_bash_decorator.py
[2026-02-21T12:53:56.970+0000] {logging_mixin.py:190} INFO - [2026-02-21T12:53:56.969+0000] {dag.py:3239} INFO - Sync 1 DAGs
[2026-02-21T12:53:57.037+0000] {logging_mixin.py:190} INFO - [2026-02-21T12:53:57.036+0000] {dag.py:4180} INFO - Setting next_dagrun for example_bash_decorator to None, run_after=None
[2026-02-21T12:53:57.129+0000] {processor.py:208} INFO - Processing /home/airflow/.local/lib/python3.12/site-packages/airflow/example_dags/example_bash_decorator.py took 0.448 seconds
[2026-02-21T12:54:27.973+0000] {processor.py:186} INFO - Started process (PID=1013) to work on /home/airflow/.local/lib/python3.12/site-packages/airflow/example_dags/example_bash_decorator.py
[2026-02-21T12:54:27.978+0000] {processor.py:914} INFO - Processing file /home/airflow/.local/lib/python3.12/site-packages/airflow/example_dags/example_bash_decorator.py for tasks to queue
[2026-02-21T12:54:27.992+0000] {logging_mixin.py:190} INFO - [2026-02-21T12:54:27.990+0000] {dagbag.py:588} INFO - Filling up the DagBag from /home/airflow/.local/lib/python3.12/site-packages/airflow/example_dags/example_bash_decorator.py
[2026-02-21T12:54:28.080+0000] {processor.py:925} INFO - DAG(s) 'example_bash_decorator' retrieved from /home/airflow/.local/lib/python3.12/site-packages/airflow/example_dags/example_bash_decorator.py
[2026-02-21T12:54:28.226+0000] {logging_mixin.py:190} INFO - [2026-02-21T12:54:28.224+0000] {dag.py:3239} INFO - Sync 1 DAGs
[2026-02-21T12:54:28.314+0000] {logging_mixin.py:190} INFO - [2026-02-21T12:54:28.313+0000] {dag.py:4180} INFO - Setting next_dagrun for example_bash_decorator to None, run_after=None
[2026-02-21T12:54:28.418+0000] {processor.py:208} INFO - Processing /home/airflow/.local/lib/python3.12/site-packages/airflow/example_dags/example_bash_decorator.py took 0.475 seconds
[2026-02-21T12:55:00.049+0000] {processor.py:186} INFO - Started process (PID=1078) to work on /home/airflow/.local/lib/python3.12/site-packages/airflow/example_dags/example_bash_decorator.py
[2026-02-21T12:55:00.054+0000] {processor.py:914} INFO - Processing file /home/airflow/.local/lib/python3.12/site-packages/airflow/example_dags/example_bash_decorator.py for tasks to queue
[2026-02-21T12:55:00.065+0000] {logging_mixin.py:190} INFO - [2026-02-21T12:55:00.064+0000] {dagbag.py:588} INFO - Filling up the DagBag from /home/airflow/.local/lib/python3.12/site-packages/airflow/example_dags/example_bash_decorator.py
[2026-02-21T12:55:00.154+0000] {processor.py:925} INFO - DAG(s) 'example_bash_decorator' retrieved from /home/airflow/.local/lib/python3.12/site-packages/airflow/example_dags/example_bash_decorator.py
[2026-02-21T12:55:00.306+0000] {logging_mixin.py:190} INFO - [2026-02-21T12:55:00.305+0000] {dag.py:3239} INFO - Sync 1 DAGs
[2026-02-21T12:55:00.389+0000] {logging_mixin.py:190} INFO - [2026-02-21T12:55:00.388+0000] {dag.py:4180} INFO - Setting next_dagrun for example_bash_decorator to None, run_after=None
[2026-02-21T12:55:00.495+0000] {processor.py:208} INFO - Processing /home/airflow/.local/lib/python3.12/site-packages/airflow/example_dags/example_bash_decorator.py took 0.475 seconds
[2026-02-21T12:55:31.129+0000] {processor.py:186} INFO - Started process (PID=1142) to work on /home/airflow/.local/lib/python3.12/site-packages/airflow/example_dags/example_bash_decorator.py
[2026-02-21T12:55:31.144+0000] {processor.py:914} INFO - Processing file /home/airflow/.local/lib/python3.12/site-packages/airflow/example_dags/example_bash_decorator.py for tasks to queue
[2026-02-21T12:55:31.157+0000] {logging_mixin.py:190} INFO - [2026-02-21T12:55:31.155+0000] {dagbag.py:588} INFO - Filling up the DagBag from /home/airflow/.local/lib/python3.12/site-packages/airflow/example_dags/example_bash_decorator.py
[2026-02-21T12:55:31.294+0000] {processor.py:925} INFO - DAG(s) 'example_bash_decorator' retrieved from /home/airflow/.local/lib/python3.12/site-packages/airflow/example_dags/example_bash_decorator.py
[2026-02-21T12:55:31.450+0000] {logging_mixin.py:190} INFO - [2026-02-21T12:55:31.448+0000] {dag.py:3239} INFO - Sync 1 DAGs
[2026-02-21T12:55:31.547+0000] {logging_mixin.py:190} INFO - [2026-02-21T12:55:31.545+0000] {dag.py:4180} INFO - Setting next_dagrun for example_bash_decorator to None, run_after=None
[2026-02-21T12:55:31.675+0000] {processor.py:208} INFO - Processing /home/airflow/.local/lib/python3.12/site-packages/airflow/example_dags/example_bash_decorator.py took 0.594 seconds
[2026-02-21T17:10:13.869+0000] {processor.py:186} INFO - Started process (PID=1187) to work on /home/airflow/.local/lib/python3.12/site-packages/airflow/example_dags/example_bash_decorator.py
[2026-02-21T17:10:13.874+0000] {processor.py:914} INFO - Processing file /home/airflow/.local/lib/python3.12/site-packages/airflow/example_dags/example_bash_decorator.py for tasks to queue
[2026-02-21T17:10:13.885+0000] {logging_mixin.py:190} INFO - [2026-02-21T17:10:13.884+0000] {dagbag.py:588} INFO - Filling up the DagBag from /home/airflow/.local/lib/python3.12/site-packages/airflow/example_dags/example_bash_decorator.py
[2026-02-21T17:10:13.950+0000] {processor.py:925} INFO - DAG(s) 'example_bash_decorator' retrieved from /home/airflow/.local/lib/python3.12/site-packages/airflow/example_dags/example_bash_decorator.py
[2026-02-21T17:10:14.081+0000] {logging_mixin.py:190} INFO - [2026-02-21T17:10:14.080+0000] {dag.py:3239} INFO - Sync 1 DAGs
[2026-02-21T17:10:14.131+0000] {logging_mixin.py:190} INFO - [2026-02-21T17:10:14.130+0000] {dag.py:4180} INFO - Setting next_dagrun for example_bash_decorator to None, run_after=None
[2026-02-21T17:10:14.213+0000] {processor.py:208} INFO - Processing /home/airflow/.local/lib/python3.12/site-packages/airflow/example_dags/example_bash_decorator.py took 0.366 seconds
[2026-02-21T17:10:44.563+0000] {processor.py:186} INFO - Started process (PID=1252) to work on /home/airflow/.local/lib/python3.12/site-packages/airflow/example_dags/example_bash_decorator.py
[2026-02-21T17:10:44.566+0000] {processor.py:914} INFO - Processing file /home/airflow/.local/lib/python3.12/site-packages/airflow/example_dags/example_bash_decorator.py for tasks to queue
[2026-02-21T17:10:44.574+0000] {logging_mixin.py:190} INFO - [2026-02-21T17:10:44.573+0000] {dagbag.py:588} INFO - Filling up the DagBag from /home/airflow/.local/lib/python3.12/site-packages/airflow/example_dags/example_bash_decorator.py
[2026-02-21T17:10:44.623+0000] {processor.py:925} INFO - DAG(s) 'example_bash_decorator' retrieved from /home/airflow/.local/lib/python3.12/site-packages/airflow/example_dags/example_bash_decorator.py
[2026-02-21T17:10:44.699+0000] {logging_mixin.py:190} INFO - [2026-02-21T17:10:44.698+0000] {dag.py:3239} INFO - Sync 1 DAGs
[2026-02-21T17:10:44.747+0000] {logging_mixin.py:190} INFO - [2026-02-21T17:10:44.746+0000] {dag.py:4180} INFO - Setting next_dagrun for example_bash_decorator to None, run_after=None
[2026-02-21T17:10:44.797+0000] {processor.py:208} INFO - Processing /home/airflow/.local/lib/python3.12/site-packages/airflow/example_dags/example_bash_decorator.py took 0.250 seconds
[2026-02-21T17:11:14.942+0000] {processor.py:186} INFO - Started process (PID=1317) to work on /home/airflow/.local/lib/python3.12/site-packages/airflow/example_dags/example_bash_decorator.py
[2026-02-21T17:11:14.945+0000] {processor.py:914} INFO - Processing file /home/airflow/.local/lib/python3.12/site-packages/airflow/example_dags/example_bash_decorator.py for tasks to queue
[2026-02-21T17:11:14.949+0000] {logging_mixin.py:190} INFO - [2026-02-21T17:11:14.948+0000] {dagbag.py:588} INFO - Filling up the DagBag from /home/airflow/.local/lib/python3.12/site-packages/airflow/example_dags/example_bash_decorator.py
[2026-02-21T17:11:14.973+0000] {processor.py:925} INFO - DAG(s) 'example_bash_decorator' retrieved from /home/airflow/.local/lib/python3.12/site-packages/airflow/example_dags/example_bash_decorator.py
[2026-02-21T17:11:15.009+0000] {logging_mixin.py:190} INFO - [2026-02-21T17:11:15.009+0000] {dag.py:3239} INFO - Sync 1 DAGs
[2026-02-21T17:11:15.031+0000] {logging_mixin.py:190} INFO - [2026-02-21T17:11:15.030+0000] {dag.py:4180} INFO - Setting next_dagrun for example_bash_decorator to None, run_after=None
[2026-02-21T17:11:15.056+0000] {processor.py:208} INFO - Processing /home/airflow/.local/lib/python3.12/site-packages/airflow/example_dags/example_bash_decorator.py took 0.124 seconds
[2026-02-21T17:11:45.452+0000] {processor.py:186} INFO - Started process (PID=1382) to work on /home/airflow/.local/lib/python3.12/site-packages/airflow/example_dags/example_bash_decorator.py
[2026-02-21T17:11:45.455+0000] {processor.py:914} INFO - Processing file /home/airflow/.local/lib/python3.12/site-packages/airflow/example_dags/example_bash_decorator.py for tasks to queue
[2026-02-21T17:11:45.459+0000] {logging_mixin.py:190} INFO - [2026-02-21T17:11:45.459+0000] {dagbag.py:588} INFO - Filling up the DagBag from /home/airflow/.local/lib/python3.12/site-packages/airflow/example_dags/example_bash_decorator.py
[2026-02-21T17:11:45.482+0000] {processor.py:925} INFO - DAG(s) 'example_bash_decorator' retrieved from /home/airflow/.local/lib/python3.12/site-packages/airflow/example_dags/example_bash_decorator.py
[2026-02-21T17:11:45.518+0000] {logging_mixin.py:190} INFO - [2026-02-21T17:11:45.517+0000] {dag.py:3239} INFO - Sync 1 DAGs
[2026-02-21T17:11:45.538+0000] {logging_mixin.py:190} INFO - [2026-02-21T17:11:45.537+0000] {dag.py:4180} INFO - Setting next_dagrun for example_bash_decorator to None, run_after=None
[2026-02-21T17:11:45.571+0000] {processor.py:208} INFO - Processing /home/airflow/.local/lib/python3.12/site-packages/airflow/example_dags/example_bash_decorator.py took 0.128 seconds
[2026-02-21T17:12:17.692+0000] {processor.py:186} INFO - Started process (PID=1447) to work on /home/airflow/.local/lib/python3.12/site-packages/airflow/example_dags/example_bash_decorator.py
[2026-02-21T17:12:17.696+0000] {processor.py:914} INFO - Processing file /home/airflow/.local/lib/python3.12/site-packages/airflow/example_dags/example_bash_decorator.py for tasks to queue
[2026-02-21T17:12:17.702+0000] {logging_mixin.py:190} INFO - [2026-02-21T17:12:17.701+0000] {dagbag.py:588} INFO - Filling up the DagBag from /home/airflow/.local/lib/python3.12/site-packages/airflow/example_dags/example_bash_decorator.py
[2026-02-21T17:12:17.762+0000] {processor.py:925} INFO - DAG(s) 'example_bash_decorator' retrieved from /home/airflow/.local/lib/python3.12/site-packages/airflow/example_dags/example_bash_decorator.py
[2026-02-21T17:12:17.848+0000] {logging_mixin.py:190} INFO - [2026-02-21T17:12:17.847+0000] {dag.py:3239} INFO - Sync 1 DAGs
[2026-02-21T17:12:17.894+0000] {logging_mixin.py:190} INFO - [2026-02-21T17:12:17.892+0000] {dag.py:4180} INFO - Setting next_dagrun for example_bash_decorator to None, run_after=None
[2026-02-21T17:12:17.962+0000] {processor.py:208} INFO - Processing /home/airflow/.local/lib/python3.12/site-packages/airflow/example_dags/example_bash_decorator.py took 0.291 seconds
[2026-02-21T17:12:48.380+0000] {processor.py:186} INFO - Started process (PID=1513) to work on /home/airflow/.local/lib/python3.12/site-packages/airflow/example_dags/example_bash_decorator.py
[2026-02-21T17:12:48.383+0000] {processor.py:914} INFO - Processing file /home/airflow/.local/lib/python3.12/site-packages/airflow/example_dags/example_bash_decorator.py for tasks to queue
[2026-02-21T17:12:48.392+0000] {logging_mixin.py:190} INFO - [2026-02-21T17:12:48.390+0000] {dagbag.py:588} INFO - Filling up the DagBag from /home/airflow/.local/lib/python3.12/site-packages/airflow/example_dags/example_bash_decorator.py
[2026-02-21T17:12:48.443+0000] {processor.py:925} INFO - DAG(s) 'example_bash_decorator' retrieved from /home/airflow/.local/lib/python3.12/site-packages/airflow/example_dags/example_bash_decorator.py
[2026-02-21T17:12:48.522+0000] {logging_mixin.py:190} INFO - [2026-02-21T17:12:48.521+0000] {dag.py:3239} INFO - Sync 1 DAGs
[2026-02-21T17:12:48.567+0000] {logging_mixin.py:190} INFO - [2026-02-21T17:12:48.567+0000] {dag.py:4180} INFO - Setting next_dagrun for example_bash_decorator to None, run_after=None
[2026-02-21T17:12:48.630+0000] {processor.py:208} INFO - Processing /home/airflow/.local/lib/python3.12/site-packages/airflow/example_dags/example_bash_decorator.py took 0.267 seconds
[2026-02-21T17:13:19.323+0000] {processor.py:186} INFO - Started process (PID=1578) to work on /home/airflow/.local/lib/python3.12/site-packages/airflow/example_dags/example_bash_decorator.py
[2026-02-21T17:13:19.325+0000] {processor.py:914} INFO - Processing file /home/airflow/.local/lib/python3.12/site-packages/airflow/example_dags/example_bash_decorator.py for tasks to queue
[2026-02-21T17:13:19.329+0000] {logging_mixin.py:190} INFO - [2026-02-21T17:13:19.328+0000] {dagbag.py:588} INFO - Filling up the DagBag from /home/airflow/.local/lib/python3.12/site-packages/airflow/example_dags/example_bash_decorator.py
[2026-02-21T17:13:19.349+0000] {processor.py:925} INFO - DAG(s) 'example_bash_decorator' retrieved from /home/airflow/.local/lib/python3.12/site-packages/airflow/example_dags/example_bash_decorator.py
[2026-02-21T17:13:19.383+0000] {logging_mixin.py:190} INFO - [2026-02-21T17:13:19.383+0000] {dag.py:3239} INFO - Sync 1 DAGs
[2026-02-21T17:13:19.401+0000] {logging_mixin.py:190} INFO - [2026-02-21T17:13:19.401+0000] {dag.py:4180} INFO - Setting next_dagrun for example_bash_decorator to None, run_after=None
[2026-02-21T17:13:19.427+0000] {processor.py:208} INFO - Processing /home/airflow/.local/lib/python3.12/site-packages/airflow/example_dags/example_bash_decorator.py took 0.112 seconds
[2026-02-21T19:41:14.352+0000] {processor.py:186} INFO - Started process (PID=1634) to work on /home/airflow/.local/lib/python3.12/site-packages/airflow/example_dags/example_bash_decorator.py
[2026-02-21T19:41:14.357+0000] {processor.py:914} INFO - Processing file /home/airflow/.local/lib/python3.12/site-packages/airflow/example_dags/example_bash_decorator.py for tasks to queue
[2026-02-21T19:41:14.362+0000] {logging_mixin.py:190} INFO - [2026-02-21T19:41:14.361+0000] {dagbag.py:588} INFO - Filling up the DagBag from /home/airflow/.local/lib/python3.12/site-packages/airflow/example_dags/example_bash_decorator.py
[2026-02-21T19:41:14.411+0000] {processor.py:925} INFO - DAG(s) 'example_bash_decorator' retrieved from /home/airflow/.local/lib/python3.12/site-packages/airflow/example_dags/example_bash_decorator.py
[2026-02-21T19:41:14.477+0000] {logging_mixin.py:190} INFO - [2026-02-21T19:41:14.476+0000] {dag.py:3239} INFO - Sync 1 DAGs
[2026-02-21T19:41:14.522+0000] {logging_mixin.py:190} INFO - [2026-02-21T19:41:14.522+0000] {dag.py:4180} INFO - Setting next_dagrun for example_bash_decorator to None, run_after=None
[2026-02-21T19:41:14.582+0000] {processor.py:208} INFO - Processing /home/airflow/.local/lib/python3.12/site-packages/airflow/example_dags/example_bash_decorator.py took 0.243 seconds
[2026-02-21T19:41:49.260+0000] {processor.py:186} INFO - Started process (PID=2291) to work on /home/airflow/.local/lib/python3.12/site-packages/airflow/example_dags/example_bash_decorator.py
[2026-02-21T19:41:49.282+0000] {processor.py:914} INFO - Processing file /home/airflow/.local/lib/python3.12/site-packages/airflow/example_dags/example_bash_decorator.py for tasks to queue
[2026-02-21T19:41:49.310+0000] {logging_mixin.py:190} INFO - [2026-02-21T19:41:49.308+0000] {dagbag.py:588} INFO - Filling up the DagBag from /home/airflow/.local/lib/python3.12/site-packages/airflow/example_dags/example_bash_decorator.py
[2026-02-21T19:41:49.411+0000] {processor.py:925} INFO - DAG(s) 'example_bash_decorator' retrieved from /home/airflow/.local/lib/python3.12/site-packages/airflow/example_dags/example_bash_decorator.py
[2026-02-21T19:41:49.530+0000] {logging_mixin.py:190} INFO - [2026-02-21T19:41:49.529+0000] {dag.py:3239} INFO - Sync 1 DAGs
[2026-02-21T19:41:49.604+0000] {logging_mixin.py:190} INFO - [2026-02-21T19:41:49.603+0000] {dag.py:4180} INFO - Setting next_dagrun for example_bash_decorator to None, run_after=None
[2026-02-21T19:41:49.691+0000] {processor.py:208} INFO - Processing /home/airflow/.local/lib/python3.12/site-packages/airflow/example_dags/example_bash_decorator.py took 0.465 seconds
[2026-02-21T20:16:58.723+0000] {processor.py:186} INFO - Started process (PID=2359) to work on /home/airflow/.local/lib/python3.12/site-packages/airflow/example_dags/example_bash_decorator.py
[2026-02-21T20:16:58.739+0000] {processor.py:914} INFO - Processing file /home/airflow/.local/lib/python3.12/site-packages/airflow/example_dags/example_bash_decorator.py for tasks to queue
[2026-02-21T20:16:58.761+0000] {logging_mixin.py:190} INFO - [2026-02-21T20:16:58.759+0000] {dagbag.py:588} INFO - Filling up the DagBag from /home/airflow/.local/lib/python3.12/site-packages/airflow/example_dags/example_bash_decorator.py
[2026-02-21T20:16:59.074+0000] {processor.py:925} INFO - DAG(s) 'example_bash_decorator' retrieved from /home/airflow/.local/lib/python3.12/site-packages/airflow/example_dags/example_bash_decorator.py
[2026-02-21T20:16:59.967+0000] {logging_mixin.py:190} INFO - [2026-02-21T20:16:59.965+0000] {dag.py:3239} INFO - Sync 1 DAGs
[2026-02-21T20:17:00.165+0000] {logging_mixin.py:190} INFO - [2026-02-21T20:17:00.162+0000] {dag.py:4180} INFO - Setting next_dagrun for example_bash_decorator to None, run_after=None
[2026-02-21T20:17:00.504+0000] {processor.py:208} INFO - Processing /home/airflow/.local/lib/python3.12/site-packages/airflow/example_dags/example_bash_decorator.py took 1.891 seconds
[2026-02-21T20:59:18.882+0000] {processor.py:186} INFO - Started process (PID=2397) to work on /home/airflow/.local/lib/python3.12/site-packages/airflow/example_dags/example_bash_decorator.py
[2026-02-21T20:59:18.894+0000] {processor.py:914} INFO - Processing file /home/airflow/.local/lib/python3.12/site-packages/airflow/example_dags/example_bash_decorator.py for tasks to queue
[2026-02-21T20:59:18.913+0000] {logging_mixin.py:190} INFO - [2026-02-21T20:59:18.911+0000] {dagbag.py:588} INFO - Filling up the DagBag from /home/airflow/.local/lib/python3.12/site-packages/airflow/example_dags/example_bash_decorator.py
[2026-02-21T20:59:19.109+0000] {processor.py:925} INFO - DAG(s) 'example_bash_decorator' retrieved from /home/airflow/.local/lib/python3.12/site-packages/airflow/example_dags/example_bash_decorator.py
[2026-02-21T20:59:19.525+0000] {logging_mixin.py:190} INFO - [2026-02-21T20:59:19.524+0000] {dag.py:3239} INFO - Sync 1 DAGs
[2026-02-21T20:59:19.656+0000] {logging_mixin.py:190} INFO - [2026-02-21T20:59:19.655+0000] {dag.py:4180} INFO - Setting next_dagrun for example_bash_decorator to None, run_after=None
[2026-02-21T20:59:19.915+0000] {processor.py:208} INFO - Processing /home/airflow/.local/lib/python3.12/site-packages/airflow/example_dags/example_bash_decorator.py took 1.089 seconds
[2026-02-21T21:00:23.512+0000] {processor.py:186} INFO - Started process (PID=2468) to work on /home/airflow/.local/lib/python3.12/site-packages/airflow/example_dags/example_bash_decorator.py
[2026-02-21T21:00:23.529+0000] {processor.py:914} INFO - Processing file /home/airflow/.local/lib/python3.12/site-packages/airflow/example_dags/example_bash_decorator.py for tasks to queue
[2026-02-21T21:00:23.577+0000] {logging_mixin.py:190} INFO - [2026-02-21T21:00:23.576+0000] {dagbag.py:588} INFO - Filling up the DagBag from /home/airflow/.local/lib/python3.12/site-packages/airflow/example_dags/example_bash_decorator.py
[2026-02-21T21:00:23.833+0000] {processor.py:925} INFO - DAG(s) 'example_bash_decorator' retrieved from /home/airflow/.local/lib/python3.12/site-packages/airflow/example_dags/example_bash_decorator.py
[2026-02-21T21:00:24.230+0000] {logging_mixin.py:190} INFO - [2026-02-21T21:00:24.229+0000] {dag.py:3239} INFO - Sync 1 DAGs
[2026-02-21T21:00:24.477+0000] {logging_mixin.py:190} INFO - [2026-02-21T21:00:24.476+0000] {dag.py:4180} INFO - Setting next_dagrun for example_bash_decorator to None, run_after=None
[2026-02-21T21:00:24.726+0000] {processor.py:208} INFO - Processing /home/airflow/.local/lib/python3.12/site-packages/airflow/example_dags/example_bash_decorator.py took 1.326 seconds
[2026-02-21T21:08:49.005+0000] {processor.py:186} INFO - Started process (PID=2532) to work on /home/airflow/.local/lib/python3.12/site-packages/airflow/example_dags/example_bash_decorator.py
[2026-02-21T21:08:49.021+0000] {processor.py:914} INFO - Processing file /home/airflow/.local/lib/python3.12/site-packages/airflow/example_dags/example_bash_decorator.py for tasks to queue
[2026-02-21T21:08:49.041+0000] {logging_mixin.py:190} INFO - [2026-02-21T21:08:49.038+0000] {dagbag.py:588} INFO - Filling up the DagBag from /home/airflow/.local/lib/python3.12/site-packages/airflow/example_dags/example_bash_decorator.py
[2026-02-21T21:08:49.242+0000] {processor.py:925} INFO - DAG(s) 'example_bash_decorator' retrieved from /home/airflow/.local/lib/python3.12/site-packages/airflow/example_dags/example_bash_decorator.py
[2026-02-21T21:08:50.875+0000] {logging_mixin.py:190} INFO - [2026-02-21T21:08:50.874+0000] {dag.py:3239} INFO - Sync 1 DAGs
[2026-02-21T21:08:51.007+0000] {logging_mixin.py:190} INFO - [2026-02-21T21:08:51.006+0000] {dag.py:4180} INFO - Setting next_dagrun for example_bash_decorator to None, run_after=None
[2026-02-21T21:08:51.173+0000] {processor.py:208} INFO - Processing /home/airflow/.local/lib/python3.12/site-packages/airflow/example_dags/example_bash_decorator.py took 2.246 seconds
[2026-02-21T21:34:19.164+0000] {processor.py:186} INFO - Started process (PID=2609) to work on /home/airflow/.local/lib/python3.12/site-packages/airflow/example_dags/example_bash_decorator.py
[2026-02-21T21:34:19.180+0000] {processor.py:914} INFO - Processing file /home/airflow/.local/lib/python3.12/site-packages/airflow/example_dags/example_bash_decorator.py for tasks to queue
[2026-02-21T21:34:19.195+0000] {logging_mixin.py:190} INFO - [2026-02-21T21:34:19.192+0000] {dagbag.py:588} INFO - Filling up the DagBag from /home/airflow/.local/lib/python3.12/site-packages/airflow/example_dags/example_bash_decorator.py
[2026-02-21T21:34:19.316+0000] {processor.py:925} INFO - DAG(s) 'example_bash_decorator' retrieved from /home/airflow/.local/lib/python3.12/site-packages/airflow/example_dags/example_bash_decorator.py
[2026-02-21T21:34:19.496+0000] {logging_mixin.py:190} INFO - [2026-02-21T21:34:19.492+0000] {dag.py:3239} INFO - Sync 1 DAGs
[2026-02-21T21:34:19.606+0000] {logging_mixin.py:190} INFO - [2026-02-21T21:34:19.605+0000] {dag.py:4180} INFO - Setting next_dagrun for example_bash_decorator to None, run_after=None
[2026-02-21T21:34:19.768+0000] {processor.py:208} INFO - Processing /home/airflow/.local/lib/python3.12/site-packages/airflow/example_dags/example_bash_decorator.py took 0.642 seconds
[2026-02-21T21:35:51.307+0000] {processor.py:186} INFO - Started process (PID=2677) to work on /home/airflow/.local/lib/python3.12/site-packages/airflow/example_dags/example_bash_decorator.py
[2026-02-21T21:35:51.328+0000] {processor.py:914} INFO - Processing file /home/airflow/.local/lib/python3.12/site-packages/airflow/example_dags/example_bash_decorator.py for tasks to queue
[2026-02-21T21:35:51.344+0000] {logging_mixin.py:190} INFO - [2026-02-21T21:35:51.335+0000] {dagbag.py:588} INFO - Filling up the DagBag from /home/airflow/.local/lib/python3.12/site-packages/airflow/example_dags/example_bash_decorator.py
[2026-02-21T21:35:51.701+0000] {processor.py:925} INFO - DAG(s) 'example_bash_decorator' retrieved from /home/airflow/.local/lib/python3.12/site-packages/airflow/example_dags/example_bash_decorator.py
[2026-02-21T21:35:52.442+0000] {logging_mixin.py:190} INFO - [2026-02-21T21:35:52.440+0000] {dag.py:3239} INFO - Sync 1 DAGs
[2026-02-21T21:35:52.798+0000] {logging_mixin.py:190} INFO - [2026-02-21T21:35:52.796+0000] {dag.py:4180} INFO - Setting next_dagrun for example_bash_decorator to None, run_after=None
[2026-02-21T21:35:53.061+0000] {processor.py:208} INFO - Processing /home/airflow/.local/lib/python3.12/site-packages/airflow/example_dags/example_bash_decorator.py took 1.881 seconds
