[2026-02-21T12:34:21.423+0000] {processor.py:186} INFO - Started process (PID=94) to work on /home/airflow/.local/lib/python3.12/site-packages/airflow/example_dags/example_python_decorator.py
[2026-02-21T12:34:21.427+0000] {processor.py:914} INFO - Processing file /home/airflow/.local/lib/python3.12/site-packages/airflow/example_dags/example_python_decorator.py for tasks to queue
[2026-02-21T12:34:21.433+0000] {logging_mixin.py:190} INFO - [2026-02-21T12:34:21.432+0000] {dagbag.py:588} INFO - Filling up the DagBag from /home/airflow/.local/lib/python3.12/site-packages/airflow/example_dags/example_python_decorator.py
[2026-02-21T12:34:21.467+0000] {processor.py:925} INFO - DAG(s) 'example_python_decorator' retrieved from /home/airflow/.local/lib/python3.12/site-packages/airflow/example_dags/example_python_decorator.py
[2026-02-21T12:34:21.746+0000] {logging_mixin.py:190} INFO - [2026-02-21T12:34:21.745+0000] {dag.py:3239} INFO - Sync 1 DAGs
[2026-02-21T12:34:21.789+0000] {logging_mixin.py:190} INFO - [2026-02-21T12:34:21.788+0000] {dag.py:4180} INFO - Setting next_dagrun for example_python_decorator to None, run_after=None
[2026-02-21T12:34:21.839+0000] {processor.py:208} INFO - Processing /home/airflow/.local/lib/python3.12/site-packages/airflow/example_dags/example_python_decorator.py took 0.431 seconds
[2026-02-21T12:34:52.742+0000] {processor.py:186} INFO - Started process (PID=159) to work on /home/airflow/.local/lib/python3.12/site-packages/airflow/example_dags/example_python_decorator.py
[2026-02-21T12:34:52.744+0000] {processor.py:914} INFO - Processing file /home/airflow/.local/lib/python3.12/site-packages/airflow/example_dags/example_python_decorator.py for tasks to queue
[2026-02-21T12:34:52.747+0000] {logging_mixin.py:190} INFO - [2026-02-21T12:34:52.747+0000] {dagbag.py:588} INFO - Filling up the DagBag from /home/airflow/.local/lib/python3.12/site-packages/airflow/example_dags/example_python_decorator.py
[2026-02-21T12:34:52.769+0000] {processor.py:925} INFO - DAG(s) 'example_python_decorator' retrieved from /home/airflow/.local/lib/python3.12/site-packages/airflow/example_dags/example_python_decorator.py
[2026-02-21T12:34:52.803+0000] {logging_mixin.py:190} INFO - [2026-02-21T12:34:52.803+0000] {dag.py:3239} INFO - Sync 1 DAGs
[2026-02-21T12:34:52.822+0000] {logging_mixin.py:190} INFO - [2026-02-21T12:34:52.822+0000] {dag.py:4180} INFO - Setting next_dagrun for example_python_decorator to None, run_after=None
[2026-02-21T12:34:52.852+0000] {processor.py:208} INFO - Processing /home/airflow/.local/lib/python3.12/site-packages/airflow/example_dags/example_python_decorator.py took 0.118 seconds
[2026-02-21T12:35:24.267+0000] {processor.py:186} INFO - Started process (PID=224) to work on /home/airflow/.local/lib/python3.12/site-packages/airflow/example_dags/example_python_decorator.py
[2026-02-21T12:35:24.270+0000] {processor.py:914} INFO - Processing file /home/airflow/.local/lib/python3.12/site-packages/airflow/example_dags/example_python_decorator.py for tasks to queue
[2026-02-21T12:35:24.276+0000] {logging_mixin.py:190} INFO - [2026-02-21T12:35:24.275+0000] {dagbag.py:588} INFO - Filling up the DagBag from /home/airflow/.local/lib/python3.12/site-packages/airflow/example_dags/example_python_decorator.py
[2026-02-21T12:35:24.310+0000] {processor.py:925} INFO - DAG(s) 'example_python_decorator' retrieved from /home/airflow/.local/lib/python3.12/site-packages/airflow/example_dags/example_python_decorator.py
[2026-02-21T12:35:24.366+0000] {logging_mixin.py:190} INFO - [2026-02-21T12:35:24.366+0000] {dag.py:3239} INFO - Sync 1 DAGs
[2026-02-21T12:35:24.400+0000] {logging_mixin.py:190} INFO - [2026-02-21T12:35:24.399+0000] {dag.py:4180} INFO - Setting next_dagrun for example_python_decorator to None, run_after=None
[2026-02-21T12:35:24.452+0000] {processor.py:208} INFO - Processing /home/airflow/.local/lib/python3.12/site-packages/airflow/example_dags/example_python_decorator.py took 0.198 seconds
[2026-02-21T12:36:04.448+0000] {processor.py:186} INFO - Started process (PID=296) to work on /home/airflow/.local/lib/python3.12/site-packages/airflow/example_dags/example_python_decorator.py
[2026-02-21T12:36:04.466+0000] {processor.py:914} INFO - Processing file /home/airflow/.local/lib/python3.12/site-packages/airflow/example_dags/example_python_decorator.py for tasks to queue
[2026-02-21T12:36:04.497+0000] {logging_mixin.py:190} INFO - [2026-02-21T12:36:04.495+0000] {dagbag.py:588} INFO - Filling up the DagBag from /home/airflow/.local/lib/python3.12/site-packages/airflow/example_dags/example_python_decorator.py
[2026-02-21T12:36:04.671+0000] {processor.py:925} INFO - DAG(s) 'example_python_decorator' retrieved from /home/airflow/.local/lib/python3.12/site-packages/airflow/example_dags/example_python_decorator.py
[2026-02-21T12:36:04.930+0000] {logging_mixin.py:190} INFO - [2026-02-21T12:36:04.929+0000] {dag.py:3239} INFO - Sync 1 DAGs
[2026-02-21T12:36:05.142+0000] {logging_mixin.py:190} INFO - [2026-02-21T12:36:05.141+0000] {dag.py:4180} INFO - Setting next_dagrun for example_python_decorator to None, run_after=None
[2026-02-21T12:36:05.358+0000] {processor.py:208} INFO - Processing /home/airflow/.local/lib/python3.12/site-packages/airflow/example_dags/example_python_decorator.py took 1.003 seconds
[2026-02-21T12:36:47.187+0000] {processor.py:186} INFO - Started process (PID=360) to work on /home/airflow/.local/lib/python3.12/site-packages/airflow/example_dags/example_python_decorator.py
[2026-02-21T12:36:47.193+0000] {processor.py:914} INFO - Processing file /home/airflow/.local/lib/python3.12/site-packages/airflow/example_dags/example_python_decorator.py for tasks to queue
[2026-02-21T12:36:47.209+0000] {logging_mixin.py:190} INFO - [2026-02-21T12:36:47.207+0000] {dagbag.py:588} INFO - Filling up the DagBag from /home/airflow/.local/lib/python3.12/site-packages/airflow/example_dags/example_python_decorator.py
[2026-02-21T12:36:47.298+0000] {processor.py:925} INFO - DAG(s) 'example_python_decorator' retrieved from /home/airflow/.local/lib/python3.12/site-packages/airflow/example_dags/example_python_decorator.py
[2026-02-21T12:36:47.427+0000] {logging_mixin.py:190} INFO - [2026-02-21T12:36:47.425+0000] {dag.py:3239} INFO - Sync 1 DAGs
[2026-02-21T12:36:47.532+0000] {logging_mixin.py:190} INFO - [2026-02-21T12:36:47.531+0000] {dag.py:4180} INFO - Setting next_dagrun for example_python_decorator to None, run_after=None
[2026-02-21T12:36:47.688+0000] {processor.py:208} INFO - Processing /home/airflow/.local/lib/python3.12/site-packages/airflow/example_dags/example_python_decorator.py took 0.535 seconds
[2026-02-21T12:37:18.068+0000] {processor.py:186} INFO - Started process (PID=424) to work on /home/airflow/.local/lib/python3.12/site-packages/airflow/example_dags/example_python_decorator.py
[2026-02-21T12:37:18.073+0000] {processor.py:914} INFO - Processing file /home/airflow/.local/lib/python3.12/site-packages/airflow/example_dags/example_python_decorator.py for tasks to queue
[2026-02-21T12:37:18.081+0000] {logging_mixin.py:190} INFO - [2026-02-21T12:37:18.080+0000] {dagbag.py:588} INFO - Filling up the DagBag from /home/airflow/.local/lib/python3.12/site-packages/airflow/example_dags/example_python_decorator.py
[2026-02-21T12:37:18.148+0000] {processor.py:925} INFO - DAG(s) 'example_python_decorator' retrieved from /home/airflow/.local/lib/python3.12/site-packages/airflow/example_dags/example_python_decorator.py
[2026-02-21T12:37:18.244+0000] {logging_mixin.py:190} INFO - [2026-02-21T12:37:18.243+0000] {dag.py:3239} INFO - Sync 1 DAGs
[2026-02-21T12:37:18.310+0000] {logging_mixin.py:190} INFO - [2026-02-21T12:37:18.309+0000] {dag.py:4180} INFO - Setting next_dagrun for example_python_decorator to None, run_after=None
[2026-02-21T12:37:18.409+0000] {processor.py:208} INFO - Processing /home/airflow/.local/lib/python3.12/site-packages/airflow/example_dags/example_python_decorator.py took 0.366 seconds
[2026-02-21T12:37:49.418+0000] {processor.py:186} INFO - Started process (PID=489) to work on /home/airflow/.local/lib/python3.12/site-packages/airflow/example_dags/example_python_decorator.py
[2026-02-21T12:37:49.423+0000] {processor.py:914} INFO - Processing file /home/airflow/.local/lib/python3.12/site-packages/airflow/example_dags/example_python_decorator.py for tasks to queue
[2026-02-21T12:37:49.433+0000] {logging_mixin.py:190} INFO - [2026-02-21T12:37:49.431+0000] {dagbag.py:588} INFO - Filling up the DagBag from /home/airflow/.local/lib/python3.12/site-packages/airflow/example_dags/example_python_decorator.py
[2026-02-21T12:37:49.499+0000] {processor.py:925} INFO - DAG(s) 'example_python_decorator' retrieved from /home/airflow/.local/lib/python3.12/site-packages/airflow/example_dags/example_python_decorator.py
[2026-02-21T12:37:49.592+0000] {logging_mixin.py:190} INFO - [2026-02-21T12:37:49.591+0000] {dag.py:3239} INFO - Sync 1 DAGs
[2026-02-21T12:37:49.651+0000] {logging_mixin.py:190} INFO - [2026-02-21T12:37:49.651+0000] {dag.py:4180} INFO - Setting next_dagrun for example_python_decorator to None, run_after=None
[2026-02-21T12:37:49.731+0000] {processor.py:208} INFO - Processing /home/airflow/.local/lib/python3.12/site-packages/airflow/example_dags/example_python_decorator.py took 0.339 seconds
[2026-02-21T12:38:20.515+0000] {processor.py:186} INFO - Started process (PID=560) to work on /home/airflow/.local/lib/python3.12/site-packages/airflow/example_dags/example_python_decorator.py
[2026-02-21T12:38:20.518+0000] {processor.py:914} INFO - Processing file /home/airflow/.local/lib/python3.12/site-packages/airflow/example_dags/example_python_decorator.py for tasks to queue
[2026-02-21T12:38:20.524+0000] {logging_mixin.py:190} INFO - [2026-02-21T12:38:20.523+0000] {dagbag.py:588} INFO - Filling up the DagBag from /home/airflow/.local/lib/python3.12/site-packages/airflow/example_dags/example_python_decorator.py
[2026-02-21T12:38:20.570+0000] {processor.py:925} INFO - DAG(s) 'example_python_decorator' retrieved from /home/airflow/.local/lib/python3.12/site-packages/airflow/example_dags/example_python_decorator.py
[2026-02-21T12:38:20.640+0000] {logging_mixin.py:190} INFO - [2026-02-21T12:38:20.639+0000] {dag.py:3239} INFO - Sync 1 DAGs
[2026-02-21T12:38:20.684+0000] {logging_mixin.py:190} INFO - [2026-02-21T12:38:20.683+0000] {dag.py:4180} INFO - Setting next_dagrun for example_python_decorator to None, run_after=None
[2026-02-21T12:38:20.750+0000] {processor.py:208} INFO - Processing /home/airflow/.local/lib/python3.12/site-packages/airflow/example_dags/example_python_decorator.py took 0.251 seconds
[2026-02-21T12:38:51.173+0000] {processor.py:186} INFO - Started process (PID=625) to work on /home/airflow/.local/lib/python3.12/site-packages/airflow/example_dags/example_python_decorator.py
[2026-02-21T12:38:51.176+0000] {processor.py:914} INFO - Processing file /home/airflow/.local/lib/python3.12/site-packages/airflow/example_dags/example_python_decorator.py for tasks to queue
[2026-02-21T12:38:51.182+0000] {logging_mixin.py:190} INFO - [2026-02-21T12:38:51.182+0000] {dagbag.py:588} INFO - Filling up the DagBag from /home/airflow/.local/lib/python3.12/site-packages/airflow/example_dags/example_python_decorator.py
[2026-02-21T12:38:51.218+0000] {processor.py:925} INFO - DAG(s) 'example_python_decorator' retrieved from /home/airflow/.local/lib/python3.12/site-packages/airflow/example_dags/example_python_decorator.py
[2026-02-21T12:38:51.276+0000] {logging_mixin.py:190} INFO - [2026-02-21T12:38:51.275+0000] {dag.py:3239} INFO - Sync 1 DAGs
[2026-02-21T12:38:51.315+0000] {logging_mixin.py:190} INFO - [2026-02-21T12:38:51.314+0000] {dag.py:4180} INFO - Setting next_dagrun for example_python_decorator to None, run_after=None
[2026-02-21T12:38:51.371+0000] {processor.py:208} INFO - Processing /home/airflow/.local/lib/python3.12/site-packages/airflow/example_dags/example_python_decorator.py took 0.212 seconds
[2026-02-21T12:39:21.840+0000] {processor.py:186} INFO - Started process (PID=689) to work on /home/airflow/.local/lib/python3.12/site-packages/airflow/example_dags/example_python_decorator.py
[2026-02-21T12:39:21.844+0000] {processor.py:914} INFO - Processing file /home/airflow/.local/lib/python3.12/site-packages/airflow/example_dags/example_python_decorator.py for tasks to queue
[2026-02-21T12:39:21.854+0000] {logging_mixin.py:190} INFO - [2026-02-21T12:39:21.852+0000] {dagbag.py:588} INFO - Filling up the DagBag from /home/airflow/.local/lib/python3.12/site-packages/airflow/example_dags/example_python_decorator.py
[2026-02-21T12:39:21.920+0000] {processor.py:925} INFO - DAG(s) 'example_python_decorator' retrieved from /home/airflow/.local/lib/python3.12/site-packages/airflow/example_dags/example_python_decorator.py
[2026-02-21T12:39:22.009+0000] {logging_mixin.py:190} INFO - [2026-02-21T12:39:22.008+0000] {dag.py:3239} INFO - Sync 1 DAGs
[2026-02-21T12:39:22.060+0000] {logging_mixin.py:190} INFO - [2026-02-21T12:39:22.059+0000] {dag.py:4180} INFO - Setting next_dagrun for example_python_decorator to None, run_after=None
[2026-02-21T12:39:22.138+0000] {processor.py:208} INFO - Processing /home/airflow/.local/lib/python3.12/site-packages/airflow/example_dags/example_python_decorator.py took 0.324 seconds
[2026-02-21T12:40:24.124+0000] {processor.py:186} INFO - Started process (PID=759) to work on /home/airflow/.local/lib/python3.12/site-packages/airflow/example_dags/example_python_decorator.py
[2026-02-21T12:40:24.130+0000] {processor.py:914} INFO - Processing file /home/airflow/.local/lib/python3.12/site-packages/airflow/example_dags/example_python_decorator.py for tasks to queue
[2026-02-21T12:40:24.168+0000] {logging_mixin.py:190} INFO - [2026-02-21T12:40:24.155+0000] {dagbag.py:588} INFO - Filling up the DagBag from /home/airflow/.local/lib/python3.12/site-packages/airflow/example_dags/example_python_decorator.py
[2026-02-21T12:40:24.486+0000] {processor.py:925} INFO - DAG(s) 'example_python_decorator' retrieved from /home/airflow/.local/lib/python3.12/site-packages/airflow/example_dags/example_python_decorator.py
[2026-02-21T12:41:49.523+0000] {processor.py:186} INFO - Started process (PID=829) to work on /home/airflow/.local/lib/python3.12/site-packages/airflow/example_dags/example_python_decorator.py
[2026-02-21T12:41:49.526+0000] {processor.py:914} INFO - Processing file /home/airflow/.local/lib/python3.12/site-packages/airflow/example_dags/example_python_decorator.py for tasks to queue
[2026-02-21T12:41:49.531+0000] {logging_mixin.py:190} INFO - [2026-02-21T12:41:49.530+0000] {dagbag.py:588} INFO - Filling up the DagBag from /home/airflow/.local/lib/python3.12/site-packages/airflow/example_dags/example_python_decorator.py
[2026-02-21T12:41:49.587+0000] {processor.py:925} INFO - DAG(s) 'example_python_decorator' retrieved from /home/airflow/.local/lib/python3.12/site-packages/airflow/example_dags/example_python_decorator.py
[2026-02-21T12:41:49.673+0000] {logging_mixin.py:190} INFO - [2026-02-21T12:41:49.672+0000] {dag.py:3239} INFO - Sync 1 DAGs
[2026-02-21T12:41:49.734+0000] {logging_mixin.py:190} INFO - [2026-02-21T12:41:49.733+0000] {dag.py:4180} INFO - Setting next_dagrun for example_python_decorator to None, run_after=None
[2026-02-21T12:41:49.819+0000] {processor.py:208} INFO - Processing /home/airflow/.local/lib/python3.12/site-packages/airflow/example_dags/example_python_decorator.py took 0.316 seconds
[2026-02-21T12:42:28.780+0000] {processor.py:186} INFO - Started process (PID=896) to work on /home/airflow/.local/lib/python3.12/site-packages/airflow/example_dags/example_python_decorator.py
[2026-02-21T12:42:28.785+0000] {processor.py:914} INFO - Processing file /home/airflow/.local/lib/python3.12/site-packages/airflow/example_dags/example_python_decorator.py for tasks to queue
[2026-02-21T12:42:28.800+0000] {logging_mixin.py:190} INFO - [2026-02-21T12:42:28.798+0000] {dagbag.py:588} INFO - Filling up the DagBag from /home/airflow/.local/lib/python3.12/site-packages/airflow/example_dags/example_python_decorator.py
[2026-02-21T12:42:28.962+0000] {processor.py:925} INFO - DAG(s) 'example_python_decorator' retrieved from /home/airflow/.local/lib/python3.12/site-packages/airflow/example_dags/example_python_decorator.py
[2026-02-21T12:42:29.298+0000] {logging_mixin.py:190} INFO - [2026-02-21T12:42:29.286+0000] {dag.py:3239} INFO - Sync 1 DAGs
[2026-02-21T12:42:29.557+0000] {logging_mixin.py:190} INFO - [2026-02-21T12:42:29.556+0000] {dag.py:4180} INFO - Setting next_dagrun for example_python_decorator to None, run_after=None
[2026-02-21T12:42:29.844+0000] {processor.py:208} INFO - Processing /home/airflow/.local/lib/python3.12/site-packages/airflow/example_dags/example_python_decorator.py took 1.122 seconds
[2026-02-21T12:54:10.617+0000] {processor.py:186} INFO - Started process (PID=977) to work on /home/airflow/.local/lib/python3.12/site-packages/airflow/example_dags/example_python_decorator.py
[2026-02-21T12:54:10.621+0000] {processor.py:914} INFO - Processing file /home/airflow/.local/lib/python3.12/site-packages/airflow/example_dags/example_python_decorator.py for tasks to queue
[2026-02-21T12:54:10.628+0000] {logging_mixin.py:190} INFO - [2026-02-21T12:54:10.627+0000] {dagbag.py:588} INFO - Filling up the DagBag from /home/airflow/.local/lib/python3.12/site-packages/airflow/example_dags/example_python_decorator.py
[2026-02-21T12:54:10.672+0000] {processor.py:925} INFO - DAG(s) 'example_python_decorator' retrieved from /home/airflow/.local/lib/python3.12/site-packages/airflow/example_dags/example_python_decorator.py
[2026-02-21T12:54:10.741+0000] {logging_mixin.py:190} INFO - [2026-02-21T12:54:10.740+0000] {dag.py:3239} INFO - Sync 1 DAGs
[2026-02-21T12:54:10.783+0000] {logging_mixin.py:190} INFO - [2026-02-21T12:54:10.782+0000] {dag.py:4180} INFO - Setting next_dagrun for example_python_decorator to None, run_after=None
[2026-02-21T12:54:10.850+0000] {processor.py:208} INFO - Processing /home/airflow/.local/lib/python3.12/site-packages/airflow/example_dags/example_python_decorator.py took 0.252 seconds
[2026-02-21T12:54:41.008+0000] {processor.py:186} INFO - Started process (PID=1041) to work on /home/airflow/.local/lib/python3.12/site-packages/airflow/example_dags/example_python_decorator.py
[2026-02-21T12:54:41.012+0000] {processor.py:914} INFO - Processing file /home/airflow/.local/lib/python3.12/site-packages/airflow/example_dags/example_python_decorator.py for tasks to queue
[2026-02-21T12:54:41.016+0000] {logging_mixin.py:190} INFO - [2026-02-21T12:54:41.015+0000] {dagbag.py:588} INFO - Filling up the DagBag from /home/airflow/.local/lib/python3.12/site-packages/airflow/example_dags/example_python_decorator.py
[2026-02-21T12:54:41.043+0000] {processor.py:925} INFO - DAG(s) 'example_python_decorator' retrieved from /home/airflow/.local/lib/python3.12/site-packages/airflow/example_dags/example_python_decorator.py
[2026-02-21T12:54:41.068+0000] {logging_mixin.py:190} INFO - [2026-02-21T12:54:41.067+0000] {dag.py:3239} INFO - Sync 1 DAGs
[2026-02-21T12:54:41.082+0000] {logging_mixin.py:190} INFO - [2026-02-21T12:54:41.081+0000] {dag.py:4180} INFO - Setting next_dagrun for example_python_decorator to None, run_after=None
[2026-02-21T12:54:41.105+0000] {processor.py:208} INFO - Processing /home/airflow/.local/lib/python3.12/site-packages/airflow/example_dags/example_python_decorator.py took 0.107 seconds
[2026-02-21T12:55:16.488+0000] {processor.py:186} INFO - Started process (PID=1111) to work on /home/airflow/.local/lib/python3.12/site-packages/airflow/example_dags/example_python_decorator.py
[2026-02-21T12:55:16.491+0000] {processor.py:914} INFO - Processing file /home/airflow/.local/lib/python3.12/site-packages/airflow/example_dags/example_python_decorator.py for tasks to queue
[2026-02-21T12:55:16.498+0000] {logging_mixin.py:190} INFO - [2026-02-21T12:55:16.497+0000] {dagbag.py:588} INFO - Filling up the DagBag from /home/airflow/.local/lib/python3.12/site-packages/airflow/example_dags/example_python_decorator.py
[2026-02-21T12:55:16.542+0000] {processor.py:925} INFO - DAG(s) 'example_python_decorator' retrieved from /home/airflow/.local/lib/python3.12/site-packages/airflow/example_dags/example_python_decorator.py
[2026-02-21T12:55:16.600+0000] {logging_mixin.py:190} INFO - [2026-02-21T12:55:16.599+0000] {dag.py:3239} INFO - Sync 1 DAGs
[2026-02-21T12:55:16.635+0000] {logging_mixin.py:190} INFO - [2026-02-21T12:55:16.635+0000] {dag.py:4180} INFO - Setting next_dagrun for example_python_decorator to None, run_after=None
[2026-02-21T12:55:16.696+0000] {processor.py:208} INFO - Processing /home/airflow/.local/lib/python3.12/site-packages/airflow/example_dags/example_python_decorator.py took 0.222 seconds
[2026-02-21T17:10:25.371+0000] {processor.py:186} INFO - Started process (PID=1216) to work on /home/airflow/.local/lib/python3.12/site-packages/airflow/example_dags/example_python_decorator.py
[2026-02-21T17:10:25.373+0000] {processor.py:914} INFO - Processing file /home/airflow/.local/lib/python3.12/site-packages/airflow/example_dags/example_python_decorator.py for tasks to queue
[2026-02-21T17:10:25.378+0000] {logging_mixin.py:190} INFO - [2026-02-21T17:10:25.377+0000] {dagbag.py:588} INFO - Filling up the DagBag from /home/airflow/.local/lib/python3.12/site-packages/airflow/example_dags/example_python_decorator.py
[2026-02-21T17:10:25.407+0000] {processor.py:925} INFO - DAG(s) 'example_python_decorator' retrieved from /home/airflow/.local/lib/python3.12/site-packages/airflow/example_dags/example_python_decorator.py
[2026-02-21T17:10:25.448+0000] {logging_mixin.py:190} INFO - [2026-02-21T17:10:25.447+0000] {dag.py:3239} INFO - Sync 1 DAGs
[2026-02-21T17:10:25.478+0000] {logging_mixin.py:190} INFO - [2026-02-21T17:10:25.477+0000] {dag.py:4180} INFO - Setting next_dagrun for example_python_decorator to None, run_after=None
[2026-02-21T17:10:25.514+0000] {processor.py:208} INFO - Processing /home/airflow/.local/lib/python3.12/site-packages/airflow/example_dags/example_python_decorator.py took 0.155 seconds
[2026-02-21T17:11:00.732+0000] {processor.py:186} INFO - Started process (PID=1281) to work on /home/airflow/.local/lib/python3.12/site-packages/airflow/example_dags/example_python_decorator.py
[2026-02-21T17:11:00.734+0000] {processor.py:914} INFO - Processing file /home/airflow/.local/lib/python3.12/site-packages/airflow/example_dags/example_python_decorator.py for tasks to queue
[2026-02-21T17:11:00.740+0000] {logging_mixin.py:190} INFO - [2026-02-21T17:11:00.739+0000] {dagbag.py:588} INFO - Filling up the DagBag from /home/airflow/.local/lib/python3.12/site-packages/airflow/example_dags/example_python_decorator.py
[2026-02-21T17:11:00.769+0000] {processor.py:925} INFO - DAG(s) 'example_python_decorator' retrieved from /home/airflow/.local/lib/python3.12/site-packages/airflow/example_dags/example_python_decorator.py
[2026-02-21T17:11:00.814+0000] {logging_mixin.py:190} INFO - [2026-02-21T17:11:00.814+0000] {dag.py:3239} INFO - Sync 1 DAGs
[2026-02-21T17:11:00.839+0000] {logging_mixin.py:190} INFO - [2026-02-21T17:11:00.839+0000] {dag.py:4180} INFO - Setting next_dagrun for example_python_decorator to None, run_after=None
[2026-02-21T17:11:00.881+0000] {processor.py:208} INFO - Processing /home/airflow/.local/lib/python3.12/site-packages/airflow/example_dags/example_python_decorator.py took 0.161 seconds
[2026-02-21T17:11:34.788+0000] {processor.py:186} INFO - Started process (PID=1346) to work on /home/airflow/.local/lib/python3.12/site-packages/airflow/example_dags/example_python_decorator.py
[2026-02-21T17:11:34.791+0000] {processor.py:914} INFO - Processing file /home/airflow/.local/lib/python3.12/site-packages/airflow/example_dags/example_python_decorator.py for tasks to queue
[2026-02-21T17:11:34.800+0000] {logging_mixin.py:190} INFO - [2026-02-21T17:11:34.798+0000] {dagbag.py:588} INFO - Filling up the DagBag from /home/airflow/.local/lib/python3.12/site-packages/airflow/example_dags/example_python_decorator.py
[2026-02-21T17:11:34.866+0000] {processor.py:925} INFO - DAG(s) 'example_python_decorator' retrieved from /home/airflow/.local/lib/python3.12/site-packages/airflow/example_dags/example_python_decorator.py
[2026-02-21T17:11:34.967+0000] {logging_mixin.py:190} INFO - [2026-02-21T17:11:34.966+0000] {dag.py:3239} INFO - Sync 1 DAGs
[2026-02-21T17:11:35.019+0000] {logging_mixin.py:190} INFO - [2026-02-21T17:11:35.018+0000] {dag.py:4180} INFO - Setting next_dagrun for example_python_decorator to None, run_after=None
[2026-02-21T17:11:35.092+0000] {processor.py:208} INFO - Processing /home/airflow/.local/lib/python3.12/site-packages/airflow/example_dags/example_python_decorator.py took 0.327 seconds
[2026-02-21T17:12:05.435+0000] {processor.py:186} INFO - Started process (PID=1410) to work on /home/airflow/.local/lib/python3.12/site-packages/airflow/example_dags/example_python_decorator.py
[2026-02-21T17:12:05.438+0000] {processor.py:914} INFO - Processing file /home/airflow/.local/lib/python3.12/site-packages/airflow/example_dags/example_python_decorator.py for tasks to queue
[2026-02-21T17:12:05.443+0000] {logging_mixin.py:190} INFO - [2026-02-21T17:12:05.442+0000] {dagbag.py:588} INFO - Filling up the DagBag from /home/airflow/.local/lib/python3.12/site-packages/airflow/example_dags/example_python_decorator.py
[2026-02-21T17:12:05.471+0000] {processor.py:925} INFO - DAG(s) 'example_python_decorator' retrieved from /home/airflow/.local/lib/python3.12/site-packages/airflow/example_dags/example_python_decorator.py
[2026-02-21T17:12:05.514+0000] {logging_mixin.py:190} INFO - [2026-02-21T17:12:05.513+0000] {dag.py:3239} INFO - Sync 1 DAGs
[2026-02-21T17:12:05.540+0000] {logging_mixin.py:190} INFO - [2026-02-21T17:12:05.540+0000] {dag.py:4180} INFO - Setting next_dagrun for example_python_decorator to None, run_after=None
[2026-02-21T17:12:05.583+0000] {processor.py:208} INFO - Processing /home/airflow/.local/lib/python3.12/site-packages/airflow/example_dags/example_python_decorator.py took 0.162 seconds
[2026-02-21T17:12:36.198+0000] {processor.py:186} INFO - Started process (PID=1475) to work on /home/airflow/.local/lib/python3.12/site-packages/airflow/example_dags/example_python_decorator.py
[2026-02-21T17:12:36.200+0000] {processor.py:914} INFO - Processing file /home/airflow/.local/lib/python3.12/site-packages/airflow/example_dags/example_python_decorator.py for tasks to queue
[2026-02-21T17:12:36.204+0000] {logging_mixin.py:190} INFO - [2026-02-21T17:12:36.203+0000] {dagbag.py:588} INFO - Filling up the DagBag from /home/airflow/.local/lib/python3.12/site-packages/airflow/example_dags/example_python_decorator.py
[2026-02-21T17:12:36.225+0000] {processor.py:925} INFO - DAG(s) 'example_python_decorator' retrieved from /home/airflow/.local/lib/python3.12/site-packages/airflow/example_dags/example_python_decorator.py
[2026-02-21T17:12:36.258+0000] {logging_mixin.py:190} INFO - [2026-02-21T17:12:36.258+0000] {dag.py:3239} INFO - Sync 1 DAGs
[2026-02-21T17:12:36.276+0000] {logging_mixin.py:190} INFO - [2026-02-21T17:12:36.276+0000] {dag.py:4180} INFO - Setting next_dagrun for example_python_decorator to None, run_after=None
[2026-02-21T17:12:36.317+0000] {processor.py:208} INFO - Processing /home/airflow/.local/lib/python3.12/site-packages/airflow/example_dags/example_python_decorator.py took 0.128 seconds
[2026-02-21T17:13:06.491+0000] {processor.py:186} INFO - Started process (PID=1541) to work on /home/airflow/.local/lib/python3.12/site-packages/airflow/example_dags/example_python_decorator.py
[2026-02-21T17:13:06.493+0000] {processor.py:914} INFO - Processing file /home/airflow/.local/lib/python3.12/site-packages/airflow/example_dags/example_python_decorator.py for tasks to queue
[2026-02-21T17:13:06.496+0000] {logging_mixin.py:190} INFO - [2026-02-21T17:13:06.496+0000] {dagbag.py:588} INFO - Filling up the DagBag from /home/airflow/.local/lib/python3.12/site-packages/airflow/example_dags/example_python_decorator.py
[2026-02-21T17:13:06.519+0000] {processor.py:925} INFO - DAG(s) 'example_python_decorator' retrieved from /home/airflow/.local/lib/python3.12/site-packages/airflow/example_dags/example_python_decorator.py
[2026-02-21T17:13:06.549+0000] {logging_mixin.py:190} INFO - [2026-02-21T17:13:06.548+0000] {dag.py:3239} INFO - Sync 1 DAGs
[2026-02-21T17:13:06.571+0000] {logging_mixin.py:190} INFO - [2026-02-21T17:13:06.571+0000] {dag.py:4180} INFO - Setting next_dagrun for example_python_decorator to None, run_after=None
[2026-02-21T17:13:06.608+0000] {processor.py:208} INFO - Processing /home/airflow/.local/lib/python3.12/site-packages/airflow/example_dags/example_python_decorator.py took 0.126 seconds
[2026-02-21T17:13:39.418+0000] {processor.py:186} INFO - Started process (PID=1606) to work on /home/airflow/.local/lib/python3.12/site-packages/airflow/example_dags/example_python_decorator.py
[2026-02-21T17:13:39.424+0000] {processor.py:914} INFO - Processing file /home/airflow/.local/lib/python3.12/site-packages/airflow/example_dags/example_python_decorator.py for tasks to queue
[2026-02-21T17:13:39.433+0000] {logging_mixin.py:190} INFO - [2026-02-21T17:13:39.431+0000] {dagbag.py:588} INFO - Filling up the DagBag from /home/airflow/.local/lib/python3.12/site-packages/airflow/example_dags/example_python_decorator.py
[2026-02-21T17:13:39.488+0000] {processor.py:925} INFO - DAG(s) 'example_python_decorator' retrieved from /home/airflow/.local/lib/python3.12/site-packages/airflow/example_dags/example_python_decorator.py
[2026-02-21T17:13:39.558+0000] {logging_mixin.py:190} INFO - [2026-02-21T17:13:39.557+0000] {dag.py:3239} INFO - Sync 1 DAGs
[2026-02-21T17:13:39.599+0000] {logging_mixin.py:190} INFO - [2026-02-21T17:13:39.598+0000] {dag.py:4180} INFO - Setting next_dagrun for example_python_decorator to None, run_after=None
[2026-02-21T17:13:39.659+0000] {processor.py:208} INFO - Processing /home/airflow/.local/lib/python3.12/site-packages/airflow/example_dags/example_python_decorator.py took 0.262 seconds
[2026-02-21T19:41:20.173+0000] {processor.py:186} INFO - Started process (PID=1662) to work on /home/airflow/.local/lib/python3.12/site-packages/airflow/example_dags/example_python_decorator.py
[2026-02-21T19:41:20.175+0000] {processor.py:914} INFO - Processing file /home/airflow/.local/lib/python3.12/site-packages/airflow/example_dags/example_python_decorator.py for tasks to queue
[2026-02-21T19:41:20.178+0000] {logging_mixin.py:190} INFO - [2026-02-21T19:41:20.177+0000] {dagbag.py:588} INFO - Filling up the DagBag from /home/airflow/.local/lib/python3.12/site-packages/airflow/example_dags/example_python_decorator.py
[2026-02-21T19:41:20.207+0000] {processor.py:925} INFO - DAG(s) 'example_python_decorator' retrieved from /home/airflow/.local/lib/python3.12/site-packages/airflow/example_dags/example_python_decorator.py
[2026-02-21T19:41:20.244+0000] {logging_mixin.py:190} INFO - [2026-02-21T19:41:20.243+0000] {dag.py:3239} INFO - Sync 1 DAGs
[2026-02-21T19:41:20.263+0000] {logging_mixin.py:190} INFO - [2026-02-21T19:41:20.263+0000] {dag.py:4180} INFO - Setting next_dagrun for example_python_decorator to None, run_after=None
[2026-02-21T19:41:20.290+0000] {processor.py:208} INFO - Processing /home/airflow/.local/lib/python3.12/site-packages/airflow/example_dags/example_python_decorator.py took 0.128 seconds
[2026-02-21T19:42:05.609+0000] {processor.py:186} INFO - Started process (PID=2325) to work on /home/airflow/.local/lib/python3.12/site-packages/airflow/example_dags/example_python_decorator.py
[2026-02-21T19:42:05.619+0000] {processor.py:914} INFO - Processing file /home/airflow/.local/lib/python3.12/site-packages/airflow/example_dags/example_python_decorator.py for tasks to queue
[2026-02-21T19:42:05.629+0000] {logging_mixin.py:190} INFO - [2026-02-21T19:42:05.628+0000] {dagbag.py:588} INFO - Filling up the DagBag from /home/airflow/.local/lib/python3.12/site-packages/airflow/example_dags/example_python_decorator.py
[2026-02-21T19:42:05.718+0000] {processor.py:925} INFO - DAG(s) 'example_python_decorator' retrieved from /home/airflow/.local/lib/python3.12/site-packages/airflow/example_dags/example_python_decorator.py
[2026-02-21T19:42:05.832+0000] {logging_mixin.py:190} INFO - [2026-02-21T19:42:05.831+0000] {dag.py:3239} INFO - Sync 1 DAGs
[2026-02-21T19:42:05.919+0000] {logging_mixin.py:190} INFO - [2026-02-21T19:42:05.918+0000] {dag.py:4180} INFO - Setting next_dagrun for example_python_decorator to None, run_after=None
[2026-02-21T19:42:06.059+0000] {processor.py:208} INFO - Processing /home/airflow/.local/lib/python3.12/site-packages/airflow/example_dags/example_python_decorator.py took 0.483 seconds
[2026-02-21T21:00:01.837+0000] {processor.py:186} INFO - Started process (PID=2432) to work on /home/airflow/.local/lib/python3.12/site-packages/airflow/example_dags/example_python_decorator.py
[2026-02-21T21:00:01.844+0000] {processor.py:914} INFO - Processing file /home/airflow/.local/lib/python3.12/site-packages/airflow/example_dags/example_python_decorator.py for tasks to queue
[2026-02-21T21:00:01.854+0000] {logging_mixin.py:190} INFO - [2026-02-21T21:00:01.853+0000] {dagbag.py:588} INFO - Filling up the DagBag from /home/airflow/.local/lib/python3.12/site-packages/airflow/example_dags/example_python_decorator.py
[2026-02-21T21:00:01.972+0000] {processor.py:925} INFO - DAG(s) 'example_python_decorator' retrieved from /home/airflow/.local/lib/python3.12/site-packages/airflow/example_dags/example_python_decorator.py
[2026-02-21T21:00:02.155+0000] {logging_mixin.py:190} INFO - [2026-02-21T21:00:02.154+0000] {dag.py:3239} INFO - Sync 1 DAGs
[2026-02-21T21:00:02.266+0000] {logging_mixin.py:190} INFO - [2026-02-21T21:00:02.262+0000] {dag.py:4180} INFO - Setting next_dagrun for example_python_decorator to None, run_after=None
[2026-02-21T21:00:02.399+0000] {processor.py:208} INFO - Processing /home/airflow/.local/lib/python3.12/site-packages/airflow/example_dags/example_python_decorator.py took 0.616 seconds
[2026-02-21T21:00:51.775+0000] {processor.py:186} INFO - Started process (PID=2499) to work on /home/airflow/.local/lib/python3.12/site-packages/airflow/example_dags/example_python_decorator.py
[2026-02-21T21:00:51.789+0000] {processor.py:914} INFO - Processing file /home/airflow/.local/lib/python3.12/site-packages/airflow/example_dags/example_python_decorator.py for tasks to queue
[2026-02-21T21:00:51.816+0000] {logging_mixin.py:190} INFO - [2026-02-21T21:00:51.813+0000] {dagbag.py:588} INFO - Filling up the DagBag from /home/airflow/.local/lib/python3.12/site-packages/airflow/example_dags/example_python_decorator.py
[2026-02-21T21:00:52.082+0000] {processor.py:925} INFO - DAG(s) 'example_python_decorator' retrieved from /home/airflow/.local/lib/python3.12/site-packages/airflow/example_dags/example_python_decorator.py
[2026-02-21T21:00:52.260+0000] {logging_mixin.py:190} INFO - [2026-02-21T21:00:52.259+0000] {dag.py:3239} INFO - Sync 1 DAGs
[2026-02-21T21:00:52.420+0000] {logging_mixin.py:190} INFO - [2026-02-21T21:00:52.418+0000] {dag.py:4180} INFO - Setting next_dagrun for example_python_decorator to None, run_after=None
[2026-02-21T21:00:52.595+0000] {processor.py:208} INFO - Processing /home/airflow/.local/lib/python3.12/site-packages/airflow/example_dags/example_python_decorator.py took 0.889 seconds
[2026-02-21T21:14:44.548+0000] {processor.py:186} INFO - Started process (PID=2579) to work on /home/airflow/.local/lib/python3.12/site-packages/airflow/example_dags/example_python_decorator.py
[2026-02-21T21:14:44.565+0000] {processor.py:914} INFO - Processing file /home/airflow/.local/lib/python3.12/site-packages/airflow/example_dags/example_python_decorator.py for tasks to queue
[2026-02-21T21:14:44.571+0000] {logging_mixin.py:190} INFO - [2026-02-21T21:14:44.570+0000] {dagbag.py:588} INFO - Filling up the DagBag from /home/airflow/.local/lib/python3.12/site-packages/airflow/example_dags/example_python_decorator.py
[2026-02-21T21:14:44.711+0000] {processor.py:925} INFO - DAG(s) 'example_python_decorator' retrieved from /home/airflow/.local/lib/python3.12/site-packages/airflow/example_dags/example_python_decorator.py
[2026-02-21T21:14:44.951+0000] {logging_mixin.py:190} INFO - [2026-02-21T21:14:44.950+0000] {dag.py:3239} INFO - Sync 1 DAGs
[2026-02-21T21:14:45.113+0000] {logging_mixin.py:190} INFO - [2026-02-21T21:14:45.112+0000] {dag.py:4180} INFO - Setting next_dagrun for example_python_decorator to None, run_after=None
[2026-02-21T21:14:45.321+0000] {processor.py:208} INFO - Processing /home/airflow/.local/lib/python3.12/site-packages/airflow/example_dags/example_python_decorator.py took 0.823 seconds
[2026-02-21T21:35:16.471+0000] {processor.py:186} INFO - Started process (PID=2644) to work on /home/airflow/.local/lib/python3.12/site-packages/airflow/example_dags/example_python_decorator.py
[2026-02-21T21:35:16.500+0000] {processor.py:914} INFO - Processing file /home/airflow/.local/lib/python3.12/site-packages/airflow/example_dags/example_python_decorator.py for tasks to queue
[2026-02-21T21:35:16.554+0000] {logging_mixin.py:190} INFO - [2026-02-21T21:35:16.552+0000] {dagbag.py:588} INFO - Filling up the DagBag from /home/airflow/.local/lib/python3.12/site-packages/airflow/example_dags/example_python_decorator.py
[2026-02-21T21:35:17.042+0000] {processor.py:925} INFO - DAG(s) 'example_python_decorator' retrieved from /home/airflow/.local/lib/python3.12/site-packages/airflow/example_dags/example_python_decorator.py
[2026-02-21T21:35:17.398+0000] {logging_mixin.py:190} INFO - [2026-02-21T21:35:17.397+0000] {dag.py:3239} INFO - Sync 1 DAGs
[2026-02-21T21:35:17.627+0000] {logging_mixin.py:190} INFO - [2026-02-21T21:35:17.626+0000] {dag.py:4180} INFO - Setting next_dagrun for example_python_decorator to None, run_after=None
[2026-02-21T21:35:17.922+0000] {processor.py:208} INFO - Processing /home/airflow/.local/lib/python3.12/site-packages/airflow/example_dags/example_python_decorator.py took 1.518 seconds
