[2026-02-21T12:34:19.517+0000] {processor.py:186} INFO - Started process (PID=86) to work on /home/airflow/.local/lib/python3.12/site-packages/airflow/example_dags/example_bash_operator.py
[2026-02-21T12:34:19.520+0000] {processor.py:914} INFO - Processing file /home/airflow/.local/lib/python3.12/site-packages/airflow/example_dags/example_bash_operator.py for tasks to queue
[2026-02-21T12:34:19.527+0000] {logging_mixin.py:190} INFO - [2026-02-21T12:34:19.526+0000] {dagbag.py:588} INFO - Filling up the DagBag from /home/airflow/.local/lib/python3.12/site-packages/airflow/example_dags/example_bash_operator.py
[2026-02-21T12:34:19.561+0000] {processor.py:925} INFO - DAG(s) 'example_bash_operator' retrieved from /home/airflow/.local/lib/python3.12/site-packages/airflow/example_dags/example_bash_operator.py
[2026-02-21T12:34:19.641+0000] {logging_mixin.py:190} INFO - [2026-02-21T12:34:19.641+0000] {dag.py:3239} INFO - Sync 1 DAGs
[2026-02-21T12:34:19.708+0000] {logging_mixin.py:190} INFO - [2026-02-21T12:34:19.707+0000] {dag.py:4180} INFO - Setting next_dagrun for example_bash_operator to 2026-02-20 00:00:00+00:00, run_after=2026-02-21 00:00:00+00:00
[2026-02-21T12:34:19.768+0000] {processor.py:208} INFO - Processing /home/airflow/.local/lib/python3.12/site-packages/airflow/example_dags/example_bash_operator.py took 0.264 seconds
[2026-02-21T12:34:50.313+0000] {processor.py:186} INFO - Started process (PID=151) to work on /home/airflow/.local/lib/python3.12/site-packages/airflow/example_dags/example_bash_operator.py
[2026-02-21T12:34:50.316+0000] {processor.py:914} INFO - Processing file /home/airflow/.local/lib/python3.12/site-packages/airflow/example_dags/example_bash_operator.py for tasks to queue
[2026-02-21T12:34:50.321+0000] {logging_mixin.py:190} INFO - [2026-02-21T12:34:50.320+0000] {dagbag.py:588} INFO - Filling up the DagBag from /home/airflow/.local/lib/python3.12/site-packages/airflow/example_dags/example_bash_operator.py
[2026-02-21T12:34:50.351+0000] {processor.py:925} INFO - DAG(s) 'example_bash_operator' retrieved from /home/airflow/.local/lib/python3.12/site-packages/airflow/example_dags/example_bash_operator.py
[2026-02-21T12:34:50.419+0000] {logging_mixin.py:190} INFO - [2026-02-21T12:34:50.419+0000] {dag.py:3239} INFO - Sync 1 DAGs
[2026-02-21T12:34:50.485+0000] {logging_mixin.py:190} INFO - [2026-02-21T12:34:50.484+0000] {dag.py:4180} INFO - Setting next_dagrun for example_bash_operator to 2026-02-20 00:00:00+00:00, run_after=2026-02-21 00:00:00+00:00
[2026-02-21T12:34:50.540+0000] {processor.py:208} INFO - Processing /home/airflow/.local/lib/python3.12/site-packages/airflow/example_dags/example_bash_operator.py took 0.239 seconds
[2026-02-21T12:35:22.642+0000] {processor.py:186} INFO - Started process (PID=216) to work on /home/airflow/.local/lib/python3.12/site-packages/airflow/example_dags/example_bash_operator.py
[2026-02-21T12:35:22.644+0000] {processor.py:914} INFO - Processing file /home/airflow/.local/lib/python3.12/site-packages/airflow/example_dags/example_bash_operator.py for tasks to queue
[2026-02-21T12:35:22.650+0000] {logging_mixin.py:190} INFO - [2026-02-21T12:35:22.649+0000] {dagbag.py:588} INFO - Filling up the DagBag from /home/airflow/.local/lib/python3.12/site-packages/airflow/example_dags/example_bash_operator.py
[2026-02-21T12:35:22.679+0000] {processor.py:925} INFO - DAG(s) 'example_bash_operator' retrieved from /home/airflow/.local/lib/python3.12/site-packages/airflow/example_dags/example_bash_operator.py
[2026-02-21T12:35:22.735+0000] {logging_mixin.py:190} INFO - [2026-02-21T12:35:22.735+0000] {dag.py:3239} INFO - Sync 1 DAGs
[2026-02-21T12:35:22.784+0000] {logging_mixin.py:190} INFO - [2026-02-21T12:35:22.783+0000] {dag.py:4180} INFO - Setting next_dagrun for example_bash_operator to 2026-02-20 00:00:00+00:00, run_after=2026-02-21 00:00:00+00:00
[2026-02-21T12:35:22.826+0000] {processor.py:208} INFO - Processing /home/airflow/.local/lib/python3.12/site-packages/airflow/example_dags/example_bash_operator.py took 0.198 seconds
[2026-02-21T12:35:56.513+0000] {processor.py:186} INFO - Started process (PID=281) to work on /home/airflow/.local/lib/python3.12/site-packages/airflow/example_dags/example_bash_operator.py
[2026-02-21T12:35:56.518+0000] {processor.py:914} INFO - Processing file /home/airflow/.local/lib/python3.12/site-packages/airflow/example_dags/example_bash_operator.py for tasks to queue
[2026-02-21T12:35:56.528+0000] {logging_mixin.py:190} INFO - [2026-02-21T12:35:56.527+0000] {dagbag.py:588} INFO - Filling up the DagBag from /home/airflow/.local/lib/python3.12/site-packages/airflow/example_dags/example_bash_operator.py
[2026-02-21T12:35:56.594+0000] {processor.py:925} INFO - DAG(s) 'example_bash_operator' retrieved from /home/airflow/.local/lib/python3.12/site-packages/airflow/example_dags/example_bash_operator.py
[2026-02-21T12:35:56.738+0000] {logging_mixin.py:190} INFO - [2026-02-21T12:35:56.736+0000] {dag.py:3239} INFO - Sync 1 DAGs
[2026-02-21T12:35:57.035+0000] {logging_mixin.py:190} INFO - [2026-02-21T12:35:57.034+0000] {dag.py:4180} INFO - Setting next_dagrun for example_bash_operator to 2026-02-20 00:00:00+00:00, run_after=2026-02-21 00:00:00+00:00
[2026-02-21T12:35:57.140+0000] {processor.py:208} INFO - Processing /home/airflow/.local/lib/python3.12/site-packages/airflow/example_dags/example_bash_operator.py took 0.652 seconds
[2026-02-21T12:36:42.832+0000] {processor.py:186} INFO - Started process (PID=352) to work on /home/airflow/.local/lib/python3.12/site-packages/airflow/example_dags/example_bash_operator.py
[2026-02-21T12:36:42.847+0000] {processor.py:914} INFO - Processing file /home/airflow/.local/lib/python3.12/site-packages/airflow/example_dags/example_bash_operator.py for tasks to queue
[2026-02-21T12:36:42.863+0000] {logging_mixin.py:190} INFO - [2026-02-21T12:36:42.862+0000] {dagbag.py:588} INFO - Filling up the DagBag from /home/airflow/.local/lib/python3.12/site-packages/airflow/example_dags/example_bash_operator.py
[2026-02-21T12:36:42.973+0000] {processor.py:925} INFO - DAG(s) 'example_bash_operator' retrieved from /home/airflow/.local/lib/python3.12/site-packages/airflow/example_dags/example_bash_operator.py
[2026-02-21T12:36:43.163+0000] {logging_mixin.py:190} INFO - [2026-02-21T12:36:43.162+0000] {dag.py:3239} INFO - Sync 1 DAGs
[2026-02-21T12:36:43.320+0000] {logging_mixin.py:190} INFO - [2026-02-21T12:36:43.319+0000] {dag.py:4180} INFO - Setting next_dagrun for example_bash_operator to 2026-02-20 00:00:00+00:00, run_after=2026-02-21 00:00:00+00:00
[2026-02-21T12:36:43.426+0000] {processor.py:208} INFO - Processing /home/airflow/.local/lib/python3.12/site-packages/airflow/example_dags/example_bash_operator.py took 0.629 seconds
[2026-02-21T12:37:15.279+0000] {processor.py:186} INFO - Started process (PID=417) to work on /home/airflow/.local/lib/python3.12/site-packages/airflow/example_dags/example_bash_operator.py
[2026-02-21T12:37:15.284+0000] {processor.py:914} INFO - Processing file /home/airflow/.local/lib/python3.12/site-packages/airflow/example_dags/example_bash_operator.py for tasks to queue
[2026-02-21T12:37:15.295+0000] {logging_mixin.py:190} INFO - [2026-02-21T12:37:15.294+0000] {dagbag.py:588} INFO - Filling up the DagBag from /home/airflow/.local/lib/python3.12/site-packages/airflow/example_dags/example_bash_operator.py
[2026-02-21T12:37:15.358+0000] {processor.py:925} INFO - DAG(s) 'example_bash_operator' retrieved from /home/airflow/.local/lib/python3.12/site-packages/airflow/example_dags/example_bash_operator.py
[2026-02-21T12:37:15.482+0000] {logging_mixin.py:190} INFO - [2026-02-21T12:37:15.481+0000] {dag.py:3239} INFO - Sync 1 DAGs
[2026-02-21T12:37:15.607+0000] {logging_mixin.py:190} INFO - [2026-02-21T12:37:15.606+0000] {dag.py:4180} INFO - Setting next_dagrun for example_bash_operator to 2026-02-20 00:00:00+00:00, run_after=2026-02-21 00:00:00+00:00
[2026-02-21T12:37:15.703+0000] {processor.py:208} INFO - Processing /home/airflow/.local/lib/python3.12/site-packages/airflow/example_dags/example_bash_operator.py took 0.451 seconds
[2026-02-21T12:37:46.379+0000] {processor.py:186} INFO - Started process (PID=482) to work on /home/airflow/.local/lib/python3.12/site-packages/airflow/example_dags/example_bash_operator.py
[2026-02-21T12:37:46.383+0000] {processor.py:914} INFO - Processing file /home/airflow/.local/lib/python3.12/site-packages/airflow/example_dags/example_bash_operator.py for tasks to queue
[2026-02-21T12:37:46.394+0000] {logging_mixin.py:190} INFO - [2026-02-21T12:37:46.393+0000] {dagbag.py:588} INFO - Filling up the DagBag from /home/airflow/.local/lib/python3.12/site-packages/airflow/example_dags/example_bash_operator.py
[2026-02-21T12:37:46.460+0000] {processor.py:925} INFO - DAG(s) 'example_bash_operator' retrieved from /home/airflow/.local/lib/python3.12/site-packages/airflow/example_dags/example_bash_operator.py
[2026-02-21T12:37:46.585+0000] {logging_mixin.py:190} INFO - [2026-02-21T12:37:46.584+0000] {dag.py:3239} INFO - Sync 1 DAGs
[2026-02-21T12:37:46.693+0000] {logging_mixin.py:190} INFO - [2026-02-21T12:37:46.692+0000] {dag.py:4180} INFO - Setting next_dagrun for example_bash_operator to 2026-02-20 00:00:00+00:00, run_after=2026-02-21 00:00:00+00:00
[2026-02-21T12:37:46.782+0000] {processor.py:208} INFO - Processing /home/airflow/.local/lib/python3.12/site-packages/airflow/example_dags/example_bash_operator.py took 0.430 seconds
[2026-02-21T12:38:17.398+0000] {processor.py:186} INFO - Started process (PID=546) to work on /home/airflow/.local/lib/python3.12/site-packages/airflow/example_dags/example_bash_operator.py
[2026-02-21T12:38:17.400+0000] {processor.py:914} INFO - Processing file /home/airflow/.local/lib/python3.12/site-packages/airflow/example_dags/example_bash_operator.py for tasks to queue
[2026-02-21T12:38:17.403+0000] {logging_mixin.py:190} INFO - [2026-02-21T12:38:17.403+0000] {dagbag.py:588} INFO - Filling up the DagBag from /home/airflow/.local/lib/python3.12/site-packages/airflow/example_dags/example_bash_operator.py
[2026-02-21T12:38:17.422+0000] {processor.py:925} INFO - DAG(s) 'example_bash_operator' retrieved from /home/airflow/.local/lib/python3.12/site-packages/airflow/example_dags/example_bash_operator.py
[2026-02-21T12:38:17.462+0000] {logging_mixin.py:190} INFO - [2026-02-21T12:38:17.462+0000] {dag.py:3239} INFO - Sync 1 DAGs
[2026-02-21T12:38:17.496+0000] {logging_mixin.py:190} INFO - [2026-02-21T12:38:17.495+0000] {dag.py:4180} INFO - Setting next_dagrun for example_bash_operator to 2026-02-20 00:00:00+00:00, run_after=2026-02-21 00:00:00+00:00
[2026-02-21T12:38:17.524+0000] {processor.py:208} INFO - Processing /home/airflow/.local/lib/python3.12/site-packages/airflow/example_dags/example_bash_operator.py took 0.134 seconds
[2026-02-21T12:38:47.865+0000] {processor.py:186} INFO - Started process (PID=617) to work on /home/airflow/.local/lib/python3.12/site-packages/airflow/example_dags/example_bash_operator.py
[2026-02-21T12:38:47.868+0000] {processor.py:914} INFO - Processing file /home/airflow/.local/lib/python3.12/site-packages/airflow/example_dags/example_bash_operator.py for tasks to queue
[2026-02-21T12:38:47.875+0000] {logging_mixin.py:190} INFO - [2026-02-21T12:38:47.875+0000] {dagbag.py:588} INFO - Filling up the DagBag from /home/airflow/.local/lib/python3.12/site-packages/airflow/example_dags/example_bash_operator.py
[2026-02-21T12:38:47.909+0000] {processor.py:925} INFO - DAG(s) 'example_bash_operator' retrieved from /home/airflow/.local/lib/python3.12/site-packages/airflow/example_dags/example_bash_operator.py
[2026-02-21T12:38:47.979+0000] {logging_mixin.py:190} INFO - [2026-02-21T12:38:47.978+0000] {dag.py:3239} INFO - Sync 1 DAGs
[2026-02-21T12:38:48.052+0000] {logging_mixin.py:190} INFO - [2026-02-21T12:38:48.051+0000] {dag.py:4180} INFO - Setting next_dagrun for example_bash_operator to 2026-02-20 00:00:00+00:00, run_after=2026-02-21 00:00:00+00:00
[2026-02-21T12:38:48.110+0000] {processor.py:208} INFO - Processing /home/airflow/.local/lib/python3.12/site-packages/airflow/example_dags/example_bash_operator.py took 0.263 seconds
[2026-02-21T12:39:18.381+0000] {processor.py:186} INFO - Started process (PID=682) to work on /home/airflow/.local/lib/python3.12/site-packages/airflow/example_dags/example_bash_operator.py
[2026-02-21T12:39:18.386+0000] {processor.py:914} INFO - Processing file /home/airflow/.local/lib/python3.12/site-packages/airflow/example_dags/example_bash_operator.py for tasks to queue
[2026-02-21T12:39:18.395+0000] {logging_mixin.py:190} INFO - [2026-02-21T12:39:18.394+0000] {dagbag.py:588} INFO - Filling up the DagBag from /home/airflow/.local/lib/python3.12/site-packages/airflow/example_dags/example_bash_operator.py
[2026-02-21T12:39:18.445+0000] {processor.py:925} INFO - DAG(s) 'example_bash_operator' retrieved from /home/airflow/.local/lib/python3.12/site-packages/airflow/example_dags/example_bash_operator.py
[2026-02-21T12:39:18.556+0000] {logging_mixin.py:190} INFO - [2026-02-21T12:39:18.555+0000] {dag.py:3239} INFO - Sync 1 DAGs
[2026-02-21T12:39:18.666+0000] {logging_mixin.py:190} INFO - [2026-02-21T12:39:18.665+0000] {dag.py:4180} INFO - Setting next_dagrun for example_bash_operator to 2026-02-20 00:00:00+00:00, run_after=2026-02-21 00:00:00+00:00
[2026-02-21T12:39:18.746+0000] {processor.py:208} INFO - Processing /home/airflow/.local/lib/python3.12/site-packages/airflow/example_dags/example_bash_operator.py took 0.389 seconds
[2026-02-21T12:40:17.673+0000] {processor.py:186} INFO - Started process (PID=752) to work on /home/airflow/.local/lib/python3.12/site-packages/airflow/example_dags/example_bash_operator.py
[2026-02-21T12:40:17.687+0000] {processor.py:914} INFO - Processing file /home/airflow/.local/lib/python3.12/site-packages/airflow/example_dags/example_bash_operator.py for tasks to queue
[2026-02-21T12:40:17.713+0000] {logging_mixin.py:190} INFO - [2026-02-21T12:40:17.712+0000] {dagbag.py:588} INFO - Filling up the DagBag from /home/airflow/.local/lib/python3.12/site-packages/airflow/example_dags/example_bash_operator.py
[2026-02-21T12:40:17.895+0000] {processor.py:925} INFO - DAG(s) 'example_bash_operator' retrieved from /home/airflow/.local/lib/python3.12/site-packages/airflow/example_dags/example_bash_operator.py
[2026-02-21T12:40:18.269+0000] {logging_mixin.py:190} INFO - [2026-02-21T12:40:18.268+0000] {dag.py:3239} INFO - Sync 1 DAGs
[2026-02-21T12:40:18.585+0000] {logging_mixin.py:190} INFO - [2026-02-21T12:40:18.584+0000] {dag.py:4180} INFO - Setting next_dagrun for example_bash_operator to 2026-02-20 00:00:00+00:00, run_after=2026-02-21 00:00:00+00:00
[2026-02-21T12:40:18.797+0000] {processor.py:208} INFO - Processing /home/airflow/.local/lib/python3.12/site-packages/airflow/example_dags/example_bash_operator.py took 1.170 seconds
[2026-02-21T12:41:42.887+0000] {processor.py:186} INFO - Started process (PID=808) to work on /home/airflow/.local/lib/python3.12/site-packages/airflow/example_dags/example_bash_operator.py
[2026-02-21T12:41:42.890+0000] {processor.py:914} INFO - Processing file /home/airflow/.local/lib/python3.12/site-packages/airflow/example_dags/example_bash_operator.py for tasks to queue
[2026-02-21T12:41:42.897+0000] {logging_mixin.py:190} INFO - [2026-02-21T12:41:42.895+0000] {dagbag.py:588} INFO - Filling up the DagBag from /home/airflow/.local/lib/python3.12/site-packages/airflow/example_dags/example_bash_operator.py
[2026-02-21T12:41:42.968+0000] {processor.py:925} INFO - DAG(s) 'example_bash_operator' retrieved from /home/airflow/.local/lib/python3.12/site-packages/airflow/example_dags/example_bash_operator.py
[2026-02-21T12:41:43.081+0000] {logging_mixin.py:190} INFO - [2026-02-21T12:41:43.080+0000] {dag.py:3239} INFO - Sync 1 DAGs
[2026-02-21T12:41:43.169+0000] {logging_mixin.py:190} INFO - [2026-02-21T12:41:43.169+0000] {dag.py:4180} INFO - Setting next_dagrun for example_bash_operator to 2026-02-20 00:00:00+00:00, run_after=2026-02-21 00:00:00+00:00
[2026-02-21T12:41:43.254+0000] {processor.py:208} INFO - Processing /home/airflow/.local/lib/python3.12/site-packages/airflow/example_dags/example_bash_operator.py took 0.389 seconds
[2026-02-21T12:42:16.568+0000] {processor.py:186} INFO - Started process (PID=880) to work on /home/airflow/.local/lib/python3.12/site-packages/airflow/example_dags/example_bash_operator.py
[2026-02-21T12:42:16.574+0000] {processor.py:914} INFO - Processing file /home/airflow/.local/lib/python3.12/site-packages/airflow/example_dags/example_bash_operator.py for tasks to queue
[2026-02-21T12:42:16.587+0000] {logging_mixin.py:190} INFO - [2026-02-21T12:42:16.585+0000] {dagbag.py:588} INFO - Filling up the DagBag from /home/airflow/.local/lib/python3.12/site-packages/airflow/example_dags/example_bash_operator.py
[2026-02-21T12:42:16.693+0000] {processor.py:925} INFO - DAG(s) 'example_bash_operator' retrieved from /home/airflow/.local/lib/python3.12/site-packages/airflow/example_dags/example_bash_operator.py
[2026-02-21T12:42:16.901+0000] {logging_mixin.py:190} INFO - [2026-02-21T12:42:16.899+0000] {dag.py:3239} INFO - Sync 1 DAGs
[2026-02-21T12:42:17.057+0000] {logging_mixin.py:190} INFO - [2026-02-21T12:42:17.056+0000] {dag.py:4180} INFO - Setting next_dagrun for example_bash_operator to 2026-02-20 00:00:00+00:00, run_after=2026-02-21 00:00:00+00:00
[2026-02-21T12:42:17.213+0000] {processor.py:208} INFO - Processing /home/airflow/.local/lib/python3.12/site-packages/airflow/example_dags/example_bash_operator.py took 0.689 seconds
[2026-02-21T12:54:07.954+0000] {processor.py:186} INFO - Started process (PID=969) to work on /home/airflow/.local/lib/python3.12/site-packages/airflow/example_dags/example_bash_operator.py
[2026-02-21T12:54:07.958+0000] {processor.py:914} INFO - Processing file /home/airflow/.local/lib/python3.12/site-packages/airflow/example_dags/example_bash_operator.py for tasks to queue
[2026-02-21T12:54:07.965+0000] {logging_mixin.py:190} INFO - [2026-02-21T12:54:07.964+0000] {dagbag.py:588} INFO - Filling up the DagBag from /home/airflow/.local/lib/python3.12/site-packages/airflow/example_dags/example_bash_operator.py
[2026-02-21T12:54:08.008+0000] {processor.py:925} INFO - DAG(s) 'example_bash_operator' retrieved from /home/airflow/.local/lib/python3.12/site-packages/airflow/example_dags/example_bash_operator.py
[2026-02-21T12:54:08.095+0000] {logging_mixin.py:190} INFO - [2026-02-21T12:54:08.095+0000] {dag.py:3239} INFO - Sync 1 DAGs
[2026-02-21T12:54:08.160+0000] {logging_mixin.py:190} INFO - [2026-02-21T12:54:08.159+0000] {dag.py:4180} INFO - Setting next_dagrun for example_bash_operator to 2026-02-20 00:00:00+00:00, run_after=2026-02-21 00:00:00+00:00
[2026-02-21T12:54:08.229+0000] {processor.py:208} INFO - Processing /home/airflow/.local/lib/python3.12/site-packages/airflow/example_dags/example_bash_operator.py took 0.293 seconds
[2026-02-21T12:54:39.330+0000] {processor.py:186} INFO - Started process (PID=1034) to work on /home/airflow/.local/lib/python3.12/site-packages/airflow/example_dags/example_bash_operator.py
[2026-02-21T12:54:39.334+0000] {processor.py:914} INFO - Processing file /home/airflow/.local/lib/python3.12/site-packages/airflow/example_dags/example_bash_operator.py for tasks to queue
[2026-02-21T12:54:39.341+0000] {logging_mixin.py:190} INFO - [2026-02-21T12:54:39.340+0000] {dagbag.py:588} INFO - Filling up the DagBag from /home/airflow/.local/lib/python3.12/site-packages/airflow/example_dags/example_bash_operator.py
[2026-02-21T12:54:39.391+0000] {processor.py:925} INFO - DAG(s) 'example_bash_operator' retrieved from /home/airflow/.local/lib/python3.12/site-packages/airflow/example_dags/example_bash_operator.py
[2026-02-21T12:54:39.486+0000] {logging_mixin.py:190} INFO - [2026-02-21T12:54:39.485+0000] {dag.py:3239} INFO - Sync 1 DAGs
[2026-02-21T12:54:39.564+0000] {logging_mixin.py:190} INFO - [2026-02-21T12:54:39.563+0000] {dag.py:4180} INFO - Setting next_dagrun for example_bash_operator to 2026-02-20 00:00:00+00:00, run_after=2026-02-21 00:00:00+00:00
[2026-02-21T12:54:39.628+0000] {processor.py:208} INFO - Processing /home/airflow/.local/lib/python3.12/site-packages/airflow/example_dags/example_bash_operator.py took 0.317 seconds
[2026-02-21T12:55:15.094+0000] {processor.py:186} INFO - Started process (PID=1104) to work on /home/airflow/.local/lib/python3.12/site-packages/airflow/example_dags/example_bash_operator.py
[2026-02-21T12:55:15.097+0000] {processor.py:914} INFO - Processing file /home/airflow/.local/lib/python3.12/site-packages/airflow/example_dags/example_bash_operator.py for tasks to queue
[2026-02-21T12:55:15.105+0000] {logging_mixin.py:190} INFO - [2026-02-21T12:55:15.104+0000] {dagbag.py:588} INFO - Filling up the DagBag from /home/airflow/.local/lib/python3.12/site-packages/airflow/example_dags/example_bash_operator.py
[2026-02-21T12:55:15.149+0000] {processor.py:925} INFO - DAG(s) 'example_bash_operator' retrieved from /home/airflow/.local/lib/python3.12/site-packages/airflow/example_dags/example_bash_operator.py
[2026-02-21T12:55:15.235+0000] {logging_mixin.py:190} INFO - [2026-02-21T12:55:15.234+0000] {dag.py:3239} INFO - Sync 1 DAGs
[2026-02-21T12:55:15.304+0000] {logging_mixin.py:190} INFO - [2026-02-21T12:55:15.303+0000] {dag.py:4180} INFO - Setting next_dagrun for example_bash_operator to 2026-02-20 00:00:00+00:00, run_after=2026-02-21 00:00:00+00:00
[2026-02-21T12:55:15.364+0000] {processor.py:208} INFO - Processing /home/airflow/.local/lib/python3.12/site-packages/airflow/example_dags/example_bash_operator.py took 0.284 seconds
[2026-02-21T12:55:46.607+0000] {processor.py:186} INFO - Started process (PID=1168) to work on /home/airflow/.local/lib/python3.12/site-packages/airflow/example_dags/example_bash_operator.py
[2026-02-21T12:55:46.615+0000] {processor.py:914} INFO - Processing file /home/airflow/.local/lib/python3.12/site-packages/airflow/example_dags/example_bash_operator.py for tasks to queue
[2026-02-21T12:55:46.634+0000] {logging_mixin.py:190} INFO - [2026-02-21T12:55:46.633+0000] {dagbag.py:588} INFO - Filling up the DagBag from /home/airflow/.local/lib/python3.12/site-packages/airflow/example_dags/example_bash_operator.py
[2026-02-21T12:55:46.748+0000] {processor.py:925} INFO - DAG(s) 'example_bash_operator' retrieved from /home/airflow/.local/lib/python3.12/site-packages/airflow/example_dags/example_bash_operator.py
[2026-02-21T12:55:46.983+0000] {logging_mixin.py:190} INFO - [2026-02-21T12:55:46.982+0000] {dag.py:3239} INFO - Sync 1 DAGs
[2026-02-21T12:55:47.143+0000] {logging_mixin.py:190} INFO - [2026-02-21T12:55:47.142+0000] {dag.py:4180} INFO - Setting next_dagrun for example_bash_operator to 2026-02-20 00:00:00+00:00, run_after=2026-02-21 00:00:00+00:00
[2026-02-21T12:55:47.308+0000] {processor.py:208} INFO - Processing /home/airflow/.local/lib/python3.12/site-packages/airflow/example_dags/example_bash_operator.py took 0.743 seconds
[2026-02-21T17:10:23.515+0000] {processor.py:186} INFO - Started process (PID=1208) to work on /home/airflow/.local/lib/python3.12/site-packages/airflow/example_dags/example_bash_operator.py
[2026-02-21T17:10:23.518+0000] {processor.py:914} INFO - Processing file /home/airflow/.local/lib/python3.12/site-packages/airflow/example_dags/example_bash_operator.py for tasks to queue
[2026-02-21T17:10:23.524+0000] {logging_mixin.py:190} INFO - [2026-02-21T17:10:23.523+0000] {dagbag.py:588} INFO - Filling up the DagBag from /home/airflow/.local/lib/python3.12/site-packages/airflow/example_dags/example_bash_operator.py
[2026-02-21T17:10:23.554+0000] {processor.py:925} INFO - DAG(s) 'example_bash_operator' retrieved from /home/airflow/.local/lib/python3.12/site-packages/airflow/example_dags/example_bash_operator.py
[2026-02-21T17:10:23.611+0000] {logging_mixin.py:190} INFO - [2026-02-21T17:10:23.610+0000] {dag.py:3239} INFO - Sync 1 DAGs
[2026-02-21T17:10:23.655+0000] {logging_mixin.py:190} INFO - [2026-02-21T17:10:23.654+0000] {dag.py:4180} INFO - Setting next_dagrun for example_bash_operator to 2026-02-20 00:00:00+00:00, run_after=2026-02-21 00:00:00+00:00
[2026-02-21T17:10:23.694+0000] {processor.py:208} INFO - Processing /home/airflow/.local/lib/python3.12/site-packages/airflow/example_dags/example_bash_operator.py took 0.191 seconds
[2026-02-21T17:10:59.074+0000] {processor.py:186} INFO - Started process (PID=1273) to work on /home/airflow/.local/lib/python3.12/site-packages/airflow/example_dags/example_bash_operator.py
[2026-02-21T17:10:59.077+0000] {processor.py:914} INFO - Processing file /home/airflow/.local/lib/python3.12/site-packages/airflow/example_dags/example_bash_operator.py for tasks to queue
[2026-02-21T17:10:59.082+0000] {logging_mixin.py:190} INFO - [2026-02-21T17:10:59.081+0000] {dagbag.py:588} INFO - Filling up the DagBag from /home/airflow/.local/lib/python3.12/site-packages/airflow/example_dags/example_bash_operator.py
[2026-02-21T17:10:59.124+0000] {processor.py:925} INFO - DAG(s) 'example_bash_operator' retrieved from /home/airflow/.local/lib/python3.12/site-packages/airflow/example_dags/example_bash_operator.py
[2026-02-21T17:10:59.197+0000] {logging_mixin.py:190} INFO - [2026-02-21T17:10:59.196+0000] {dag.py:3239} INFO - Sync 1 DAGs
[2026-02-21T17:10:59.263+0000] {logging_mixin.py:190} INFO - [2026-02-21T17:10:59.262+0000] {dag.py:4180} INFO - Setting next_dagrun for example_bash_operator to 2026-02-20 00:00:00+00:00, run_after=2026-02-21 00:00:00+00:00
[2026-02-21T17:10:59.317+0000] {processor.py:208} INFO - Processing /home/airflow/.local/lib/python3.12/site-packages/airflow/example_dags/example_bash_operator.py took 0.262 seconds
[2026-02-21T17:11:32.678+0000] {processor.py:186} INFO - Started process (PID=1338) to work on /home/airflow/.local/lib/python3.12/site-packages/airflow/example_dags/example_bash_operator.py
[2026-02-21T17:11:32.681+0000] {processor.py:914} INFO - Processing file /home/airflow/.local/lib/python3.12/site-packages/airflow/example_dags/example_bash_operator.py for tasks to queue
[2026-02-21T17:11:32.687+0000] {logging_mixin.py:190} INFO - [2026-02-21T17:11:32.686+0000] {dagbag.py:588} INFO - Filling up the DagBag from /home/airflow/.local/lib/python3.12/site-packages/airflow/example_dags/example_bash_operator.py
[2026-02-21T17:11:32.726+0000] {processor.py:925} INFO - DAG(s) 'example_bash_operator' retrieved from /home/airflow/.local/lib/python3.12/site-packages/airflow/example_dags/example_bash_operator.py
[2026-02-21T17:11:32.808+0000] {logging_mixin.py:190} INFO - [2026-02-21T17:11:32.807+0000] {dag.py:3239} INFO - Sync 1 DAGs
[2026-02-21T17:11:32.866+0000] {logging_mixin.py:190} INFO - [2026-02-21T17:11:32.866+0000] {dag.py:4180} INFO - Setting next_dagrun for example_bash_operator to 2026-02-20 00:00:00+00:00, run_after=2026-02-21 00:00:00+00:00
[2026-02-21T17:11:32.919+0000] {processor.py:208} INFO - Processing /home/airflow/.local/lib/python3.12/site-packages/airflow/example_dags/example_bash_operator.py took 0.257 seconds
[2026-02-21T17:12:03.510+0000] {processor.py:186} INFO - Started process (PID=1403) to work on /home/airflow/.local/lib/python3.12/site-packages/airflow/example_dags/example_bash_operator.py
[2026-02-21T17:12:03.512+0000] {processor.py:914} INFO - Processing file /home/airflow/.local/lib/python3.12/site-packages/airflow/example_dags/example_bash_operator.py for tasks to queue
[2026-02-21T17:12:03.516+0000] {logging_mixin.py:190} INFO - [2026-02-21T17:12:03.516+0000] {dagbag.py:588} INFO - Filling up the DagBag from /home/airflow/.local/lib/python3.12/site-packages/airflow/example_dags/example_bash_operator.py
[2026-02-21T17:12:03.536+0000] {processor.py:925} INFO - DAG(s) 'example_bash_operator' retrieved from /home/airflow/.local/lib/python3.12/site-packages/airflow/example_dags/example_bash_operator.py
[2026-02-21T17:12:03.570+0000] {logging_mixin.py:190} INFO - [2026-02-21T17:12:03.570+0000] {dag.py:3239} INFO - Sync 1 DAGs
[2026-02-21T17:12:03.596+0000] {logging_mixin.py:190} INFO - [2026-02-21T17:12:03.596+0000] {dag.py:4180} INFO - Setting next_dagrun for example_bash_operator to 2026-02-20 00:00:00+00:00, run_after=2026-02-21 00:00:00+00:00
[2026-02-21T17:12:03.619+0000] {processor.py:208} INFO - Processing /home/airflow/.local/lib/python3.12/site-packages/airflow/example_dags/example_bash_operator.py took 0.117 seconds
[2026-02-21T17:12:34.445+0000] {processor.py:186} INFO - Started process (PID=1468) to work on /home/airflow/.local/lib/python3.12/site-packages/airflow/example_dags/example_bash_operator.py
[2026-02-21T17:12:34.446+0000] {processor.py:914} INFO - Processing file /home/airflow/.local/lib/python3.12/site-packages/airflow/example_dags/example_bash_operator.py for tasks to queue
[2026-02-21T17:12:34.451+0000] {logging_mixin.py:190} INFO - [2026-02-21T17:12:34.450+0000] {dagbag.py:588} INFO - Filling up the DagBag from /home/airflow/.local/lib/python3.12/site-packages/airflow/example_dags/example_bash_operator.py
[2026-02-21T17:12:34.475+0000] {processor.py:925} INFO - DAG(s) 'example_bash_operator' retrieved from /home/airflow/.local/lib/python3.12/site-packages/airflow/example_dags/example_bash_operator.py
[2026-02-21T17:12:34.520+0000] {logging_mixin.py:190} INFO - [2026-02-21T17:12:34.520+0000] {dag.py:3239} INFO - Sync 1 DAGs
[2026-02-21T17:12:34.556+0000] {logging_mixin.py:190} INFO - [2026-02-21T17:12:34.556+0000] {dag.py:4180} INFO - Setting next_dagrun for example_bash_operator to 2026-02-20 00:00:00+00:00, run_after=2026-02-21 00:00:00+00:00
[2026-02-21T17:12:34.587+0000] {processor.py:208} INFO - Processing /home/airflow/.local/lib/python3.12/site-packages/airflow/example_dags/example_bash_operator.py took 0.155 seconds
[2026-02-21T17:13:05.346+0000] {processor.py:186} INFO - Started process (PID=1534) to work on /home/airflow/.local/lib/python3.12/site-packages/airflow/example_dags/example_bash_operator.py
[2026-02-21T17:13:05.348+0000] {processor.py:914} INFO - Processing file /home/airflow/.local/lib/python3.12/site-packages/airflow/example_dags/example_bash_operator.py for tasks to queue
[2026-02-21T17:13:05.354+0000] {logging_mixin.py:190} INFO - [2026-02-21T17:13:05.353+0000] {dagbag.py:588} INFO - Filling up the DagBag from /home/airflow/.local/lib/python3.12/site-packages/airflow/example_dags/example_bash_operator.py
[2026-02-21T17:13:05.381+0000] {processor.py:925} INFO - DAG(s) 'example_bash_operator' retrieved from /home/airflow/.local/lib/python3.12/site-packages/airflow/example_dags/example_bash_operator.py
[2026-02-21T17:13:05.436+0000] {logging_mixin.py:190} INFO - [2026-02-21T17:13:05.435+0000] {dag.py:3239} INFO - Sync 1 DAGs
[2026-02-21T17:13:05.478+0000] {logging_mixin.py:190} INFO - [2026-02-21T17:13:05.478+0000] {dag.py:4180} INFO - Setting next_dagrun for example_bash_operator to 2026-02-20 00:00:00+00:00, run_after=2026-02-21 00:00:00+00:00
[2026-02-21T17:13:05.514+0000] {processor.py:208} INFO - Processing /home/airflow/.local/lib/python3.12/site-packages/airflow/example_dags/example_bash_operator.py took 0.183 seconds
[2026-02-21T17:13:35.926+0000] {processor.py:186} INFO - Started process (PID=1598) to work on /home/airflow/.local/lib/python3.12/site-packages/airflow/example_dags/example_bash_operator.py
[2026-02-21T17:13:35.931+0000] {processor.py:914} INFO - Processing file /home/airflow/.local/lib/python3.12/site-packages/airflow/example_dags/example_bash_operator.py for tasks to queue
[2026-02-21T17:13:35.939+0000] {logging_mixin.py:190} INFO - [2026-02-21T17:13:35.938+0000] {dagbag.py:588} INFO - Filling up the DagBag from /home/airflow/.local/lib/python3.12/site-packages/airflow/example_dags/example_bash_operator.py
[2026-02-21T17:13:35.984+0000] {processor.py:925} INFO - DAG(s) 'example_bash_operator' retrieved from /home/airflow/.local/lib/python3.12/site-packages/airflow/example_dags/example_bash_operator.py
[2026-02-21T17:13:36.082+0000] {logging_mixin.py:190} INFO - [2026-02-21T17:13:36.081+0000] {dag.py:3239} INFO - Sync 1 DAGs
[2026-02-21T17:13:36.150+0000] {logging_mixin.py:190} INFO - [2026-02-21T17:13:36.149+0000] {dag.py:4180} INFO - Setting next_dagrun for example_bash_operator to 2026-02-20 00:00:00+00:00, run_after=2026-02-21 00:00:00+00:00
[2026-02-21T17:13:36.219+0000] {processor.py:208} INFO - Processing /home/airflow/.local/lib/python3.12/site-packages/airflow/example_dags/example_bash_operator.py took 0.312 seconds
[2026-02-21T19:41:19.537+0000] {processor.py:186} INFO - Started process (PID=1655) to work on /home/airflow/.local/lib/python3.12/site-packages/airflow/example_dags/example_bash_operator.py
[2026-02-21T19:41:19.539+0000] {processor.py:914} INFO - Processing file /home/airflow/.local/lib/python3.12/site-packages/airflow/example_dags/example_bash_operator.py for tasks to queue
[2026-02-21T19:41:19.541+0000] {logging_mixin.py:190} INFO - [2026-02-21T19:41:19.541+0000] {dagbag.py:588} INFO - Filling up the DagBag from /home/airflow/.local/lib/python3.12/site-packages/airflow/example_dags/example_bash_operator.py
[2026-02-21T19:41:19.563+0000] {processor.py:925} INFO - DAG(s) 'example_bash_operator' retrieved from /home/airflow/.local/lib/python3.12/site-packages/airflow/example_dags/example_bash_operator.py
[2026-02-21T19:41:19.606+0000] {logging_mixin.py:190} INFO - [2026-02-21T19:41:19.605+0000] {dag.py:3239} INFO - Sync 1 DAGs
[2026-02-21T19:41:19.642+0000] {logging_mixin.py:190} INFO - [2026-02-21T19:41:19.641+0000] {dag.py:4180} INFO - Setting next_dagrun for example_bash_operator to 2026-02-20 00:00:00+00:00, run_after=2026-02-21 00:00:00+00:00
[2026-02-21T19:41:19.668+0000] {processor.py:208} INFO - Processing /home/airflow/.local/lib/python3.12/site-packages/airflow/example_dags/example_bash_operator.py took 0.141 seconds
[2026-02-21T19:42:02.945+0000] {processor.py:186} INFO - Started process (PID=2312) to work on /home/airflow/.local/lib/python3.12/site-packages/airflow/example_dags/example_bash_operator.py
[2026-02-21T19:42:02.961+0000] {processor.py:914} INFO - Processing file /home/airflow/.local/lib/python3.12/site-packages/airflow/example_dags/example_bash_operator.py for tasks to queue
[2026-02-21T19:42:02.986+0000] {logging_mixin.py:190} INFO - [2026-02-21T19:42:02.977+0000] {dagbag.py:588} INFO - Filling up the DagBag from /home/airflow/.local/lib/python3.12/site-packages/airflow/example_dags/example_bash_operator.py
[2026-02-21T19:42:03.114+0000] {processor.py:925} INFO - DAG(s) 'example_bash_operator' retrieved from /home/airflow/.local/lib/python3.12/site-packages/airflow/example_dags/example_bash_operator.py
[2026-02-21T19:42:03.259+0000] {logging_mixin.py:190} INFO - [2026-02-21T19:42:03.258+0000] {dag.py:3239} INFO - Sync 1 DAGs
[2026-02-21T19:42:03.365+0000] {logging_mixin.py:190} INFO - [2026-02-21T19:42:03.364+0000] {dag.py:4180} INFO - Setting next_dagrun for example_bash_operator to 2026-02-20 00:00:00+00:00, run_after=2026-02-21 00:00:00+00:00
[2026-02-21T19:42:03.467+0000] {processor.py:208} INFO - Processing /home/airflow/.local/lib/python3.12/site-packages/airflow/example_dags/example_bash_operator.py took 0.638 seconds
[2026-02-21T20:59:55.197+0000] {processor.py:186} INFO - Started process (PID=2424) to work on /home/airflow/.local/lib/python3.12/site-packages/airflow/example_dags/example_bash_operator.py
[2026-02-21T20:59:55.202+0000] {processor.py:914} INFO - Processing file /home/airflow/.local/lib/python3.12/site-packages/airflow/example_dags/example_bash_operator.py for tasks to queue
[2026-02-21T20:59:55.217+0000] {logging_mixin.py:190} INFO - [2026-02-21T20:59:55.215+0000] {dagbag.py:588} INFO - Filling up the DagBag from /home/airflow/.local/lib/python3.12/site-packages/airflow/example_dags/example_bash_operator.py
[2026-02-21T20:59:55.295+0000] {processor.py:925} INFO - DAG(s) 'example_bash_operator' retrieved from /home/airflow/.local/lib/python3.12/site-packages/airflow/example_dags/example_bash_operator.py
[2026-02-21T20:59:55.554+0000] {logging_mixin.py:190} INFO - [2026-02-21T20:59:55.553+0000] {dag.py:3239} INFO - Sync 1 DAGs
[2026-02-21T20:59:55.711+0000] {logging_mixin.py:190} INFO - [2026-02-21T20:59:55.709+0000] {dag.py:4180} INFO - Setting next_dagrun for example_bash_operator to 2026-02-20 00:00:00+00:00, run_after=2026-02-21 00:00:00+00:00
[2026-02-21T20:59:55.891+0000] {processor.py:208} INFO - Processing /home/airflow/.local/lib/python3.12/site-packages/airflow/example_dags/example_bash_operator.py took 0.731 seconds
[2026-02-21T21:00:44.472+0000] {processor.py:186} INFO - Started process (PID=2489) to work on /home/airflow/.local/lib/python3.12/site-packages/airflow/example_dags/example_bash_operator.py
[2026-02-21T21:00:44.477+0000] {processor.py:914} INFO - Processing file /home/airflow/.local/lib/python3.12/site-packages/airflow/example_dags/example_bash_operator.py for tasks to queue
[2026-02-21T21:00:44.506+0000] {logging_mixin.py:190} INFO - [2026-02-21T21:00:44.504+0000] {dagbag.py:588} INFO - Filling up the DagBag from /home/airflow/.local/lib/python3.12/site-packages/airflow/example_dags/example_bash_operator.py
[2026-02-21T21:00:44.699+0000] {processor.py:925} INFO - DAG(s) 'example_bash_operator' retrieved from /home/airflow/.local/lib/python3.12/site-packages/airflow/example_dags/example_bash_operator.py
[2026-02-21T21:00:45.014+0000] {logging_mixin.py:190} INFO - [2026-02-21T21:00:45.013+0000] {dag.py:3239} INFO - Sync 1 DAGs
[2026-02-21T21:00:45.254+0000] {logging_mixin.py:190} INFO - [2026-02-21T21:00:45.251+0000] {dag.py:4180} INFO - Setting next_dagrun for example_bash_operator to 2026-02-20 00:00:00+00:00, run_after=2026-02-21 00:00:00+00:00
[2026-02-21T21:00:45.414+0000] {processor.py:208} INFO - Processing /home/airflow/.local/lib/python3.12/site-packages/airflow/example_dags/example_bash_operator.py took 1.012 seconds
[2026-02-21T21:14:38.068+0000] {processor.py:186} INFO - Started process (PID=2571) to work on /home/airflow/.local/lib/python3.12/site-packages/airflow/example_dags/example_bash_operator.py
[2026-02-21T21:14:38.106+0000] {processor.py:914} INFO - Processing file /home/airflow/.local/lib/python3.12/site-packages/airflow/example_dags/example_bash_operator.py for tasks to queue
[2026-02-21T21:14:38.115+0000] {logging_mixin.py:190} INFO - [2026-02-21T21:14:38.113+0000] {dagbag.py:588} INFO - Filling up the DagBag from /home/airflow/.local/lib/python3.12/site-packages/airflow/example_dags/example_bash_operator.py
[2026-02-21T21:14:38.379+0000] {processor.py:925} INFO - DAG(s) 'example_bash_operator' retrieved from /home/airflow/.local/lib/python3.12/site-packages/airflow/example_dags/example_bash_operator.py
[2026-02-21T21:14:38.772+0000] {logging_mixin.py:190} INFO - [2026-02-21T21:14:38.771+0000] {dag.py:3239} INFO - Sync 1 DAGs
[2026-02-21T21:14:39.050+0000] {logging_mixin.py:190} INFO - [2026-02-21T21:14:39.049+0000] {dag.py:4180} INFO - Setting next_dagrun for example_bash_operator to 2026-02-20 00:00:00+00:00, run_after=2026-02-21 00:00:00+00:00
[2026-02-21T21:14:39.272+0000] {processor.py:208} INFO - Processing /home/airflow/.local/lib/python3.12/site-packages/airflow/example_dags/example_bash_operator.py took 1.148 seconds
[2026-02-21T21:34:57.017+0000] {processor.py:186} INFO - Started process (PID=2636) to work on /home/airflow/.local/lib/python3.12/site-packages/airflow/example_dags/example_bash_operator.py
[2026-02-21T21:34:57.058+0000] {processor.py:914} INFO - Processing file /home/airflow/.local/lib/python3.12/site-packages/airflow/example_dags/example_bash_operator.py for tasks to queue
[2026-02-21T21:34:57.069+0000] {logging_mixin.py:190} INFO - [2026-02-21T21:34:57.067+0000] {dagbag.py:588} INFO - Filling up the DagBag from /home/airflow/.local/lib/python3.12/site-packages/airflow/example_dags/example_bash_operator.py
[2026-02-21T21:34:57.342+0000] {processor.py:925} INFO - DAG(s) 'example_bash_operator' retrieved from /home/airflow/.local/lib/python3.12/site-packages/airflow/example_dags/example_bash_operator.py
[2026-02-21T21:34:57.698+0000] {logging_mixin.py:190} INFO - [2026-02-21T21:34:57.697+0000] {dag.py:3239} INFO - Sync 1 DAGs
[2026-02-21T21:34:58.113+0000] {logging_mixin.py:190} INFO - [2026-02-21T21:34:58.110+0000] {dag.py:4180} INFO - Setting next_dagrun for example_bash_operator to 2026-02-20 00:00:00+00:00, run_after=2026-02-21 00:00:00+00:00
[2026-02-21T21:34:58.415+0000] {processor.py:208} INFO - Processing /home/airflow/.local/lib/python3.12/site-packages/airflow/example_dags/example_bash_operator.py took 1.516 seconds
