[2026-02-21T10:24:52.336+0000] {processor.py:186} INFO - Started process (PID=71) to work on /home/airflow/.local/lib/python3.12/site-packages/airflow/example_dags/example_subdag_operator.py
[2026-02-21T10:24:52.353+0000] {processor.py:914} INFO - Processing file /home/airflow/.local/lib/python3.12/site-packages/airflow/example_dags/example_subdag_operator.py for tasks to queue
[2026-02-21T10:24:52.400+0000] {logging_mixin.py:190} INFO - [2026-02-21T10:24:52.399+0000] {dagbag.py:588} INFO - Filling up the DagBag from /home/airflow/.local/lib/python3.12/site-packages/airflow/example_dags/example_subdag_operator.py
[2026-02-21T10:24:52.828+0000] {processor.py:925} INFO - DAG(s) 'example_subdag_operator.section-1', 'example_subdag_operator.section-2', 'example_subdag_operator' retrieved from /home/airflow/.local/lib/python3.12/site-packages/airflow/example_dags/example_subdag_operator.py
[2026-02-21T10:24:53.068+0000] {logging_mixin.py:190} INFO - [2026-02-21T10:24:53.067+0000] {dag.py:3239} INFO - Sync 3 DAGs
[2026-02-21T10:24:53.272+0000] {logging_mixin.py:190} INFO - [2026-02-21T10:24:53.271+0000] {dag.py:4180} INFO - Setting next_dagrun for example_subdag_operator to 2022-01-01 00:00:00+00:00, run_after=2022-01-01 00:00:00+00:00
[2026-02-21T10:24:53.293+0000] {logging_mixin.py:190} INFO - [2026-02-21T10:24:53.292+0000] {dag.py:4180} INFO - Setting next_dagrun for example_subdag_operator.section-1 to None, run_after=None
[2026-02-21T10:24:53.304+0000] {logging_mixin.py:190} INFO - [2026-02-21T10:24:53.303+0000] {dag.py:4180} INFO - Setting next_dagrun for example_subdag_operator.section-2 to None, run_after=None
[2026-02-21T10:24:53.332+0000] {logging_mixin.py:190} INFO - [2026-02-21T10:24:53.331+0000] {dag.py:3239} INFO - Sync 2 DAGs
[2026-02-21T10:24:53.352+0000] {logging_mixin.py:190} INFO - [2026-02-21T10:24:53.351+0000] {dag.py:4180} INFO - Setting next_dagrun for example_subdag_operator.section-1 to None, run_after=None
[2026-02-21T10:24:53.358+0000] {logging_mixin.py:190} INFO - [2026-02-21T10:24:53.357+0000] {dag.py:4180} INFO - Setting next_dagrun for example_subdag_operator.section-2 to None, run_after=None
[2026-02-21T10:24:53.420+0000] {processor.py:208} INFO - Processing /home/airflow/.local/lib/python3.12/site-packages/airflow/example_dags/example_subdag_operator.py took 1.167 seconds
[2026-02-21T12:32:54.857+0000] {processor.py:186} INFO - Started process (PID=69) to work on /home/airflow/.local/lib/python3.12/site-packages/airflow/example_dags/example_subdag_operator.py
[2026-02-21T12:32:54.897+0000] {processor.py:914} INFO - Processing file /home/airflow/.local/lib/python3.12/site-packages/airflow/example_dags/example_subdag_operator.py for tasks to queue
[2026-02-21T12:32:54.921+0000] {logging_mixin.py:190} INFO - [2026-02-21T12:32:54.919+0000] {dagbag.py:588} INFO - Filling up the DagBag from /home/airflow/.local/lib/python3.12/site-packages/airflow/example_dags/example_subdag_operator.py
[2026-02-21T12:32:55.426+0000] {processor.py:925} INFO - DAG(s) 'example_subdag_operator.section-1', 'example_subdag_operator.section-2', 'example_subdag_operator' retrieved from /home/airflow/.local/lib/python3.12/site-packages/airflow/example_dags/example_subdag_operator.py
[2026-02-21T12:32:55.654+0000] {logging_mixin.py:190} INFO - [2026-02-21T12:32:55.652+0000] {dag.py:3239} INFO - Sync 3 DAGs
[2026-02-21T12:32:55.877+0000] {logging_mixin.py:190} INFO - [2026-02-21T12:32:55.876+0000] {dag.py:4180} INFO - Setting next_dagrun for example_subdag_operator to 2022-01-01 00:00:00+00:00, run_after=2022-01-01 00:00:00+00:00
[2026-02-21T12:32:55.914+0000] {logging_mixin.py:190} INFO - [2026-02-21T12:32:55.912+0000] {dag.py:4180} INFO - Setting next_dagrun for example_subdag_operator.section-1 to None, run_after=None
[2026-02-21T12:32:55.930+0000] {logging_mixin.py:190} INFO - [2026-02-21T12:32:55.929+0000] {dag.py:4180} INFO - Setting next_dagrun for example_subdag_operator.section-2 to None, run_after=None
[2026-02-21T12:32:55.986+0000] {logging_mixin.py:190} INFO - [2026-02-21T12:32:55.985+0000] {dag.py:3239} INFO - Sync 2 DAGs
[2026-02-21T12:32:56.020+0000] {logging_mixin.py:190} INFO - [2026-02-21T12:32:56.019+0000] {dag.py:4180} INFO - Setting next_dagrun for example_subdag_operator.section-1 to None, run_after=None
[2026-02-21T12:32:56.024+0000] {logging_mixin.py:190} INFO - [2026-02-21T12:32:56.023+0000] {dag.py:4180} INFO - Setting next_dagrun for example_subdag_operator.section-2 to None, run_after=None
[2026-02-21T12:32:56.148+0000] {processor.py:208} INFO - Processing /home/airflow/.local/lib/python3.12/site-packages/airflow/example_dags/example_subdag_operator.py took 1.386 seconds
[2026-02-21T12:34:11.852+0000] {processor.py:186} INFO - Started process (PID=59) to work on /home/airflow/.local/lib/python3.12/site-packages/airflow/example_dags/example_subdag_operator.py
[2026-02-21T12:34:11.855+0000] {processor.py:914} INFO - Processing file /home/airflow/.local/lib/python3.12/site-packages/airflow/example_dags/example_subdag_operator.py for tasks to queue
[2026-02-21T12:34:11.861+0000] {logging_mixin.py:190} INFO - [2026-02-21T12:34:11.860+0000] {dagbag.py:588} INFO - Filling up the DagBag from /home/airflow/.local/lib/python3.12/site-packages/airflow/example_dags/example_subdag_operator.py
[2026-02-21T12:34:11.942+0000] {processor.py:925} INFO - DAG(s) 'example_subdag_operator.section-1', 'example_subdag_operator.section-2', 'example_subdag_operator' retrieved from /home/airflow/.local/lib/python3.12/site-packages/airflow/example_dags/example_subdag_operator.py
[2026-02-21T12:34:12.010+0000] {logging_mixin.py:190} INFO - [2026-02-21T12:34:12.009+0000] {dag.py:3239} INFO - Sync 3 DAGs
[2026-02-21T12:34:12.092+0000] {logging_mixin.py:190} INFO - [2026-02-21T12:34:12.091+0000] {dag.py:4180} INFO - Setting next_dagrun for example_subdag_operator to 2022-01-01 00:00:00+00:00, run_after=2022-01-01 00:00:00+00:00
[2026-02-21T12:34:12.102+0000] {logging_mixin.py:190} INFO - [2026-02-21T12:34:12.102+0000] {dag.py:4180} INFO - Setting next_dagrun for example_subdag_operator.section-1 to None, run_after=None
[2026-02-21T12:34:12.108+0000] {logging_mixin.py:190} INFO - [2026-02-21T12:34:12.107+0000] {dag.py:4180} INFO - Setting next_dagrun for example_subdag_operator.section-2 to None, run_after=None
[2026-02-21T12:34:12.128+0000] {logging_mixin.py:190} INFO - [2026-02-21T12:34:12.127+0000] {dag.py:3239} INFO - Sync 2 DAGs
[2026-02-21T12:34:12.143+0000] {logging_mixin.py:190} INFO - [2026-02-21T12:34:12.143+0000] {dag.py:4180} INFO - Setting next_dagrun for example_subdag_operator.section-1 to None, run_after=None
[2026-02-21T12:34:12.146+0000] {logging_mixin.py:190} INFO - [2026-02-21T12:34:12.145+0000] {dag.py:4180} INFO - Setting next_dagrun for example_subdag_operator.section-2 to None, run_after=None
[2026-02-21T12:34:12.178+0000] {processor.py:208} INFO - Processing /home/airflow/.local/lib/python3.12/site-packages/airflow/example_dags/example_subdag_operator.py took 0.342 seconds
[2026-02-21T12:34:42.831+0000] {processor.py:186} INFO - Started process (PID=124) to work on /home/airflow/.local/lib/python3.12/site-packages/airflow/example_dags/example_subdag_operator.py
[2026-02-21T12:34:42.836+0000] {processor.py:914} INFO - Processing file /home/airflow/.local/lib/python3.12/site-packages/airflow/example_dags/example_subdag_operator.py for tasks to queue
[2026-02-21T12:34:42.848+0000] {logging_mixin.py:190} INFO - [2026-02-21T12:34:42.847+0000] {dagbag.py:588} INFO - Filling up the DagBag from /home/airflow/.local/lib/python3.12/site-packages/airflow/example_dags/example_subdag_operator.py
[2026-02-21T12:34:42.975+0000] {processor.py:925} INFO - DAG(s) 'example_subdag_operator.section-1', 'example_subdag_operator.section-2', 'example_subdag_operator' retrieved from /home/airflow/.local/lib/python3.12/site-packages/airflow/example_dags/example_subdag_operator.py
[2026-02-21T12:34:43.062+0000] {logging_mixin.py:190} INFO - [2026-02-21T12:34:43.060+0000] {dag.py:3239} INFO - Sync 3 DAGs
[2026-02-21T12:34:43.233+0000] {logging_mixin.py:190} INFO - [2026-02-21T12:34:43.232+0000] {dag.py:4180} INFO - Setting next_dagrun for example_subdag_operator to 2022-01-01 00:00:00+00:00, run_after=2022-01-01 00:00:00+00:00
[2026-02-21T12:34:43.262+0000] {logging_mixin.py:190} INFO - [2026-02-21T12:34:43.259+0000] {dag.py:4180} INFO - Setting next_dagrun for example_subdag_operator.section-1 to None, run_after=None
[2026-02-21T12:34:43.280+0000] {logging_mixin.py:190} INFO - [2026-02-21T12:34:43.278+0000] {dag.py:4180} INFO - Setting next_dagrun for example_subdag_operator.section-2 to None, run_after=None
[2026-02-21T12:34:43.325+0000] {logging_mixin.py:190} INFO - [2026-02-21T12:34:43.324+0000] {dag.py:3239} INFO - Sync 2 DAGs
[2026-02-21T12:34:43.382+0000] {logging_mixin.py:190} INFO - [2026-02-21T12:34:43.381+0000] {dag.py:4180} INFO - Setting next_dagrun for example_subdag_operator.section-1 to None, run_after=None
[2026-02-21T12:34:43.397+0000] {logging_mixin.py:190} INFO - [2026-02-21T12:34:43.396+0000] {dag.py:4180} INFO - Setting next_dagrun for example_subdag_operator.section-2 to None, run_after=None
[2026-02-21T12:34:43.473+0000] {processor.py:208} INFO - Processing /home/airflow/.local/lib/python3.12/site-packages/airflow/example_dags/example_subdag_operator.py took 0.665 seconds
[2026-02-21T12:35:14.310+0000] {processor.py:186} INFO - Started process (PID=189) to work on /home/airflow/.local/lib/python3.12/site-packages/airflow/example_dags/example_subdag_operator.py
[2026-02-21T12:35:14.313+0000] {processor.py:914} INFO - Processing file /home/airflow/.local/lib/python3.12/site-packages/airflow/example_dags/example_subdag_operator.py for tasks to queue
[2026-02-21T12:35:14.321+0000] {logging_mixin.py:190} INFO - [2026-02-21T12:35:14.320+0000] {dagbag.py:588} INFO - Filling up the DagBag from /home/airflow/.local/lib/python3.12/site-packages/airflow/example_dags/example_subdag_operator.py
[2026-02-21T12:35:14.398+0000] {processor.py:925} INFO - DAG(s) 'example_subdag_operator.section-1', 'example_subdag_operator.section-2', 'example_subdag_operator' retrieved from /home/airflow/.local/lib/python3.12/site-packages/airflow/example_dags/example_subdag_operator.py
[2026-02-21T12:35:14.443+0000] {logging_mixin.py:190} INFO - [2026-02-21T12:35:14.442+0000] {dag.py:3239} INFO - Sync 3 DAGs
[2026-02-21T12:35:14.519+0000] {logging_mixin.py:190} INFO - [2026-02-21T12:35:14.519+0000] {dag.py:4180} INFO - Setting next_dagrun for example_subdag_operator to 2022-01-01 00:00:00+00:00, run_after=2022-01-01 00:00:00+00:00
[2026-02-21T12:35:14.531+0000] {logging_mixin.py:190} INFO - [2026-02-21T12:35:14.530+0000] {dag.py:4180} INFO - Setting next_dagrun for example_subdag_operator.section-1 to None, run_after=None
[2026-02-21T12:35:14.535+0000] {logging_mixin.py:190} INFO - [2026-02-21T12:35:14.535+0000] {dag.py:4180} INFO - Setting next_dagrun for example_subdag_operator.section-2 to None, run_after=None
[2026-02-21T12:35:14.559+0000] {logging_mixin.py:190} INFO - [2026-02-21T12:35:14.558+0000] {dag.py:3239} INFO - Sync 2 DAGs
[2026-02-21T12:35:14.574+0000] {logging_mixin.py:190} INFO - [2026-02-21T12:35:14.574+0000] {dag.py:4180} INFO - Setting next_dagrun for example_subdag_operator.section-1 to None, run_after=None
[2026-02-21T12:35:14.577+0000] {logging_mixin.py:190} INFO - [2026-02-21T12:35:14.576+0000] {dag.py:4180} INFO - Setting next_dagrun for example_subdag_operator.section-2 to None, run_after=None
[2026-02-21T12:35:14.615+0000] {processor.py:208} INFO - Processing /home/airflow/.local/lib/python3.12/site-packages/airflow/example_dags/example_subdag_operator.py took 0.324 seconds
[2026-02-21T12:35:45.229+0000] {processor.py:186} INFO - Started process (PID=254) to work on /home/airflow/.local/lib/python3.12/site-packages/airflow/example_dags/example_subdag_operator.py
[2026-02-21T12:35:45.233+0000] {processor.py:914} INFO - Processing file /home/airflow/.local/lib/python3.12/site-packages/airflow/example_dags/example_subdag_operator.py for tasks to queue
[2026-02-21T12:35:45.237+0000] {logging_mixin.py:190} INFO - [2026-02-21T12:35:45.236+0000] {dagbag.py:588} INFO - Filling up the DagBag from /home/airflow/.local/lib/python3.12/site-packages/airflow/example_dags/example_subdag_operator.py
[2026-02-21T12:35:45.274+0000] {processor.py:925} INFO - DAG(s) 'example_subdag_operator.section-1', 'example_subdag_operator.section-2', 'example_subdag_operator' retrieved from /home/airflow/.local/lib/python3.12/site-packages/airflow/example_dags/example_subdag_operator.py
[2026-02-21T12:35:45.296+0000] {logging_mixin.py:190} INFO - [2026-02-21T12:35:45.295+0000] {dag.py:3239} INFO - Sync 3 DAGs
[2026-02-21T12:35:45.326+0000] {logging_mixin.py:190} INFO - [2026-02-21T12:35:45.325+0000] {dag.py:4180} INFO - Setting next_dagrun for example_subdag_operator to 2022-01-01 00:00:00+00:00, run_after=2022-01-01 00:00:00+00:00
[2026-02-21T12:35:45.332+0000] {logging_mixin.py:190} INFO - [2026-02-21T12:35:45.331+0000] {dag.py:4180} INFO - Setting next_dagrun for example_subdag_operator.section-1 to None, run_after=None
[2026-02-21T12:35:45.334+0000] {logging_mixin.py:190} INFO - [2026-02-21T12:35:45.334+0000] {dag.py:4180} INFO - Setting next_dagrun for example_subdag_operator.section-2 to None, run_after=None
[2026-02-21T12:35:45.344+0000] {logging_mixin.py:190} INFO - [2026-02-21T12:35:45.344+0000] {dag.py:3239} INFO - Sync 2 DAGs
[2026-02-21T12:35:45.352+0000] {logging_mixin.py:190} INFO - [2026-02-21T12:35:45.352+0000] {dag.py:4180} INFO - Setting next_dagrun for example_subdag_operator.section-1 to None, run_after=None
[2026-02-21T12:35:45.353+0000] {logging_mixin.py:190} INFO - [2026-02-21T12:35:45.353+0000] {dag.py:4180} INFO - Setting next_dagrun for example_subdag_operator.section-2 to None, run_after=None
[2026-02-21T12:35:45.373+0000] {processor.py:208} INFO - Processing /home/airflow/.local/lib/python3.12/site-packages/airflow/example_dags/example_subdag_operator.py took 0.154 seconds
[2026-02-21T12:36:20.743+0000] {processor.py:186} INFO - Started process (PID=320) to work on /home/airflow/.local/lib/python3.12/site-packages/airflow/example_dags/example_subdag_operator.py
[2026-02-21T12:36:20.759+0000] {processor.py:914} INFO - Processing file /home/airflow/.local/lib/python3.12/site-packages/airflow/example_dags/example_subdag_operator.py for tasks to queue
[2026-02-21T12:36:20.779+0000] {logging_mixin.py:190} INFO - [2026-02-21T12:36:20.777+0000] {dagbag.py:588} INFO - Filling up the DagBag from /home/airflow/.local/lib/python3.12/site-packages/airflow/example_dags/example_subdag_operator.py
[2026-02-21T12:36:21.017+0000] {processor.py:925} INFO - DAG(s) 'example_subdag_operator.section-1', 'example_subdag_operator.section-2', 'example_subdag_operator' retrieved from /home/airflow/.local/lib/python3.12/site-packages/airflow/example_dags/example_subdag_operator.py
[2026-02-21T12:36:21.105+0000] {logging_mixin.py:190} INFO - [2026-02-21T12:36:21.104+0000] {dag.py:3239} INFO - Sync 3 DAGs
[2026-02-21T12:36:21.247+0000] {logging_mixin.py:190} INFO - [2026-02-21T12:36:21.245+0000] {dag.py:4180} INFO - Setting next_dagrun for example_subdag_operator to 2022-01-01 00:00:00+00:00, run_after=2022-01-01 00:00:00+00:00
[2026-02-21T12:36:21.268+0000] {logging_mixin.py:190} INFO - [2026-02-21T12:36:21.267+0000] {dag.py:4180} INFO - Setting next_dagrun for example_subdag_operator.section-1 to None, run_after=None
[2026-02-21T12:36:21.276+0000] {logging_mixin.py:190} INFO - [2026-02-21T12:36:21.275+0000] {dag.py:4180} INFO - Setting next_dagrun for example_subdag_operator.section-2 to None, run_after=None
[2026-02-21T12:36:21.318+0000] {logging_mixin.py:190} INFO - [2026-02-21T12:36:21.317+0000] {dag.py:3239} INFO - Sync 2 DAGs
[2026-02-21T12:36:21.350+0000] {logging_mixin.py:190} INFO - [2026-02-21T12:36:21.349+0000] {dag.py:4180} INFO - Setting next_dagrun for example_subdag_operator.section-1 to None, run_after=None
[2026-02-21T12:36:21.356+0000] {logging_mixin.py:190} INFO - [2026-02-21T12:36:21.356+0000] {dag.py:4180} INFO - Setting next_dagrun for example_subdag_operator.section-2 to None, run_after=None
[2026-02-21T12:36:21.426+0000] {processor.py:208} INFO - Processing /home/airflow/.local/lib/python3.12/site-packages/airflow/example_dags/example_subdag_operator.py took 0.763 seconds
[2026-02-21T12:36:52.846+0000] {processor.py:186} INFO - Started process (PID=373) to work on /home/airflow/.local/lib/python3.12/site-packages/airflow/example_dags/example_subdag_operator.py
[2026-02-21T12:36:52.853+0000] {processor.py:914} INFO - Processing file /home/airflow/.local/lib/python3.12/site-packages/airflow/example_dags/example_subdag_operator.py for tasks to queue
[2026-02-21T12:36:52.869+0000] {logging_mixin.py:190} INFO - [2026-02-21T12:36:52.867+0000] {dagbag.py:588} INFO - Filling up the DagBag from /home/airflow/.local/lib/python3.12/site-packages/airflow/example_dags/example_subdag_operator.py
[2026-02-21T12:36:53.072+0000] {processor.py:925} INFO - DAG(s) 'example_subdag_operator.section-1', 'example_subdag_operator.section-2', 'example_subdag_operator' retrieved from /home/airflow/.local/lib/python3.12/site-packages/airflow/example_dags/example_subdag_operator.py
[2026-02-21T12:36:53.172+0000] {logging_mixin.py:190} INFO - [2026-02-21T12:36:53.171+0000] {dag.py:3239} INFO - Sync 3 DAGs
[2026-02-21T12:36:53.408+0000] {logging_mixin.py:190} INFO - [2026-02-21T12:36:53.407+0000] {dag.py:4180} INFO - Setting next_dagrun for example_subdag_operator to 2022-01-01 00:00:00+00:00, run_after=2022-01-01 00:00:00+00:00
[2026-02-21T12:36:53.443+0000] {logging_mixin.py:190} INFO - [2026-02-21T12:36:53.437+0000] {dag.py:4180} INFO - Setting next_dagrun for example_subdag_operator.section-1 to None, run_after=None
[2026-02-21T12:36:53.477+0000] {logging_mixin.py:190} INFO - [2026-02-21T12:36:53.476+0000] {dag.py:4180} INFO - Setting next_dagrun for example_subdag_operator.section-2 to None, run_after=None
[2026-02-21T12:36:53.552+0000] {logging_mixin.py:190} INFO - [2026-02-21T12:36:53.551+0000] {dag.py:3239} INFO - Sync 2 DAGs
[2026-02-21T12:36:53.591+0000] {logging_mixin.py:190} INFO - [2026-02-21T12:36:53.589+0000] {dag.py:4180} INFO - Setting next_dagrun for example_subdag_operator.section-1 to None, run_after=None
[2026-02-21T12:36:53.595+0000] {logging_mixin.py:190} INFO - [2026-02-21T12:36:53.594+0000] {dag.py:4180} INFO - Setting next_dagrun for example_subdag_operator.section-2 to None, run_after=None
[2026-02-21T12:36:53.712+0000] {processor.py:208} INFO - Processing /home/airflow/.local/lib/python3.12/site-packages/airflow/example_dags/example_subdag_operator.py took 0.897 seconds
[2026-02-21T12:37:24.203+0000] {processor.py:186} INFO - Started process (PID=442) to work on /home/airflow/.local/lib/python3.12/site-packages/airflow/example_dags/example_subdag_operator.py
[2026-02-21T12:37:24.205+0000] {processor.py:914} INFO - Processing file /home/airflow/.local/lib/python3.12/site-packages/airflow/example_dags/example_subdag_operator.py for tasks to queue
[2026-02-21T12:37:24.210+0000] {logging_mixin.py:190} INFO - [2026-02-21T12:37:24.209+0000] {dagbag.py:588} INFO - Filling up the DagBag from /home/airflow/.local/lib/python3.12/site-packages/airflow/example_dags/example_subdag_operator.py
[2026-02-21T12:37:24.281+0000] {processor.py:925} INFO - DAG(s) 'example_subdag_operator.section-1', 'example_subdag_operator.section-2', 'example_subdag_operator' retrieved from /home/airflow/.local/lib/python3.12/site-packages/airflow/example_dags/example_subdag_operator.py
[2026-02-21T12:37:24.321+0000] {logging_mixin.py:190} INFO - [2026-02-21T12:37:24.320+0000] {dag.py:3239} INFO - Sync 3 DAGs
[2026-02-21T12:37:24.389+0000] {logging_mixin.py:190} INFO - [2026-02-21T12:37:24.388+0000] {dag.py:4180} INFO - Setting next_dagrun for example_subdag_operator to 2022-01-01 00:00:00+00:00, run_after=2022-01-01 00:00:00+00:00
[2026-02-21T12:37:24.405+0000] {logging_mixin.py:190} INFO - [2026-02-21T12:37:24.404+0000] {dag.py:4180} INFO - Setting next_dagrun for example_subdag_operator.section-1 to None, run_after=None
[2026-02-21T12:37:24.413+0000] {logging_mixin.py:190} INFO - [2026-02-21T12:37:24.412+0000] {dag.py:4180} INFO - Setting next_dagrun for example_subdag_operator.section-2 to None, run_after=None
[2026-02-21T12:37:24.433+0000] {logging_mixin.py:190} INFO - [2026-02-21T12:37:24.432+0000] {dag.py:3239} INFO - Sync 2 DAGs
[2026-02-21T12:37:24.451+0000] {logging_mixin.py:190} INFO - [2026-02-21T12:37:24.451+0000] {dag.py:4180} INFO - Setting next_dagrun for example_subdag_operator.section-1 to None, run_after=None
[2026-02-21T12:37:24.453+0000] {logging_mixin.py:190} INFO - [2026-02-21T12:37:24.453+0000] {dag.py:4180} INFO - Setting next_dagrun for example_subdag_operator.section-2 to None, run_after=None
[2026-02-21T12:37:24.490+0000] {processor.py:208} INFO - Processing /home/airflow/.local/lib/python3.12/site-packages/airflow/example_dags/example_subdag_operator.py took 0.299 seconds
[2026-02-21T12:37:54.948+0000] {processor.py:186} INFO - Started process (PID=507) to work on /home/airflow/.local/lib/python3.12/site-packages/airflow/example_dags/example_subdag_operator.py
[2026-02-21T12:37:54.950+0000] {processor.py:914} INFO - Processing file /home/airflow/.local/lib/python3.12/site-packages/airflow/example_dags/example_subdag_operator.py for tasks to queue
[2026-02-21T12:37:54.956+0000] {logging_mixin.py:190} INFO - [2026-02-21T12:37:54.955+0000] {dagbag.py:588} INFO - Filling up the DagBag from /home/airflow/.local/lib/python3.12/site-packages/airflow/example_dags/example_subdag_operator.py
[2026-02-21T12:37:55.021+0000] {processor.py:925} INFO - DAG(s) 'example_subdag_operator.section-1', 'example_subdag_operator.section-2', 'example_subdag_operator' retrieved from /home/airflow/.local/lib/python3.12/site-packages/airflow/example_dags/example_subdag_operator.py
[2026-02-21T12:37:55.063+0000] {logging_mixin.py:190} INFO - [2026-02-21T12:37:55.063+0000] {dag.py:3239} INFO - Sync 3 DAGs
[2026-02-21T12:37:55.117+0000] {logging_mixin.py:190} INFO - [2026-02-21T12:37:55.117+0000] {dag.py:4180} INFO - Setting next_dagrun for example_subdag_operator to 2022-01-01 00:00:00+00:00, run_after=2022-01-01 00:00:00+00:00
[2026-02-21T12:37:55.127+0000] {logging_mixin.py:190} INFO - [2026-02-21T12:37:55.127+0000] {dag.py:4180} INFO - Setting next_dagrun for example_subdag_operator.section-1 to None, run_after=None
[2026-02-21T12:37:55.131+0000] {logging_mixin.py:190} INFO - [2026-02-21T12:37:55.131+0000] {dag.py:4180} INFO - Setting next_dagrun for example_subdag_operator.section-2 to None, run_after=None
[2026-02-21T12:37:55.148+0000] {logging_mixin.py:190} INFO - [2026-02-21T12:37:55.148+0000] {dag.py:3239} INFO - Sync 2 DAGs
[2026-02-21T12:37:55.162+0000] {logging_mixin.py:190} INFO - [2026-02-21T12:37:55.162+0000] {dag.py:4180} INFO - Setting next_dagrun for example_subdag_operator.section-1 to None, run_after=None
[2026-02-21T12:37:55.164+0000] {logging_mixin.py:190} INFO - [2026-02-21T12:37:55.164+0000] {dag.py:4180} INFO - Setting next_dagrun for example_subdag_operator.section-2 to None, run_after=None
[2026-02-21T12:37:55.194+0000] {processor.py:208} INFO - Processing /home/airflow/.local/lib/python3.12/site-packages/airflow/example_dags/example_subdag_operator.py took 0.258 seconds
[2026-02-21T12:38:27.131+0000] {processor.py:186} INFO - Started process (PID=571) to work on /home/airflow/.local/lib/python3.12/site-packages/airflow/example_dags/example_subdag_operator.py
[2026-02-21T12:38:27.139+0000] {processor.py:914} INFO - Processing file /home/airflow/.local/lib/python3.12/site-packages/airflow/example_dags/example_subdag_operator.py for tasks to queue
[2026-02-21T12:38:27.155+0000] {logging_mixin.py:190} INFO - [2026-02-21T12:38:27.154+0000] {dagbag.py:588} INFO - Filling up the DagBag from /home/airflow/.local/lib/python3.12/site-packages/airflow/example_dags/example_subdag_operator.py
[2026-02-21T12:38:27.304+0000] {processor.py:925} INFO - DAG(s) 'example_subdag_operator.section-1', 'example_subdag_operator.section-2', 'example_subdag_operator' retrieved from /home/airflow/.local/lib/python3.12/site-packages/airflow/example_dags/example_subdag_operator.py
[2026-02-21T12:38:27.388+0000] {logging_mixin.py:190} INFO - [2026-02-21T12:38:27.387+0000] {dag.py:3239} INFO - Sync 3 DAGs
[2026-02-21T12:38:27.525+0000] {logging_mixin.py:190} INFO - [2026-02-21T12:38:27.524+0000] {dag.py:4180} INFO - Setting next_dagrun for example_subdag_operator to 2022-01-01 00:00:00+00:00, run_after=2022-01-01 00:00:00+00:00
[2026-02-21T12:38:27.545+0000] {logging_mixin.py:190} INFO - [2026-02-21T12:38:27.544+0000] {dag.py:4180} INFO - Setting next_dagrun for example_subdag_operator.section-1 to None, run_after=None
[2026-02-21T12:38:27.552+0000] {logging_mixin.py:190} INFO - [2026-02-21T12:38:27.552+0000] {dag.py:4180} INFO - Setting next_dagrun for example_subdag_operator.section-2 to None, run_after=None
[2026-02-21T12:38:27.587+0000] {logging_mixin.py:190} INFO - [2026-02-21T12:38:27.586+0000] {dag.py:3239} INFO - Sync 2 DAGs
[2026-02-21T12:38:27.614+0000] {logging_mixin.py:190} INFO - [2026-02-21T12:38:27.613+0000] {dag.py:4180} INFO - Setting next_dagrun for example_subdag_operator.section-1 to None, run_after=None
[2026-02-21T12:38:27.619+0000] {logging_mixin.py:190} INFO - [2026-02-21T12:38:27.618+0000] {dag.py:4180} INFO - Setting next_dagrun for example_subdag_operator.section-2 to None, run_after=None
[2026-02-21T12:38:27.676+0000] {processor.py:208} INFO - Processing /home/airflow/.local/lib/python3.12/site-packages/airflow/example_dags/example_subdag_operator.py took 0.572 seconds
[2026-02-21T12:38:58.298+0000] {processor.py:186} INFO - Started process (PID=635) to work on /home/airflow/.local/lib/python3.12/site-packages/airflow/example_dags/example_subdag_operator.py
[2026-02-21T12:38:58.302+0000] {processor.py:914} INFO - Processing file /home/airflow/.local/lib/python3.12/site-packages/airflow/example_dags/example_subdag_operator.py for tasks to queue
[2026-02-21T12:38:58.308+0000] {logging_mixin.py:190} INFO - [2026-02-21T12:38:58.307+0000] {dagbag.py:588} INFO - Filling up the DagBag from /home/airflow/.local/lib/python3.12/site-packages/airflow/example_dags/example_subdag_operator.py
[2026-02-21T12:38:58.377+0000] {processor.py:925} INFO - DAG(s) 'example_subdag_operator.section-1', 'example_subdag_operator.section-2', 'example_subdag_operator' retrieved from /home/airflow/.local/lib/python3.12/site-packages/airflow/example_dags/example_subdag_operator.py
[2026-02-21T12:38:58.419+0000] {logging_mixin.py:190} INFO - [2026-02-21T12:38:58.419+0000] {dag.py:3239} INFO - Sync 3 DAGs
[2026-02-21T12:38:58.485+0000] {logging_mixin.py:190} INFO - [2026-02-21T12:38:58.485+0000] {dag.py:4180} INFO - Setting next_dagrun for example_subdag_operator to 2022-01-01 00:00:00+00:00, run_after=2022-01-01 00:00:00+00:00
[2026-02-21T12:38:58.497+0000] {logging_mixin.py:190} INFO - [2026-02-21T12:38:58.497+0000] {dag.py:4180} INFO - Setting next_dagrun for example_subdag_operator.section-1 to None, run_after=None
[2026-02-21T12:38:58.502+0000] {logging_mixin.py:190} INFO - [2026-02-21T12:38:58.501+0000] {dag.py:4180} INFO - Setting next_dagrun for example_subdag_operator.section-2 to None, run_after=None
[2026-02-21T12:38:58.524+0000] {logging_mixin.py:190} INFO - [2026-02-21T12:38:58.523+0000] {dag.py:3239} INFO - Sync 2 DAGs
[2026-02-21T12:38:58.542+0000] {logging_mixin.py:190} INFO - [2026-02-21T12:38:58.541+0000] {dag.py:4180} INFO - Setting next_dagrun for example_subdag_operator.section-1 to None, run_after=None
[2026-02-21T12:38:58.545+0000] {logging_mixin.py:190} INFO - [2026-02-21T12:38:58.544+0000] {dag.py:4180} INFO - Setting next_dagrun for example_subdag_operator.section-2 to None, run_after=None
[2026-02-21T12:38:58.584+0000] {processor.py:208} INFO - Processing /home/airflow/.local/lib/python3.12/site-packages/airflow/example_dags/example_subdag_operator.py took 0.299 seconds
[2026-02-21T12:39:30.223+0000] {processor.py:186} INFO - Started process (PID=700) to work on /home/airflow/.local/lib/python3.12/site-packages/airflow/example_dags/example_subdag_operator.py
[2026-02-21T12:39:30.243+0000] {processor.py:914} INFO - Processing file /home/airflow/.local/lib/python3.12/site-packages/airflow/example_dags/example_subdag_operator.py for tasks to queue
[2026-02-21T12:39:30.272+0000] {logging_mixin.py:190} INFO - [2026-02-21T12:39:30.262+0000] {dagbag.py:588} INFO - Filling up the DagBag from /home/airflow/.local/lib/python3.12/site-packages/airflow/example_dags/example_subdag_operator.py
[2026-02-21T12:39:30.602+0000] {processor.py:925} INFO - DAG(s) 'example_subdag_operator.section-1', 'example_subdag_operator.section-2', 'example_subdag_operator' retrieved from /home/airflow/.local/lib/python3.12/site-packages/airflow/example_dags/example_subdag_operator.py
[2026-02-21T12:39:30.855+0000] {logging_mixin.py:190} INFO - [2026-02-21T12:39:30.854+0000] {dag.py:3239} INFO - Sync 3 DAGs
[2026-02-21T12:39:31.186+0000] {logging_mixin.py:190} INFO - [2026-02-21T12:39:31.185+0000] {dag.py:4180} INFO - Setting next_dagrun for example_subdag_operator to 2022-01-01 00:00:00+00:00, run_after=2022-01-01 00:00:00+00:00
[2026-02-21T12:39:31.227+0000] {logging_mixin.py:190} INFO - [2026-02-21T12:39:31.226+0000] {dag.py:4180} INFO - Setting next_dagrun for example_subdag_operator.section-1 to None, run_after=None
[2026-02-21T12:39:31.254+0000] {logging_mixin.py:190} INFO - [2026-02-21T12:39:31.241+0000] {dag.py:4180} INFO - Setting next_dagrun for example_subdag_operator.section-2 to None, run_after=None
[2026-02-21T12:39:31.369+0000] {logging_mixin.py:190} INFO - [2026-02-21T12:39:31.367+0000] {dag.py:3239} INFO - Sync 2 DAGs
[2026-02-21T12:39:31.462+0000] {logging_mixin.py:190} INFO - [2026-02-21T12:39:31.450+0000] {dag.py:4180} INFO - Setting next_dagrun for example_subdag_operator.section-1 to None, run_after=None
[2026-02-21T12:39:31.466+0000] {logging_mixin.py:190} INFO - [2026-02-21T12:39:31.465+0000] {dag.py:4180} INFO - Setting next_dagrun for example_subdag_operator.section-2 to None, run_after=None
[2026-02-21T12:39:31.625+0000] {processor.py:208} INFO - Processing /home/airflow/.local/lib/python3.12/site-packages/airflow/example_dags/example_subdag_operator.py took 1.450 seconds
[2026-02-21T12:40:03.454+0000] {processor.py:186} INFO - Started process (PID=734) to work on /home/airflow/.local/lib/python3.12/site-packages/airflow/example_dags/example_subdag_operator.py
[2026-02-21T12:40:03.464+0000] {processor.py:914} INFO - Processing file /home/airflow/.local/lib/python3.12/site-packages/airflow/example_dags/example_subdag_operator.py for tasks to queue
[2026-02-21T12:40:03.487+0000] {logging_mixin.py:190} INFO - [2026-02-21T12:40:03.485+0000] {dagbag.py:588} INFO - Filling up the DagBag from /home/airflow/.local/lib/python3.12/site-packages/airflow/example_dags/example_subdag_operator.py
[2026-02-21T12:40:03.720+0000] {processor.py:925} INFO - DAG(s) 'example_subdag_operator.section-1', 'example_subdag_operator.section-2', 'example_subdag_operator' retrieved from /home/airflow/.local/lib/python3.12/site-packages/airflow/example_dags/example_subdag_operator.py
[2026-02-21T12:40:03.833+0000] {logging_mixin.py:190} INFO - [2026-02-21T12:40:03.831+0000] {dag.py:3239} INFO - Sync 3 DAGs
[2026-02-21T12:40:04.030+0000] {logging_mixin.py:190} INFO - [2026-02-21T12:40:04.029+0000] {dag.py:4180} INFO - Setting next_dagrun for example_subdag_operator to 2022-01-01 00:00:00+00:00, run_after=2022-01-01 00:00:00+00:00
[2026-02-21T12:40:04.073+0000] {logging_mixin.py:190} INFO - [2026-02-21T12:40:04.072+0000] {dag.py:4180} INFO - Setting next_dagrun for example_subdag_operator.section-1 to None, run_after=None
[2026-02-21T12:40:04.096+0000] {logging_mixin.py:190} INFO - [2026-02-21T12:40:04.095+0000] {dag.py:4180} INFO - Setting next_dagrun for example_subdag_operator.section-2 to None, run_after=None
[2026-02-21T12:40:04.190+0000] {logging_mixin.py:190} INFO - [2026-02-21T12:40:04.189+0000] {dag.py:3239} INFO - Sync 2 DAGs
[2026-02-21T12:40:04.263+0000] {logging_mixin.py:190} INFO - [2026-02-21T12:40:04.262+0000] {dag.py:4180} INFO - Setting next_dagrun for example_subdag_operator.section-1 to None, run_after=None
[2026-02-21T12:40:04.271+0000] {logging_mixin.py:190} INFO - [2026-02-21T12:40:04.269+0000] {dag.py:4180} INFO - Setting next_dagrun for example_subdag_operator.section-2 to None, run_after=None
[2026-02-21T12:40:04.383+0000] {processor.py:208} INFO - Processing /home/airflow/.local/lib/python3.12/site-packages/airflow/example_dags/example_subdag_operator.py took 0.991 seconds
[2026-02-21T12:41:25.617+0000] {processor.py:186} INFO - Started process (PID=781) to work on /home/airflow/.local/lib/python3.12/site-packages/airflow/example_dags/example_subdag_operator.py
[2026-02-21T12:41:25.622+0000] {processor.py:914} INFO - Processing file /home/airflow/.local/lib/python3.12/site-packages/airflow/example_dags/example_subdag_operator.py for tasks to queue
[2026-02-21T12:41:25.630+0000] {logging_mixin.py:190} INFO - [2026-02-21T12:41:25.627+0000] {dagbag.py:588} INFO - Filling up the DagBag from /home/airflow/.local/lib/python3.12/site-packages/airflow/example_dags/example_subdag_operator.py
[2026-02-21T12:41:25.828+0000] {processor.py:925} INFO - DAG(s) 'example_subdag_operator.section-1', 'example_subdag_operator.section-2', 'example_subdag_operator' retrieved from /home/airflow/.local/lib/python3.12/site-packages/airflow/example_dags/example_subdag_operator.py
[2026-02-21T12:41:25.933+0000] {logging_mixin.py:190} INFO - [2026-02-21T12:41:25.932+0000] {dag.py:3239} INFO - Sync 3 DAGs
[2026-02-21T12:41:26.047+0000] {logging_mixin.py:190} INFO - [2026-02-21T12:41:26.045+0000] {dag.py:4180} INFO - Setting next_dagrun for example_subdag_operator to 2022-01-01 00:00:00+00:00, run_after=2022-01-01 00:00:00+00:00
[2026-02-21T12:41:26.093+0000] {logging_mixin.py:190} INFO - [2026-02-21T12:41:26.092+0000] {dag.py:4180} INFO - Setting next_dagrun for example_subdag_operator.section-1 to None, run_after=None
[2026-02-21T12:41:26.103+0000] {logging_mixin.py:190} INFO - [2026-02-21T12:41:26.102+0000] {dag.py:4180} INFO - Setting next_dagrun for example_subdag_operator.section-2 to None, run_after=None
[2026-02-21T12:41:26.147+0000] {logging_mixin.py:190} INFO - [2026-02-21T12:41:26.145+0000] {dag.py:3239} INFO - Sync 2 DAGs
[2026-02-21T12:41:26.179+0000] {logging_mixin.py:190} INFO - [2026-02-21T12:41:26.177+0000] {dag.py:4180} INFO - Setting next_dagrun for example_subdag_operator.section-1 to None, run_after=None
[2026-02-21T12:41:26.184+0000] {logging_mixin.py:190} INFO - [2026-02-21T12:41:26.182+0000] {dag.py:4180} INFO - Setting next_dagrun for example_subdag_operator.section-2 to None, run_after=None
[2026-02-21T12:41:26.263+0000] {processor.py:208} INFO - Processing /home/airflow/.local/lib/python3.12/site-packages/airflow/example_dags/example_subdag_operator.py took 0.711 seconds
[2026-02-21T12:41:56.813+0000] {processor.py:186} INFO - Started process (PID=847) to work on /home/airflow/.local/lib/python3.12/site-packages/airflow/example_dags/example_subdag_operator.py
[2026-02-21T12:41:56.821+0000] {processor.py:914} INFO - Processing file /home/airflow/.local/lib/python3.12/site-packages/airflow/example_dags/example_subdag_operator.py for tasks to queue
[2026-02-21T12:41:56.833+0000] {logging_mixin.py:190} INFO - [2026-02-21T12:41:56.830+0000] {dagbag.py:588} INFO - Filling up the DagBag from /home/airflow/.local/lib/python3.12/site-packages/airflow/example_dags/example_subdag_operator.py
[2026-02-21T12:41:57.005+0000] {processor.py:925} INFO - DAG(s) 'example_subdag_operator.section-1', 'example_subdag_operator.section-2', 'example_subdag_operator' retrieved from /home/airflow/.local/lib/python3.12/site-packages/airflow/example_dags/example_subdag_operator.py
[2026-02-21T12:41:57.101+0000] {logging_mixin.py:190} INFO - [2026-02-21T12:41:57.100+0000] {dag.py:3239} INFO - Sync 3 DAGs
[2026-02-21T12:41:57.237+0000] {logging_mixin.py:190} INFO - [2026-02-21T12:41:57.236+0000] {dag.py:4180} INFO - Setting next_dagrun for example_subdag_operator to 2022-01-01 00:00:00+00:00, run_after=2022-01-01 00:00:00+00:00
[2026-02-21T12:41:57.264+0000] {logging_mixin.py:190} INFO - [2026-02-21T12:41:57.263+0000] {dag.py:4180} INFO - Setting next_dagrun for example_subdag_operator.section-1 to None, run_after=None
[2026-02-21T12:41:57.284+0000] {logging_mixin.py:190} INFO - [2026-02-21T12:41:57.283+0000] {dag.py:4180} INFO - Setting next_dagrun for example_subdag_operator.section-2 to None, run_after=None
[2026-02-21T12:41:57.363+0000] {logging_mixin.py:190} INFO - [2026-02-21T12:41:57.361+0000] {dag.py:3239} INFO - Sync 2 DAGs
[2026-02-21T12:41:57.404+0000] {logging_mixin.py:190} INFO - [2026-02-21T12:41:57.403+0000] {dag.py:4180} INFO - Setting next_dagrun for example_subdag_operator.section-1 to None, run_after=None
[2026-02-21T12:41:57.409+0000] {logging_mixin.py:190} INFO - [2026-02-21T12:41:57.408+0000] {dag.py:4180} INFO - Setting next_dagrun for example_subdag_operator.section-2 to None, run_after=None
[2026-02-21T12:41:57.495+0000] {processor.py:208} INFO - Processing /home/airflow/.local/lib/python3.12/site-packages/airflow/example_dags/example_subdag_operator.py took 0.731 seconds
[2026-02-21T12:42:43.784+0000] {processor.py:186} INFO - Started process (PID=918) to work on /home/airflow/.local/lib/python3.12/site-packages/airflow/example_dags/example_subdag_operator.py
[2026-02-21T12:42:43.789+0000] {processor.py:914} INFO - Processing file /home/airflow/.local/lib/python3.12/site-packages/airflow/example_dags/example_subdag_operator.py for tasks to queue
[2026-02-21T12:42:43.802+0000] {logging_mixin.py:190} INFO - [2026-02-21T12:42:43.801+0000] {dagbag.py:588} INFO - Filling up the DagBag from /home/airflow/.local/lib/python3.12/site-packages/airflow/example_dags/example_subdag_operator.py
[2026-02-21T12:42:44.032+0000] {processor.py:925} INFO - DAG(s) 'example_subdag_operator.section-1', 'example_subdag_operator.section-2', 'example_subdag_operator' retrieved from /home/airflow/.local/lib/python3.12/site-packages/airflow/example_dags/example_subdag_operator.py
[2026-02-21T12:42:44.157+0000] {logging_mixin.py:190} INFO - [2026-02-21T12:42:44.156+0000] {dag.py:3239} INFO - Sync 3 DAGs
[2026-02-21T12:42:44.350+0000] {logging_mixin.py:190} INFO - [2026-02-21T12:42:44.349+0000] {dag.py:4180} INFO - Setting next_dagrun for example_subdag_operator to 2022-01-01 00:00:00+00:00, run_after=2022-01-01 00:00:00+00:00
[2026-02-21T12:42:44.386+0000] {logging_mixin.py:190} INFO - [2026-02-21T12:42:44.385+0000] {dag.py:4180} INFO - Setting next_dagrun for example_subdag_operator.section-1 to None, run_after=None
[2026-02-21T12:42:44.394+0000] {logging_mixin.py:190} INFO - [2026-02-21T12:42:44.393+0000] {dag.py:4180} INFO - Setting next_dagrun for example_subdag_operator.section-2 to None, run_after=None
[2026-02-21T12:42:44.485+0000] {logging_mixin.py:190} INFO - [2026-02-21T12:42:44.484+0000] {dag.py:3239} INFO - Sync 2 DAGs
[2026-02-21T12:42:44.522+0000] {logging_mixin.py:190} INFO - [2026-02-21T12:42:44.521+0000] {dag.py:4180} INFO - Setting next_dagrun for example_subdag_operator.section-1 to None, run_after=None
[2026-02-21T12:42:44.525+0000] {logging_mixin.py:190} INFO - [2026-02-21T12:42:44.524+0000] {dag.py:4180} INFO - Setting next_dagrun for example_subdag_operator.section-2 to None, run_after=None
[2026-02-21T12:42:44.708+0000] {processor.py:208} INFO - Processing /home/airflow/.local/lib/python3.12/site-packages/airflow/example_dags/example_subdag_operator.py took 0.964 seconds
[2026-02-21T12:53:54.353+0000] {processor.py:186} INFO - Started process (PID=942) to work on /home/airflow/.local/lib/python3.12/site-packages/airflow/example_dags/example_subdag_operator.py
[2026-02-21T12:53:54.363+0000] {processor.py:914} INFO - Processing file /home/airflow/.local/lib/python3.12/site-packages/airflow/example_dags/example_subdag_operator.py for tasks to queue
[2026-02-21T12:53:54.374+0000] {logging_mixin.py:190} INFO - [2026-02-21T12:53:54.372+0000] {dagbag.py:588} INFO - Filling up the DagBag from /home/airflow/.local/lib/python3.12/site-packages/airflow/example_dags/example_subdag_operator.py
[2026-02-21T12:53:54.520+0000] {processor.py:925} INFO - DAG(s) 'example_subdag_operator.section-1', 'example_subdag_operator.section-2', 'example_subdag_operator' retrieved from /home/airflow/.local/lib/python3.12/site-packages/airflow/example_dags/example_subdag_operator.py
[2026-02-21T12:53:54.652+0000] {logging_mixin.py:190} INFO - [2026-02-21T12:53:54.651+0000] {dag.py:3239} INFO - Sync 3 DAGs
[2026-02-21T12:53:54.775+0000] {logging_mixin.py:190} INFO - [2026-02-21T12:53:54.773+0000] {dag.py:4180} INFO - Setting next_dagrun for example_subdag_operator to 2022-01-01 00:00:00+00:00, run_after=2022-01-01 00:00:00+00:00
[2026-02-21T12:53:54.796+0000] {logging_mixin.py:190} INFO - [2026-02-21T12:53:54.795+0000] {dag.py:4180} INFO - Setting next_dagrun for example_subdag_operator.section-1 to None, run_after=None
[2026-02-21T12:53:54.805+0000] {logging_mixin.py:190} INFO - [2026-02-21T12:53:54.804+0000] {dag.py:4180} INFO - Setting next_dagrun for example_subdag_operator.section-2 to None, run_after=None
[2026-02-21T12:53:54.842+0000] {logging_mixin.py:190} INFO - [2026-02-21T12:53:54.841+0000] {dag.py:3239} INFO - Sync 2 DAGs
[2026-02-21T12:53:54.872+0000] {logging_mixin.py:190} INFO - [2026-02-21T12:53:54.871+0000] {dag.py:4180} INFO - Setting next_dagrun for example_subdag_operator.section-1 to None, run_after=None
[2026-02-21T12:53:54.876+0000] {logging_mixin.py:190} INFO - [2026-02-21T12:53:54.875+0000] {dag.py:4180} INFO - Setting next_dagrun for example_subdag_operator.section-2 to None, run_after=None
[2026-02-21T12:53:54.948+0000] {processor.py:208} INFO - Processing /home/airflow/.local/lib/python3.12/site-packages/airflow/example_dags/example_subdag_operator.py took 0.631 seconds
[2026-02-21T12:54:25.621+0000] {processor.py:186} INFO - Started process (PID=1007) to work on /home/airflow/.local/lib/python3.12/site-packages/airflow/example_dags/example_subdag_operator.py
[2026-02-21T12:54:25.628+0000] {processor.py:914} INFO - Processing file /home/airflow/.local/lib/python3.12/site-packages/airflow/example_dags/example_subdag_operator.py for tasks to queue
[2026-02-21T12:54:25.639+0000] {logging_mixin.py:190} INFO - [2026-02-21T12:54:25.638+0000] {dagbag.py:588} INFO - Filling up the DagBag from /home/airflow/.local/lib/python3.12/site-packages/airflow/example_dags/example_subdag_operator.py
[2026-02-21T12:54:25.784+0000] {processor.py:925} INFO - DAG(s) 'example_subdag_operator.section-1', 'example_subdag_operator.section-2', 'example_subdag_operator' retrieved from /home/airflow/.local/lib/python3.12/site-packages/airflow/example_dags/example_subdag_operator.py
[2026-02-21T12:54:25.876+0000] {logging_mixin.py:190} INFO - [2026-02-21T12:54:25.875+0000] {dag.py:3239} INFO - Sync 3 DAGs
[2026-02-21T12:54:25.989+0000] {logging_mixin.py:190} INFO - [2026-02-21T12:54:25.988+0000] {dag.py:4180} INFO - Setting next_dagrun for example_subdag_operator to 2022-01-01 00:00:00+00:00, run_after=2022-01-01 00:00:00+00:00
[2026-02-21T12:54:26.008+0000] {logging_mixin.py:190} INFO - [2026-02-21T12:54:26.008+0000] {dag.py:4180} INFO - Setting next_dagrun for example_subdag_operator.section-1 to None, run_after=None
[2026-02-21T12:54:26.019+0000] {logging_mixin.py:190} INFO - [2026-02-21T12:54:26.018+0000] {dag.py:4180} INFO - Setting next_dagrun for example_subdag_operator.section-2 to None, run_after=None
[2026-02-21T12:54:26.060+0000] {logging_mixin.py:190} INFO - [2026-02-21T12:54:26.059+0000] {dag.py:3239} INFO - Sync 2 DAGs
[2026-02-21T12:54:26.092+0000] {logging_mixin.py:190} INFO - [2026-02-21T12:54:26.090+0000] {dag.py:4180} INFO - Setting next_dagrun for example_subdag_operator.section-1 to None, run_after=None
[2026-02-21T12:54:26.096+0000] {logging_mixin.py:190} INFO - [2026-02-21T12:54:26.095+0000] {dag.py:4180} INFO - Setting next_dagrun for example_subdag_operator.section-2 to None, run_after=None
[2026-02-21T12:54:26.158+0000] {processor.py:208} INFO - Processing /home/airflow/.local/lib/python3.12/site-packages/airflow/example_dags/example_subdag_operator.py took 0.563 seconds
[2026-02-21T12:54:57.010+0000] {processor.py:186} INFO - Started process (PID=1072) to work on /home/airflow/.local/lib/python3.12/site-packages/airflow/example_dags/example_subdag_operator.py
[2026-02-21T12:54:57.015+0000] {processor.py:914} INFO - Processing file /home/airflow/.local/lib/python3.12/site-packages/airflow/example_dags/example_subdag_operator.py for tasks to queue
[2026-02-21T12:54:57.029+0000] {logging_mixin.py:190} INFO - [2026-02-21T12:54:57.028+0000] {dagbag.py:588} INFO - Filling up the DagBag from /home/airflow/.local/lib/python3.12/site-packages/airflow/example_dags/example_subdag_operator.py
[2026-02-21T12:54:57.161+0000] {processor.py:925} INFO - DAG(s) 'example_subdag_operator.section-1', 'example_subdag_operator.section-2', 'example_subdag_operator' retrieved from /home/airflow/.local/lib/python3.12/site-packages/airflow/example_dags/example_subdag_operator.py
[2026-02-21T12:54:57.264+0000] {logging_mixin.py:190} INFO - [2026-02-21T12:54:57.262+0000] {dag.py:3239} INFO - Sync 3 DAGs
[2026-02-21T12:54:57.403+0000] {logging_mixin.py:190} INFO - [2026-02-21T12:54:57.400+0000] {dag.py:4180} INFO - Setting next_dagrun for example_subdag_operator to 2022-01-01 00:00:00+00:00, run_after=2022-01-01 00:00:00+00:00
[2026-02-21T12:54:57.422+0000] {logging_mixin.py:190} INFO - [2026-02-21T12:54:57.421+0000] {dag.py:4180} INFO - Setting next_dagrun for example_subdag_operator.section-1 to None, run_after=None
[2026-02-21T12:54:57.433+0000] {logging_mixin.py:190} INFO - [2026-02-21T12:54:57.431+0000] {dag.py:4180} INFO - Setting next_dagrun for example_subdag_operator.section-2 to None, run_after=None
[2026-02-21T12:54:57.485+0000] {logging_mixin.py:190} INFO - [2026-02-21T12:54:57.484+0000] {dag.py:3239} INFO - Sync 2 DAGs
[2026-02-21T12:54:57.539+0000] {logging_mixin.py:190} INFO - [2026-02-21T12:54:57.538+0000] {dag.py:4180} INFO - Setting next_dagrun for example_subdag_operator.section-1 to None, run_after=None
[2026-02-21T12:54:57.543+0000] {logging_mixin.py:190} INFO - [2026-02-21T12:54:57.542+0000] {dag.py:4180} INFO - Setting next_dagrun for example_subdag_operator.section-2 to None, run_after=None
[2026-02-21T12:54:57.629+0000] {processor.py:208} INFO - Processing /home/airflow/.local/lib/python3.12/site-packages/airflow/example_dags/example_subdag_operator.py took 0.649 seconds
[2026-02-21T12:55:28.320+0000] {processor.py:186} INFO - Started process (PID=1136) to work on /home/airflow/.local/lib/python3.12/site-packages/airflow/example_dags/example_subdag_operator.py
[2026-02-21T12:55:28.323+0000] {processor.py:914} INFO - Processing file /home/airflow/.local/lib/python3.12/site-packages/airflow/example_dags/example_subdag_operator.py for tasks to queue
[2026-02-21T12:55:28.329+0000] {logging_mixin.py:190} INFO - [2026-02-21T12:55:28.328+0000] {dagbag.py:588} INFO - Filling up the DagBag from /home/airflow/.local/lib/python3.12/site-packages/airflow/example_dags/example_subdag_operator.py
[2026-02-21T12:55:28.380+0000] {processor.py:925} INFO - DAG(s) 'example_subdag_operator.section-1', 'example_subdag_operator.section-2', 'example_subdag_operator' retrieved from /home/airflow/.local/lib/python3.12/site-packages/airflow/example_dags/example_subdag_operator.py
[2026-02-21T12:55:28.412+0000] {logging_mixin.py:190} INFO - [2026-02-21T12:55:28.411+0000] {dag.py:3239} INFO - Sync 3 DAGs
[2026-02-21T12:55:28.451+0000] {logging_mixin.py:190} INFO - [2026-02-21T12:55:28.451+0000] {dag.py:4180} INFO - Setting next_dagrun for example_subdag_operator to 2022-01-01 00:00:00+00:00, run_after=2022-01-01 00:00:00+00:00
[2026-02-21T12:55:28.459+0000] {logging_mixin.py:190} INFO - [2026-02-21T12:55:28.459+0000] {dag.py:4180} INFO - Setting next_dagrun for example_subdag_operator.section-1 to None, run_after=None
[2026-02-21T12:55:28.463+0000] {logging_mixin.py:190} INFO - [2026-02-21T12:55:28.462+0000] {dag.py:4180} INFO - Setting next_dagrun for example_subdag_operator.section-2 to None, run_after=None
[2026-02-21T12:55:28.477+0000] {logging_mixin.py:190} INFO - [2026-02-21T12:55:28.476+0000] {dag.py:3239} INFO - Sync 2 DAGs
[2026-02-21T12:55:28.490+0000] {logging_mixin.py:190} INFO - [2026-02-21T12:55:28.489+0000] {dag.py:4180} INFO - Setting next_dagrun for example_subdag_operator.section-1 to None, run_after=None
[2026-02-21T12:55:28.492+0000] {logging_mixin.py:190} INFO - [2026-02-21T12:55:28.491+0000] {dag.py:4180} INFO - Setting next_dagrun for example_subdag_operator.section-2 to None, run_after=None
[2026-02-21T12:55:28.518+0000] {processor.py:208} INFO - Processing /home/airflow/.local/lib/python3.12/site-packages/airflow/example_dags/example_subdag_operator.py took 0.209 seconds
[2026-02-21T17:10:11.844+0000] {processor.py:186} INFO - Started process (PID=1181) to work on /home/airflow/.local/lib/python3.12/site-packages/airflow/example_dags/example_subdag_operator.py
[2026-02-21T17:10:11.852+0000] {processor.py:914} INFO - Processing file /home/airflow/.local/lib/python3.12/site-packages/airflow/example_dags/example_subdag_operator.py for tasks to queue
[2026-02-21T17:10:11.865+0000] {logging_mixin.py:190} INFO - [2026-02-21T17:10:11.864+0000] {dagbag.py:588} INFO - Filling up the DagBag from /home/airflow/.local/lib/python3.12/site-packages/airflow/example_dags/example_subdag_operator.py
[2026-02-21T17:10:12.034+0000] {processor.py:925} INFO - DAG(s) 'example_subdag_operator.section-1', 'example_subdag_operator.section-2', 'example_subdag_operator' retrieved from /home/airflow/.local/lib/python3.12/site-packages/airflow/example_dags/example_subdag_operator.py
[2026-02-21T17:10:12.175+0000] {logging_mixin.py:190} INFO - [2026-02-21T17:10:12.174+0000] {dag.py:3239} INFO - Sync 3 DAGs
[2026-02-21T17:10:12.292+0000] {logging_mixin.py:190} INFO - [2026-02-21T17:10:12.291+0000] {dag.py:4180} INFO - Setting next_dagrun for example_subdag_operator to 2022-01-01 00:00:00+00:00, run_after=2022-01-01 00:00:00+00:00
[2026-02-21T17:10:12.308+0000] {logging_mixin.py:190} INFO - [2026-02-21T17:10:12.308+0000] {dag.py:4180} INFO - Setting next_dagrun for example_subdag_operator.section-1 to None, run_after=None
[2026-02-21T17:10:12.314+0000] {logging_mixin.py:190} INFO - [2026-02-21T17:10:12.313+0000] {dag.py:4180} INFO - Setting next_dagrun for example_subdag_operator.section-2 to None, run_after=None
[2026-02-21T17:10:12.347+0000] {logging_mixin.py:190} INFO - [2026-02-21T17:10:12.346+0000] {dag.py:3239} INFO - Sync 2 DAGs
[2026-02-21T17:10:12.374+0000] {logging_mixin.py:190} INFO - [2026-02-21T17:10:12.373+0000] {dag.py:4180} INFO - Setting next_dagrun for example_subdag_operator.section-1 to None, run_after=None
[2026-02-21T17:10:12.377+0000] {logging_mixin.py:190} INFO - [2026-02-21T17:10:12.376+0000] {dag.py:4180} INFO - Setting next_dagrun for example_subdag_operator.section-2 to None, run_after=None
[2026-02-21T17:10:12.433+0000] {processor.py:208} INFO - Processing /home/airflow/.local/lib/python3.12/site-packages/airflow/example_dags/example_subdag_operator.py took 0.616 seconds
[2026-02-21T17:10:42.862+0000] {processor.py:186} INFO - Started process (PID=1246) to work on /home/airflow/.local/lib/python3.12/site-packages/airflow/example_dags/example_subdag_operator.py
[2026-02-21T17:10:42.866+0000] {processor.py:914} INFO - Processing file /home/airflow/.local/lib/python3.12/site-packages/airflow/example_dags/example_subdag_operator.py for tasks to queue
[2026-02-21T17:10:42.873+0000] {logging_mixin.py:190} INFO - [2026-02-21T17:10:42.872+0000] {dagbag.py:588} INFO - Filling up the DagBag from /home/airflow/.local/lib/python3.12/site-packages/airflow/example_dags/example_subdag_operator.py
[2026-02-21T17:10:42.966+0000] {processor.py:925} INFO - DAG(s) 'example_subdag_operator.section-1', 'example_subdag_operator.section-2', 'example_subdag_operator' retrieved from /home/airflow/.local/lib/python3.12/site-packages/airflow/example_dags/example_subdag_operator.py
[2026-02-21T17:10:43.018+0000] {logging_mixin.py:190} INFO - [2026-02-21T17:10:43.017+0000] {dag.py:3239} INFO - Sync 3 DAGs
[2026-02-21T17:10:43.085+0000] {logging_mixin.py:190} INFO - [2026-02-21T17:10:43.084+0000] {dag.py:4180} INFO - Setting next_dagrun for example_subdag_operator to 2022-01-01 00:00:00+00:00, run_after=2022-01-01 00:00:00+00:00
[2026-02-21T17:10:43.101+0000] {logging_mixin.py:190} INFO - [2026-02-21T17:10:43.101+0000] {dag.py:4180} INFO - Setting next_dagrun for example_subdag_operator.section-1 to None, run_after=None
[2026-02-21T17:10:43.110+0000] {logging_mixin.py:190} INFO - [2026-02-21T17:10:43.110+0000] {dag.py:4180} INFO - Setting next_dagrun for example_subdag_operator.section-2 to None, run_after=None
[2026-02-21T17:10:43.136+0000] {logging_mixin.py:190} INFO - [2026-02-21T17:10:43.136+0000] {dag.py:3239} INFO - Sync 2 DAGs
[2026-02-21T17:10:43.155+0000] {logging_mixin.py:190} INFO - [2026-02-21T17:10:43.154+0000] {dag.py:4180} INFO - Setting next_dagrun for example_subdag_operator.section-1 to None, run_after=None
[2026-02-21T17:10:43.157+0000] {logging_mixin.py:190} INFO - [2026-02-21T17:10:43.156+0000] {dag.py:4180} INFO - Setting next_dagrun for example_subdag_operator.section-2 to None, run_after=None
[2026-02-21T17:10:43.196+0000] {processor.py:208} INFO - Processing /home/airflow/.local/lib/python3.12/site-packages/airflow/example_dags/example_subdag_operator.py took 0.350 seconds
[2026-02-21T17:11:13.504+0000] {processor.py:186} INFO - Started process (PID=1311) to work on /home/airflow/.local/lib/python3.12/site-packages/airflow/example_dags/example_subdag_operator.py
[2026-02-21T17:11:13.506+0000] {processor.py:914} INFO - Processing file /home/airflow/.local/lib/python3.12/site-packages/airflow/example_dags/example_subdag_operator.py for tasks to queue
[2026-02-21T17:11:13.509+0000] {logging_mixin.py:190} INFO - [2026-02-21T17:11:13.509+0000] {dagbag.py:588} INFO - Filling up the DagBag from /home/airflow/.local/lib/python3.12/site-packages/airflow/example_dags/example_subdag_operator.py
[2026-02-21T17:11:13.541+0000] {processor.py:925} INFO - DAG(s) 'example_subdag_operator.section-1', 'example_subdag_operator.section-2', 'example_subdag_operator' retrieved from /home/airflow/.local/lib/python3.12/site-packages/airflow/example_dags/example_subdag_operator.py
[2026-02-21T17:11:13.562+0000] {logging_mixin.py:190} INFO - [2026-02-21T17:11:13.561+0000] {dag.py:3239} INFO - Sync 3 DAGs
[2026-02-21T17:11:13.590+0000] {logging_mixin.py:190} INFO - [2026-02-21T17:11:13.590+0000] {dag.py:4180} INFO - Setting next_dagrun for example_subdag_operator to 2022-01-01 00:00:00+00:00, run_after=2022-01-01 00:00:00+00:00
[2026-02-21T17:11:13.595+0000] {logging_mixin.py:190} INFO - [2026-02-21T17:11:13.595+0000] {dag.py:4180} INFO - Setting next_dagrun for example_subdag_operator.section-1 to None, run_after=None
[2026-02-21T17:11:13.597+0000] {logging_mixin.py:190} INFO - [2026-02-21T17:11:13.597+0000] {dag.py:4180} INFO - Setting next_dagrun for example_subdag_operator.section-2 to None, run_after=None
[2026-02-21T17:11:13.609+0000] {logging_mixin.py:190} INFO - [2026-02-21T17:11:13.608+0000] {dag.py:3239} INFO - Sync 2 DAGs
[2026-02-21T17:11:13.617+0000] {logging_mixin.py:190} INFO - [2026-02-21T17:11:13.616+0000] {dag.py:4180} INFO - Setting next_dagrun for example_subdag_operator.section-1 to None, run_after=None
[2026-02-21T17:11:13.618+0000] {logging_mixin.py:190} INFO - [2026-02-21T17:11:13.618+0000] {dag.py:4180} INFO - Setting next_dagrun for example_subdag_operator.section-2 to None, run_after=None
[2026-02-21T17:11:13.634+0000] {processor.py:208} INFO - Processing /home/airflow/.local/lib/python3.12/site-packages/airflow/example_dags/example_subdag_operator.py took 0.137 seconds
[2026-02-21T17:11:44.037+0000] {processor.py:186} INFO - Started process (PID=1377) to work on /home/airflow/.local/lib/python3.12/site-packages/airflow/example_dags/example_subdag_operator.py
[2026-02-21T17:11:44.039+0000] {processor.py:914} INFO - Processing file /home/airflow/.local/lib/python3.12/site-packages/airflow/example_dags/example_subdag_operator.py for tasks to queue
[2026-02-21T17:11:44.044+0000] {logging_mixin.py:190} INFO - [2026-02-21T17:11:44.043+0000] {dagbag.py:588} INFO - Filling up the DagBag from /home/airflow/.local/lib/python3.12/site-packages/airflow/example_dags/example_subdag_operator.py
[2026-02-21T17:11:44.085+0000] {processor.py:925} INFO - DAG(s) 'example_subdag_operator.section-1', 'example_subdag_operator.section-2', 'example_subdag_operator' retrieved from /home/airflow/.local/lib/python3.12/site-packages/airflow/example_dags/example_subdag_operator.py
[2026-02-21T17:11:44.110+0000] {logging_mixin.py:190} INFO - [2026-02-21T17:11:44.109+0000] {dag.py:3239} INFO - Sync 3 DAGs
[2026-02-21T17:11:44.142+0000] {logging_mixin.py:190} INFO - [2026-02-21T17:11:44.142+0000] {dag.py:4180} INFO - Setting next_dagrun for example_subdag_operator to 2022-01-01 00:00:00+00:00, run_after=2022-01-01 00:00:00+00:00
[2026-02-21T17:11:44.150+0000] {logging_mixin.py:190} INFO - [2026-02-21T17:11:44.150+0000] {dag.py:4180} INFO - Setting next_dagrun for example_subdag_operator.section-1 to None, run_after=None
[2026-02-21T17:11:44.153+0000] {logging_mixin.py:190} INFO - [2026-02-21T17:11:44.153+0000] {dag.py:4180} INFO - Setting next_dagrun for example_subdag_operator.section-2 to None, run_after=None
[2026-02-21T17:11:44.171+0000] {logging_mixin.py:190} INFO - [2026-02-21T17:11:44.170+0000] {dag.py:3239} INFO - Sync 2 DAGs
[2026-02-21T17:11:44.182+0000] {logging_mixin.py:190} INFO - [2026-02-21T17:11:44.181+0000] {dag.py:4180} INFO - Setting next_dagrun for example_subdag_operator.section-1 to None, run_after=None
[2026-02-21T17:11:44.183+0000] {logging_mixin.py:190} INFO - [2026-02-21T17:11:44.183+0000] {dag.py:4180} INFO - Setting next_dagrun for example_subdag_operator.section-2 to None, run_after=None
[2026-02-21T17:11:44.206+0000] {processor.py:208} INFO - Processing /home/airflow/.local/lib/python3.12/site-packages/airflow/example_dags/example_subdag_operator.py took 0.179 seconds
[2026-02-21T17:12:16.232+0000] {processor.py:186} INFO - Started process (PID=1442) to work on /home/airflow/.local/lib/python3.12/site-packages/airflow/example_dags/example_subdag_operator.py
[2026-02-21T17:12:16.238+0000] {processor.py:914} INFO - Processing file /home/airflow/.local/lib/python3.12/site-packages/airflow/example_dags/example_subdag_operator.py for tasks to queue
[2026-02-21T17:12:16.249+0000] {logging_mixin.py:190} INFO - [2026-02-21T17:12:16.246+0000] {dagbag.py:588} INFO - Filling up the DagBag from /home/airflow/.local/lib/python3.12/site-packages/airflow/example_dags/example_subdag_operator.py
[2026-02-21T17:12:16.381+0000] {processor.py:925} INFO - DAG(s) 'example_subdag_operator.section-1', 'example_subdag_operator.section-2', 'example_subdag_operator' retrieved from /home/airflow/.local/lib/python3.12/site-packages/airflow/example_dags/example_subdag_operator.py
[2026-02-21T17:12:16.441+0000] {logging_mixin.py:190} INFO - [2026-02-21T17:12:16.440+0000] {dag.py:3239} INFO - Sync 3 DAGs
[2026-02-21T17:12:16.530+0000] {logging_mixin.py:190} INFO - [2026-02-21T17:12:16.529+0000] {dag.py:4180} INFO - Setting next_dagrun for example_subdag_operator to 2022-01-01 00:00:00+00:00, run_after=2022-01-01 00:00:00+00:00
[2026-02-21T17:12:16.546+0000] {logging_mixin.py:190} INFO - [2026-02-21T17:12:16.544+0000] {dag.py:4180} INFO - Setting next_dagrun for example_subdag_operator.section-1 to None, run_after=None
[2026-02-21T17:12:16.552+0000] {logging_mixin.py:190} INFO - [2026-02-21T17:12:16.552+0000] {dag.py:4180} INFO - Setting next_dagrun for example_subdag_operator.section-2 to None, run_after=None
[2026-02-21T17:12:16.578+0000] {logging_mixin.py:190} INFO - [2026-02-21T17:12:16.577+0000] {dag.py:3239} INFO - Sync 2 DAGs
[2026-02-21T17:12:16.596+0000] {logging_mixin.py:190} INFO - [2026-02-21T17:12:16.596+0000] {dag.py:4180} INFO - Setting next_dagrun for example_subdag_operator.section-1 to None, run_after=None
[2026-02-21T17:12:16.600+0000] {logging_mixin.py:190} INFO - [2026-02-21T17:12:16.598+0000] {dag.py:4180} INFO - Setting next_dagrun for example_subdag_operator.section-2 to None, run_after=None
[2026-02-21T17:12:16.646+0000] {processor.py:208} INFO - Processing /home/airflow/.local/lib/python3.12/site-packages/airflow/example_dags/example_subdag_operator.py took 0.444 seconds
[2026-02-21T17:12:47.439+0000] {processor.py:186} INFO - Started process (PID=1508) to work on /home/airflow/.local/lib/python3.12/site-packages/airflow/example_dags/example_subdag_operator.py
[2026-02-21T17:12:47.444+0000] {processor.py:914} INFO - Processing file /home/airflow/.local/lib/python3.12/site-packages/airflow/example_dags/example_subdag_operator.py for tasks to queue
[2026-02-21T17:12:47.454+0000] {logging_mixin.py:190} INFO - [2026-02-21T17:12:47.452+0000] {dagbag.py:588} INFO - Filling up the DagBag from /home/airflow/.local/lib/python3.12/site-packages/airflow/example_dags/example_subdag_operator.py
[2026-02-21T17:12:47.546+0000] {processor.py:925} INFO - DAG(s) 'example_subdag_operator.section-1', 'example_subdag_operator.section-2', 'example_subdag_operator' retrieved from /home/airflow/.local/lib/python3.12/site-packages/airflow/example_dags/example_subdag_operator.py
[2026-02-21T17:12:47.602+0000] {logging_mixin.py:190} INFO - [2026-02-21T17:12:47.601+0000] {dag.py:3239} INFO - Sync 3 DAGs
[2026-02-21T17:12:47.678+0000] {logging_mixin.py:190} INFO - [2026-02-21T17:12:47.677+0000] {dag.py:4180} INFO - Setting next_dagrun for example_subdag_operator to 2022-01-01 00:00:00+00:00, run_after=2022-01-01 00:00:00+00:00
[2026-02-21T17:12:47.691+0000] {logging_mixin.py:190} INFO - [2026-02-21T17:12:47.691+0000] {dag.py:4180} INFO - Setting next_dagrun for example_subdag_operator.section-1 to None, run_after=None
[2026-02-21T17:12:47.700+0000] {logging_mixin.py:190} INFO - [2026-02-21T17:12:47.700+0000] {dag.py:4180} INFO - Setting next_dagrun for example_subdag_operator.section-2 to None, run_after=None
[2026-02-21T17:12:47.730+0000] {logging_mixin.py:190} INFO - [2026-02-21T17:12:47.729+0000] {dag.py:3239} INFO - Sync 2 DAGs
[2026-02-21T17:12:47.754+0000] {logging_mixin.py:190} INFO - [2026-02-21T17:12:47.753+0000] {dag.py:4180} INFO - Setting next_dagrun for example_subdag_operator.section-1 to None, run_after=None
[2026-02-21T17:12:47.757+0000] {logging_mixin.py:190} INFO - [2026-02-21T17:12:47.756+0000] {dag.py:4180} INFO - Setting next_dagrun for example_subdag_operator.section-2 to None, run_after=None
[2026-02-21T17:12:47.800+0000] {processor.py:208} INFO - Processing /home/airflow/.local/lib/python3.12/site-packages/airflow/example_dags/example_subdag_operator.py took 0.381 seconds
[2026-02-21T17:13:17.986+0000] {processor.py:186} INFO - Started process (PID=1567) to work on /home/airflow/.local/lib/python3.12/site-packages/airflow/example_dags/example_subdag_operator.py
[2026-02-21T17:13:17.987+0000] {processor.py:914} INFO - Processing file /home/airflow/.local/lib/python3.12/site-packages/airflow/example_dags/example_subdag_operator.py for tasks to queue
[2026-02-21T17:13:17.990+0000] {logging_mixin.py:190} INFO - [2026-02-21T17:13:17.989+0000] {dagbag.py:588} INFO - Filling up the DagBag from /home/airflow/.local/lib/python3.12/site-packages/airflow/example_dags/example_subdag_operator.py
[2026-02-21T17:13:18.016+0000] {processor.py:925} INFO - DAG(s) 'example_subdag_operator.section-1', 'example_subdag_operator.section-2', 'example_subdag_operator' retrieved from /home/airflow/.local/lib/python3.12/site-packages/airflow/example_dags/example_subdag_operator.py
[2026-02-21T17:13:18.032+0000] {logging_mixin.py:190} INFO - [2026-02-21T17:13:18.031+0000] {dag.py:3239} INFO - Sync 3 DAGs
[2026-02-21T17:13:18.051+0000] {logging_mixin.py:190} INFO - [2026-02-21T17:13:18.051+0000] {dag.py:4180} INFO - Setting next_dagrun for example_subdag_operator to 2022-01-01 00:00:00+00:00, run_after=2022-01-01 00:00:00+00:00
[2026-02-21T17:13:18.056+0000] {logging_mixin.py:190} INFO - [2026-02-21T17:13:18.055+0000] {dag.py:4180} INFO - Setting next_dagrun for example_subdag_operator.section-1 to None, run_after=None
[2026-02-21T17:13:18.058+0000] {logging_mixin.py:190} INFO - [2026-02-21T17:13:18.057+0000] {dag.py:4180} INFO - Setting next_dagrun for example_subdag_operator.section-2 to None, run_after=None
[2026-02-21T17:13:18.066+0000] {logging_mixin.py:190} INFO - [2026-02-21T17:13:18.066+0000] {dag.py:3239} INFO - Sync 2 DAGs
[2026-02-21T17:13:18.073+0000] {logging_mixin.py:190} INFO - [2026-02-21T17:13:18.073+0000] {dag.py:4180} INFO - Setting next_dagrun for example_subdag_operator.section-1 to None, run_after=None
[2026-02-21T17:13:18.075+0000] {logging_mixin.py:190} INFO - [2026-02-21T17:13:18.074+0000] {dag.py:4180} INFO - Setting next_dagrun for example_subdag_operator.section-2 to None, run_after=None
[2026-02-21T17:13:18.089+0000] {processor.py:208} INFO - Processing /home/airflow/.local/lib/python3.12/site-packages/airflow/example_dags/example_subdag_operator.py took 0.109 seconds
[2026-02-21T19:41:13.320+0000] {processor.py:186} INFO - Started process (PID=1628) to work on /home/airflow/.local/lib/python3.12/site-packages/airflow/example_dags/example_subdag_operator.py
[2026-02-21T19:41:13.323+0000] {processor.py:914} INFO - Processing file /home/airflow/.local/lib/python3.12/site-packages/airflow/example_dags/example_subdag_operator.py for tasks to queue
[2026-02-21T19:41:13.328+0000] {logging_mixin.py:190} INFO - [2026-02-21T19:41:13.328+0000] {dagbag.py:588} INFO - Filling up the DagBag from /home/airflow/.local/lib/python3.12/site-packages/airflow/example_dags/example_subdag_operator.py
[2026-02-21T19:41:13.394+0000] {processor.py:925} INFO - DAG(s) 'example_subdag_operator.section-1', 'example_subdag_operator.section-2', 'example_subdag_operator' retrieved from /home/airflow/.local/lib/python3.12/site-packages/airflow/example_dags/example_subdag_operator.py
[2026-02-21T19:41:13.444+0000] {logging_mixin.py:190} INFO - [2026-02-21T19:41:13.444+0000] {dag.py:3239} INFO - Sync 3 DAGs
[2026-02-21T19:41:13.533+0000] {logging_mixin.py:190} INFO - [2026-02-21T19:41:13.532+0000] {dag.py:4180} INFO - Setting next_dagrun for example_subdag_operator to 2022-01-01 00:00:00+00:00, run_after=2022-01-01 00:00:00+00:00
[2026-02-21T19:41:13.544+0000] {logging_mixin.py:190} INFO - [2026-02-21T19:41:13.543+0000] {dag.py:4180} INFO - Setting next_dagrun for example_subdag_operator.section-1 to None, run_after=None
[2026-02-21T19:41:13.548+0000] {logging_mixin.py:190} INFO - [2026-02-21T19:41:13.548+0000] {dag.py:4180} INFO - Setting next_dagrun for example_subdag_operator.section-2 to None, run_after=None
[2026-02-21T19:41:13.567+0000] {logging_mixin.py:190} INFO - [2026-02-21T19:41:13.566+0000] {dag.py:3239} INFO - Sync 2 DAGs
[2026-02-21T19:41:13.584+0000] {logging_mixin.py:190} INFO - [2026-02-21T19:41:13.584+0000] {dag.py:4180} INFO - Setting next_dagrun for example_subdag_operator.section-1 to None, run_after=None
[2026-02-21T19:41:13.586+0000] {logging_mixin.py:190} INFO - [2026-02-21T19:41:13.585+0000] {dag.py:4180} INFO - Setting next_dagrun for example_subdag_operator.section-2 to None, run_after=None
[2026-02-21T19:41:13.612+0000] {processor.py:208} INFO - Processing /home/airflow/.local/lib/python3.12/site-packages/airflow/example_dags/example_subdag_operator.py took 0.314 seconds
[2026-02-21T19:41:45.833+0000] {processor.py:186} INFO - Started process (PID=2285) to work on /home/airflow/.local/lib/python3.12/site-packages/airflow/example_dags/example_subdag_operator.py
[2026-02-21T19:41:45.839+0000] {processor.py:914} INFO - Processing file /home/airflow/.local/lib/python3.12/site-packages/airflow/example_dags/example_subdag_operator.py for tasks to queue
[2026-02-21T19:41:45.845+0000] {logging_mixin.py:190} INFO - [2026-02-21T19:41:45.843+0000] {dagbag.py:588} INFO - Filling up the DagBag from /home/airflow/.local/lib/python3.12/site-packages/airflow/example_dags/example_subdag_operator.py
[2026-02-21T19:41:45.994+0000] {processor.py:925} INFO - DAG(s) 'example_subdag_operator.section-1', 'example_subdag_operator.section-2', 'example_subdag_operator' retrieved from /home/airflow/.local/lib/python3.12/site-packages/airflow/example_dags/example_subdag_operator.py
[2026-02-21T19:41:46.104+0000] {logging_mixin.py:190} INFO - [2026-02-21T19:41:46.102+0000] {dag.py:3239} INFO - Sync 3 DAGs
[2026-02-21T19:41:46.252+0000] {logging_mixin.py:190} INFO - [2026-02-21T19:41:46.251+0000] {dag.py:4180} INFO - Setting next_dagrun for example_subdag_operator to 2022-01-01 00:00:00+00:00, run_after=2022-01-01 00:00:00+00:00
[2026-02-21T19:41:46.284+0000] {logging_mixin.py:190} INFO - [2026-02-21T19:41:46.283+0000] {dag.py:4180} INFO - Setting next_dagrun for example_subdag_operator.section-1 to None, run_after=None
[2026-02-21T19:41:46.298+0000] {logging_mixin.py:190} INFO - [2026-02-21T19:41:46.294+0000] {dag.py:4180} INFO - Setting next_dagrun for example_subdag_operator.section-2 to None, run_after=None
[2026-02-21T19:41:46.343+0000] {logging_mixin.py:190} INFO - [2026-02-21T19:41:46.342+0000] {dag.py:3239} INFO - Sync 2 DAGs
[2026-02-21T19:41:46.389+0000] {logging_mixin.py:190} INFO - [2026-02-21T19:41:46.388+0000] {dag.py:4180} INFO - Setting next_dagrun for example_subdag_operator.section-1 to None, run_after=None
[2026-02-21T19:41:46.396+0000] {logging_mixin.py:190} INFO - [2026-02-21T19:41:46.395+0000] {dag.py:4180} INFO - Setting next_dagrun for example_subdag_operator.section-2 to None, run_after=None
[2026-02-21T19:41:46.455+0000] {processor.py:208} INFO - Processing /home/airflow/.local/lib/python3.12/site-packages/airflow/example_dags/example_subdag_operator.py took 0.649 seconds
[2026-02-21T20:16:54.434+0000] {processor.py:186} INFO - Started process (PID=2353) to work on /home/airflow/.local/lib/python3.12/site-packages/airflow/example_dags/example_subdag_operator.py
[2026-02-21T20:16:54.446+0000] {processor.py:914} INFO - Processing file /home/airflow/.local/lib/python3.12/site-packages/airflow/example_dags/example_subdag_operator.py for tasks to queue
[2026-02-21T20:16:54.456+0000] {logging_mixin.py:190} INFO - [2026-02-21T20:16:54.455+0000] {dagbag.py:588} INFO - Filling up the DagBag from /home/airflow/.local/lib/python3.12/site-packages/airflow/example_dags/example_subdag_operator.py
[2026-02-21T20:16:54.662+0000] {processor.py:925} INFO - DAG(s) 'example_subdag_operator.section-1', 'example_subdag_operator.section-2', 'example_subdag_operator' retrieved from /home/airflow/.local/lib/python3.12/site-packages/airflow/example_dags/example_subdag_operator.py
[2026-02-21T20:16:54.859+0000] {logging_mixin.py:190} INFO - [2026-02-21T20:16:54.857+0000] {dag.py:3239} INFO - Sync 3 DAGs
[2026-02-21T20:16:55.038+0000] {logging_mixin.py:190} INFO - [2026-02-21T20:16:55.037+0000] {dag.py:4180} INFO - Setting next_dagrun for example_subdag_operator to 2022-01-01 00:00:00+00:00, run_after=2022-01-01 00:00:00+00:00
[2026-02-21T20:16:55.073+0000] {logging_mixin.py:190} INFO - [2026-02-21T20:16:55.071+0000] {dag.py:4180} INFO - Setting next_dagrun for example_subdag_operator.section-1 to None, run_after=None
[2026-02-21T20:16:55.089+0000] {logging_mixin.py:190} INFO - [2026-02-21T20:16:55.087+0000] {dag.py:4180} INFO - Setting next_dagrun for example_subdag_operator.section-2 to None, run_after=None
[2026-02-21T20:16:55.142+0000] {logging_mixin.py:190} INFO - [2026-02-21T20:16:55.141+0000] {dag.py:3239} INFO - Sync 2 DAGs
[2026-02-21T20:16:55.176+0000] {logging_mixin.py:190} INFO - [2026-02-21T20:16:55.175+0000] {dag.py:4180} INFO - Setting next_dagrun for example_subdag_operator.section-1 to None, run_after=None
[2026-02-21T20:16:55.180+0000] {logging_mixin.py:190} INFO - [2026-02-21T20:16:55.179+0000] {dag.py:4180} INFO - Setting next_dagrun for example_subdag_operator.section-2 to None, run_after=None
[2026-02-21T20:16:55.301+0000] {processor.py:208} INFO - Processing /home/airflow/.local/lib/python3.12/site-packages/airflow/example_dags/example_subdag_operator.py took 0.924 seconds
[2026-02-21T20:59:08.916+0000] {processor.py:186} INFO - Started process (PID=2385) to work on /home/airflow/.local/lib/python3.12/site-packages/airflow/example_dags/example_subdag_operator.py
[2026-02-21T20:59:08.948+0000] {processor.py:914} INFO - Processing file /home/airflow/.local/lib/python3.12/site-packages/airflow/example_dags/example_subdag_operator.py for tasks to queue
[2026-02-21T20:59:09.011+0000] {logging_mixin.py:190} INFO - [2026-02-21T20:59:09.009+0000] {dagbag.py:588} INFO - Filling up the DagBag from /home/airflow/.local/lib/python3.12/site-packages/airflow/example_dags/example_subdag_operator.py
[2026-02-21T20:59:10.070+0000] {processor.py:925} INFO - DAG(s) 'example_subdag_operator.section-1', 'example_subdag_operator.section-2', 'example_subdag_operator' retrieved from /home/airflow/.local/lib/python3.12/site-packages/airflow/example_dags/example_subdag_operator.py
[2026-02-21T20:59:10.678+0000] {logging_mixin.py:190} INFO - [2026-02-21T20:59:10.676+0000] {dag.py:3239} INFO - Sync 3 DAGs
[2026-02-21T20:59:11.275+0000] {logging_mixin.py:190} INFO - [2026-02-21T20:59:11.268+0000] {dag.py:4180} INFO - Setting next_dagrun for example_subdag_operator to 2022-01-01 00:00:00+00:00, run_after=2022-01-01 00:00:00+00:00
[2026-02-21T20:59:11.401+0000] {logging_mixin.py:190} INFO - [2026-02-21T20:59:11.400+0000] {dag.py:4180} INFO - Setting next_dagrun for example_subdag_operator.section-1 to None, run_after=None
[2026-02-21T20:59:11.466+0000] {logging_mixin.py:190} INFO - [2026-02-21T20:59:11.464+0000] {dag.py:4180} INFO - Setting next_dagrun for example_subdag_operator.section-2 to None, run_after=None
[2026-02-21T20:59:11.855+0000] {logging_mixin.py:190} INFO - [2026-02-21T20:59:11.849+0000] {dag.py:3239} INFO - Sync 2 DAGs
[2026-02-21T20:59:12.096+0000] {logging_mixin.py:190} INFO - [2026-02-21T20:59:12.094+0000] {dag.py:4180} INFO - Setting next_dagrun for example_subdag_operator.section-1 to None, run_after=None
[2026-02-21T20:59:12.124+0000] {logging_mixin.py:190} INFO - [2026-02-21T20:59:12.122+0000] {dag.py:4180} INFO - Setting next_dagrun for example_subdag_operator.section-2 to None, run_after=None
[2026-02-21T20:59:12.502+0000] {processor.py:208} INFO - Processing /home/airflow/.local/lib/python3.12/site-packages/airflow/example_dags/example_subdag_operator.py took 3.718 seconds
[2026-02-21T21:00:19.018+0000] {processor.py:186} INFO - Started process (PID=2456) to work on /home/airflow/.local/lib/python3.12/site-packages/airflow/example_dags/example_subdag_operator.py
[2026-02-21T21:00:19.032+0000] {processor.py:914} INFO - Processing file /home/airflow/.local/lib/python3.12/site-packages/airflow/example_dags/example_subdag_operator.py for tasks to queue
[2026-02-21T21:00:19.048+0000] {logging_mixin.py:190} INFO - [2026-02-21T21:00:19.046+0000] {dagbag.py:588} INFO - Filling up the DagBag from /home/airflow/.local/lib/python3.12/site-packages/airflow/example_dags/example_subdag_operator.py
[2026-02-21T21:00:19.300+0000] {processor.py:925} INFO - DAG(s) 'example_subdag_operator.section-1', 'example_subdag_operator.section-2', 'example_subdag_operator' retrieved from /home/airflow/.local/lib/python3.12/site-packages/airflow/example_dags/example_subdag_operator.py
[2026-02-21T21:00:19.490+0000] {logging_mixin.py:190} INFO - [2026-02-21T21:00:19.487+0000] {dag.py:3239} INFO - Sync 3 DAGs
[2026-02-21T21:00:19.691+0000] {logging_mixin.py:190} INFO - [2026-02-21T21:00:19.685+0000] {dag.py:4180} INFO - Setting next_dagrun for example_subdag_operator to 2022-01-01 00:00:00+00:00, run_after=2022-01-01 00:00:00+00:00
[2026-02-21T21:00:19.732+0000] {logging_mixin.py:190} INFO - [2026-02-21T21:00:19.724+0000] {dag.py:4180} INFO - Setting next_dagrun for example_subdag_operator.section-1 to None, run_after=None
[2026-02-21T21:00:19.743+0000] {logging_mixin.py:190} INFO - [2026-02-21T21:00:19.739+0000] {dag.py:4180} INFO - Setting next_dagrun for example_subdag_operator.section-2 to None, run_after=None
[2026-02-21T21:00:19.819+0000] {logging_mixin.py:190} INFO - [2026-02-21T21:00:19.818+0000] {dag.py:3239} INFO - Sync 2 DAGs
[2026-02-21T21:00:19.912+0000] {logging_mixin.py:190} INFO - [2026-02-21T21:00:19.910+0000] {dag.py:4180} INFO - Setting next_dagrun for example_subdag_operator.section-1 to None, run_after=None
[2026-02-21T21:00:19.916+0000] {logging_mixin.py:190} INFO - [2026-02-21T21:00:19.915+0000] {dag.py:4180} INFO - Setting next_dagrun for example_subdag_operator.section-2 to None, run_after=None
[2026-02-21T21:00:20.050+0000] {processor.py:208} INFO - Processing /home/airflow/.local/lib/python3.12/site-packages/airflow/example_dags/example_subdag_operator.py took 1.074 seconds
[2026-02-21T21:01:12.282+0000] {processor.py:186} INFO - Started process (PID=2526) to work on /home/airflow/.local/lib/python3.12/site-packages/airflow/example_dags/example_subdag_operator.py
[2026-02-21T21:01:12.297+0000] {processor.py:914} INFO - Processing file /home/airflow/.local/lib/python3.12/site-packages/airflow/example_dags/example_subdag_operator.py for tasks to queue
[2026-02-21T21:01:12.368+0000] {logging_mixin.py:190} INFO - [2026-02-21T21:01:12.367+0000] {dagbag.py:588} INFO - Filling up the DagBag from /home/airflow/.local/lib/python3.12/site-packages/airflow/example_dags/example_subdag_operator.py
[2026-02-21T21:02:15.695+0000] {logging_mixin.py:190} INFO - [2026-02-21T21:01:43.758+0000] {timeout.py:68} ERROR - Process timed out, PID: 2526
[2026-02-21T21:09:26.552+0000] {processor.py:186} INFO - Started process (PID=2562) to work on /home/airflow/.local/lib/python3.12/site-packages/airflow/example_dags/example_subdag_operator.py
[2026-02-21T21:09:26.561+0000] {processor.py:914} INFO - Processing file /home/airflow/.local/lib/python3.12/site-packages/airflow/example_dags/example_subdag_operator.py for tasks to queue
[2026-02-21T21:09:26.607+0000] {logging_mixin.py:190} INFO - [2026-02-21T21:09:26.605+0000] {dagbag.py:588} INFO - Filling up the DagBag from /home/airflow/.local/lib/python3.12/site-packages/airflow/example_dags/example_subdag_operator.py
[2026-02-21T21:09:27.278+0000] {processor.py:925} INFO - DAG(s) 'example_subdag_operator.section-1', 'example_subdag_operator.section-2', 'example_subdag_operator' retrieved from /home/airflow/.local/lib/python3.12/site-packages/airflow/example_dags/example_subdag_operator.py
[2026-02-21T21:09:29.703+0000] {logging_mixin.py:190} INFO - [2026-02-21T21:09:29.681+0000] {dag.py:3239} INFO - Sync 3 DAGs
[2026-02-21T21:09:30.205+0000] {logging_mixin.py:190} INFO - [2026-02-21T21:09:30.204+0000] {dag.py:4180} INFO - Setting next_dagrun for example_subdag_operator to 2022-01-01 00:00:00+00:00, run_after=2022-01-01 00:00:00+00:00
[2026-02-21T21:09:30.273+0000] {logging_mixin.py:190} INFO - [2026-02-21T21:09:30.271+0000] {dag.py:4180} INFO - Setting next_dagrun for example_subdag_operator.section-1 to None, run_after=None
[2026-02-21T21:09:30.305+0000] {logging_mixin.py:190} INFO - [2026-02-21T21:09:30.304+0000] {dag.py:4180} INFO - Setting next_dagrun for example_subdag_operator.section-2 to None, run_after=None
[2026-02-21T21:09:30.535+0000] {logging_mixin.py:190} INFO - [2026-02-21T21:09:30.534+0000] {dag.py:3239} INFO - Sync 2 DAGs
[2026-02-21T21:09:30.599+0000] {logging_mixin.py:190} INFO - [2026-02-21T21:09:30.597+0000] {dag.py:4180} INFO - Setting next_dagrun for example_subdag_operator.section-1 to None, run_after=None
[2026-02-21T21:09:30.604+0000] {logging_mixin.py:190} INFO - [2026-02-21T21:09:30.603+0000] {dag.py:4180} INFO - Setting next_dagrun for example_subdag_operator.section-2 to None, run_after=None
[2026-02-21T21:09:30.710+0000] {processor.py:208} INFO - Processing /home/airflow/.local/lib/python3.12/site-packages/airflow/example_dags/example_subdag_operator.py took 4.253 seconds
[2026-02-21T21:34:10.128+0000] {processor.py:186} INFO - Started process (PID=2603) to work on /home/airflow/.local/lib/python3.12/site-packages/airflow/example_dags/example_subdag_operator.py
[2026-02-21T21:34:10.148+0000] {processor.py:914} INFO - Processing file /home/airflow/.local/lib/python3.12/site-packages/airflow/example_dags/example_subdag_operator.py for tasks to queue
[2026-02-21T21:34:10.198+0000] {logging_mixin.py:190} INFO - [2026-02-21T21:34:10.191+0000] {dagbag.py:588} INFO - Filling up the DagBag from /home/airflow/.local/lib/python3.12/site-packages/airflow/example_dags/example_subdag_operator.py
[2026-02-21T21:34:10.686+0000] {processor.py:925} INFO - DAG(s) 'example_subdag_operator.section-1', 'example_subdag_operator.section-2', 'example_subdag_operator' retrieved from /home/airflow/.local/lib/python3.12/site-packages/airflow/example_dags/example_subdag_operator.py
[2026-02-21T21:34:10.851+0000] {logging_mixin.py:190} INFO - [2026-02-21T21:34:10.848+0000] {dag.py:3239} INFO - Sync 3 DAGs
[2026-02-21T21:34:11.139+0000] {logging_mixin.py:190} INFO - [2026-02-21T21:34:11.137+0000] {dag.py:4180} INFO - Setting next_dagrun for example_subdag_operator to 2022-01-01 00:00:00+00:00, run_after=2022-01-01 00:00:00+00:00
[2026-02-21T21:34:11.183+0000] {logging_mixin.py:190} INFO - [2026-02-21T21:34:11.177+0000] {dag.py:4180} INFO - Setting next_dagrun for example_subdag_operator.section-1 to None, run_after=None
[2026-02-21T21:34:11.196+0000] {logging_mixin.py:190} INFO - [2026-02-21T21:34:11.194+0000] {dag.py:4180} INFO - Setting next_dagrun for example_subdag_operator.section-2 to None, run_after=None
[2026-02-21T21:34:11.298+0000] {logging_mixin.py:190} INFO - [2026-02-21T21:34:11.296+0000] {dag.py:3239} INFO - Sync 2 DAGs
[2026-02-21T21:34:11.354+0000] {logging_mixin.py:190} INFO - [2026-02-21T21:34:11.353+0000] {dag.py:4180} INFO - Setting next_dagrun for example_subdag_operator.section-1 to None, run_after=None
[2026-02-21T21:34:11.360+0000] {logging_mixin.py:190} INFO - [2026-02-21T21:34:11.358+0000] {dag.py:4180} INFO - Setting next_dagrun for example_subdag_operator.section-2 to None, run_after=None
[2026-02-21T21:34:11.447+0000] {processor.py:208} INFO - Processing /home/airflow/.local/lib/python3.12/site-packages/airflow/example_dags/example_subdag_operator.py took 1.381 seconds
[2026-02-21T21:35:44.280+0000] {processor.py:186} INFO - Started process (PID=2671) to work on /home/airflow/.local/lib/python3.12/site-packages/airflow/example_dags/example_subdag_operator.py
[2026-02-21T21:35:44.295+0000] {processor.py:914} INFO - Processing file /home/airflow/.local/lib/python3.12/site-packages/airflow/example_dags/example_subdag_operator.py for tasks to queue
[2026-02-21T21:35:44.312+0000] {logging_mixin.py:190} INFO - [2026-02-21T21:35:44.304+0000] {dagbag.py:588} INFO - Filling up the DagBag from /home/airflow/.local/lib/python3.12/site-packages/airflow/example_dags/example_subdag_operator.py
[2026-02-21T21:35:44.757+0000] {processor.py:925} INFO - DAG(s) 'example_subdag_operator.section-1', 'example_subdag_operator.section-2', 'example_subdag_operator' retrieved from /home/airflow/.local/lib/python3.12/site-packages/airflow/example_dags/example_subdag_operator.py
[2026-02-21T21:35:45.015+0000] {logging_mixin.py:190} INFO - [2026-02-21T21:35:45.013+0000] {dag.py:3239} INFO - Sync 3 DAGs
[2026-02-21T21:35:45.245+0000] {logging_mixin.py:190} INFO - [2026-02-21T21:35:45.243+0000] {dag.py:4180} INFO - Setting next_dagrun for example_subdag_operator to 2022-01-01 00:00:00+00:00, run_after=2022-01-01 00:00:00+00:00
[2026-02-21T21:35:45.283+0000] {logging_mixin.py:190} INFO - [2026-02-21T21:35:45.282+0000] {dag.py:4180} INFO - Setting next_dagrun for example_subdag_operator.section-1 to None, run_after=None
[2026-02-21T21:35:45.296+0000] {logging_mixin.py:190} INFO - [2026-02-21T21:35:45.293+0000] {dag.py:4180} INFO - Setting next_dagrun for example_subdag_operator.section-2 to None, run_after=None
[2026-02-21T21:35:45.375+0000] {logging_mixin.py:190} INFO - [2026-02-21T21:35:45.374+0000] {dag.py:3239} INFO - Sync 2 DAGs
[2026-02-21T21:35:45.426+0000] {logging_mixin.py:190} INFO - [2026-02-21T21:35:45.425+0000] {dag.py:4180} INFO - Setting next_dagrun for example_subdag_operator.section-1 to None, run_after=None
[2026-02-21T21:35:45.441+0000] {logging_mixin.py:190} INFO - [2026-02-21T21:35:45.440+0000] {dag.py:4180} INFO - Setting next_dagrun for example_subdag_operator.section-2 to None, run_after=None
[2026-02-21T21:35:45.605+0000] {processor.py:208} INFO - Processing /home/airflow/.local/lib/python3.12/site-packages/airflow/example_dags/example_subdag_operator.py took 1.425 seconds
