[2026-02-21T12:34:22.489+0000] {processor.py:186} INFO - Started process (PID=99) to work on /home/airflow/.local/lib/python3.12/site-packages/airflow/example_dags/example_inlet_event_extra.py
[2026-02-21T12:34:22.493+0000] {processor.py:914} INFO - Processing file /home/airflow/.local/lib/python3.12/site-packages/airflow/example_dags/example_inlet_event_extra.py for tasks to queue
[2026-02-21T12:34:22.502+0000] {logging_mixin.py:190} INFO - [2026-02-21T12:34:22.500+0000] {dagbag.py:588} INFO - Filling up the DagBag from /home/airflow/.local/lib/python3.12/site-packages/airflow/example_dags/example_inlet_event_extra.py
[2026-02-21T12:34:24.930+0000] {processor.py:925} INFO - DAG(s) 'read_dataset_event_from_classic', 'read_dataset_event' retrieved from /home/airflow/.local/lib/python3.12/site-packages/airflow/example_dags/example_inlet_event_extra.py
[2026-02-21T12:34:25.017+0000] {logging_mixin.py:190} INFO - [2026-02-21T12:34:25.016+0000] {dag.py:3239} INFO - Sync 2 DAGs
[2026-02-21T12:34:25.158+0000] {logging_mixin.py:190} INFO - [2026-02-21T12:34:25.157+0000] {dag.py:4180} INFO - Setting next_dagrun for read_dataset_event to 2026-02-20 00:00:00+00:00, run_after=2026-02-21 00:00:00+00:00
[2026-02-21T12:34:25.190+0000] {logging_mixin.py:190} INFO - [2026-02-21T12:34:25.189+0000] {dag.py:4180} INFO - Setting next_dagrun for read_dataset_event_from_classic to 2026-02-20 00:00:00+00:00, run_after=2026-02-21 00:00:00+00:00
[2026-02-21T12:34:25.297+0000] {processor.py:208} INFO - Processing /home/airflow/.local/lib/python3.12/site-packages/airflow/example_dags/example_inlet_event_extra.py took 2.838 seconds
[2026-02-21T12:34:55.573+0000] {processor.py:186} INFO - Started process (PID=167) to work on /home/airflow/.local/lib/python3.12/site-packages/airflow/example_dags/example_inlet_event_extra.py
[2026-02-21T12:34:55.574+0000] {processor.py:914} INFO - Processing file /home/airflow/.local/lib/python3.12/site-packages/airflow/example_dags/example_inlet_event_extra.py for tasks to queue
[2026-02-21T12:34:55.577+0000] {logging_mixin.py:190} INFO - [2026-02-21T12:34:55.577+0000] {dagbag.py:588} INFO - Filling up the DagBag from /home/airflow/.local/lib/python3.12/site-packages/airflow/example_dags/example_inlet_event_extra.py
[2026-02-21T12:34:56.222+0000] {processor.py:925} INFO - DAG(s) 'read_dataset_event_from_classic', 'read_dataset_event' retrieved from /home/airflow/.local/lib/python3.12/site-packages/airflow/example_dags/example_inlet_event_extra.py
[2026-02-21T12:34:56.249+0000] {logging_mixin.py:190} INFO - [2026-02-21T12:34:56.248+0000] {dag.py:3239} INFO - Sync 2 DAGs
[2026-02-21T12:34:56.279+0000] {logging_mixin.py:190} INFO - [2026-02-21T12:34:56.278+0000] {dag.py:4180} INFO - Setting next_dagrun for read_dataset_event to 2026-02-20 00:00:00+00:00, run_after=2026-02-21 00:00:00+00:00
[2026-02-21T12:34:56.286+0000] {logging_mixin.py:190} INFO - [2026-02-21T12:34:56.286+0000] {dag.py:4180} INFO - Setting next_dagrun for read_dataset_event_from_classic to 2026-02-20 00:00:00+00:00, run_after=2026-02-21 00:00:00+00:00
[2026-02-21T12:34:56.311+0000] {processor.py:208} INFO - Processing /home/airflow/.local/lib/python3.12/site-packages/airflow/example_dags/example_inlet_event_extra.py took 0.744 seconds
[2026-02-21T12:35:26.879+0000] {processor.py:186} INFO - Started process (PID=233) to work on /home/airflow/.local/lib/python3.12/site-packages/airflow/example_dags/example_inlet_event_extra.py
[2026-02-21T12:35:26.882+0000] {processor.py:914} INFO - Processing file /home/airflow/.local/lib/python3.12/site-packages/airflow/example_dags/example_inlet_event_extra.py for tasks to queue
[2026-02-21T12:35:26.886+0000] {logging_mixin.py:190} INFO - [2026-02-21T12:35:26.886+0000] {dagbag.py:588} INFO - Filling up the DagBag from /home/airflow/.local/lib/python3.12/site-packages/airflow/example_dags/example_inlet_event_extra.py
[2026-02-21T12:35:27.765+0000] {processor.py:925} INFO - DAG(s) 'read_dataset_event_from_classic', 'read_dataset_event' retrieved from /home/airflow/.local/lib/python3.12/site-packages/airflow/example_dags/example_inlet_event_extra.py
[2026-02-21T12:35:27.799+0000] {logging_mixin.py:190} INFO - [2026-02-21T12:35:27.799+0000] {dag.py:3239} INFO - Sync 2 DAGs
[2026-02-21T12:35:27.840+0000] {logging_mixin.py:190} INFO - [2026-02-21T12:35:27.840+0000] {dag.py:4180} INFO - Setting next_dagrun for read_dataset_event to 2026-02-20 00:00:00+00:00, run_after=2026-02-21 00:00:00+00:00
[2026-02-21T12:35:27.849+0000] {logging_mixin.py:190} INFO - [2026-02-21T12:35:27.848+0000] {dag.py:4180} INFO - Setting next_dagrun for read_dataset_event_from_classic to 2026-02-20 00:00:00+00:00, run_after=2026-02-21 00:00:00+00:00
[2026-02-21T12:35:27.884+0000] {processor.py:208} INFO - Processing /home/airflow/.local/lib/python3.12/site-packages/airflow/example_dags/example_inlet_event_extra.py took 1.016 seconds
[2026-02-21T12:36:08.885+0000] {processor.py:186} INFO - Started process (PID=304) to work on /home/airflow/.local/lib/python3.12/site-packages/airflow/example_dags/example_inlet_event_extra.py
[2026-02-21T12:36:08.901+0000] {processor.py:914} INFO - Processing file /home/airflow/.local/lib/python3.12/site-packages/airflow/example_dags/example_inlet_event_extra.py for tasks to queue
[2026-02-21T12:36:08.928+0000] {logging_mixin.py:190} INFO - [2026-02-21T12:36:08.926+0000] {dagbag.py:588} INFO - Filling up the DagBag from /home/airflow/.local/lib/python3.12/site-packages/airflow/example_dags/example_inlet_event_extra.py
[2026-02-21T12:36:13.578+0000] {processor.py:925} INFO - DAG(s) 'read_dataset_event', 'read_dataset_event_from_classic' retrieved from /home/airflow/.local/lib/python3.12/site-packages/airflow/example_dags/example_inlet_event_extra.py
[2026-02-21T12:36:13.687+0000] {logging_mixin.py:190} INFO - [2026-02-21T12:36:13.686+0000] {dag.py:3239} INFO - Sync 2 DAGs
[2026-02-21T12:36:13.830+0000] {logging_mixin.py:190} INFO - [2026-02-21T12:36:13.829+0000] {dag.py:4180} INFO - Setting next_dagrun for read_dataset_event to 2026-02-20 00:00:00+00:00, run_after=2026-02-21 00:00:00+00:00
[2026-02-21T12:36:13.853+0000] {logging_mixin.py:190} INFO - [2026-02-21T12:36:13.852+0000] {dag.py:4180} INFO - Setting next_dagrun for read_dataset_event_from_classic to 2026-02-20 00:00:00+00:00, run_after=2026-02-21 00:00:00+00:00
[2026-02-21T12:36:13.937+0000] {processor.py:208} INFO - Processing /home/airflow/.local/lib/python3.12/site-packages/airflow/example_dags/example_inlet_event_extra.py took 5.110 seconds
[2026-02-21T12:36:54.773+0000] {processor.py:186} INFO - Started process (PID=383) to work on /home/airflow/.local/lib/python3.12/site-packages/airflow/example_dags/example_inlet_event_extra.py
[2026-02-21T12:36:54.778+0000] {processor.py:914} INFO - Processing file /home/airflow/.local/lib/python3.12/site-packages/airflow/example_dags/example_inlet_event_extra.py for tasks to queue
[2026-02-21T12:36:54.796+0000] {logging_mixin.py:190} INFO - [2026-02-21T12:36:54.794+0000] {dagbag.py:588} INFO - Filling up the DagBag from /home/airflow/.local/lib/python3.12/site-packages/airflow/example_dags/example_inlet_event_extra.py
[2026-02-21T12:36:58.824+0000] {processor.py:925} INFO - DAG(s) 'read_dataset_event', 'read_dataset_event_from_classic' retrieved from /home/airflow/.local/lib/python3.12/site-packages/airflow/example_dags/example_inlet_event_extra.py
[2026-02-21T12:36:58.927+0000] {logging_mixin.py:190} INFO - [2026-02-21T12:36:58.926+0000] {dag.py:3239} INFO - Sync 2 DAGs
[2026-02-21T12:36:59.080+0000] {logging_mixin.py:190} INFO - [2026-02-21T12:36:59.079+0000] {dag.py:4180} INFO - Setting next_dagrun for read_dataset_event to 2026-02-20 00:00:00+00:00, run_after=2026-02-21 00:00:00+00:00
[2026-02-21T12:36:59.114+0000] {logging_mixin.py:190} INFO - [2026-02-21T12:36:59.113+0000] {dag.py:4180} INFO - Setting next_dagrun for read_dataset_event_from_classic to 2026-02-20 00:00:00+00:00, run_after=2026-02-21 00:00:00+00:00
[2026-02-21T12:36:59.200+0000] {processor.py:208} INFO - Processing /home/airflow/.local/lib/python3.12/site-packages/airflow/example_dags/example_inlet_event_extra.py took 4.461 seconds
[2026-02-21T12:37:29.690+0000] {processor.py:186} INFO - Started process (PID=448) to work on /home/airflow/.local/lib/python3.12/site-packages/airflow/example_dags/example_inlet_event_extra.py
[2026-02-21T12:37:29.692+0000] {processor.py:914} INFO - Processing file /home/airflow/.local/lib/python3.12/site-packages/airflow/example_dags/example_inlet_event_extra.py for tasks to queue
[2026-02-21T12:37:29.699+0000] {logging_mixin.py:190} INFO - [2026-02-21T12:37:29.698+0000] {dagbag.py:588} INFO - Filling up the DagBag from /home/airflow/.local/lib/python3.12/site-packages/airflow/example_dags/example_inlet_event_extra.py
[2026-02-21T12:37:31.174+0000] {processor.py:925} INFO - DAG(s) 'read_dataset_event_from_classic', 'read_dataset_event' retrieved from /home/airflow/.local/lib/python3.12/site-packages/airflow/example_dags/example_inlet_event_extra.py
[2026-02-21T12:37:31.249+0000] {logging_mixin.py:190} INFO - [2026-02-21T12:37:31.248+0000] {dag.py:3239} INFO - Sync 2 DAGs
[2026-02-21T12:37:31.333+0000] {logging_mixin.py:190} INFO - [2026-02-21T12:37:31.333+0000] {dag.py:4180} INFO - Setting next_dagrun for read_dataset_event to 2026-02-20 00:00:00+00:00, run_after=2026-02-21 00:00:00+00:00
[2026-02-21T12:37:31.351+0000] {logging_mixin.py:190} INFO - [2026-02-21T12:37:31.350+0000] {dag.py:4180} INFO - Setting next_dagrun for read_dataset_event_from_classic to 2026-02-20 00:00:00+00:00, run_after=2026-02-21 00:00:00+00:00
[2026-02-21T12:37:31.416+0000] {processor.py:208} INFO - Processing /home/airflow/.local/lib/python3.12/site-packages/airflow/example_dags/example_inlet_event_extra.py took 1.740 seconds
[2026-02-21T12:38:02.517+0000] {processor.py:186} INFO - Started process (PID=513) to work on /home/airflow/.local/lib/python3.12/site-packages/airflow/example_dags/example_inlet_event_extra.py
[2026-02-21T12:38:02.519+0000] {processor.py:914} INFO - Processing file /home/airflow/.local/lib/python3.12/site-packages/airflow/example_dags/example_inlet_event_extra.py for tasks to queue
[2026-02-21T12:38:02.524+0000] {logging_mixin.py:190} INFO - [2026-02-21T12:38:02.524+0000] {dagbag.py:588} INFO - Filling up the DagBag from /home/airflow/.local/lib/python3.12/site-packages/airflow/example_dags/example_inlet_event_extra.py
[2026-02-21T12:38:03.743+0000] {processor.py:925} INFO - DAG(s) 'read_dataset_event', 'read_dataset_event_from_classic' retrieved from /home/airflow/.local/lib/python3.12/site-packages/airflow/example_dags/example_inlet_event_extra.py
[2026-02-21T12:38:03.816+0000] {logging_mixin.py:190} INFO - [2026-02-21T12:38:03.815+0000] {dag.py:3239} INFO - Sync 2 DAGs
[2026-02-21T12:38:03.916+0000] {logging_mixin.py:190} INFO - [2026-02-21T12:38:03.915+0000] {dag.py:4180} INFO - Setting next_dagrun for read_dataset_event to 2026-02-20 00:00:00+00:00, run_after=2026-02-21 00:00:00+00:00
[2026-02-21T12:38:03.939+0000] {logging_mixin.py:190} INFO - [2026-02-21T12:38:03.938+0000] {dag.py:4180} INFO - Setting next_dagrun for read_dataset_event_from_classic to 2026-02-20 00:00:00+00:00, run_after=2026-02-21 00:00:00+00:00
[2026-02-21T12:38:04.021+0000] {processor.py:208} INFO - Processing /home/airflow/.local/lib/python3.12/site-packages/airflow/example_dags/example_inlet_event_extra.py took 1.514 seconds
[2026-02-21T12:38:34.599+0000] {processor.py:186} INFO - Started process (PID=578) to work on /home/airflow/.local/lib/python3.12/site-packages/airflow/example_dags/example_inlet_event_extra.py
[2026-02-21T12:38:34.601+0000] {processor.py:914} INFO - Processing file /home/airflow/.local/lib/python3.12/site-packages/airflow/example_dags/example_inlet_event_extra.py for tasks to queue
[2026-02-21T12:38:34.606+0000] {logging_mixin.py:190} INFO - [2026-02-21T12:38:34.606+0000] {dagbag.py:588} INFO - Filling up the DagBag from /home/airflow/.local/lib/python3.12/site-packages/airflow/example_dags/example_inlet_event_extra.py
[2026-02-21T12:38:35.649+0000] {processor.py:925} INFO - DAG(s) 'read_dataset_event_from_classic', 'read_dataset_event' retrieved from /home/airflow/.local/lib/python3.12/site-packages/airflow/example_dags/example_inlet_event_extra.py
[2026-02-21T12:38:35.703+0000] {logging_mixin.py:190} INFO - [2026-02-21T12:38:35.702+0000] {dag.py:3239} INFO - Sync 2 DAGs
[2026-02-21T12:38:35.765+0000] {logging_mixin.py:190} INFO - [2026-02-21T12:38:35.764+0000] {dag.py:4180} INFO - Setting next_dagrun for read_dataset_event to 2026-02-20 00:00:00+00:00, run_after=2026-02-21 00:00:00+00:00
[2026-02-21T12:38:35.777+0000] {logging_mixin.py:190} INFO - [2026-02-21T12:38:35.777+0000] {dag.py:4180} INFO - Setting next_dagrun for read_dataset_event_from_classic to 2026-02-20 00:00:00+00:00, run_after=2026-02-21 00:00:00+00:00
[2026-02-21T12:38:35.823+0000] {processor.py:208} INFO - Processing /home/airflow/.local/lib/python3.12/site-packages/airflow/example_dags/example_inlet_event_extra.py took 1.234 seconds
[2026-02-21T12:39:06.476+0000] {processor.py:186} INFO - Started process (PID=644) to work on /home/airflow/.local/lib/python3.12/site-packages/airflow/example_dags/example_inlet_event_extra.py
[2026-02-21T12:39:06.479+0000] {processor.py:914} INFO - Processing file /home/airflow/.local/lib/python3.12/site-packages/airflow/example_dags/example_inlet_event_extra.py for tasks to queue
[2026-02-21T12:39:06.489+0000] {logging_mixin.py:190} INFO - [2026-02-21T12:39:06.487+0000] {dagbag.py:588} INFO - Filling up the DagBag from /home/airflow/.local/lib/python3.12/site-packages/airflow/example_dags/example_inlet_event_extra.py
[2026-02-21T12:39:09.439+0000] {processor.py:925} INFO - DAG(s) 'read_dataset_event_from_classic', 'read_dataset_event' retrieved from /home/airflow/.local/lib/python3.12/site-packages/airflow/example_dags/example_inlet_event_extra.py
[2026-02-21T12:39:09.529+0000] {logging_mixin.py:190} INFO - [2026-02-21T12:39:09.528+0000] {dag.py:3239} INFO - Sync 2 DAGs
[2026-02-21T12:39:09.675+0000] {logging_mixin.py:190} INFO - [2026-02-21T12:39:09.673+0000] {dag.py:4180} INFO - Setting next_dagrun for read_dataset_event to 2026-02-20 00:00:00+00:00, run_after=2026-02-21 00:00:00+00:00
[2026-02-21T12:39:09.721+0000] {logging_mixin.py:190} INFO - [2026-02-21T12:39:09.714+0000] {dag.py:4180} INFO - Setting next_dagrun for read_dataset_event_from_classic to 2026-02-20 00:00:00+00:00, run_after=2026-02-21 00:00:00+00:00
[2026-02-21T12:39:09.817+0000] {processor.py:208} INFO - Processing /home/airflow/.local/lib/python3.12/site-packages/airflow/example_dags/example_inlet_event_extra.py took 3.364 seconds
[2026-02-21T12:39:41.212+0000] {processor.py:186} INFO - Started process (PID=709) to work on /home/airflow/.local/lib/python3.12/site-packages/airflow/example_dags/example_inlet_event_extra.py
[2026-02-21T12:39:41.233+0000] {processor.py:914} INFO - Processing file /home/airflow/.local/lib/python3.12/site-packages/airflow/example_dags/example_inlet_event_extra.py for tasks to queue
[2026-02-21T12:39:41.336+0000] {logging_mixin.py:190} INFO - [2026-02-21T12:39:41.335+0000] {dagbag.py:588} INFO - Filling up the DagBag from /home/airflow/.local/lib/python3.12/site-packages/airflow/example_dags/example_inlet_event_extra.py
[2026-02-21T12:39:49.262+0000] {processor.py:925} INFO - DAG(s) 'read_dataset_event_from_classic', 'read_dataset_event' retrieved from /home/airflow/.local/lib/python3.12/site-packages/airflow/example_dags/example_inlet_event_extra.py
[2026-02-21T12:39:50.002+0000] {logging_mixin.py:190} INFO - [2026-02-21T12:39:50.001+0000] {dag.py:3239} INFO - Sync 2 DAGs
[2026-02-21T12:39:50.573+0000] {logging_mixin.py:190} INFO - [2026-02-21T12:39:50.572+0000] {dag.py:4180} INFO - Setting next_dagrun for read_dataset_event to 2026-02-20 00:00:00+00:00, run_after=2026-02-21 00:00:00+00:00
[2026-02-21T12:39:50.692+0000] {logging_mixin.py:190} INFO - [2026-02-21T12:39:50.690+0000] {dag.py:4180} INFO - Setting next_dagrun for read_dataset_event_from_classic to 2026-02-20 00:00:00+00:00, run_after=2026-02-21 00:00:00+00:00
[2026-02-21T12:39:51.092+0000] {processor.py:208} INFO - Processing /home/airflow/.local/lib/python3.12/site-packages/airflow/example_dags/example_inlet_event_extra.py took 11.927 seconds
[2026-02-21T12:41:43.650+0000] {processor.py:186} INFO - Started process (PID=815) to work on /home/airflow/.local/lib/python3.12/site-packages/airflow/example_dags/example_inlet_event_extra.py
[2026-02-21T12:41:43.655+0000] {processor.py:914} INFO - Processing file /home/airflow/.local/lib/python3.12/site-packages/airflow/example_dags/example_inlet_event_extra.py for tasks to queue
[2026-02-21T12:41:43.660+0000] {logging_mixin.py:190} INFO - [2026-02-21T12:41:43.659+0000] {dagbag.py:588} INFO - Filling up the DagBag from /home/airflow/.local/lib/python3.12/site-packages/airflow/example_dags/example_inlet_event_extra.py
[2026-02-21T12:41:46.059+0000] {processor.py:925} INFO - DAG(s) 'read_dataset_event_from_classic', 'read_dataset_event' retrieved from /home/airflow/.local/lib/python3.12/site-packages/airflow/example_dags/example_inlet_event_extra.py
[2026-02-21T12:41:46.148+0000] {logging_mixin.py:190} INFO - [2026-02-21T12:41:46.147+0000] {dag.py:3239} INFO - Sync 2 DAGs
[2026-02-21T12:41:46.257+0000] {logging_mixin.py:190} INFO - [2026-02-21T12:41:46.256+0000] {dag.py:4180} INFO - Setting next_dagrun for read_dataset_event to 2026-02-20 00:00:00+00:00, run_after=2026-02-21 00:00:00+00:00
[2026-02-21T12:41:46.279+0000] {logging_mixin.py:190} INFO - [2026-02-21T12:41:46.278+0000] {dag.py:4180} INFO - Setting next_dagrun for read_dataset_event_from_classic to 2026-02-20 00:00:00+00:00, run_after=2026-02-21 00:00:00+00:00
[2026-02-21T12:41:46.348+0000] {processor.py:208} INFO - Processing /home/airflow/.local/lib/python3.12/site-packages/airflow/example_dags/example_inlet_event_extra.py took 2.723 seconds
[2026-02-21T12:42:20.138+0000] {processor.py:186} INFO - Started process (PID=887) to work on /home/airflow/.local/lib/python3.12/site-packages/airflow/example_dags/example_inlet_event_extra.py
[2026-02-21T12:42:20.143+0000] {processor.py:914} INFO - Processing file /home/airflow/.local/lib/python3.12/site-packages/airflow/example_dags/example_inlet_event_extra.py for tasks to queue
[2026-02-21T12:42:20.151+0000] {logging_mixin.py:190} INFO - [2026-02-21T12:42:20.149+0000] {dagbag.py:588} INFO - Filling up the DagBag from /home/airflow/.local/lib/python3.12/site-packages/airflow/example_dags/example_inlet_event_extra.py
[2026-02-21T12:42:23.655+0000] {processor.py:925} INFO - DAG(s) 'read_dataset_event_from_classic', 'read_dataset_event' retrieved from /home/airflow/.local/lib/python3.12/site-packages/airflow/example_dags/example_inlet_event_extra.py
[2026-02-21T12:42:23.847+0000] {logging_mixin.py:190} INFO - [2026-02-21T12:42:23.833+0000] {dag.py:3239} INFO - Sync 2 DAGs
[2026-02-21T12:42:24.215+0000] {logging_mixin.py:190} INFO - [2026-02-21T12:42:24.214+0000] {dag.py:4180} INFO - Setting next_dagrun for read_dataset_event to 2026-02-20 00:00:00+00:00, run_after=2026-02-21 00:00:00+00:00
[2026-02-21T12:42:24.252+0000] {logging_mixin.py:190} INFO - [2026-02-21T12:42:24.251+0000] {dag.py:4180} INFO - Setting next_dagrun for read_dataset_event_from_classic to 2026-02-20 00:00:00+00:00, run_after=2026-02-21 00:00:00+00:00
[2026-02-21T12:42:24.370+0000] {processor.py:208} INFO - Processing /home/airflow/.local/lib/python3.12/site-packages/airflow/example_dags/example_inlet_event_extra.py took 4.262 seconds
[2026-02-21T12:54:12.121+0000] {processor.py:186} INFO - Started process (PID=982) to work on /home/airflow/.local/lib/python3.12/site-packages/airflow/example_dags/example_inlet_event_extra.py
[2026-02-21T12:54:12.125+0000] {processor.py:914} INFO - Processing file /home/airflow/.local/lib/python3.12/site-packages/airflow/example_dags/example_inlet_event_extra.py for tasks to queue
[2026-02-21T12:54:12.132+0000] {logging_mixin.py:190} INFO - [2026-02-21T12:54:12.131+0000] {dagbag.py:588} INFO - Filling up the DagBag from /home/airflow/.local/lib/python3.12/site-packages/airflow/example_dags/example_inlet_event_extra.py
[2026-02-21T12:54:13.286+0000] {processor.py:925} INFO - DAG(s) 'read_dataset_event_from_classic', 'read_dataset_event' retrieved from /home/airflow/.local/lib/python3.12/site-packages/airflow/example_dags/example_inlet_event_extra.py
[2026-02-21T12:54:13.323+0000] {logging_mixin.py:190} INFO - [2026-02-21T12:54:13.322+0000] {dag.py:3239} INFO - Sync 2 DAGs
[2026-02-21T12:54:13.359+0000] {logging_mixin.py:190} INFO - [2026-02-21T12:54:13.358+0000] {dag.py:4180} INFO - Setting next_dagrun for read_dataset_event to 2026-02-20 00:00:00+00:00, run_after=2026-02-21 00:00:00+00:00
[2026-02-21T12:54:13.368+0000] {logging_mixin.py:190} INFO - [2026-02-21T12:54:13.367+0000] {dag.py:4180} INFO - Setting next_dagrun for read_dataset_event_from_classic to 2026-02-20 00:00:00+00:00, run_after=2026-02-21 00:00:00+00:00
[2026-02-21T12:54:12.540+0000] {processor.py:208} INFO - Processing /home/airflow/.local/lib/python3.12/site-packages/airflow/example_dags/example_inlet_event_extra.py took 1.297 seconds
[2026-02-21T12:54:41.217+0000] {processor.py:186} INFO - Started process (PID=1042) to work on /home/airflow/.local/lib/python3.12/site-packages/airflow/example_dags/example_inlet_event_extra.py
[2026-02-21T12:54:41.219+0000] {processor.py:914} INFO - Processing file /home/airflow/.local/lib/python3.12/site-packages/airflow/example_dags/example_inlet_event_extra.py for tasks to queue
[2026-02-21T12:54:41.223+0000] {logging_mixin.py:190} INFO - [2026-02-21T12:54:41.223+0000] {dagbag.py:588} INFO - Filling up the DagBag from /home/airflow/.local/lib/python3.12/site-packages/airflow/example_dags/example_inlet_event_extra.py
[2026-02-21T12:54:41.975+0000] {processor.py:925} INFO - DAG(s) 'read_dataset_event_from_classic', 'read_dataset_event' retrieved from /home/airflow/.local/lib/python3.12/site-packages/airflow/example_dags/example_inlet_event_extra.py
[2026-02-21T12:54:42.005+0000] {logging_mixin.py:190} INFO - [2026-02-21T12:54:42.005+0000] {dag.py:3239} INFO - Sync 2 DAGs
[2026-02-21T12:54:42.036+0000] {logging_mixin.py:190} INFO - [2026-02-21T12:54:42.035+0000] {dag.py:4180} INFO - Setting next_dagrun for read_dataset_event to 2026-02-20 00:00:00+00:00, run_after=2026-02-21 00:00:00+00:00
[2026-02-21T12:54:42.044+0000] {logging_mixin.py:190} INFO - [2026-02-21T12:54:42.043+0000] {dag.py:4180} INFO - Setting next_dagrun for read_dataset_event_from_classic to 2026-02-20 00:00:00+00:00, run_after=2026-02-21 00:00:00+00:00
[2026-02-21T12:54:42.076+0000] {processor.py:208} INFO - Processing /home/airflow/.local/lib/python3.12/site-packages/airflow/example_dags/example_inlet_event_extra.py took 0.866 seconds
[2026-02-21T12:55:18.042+0000] {processor.py:186} INFO - Started process (PID=1117) to work on /home/airflow/.local/lib/python3.12/site-packages/airflow/example_dags/example_inlet_event_extra.py
[2026-02-21T12:55:18.045+0000] {processor.py:914} INFO - Processing file /home/airflow/.local/lib/python3.12/site-packages/airflow/example_dags/example_inlet_event_extra.py for tasks to queue
[2026-02-21T12:55:18.052+0000] {logging_mixin.py:190} INFO - [2026-02-21T12:55:18.051+0000] {dagbag.py:588} INFO - Filling up the DagBag from /home/airflow/.local/lib/python3.12/site-packages/airflow/example_dags/example_inlet_event_extra.py
[2026-02-21T12:55:19.524+0000] {processor.py:925} INFO - DAG(s) 'read_dataset_event', 'read_dataset_event_from_classic' retrieved from /home/airflow/.local/lib/python3.12/site-packages/airflow/example_dags/example_inlet_event_extra.py
[2026-02-21T12:55:19.585+0000] {logging_mixin.py:190} INFO - [2026-02-21T12:55:19.584+0000] {dag.py:3239} INFO - Sync 2 DAGs
[2026-02-21T12:55:19.639+0000] {logging_mixin.py:190} INFO - [2026-02-21T12:55:19.638+0000] {dag.py:4180} INFO - Setting next_dagrun for read_dataset_event to 2026-02-20 00:00:00+00:00, run_after=2026-02-21 00:00:00+00:00
[2026-02-21T12:55:19.650+0000] {logging_mixin.py:190} INFO - [2026-02-21T12:55:19.650+0000] {dag.py:4180} INFO - Setting next_dagrun for read_dataset_event_from_classic to 2026-02-20 00:00:00+00:00, run_after=2026-02-21 00:00:00+00:00
[2026-02-21T12:55:19.712+0000] {processor.py:208} INFO - Processing /home/airflow/.local/lib/python3.12/site-packages/airflow/example_dags/example_inlet_event_extra.py took 1.687 seconds
[2026-02-21T17:10:25.858+0000] {processor.py:186} INFO - Started process (PID=1221) to work on /home/airflow/.local/lib/python3.12/site-packages/airflow/example_dags/example_inlet_event_extra.py
[2026-02-21T17:10:25.861+0000] {processor.py:914} INFO - Processing file /home/airflow/.local/lib/python3.12/site-packages/airflow/example_dags/example_inlet_event_extra.py for tasks to queue
[2026-02-21T17:10:25.866+0000] {logging_mixin.py:190} INFO - [2026-02-21T17:10:25.865+0000] {dagbag.py:588} INFO - Filling up the DagBag from /home/airflow/.local/lib/python3.12/site-packages/airflow/example_dags/example_inlet_event_extra.py
[2026-02-21T17:10:26.937+0000] {processor.py:925} INFO - DAG(s) 'read_dataset_event', 'read_dataset_event_from_classic' retrieved from /home/airflow/.local/lib/python3.12/site-packages/airflow/example_dags/example_inlet_event_extra.py
[2026-02-21T17:10:26.976+0000] {logging_mixin.py:190} INFO - [2026-02-21T17:10:26.976+0000] {dag.py:3239} INFO - Sync 2 DAGs
[2026-02-21T17:10:27.021+0000] {logging_mixin.py:190} INFO - [2026-02-21T17:10:27.020+0000] {dag.py:4180} INFO - Setting next_dagrun for read_dataset_event to 2026-02-20 00:00:00+00:00, run_after=2026-02-21 00:00:00+00:00
[2026-02-21T17:10:27.033+0000] {logging_mixin.py:190} INFO - [2026-02-21T17:10:27.032+0000] {dag.py:4180} INFO - Setting next_dagrun for read_dataset_event_from_classic to 2026-02-20 00:00:00+00:00, run_after=2026-02-21 00:00:00+00:00
[2026-02-21T17:10:27.066+0000] {processor.py:208} INFO - Processing /home/airflow/.local/lib/python3.12/site-packages/airflow/example_dags/example_inlet_event_extra.py took 1.219 seconds
[2026-02-21T17:11:01.768+0000] {processor.py:186} INFO - Started process (PID=1286) to work on /home/airflow/.local/lib/python3.12/site-packages/airflow/example_dags/example_inlet_event_extra.py
[2026-02-21T17:11:01.770+0000] {processor.py:914} INFO - Processing file /home/airflow/.local/lib/python3.12/site-packages/airflow/example_dags/example_inlet_event_extra.py for tasks to queue
[2026-02-21T17:11:01.775+0000] {logging_mixin.py:190} INFO - [2026-02-21T17:11:01.774+0000] {dagbag.py:588} INFO - Filling up the DagBag from /home/airflow/.local/lib/python3.12/site-packages/airflow/example_dags/example_inlet_event_extra.py
[2026-02-21T17:11:02.805+0000] {processor.py:925} INFO - DAG(s) 'read_dataset_event', 'read_dataset_event_from_classic' retrieved from /home/airflow/.local/lib/python3.12/site-packages/airflow/example_dags/example_inlet_event_extra.py
[2026-02-21T17:11:02.847+0000] {logging_mixin.py:190} INFO - [2026-02-21T17:11:02.847+0000] {dag.py:3239} INFO - Sync 2 DAGs
[2026-02-21T17:11:02.887+0000] {logging_mixin.py:190} INFO - [2026-02-21T17:11:02.886+0000] {dag.py:4180} INFO - Setting next_dagrun for read_dataset_event to 2026-02-20 00:00:00+00:00, run_after=2026-02-21 00:00:00+00:00
[2026-02-21T17:11:02.897+0000] {logging_mixin.py:190} INFO - [2026-02-21T17:11:02.896+0000] {dag.py:4180} INFO - Setting next_dagrun for read_dataset_event_from_classic to 2026-02-20 00:00:00+00:00, run_after=2026-02-21 00:00:00+00:00
[2026-02-21T17:11:02.932+0000] {processor.py:208} INFO - Processing /home/airflow/.local/lib/python3.12/site-packages/airflow/example_dags/example_inlet_event_extra.py took 1.175 seconds
[2026-02-21T17:11:36.624+0000] {processor.py:186} INFO - Started process (PID=1351) to work on /home/airflow/.local/lib/python3.12/site-packages/airflow/example_dags/example_inlet_event_extra.py
[2026-02-21T17:11:36.627+0000] {processor.py:914} INFO - Processing file /home/airflow/.local/lib/python3.12/site-packages/airflow/example_dags/example_inlet_event_extra.py for tasks to queue
[2026-02-21T17:11:36.634+0000] {logging_mixin.py:190} INFO - [2026-02-21T17:11:36.633+0000] {dagbag.py:588} INFO - Filling up the DagBag from /home/airflow/.local/lib/python3.12/site-packages/airflow/example_dags/example_inlet_event_extra.py
[2026-02-21T17:11:38.458+0000] {processor.py:925} INFO - DAG(s) 'read_dataset_event', 'read_dataset_event_from_classic' retrieved from /home/airflow/.local/lib/python3.12/site-packages/airflow/example_dags/example_inlet_event_extra.py
[2026-02-21T17:11:38.511+0000] {logging_mixin.py:190} INFO - [2026-02-21T17:11:38.511+0000] {dag.py:3239} INFO - Sync 2 DAGs
[2026-02-21T17:11:38.568+0000] {logging_mixin.py:190} INFO - [2026-02-21T17:11:38.567+0000] {dag.py:4180} INFO - Setting next_dagrun for read_dataset_event to 2026-02-20 00:00:00+00:00, run_after=2026-02-21 00:00:00+00:00
[2026-02-21T17:11:38.582+0000] {logging_mixin.py:190} INFO - [2026-02-21T17:11:38.582+0000] {dag.py:4180} INFO - Setting next_dagrun for read_dataset_event_from_classic to 2026-02-20 00:00:00+00:00, run_after=2026-02-21 00:00:00+00:00
[2026-02-21T17:11:38.633+0000] {processor.py:208} INFO - Processing /home/airflow/.local/lib/python3.12/site-packages/airflow/example_dags/example_inlet_event_extra.py took 2.025 seconds
[2026-02-21T17:12:09.203+0000] {processor.py:186} INFO - Started process (PID=1419) to work on /home/airflow/.local/lib/python3.12/site-packages/airflow/example_dags/example_inlet_event_extra.py
[2026-02-21T17:12:09.207+0000] {processor.py:914} INFO - Processing file /home/airflow/.local/lib/python3.12/site-packages/airflow/example_dags/example_inlet_event_extra.py for tasks to queue
[2026-02-21T17:12:09.218+0000] {logging_mixin.py:190} INFO - [2026-02-21T17:12:09.216+0000] {dagbag.py:588} INFO - Filling up the DagBag from /home/airflow/.local/lib/python3.12/site-packages/airflow/example_dags/example_inlet_event_extra.py
[2026-02-21T17:12:11.844+0000] {processor.py:925} INFO - DAG(s) 'read_dataset_event_from_classic', 'read_dataset_event' retrieved from /home/airflow/.local/lib/python3.12/site-packages/airflow/example_dags/example_inlet_event_extra.py
[2026-02-21T17:12:11.971+0000] {logging_mixin.py:190} INFO - [2026-02-21T17:12:11.970+0000] {dag.py:3239} INFO - Sync 2 DAGs
[2026-02-21T17:12:12.068+0000] {logging_mixin.py:190} INFO - [2026-02-21T17:12:12.067+0000] {dag.py:4180} INFO - Setting next_dagrun for read_dataset_event to 2026-02-20 00:00:00+00:00, run_after=2026-02-21 00:00:00+00:00
[2026-02-21T17:12:12.088+0000] {logging_mixin.py:190} INFO - [2026-02-21T17:12:12.088+0000] {dag.py:4180} INFO - Setting next_dagrun for read_dataset_event_from_classic to 2026-02-20 00:00:00+00:00, run_after=2026-02-21 00:00:00+00:00
[2026-02-21T17:12:12.155+0000] {processor.py:208} INFO - Processing /home/airflow/.local/lib/python3.12/site-packages/airflow/example_dags/example_inlet_event_extra.py took 2.972 seconds
[2026-02-21T17:12:42.786+0000] {processor.py:186} INFO - Started process (PID=1486) to work on /home/airflow/.local/lib/python3.12/site-packages/airflow/example_dags/example_inlet_event_extra.py
[2026-02-21T17:12:42.788+0000] {processor.py:914} INFO - Processing file /home/airflow/.local/lib/python3.12/site-packages/airflow/example_dags/example_inlet_event_extra.py for tasks to queue
[2026-02-21T17:12:42.790+0000] {logging_mixin.py:190} INFO - [2026-02-21T17:12:42.790+0000] {dagbag.py:588} INFO - Filling up the DagBag from /home/airflow/.local/lib/python3.12/site-packages/airflow/example_dags/example_inlet_event_extra.py
[2026-02-21T17:12:43.463+0000] {processor.py:925} INFO - DAG(s) 'read_dataset_event_from_classic', 'read_dataset_event' retrieved from /home/airflow/.local/lib/python3.12/site-packages/airflow/example_dags/example_inlet_event_extra.py
[2026-02-21T17:12:43.495+0000] {logging_mixin.py:190} INFO - [2026-02-21T17:12:43.495+0000] {dag.py:3239} INFO - Sync 2 DAGs
[2026-02-21T17:12:43.522+0000] {logging_mixin.py:190} INFO - [2026-02-21T17:12:43.522+0000] {dag.py:4180} INFO - Setting next_dagrun for read_dataset_event to 2026-02-20 00:00:00+00:00, run_after=2026-02-21 00:00:00+00:00
[2026-02-21T17:12:43.530+0000] {logging_mixin.py:190} INFO - [2026-02-21T17:12:43.529+0000] {dag.py:4180} INFO - Setting next_dagrun for read_dataset_event_from_classic to 2026-02-20 00:00:00+00:00, run_after=2026-02-21 00:00:00+00:00
[2026-02-21T17:12:43.554+0000] {processor.py:208} INFO - Processing /home/airflow/.local/lib/python3.12/site-packages/airflow/example_dags/example_inlet_event_extra.py took 0.773 seconds
[2026-02-21T17:13:14.072+0000] {processor.py:186} INFO - Started process (PID=1553) to work on /home/airflow/.local/lib/python3.12/site-packages/airflow/example_dags/example_inlet_event_extra.py
[2026-02-21T17:13:14.074+0000] {processor.py:914} INFO - Processing file /home/airflow/.local/lib/python3.12/site-packages/airflow/example_dags/example_inlet_event_extra.py for tasks to queue
[2026-02-21T17:13:14.079+0000] {logging_mixin.py:190} INFO - [2026-02-21T17:13:14.078+0000] {dagbag.py:588} INFO - Filling up the DagBag from /home/airflow/.local/lib/python3.12/site-packages/airflow/example_dags/example_inlet_event_extra.py
[2026-02-21T17:13:14.998+0000] {processor.py:925} INFO - DAG(s) 'read_dataset_event', 'read_dataset_event_from_classic' retrieved from /home/airflow/.local/lib/python3.12/site-packages/airflow/example_dags/example_inlet_event_extra.py
[2026-02-21T17:13:15.029+0000] {logging_mixin.py:190} INFO - [2026-02-21T17:13:15.029+0000] {dag.py:3239} INFO - Sync 2 DAGs
[2026-02-21T17:13:15.057+0000] {logging_mixin.py:190} INFO - [2026-02-21T17:13:15.057+0000] {dag.py:4180} INFO - Setting next_dagrun for read_dataset_event to 2026-02-20 00:00:00+00:00, run_after=2026-02-21 00:00:00+00:00
[2026-02-21T17:13:15.065+0000] {logging_mixin.py:190} INFO - [2026-02-21T17:13:15.065+0000] {dag.py:4180} INFO - Setting next_dagrun for read_dataset_event_from_classic to 2026-02-20 00:00:00+00:00, run_after=2026-02-21 00:00:00+00:00
[2026-02-21T17:13:15.091+0000] {processor.py:208} INFO - Processing /home/airflow/.local/lib/python3.12/site-packages/airflow/example_dags/example_inlet_event_extra.py took 1.028 seconds
[2026-02-21T19:41:20.570+0000] {processor.py:186} INFO - Started process (PID=1667) to work on /home/airflow/.local/lib/python3.12/site-packages/airflow/example_dags/example_inlet_event_extra.py
[2026-02-21T19:41:20.572+0000] {processor.py:914} INFO - Processing file /home/airflow/.local/lib/python3.12/site-packages/airflow/example_dags/example_inlet_event_extra.py for tasks to queue
[2026-02-21T19:41:20.575+0000] {logging_mixin.py:190} INFO - [2026-02-21T19:41:20.574+0000] {dagbag.py:588} INFO - Filling up the DagBag from /home/airflow/.local/lib/python3.12/site-packages/airflow/example_dags/example_inlet_event_extra.py
[2026-02-21T19:41:21.523+0000] {processor.py:925} INFO - DAG(s) 'read_dataset_event_from_classic', 'read_dataset_event' retrieved from /home/airflow/.local/lib/python3.12/site-packages/airflow/example_dags/example_inlet_event_extra.py
[2026-02-21T19:41:21.558+0000] {logging_mixin.py:190} INFO - [2026-02-21T19:41:21.557+0000] {dag.py:3239} INFO - Sync 2 DAGs
[2026-02-21T19:41:21.601+0000] {logging_mixin.py:190} INFO - [2026-02-21T19:41:21.601+0000] {dag.py:4180} INFO - Setting next_dagrun for read_dataset_event to 2026-02-20 00:00:00+00:00, run_after=2026-02-21 00:00:00+00:00
[2026-02-21T19:41:21.612+0000] {logging_mixin.py:190} INFO - [2026-02-21T19:41:21.612+0000] {dag.py:4180} INFO - Setting next_dagrun for read_dataset_event_from_classic to 2026-02-20 00:00:00+00:00, run_after=2026-02-21 00:00:00+00:00
[2026-02-21T19:41:21.642+0000] {processor.py:208} INFO - Processing /home/airflow/.local/lib/python3.12/site-packages/airflow/example_dags/example_inlet_event_extra.py took 1.079 seconds
[2026-02-21T19:42:07.155+0000] {processor.py:186} INFO - Started process (PID=2330) to work on /home/airflow/.local/lib/python3.12/site-packages/airflow/example_dags/example_inlet_event_extra.py
[2026-02-21T19:42:07.159+0000] {processor.py:914} INFO - Processing file /home/airflow/.local/lib/python3.12/site-packages/airflow/example_dags/example_inlet_event_extra.py for tasks to queue
[2026-02-21T19:42:07.166+0000] {logging_mixin.py:190} INFO - [2026-02-21T19:42:07.165+0000] {dagbag.py:588} INFO - Filling up the DagBag from /home/airflow/.local/lib/python3.12/site-packages/airflow/example_dags/example_inlet_event_extra.py
[2026-02-21T19:42:10.777+0000] {processor.py:925} INFO - DAG(s) 'read_dataset_event', 'read_dataset_event_from_classic' retrieved from /home/airflow/.local/lib/python3.12/site-packages/airflow/example_dags/example_inlet_event_extra.py
[2026-02-21T19:42:10.889+0000] {logging_mixin.py:190} INFO - [2026-02-21T19:42:10.888+0000] {dag.py:3239} INFO - Sync 2 DAGs
[2026-02-21T19:42:11.010+0000] {logging_mixin.py:190} INFO - [2026-02-21T19:42:11.009+0000] {dag.py:4180} INFO - Setting next_dagrun for read_dataset_event to 2026-02-20 00:00:00+00:00, run_after=2026-02-21 00:00:00+00:00
[2026-02-21T19:42:11.035+0000] {logging_mixin.py:190} INFO - [2026-02-21T19:42:11.034+0000] {dag.py:4180} INFO - Setting next_dagrun for read_dataset_event_from_classic to 2026-02-20 00:00:00+00:00, run_after=2026-02-21 00:00:00+00:00
[2026-02-21T19:42:11.111+0000] {processor.py:208} INFO - Processing /home/airflow/.local/lib/python3.12/site-packages/airflow/example_dags/example_inlet_event_extra.py took 3.983 seconds
[2026-02-21T21:00:04.407+0000] {processor.py:186} INFO - Started process (PID=2437) to work on /home/airflow/.local/lib/python3.12/site-packages/airflow/example_dags/example_inlet_event_extra.py
[2026-02-21T21:00:04.416+0000] {processor.py:914} INFO - Processing file /home/airflow/.local/lib/python3.12/site-packages/airflow/example_dags/example_inlet_event_extra.py for tasks to queue
[2026-02-21T21:00:04.435+0000] {logging_mixin.py:190} INFO - [2026-02-21T21:00:04.433+0000] {dagbag.py:588} INFO - Filling up the DagBag from /home/airflow/.local/lib/python3.12/site-packages/airflow/example_dags/example_inlet_event_extra.py
[2026-02-21T21:00:08.086+0000] {processor.py:925} INFO - DAG(s) 'read_dataset_event_from_classic', 'read_dataset_event' retrieved from /home/airflow/.local/lib/python3.12/site-packages/airflow/example_dags/example_inlet_event_extra.py
[2026-02-21T21:00:08.373+0000] {logging_mixin.py:190} INFO - [2026-02-21T21:00:08.371+0000] {dag.py:3239} INFO - Sync 2 DAGs
[2026-02-21T21:00:08.567+0000] {logging_mixin.py:190} INFO - [2026-02-21T21:00:08.563+0000] {dag.py:4180} INFO - Setting next_dagrun for read_dataset_event to 2026-02-20 00:00:00+00:00, run_after=2026-02-21 00:00:00+00:00
[2026-02-21T21:00:08.627+0000] {logging_mixin.py:190} INFO - [2026-02-21T21:00:08.626+0000] {dag.py:4180} INFO - Setting next_dagrun for read_dataset_event_from_classic to 2026-02-20 00:00:00+00:00, run_after=2026-02-21 00:00:00+00:00
[2026-02-21T21:00:08.785+0000] {processor.py:208} INFO - Processing /home/airflow/.local/lib/python3.12/site-packages/airflow/example_dags/example_inlet_event_extra.py took 4.424 seconds
[2026-02-21T21:00:57.027+0000] {processor.py:186} INFO - Started process (PID=2509) to work on /home/airflow/.local/lib/python3.12/site-packages/airflow/example_dags/example_inlet_event_extra.py
[2026-02-21T21:00:57.040+0000] {processor.py:914} INFO - Processing file /home/airflow/.local/lib/python3.12/site-packages/airflow/example_dags/example_inlet_event_extra.py for tasks to queue
[2026-02-21T21:00:57.054+0000] {logging_mixin.py:190} INFO - [2026-02-21T21:00:57.051+0000] {dagbag.py:588} INFO - Filling up the DagBag from /home/airflow/.local/lib/python3.12/site-packages/airflow/example_dags/example_inlet_event_extra.py
[2026-02-21T21:01:03.726+0000] {processor.py:925} INFO - DAG(s) 'read_dataset_event', 'read_dataset_event_from_classic' retrieved from /home/airflow/.local/lib/python3.12/site-packages/airflow/example_dags/example_inlet_event_extra.py
[2026-02-21T21:01:03.944+0000] {logging_mixin.py:190} INFO - [2026-02-21T21:01:03.942+0000] {dag.py:3239} INFO - Sync 2 DAGs
[2026-02-21T21:01:04.294+0000] {logging_mixin.py:190} INFO - [2026-02-21T21:01:04.292+0000] {dag.py:4180} INFO - Setting next_dagrun for read_dataset_event to 2026-02-20 00:00:00+00:00, run_after=2026-02-21 00:00:00+00:00
[2026-02-21T21:01:04.363+0000] {logging_mixin.py:190} INFO - [2026-02-21T21:01:04.360+0000] {dag.py:4180} INFO - Setting next_dagrun for read_dataset_event_from_classic to 2026-02-20 00:00:00+00:00, run_after=2026-02-21 00:00:00+00:00
[2026-02-21T21:01:04.516+0000] {processor.py:208} INFO - Processing /home/airflow/.local/lib/python3.12/site-packages/airflow/example_dags/example_inlet_event_extra.py took 7.563 seconds
[2026-02-21T21:14:49.545+0000] {processor.py:186} INFO - Started process (PID=2584) to work on /home/airflow/.local/lib/python3.12/site-packages/airflow/example_dags/example_inlet_event_extra.py
[2026-02-21T21:14:49.555+0000] {processor.py:914} INFO - Processing file /home/airflow/.local/lib/python3.12/site-packages/airflow/example_dags/example_inlet_event_extra.py for tasks to queue
[2026-02-21T21:14:49.565+0000] {logging_mixin.py:190} INFO - [2026-02-21T21:14:49.563+0000] {dagbag.py:588} INFO - Filling up the DagBag from /home/airflow/.local/lib/python3.12/site-packages/airflow/example_dags/example_inlet_event_extra.py
[2026-02-21T21:14:57.933+0000] {processor.py:925} INFO - DAG(s) 'read_dataset_event', 'read_dataset_event_from_classic' retrieved from /home/airflow/.local/lib/python3.12/site-packages/airflow/example_dags/example_inlet_event_extra.py
[2026-02-21T21:14:58.272+0000] {logging_mixin.py:190} INFO - [2026-02-21T21:14:58.270+0000] {dag.py:3239} INFO - Sync 2 DAGs
[2026-02-21T21:14:58.549+0000] {logging_mixin.py:190} INFO - [2026-02-21T21:14:58.548+0000] {dag.py:4180} INFO - Setting next_dagrun for read_dataset_event to 2026-02-20 00:00:00+00:00, run_after=2026-02-21 00:00:00+00:00
[2026-02-21T21:14:58.604+0000] {logging_mixin.py:190} INFO - [2026-02-21T21:14:58.603+0000] {dag.py:4180} INFO - Setting next_dagrun for read_dataset_event_from_classic to 2026-02-20 00:00:00+00:00, run_after=2026-02-21 00:00:00+00:00
[2026-02-21T21:14:58.796+0000] {processor.py:208} INFO - Processing /home/airflow/.local/lib/python3.12/site-packages/airflow/example_dags/example_inlet_event_extra.py took 9.281 seconds
[2026-02-21T21:35:22.692+0000] {processor.py:186} INFO - Started process (PID=2655) to work on /home/airflow/.local/lib/python3.12/site-packages/airflow/example_dags/example_inlet_event_extra.py
[2026-02-21T21:35:22.707+0000] {processor.py:914} INFO - Processing file /home/airflow/.local/lib/python3.12/site-packages/airflow/example_dags/example_inlet_event_extra.py for tasks to queue
[2026-02-21T21:35:22.725+0000] {logging_mixin.py:190} INFO - [2026-02-21T21:35:22.723+0000] {dagbag.py:588} INFO - Filling up the DagBag from /home/airflow/.local/lib/python3.12/site-packages/airflow/example_dags/example_inlet_event_extra.py
[2026-02-21T21:35:32.129+0000] {processor.py:925} INFO - DAG(s) 'read_dataset_event', 'read_dataset_event_from_classic' retrieved from /home/airflow/.local/lib/python3.12/site-packages/airflow/example_dags/example_inlet_event_extra.py
[2026-02-21T21:35:32.509+0000] {logging_mixin.py:190} INFO - [2026-02-21T21:35:32.507+0000] {dag.py:3239} INFO - Sync 2 DAGs
[2026-02-21T21:35:32.866+0000] {logging_mixin.py:190} INFO - [2026-02-21T21:35:32.865+0000] {dag.py:4180} INFO - Setting next_dagrun for read_dataset_event to 2026-02-20 00:00:00+00:00, run_after=2026-02-21 00:00:00+00:00
[2026-02-21T21:35:32.913+0000] {logging_mixin.py:190} INFO - [2026-02-21T21:35:32.912+0000] {dag.py:4180} INFO - Setting next_dagrun for read_dataset_event_from_classic to 2026-02-20 00:00:00+00:00, run_after=2026-02-21 00:00:00+00:00
[2026-02-21T21:35:33.108+0000] {processor.py:208} INFO - Processing /home/airflow/.local/lib/python3.12/site-packages/airflow/example_dags/example_inlet_event_extra.py took 10.467 seconds
