[2026-02-21T10:24:52.018+0000] {processor.py:186} INFO - Started process (PID=70) to work on /home/airflow/.local/lib/python3.12/site-packages/airflow/example_dags/example_display_name.py
[2026-02-21T10:24:52.046+0000] {processor.py:914} INFO - Processing file /home/airflow/.local/lib/python3.12/site-packages/airflow/example_dags/example_display_name.py for tasks to queue
[2026-02-21T10:24:52.071+0000] {logging_mixin.py:190} INFO - [2026-02-21T10:24:52.070+0000] {dagbag.py:588} INFO - Filling up the DagBag from /home/airflow/.local/lib/python3.12/site-packages/airflow/example_dags/example_display_name.py
[2026-02-21T10:24:52.150+0000] {processor.py:925} INFO - DAG(s) 'example_display_name' retrieved from /home/airflow/.local/lib/python3.12/site-packages/airflow/example_dags/example_display_name.py
[2026-02-21T10:24:52.521+0000] {logging_mixin.py:190} INFO - [2026-02-21T10:24:52.520+0000] {dag.py:3239} INFO - Sync 1 DAGs
[2026-02-21T10:24:53.064+0000] {logging_mixin.py:190} INFO - [2026-02-21T10:24:53.063+0000] {dag.py:4180} INFO - Setting next_dagrun for example_display_name to None, run_after=None
[2026-02-21T10:24:53.190+0000] {processor.py:208} INFO - Processing /home/airflow/.local/lib/python3.12/site-packages/airflow/example_dags/example_display_name.py took 1.316 seconds
[2026-02-21T12:32:54.111+0000] {processor.py:186} INFO - Started process (PID=68) to work on /home/airflow/.local/lib/python3.12/site-packages/airflow/example_dags/example_display_name.py
[2026-02-21T12:32:54.120+0000] {processor.py:914} INFO - Processing file /home/airflow/.local/lib/python3.12/site-packages/airflow/example_dags/example_display_name.py for tasks to queue
[2026-02-21T12:32:54.147+0000] {logging_mixin.py:190} INFO - [2026-02-21T12:32:54.145+0000] {dagbag.py:588} INFO - Filling up the DagBag from /home/airflow/.local/lib/python3.12/site-packages/airflow/example_dags/example_display_name.py
[2026-02-21T12:32:54.343+0000] {processor.py:925} INFO - DAG(s) 'example_display_name' retrieved from /home/airflow/.local/lib/python3.12/site-packages/airflow/example_dags/example_display_name.py
[2026-02-21T12:32:55.117+0000] {logging_mixin.py:190} INFO - [2026-02-21T12:32:55.103+0000] {dag.py:3239} INFO - Sync 1 DAGs
[2026-02-21T12:32:55.490+0000] {logging_mixin.py:190} INFO - [2026-02-21T12:32:55.489+0000] {dag.py:4180} INFO - Setting next_dagrun for example_display_name to None, run_after=None
[2026-02-21T12:32:55.778+0000] {processor.py:208} INFO - Processing /home/airflow/.local/lib/python3.12/site-packages/airflow/example_dags/example_display_name.py took 1.711 seconds
[2026-02-21T12:34:11.591+0000] {processor.py:186} INFO - Started process (PID=58) to work on /home/airflow/.local/lib/python3.12/site-packages/airflow/example_dags/example_display_name.py
[2026-02-21T12:34:11.594+0000] {processor.py:914} INFO - Processing file /home/airflow/.local/lib/python3.12/site-packages/airflow/example_dags/example_display_name.py for tasks to queue
[2026-02-21T12:34:11.602+0000] {logging_mixin.py:190} INFO - [2026-02-21T12:34:11.601+0000] {dagbag.py:588} INFO - Filling up the DagBag from /home/airflow/.local/lib/python3.12/site-packages/airflow/example_dags/example_display_name.py
[2026-02-21T12:34:11.624+0000] {processor.py:925} INFO - DAG(s) 'example_display_name' retrieved from /home/airflow/.local/lib/python3.12/site-packages/airflow/example_dags/example_display_name.py
[2026-02-21T12:34:11.717+0000] {logging_mixin.py:190} INFO - [2026-02-21T12:34:11.716+0000] {dag.py:3239} INFO - Sync 1 DAGs
[2026-02-21T12:34:11.773+0000] {logging_mixin.py:190} INFO - [2026-02-21T12:34:11.772+0000] {dag.py:4180} INFO - Setting next_dagrun for example_display_name to None, run_after=None
[2026-02-21T12:34:11.848+0000] {processor.py:208} INFO - Processing /home/airflow/.local/lib/python3.12/site-packages/airflow/example_dags/example_display_name.py took 0.272 seconds
[2026-02-21T12:34:42.257+0000] {processor.py:186} INFO - Started process (PID=123) to work on /home/airflow/.local/lib/python3.12/site-packages/airflow/example_dags/example_display_name.py
[2026-02-21T12:34:42.261+0000] {processor.py:914} INFO - Processing file /home/airflow/.local/lib/python3.12/site-packages/airflow/example_dags/example_display_name.py for tasks to queue
[2026-02-21T12:34:42.273+0000] {logging_mixin.py:190} INFO - [2026-02-21T12:34:42.272+0000] {dagbag.py:588} INFO - Filling up the DagBag from /home/airflow/.local/lib/python3.12/site-packages/airflow/example_dags/example_display_name.py
[2026-02-21T12:34:42.321+0000] {processor.py:925} INFO - DAG(s) 'example_display_name' retrieved from /home/airflow/.local/lib/python3.12/site-packages/airflow/example_dags/example_display_name.py
[2026-02-21T12:34:42.429+0000] {logging_mixin.py:190} INFO - [2026-02-21T12:34:42.428+0000] {dag.py:3239} INFO - Sync 1 DAGs
[2026-02-21T12:34:42.517+0000] {logging_mixin.py:190} INFO - [2026-02-21T12:34:42.516+0000] {dag.py:4180} INFO - Setting next_dagrun for example_display_name to None, run_after=None
[2026-02-21T12:34:42.619+0000] {processor.py:208} INFO - Processing /home/airflow/.local/lib/python3.12/site-packages/airflow/example_dags/example_display_name.py took 0.383 seconds
[2026-02-21T12:35:13.260+0000] {processor.py:186} INFO - Started process (PID=188) to work on /home/airflow/.local/lib/python3.12/site-packages/airflow/example_dags/example_display_name.py
[2026-02-21T12:35:13.263+0000] {processor.py:914} INFO - Processing file /home/airflow/.local/lib/python3.12/site-packages/airflow/example_dags/example_display_name.py for tasks to queue
[2026-02-21T12:35:13.271+0000] {logging_mixin.py:190} INFO - [2026-02-21T12:35:13.270+0000] {dagbag.py:588} INFO - Filling up the DagBag from /home/airflow/.local/lib/python3.12/site-packages/airflow/example_dags/example_display_name.py
[2026-02-21T12:35:13.289+0000] {processor.py:925} INFO - DAG(s) 'example_display_name' retrieved from /home/airflow/.local/lib/python3.12/site-packages/airflow/example_dags/example_display_name.py
[2026-02-21T12:35:13.337+0000] {logging_mixin.py:190} INFO - [2026-02-21T12:35:13.336+0000] {dag.py:3239} INFO - Sync 1 DAGs
[2026-02-21T12:35:13.372+0000] {logging_mixin.py:190} INFO - [2026-02-21T12:35:13.371+0000] {dag.py:4180} INFO - Setting next_dagrun for example_display_name to None, run_after=None
[2026-02-21T12:35:13.421+0000] {processor.py:208} INFO - Processing /home/airflow/.local/lib/python3.12/site-packages/airflow/example_dags/example_display_name.py took 0.176 seconds
[2026-02-21T12:35:44.149+0000] {processor.py:186} INFO - Started process (PID=253) to work on /home/airflow/.local/lib/python3.12/site-packages/airflow/example_dags/example_display_name.py
[2026-02-21T12:35:44.151+0000] {processor.py:914} INFO - Processing file /home/airflow/.local/lib/python3.12/site-packages/airflow/example_dags/example_display_name.py for tasks to queue
[2026-02-21T12:35:44.155+0000] {logging_mixin.py:190} INFO - [2026-02-21T12:35:44.155+0000] {dagbag.py:588} INFO - Filling up the DagBag from /home/airflow/.local/lib/python3.12/site-packages/airflow/example_dags/example_display_name.py
[2026-02-21T12:35:44.168+0000] {processor.py:925} INFO - DAG(s) 'example_display_name' retrieved from /home/airflow/.local/lib/python3.12/site-packages/airflow/example_dags/example_display_name.py
[2026-02-21T12:35:44.202+0000] {logging_mixin.py:190} INFO - [2026-02-21T12:35:44.202+0000] {dag.py:3239} INFO - Sync 1 DAGs
[2026-02-21T12:35:44.225+0000] {logging_mixin.py:190} INFO - [2026-02-21T12:35:44.224+0000] {dag.py:4180} INFO - Setting next_dagrun for example_display_name to None, run_after=None
[2026-02-21T12:35:44.261+0000] {processor.py:208} INFO - Processing /home/airflow/.local/lib/python3.12/site-packages/airflow/example_dags/example_display_name.py took 0.121 seconds
[2026-02-21T12:36:20.619+0000] {processor.py:186} INFO - Started process (PID=319) to work on /home/airflow/.local/lib/python3.12/site-packages/airflow/example_dags/example_display_name.py
[2026-02-21T12:36:20.632+0000] {processor.py:914} INFO - Processing file /home/airflow/.local/lib/python3.12/site-packages/airflow/example_dags/example_display_name.py for tasks to queue
[2026-02-21T12:36:20.655+0000] {logging_mixin.py:190} INFO - [2026-02-21T12:36:20.653+0000] {dagbag.py:588} INFO - Filling up the DagBag from /home/airflow/.local/lib/python3.12/site-packages/airflow/example_dags/example_display_name.py
[2026-02-21T12:36:20.741+0000] {processor.py:925} INFO - DAG(s) 'example_display_name' retrieved from /home/airflow/.local/lib/python3.12/site-packages/airflow/example_dags/example_display_name.py
[2026-02-21T12:36:20.867+0000] {logging_mixin.py:190} INFO - [2026-02-21T12:36:20.865+0000] {dag.py:3239} INFO - Sync 1 DAGs
[2026-02-21T12:36:20.954+0000] {logging_mixin.py:190} INFO - [2026-02-21T12:36:20.952+0000] {dag.py:4180} INFO - Setting next_dagrun for example_display_name to None, run_after=None
[2026-02-21T12:36:21.090+0000] {processor.py:208} INFO - Processing /home/airflow/.local/lib/python3.12/site-packages/airflow/example_dags/example_display_name.py took 0.520 seconds
[2026-02-21T12:36:54.534+0000] {processor.py:186} INFO - Started process (PID=372) to work on /home/airflow/.local/lib/python3.12/site-packages/airflow/example_dags/example_display_name.py
[2026-02-21T12:36:54.539+0000] {processor.py:914} INFO - Processing file /home/airflow/.local/lib/python3.12/site-packages/airflow/example_dags/example_display_name.py for tasks to queue
[2026-02-21T12:36:54.554+0000] {logging_mixin.py:190} INFO - [2026-02-21T12:36:54.552+0000] {dagbag.py:588} INFO - Filling up the DagBag from /home/airflow/.local/lib/python3.12/site-packages/airflow/example_dags/example_display_name.py
[2026-02-21T12:36:54.604+0000] {processor.py:925} INFO - DAG(s) 'example_display_name' retrieved from /home/airflow/.local/lib/python3.12/site-packages/airflow/example_dags/example_display_name.py
[2026-02-21T12:36:52.864+0000] {logging_mixin.py:190} INFO - [2026-02-21T12:36:52.863+0000] {dag.py:3239} INFO - Sync 1 DAGs
[2026-02-21T12:36:52.963+0000] {logging_mixin.py:190} INFO - [2026-02-21T12:36:52.962+0000] {dag.py:4180} INFO - Setting next_dagrun for example_display_name to None, run_after=None
[2026-02-21T12:36:53.094+0000] {processor.py:208} INFO - Processing /home/airflow/.local/lib/python3.12/site-packages/airflow/example_dags/example_display_name.py took 0.450 seconds
[2026-02-21T12:37:23.469+0000] {processor.py:186} INFO - Started process (PID=437) to work on /home/airflow/.local/lib/python3.12/site-packages/airflow/example_dags/example_display_name.py
[2026-02-21T12:37:23.471+0000] {processor.py:914} INFO - Processing file /home/airflow/.local/lib/python3.12/site-packages/airflow/example_dags/example_display_name.py for tasks to queue
[2026-02-21T12:37:23.477+0000] {logging_mixin.py:190} INFO - [2026-02-21T12:37:23.476+0000] {dagbag.py:588} INFO - Filling up the DagBag from /home/airflow/.local/lib/python3.12/site-packages/airflow/example_dags/example_display_name.py
[2026-02-21T12:37:23.493+0000] {processor.py:925} INFO - DAG(s) 'example_display_name' retrieved from /home/airflow/.local/lib/python3.12/site-packages/airflow/example_dags/example_display_name.py
[2026-02-21T12:37:23.529+0000] {logging_mixin.py:190} INFO - [2026-02-21T12:37:23.529+0000] {dag.py:3239} INFO - Sync 1 DAGs
[2026-02-21T12:37:23.557+0000] {logging_mixin.py:190} INFO - [2026-02-21T12:37:23.556+0000] {dag.py:4180} INFO - Setting next_dagrun for example_display_name to None, run_after=None
[2026-02-21T12:37:23.598+0000] {processor.py:208} INFO - Processing /home/airflow/.local/lib/python3.12/site-packages/airflow/example_dags/example_display_name.py took 0.141 seconds
[2026-02-21T12:37:54.099+0000] {processor.py:186} INFO - Started process (PID=502) to work on /home/airflow/.local/lib/python3.12/site-packages/airflow/example_dags/example_display_name.py
[2026-02-21T12:37:54.101+0000] {processor.py:914} INFO - Processing file /home/airflow/.local/lib/python3.12/site-packages/airflow/example_dags/example_display_name.py for tasks to queue
[2026-02-21T12:37:54.106+0000] {logging_mixin.py:190} INFO - [2026-02-21T12:37:54.106+0000] {dagbag.py:588} INFO - Filling up the DagBag from /home/airflow/.local/lib/python3.12/site-packages/airflow/example_dags/example_display_name.py
[2026-02-21T12:37:54.122+0000] {processor.py:925} INFO - DAG(s) 'example_display_name' retrieved from /home/airflow/.local/lib/python3.12/site-packages/airflow/example_dags/example_display_name.py
[2026-02-21T12:37:54.153+0000] {logging_mixin.py:190} INFO - [2026-02-21T12:37:54.153+0000] {dag.py:3239} INFO - Sync 1 DAGs
[2026-02-21T12:37:54.178+0000] {logging_mixin.py:190} INFO - [2026-02-21T12:37:54.177+0000] {dag.py:4180} INFO - Setting next_dagrun for example_display_name to None, run_after=None
[2026-02-21T12:37:54.222+0000] {processor.py:208} INFO - Processing /home/airflow/.local/lib/python3.12/site-packages/airflow/example_dags/example_display_name.py took 0.133 seconds
[2026-02-21T12:38:24.732+0000] {processor.py:186} INFO - Started process (PID=567) to work on /home/airflow/.local/lib/python3.12/site-packages/airflow/example_dags/example_display_name.py
[2026-02-21T12:38:24.736+0000] {processor.py:914} INFO - Processing file /home/airflow/.local/lib/python3.12/site-packages/airflow/example_dags/example_display_name.py for tasks to queue
[2026-02-21T12:38:24.746+0000] {logging_mixin.py:190} INFO - [2026-02-21T12:38:24.745+0000] {dagbag.py:588} INFO - Filling up the DagBag from /home/airflow/.local/lib/python3.12/site-packages/airflow/example_dags/example_display_name.py
[2026-02-21T12:38:24.777+0000] {processor.py:925} INFO - DAG(s) 'example_display_name' retrieved from /home/airflow/.local/lib/python3.12/site-packages/airflow/example_dags/example_display_name.py
[2026-02-21T12:38:24.847+0000] {logging_mixin.py:190} INFO - [2026-02-21T12:38:24.847+0000] {dag.py:3239} INFO - Sync 1 DAGs
[2026-02-21T12:38:24.909+0000] {logging_mixin.py:190} INFO - [2026-02-21T12:38:24.908+0000] {dag.py:4180} INFO - Setting next_dagrun for example_display_name to None, run_after=None
[2026-02-21T12:38:24.992+0000] {processor.py:208} INFO - Processing /home/airflow/.local/lib/python3.12/site-packages/airflow/example_dags/example_display_name.py took 0.282 seconds
[2026-02-21T12:38:55.532+0000] {processor.py:186} INFO - Started process (PID=631) to work on /home/airflow/.local/lib/python3.12/site-packages/airflow/example_dags/example_display_name.py
[2026-02-21T12:38:55.535+0000] {processor.py:914} INFO - Processing file /home/airflow/.local/lib/python3.12/site-packages/airflow/example_dags/example_display_name.py for tasks to queue
[2026-02-21T12:38:55.540+0000] {logging_mixin.py:190} INFO - [2026-02-21T12:38:55.540+0000] {dagbag.py:588} INFO - Filling up the DagBag from /home/airflow/.local/lib/python3.12/site-packages/airflow/example_dags/example_display_name.py
[2026-02-21T12:38:55.558+0000] {processor.py:925} INFO - DAG(s) 'example_display_name' retrieved from /home/airflow/.local/lib/python3.12/site-packages/airflow/example_dags/example_display_name.py
[2026-02-21T12:38:55.600+0000] {logging_mixin.py:190} INFO - [2026-02-21T12:38:55.600+0000] {dag.py:3239} INFO - Sync 1 DAGs
[2026-02-21T12:38:55.629+0000] {logging_mixin.py:190} INFO - [2026-02-21T12:38:55.628+0000] {dag.py:4180} INFO - Setting next_dagrun for example_display_name to None, run_after=None
[2026-02-21T12:38:55.674+0000] {processor.py:208} INFO - Processing /home/airflow/.local/lib/python3.12/site-packages/airflow/example_dags/example_display_name.py took 0.154 seconds
[2026-02-21T12:39:27.538+0000] {processor.py:186} INFO - Started process (PID=696) to work on /home/airflow/.local/lib/python3.12/site-packages/airflow/example_dags/example_display_name.py
[2026-02-21T12:39:27.556+0000] {processor.py:914} INFO - Processing file /home/airflow/.local/lib/python3.12/site-packages/airflow/example_dags/example_display_name.py for tasks to queue
[2026-02-21T12:39:27.596+0000] {logging_mixin.py:190} INFO - [2026-02-21T12:39:27.594+0000] {dagbag.py:588} INFO - Filling up the DagBag from /home/airflow/.local/lib/python3.12/site-packages/airflow/example_dags/example_display_name.py
[2026-02-21T12:39:27.786+0000] {processor.py:925} INFO - DAG(s) 'example_display_name' retrieved from /home/airflow/.local/lib/python3.12/site-packages/airflow/example_dags/example_display_name.py
[2026-02-21T12:39:27.982+0000] {logging_mixin.py:190} INFO - [2026-02-21T12:39:27.981+0000] {dag.py:3239} INFO - Sync 1 DAGs
[2026-02-21T12:39:28.089+0000] {logging_mixin.py:190} INFO - [2026-02-21T12:39:28.087+0000] {dag.py:4180} INFO - Setting next_dagrun for example_display_name to None, run_after=None
[2026-02-21T12:39:28.232+0000] {processor.py:208} INFO - Processing /home/airflow/.local/lib/python3.12/site-packages/airflow/example_dags/example_display_name.py took 0.831 seconds
[2026-02-21T12:40:02.705+0000] {processor.py:186} INFO - Started process (PID=733) to work on /home/airflow/.local/lib/python3.12/site-packages/airflow/example_dags/example_display_name.py
[2026-02-21T12:40:02.720+0000] {processor.py:914} INFO - Processing file /home/airflow/.local/lib/python3.12/site-packages/airflow/example_dags/example_display_name.py for tasks to queue
[2026-02-21T12:40:02.753+0000] {logging_mixin.py:190} INFO - [2026-02-21T12:40:02.750+0000] {dagbag.py:588} INFO - Filling up the DagBag from /home/airflow/.local/lib/python3.12/site-packages/airflow/example_dags/example_display_name.py
[2026-02-21T12:40:02.834+0000] {processor.py:925} INFO - DAG(s) 'example_display_name' retrieved from /home/airflow/.local/lib/python3.12/site-packages/airflow/example_dags/example_display_name.py
[2026-02-21T12:40:03.055+0000] {logging_mixin.py:190} INFO - [2026-02-21T12:40:03.053+0000] {dag.py:3239} INFO - Sync 1 DAGs
[2026-02-21T12:40:03.196+0000] {logging_mixin.py:190} INFO - [2026-02-21T12:40:03.195+0000] {dag.py:4180} INFO - Setting next_dagrun for example_display_name to None, run_after=None
[2026-02-21T12:40:03.384+0000] {processor.py:208} INFO - Processing /home/airflow/.local/lib/python3.12/site-packages/airflow/example_dags/example_display_name.py took 0.734 seconds
[2026-02-21T12:41:25.024+0000] {processor.py:186} INFO - Started process (PID=780) to work on /home/airflow/.local/lib/python3.12/site-packages/airflow/example_dags/example_display_name.py
[2026-02-21T12:41:25.028+0000] {processor.py:914} INFO - Processing file /home/airflow/.local/lib/python3.12/site-packages/airflow/example_dags/example_display_name.py for tasks to queue
[2026-02-21T12:41:25.040+0000] {logging_mixin.py:190} INFO - [2026-02-21T12:41:25.039+0000] {dagbag.py:588} INFO - Filling up the DagBag from /home/airflow/.local/lib/python3.12/site-packages/airflow/example_dags/example_display_name.py
[2026-02-21T12:41:25.098+0000] {processor.py:925} INFO - DAG(s) 'example_display_name' retrieved from /home/airflow/.local/lib/python3.12/site-packages/airflow/example_dags/example_display_name.py
[2026-02-21T12:41:25.213+0000] {logging_mixin.py:190} INFO - [2026-02-21T12:41:25.212+0000] {dag.py:3239} INFO - Sync 1 DAGs
[2026-02-21T12:41:25.323+0000] {logging_mixin.py:190} INFO - [2026-02-21T12:41:25.322+0000] {dag.py:4180} INFO - Setting next_dagrun for example_display_name to None, run_after=None
[2026-02-21T12:41:25.495+0000] {processor.py:208} INFO - Processing /home/airflow/.local/lib/python3.12/site-packages/airflow/example_dags/example_display_name.py took 0.511 seconds
[2026-02-21T12:41:55.996+0000] {processor.py:186} INFO - Started process (PID=845) to work on /home/airflow/.local/lib/python3.12/site-packages/airflow/example_dags/example_display_name.py
[2026-02-21T12:41:56.001+0000] {processor.py:914} INFO - Processing file /home/airflow/.local/lib/python3.12/site-packages/airflow/example_dags/example_display_name.py for tasks to queue
[2026-02-21T12:41:56.019+0000] {logging_mixin.py:190} INFO - [2026-02-21T12:41:56.016+0000] {dagbag.py:588} INFO - Filling up the DagBag from /home/airflow/.local/lib/python3.12/site-packages/airflow/example_dags/example_display_name.py
[2026-02-21T12:41:56.073+0000] {processor.py:925} INFO - DAG(s) 'example_display_name' retrieved from /home/airflow/.local/lib/python3.12/site-packages/airflow/example_dags/example_display_name.py
[2026-02-21T12:41:56.254+0000] {logging_mixin.py:190} INFO - [2026-02-21T12:41:56.253+0000] {dag.py:3239} INFO - Sync 1 DAGs
[2026-02-21T12:41:56.361+0000] {logging_mixin.py:190} INFO - [2026-02-21T12:41:56.360+0000] {dag.py:4180} INFO - Setting next_dagrun for example_display_name to None, run_after=None
[2026-02-21T12:41:56.500+0000] {processor.py:208} INFO - Processing /home/airflow/.local/lib/python3.12/site-packages/airflow/example_dags/example_display_name.py took 0.535 seconds
[2026-02-21T12:42:42.872+0000] {processor.py:186} INFO - Started process (PID=911) to work on /home/airflow/.local/lib/python3.12/site-packages/airflow/example_dags/example_display_name.py
[2026-02-21T12:42:42.894+0000] {processor.py:914} INFO - Processing file /home/airflow/.local/lib/python3.12/site-packages/airflow/example_dags/example_display_name.py for tasks to queue
[2026-02-21T12:42:42.912+0000] {logging_mixin.py:190} INFO - [2026-02-21T12:42:42.910+0000] {dagbag.py:588} INFO - Filling up the DagBag from /home/airflow/.local/lib/python3.12/site-packages/airflow/example_dags/example_display_name.py
[2026-02-21T12:42:43.039+0000] {processor.py:925} INFO - DAG(s) 'example_display_name' retrieved from /home/airflow/.local/lib/python3.12/site-packages/airflow/example_dags/example_display_name.py
[2026-02-21T12:42:43.177+0000] {logging_mixin.py:190} INFO - [2026-02-21T12:42:43.176+0000] {dag.py:3239} INFO - Sync 1 DAGs
[2026-02-21T12:42:43.333+0000] {logging_mixin.py:190} INFO - [2026-02-21T12:42:43.328+0000] {dag.py:4180} INFO - Setting next_dagrun for example_display_name to None, run_after=None
[2026-02-21T12:42:43.466+0000] {processor.py:208} INFO - Processing /home/airflow/.local/lib/python3.12/site-packages/airflow/example_dags/example_display_name.py took 0.658 seconds
[2026-02-21T12:53:54.302+0000] {processor.py:186} INFO - Started process (PID=941) to work on /home/airflow/.local/lib/python3.12/site-packages/airflow/example_dags/example_display_name.py
[2026-02-21T12:53:54.308+0000] {processor.py:914} INFO - Processing file /home/airflow/.local/lib/python3.12/site-packages/airflow/example_dags/example_display_name.py for tasks to queue
[2026-02-21T12:53:54.320+0000] {logging_mixin.py:190} INFO - [2026-02-21T12:53:54.318+0000] {dagbag.py:588} INFO - Filling up the DagBag from /home/airflow/.local/lib/python3.12/site-packages/airflow/example_dags/example_display_name.py
[2026-02-21T12:53:54.366+0000] {processor.py:925} INFO - DAG(s) 'example_display_name' retrieved from /home/airflow/.local/lib/python3.12/site-packages/airflow/example_dags/example_display_name.py
[2026-02-21T12:53:54.514+0000] {logging_mixin.py:190} INFO - [2026-02-21T12:53:54.512+0000] {dag.py:3239} INFO - Sync 1 DAGs
[2026-02-21T12:53:54.602+0000] {logging_mixin.py:190} INFO - [2026-02-21T12:53:54.601+0000] {dag.py:4180} INFO - Setting next_dagrun for example_display_name to None, run_after=None
[2026-02-21T12:53:54.706+0000] {processor.py:208} INFO - Processing /home/airflow/.local/lib/python3.12/site-packages/airflow/example_dags/example_display_name.py took 0.449 seconds
[2026-02-21T12:54:25.192+0000] {processor.py:186} INFO - Started process (PID=1006) to work on /home/airflow/.local/lib/python3.12/site-packages/airflow/example_dags/example_display_name.py
[2026-02-21T12:54:25.195+0000] {processor.py:914} INFO - Processing file /home/airflow/.local/lib/python3.12/site-packages/airflow/example_dags/example_display_name.py for tasks to queue
[2026-02-21T12:54:25.213+0000] {logging_mixin.py:190} INFO - [2026-02-21T12:54:25.211+0000] {dagbag.py:588} INFO - Filling up the DagBag from /home/airflow/.local/lib/python3.12/site-packages/airflow/example_dags/example_display_name.py
[2026-02-21T12:54:25.244+0000] {processor.py:925} INFO - DAG(s) 'example_display_name' retrieved from /home/airflow/.local/lib/python3.12/site-packages/airflow/example_dags/example_display_name.py
[2026-02-21T12:54:25.318+0000] {logging_mixin.py:190} INFO - [2026-02-21T12:54:25.317+0000] {dag.py:3239} INFO - Sync 1 DAGs
[2026-02-21T12:54:25.373+0000] {logging_mixin.py:190} INFO - [2026-02-21T12:54:25.372+0000] {dag.py:4180} INFO - Setting next_dagrun for example_display_name to None, run_after=None
[2026-02-21T12:54:25.460+0000] {processor.py:208} INFO - Processing /home/airflow/.local/lib/python3.12/site-packages/airflow/example_dags/example_display_name.py took 0.290 seconds
[2026-02-21T12:54:56.614+0000] {processor.py:186} INFO - Started process (PID=1071) to work on /home/airflow/.local/lib/python3.12/site-packages/airflow/example_dags/example_display_name.py
[2026-02-21T12:54:56.621+0000] {processor.py:914} INFO - Processing file /home/airflow/.local/lib/python3.12/site-packages/airflow/example_dags/example_display_name.py for tasks to queue
[2026-02-21T12:54:56.633+0000] {logging_mixin.py:190} INFO - [2026-02-21T12:54:56.631+0000] {dagbag.py:588} INFO - Filling up the DagBag from /home/airflow/.local/lib/python3.12/site-packages/airflow/example_dags/example_display_name.py
[2026-02-21T12:54:56.681+0000] {processor.py:925} INFO - DAG(s) 'example_display_name' retrieved from /home/airflow/.local/lib/python3.12/site-packages/airflow/example_dags/example_display_name.py
[2026-02-21T12:54:56.811+0000] {logging_mixin.py:190} INFO - [2026-02-21T12:54:56.810+0000] {dag.py:3239} INFO - Sync 1 DAGs
[2026-02-21T12:54:56.899+0000] {logging_mixin.py:190} INFO - [2026-02-21T12:54:56.897+0000] {dag.py:4180} INFO - Setting next_dagrun for example_display_name to None, run_after=None
[2026-02-21T12:54:57.006+0000] {processor.py:208} INFO - Processing /home/airflow/.local/lib/python3.12/site-packages/airflow/example_dags/example_display_name.py took 0.421 seconds
[2026-02-21T12:55:27.248+0000] {processor.py:186} INFO - Started process (PID=1135) to work on /home/airflow/.local/lib/python3.12/site-packages/airflow/example_dags/example_display_name.py
[2026-02-21T12:55:27.251+0000] {processor.py:914} INFO - Processing file /home/airflow/.local/lib/python3.12/site-packages/airflow/example_dags/example_display_name.py for tasks to queue
[2026-02-21T12:55:27.257+0000] {logging_mixin.py:190} INFO - [2026-02-21T12:55:27.257+0000] {dagbag.py:588} INFO - Filling up the DagBag from /home/airflow/.local/lib/python3.12/site-packages/airflow/example_dags/example_display_name.py
[2026-02-21T12:55:27.275+0000] {processor.py:925} INFO - DAG(s) 'example_display_name' retrieved from /home/airflow/.local/lib/python3.12/site-packages/airflow/example_dags/example_display_name.py
[2026-02-21T12:55:27.318+0000] {logging_mixin.py:190} INFO - [2026-02-21T12:55:27.318+0000] {dag.py:3239} INFO - Sync 1 DAGs
[2026-02-21T12:55:27.349+0000] {logging_mixin.py:190} INFO - [2026-02-21T12:55:27.349+0000] {dag.py:4180} INFO - Setting next_dagrun for example_display_name to None, run_after=None
[2026-02-21T12:55:27.395+0000] {processor.py:208} INFO - Processing /home/airflow/.local/lib/python3.12/site-packages/airflow/example_dags/example_display_name.py took 0.160 seconds
[2026-02-21T17:10:11.835+0000] {processor.py:186} INFO - Started process (PID=1180) to work on /home/airflow/.local/lib/python3.12/site-packages/airflow/example_dags/example_display_name.py
[2026-02-21T17:10:11.842+0000] {processor.py:914} INFO - Processing file /home/airflow/.local/lib/python3.12/site-packages/airflow/example_dags/example_display_name.py for tasks to queue
[2026-02-21T17:10:11.854+0000] {logging_mixin.py:190} INFO - [2026-02-21T17:10:11.852+0000] {dagbag.py:588} INFO - Filling up the DagBag from /home/airflow/.local/lib/python3.12/site-packages/airflow/example_dags/example_display_name.py
[2026-02-21T17:10:11.945+0000] {processor.py:925} INFO - DAG(s) 'example_display_name' retrieved from /home/airflow/.local/lib/python3.12/site-packages/airflow/example_dags/example_display_name.py
[2026-02-21T17:10:12.081+0000] {logging_mixin.py:190} INFO - [2026-02-21T17:10:12.081+0000] {dag.py:3239} INFO - Sync 1 DAGs
[2026-02-21T17:10:12.149+0000] {logging_mixin.py:190} INFO - [2026-02-21T17:10:12.148+0000] {dag.py:4180} INFO - Setting next_dagrun for example_display_name to None, run_after=None
[2026-02-21T17:10:12.242+0000] {processor.py:208} INFO - Processing /home/airflow/.local/lib/python3.12/site-packages/airflow/example_dags/example_display_name.py took 0.438 seconds
[2026-02-21T17:10:42.861+0000] {processor.py:186} INFO - Started process (PID=1245) to work on /home/airflow/.local/lib/python3.12/site-packages/airflow/example_dags/example_display_name.py
[2026-02-21T17:10:42.865+0000] {processor.py:914} INFO - Processing file /home/airflow/.local/lib/python3.12/site-packages/airflow/example_dags/example_display_name.py for tasks to queue
[2026-02-21T17:10:42.873+0000] {logging_mixin.py:190} INFO - [2026-02-21T17:10:42.872+0000] {dagbag.py:588} INFO - Filling up the DagBag from /home/airflow/.local/lib/python3.12/site-packages/airflow/example_dags/example_display_name.py
[2026-02-21T17:10:42.903+0000] {processor.py:925} INFO - DAG(s) 'example_display_name' retrieved from /home/airflow/.local/lib/python3.12/site-packages/airflow/example_dags/example_display_name.py
[2026-02-21T17:10:42.967+0000] {logging_mixin.py:190} INFO - [2026-02-21T17:10:42.966+0000] {dag.py:3239} INFO - Sync 1 DAGs
[2026-02-21T17:10:43.011+0000] {logging_mixin.py:190} INFO - [2026-02-21T17:10:43.010+0000] {dag.py:4180} INFO - Setting next_dagrun for example_display_name to None, run_after=None
[2026-02-21T17:10:43.073+0000] {processor.py:208} INFO - Processing /home/airflow/.local/lib/python3.12/site-packages/airflow/example_dags/example_display_name.py took 0.228 seconds
[2026-02-21T17:11:13.322+0000] {processor.py:186} INFO - Started process (PID=1310) to work on /home/airflow/.local/lib/python3.12/site-packages/airflow/example_dags/example_display_name.py
[2026-02-21T17:11:13.325+0000] {processor.py:914} INFO - Processing file /home/airflow/.local/lib/python3.12/site-packages/airflow/example_dags/example_display_name.py for tasks to queue
[2026-02-21T17:11:13.331+0000] {logging_mixin.py:190} INFO - [2026-02-21T17:11:13.330+0000] {dagbag.py:588} INFO - Filling up the DagBag from /home/airflow/.local/lib/python3.12/site-packages/airflow/example_dags/example_display_name.py
[2026-02-21T17:11:13.352+0000] {processor.py:925} INFO - DAG(s) 'example_display_name' retrieved from /home/airflow/.local/lib/python3.12/site-packages/airflow/example_dags/example_display_name.py
[2026-02-21T17:11:13.398+0000] {logging_mixin.py:190} INFO - [2026-02-21T17:11:13.397+0000] {dag.py:3239} INFO - Sync 1 DAGs
[2026-02-21T17:11:13.419+0000] {logging_mixin.py:190} INFO - [2026-02-21T17:11:13.418+0000] {dag.py:4180} INFO - Setting next_dagrun for example_display_name to None, run_after=None
[2026-02-21T17:11:13.444+0000] {processor.py:208} INFO - Processing /home/airflow/.local/lib/python3.12/site-packages/airflow/example_dags/example_display_name.py took 0.132 seconds
[2026-02-21T17:11:43.686+0000] {processor.py:186} INFO - Started process (PID=1375) to work on /home/airflow/.local/lib/python3.12/site-packages/airflow/example_dags/example_display_name.py
[2026-02-21T17:11:43.688+0000] {processor.py:914} INFO - Processing file /home/airflow/.local/lib/python3.12/site-packages/airflow/example_dags/example_display_name.py for tasks to queue
[2026-02-21T17:11:43.691+0000] {logging_mixin.py:190} INFO - [2026-02-21T17:11:43.691+0000] {dagbag.py:588} INFO - Filling up the DagBag from /home/airflow/.local/lib/python3.12/site-packages/airflow/example_dags/example_display_name.py
[2026-02-21T17:11:43.703+0000] {processor.py:925} INFO - DAG(s) 'example_display_name' retrieved from /home/airflow/.local/lib/python3.12/site-packages/airflow/example_dags/example_display_name.py
[2026-02-21T17:11:43.733+0000] {logging_mixin.py:190} INFO - [2026-02-21T17:11:43.732+0000] {dag.py:3239} INFO - Sync 1 DAGs
[2026-02-21T17:11:43.751+0000] {logging_mixin.py:190} INFO - [2026-02-21T17:11:43.750+0000] {dag.py:4180} INFO - Setting next_dagrun for example_display_name to None, run_after=None
[2026-02-21T17:11:43.777+0000] {processor.py:208} INFO - Processing /home/airflow/.local/lib/python3.12/site-packages/airflow/example_dags/example_display_name.py took 0.100 seconds
[2026-02-21T17:12:15.406+0000] {processor.py:186} INFO - Started process (PID=1438) to work on /home/airflow/.local/lib/python3.12/site-packages/airflow/example_dags/example_display_name.py
[2026-02-21T17:12:15.412+0000] {processor.py:914} INFO - Processing file /home/airflow/.local/lib/python3.12/site-packages/airflow/example_dags/example_display_name.py for tasks to queue
[2026-02-21T17:12:15.434+0000] {logging_mixin.py:190} INFO - [2026-02-21T17:12:15.431+0000] {dagbag.py:588} INFO - Filling up the DagBag from /home/airflow/.local/lib/python3.12/site-packages/airflow/example_dags/example_display_name.py
[2026-02-21T17:12:15.469+0000] {processor.py:925} INFO - DAG(s) 'example_display_name' retrieved from /home/airflow/.local/lib/python3.12/site-packages/airflow/example_dags/example_display_name.py
[2026-02-21T17:12:15.566+0000] {logging_mixin.py:190} INFO - [2026-02-21T17:12:15.565+0000] {dag.py:3239} INFO - Sync 1 DAGs
[2026-02-21T17:12:15.620+0000] {logging_mixin.py:190} INFO - [2026-02-21T17:12:15.620+0000] {dag.py:4180} INFO - Setting next_dagrun for example_display_name to None, run_after=None
[2026-02-21T17:12:15.690+0000] {processor.py:208} INFO - Processing /home/airflow/.local/lib/python3.12/site-packages/airflow/example_dags/example_display_name.py took 0.316 seconds
[2026-02-21T17:12:46.087+0000] {processor.py:186} INFO - Started process (PID=1504) to work on /home/airflow/.local/lib/python3.12/site-packages/airflow/example_dags/example_display_name.py
[2026-02-21T17:12:46.089+0000] {processor.py:914} INFO - Processing file /home/airflow/.local/lib/python3.12/site-packages/airflow/example_dags/example_display_name.py for tasks to queue
[2026-02-21T17:12:46.093+0000] {logging_mixin.py:190} INFO - [2026-02-21T17:12:46.092+0000] {dagbag.py:588} INFO - Filling up the DagBag from /home/airflow/.local/lib/python3.12/site-packages/airflow/example_dags/example_display_name.py
[2026-02-21T17:12:46.103+0000] {processor.py:925} INFO - DAG(s) 'example_display_name' retrieved from /home/airflow/.local/lib/python3.12/site-packages/airflow/example_dags/example_display_name.py
[2026-02-21T17:12:46.129+0000] {logging_mixin.py:190} INFO - [2026-02-21T17:12:46.128+0000] {dag.py:3239} INFO - Sync 1 DAGs
[2026-02-21T17:12:46.146+0000] {logging_mixin.py:190} INFO - [2026-02-21T17:12:46.146+0000] {dag.py:4180} INFO - Setting next_dagrun for example_display_name to None, run_after=None
[2026-02-21T17:12:46.175+0000] {processor.py:208} INFO - Processing /home/airflow/.local/lib/python3.12/site-packages/airflow/example_dags/example_display_name.py took 0.095 seconds
[2026-02-21T17:13:16.543+0000] {processor.py:186} INFO - Started process (PID=1563) to work on /home/airflow/.local/lib/python3.12/site-packages/airflow/example_dags/example_display_name.py
[2026-02-21T17:13:16.546+0000] {processor.py:914} INFO - Processing file /home/airflow/.local/lib/python3.12/site-packages/airflow/example_dags/example_display_name.py for tasks to queue
[2026-02-21T17:13:16.550+0000] {logging_mixin.py:190} INFO - [2026-02-21T17:13:16.549+0000] {dagbag.py:588} INFO - Filling up the DagBag from /home/airflow/.local/lib/python3.12/site-packages/airflow/example_dags/example_display_name.py
[2026-02-21T17:13:16.563+0000] {processor.py:925} INFO - DAG(s) 'example_display_name' retrieved from /home/airflow/.local/lib/python3.12/site-packages/airflow/example_dags/example_display_name.py
[2026-02-21T17:13:16.591+0000] {logging_mixin.py:190} INFO - [2026-02-21T17:13:16.591+0000] {dag.py:3239} INFO - Sync 1 DAGs
[2026-02-21T17:13:16.612+0000] {logging_mixin.py:190} INFO - [2026-02-21T17:13:16.612+0000] {dag.py:4180} INFO - Setting next_dagrun for example_display_name to None, run_after=None
[2026-02-21T17:13:16.642+0000] {processor.py:208} INFO - Processing /home/airflow/.local/lib/python3.12/site-packages/airflow/example_dags/example_display_name.py took 0.107 seconds
[2026-02-21T19:41:12.992+0000] {processor.py:186} INFO - Started process (PID=1627) to work on /home/airflow/.local/lib/python3.12/site-packages/airflow/example_dags/example_display_name.py
[2026-02-21T19:41:12.994+0000] {processor.py:914} INFO - Processing file /home/airflow/.local/lib/python3.12/site-packages/airflow/example_dags/example_display_name.py for tasks to queue
[2026-02-21T19:41:12.998+0000] {logging_mixin.py:190} INFO - [2026-02-21T19:41:12.998+0000] {dagbag.py:588} INFO - Filling up the DagBag from /home/airflow/.local/lib/python3.12/site-packages/airflow/example_dags/example_display_name.py
[2026-02-21T19:41:13.036+0000] {processor.py:925} INFO - DAG(s) 'example_display_name' retrieved from /home/airflow/.local/lib/python3.12/site-packages/airflow/example_dags/example_display_name.py
[2026-02-21T19:41:13.147+0000] {logging_mixin.py:190} INFO - [2026-02-21T19:41:13.147+0000] {dag.py:3239} INFO - Sync 1 DAGs
[2026-02-21T19:41:13.205+0000] {logging_mixin.py:190} INFO - [2026-02-21T19:41:13.205+0000] {dag.py:4180} INFO - Setting next_dagrun for example_display_name to None, run_after=None
[2026-02-21T19:41:13.297+0000] {processor.py:208} INFO - Processing /home/airflow/.local/lib/python3.12/site-packages/airflow/example_dags/example_display_name.py took 0.322 seconds
[2026-02-21T19:41:45.372+0000] {processor.py:186} INFO - Started process (PID=2284) to work on /home/airflow/.local/lib/python3.12/site-packages/airflow/example_dags/example_display_name.py
[2026-02-21T19:41:45.377+0000] {processor.py:914} INFO - Processing file /home/airflow/.local/lib/python3.12/site-packages/airflow/example_dags/example_display_name.py for tasks to queue
[2026-02-21T19:41:45.384+0000] {logging_mixin.py:190} INFO - [2026-02-21T19:41:45.382+0000] {dagbag.py:588} INFO - Filling up the DagBag from /home/airflow/.local/lib/python3.12/site-packages/airflow/example_dags/example_display_name.py
[2026-02-21T19:41:45.434+0000] {processor.py:925} INFO - DAG(s) 'example_display_name' retrieved from /home/airflow/.local/lib/python3.12/site-packages/airflow/example_dags/example_display_name.py
[2026-02-21T19:41:45.529+0000] {logging_mixin.py:190} INFO - [2026-02-21T19:41:45.528+0000] {dag.py:3239} INFO - Sync 1 DAGs
[2026-02-21T19:41:45.598+0000] {logging_mixin.py:190} INFO - [2026-02-21T19:41:45.597+0000] {dag.py:4180} INFO - Setting next_dagrun for example_display_name to None, run_after=None
[2026-02-21T19:41:45.684+0000] {processor.py:208} INFO - Processing /home/airflow/.local/lib/python3.12/site-packages/airflow/example_dags/example_display_name.py took 0.342 seconds
[2026-02-21T20:16:54.428+0000] {processor.py:186} INFO - Started process (PID=2352) to work on /home/airflow/.local/lib/python3.12/site-packages/airflow/example_dags/example_display_name.py
[2026-02-21T20:16:54.437+0000] {processor.py:914} INFO - Processing file /home/airflow/.local/lib/python3.12/site-packages/airflow/example_dags/example_display_name.py for tasks to queue
[2026-02-21T20:16:54.449+0000] {logging_mixin.py:190} INFO - [2026-02-21T20:16:54.446+0000] {dagbag.py:588} INFO - Filling up the DagBag from /home/airflow/.local/lib/python3.12/site-packages/airflow/example_dags/example_display_name.py
[2026-02-21T20:16:54.527+0000] {processor.py:925} INFO - DAG(s) 'example_display_name' retrieved from /home/airflow/.local/lib/python3.12/site-packages/airflow/example_dags/example_display_name.py
[2026-02-21T20:16:54.668+0000] {logging_mixin.py:190} INFO - [2026-02-21T20:16:54.666+0000] {dag.py:3239} INFO - Sync 1 DAGs
[2026-02-21T20:16:54.789+0000] {logging_mixin.py:190} INFO - [2026-02-21T20:16:54.788+0000] {dag.py:4180} INFO - Setting next_dagrun for example_display_name to None, run_after=None
[2026-02-21T20:16:54.927+0000] {processor.py:208} INFO - Processing /home/airflow/.local/lib/python3.12/site-packages/airflow/example_dags/example_display_name.py took 0.558 seconds
[2026-02-21T20:59:06.873+0000] {processor.py:186} INFO - Started process (PID=2384) to work on /home/airflow/.local/lib/python3.12/site-packages/airflow/example_dags/example_display_name.py
[2026-02-21T20:59:06.890+0000] {processor.py:914} INFO - Processing file /home/airflow/.local/lib/python3.12/site-packages/airflow/example_dags/example_display_name.py for tasks to queue
[2026-02-21T20:59:06.928+0000] {logging_mixin.py:190} INFO - [2026-02-21T20:59:06.926+0000] {dagbag.py:588} INFO - Filling up the DagBag from /home/airflow/.local/lib/python3.12/site-packages/airflow/example_dags/example_display_name.py
[2026-02-21T20:59:07.187+0000] {processor.py:925} INFO - DAG(s) 'example_display_name' retrieved from /home/airflow/.local/lib/python3.12/site-packages/airflow/example_dags/example_display_name.py
[2026-02-21T20:59:07.704+0000] {logging_mixin.py:190} INFO - [2026-02-21T20:59:07.702+0000] {dag.py:3239} INFO - Sync 1 DAGs
[2026-02-21T20:59:07.994+0000] {logging_mixin.py:190} INFO - [2026-02-21T20:59:07.981+0000] {dag.py:4180} INFO - Setting next_dagrun for example_display_name to None, run_after=None
[2026-02-21T20:59:08.329+0000] {processor.py:208} INFO - Processing /home/airflow/.local/lib/python3.12/site-packages/airflow/example_dags/example_display_name.py took 1.547 seconds
[2026-02-21T21:00:18.533+0000] {processor.py:186} INFO - Started process (PID=2455) to work on /home/airflow/.local/lib/python3.12/site-packages/airflow/example_dags/example_display_name.py
[2026-02-21T21:00:18.545+0000] {processor.py:914} INFO - Processing file /home/airflow/.local/lib/python3.12/site-packages/airflow/example_dags/example_display_name.py for tasks to queue
[2026-02-21T21:00:18.570+0000] {logging_mixin.py:190} INFO - [2026-02-21T21:00:18.568+0000] {dagbag.py:588} INFO - Filling up the DagBag from /home/airflow/.local/lib/python3.12/site-packages/airflow/example_dags/example_display_name.py
[2026-02-21T21:00:18.649+0000] {processor.py:925} INFO - DAG(s) 'example_display_name' retrieved from /home/airflow/.local/lib/python3.12/site-packages/airflow/example_dags/example_display_name.py
[2026-02-21T21:00:18.845+0000] {logging_mixin.py:190} INFO - [2026-02-21T21:00:18.844+0000] {dag.py:3239} INFO - Sync 1 DAGs
[2026-02-21T21:00:19.016+0000] {logging_mixin.py:190} INFO - [2026-02-21T21:00:19.014+0000] {dag.py:4180} INFO - Setting next_dagrun for example_display_name to None, run_after=None
[2026-02-21T21:00:19.297+0000] {processor.py:208} INFO - Processing /home/airflow/.local/lib/python3.12/site-packages/airflow/example_dags/example_display_name.py took 0.844 seconds
[2026-02-21T21:01:11.011+0000] {processor.py:186} INFO - Started process (PID=2525) to work on /home/airflow/.local/lib/python3.12/site-packages/airflow/example_dags/example_display_name.py
[2026-02-21T21:01:11.047+0000] {processor.py:914} INFO - Processing file /home/airflow/.local/lib/python3.12/site-packages/airflow/example_dags/example_display_name.py for tasks to queue
[2026-02-21T21:01:11.098+0000] {logging_mixin.py:190} INFO - [2026-02-21T21:01:11.089+0000] {dagbag.py:588} INFO - Filling up the DagBag from /home/airflow/.local/lib/python3.12/site-packages/airflow/example_dags/example_display_name.py
[2026-02-21T21:01:11.302+0000] {processor.py:925} INFO - DAG(s) 'example_display_name' retrieved from /home/airflow/.local/lib/python3.12/site-packages/airflow/example_dags/example_display_name.py
[2026-02-21T21:01:11.472+0000] {logging_mixin.py:190} INFO - [2026-02-21T21:01:11.467+0000] {dag.py:3239} INFO - Sync 1 DAGs
[2026-02-21T21:01:11.630+0000] {logging_mixin.py:190} INFO - [2026-02-21T21:01:11.629+0000] {dag.py:4180} INFO - Setting next_dagrun for example_display_name to None, run_after=None
[2026-02-21T21:01:11.940+0000] {processor.py:208} INFO - Processing /home/airflow/.local/lib/python3.12/site-packages/airflow/example_dags/example_display_name.py took 0.984 seconds
[2026-02-21T21:09:24.532+0000] {processor.py:186} INFO - Started process (PID=2555) to work on /home/airflow/.local/lib/python3.12/site-packages/airflow/example_dags/example_display_name.py
[2026-02-21T21:09:24.565+0000] {processor.py:914} INFO - Processing file /home/airflow/.local/lib/python3.12/site-packages/airflow/example_dags/example_display_name.py for tasks to queue
[2026-02-21T21:09:24.615+0000] {logging_mixin.py:190} INFO - [2026-02-21T21:09:24.613+0000] {dagbag.py:588} INFO - Filling up the DagBag from /home/airflow/.local/lib/python3.12/site-packages/airflow/example_dags/example_display_name.py
[2026-02-21T21:09:24.820+0000] {processor.py:925} INFO - DAG(s) 'example_display_name' retrieved from /home/airflow/.local/lib/python3.12/site-packages/airflow/example_dags/example_display_name.py
[2026-02-21T21:09:25.289+0000] {logging_mixin.py:190} INFO - [2026-02-21T21:09:25.287+0000] {dag.py:3239} INFO - Sync 1 DAGs
[2026-02-21T21:09:25.497+0000] {logging_mixin.py:190} INFO - [2026-02-21T21:09:25.486+0000] {dag.py:4180} INFO - Setting next_dagrun for example_display_name to None, run_after=None
[2026-02-21T21:09:25.724+0000] {processor.py:208} INFO - Processing /home/airflow/.local/lib/python3.12/site-packages/airflow/example_dags/example_display_name.py took 1.327 seconds
[2026-02-21T21:34:10.126+0000] {processor.py:186} INFO - Started process (PID=2602) to work on /home/airflow/.local/lib/python3.12/site-packages/airflow/example_dags/example_display_name.py
[2026-02-21T21:34:10.142+0000] {processor.py:914} INFO - Processing file /home/airflow/.local/lib/python3.12/site-packages/airflow/example_dags/example_display_name.py for tasks to queue
[2026-02-21T21:34:10.156+0000] {logging_mixin.py:190} INFO - [2026-02-21T21:34:10.153+0000] {dagbag.py:588} INFO - Filling up the DagBag from /home/airflow/.local/lib/python3.12/site-packages/airflow/example_dags/example_display_name.py
[2026-02-21T21:34:10.315+0000] {processor.py:925} INFO - DAG(s) 'example_display_name' retrieved from /home/airflow/.local/lib/python3.12/site-packages/airflow/example_dags/example_display_name.py
[2026-02-21T21:34:10.734+0000] {logging_mixin.py:190} INFO - [2026-02-21T21:34:10.724+0000] {dag.py:3239} INFO - Sync 1 DAGs
[2026-02-21T21:34:10.915+0000] {logging_mixin.py:190} INFO - [2026-02-21T21:34:10.913+0000] {dag.py:4180} INFO - Setting next_dagrun for example_display_name to None, run_after=None
[2026-02-21T21:34:11.133+0000] {processor.py:208} INFO - Processing /home/airflow/.local/lib/python3.12/site-packages/airflow/example_dags/example_display_name.py took 1.067 seconds
[2026-02-21T21:35:43.880+0000] {processor.py:186} INFO - Started process (PID=2670) to work on /home/airflow/.local/lib/python3.12/site-packages/airflow/example_dags/example_display_name.py
[2026-02-21T21:35:43.895+0000] {processor.py:914} INFO - Processing file /home/airflow/.local/lib/python3.12/site-packages/airflow/example_dags/example_display_name.py for tasks to queue
[2026-02-21T21:35:43.916+0000] {logging_mixin.py:190} INFO - [2026-02-21T21:35:43.914+0000] {dagbag.py:588} INFO - Filling up the DagBag from /home/airflow/.local/lib/python3.12/site-packages/airflow/example_dags/example_display_name.py
[2026-02-21T21:35:44.044+0000] {processor.py:925} INFO - DAG(s) 'example_display_name' retrieved from /home/airflow/.local/lib/python3.12/site-packages/airflow/example_dags/example_display_name.py
[2026-02-21T21:35:44.337+0000] {logging_mixin.py:190} INFO - [2026-02-21T21:35:44.322+0000] {dag.py:3239} INFO - Sync 1 DAGs
[2026-02-21T21:35:44.638+0000] {logging_mixin.py:190} INFO - [2026-02-21T21:35:44.637+0000] {dag.py:4180} INFO - Setting next_dagrun for example_display_name to None, run_after=None
[2026-02-21T21:35:44.878+0000] {processor.py:208} INFO - Processing /home/airflow/.local/lib/python3.12/site-packages/airflow/example_dags/example_display_name.py took 1.099 seconds
