[2026-02-21T12:34:26.952+0000] {processor.py:186} INFO - Started process (PID=107) to work on /home/airflow/.local/lib/python3.12/site-packages/airflow/example_dags/tutorial_objectstorage.py
[2026-02-21T12:34:26.955+0000] {processor.py:914} INFO - Processing file /home/airflow/.local/lib/python3.12/site-packages/airflow/example_dags/tutorial_objectstorage.py for tasks to queue
[2026-02-21T12:34:26.967+0000] {logging_mixin.py:190} INFO - [2026-02-21T12:34:26.965+0000] {dagbag.py:588} INFO - Filling up the DagBag from /home/airflow/.local/lib/python3.12/site-packages/airflow/example_dags/tutorial_objectstorage.py
[2026-02-21T12:34:26.998+0000] {processor.py:925} INFO - DAG(s) 'tutorial_objectstorage' retrieved from /home/airflow/.local/lib/python3.12/site-packages/airflow/example_dags/tutorial_objectstorage.py
[2026-02-21T12:34:27.071+0000] {logging_mixin.py:190} INFO - [2026-02-21T12:34:27.070+0000] {dag.py:3239} INFO - Sync 1 DAGs
[2026-02-21T12:34:27.117+0000] {logging_mixin.py:190} INFO - [2026-02-21T12:34:27.116+0000] {dag.py:4180} INFO - Setting next_dagrun for tutorial_objectstorage to None, run_after=None
[2026-02-21T12:34:27.177+0000] {processor.py:208} INFO - Processing /home/airflow/.local/lib/python3.12/site-packages/airflow/example_dags/tutorial_objectstorage.py took 0.246 seconds
[2026-02-21T12:34:57.944+0000] {processor.py:186} INFO - Started process (PID=172) to work on /home/airflow/.local/lib/python3.12/site-packages/airflow/example_dags/tutorial_objectstorage.py
[2026-02-21T12:34:57.946+0000] {processor.py:914} INFO - Processing file /home/airflow/.local/lib/python3.12/site-packages/airflow/example_dags/tutorial_objectstorage.py for tasks to queue
[2026-02-21T12:34:57.949+0000] {logging_mixin.py:190} INFO - [2026-02-21T12:34:57.949+0000] {dagbag.py:588} INFO - Filling up the DagBag from /home/airflow/.local/lib/python3.12/site-packages/airflow/example_dags/tutorial_objectstorage.py
[2026-02-21T12:34:57.961+0000] {processor.py:925} INFO - DAG(s) 'tutorial_objectstorage' retrieved from /home/airflow/.local/lib/python3.12/site-packages/airflow/example_dags/tutorial_objectstorage.py
[2026-02-21T12:34:57.986+0000] {logging_mixin.py:190} INFO - [2026-02-21T12:34:57.986+0000] {dag.py:3239} INFO - Sync 1 DAGs
[2026-02-21T12:34:58.003+0000] {logging_mixin.py:190} INFO - [2026-02-21T12:34:58.002+0000] {dag.py:4180} INFO - Setting next_dagrun for tutorial_objectstorage to None, run_after=None
[2026-02-21T12:34:58.028+0000] {processor.py:208} INFO - Processing /home/airflow/.local/lib/python3.12/site-packages/airflow/example_dags/tutorial_objectstorage.py took 0.091 seconds
[2026-02-21T12:35:28.593+0000] {processor.py:186} INFO - Started process (PID=236) to work on /home/airflow/.local/lib/python3.12/site-packages/airflow/example_dags/tutorial_objectstorage.py
[2026-02-21T12:35:28.595+0000] {processor.py:914} INFO - Processing file /home/airflow/.local/lib/python3.12/site-packages/airflow/example_dags/tutorial_objectstorage.py for tasks to queue
[2026-02-21T12:35:28.599+0000] {logging_mixin.py:190} INFO - [2026-02-21T12:35:28.598+0000] {dagbag.py:588} INFO - Filling up the DagBag from /home/airflow/.local/lib/python3.12/site-packages/airflow/example_dags/tutorial_objectstorage.py
[2026-02-21T12:35:28.614+0000] {processor.py:925} INFO - DAG(s) 'tutorial_objectstorage' retrieved from /home/airflow/.local/lib/python3.12/site-packages/airflow/example_dags/tutorial_objectstorage.py
[2026-02-21T12:35:28.648+0000] {logging_mixin.py:190} INFO - [2026-02-21T12:35:28.648+0000] {dag.py:3239} INFO - Sync 1 DAGs
[2026-02-21T12:35:28.673+0000] {logging_mixin.py:190} INFO - [2026-02-21T12:35:28.672+0000] {dag.py:4180} INFO - Setting next_dagrun for tutorial_objectstorage to None, run_after=None
[2026-02-21T12:35:28.708+0000] {processor.py:208} INFO - Processing /home/airflow/.local/lib/python3.12/site-packages/airflow/example_dags/tutorial_objectstorage.py took 0.125 seconds
[2026-02-21T12:36:16.396+0000] {processor.py:186} INFO - Started process (PID=309) to work on /home/airflow/.local/lib/python3.12/site-packages/airflow/example_dags/tutorial_objectstorage.py
[2026-02-21T12:36:16.406+0000] {processor.py:914} INFO - Processing file /home/airflow/.local/lib/python3.12/site-packages/airflow/example_dags/tutorial_objectstorage.py for tasks to queue
[2026-02-21T12:36:16.424+0000] {logging_mixin.py:190} INFO - [2026-02-21T12:36:16.422+0000] {dagbag.py:588} INFO - Filling up the DagBag from /home/airflow/.local/lib/python3.12/site-packages/airflow/example_dags/tutorial_objectstorage.py
[2026-02-21T12:36:16.495+0000] {processor.py:925} INFO - DAG(s) 'tutorial_objectstorage' retrieved from /home/airflow/.local/lib/python3.12/site-packages/airflow/example_dags/tutorial_objectstorage.py
[2026-02-21T12:36:16.593+0000] {logging_mixin.py:190} INFO - [2026-02-21T12:36:16.591+0000] {dag.py:3239} INFO - Sync 1 DAGs
[2026-02-21T12:36:16.687+0000] {logging_mixin.py:190} INFO - [2026-02-21T12:36:16.686+0000] {dag.py:4180} INFO - Setting next_dagrun for tutorial_objectstorage to None, run_after=None
[2026-02-21T12:36:16.798+0000] {processor.py:208} INFO - Processing /home/airflow/.local/lib/python3.12/site-packages/airflow/example_dags/tutorial_objectstorage.py took 0.430 seconds
[2026-02-21T12:37:00.011+0000] {processor.py:186} INFO - Started process (PID=387) to work on /home/airflow/.local/lib/python3.12/site-packages/airflow/example_dags/tutorial_objectstorage.py
[2026-02-21T12:37:00.016+0000] {processor.py:914} INFO - Processing file /home/airflow/.local/lib/python3.12/site-packages/airflow/example_dags/tutorial_objectstorage.py for tasks to queue
[2026-02-21T12:37:00.026+0000] {logging_mixin.py:190} INFO - [2026-02-21T12:37:00.025+0000] {dagbag.py:588} INFO - Filling up the DagBag from /home/airflow/.local/lib/python3.12/site-packages/airflow/example_dags/tutorial_objectstorage.py
[2026-02-21T12:37:00.075+0000] {processor.py:925} INFO - DAG(s) 'tutorial_objectstorage' retrieved from /home/airflow/.local/lib/python3.12/site-packages/airflow/example_dags/tutorial_objectstorage.py
[2026-02-21T12:37:00.175+0000] {logging_mixin.py:190} INFO - [2026-02-21T12:37:00.174+0000] {dag.py:3239} INFO - Sync 1 DAGs
[2026-02-21T12:37:00.274+0000] {logging_mixin.py:190} INFO - [2026-02-21T12:37:00.274+0000] {dag.py:4180} INFO - Setting next_dagrun for tutorial_objectstorage to None, run_after=None
[2026-02-21T12:37:00.411+0000] {processor.py:208} INFO - Processing /home/airflow/.local/lib/python3.12/site-packages/airflow/example_dags/tutorial_objectstorage.py took 0.430 seconds
[2026-02-21T12:37:31.919+0000] {processor.py:186} INFO - Started process (PID=452) to work on /home/airflow/.local/lib/python3.12/site-packages/airflow/example_dags/tutorial_objectstorage.py
[2026-02-21T12:37:31.921+0000] {processor.py:914} INFO - Processing file /home/airflow/.local/lib/python3.12/site-packages/airflow/example_dags/tutorial_objectstorage.py for tasks to queue
[2026-02-21T12:37:31.928+0000] {logging_mixin.py:190} INFO - [2026-02-21T12:37:31.926+0000] {dagbag.py:588} INFO - Filling up the DagBag from /home/airflow/.local/lib/python3.12/site-packages/airflow/example_dags/tutorial_objectstorage.py
[2026-02-21T12:37:31.953+0000] {processor.py:925} INFO - DAG(s) 'tutorial_objectstorage' retrieved from /home/airflow/.local/lib/python3.12/site-packages/airflow/example_dags/tutorial_objectstorage.py
[2026-02-21T12:37:32.024+0000] {logging_mixin.py:190} INFO - [2026-02-21T12:37:32.023+0000] {dag.py:3239} INFO - Sync 1 DAGs
[2026-02-21T12:37:32.086+0000] {logging_mixin.py:190} INFO - [2026-02-21T12:37:32.086+0000] {dag.py:4180} INFO - Setting next_dagrun for tutorial_objectstorage to None, run_after=None
[2026-02-21T12:37:32.145+0000] {processor.py:208} INFO - Processing /home/airflow/.local/lib/python3.12/site-packages/airflow/example_dags/tutorial_objectstorage.py took 0.244 seconds
[2026-02-21T12:38:04.575+0000] {processor.py:186} INFO - Started process (PID=517) to work on /home/airflow/.local/lib/python3.12/site-packages/airflow/example_dags/tutorial_objectstorage.py
[2026-02-21T12:38:04.578+0000] {processor.py:914} INFO - Processing file /home/airflow/.local/lib/python3.12/site-packages/airflow/example_dags/tutorial_objectstorage.py for tasks to queue
[2026-02-21T12:38:04.587+0000] {logging_mixin.py:190} INFO - [2026-02-21T12:38:04.586+0000] {dagbag.py:588} INFO - Filling up the DagBag from /home/airflow/.local/lib/python3.12/site-packages/airflow/example_dags/tutorial_objectstorage.py
[2026-02-21T12:38:04.619+0000] {processor.py:925} INFO - DAG(s) 'tutorial_objectstorage' retrieved from /home/airflow/.local/lib/python3.12/site-packages/airflow/example_dags/tutorial_objectstorage.py
[2026-02-21T12:38:04.678+0000] {logging_mixin.py:190} INFO - [2026-02-21T12:38:04.677+0000] {dag.py:3239} INFO - Sync 1 DAGs
[2026-02-21T12:38:04.724+0000] {logging_mixin.py:190} INFO - [2026-02-21T12:38:04.723+0000] {dag.py:4180} INFO - Setting next_dagrun for tutorial_objectstorage to None, run_after=None
[2026-02-21T12:38:04.788+0000] {processor.py:208} INFO - Processing /home/airflow/.local/lib/python3.12/site-packages/airflow/example_dags/tutorial_objectstorage.py took 0.232 seconds
[2026-02-21T12:38:36.628+0000] {processor.py:186} INFO - Started process (PID=585) to work on /home/airflow/.local/lib/python3.12/site-packages/airflow/example_dags/tutorial_objectstorage.py
[2026-02-21T12:38:36.632+0000] {processor.py:914} INFO - Processing file /home/airflow/.local/lib/python3.12/site-packages/airflow/example_dags/tutorial_objectstorage.py for tasks to queue
[2026-02-21T12:38:36.638+0000] {logging_mixin.py:190} INFO - [2026-02-21T12:38:36.637+0000] {dagbag.py:588} INFO - Filling up the DagBag from /home/airflow/.local/lib/python3.12/site-packages/airflow/example_dags/tutorial_objectstorage.py
[2026-02-21T12:38:36.662+0000] {processor.py:925} INFO - DAG(s) 'tutorial_objectstorage' retrieved from /home/airflow/.local/lib/python3.12/site-packages/airflow/example_dags/tutorial_objectstorage.py
[2026-02-21T12:38:36.715+0000] {logging_mixin.py:190} INFO - [2026-02-21T12:38:36.714+0000] {dag.py:3239} INFO - Sync 1 DAGs
[2026-02-21T12:38:36.756+0000] {logging_mixin.py:190} INFO - [2026-02-21T12:38:36.755+0000] {dag.py:4180} INFO - Setting next_dagrun for tutorial_objectstorage to None, run_after=None
[2026-02-21T12:38:36.816+0000] {processor.py:208} INFO - Processing /home/airflow/.local/lib/python3.12/site-packages/airflow/example_dags/tutorial_objectstorage.py took 0.203 seconds
[2026-02-21T12:39:14.763+0000] {processor.py:186} INFO - Started process (PID=658) to work on /home/airflow/.local/lib/python3.12/site-packages/airflow/example_dags/tutorial_objectstorage.py
[2026-02-21T12:39:14.766+0000] {processor.py:914} INFO - Processing file /home/airflow/.local/lib/python3.12/site-packages/airflow/example_dags/tutorial_objectstorage.py for tasks to queue
[2026-02-21T12:39:14.776+0000] {logging_mixin.py:190} INFO - [2026-02-21T12:39:14.774+0000] {dagbag.py:588} INFO - Filling up the DagBag from /home/airflow/.local/lib/python3.12/site-packages/airflow/example_dags/tutorial_objectstorage.py
[2026-02-21T12:39:14.816+0000] {processor.py:925} INFO - DAG(s) 'tutorial_objectstorage' retrieved from /home/airflow/.local/lib/python3.12/site-packages/airflow/example_dags/tutorial_objectstorage.py
[2026-02-21T12:39:14.898+0000] {logging_mixin.py:190} INFO - [2026-02-21T12:39:14.897+0000] {dag.py:3239} INFO - Sync 1 DAGs
[2026-02-21T12:39:14.961+0000] {logging_mixin.py:190} INFO - [2026-02-21T12:39:14.960+0000] {dag.py:4180} INFO - Setting next_dagrun for tutorial_objectstorage to None, run_after=None
[2026-02-21T12:39:15.039+0000] {processor.py:208} INFO - Processing /home/airflow/.local/lib/python3.12/site-packages/airflow/example_dags/tutorial_objectstorage.py took 0.301 seconds
[2026-02-21T12:41:21.604+0000] {processor.py:186} INFO - Started process (PID=773) to work on /home/airflow/.local/lib/python3.12/site-packages/airflow/example_dags/tutorial_objectstorage.py
[2026-02-21T12:41:21.614+0000] {processor.py:914} INFO - Processing file /home/airflow/.local/lib/python3.12/site-packages/airflow/example_dags/tutorial_objectstorage.py for tasks to queue
[2026-02-21T12:41:21.627+0000] {logging_mixin.py:190} INFO - [2026-02-21T12:41:21.624+0000] {dagbag.py:588} INFO - Filling up the DagBag from /home/airflow/.local/lib/python3.12/site-packages/airflow/example_dags/tutorial_objectstorage.py
[2026-02-21T12:41:21.692+0000] {processor.py:925} INFO - DAG(s) 'tutorial_objectstorage' retrieved from /home/airflow/.local/lib/python3.12/site-packages/airflow/example_dags/tutorial_objectstorage.py
[2026-02-21T12:41:21.814+0000] {logging_mixin.py:190} INFO - [2026-02-21T12:41:21.813+0000] {dag.py:3239} INFO - Sync 1 DAGs
[2026-02-21T12:41:21.920+0000] {logging_mixin.py:190} INFO - [2026-02-21T12:41:21.918+0000] {dag.py:4180} INFO - Setting next_dagrun for tutorial_objectstorage to None, run_after=None
[2026-02-21T12:41:22.046+0000] {processor.py:208} INFO - Processing /home/airflow/.local/lib/python3.12/site-packages/airflow/example_dags/tutorial_objectstorage.py took 0.470 seconds
[2026-02-21T12:41:52.772+0000] {processor.py:186} INFO - Started process (PID=838) to work on /home/airflow/.local/lib/python3.12/site-packages/airflow/example_dags/tutorial_objectstorage.py
[2026-02-21T12:41:52.781+0000] {processor.py:914} INFO - Processing file /home/airflow/.local/lib/python3.12/site-packages/airflow/example_dags/tutorial_objectstorage.py for tasks to queue
[2026-02-21T12:41:52.787+0000] {logging_mixin.py:190} INFO - [2026-02-21T12:41:52.785+0000] {dagbag.py:588} INFO - Filling up the DagBag from /home/airflow/.local/lib/python3.12/site-packages/airflow/example_dags/tutorial_objectstorage.py
[2026-02-21T12:41:52.841+0000] {processor.py:925} INFO - DAG(s) 'tutorial_objectstorage' retrieved from /home/airflow/.local/lib/python3.12/site-packages/airflow/example_dags/tutorial_objectstorage.py
[2026-02-21T12:41:52.932+0000] {logging_mixin.py:190} INFO - [2026-02-21T12:41:52.931+0000] {dag.py:3239} INFO - Sync 1 DAGs
[2026-02-21T12:41:53.026+0000] {logging_mixin.py:190} INFO - [2026-02-21T12:41:53.025+0000] {dag.py:4180} INFO - Setting next_dagrun for tutorial_objectstorage to None, run_after=None
[2026-02-21T12:41:53.121+0000] {processor.py:208} INFO - Processing /home/airflow/.local/lib/python3.12/site-packages/airflow/example_dags/tutorial_objectstorage.py took 0.375 seconds
[2026-02-21T12:42:37.922+0000] {processor.py:186} INFO - Started process (PID=906) to work on /home/airflow/.local/lib/python3.12/site-packages/airflow/example_dags/tutorial_objectstorage.py
[2026-02-21T12:42:37.940+0000] {processor.py:914} INFO - Processing file /home/airflow/.local/lib/python3.12/site-packages/airflow/example_dags/tutorial_objectstorage.py for tasks to queue
[2026-02-21T12:42:37.959+0000] {logging_mixin.py:190} INFO - [2026-02-21T12:42:37.958+0000] {dagbag.py:588} INFO - Filling up the DagBag from /home/airflow/.local/lib/python3.12/site-packages/airflow/example_dags/tutorial_objectstorage.py
[2026-02-21T12:42:38.197+0000] {processor.py:925} INFO - DAG(s) 'tutorial_objectstorage' retrieved from /home/airflow/.local/lib/python3.12/site-packages/airflow/example_dags/tutorial_objectstorage.py
[2026-02-21T12:42:38.518+0000] {logging_mixin.py:190} INFO - [2026-02-21T12:42:38.517+0000] {dag.py:3239} INFO - Sync 1 DAGs
[2026-02-21T12:42:38.786+0000] {logging_mixin.py:190} INFO - [2026-02-21T12:42:38.785+0000] {dag.py:4180} INFO - Setting next_dagrun for tutorial_objectstorage to None, run_after=None
[2026-02-21T12:42:39.069+0000] {processor.py:208} INFO - Processing /home/airflow/.local/lib/python3.12/site-packages/airflow/example_dags/tutorial_objectstorage.py took 1.218 seconds
[2026-02-21T12:54:11.843+0000] {processor.py:186} INFO - Started process (PID=990) to work on /home/airflow/.local/lib/python3.12/site-packages/airflow/example_dags/tutorial_objectstorage.py
[2026-02-21T12:54:11.846+0000] {processor.py:914} INFO - Processing file /home/airflow/.local/lib/python3.12/site-packages/airflow/example_dags/tutorial_objectstorage.py for tasks to queue
[2026-02-21T12:54:11.851+0000] {logging_mixin.py:190} INFO - [2026-02-21T12:54:11.851+0000] {dagbag.py:588} INFO - Filling up the DagBag from /home/airflow/.local/lib/python3.12/site-packages/airflow/example_dags/tutorial_objectstorage.py
[2026-02-21T12:54:11.868+0000] {processor.py:925} INFO - DAG(s) 'tutorial_objectstorage' retrieved from /home/airflow/.local/lib/python3.12/site-packages/airflow/example_dags/tutorial_objectstorage.py
[2026-02-21T12:54:11.905+0000] {logging_mixin.py:190} INFO - [2026-02-21T12:54:11.904+0000] {dag.py:3239} INFO - Sync 1 DAGs
[2026-02-21T12:54:11.928+0000] {logging_mixin.py:190} INFO - [2026-02-21T12:54:11.928+0000] {dag.py:4180} INFO - Setting next_dagrun for tutorial_objectstorage to None, run_after=None
[2026-02-21T12:54:11.965+0000] {processor.py:208} INFO - Processing /home/airflow/.local/lib/python3.12/site-packages/airflow/example_dags/tutorial_objectstorage.py took 0.132 seconds
[2026-02-21T12:54:43.446+0000] {processor.py:186} INFO - Started process (PID=1056) to work on /home/airflow/.local/lib/python3.12/site-packages/airflow/example_dags/tutorial_objectstorage.py
[2026-02-21T12:54:43.449+0000] {processor.py:914} INFO - Processing file /home/airflow/.local/lib/python3.12/site-packages/airflow/example_dags/tutorial_objectstorage.py for tasks to queue
[2026-02-21T12:54:43.454+0000] {logging_mixin.py:190} INFO - [2026-02-21T12:54:43.454+0000] {dagbag.py:588} INFO - Filling up the DagBag from /home/airflow/.local/lib/python3.12/site-packages/airflow/example_dags/tutorial_objectstorage.py
[2026-02-21T12:54:43.483+0000] {processor.py:925} INFO - DAG(s) 'tutorial_objectstorage' retrieved from /home/airflow/.local/lib/python3.12/site-packages/airflow/example_dags/tutorial_objectstorage.py
[2026-02-21T12:54:43.532+0000] {logging_mixin.py:190} INFO - [2026-02-21T12:54:43.532+0000] {dag.py:3239} INFO - Sync 1 DAGs
[2026-02-21T12:54:43.568+0000] {logging_mixin.py:190} INFO - [2026-02-21T12:54:43.567+0000] {dag.py:4180} INFO - Setting next_dagrun for tutorial_objectstorage to None, run_after=None
[2026-02-21T12:54:43.613+0000] {processor.py:208} INFO - Processing /home/airflow/.local/lib/python3.12/site-packages/airflow/example_dags/tutorial_objectstorage.py took 0.185 seconds
[2026-02-21T12:55:20.429+0000] {processor.py:186} INFO - Started process (PID=1125) to work on /home/airflow/.local/lib/python3.12/site-packages/airflow/example_dags/tutorial_objectstorage.py
[2026-02-21T12:55:20.432+0000] {processor.py:914} INFO - Processing file /home/airflow/.local/lib/python3.12/site-packages/airflow/example_dags/tutorial_objectstorage.py for tasks to queue
[2026-02-21T12:55:20.438+0000] {logging_mixin.py:190} INFO - [2026-02-21T12:55:20.437+0000] {dagbag.py:588} INFO - Filling up the DagBag from /home/airflow/.local/lib/python3.12/site-packages/airflow/example_dags/tutorial_objectstorage.py
[2026-02-21T12:55:20.461+0000] {processor.py:925} INFO - DAG(s) 'tutorial_objectstorage' retrieved from /home/airflow/.local/lib/python3.12/site-packages/airflow/example_dags/tutorial_objectstorage.py
[2026-02-21T12:55:20.505+0000] {logging_mixin.py:190} INFO - [2026-02-21T12:55:20.504+0000] {dag.py:3239} INFO - Sync 1 DAGs
[2026-02-21T12:55:20.535+0000] {logging_mixin.py:190} INFO - [2026-02-21T12:55:20.534+0000] {dag.py:4180} INFO - Setting next_dagrun for tutorial_objectstorage to None, run_after=None
[2026-02-21T12:55:20.582+0000] {processor.py:208} INFO - Processing /home/airflow/.local/lib/python3.12/site-packages/airflow/example_dags/tutorial_objectstorage.py took 0.166 seconds
[2026-02-21T17:10:27.595+0000] {processor.py:186} INFO - Started process (PID=1229) to work on /home/airflow/.local/lib/python3.12/site-packages/airflow/example_dags/tutorial_objectstorage.py
[2026-02-21T17:10:27.597+0000] {processor.py:914} INFO - Processing file /home/airflow/.local/lib/python3.12/site-packages/airflow/example_dags/tutorial_objectstorage.py for tasks to queue
[2026-02-21T17:10:27.603+0000] {logging_mixin.py:190} INFO - [2026-02-21T17:10:27.603+0000] {dagbag.py:588} INFO - Filling up the DagBag from /home/airflow/.local/lib/python3.12/site-packages/airflow/example_dags/tutorial_objectstorage.py
[2026-02-21T17:10:27.624+0000] {processor.py:925} INFO - DAG(s) 'tutorial_objectstorage' retrieved from /home/airflow/.local/lib/python3.12/site-packages/airflow/example_dags/tutorial_objectstorage.py
[2026-02-21T17:10:27.673+0000] {logging_mixin.py:190} INFO - [2026-02-21T17:10:27.673+0000] {dag.py:3239} INFO - Sync 1 DAGs
[2026-02-21T17:10:27.705+0000] {logging_mixin.py:190} INFO - [2026-02-21T17:10:27.704+0000] {dag.py:4180} INFO - Setting next_dagrun for tutorial_objectstorage to None, run_after=None
[2026-02-21T17:10:27.750+0000] {processor.py:208} INFO - Processing /home/airflow/.local/lib/python3.12/site-packages/airflow/example_dags/tutorial_objectstorage.py took 0.168 seconds
[2026-02-21T17:11:03.715+0000] {processor.py:186} INFO - Started process (PID=1294) to work on /home/airflow/.local/lib/python3.12/site-packages/airflow/example_dags/tutorial_objectstorage.py
[2026-02-21T17:11:03.718+0000] {processor.py:914} INFO - Processing file /home/airflow/.local/lib/python3.12/site-packages/airflow/example_dags/tutorial_objectstorage.py for tasks to queue
[2026-02-21T17:11:03.723+0000] {logging_mixin.py:190} INFO - [2026-02-21T17:11:03.722+0000] {dagbag.py:588} INFO - Filling up the DagBag from /home/airflow/.local/lib/python3.12/site-packages/airflow/example_dags/tutorial_objectstorage.py
[2026-02-21T17:11:03.742+0000] {processor.py:925} INFO - DAG(s) 'tutorial_objectstorage' retrieved from /home/airflow/.local/lib/python3.12/site-packages/airflow/example_dags/tutorial_objectstorage.py
[2026-02-21T17:11:03.783+0000] {logging_mixin.py:190} INFO - [2026-02-21T17:11:03.783+0000] {dag.py:3239} INFO - Sync 1 DAGs
[2026-02-21T17:11:03.820+0000] {logging_mixin.py:190} INFO - [2026-02-21T17:11:03.819+0000] {dag.py:4180} INFO - Setting next_dagrun for tutorial_objectstorage to None, run_after=None
[2026-02-21T17:11:03.856+0000] {processor.py:208} INFO - Processing /home/airflow/.local/lib/python3.12/site-packages/airflow/example_dags/tutorial_objectstorage.py took 0.154 seconds
[2026-02-21T17:11:39.433+0000] {processor.py:186} INFO - Started process (PID=1359) to work on /home/airflow/.local/lib/python3.12/site-packages/airflow/example_dags/tutorial_objectstorage.py
[2026-02-21T17:11:39.436+0000] {processor.py:914} INFO - Processing file /home/airflow/.local/lib/python3.12/site-packages/airflow/example_dags/tutorial_objectstorage.py for tasks to queue
[2026-02-21T17:11:39.443+0000] {logging_mixin.py:190} INFO - [2026-02-21T17:11:39.442+0000] {dagbag.py:588} INFO - Filling up the DagBag from /home/airflow/.local/lib/python3.12/site-packages/airflow/example_dags/tutorial_objectstorage.py
[2026-02-21T17:11:39.468+0000] {processor.py:925} INFO - DAG(s) 'tutorial_objectstorage' retrieved from /home/airflow/.local/lib/python3.12/site-packages/airflow/example_dags/tutorial_objectstorage.py
[2026-02-21T17:11:39.520+0000] {logging_mixin.py:190} INFO - [2026-02-21T17:11:39.519+0000] {dag.py:3239} INFO - Sync 1 DAGs
[2026-02-21T17:11:39.557+0000] {logging_mixin.py:190} INFO - [2026-02-21T17:11:39.557+0000] {dag.py:4180} INFO - Setting next_dagrun for tutorial_objectstorage to None, run_after=None
[2026-02-21T17:11:39.609+0000] {processor.py:208} INFO - Processing /home/airflow/.local/lib/python3.12/site-packages/airflow/example_dags/tutorial_objectstorage.py took 0.190 seconds
[2026-02-21T17:12:12.752+0000] {processor.py:186} INFO - Started process (PID=1424) to work on /home/airflow/.local/lib/python3.12/site-packages/airflow/example_dags/tutorial_objectstorage.py
[2026-02-21T17:12:12.756+0000] {processor.py:914} INFO - Processing file /home/airflow/.local/lib/python3.12/site-packages/airflow/example_dags/tutorial_objectstorage.py for tasks to queue
[2026-02-21T17:12:12.772+0000] {logging_mixin.py:190} INFO - [2026-02-21T17:12:12.771+0000] {dagbag.py:588} INFO - Filling up the DagBag from /home/airflow/.local/lib/python3.12/site-packages/airflow/example_dags/tutorial_objectstorage.py
[2026-02-21T17:12:12.816+0000] {processor.py:925} INFO - DAG(s) 'tutorial_objectstorage' retrieved from /home/airflow/.local/lib/python3.12/site-packages/airflow/example_dags/tutorial_objectstorage.py
[2026-02-21T17:12:12.898+0000] {logging_mixin.py:190} INFO - [2026-02-21T17:12:12.897+0000] {dag.py:3239} INFO - Sync 1 DAGs
[2026-02-21T17:12:12.965+0000] {logging_mixin.py:190} INFO - [2026-02-21T17:12:12.965+0000] {dag.py:4180} INFO - Setting next_dagrun for tutorial_objectstorage to None, run_after=None
[2026-02-21T17:12:13.057+0000] {processor.py:208} INFO - Processing /home/airflow/.local/lib/python3.12/site-packages/airflow/example_dags/tutorial_objectstorage.py took 0.329 seconds
[2026-02-21T17:12:43.654+0000] {processor.py:186} INFO - Started process (PID=1495) to work on /home/airflow/.local/lib/python3.12/site-packages/airflow/example_dags/tutorial_objectstorage.py
[2026-02-21T17:12:43.655+0000] {processor.py:914} INFO - Processing file /home/airflow/.local/lib/python3.12/site-packages/airflow/example_dags/tutorial_objectstorage.py for tasks to queue
[2026-02-21T17:12:43.660+0000] {logging_mixin.py:190} INFO - [2026-02-21T17:12:43.659+0000] {dagbag.py:588} INFO - Filling up the DagBag from /home/airflow/.local/lib/python3.12/site-packages/airflow/example_dags/tutorial_objectstorage.py
[2026-02-21T17:12:43.676+0000] {processor.py:925} INFO - DAG(s) 'tutorial_objectstorage' retrieved from /home/airflow/.local/lib/python3.12/site-packages/airflow/example_dags/tutorial_objectstorage.py
[2026-02-21T17:12:43.703+0000] {logging_mixin.py:190} INFO - [2026-02-21T17:12:43.703+0000] {dag.py:3239} INFO - Sync 1 DAGs
[2026-02-21T17:12:43.720+0000] {logging_mixin.py:190} INFO - [2026-02-21T17:12:43.720+0000] {dag.py:4180} INFO - Setting next_dagrun for tutorial_objectstorage to None, run_after=None
[2026-02-21T17:12:43.748+0000] {processor.py:208} INFO - Processing /home/airflow/.local/lib/python3.12/site-packages/airflow/example_dags/tutorial_objectstorage.py took 0.102 seconds
[2026-02-21T17:13:14.083+0000] {processor.py:186} INFO - Started process (PID=1554) to work on /home/airflow/.local/lib/python3.12/site-packages/airflow/example_dags/tutorial_objectstorage.py
[2026-02-21T17:13:14.084+0000] {processor.py:914} INFO - Processing file /home/airflow/.local/lib/python3.12/site-packages/airflow/example_dags/tutorial_objectstorage.py for tasks to queue
[2026-02-21T17:13:14.089+0000] {logging_mixin.py:190} INFO - [2026-02-21T17:13:14.088+0000] {dagbag.py:588} INFO - Filling up the DagBag from /home/airflow/.local/lib/python3.12/site-packages/airflow/example_dags/tutorial_objectstorage.py
[2026-02-21T17:13:14.107+0000] {processor.py:925} INFO - DAG(s) 'tutorial_objectstorage' retrieved from /home/airflow/.local/lib/python3.12/site-packages/airflow/example_dags/tutorial_objectstorage.py
[2026-02-21T17:13:14.139+0000] {logging_mixin.py:190} INFO - [2026-02-21T17:13:14.138+0000] {dag.py:3239} INFO - Sync 1 DAGs
[2026-02-21T17:13:14.164+0000] {logging_mixin.py:190} INFO - [2026-02-21T17:13:14.163+0000] {dag.py:4180} INFO - Setting next_dagrun for tutorial_objectstorage to None, run_after=None
[2026-02-21T17:13:14.197+0000] {processor.py:208} INFO - Processing /home/airflow/.local/lib/python3.12/site-packages/airflow/example_dags/tutorial_objectstorage.py took 0.126 seconds
[2026-02-21T19:41:21.886+0000] {processor.py:186} INFO - Started process (PID=1674) to work on /home/airflow/.local/lib/python3.12/site-packages/airflow/example_dags/tutorial_objectstorage.py
[2026-02-21T19:41:21.887+0000] {processor.py:914} INFO - Processing file /home/airflow/.local/lib/python3.12/site-packages/airflow/example_dags/tutorial_objectstorage.py for tasks to queue
[2026-02-21T19:41:21.890+0000] {logging_mixin.py:190} INFO - [2026-02-21T19:41:21.889+0000] {dagbag.py:588} INFO - Filling up the DagBag from /home/airflow/.local/lib/python3.12/site-packages/airflow/example_dags/tutorial_objectstorage.py
[2026-02-21T19:41:21.908+0000] {processor.py:925} INFO - DAG(s) 'tutorial_objectstorage' retrieved from /home/airflow/.local/lib/python3.12/site-packages/airflow/example_dags/tutorial_objectstorage.py
[2026-02-21T19:41:21.938+0000] {logging_mixin.py:190} INFO - [2026-02-21T19:41:21.938+0000] {dag.py:3239} INFO - Sync 1 DAGs
[2026-02-21T19:41:21.960+0000] {logging_mixin.py:190} INFO - [2026-02-21T19:41:21.960+0000] {dag.py:4180} INFO - Setting next_dagrun for tutorial_objectstorage to None, run_after=None
[2026-02-21T19:41:21.995+0000] {processor.py:208} INFO - Processing /home/airflow/.local/lib/python3.12/site-packages/airflow/example_dags/tutorial_objectstorage.py took 0.119 seconds
[2026-02-21T19:42:11.852+0000] {processor.py:186} INFO - Started process (PID=2337) to work on /home/airflow/.local/lib/python3.12/site-packages/airflow/example_dags/tutorial_objectstorage.py
[2026-02-21T19:42:11.856+0000] {processor.py:914} INFO - Processing file /home/airflow/.local/lib/python3.12/site-packages/airflow/example_dags/tutorial_objectstorage.py for tasks to queue
[2026-02-21T19:42:11.863+0000] {logging_mixin.py:190} INFO - [2026-02-21T19:42:11.861+0000] {dagbag.py:588} INFO - Filling up the DagBag from /home/airflow/.local/lib/python3.12/site-packages/airflow/example_dags/tutorial_objectstorage.py
[2026-02-21T19:42:11.920+0000] {processor.py:925} INFO - DAG(s) 'tutorial_objectstorage' retrieved from /home/airflow/.local/lib/python3.12/site-packages/airflow/example_dags/tutorial_objectstorage.py
[2026-02-21T19:42:12.051+0000] {logging_mixin.py:190} INFO - [2026-02-21T19:42:12.049+0000] {dag.py:3239} INFO - Sync 1 DAGs
[2026-02-21T19:42:12.177+0000] {logging_mixin.py:190} INFO - [2026-02-21T19:42:12.176+0000] {dag.py:4180} INFO - Setting next_dagrun for tutorial_objectstorage to None, run_after=None
[2026-02-21T19:42:12.320+0000] {processor.py:208} INFO - Processing /home/airflow/.local/lib/python3.12/site-packages/airflow/example_dags/tutorial_objectstorage.py took 0.497 seconds
[2026-02-21T21:00:10.887+0000] {processor.py:186} INFO - Started process (PID=2445) to work on /home/airflow/.local/lib/python3.12/site-packages/airflow/example_dags/tutorial_objectstorage.py
[2026-02-21T21:00:10.893+0000] {processor.py:914} INFO - Processing file /home/airflow/.local/lib/python3.12/site-packages/airflow/example_dags/tutorial_objectstorage.py for tasks to queue
[2026-02-21T21:00:10.909+0000] {logging_mixin.py:190} INFO - [2026-02-21T21:00:10.907+0000] {dagbag.py:588} INFO - Filling up the DagBag from /home/airflow/.local/lib/python3.12/site-packages/airflow/example_dags/tutorial_objectstorage.py
[2026-02-21T21:00:11.004+0000] {processor.py:925} INFO - DAG(s) 'tutorial_objectstorage' retrieved from /home/airflow/.local/lib/python3.12/site-packages/airflow/example_dags/tutorial_objectstorage.py
[2026-02-21T21:00:11.177+0000] {logging_mixin.py:190} INFO - [2026-02-21T21:00:11.176+0000] {dag.py:3239} INFO - Sync 1 DAGs
[2026-02-21T21:00:11.318+0000] {logging_mixin.py:190} INFO - [2026-02-21T21:00:11.310+0000] {dag.py:4180} INFO - Setting next_dagrun for tutorial_objectstorage to None, run_after=None
[2026-02-21T21:00:11.455+0000] {processor.py:208} INFO - Processing /home/airflow/.local/lib/python3.12/site-packages/airflow/example_dags/tutorial_objectstorage.py took 0.648 seconds
[2026-02-21T21:01:07.212+0000] {processor.py:186} INFO - Started process (PID=2517) to work on /home/airflow/.local/lib/python3.12/site-packages/airflow/example_dags/tutorial_objectstorage.py
[2026-02-21T21:01:07.225+0000] {processor.py:914} INFO - Processing file /home/airflow/.local/lib/python3.12/site-packages/airflow/example_dags/tutorial_objectstorage.py for tasks to queue
[2026-02-21T21:01:07.243+0000] {logging_mixin.py:190} INFO - [2026-02-21T21:01:07.242+0000] {dagbag.py:588} INFO - Filling up the DagBag from /home/airflow/.local/lib/python3.12/site-packages/airflow/example_dags/tutorial_objectstorage.py
[2026-02-21T21:01:07.312+0000] {processor.py:925} INFO - DAG(s) 'tutorial_objectstorage' retrieved from /home/airflow/.local/lib/python3.12/site-packages/airflow/example_dags/tutorial_objectstorage.py
[2026-02-21T21:01:07.497+0000] {logging_mixin.py:190} INFO - [2026-02-21T21:01:07.496+0000] {dag.py:3239} INFO - Sync 1 DAGs
[2026-02-21T21:01:07.675+0000] {logging_mixin.py:190} INFO - [2026-02-21T21:01:07.674+0000] {dag.py:4180} INFO - Setting next_dagrun for tutorial_objectstorage to None, run_after=None
[2026-02-21T21:01:07.800+0000] {processor.py:208} INFO - Processing /home/airflow/.local/lib/python3.12/site-packages/airflow/example_dags/tutorial_objectstorage.py took 0.654 seconds
[2026-02-21T21:15:01.146+0000] {processor.py:186} INFO - Started process (PID=2592) to work on /home/airflow/.local/lib/python3.12/site-packages/airflow/example_dags/tutorial_objectstorage.py
[2026-02-21T21:15:01.152+0000] {processor.py:914} INFO - Processing file /home/airflow/.local/lib/python3.12/site-packages/airflow/example_dags/tutorial_objectstorage.py for tasks to queue
[2026-02-21T21:15:01.174+0000] {logging_mixin.py:190} INFO - [2026-02-21T21:15:01.166+0000] {dagbag.py:588} INFO - Filling up the DagBag from /home/airflow/.local/lib/python3.12/site-packages/airflow/example_dags/tutorial_objectstorage.py
[2026-02-21T21:15:01.304+0000] {processor.py:925} INFO - DAG(s) 'tutorial_objectstorage' retrieved from /home/airflow/.local/lib/python3.12/site-packages/airflow/example_dags/tutorial_objectstorage.py
[2026-02-21T21:15:01.532+0000] {logging_mixin.py:190} INFO - [2026-02-21T21:15:01.531+0000] {dag.py:3239} INFO - Sync 1 DAGs
[2026-02-21T21:15:01.672+0000] {logging_mixin.py:190} INFO - [2026-02-21T21:15:01.671+0000] {dag.py:4180} INFO - Setting next_dagrun for tutorial_objectstorage to None, run_after=None
[2026-02-21T21:15:01.841+0000] {processor.py:208} INFO - Processing /home/airflow/.local/lib/python3.12/site-packages/airflow/example_dags/tutorial_objectstorage.py took 0.762 seconds
[2026-02-21T21:35:36.276+0000] {processor.py:186} INFO - Started process (PID=2663) to work on /home/airflow/.local/lib/python3.12/site-packages/airflow/example_dags/tutorial_objectstorage.py
[2026-02-21T21:35:36.282+0000] {processor.py:914} INFO - Processing file /home/airflow/.local/lib/python3.12/site-packages/airflow/example_dags/tutorial_objectstorage.py for tasks to queue
[2026-02-21T21:35:36.296+0000] {logging_mixin.py:190} INFO - [2026-02-21T21:35:36.295+0000] {dagbag.py:588} INFO - Filling up the DagBag from /home/airflow/.local/lib/python3.12/site-packages/airflow/example_dags/tutorial_objectstorage.py
[2026-02-21T21:35:36.413+0000] {processor.py:925} INFO - DAG(s) 'tutorial_objectstorage' retrieved from /home/airflow/.local/lib/python3.12/site-packages/airflow/example_dags/tutorial_objectstorage.py
[2026-02-21T21:35:36.617+0000] {logging_mixin.py:190} INFO - [2026-02-21T21:35:36.616+0000] {dag.py:3239} INFO - Sync 1 DAGs
[2026-02-21T21:35:36.767+0000] {logging_mixin.py:190} INFO - [2026-02-21T21:35:36.766+0000] {dag.py:4180} INFO - Setting next_dagrun for tutorial_objectstorage to None, run_after=None
[2026-02-21T21:35:36.988+0000] {processor.py:208} INFO - Processing /home/airflow/.local/lib/python3.12/site-packages/airflow/example_dags/tutorial_objectstorage.py took 0.787 seconds
