[2026-02-21T10:24:49.486+0000] {processor.py:186} INFO - Started process (PID=56) to work on /opt/airflow/dags/ETL_json_postgresql_dag/etl_json_postgresql.py
[2026-02-21T10:24:49.500+0000] {processor.py:914} INFO - Processing file /opt/airflow/dags/ETL_json_postgresql_dag/etl_json_postgresql.py for tasks to queue
[2026-02-21T10:24:49.519+0000] {logging_mixin.py:190} INFO - [2026-02-21T10:24:49.517+0000] {dagbag.py:588} INFO - Filling up the DagBag from /opt/airflow/dags/ETL_json_postgresql_dag/etl_json_postgresql.py
[2026-02-21T10:24:49.672+0000] {processor.py:925} INFO - DAG(s) 'ETL_json_postgresql' retrieved from /opt/airflow/dags/ETL_json_postgresql_dag/etl_json_postgresql.py
[2026-02-21T10:24:50.615+0000] {logging_mixin.py:190} INFO - [2026-02-21T10:24:50.614+0000] {dag.py:3239} INFO - Sync 1 DAGs
[2026-02-21T10:24:50.875+0000] {logging_mixin.py:190} INFO - [2026-02-21T10:24:50.873+0000] {dag.py:4180} INFO - Setting next_dagrun for ETL_json_postgresql to 2026-02-21 00:00:00+00:00, run_after=2026-02-22 00:00:00+00:00
[2026-02-21T10:24:51.104+0000] {processor.py:208} INFO - Processing /opt/airflow/dags/ETL_json_postgresql_dag/etl_json_postgresql.py took 1.670 seconds
[2026-02-21T12:32:51.870+0000] {processor.py:186} INFO - Started process (PID=65) to work on /opt/airflow/dags/ETL_json_postgresql_dag/etl_json_postgresql.py
[2026-02-21T12:32:51.877+0000] {processor.py:914} INFO - Processing file /opt/airflow/dags/ETL_json_postgresql_dag/etl_json_postgresql.py for tasks to queue
[2026-02-21T12:32:51.892+0000] {logging_mixin.py:190} INFO - [2026-02-21T12:32:51.890+0000] {dagbag.py:588} INFO - Filling up the DagBag from /opt/airflow/dags/ETL_json_postgresql_dag/etl_json_postgresql.py
[2026-02-21T12:32:52.073+0000] {processor.py:925} INFO - DAG(s) 'ETL_json_postgresql' retrieved from /opt/airflow/dags/ETL_json_postgresql_dag/etl_json_postgresql.py
[2026-02-21T12:32:52.319+0000] {logging_mixin.py:190} INFO - [2026-02-21T12:32:52.318+0000] {dag.py:3239} INFO - Sync 1 DAGs
[2026-02-21T12:32:52.683+0000] {logging_mixin.py:190} INFO - [2026-02-21T12:32:52.682+0000] {dag.py:4180} INFO - Setting next_dagrun for ETL_json_postgresql to 2026-02-21 00:00:00+00:00, run_after=2026-02-22 00:00:00+00:00
[2026-02-21T12:32:52.862+0000] {processor.py:208} INFO - Processing /opt/airflow/dags/ETL_json_postgresql_dag/etl_json_postgresql.py took 1.024 seconds
[2026-02-21T12:34:11.114+0000] {processor.py:186} INFO - Started process (PID=55) to work on /opt/airflow/dags/ETL_json_postgresql_dag/etl_json_postgresql.py
[2026-02-21T12:34:11.116+0000] {processor.py:914} INFO - Processing file /opt/airflow/dags/ETL_json_postgresql_dag/etl_json_postgresql.py for tasks to queue
[2026-02-21T12:34:11.122+0000] {logging_mixin.py:190} INFO - [2026-02-21T12:34:11.121+0000] {dagbag.py:588} INFO - Filling up the DagBag from /opt/airflow/dags/ETL_json_postgresql_dag/etl_json_postgresql.py
[2026-02-21T12:34:11.183+0000] {processor.py:925} INFO - DAG(s) 'ETL_json_postgresql' retrieved from /opt/airflow/dags/ETL_json_postgresql_dag/etl_json_postgresql.py
[2026-02-21T12:34:11.249+0000] {logging_mixin.py:190} INFO - [2026-02-21T12:34:11.248+0000] {dag.py:3239} INFO - Sync 1 DAGs
[2026-02-21T12:34:11.312+0000] {logging_mixin.py:190} INFO - [2026-02-21T12:34:11.311+0000] {dag.py:4180} INFO - Setting next_dagrun for ETL_json_postgresql to 2026-02-21 00:00:00+00:00, run_after=2026-02-22 00:00:00+00:00
[2026-02-21T12:34:11.370+0000] {processor.py:208} INFO - Processing /opt/airflow/dags/ETL_json_postgresql_dag/etl_json_postgresql.py took 0.269 seconds
[2026-02-21T12:34:41.795+0000] {processor.py:186} INFO - Started process (PID=120) to work on /opt/airflow/dags/ETL_json_postgresql_dag/etl_json_postgresql.py
[2026-02-21T12:34:41.798+0000] {processor.py:914} INFO - Processing file /opt/airflow/dags/ETL_json_postgresql_dag/etl_json_postgresql.py for tasks to queue
[2026-02-21T12:34:41.809+0000] {logging_mixin.py:190} INFO - [2026-02-21T12:34:41.808+0000] {dagbag.py:588} INFO - Filling up the DagBag from /opt/airflow/dags/ETL_json_postgresql_dag/etl_json_postgresql.py
[2026-02-21T12:34:41.884+0000] {processor.py:925} INFO - DAG(s) 'ETL_json_postgresql' retrieved from /opt/airflow/dags/ETL_json_postgresql_dag/etl_json_postgresql.py
[2026-02-21T12:34:41.941+0000] {logging_mixin.py:190} INFO - [2026-02-21T12:34:41.940+0000] {dag.py:3239} INFO - Sync 1 DAGs
[2026-02-21T12:34:42.020+0000] {logging_mixin.py:190} INFO - [2026-02-21T12:34:42.019+0000] {dag.py:4180} INFO - Setting next_dagrun for ETL_json_postgresql to 2026-02-21 00:00:00+00:00, run_after=2026-02-22 00:00:00+00:00
[2026-02-21T12:34:42.098+0000] {processor.py:208} INFO - Processing /opt/airflow/dags/ETL_json_postgresql_dag/etl_json_postgresql.py took 0.323 seconds
[2026-02-21T12:35:12.506+0000] {processor.py:186} INFO - Started process (PID=185) to work on /opt/airflow/dags/ETL_json_postgresql_dag/etl_json_postgresql.py
[2026-02-21T12:35:12.509+0000] {processor.py:914} INFO - Processing file /opt/airflow/dags/ETL_json_postgresql_dag/etl_json_postgresql.py for tasks to queue
[2026-02-21T12:35:12.515+0000] {logging_mixin.py:190} INFO - [2026-02-21T12:35:12.514+0000] {dagbag.py:588} INFO - Filling up the DagBag from /opt/airflow/dags/ETL_json_postgresql_dag/etl_json_postgresql.py
[2026-02-21T12:35:12.592+0000] {processor.py:925} INFO - DAG(s) 'ETL_json_postgresql' retrieved from /opt/airflow/dags/ETL_json_postgresql_dag/etl_json_postgresql.py
[2026-02-21T12:35:12.658+0000] {logging_mixin.py:190} INFO - [2026-02-21T12:35:12.657+0000] {dag.py:3239} INFO - Sync 1 DAGs
[2026-02-21T12:35:12.741+0000] {logging_mixin.py:190} INFO - [2026-02-21T12:35:12.740+0000] {dag.py:4180} INFO - Setting next_dagrun for ETL_json_postgresql to 2026-02-21 00:00:00+00:00, run_after=2026-02-22 00:00:00+00:00
[2026-02-21T12:35:12.811+0000] {processor.py:208} INFO - Processing /opt/airflow/dags/ETL_json_postgresql_dag/etl_json_postgresql.py took 0.318 seconds
[2026-02-21T12:35:43.706+0000] {processor.py:186} INFO - Started process (PID=250) to work on /opt/airflow/dags/ETL_json_postgresql_dag/etl_json_postgresql.py
[2026-02-21T12:35:43.708+0000] {processor.py:914} INFO - Processing file /opt/airflow/dags/ETL_json_postgresql_dag/etl_json_postgresql.py for tasks to queue
[2026-02-21T12:35:43.712+0000] {logging_mixin.py:190} INFO - [2026-02-21T12:35:43.711+0000] {dagbag.py:588} INFO - Filling up the DagBag from /opt/airflow/dags/ETL_json_postgresql_dag/etl_json_postgresql.py
[2026-02-21T12:35:43.757+0000] {processor.py:925} INFO - DAG(s) 'ETL_json_postgresql' retrieved from /opt/airflow/dags/ETL_json_postgresql_dag/etl_json_postgresql.py
[2026-02-21T12:35:43.786+0000] {logging_mixin.py:190} INFO - [2026-02-21T12:35:43.785+0000] {dag.py:3239} INFO - Sync 1 DAGs
[2026-02-21T12:35:43.821+0000] {logging_mixin.py:190} INFO - [2026-02-21T12:35:43.821+0000] {dag.py:4180} INFO - Setting next_dagrun for ETL_json_postgresql to 2026-02-21 00:00:00+00:00, run_after=2026-02-22 00:00:00+00:00
[2026-02-21T12:35:43.854+0000] {processor.py:208} INFO - Processing /opt/airflow/dags/ETL_json_postgresql_dag/etl_json_postgresql.py took 0.158 seconds
[2026-02-21T12:36:18.828+0000] {processor.py:186} INFO - Started process (PID=316) to work on /opt/airflow/dags/ETL_json_postgresql_dag/etl_json_postgresql.py
[2026-02-21T12:36:18.833+0000] {processor.py:914} INFO - Processing file /opt/airflow/dags/ETL_json_postgresql_dag/etl_json_postgresql.py for tasks to queue
[2026-02-21T12:36:18.849+0000] {logging_mixin.py:190} INFO - [2026-02-21T12:36:18.847+0000] {dagbag.py:588} INFO - Filling up the DagBag from /opt/airflow/dags/ETL_json_postgresql_dag/etl_json_postgresql.py
[2026-02-21T12:36:18.988+0000] {processor.py:925} INFO - DAG(s) 'ETL_json_postgresql' retrieved from /opt/airflow/dags/ETL_json_postgresql_dag/etl_json_postgresql.py
[2026-02-21T12:36:19.120+0000] {logging_mixin.py:190} INFO - [2026-02-21T12:36:19.119+0000] {dag.py:3239} INFO - Sync 1 DAGs
[2026-02-21T12:36:19.328+0000] {logging_mixin.py:190} INFO - [2026-02-21T12:36:19.327+0000] {dag.py:4180} INFO - Setting next_dagrun for ETL_json_postgresql to 2026-02-21 00:00:00+00:00, run_after=2026-02-22 00:00:00+00:00
[2026-02-21T12:36:19.553+0000] {processor.py:208} INFO - Processing /opt/airflow/dags/ETL_json_postgresql_dag/etl_json_postgresql.py took 0.761 seconds
[2026-02-21T12:36:53.035+0000] {processor.py:186} INFO - Started process (PID=369) to work on /opt/airflow/dags/ETL_json_postgresql_dag/etl_json_postgresql.py
[2026-02-21T12:36:53.039+0000] {processor.py:914} INFO - Processing file /opt/airflow/dags/ETL_json_postgresql_dag/etl_json_postgresql.py for tasks to queue
[2026-02-21T12:36:53.050+0000] {logging_mixin.py:190} INFO - [2026-02-21T12:36:53.048+0000] {dagbag.py:588} INFO - Filling up the DagBag from /opt/airflow/dags/ETL_json_postgresql_dag/etl_json_postgresql.py
[2026-02-21T12:36:53.208+0000] {processor.py:925} INFO - DAG(s) 'ETL_json_postgresql' retrieved from /opt/airflow/dags/ETL_json_postgresql_dag/etl_json_postgresql.py
[2026-02-21T12:36:53.327+0000] {logging_mixin.py:190} INFO - [2026-02-21T12:36:53.326+0000] {dag.py:3239} INFO - Sync 1 DAGs
[2026-02-21T12:36:53.502+0000] {logging_mixin.py:190} INFO - [2026-02-21T12:36:53.501+0000] {dag.py:4180} INFO - Setting next_dagrun for ETL_json_postgresql to 2026-02-21 00:00:00+00:00, run_after=2026-02-22 00:00:00+00:00
[2026-02-21T12:36:53.631+0000] {processor.py:208} INFO - Processing /opt/airflow/dags/ETL_json_postgresql_dag/etl_json_postgresql.py took 0.627 seconds
[2026-02-21T12:37:24.188+0000] {processor.py:186} INFO - Started process (PID=441) to work on /opt/airflow/dags/ETL_json_postgresql_dag/etl_json_postgresql.py
[2026-02-21T12:37:24.190+0000] {processor.py:914} INFO - Processing file /opt/airflow/dags/ETL_json_postgresql_dag/etl_json_postgresql.py for tasks to queue
[2026-02-21T12:37:24.196+0000] {logging_mixin.py:190} INFO - [2026-02-21T12:37:24.195+0000] {dagbag.py:588} INFO - Filling up the DagBag from /opt/airflow/dags/ETL_json_postgresql_dag/etl_json_postgresql.py
[2026-02-21T12:37:24.256+0000] {processor.py:925} INFO - DAG(s) 'ETL_json_postgresql' retrieved from /opt/airflow/dags/ETL_json_postgresql_dag/etl_json_postgresql.py
[2026-02-21T12:37:24.306+0000] {logging_mixin.py:190} INFO - [2026-02-21T12:37:24.306+0000] {dag.py:3239} INFO - Sync 1 DAGs
[2026-02-21T12:37:24.376+0000] {logging_mixin.py:190} INFO - [2026-02-21T12:37:24.375+0000] {dag.py:4180} INFO - Setting next_dagrun for ETL_json_postgresql to 2026-02-21 00:00:00+00:00, run_after=2026-02-22 00:00:00+00:00
[2026-02-21T12:37:24.443+0000] {processor.py:208} INFO - Processing /opt/airflow/dags/ETL_json_postgresql_dag/etl_json_postgresql.py took 0.268 seconds
[2026-02-21T12:37:54.569+0000] {processor.py:186} INFO - Started process (PID=505) to work on /opt/airflow/dags/ETL_json_postgresql_dag/etl_json_postgresql.py
[2026-02-21T12:37:54.572+0000] {processor.py:914} INFO - Processing file /opt/airflow/dags/ETL_json_postgresql_dag/etl_json_postgresql.py for tasks to queue
[2026-02-21T12:37:54.578+0000] {logging_mixin.py:190} INFO - [2026-02-21T12:37:54.577+0000] {dagbag.py:588} INFO - Filling up the DagBag from /opt/airflow/dags/ETL_json_postgresql_dag/etl_json_postgresql.py
[2026-02-21T12:37:54.658+0000] {processor.py:925} INFO - DAG(s) 'ETL_json_postgresql' retrieved from /opt/airflow/dags/ETL_json_postgresql_dag/etl_json_postgresql.py
[2026-02-21T12:37:54.717+0000] {logging_mixin.py:190} INFO - [2026-02-21T12:37:54.717+0000] {dag.py:3239} INFO - Sync 1 DAGs
[2026-02-21T12:37:54.783+0000] {logging_mixin.py:190} INFO - [2026-02-21T12:37:54.782+0000] {dag.py:4180} INFO - Setting next_dagrun for ETL_json_postgresql to 2026-02-21 00:00:00+00:00, run_after=2026-02-22 00:00:00+00:00
[2026-02-21T12:37:54.845+0000] {processor.py:208} INFO - Processing /opt/airflow/dags/ETL_json_postgresql_dag/etl_json_postgresql.py took 0.290 seconds
[2026-02-21T12:38:26.044+0000] {processor.py:186} INFO - Started process (PID=570) to work on /opt/airflow/dags/ETL_json_postgresql_dag/etl_json_postgresql.py
[2026-02-21T12:38:26.048+0000] {processor.py:914} INFO - Processing file /opt/airflow/dags/ETL_json_postgresql_dag/etl_json_postgresql.py for tasks to queue
[2026-02-21T12:38:26.060+0000] {logging_mixin.py:190} INFO - [2026-02-21T12:38:26.058+0000] {dagbag.py:588} INFO - Filling up the DagBag from /opt/airflow/dags/ETL_json_postgresql_dag/etl_json_postgresql.py
[2026-02-21T12:38:26.182+0000] {processor.py:925} INFO - DAG(s) 'ETL_json_postgresql' retrieved from /opt/airflow/dags/ETL_json_postgresql_dag/etl_json_postgresql.py
[2026-02-21T12:38:26.272+0000] {logging_mixin.py:190} INFO - [2026-02-21T12:38:26.271+0000] {dag.py:3239} INFO - Sync 1 DAGs
[2026-02-21T12:38:26.391+0000] {logging_mixin.py:190} INFO - [2026-02-21T12:38:26.390+0000] {dag.py:4180} INFO - Setting next_dagrun for ETL_json_postgresql to 2026-02-21 00:00:00+00:00, run_after=2026-02-22 00:00:00+00:00
[2026-02-21T12:38:26.485+0000] {processor.py:208} INFO - Processing /opt/airflow/dags/ETL_json_postgresql_dag/etl_json_postgresql.py took 0.472 seconds
[2026-02-21T12:38:57.029+0000] {processor.py:186} INFO - Started process (PID=634) to work on /opt/airflow/dags/ETL_json_postgresql_dag/etl_json_postgresql.py
[2026-02-21T12:38:57.032+0000] {processor.py:914} INFO - Processing file /opt/airflow/dags/ETL_json_postgresql_dag/etl_json_postgresql.py for tasks to queue
[2026-02-21T12:38:57.037+0000] {logging_mixin.py:190} INFO - [2026-02-21T12:38:57.037+0000] {dagbag.py:588} INFO - Filling up the DagBag from /opt/airflow/dags/ETL_json_postgresql_dag/etl_json_postgresql.py
[2026-02-21T12:38:57.090+0000] {processor.py:925} INFO - DAG(s) 'ETL_json_postgresql' retrieved from /opt/airflow/dags/ETL_json_postgresql_dag/etl_json_postgresql.py
[2026-02-21T12:38:57.131+0000] {logging_mixin.py:190} INFO - [2026-02-21T12:38:57.130+0000] {dag.py:3239} INFO - Sync 1 DAGs
[2026-02-21T12:38:57.178+0000] {logging_mixin.py:190} INFO - [2026-02-21T12:38:57.177+0000] {dag.py:4180} INFO - Setting next_dagrun for ETL_json_postgresql to 2026-02-21 00:00:00+00:00, run_after=2026-02-22 00:00:00+00:00
[2026-02-21T12:38:57.217+0000] {processor.py:208} INFO - Processing /opt/airflow/dags/ETL_json_postgresql_dag/etl_json_postgresql.py took 0.199 seconds
[2026-02-21T12:39:29.544+0000] {processor.py:186} INFO - Started process (PID=699) to work on /opt/airflow/dags/ETL_json_postgresql_dag/etl_json_postgresql.py
[2026-02-21T12:39:29.549+0000] {processor.py:914} INFO - Processing file /opt/airflow/dags/ETL_json_postgresql_dag/etl_json_postgresql.py for tasks to queue
[2026-02-21T12:39:29.570+0000] {logging_mixin.py:190} INFO - [2026-02-21T12:39:29.559+0000] {dagbag.py:588} INFO - Filling up the DagBag from /opt/airflow/dags/ETL_json_postgresql_dag/etl_json_postgresql.py
[2026-02-21T12:39:29.909+0000] {processor.py:925} INFO - DAG(s) 'ETL_json_postgresql' retrieved from /opt/airflow/dags/ETL_json_postgresql_dag/etl_json_postgresql.py
[2026-02-21T12:39:30.058+0000] {logging_mixin.py:190} INFO - [2026-02-21T12:39:30.057+0000] {dag.py:3239} INFO - Sync 1 DAGs
[2026-02-21T12:39:30.321+0000] {logging_mixin.py:190} INFO - [2026-02-21T12:39:30.320+0000] {dag.py:4180} INFO - Setting next_dagrun for ETL_json_postgresql to 2026-02-21 00:00:00+00:00, run_after=2026-02-22 00:00:00+00:00
[2026-02-21T12:39:30.587+0000] {processor.py:208} INFO - Processing /opt/airflow/dags/ETL_json_postgresql_dag/etl_json_postgresql.py took 1.103 seconds
[2026-02-21T12:40:02.288+0000] {processor.py:186} INFO - Started process (PID=732) to work on /opt/airflow/dags/ETL_json_postgresql_dag/etl_json_postgresql.py
[2026-02-21T12:40:02.297+0000] {processor.py:914} INFO - Processing file /opt/airflow/dags/ETL_json_postgresql_dag/etl_json_postgresql.py for tasks to queue
[2026-02-21T12:40:02.322+0000] {logging_mixin.py:190} INFO - [2026-02-21T12:40:02.318+0000] {dagbag.py:588} INFO - Filling up the DagBag from /opt/airflow/dags/ETL_json_postgresql_dag/etl_json_postgresql.py
[2026-02-21T12:40:02.532+0000] {processor.py:925} INFO - DAG(s) 'ETL_json_postgresql' retrieved from /opt/airflow/dags/ETL_json_postgresql_dag/etl_json_postgresql.py
[2026-02-21T12:40:02.697+0000] {logging_mixin.py:190} INFO - [2026-02-21T12:40:02.695+0000] {dag.py:3239} INFO - Sync 1 DAGs
[2026-02-21T12:40:02.968+0000] {logging_mixin.py:190} INFO - [2026-02-21T12:40:02.966+0000] {dag.py:4180} INFO - Setting next_dagrun for ETL_json_postgresql to 2026-02-21 00:00:00+00:00, run_after=2026-02-22 00:00:00+00:00
[2026-02-21T12:40:03.170+0000] {processor.py:208} INFO - Processing /opt/airflow/dags/ETL_json_postgresql_dag/etl_json_postgresql.py took 0.925 seconds
[2026-02-21T12:41:23.457+0000] {processor.py:186} INFO - Started process (PID=777) to work on /opt/airflow/dags/ETL_json_postgresql_dag/etl_json_postgresql.py
[2026-02-21T12:41:23.521+0000] {processor.py:914} INFO - Processing file /opt/airflow/dags/ETL_json_postgresql_dag/etl_json_postgresql.py for tasks to queue
[2026-02-21T12:41:23.553+0000] {logging_mixin.py:190} INFO - [2026-02-21T12:41:23.541+0000] {dagbag.py:588} INFO - Filling up the DagBag from /opt/airflow/dags/ETL_json_postgresql_dag/etl_json_postgresql.py
[2026-02-21T12:41:23.890+0000] {processor.py:925} INFO - DAG(s) 'ETL_json_postgresql' retrieved from /opt/airflow/dags/ETL_json_postgresql_dag/etl_json_postgresql.py
[2026-02-21T12:41:24.064+0000] {logging_mixin.py:190} INFO - [2026-02-21T12:41:24.054+0000] {dag.py:3239} INFO - Sync 1 DAGs
[2026-02-21T12:41:24.267+0000] {logging_mixin.py:190} INFO - [2026-02-21T12:41:24.266+0000] {dag.py:4180} INFO - Setting next_dagrun for ETL_json_postgresql to 2026-02-21 00:00:00+00:00, run_after=2026-02-22 00:00:00+00:00
[2026-02-21T12:41:24.423+0000] {processor.py:208} INFO - Processing /opt/airflow/dags/ETL_json_postgresql_dag/etl_json_postgresql.py took 1.125 seconds
[2026-02-21T12:41:54.970+0000] {processor.py:186} INFO - Started process (PID=842) to work on /opt/airflow/dags/ETL_json_postgresql_dag/etl_json_postgresql.py
[2026-02-21T12:41:54.975+0000] {processor.py:914} INFO - Processing file /opt/airflow/dags/ETL_json_postgresql_dag/etl_json_postgresql.py for tasks to queue
[2026-02-21T12:41:54.981+0000] {logging_mixin.py:190} INFO - [2026-02-21T12:41:54.980+0000] {dagbag.py:588} INFO - Filling up the DagBag from /opt/airflow/dags/ETL_json_postgresql_dag/etl_json_postgresql.py
[2026-02-21T12:41:55.097+0000] {processor.py:925} INFO - DAG(s) 'ETL_json_postgresql' retrieved from /opt/airflow/dags/ETL_json_postgresql_dag/etl_json_postgresql.py
[2026-02-21T12:41:55.191+0000] {logging_mixin.py:190} INFO - [2026-02-21T12:41:55.190+0000] {dag.py:3239} INFO - Sync 1 DAGs
[2026-02-21T12:41:55.333+0000] {logging_mixin.py:190} INFO - [2026-02-21T12:41:55.332+0000] {dag.py:4180} INFO - Setting next_dagrun for ETL_json_postgresql to 2026-02-21 00:00:00+00:00, run_after=2026-02-22 00:00:00+00:00
[2026-02-21T12:41:55.433+0000] {processor.py:208} INFO - Processing /opt/airflow/dags/ETL_json_postgresql_dag/etl_json_postgresql.py took 0.491 seconds
[2026-02-21T12:42:26.402+0000] {processor.py:186} INFO - Started process (PID=893) to work on /opt/airflow/dags/ETL_json_postgresql_dag/etl_json_postgresql.py
[2026-02-21T12:42:26.408+0000] {processor.py:914} INFO - Processing file /opt/airflow/dags/ETL_json_postgresql_dag/etl_json_postgresql.py for tasks to queue
[2026-02-21T12:42:26.417+0000] {logging_mixin.py:190} INFO - [2026-02-21T12:42:26.414+0000] {dagbag.py:588} INFO - Filling up the DagBag from /opt/airflow/dags/ETL_json_postgresql_dag/etl_json_postgresql.py
[2026-02-21T12:42:26.598+0000] {processor.py:925} INFO - DAG(s) 'ETL_json_postgresql' retrieved from /opt/airflow/dags/ETL_json_postgresql_dag/etl_json_postgresql.py
[2026-02-21T12:42:26.832+0000] {logging_mixin.py:190} INFO - [2026-02-21T12:42:26.831+0000] {dag.py:3239} INFO - Sync 1 DAGs
[2026-02-21T12:42:27.185+0000] {logging_mixin.py:190} INFO - [2026-02-21T12:42:27.174+0000] {dag.py:4180} INFO - Setting next_dagrun for ETL_json_postgresql to 2026-02-21 00:00:00+00:00, run_after=2026-02-22 00:00:00+00:00
[2026-02-21T12:42:27.426+0000] {processor.py:208} INFO - Processing /opt/airflow/dags/ETL_json_postgresql_dag/etl_json_postgresql.py took 1.062 seconds
[2026-02-21T12:53:52.685+0000] {processor.py:186} INFO - Started process (PID=938) to work on /opt/airflow/dags/ETL_json_postgresql_dag/etl_json_postgresql.py
[2026-02-21T12:53:52.691+0000] {processor.py:914} INFO - Processing file /opt/airflow/dags/ETL_json_postgresql_dag/etl_json_postgresql.py for tasks to queue
[2026-02-21T12:53:52.704+0000] {logging_mixin.py:190} INFO - [2026-02-21T12:53:52.703+0000] {dagbag.py:588} INFO - Filling up the DagBag from /opt/airflow/dags/ETL_json_postgresql_dag/etl_json_postgresql.py
[2026-02-21T12:53:52.854+0000] {processor.py:925} INFO - DAG(s) 'ETL_json_postgresql' retrieved from /opt/airflow/dags/ETL_json_postgresql_dag/etl_json_postgresql.py
[2026-02-21T12:53:53.067+0000] {logging_mixin.py:190} INFO - [2026-02-21T12:53:53.065+0000] {dag.py:3239} INFO - Sync 1 DAGs
[2026-02-21T12:53:53.205+0000] {logging_mixin.py:190} INFO - [2026-02-21T12:53:53.204+0000] {dag.py:4180} INFO - Setting next_dagrun for ETL_json_postgresql to 2026-02-21 00:00:00+00:00, run_after=2026-02-22 00:00:00+00:00
[2026-02-21T12:53:53.317+0000] {processor.py:208} INFO - Processing /opt/airflow/dags/ETL_json_postgresql_dag/etl_json_postgresql.py took 0.662 seconds
[2026-02-21T12:54:24.307+0000] {processor.py:186} INFO - Started process (PID=1003) to work on /opt/airflow/dags/ETL_json_postgresql_dag/etl_json_postgresql.py
[2026-02-21T12:54:24.320+0000] {processor.py:914} INFO - Processing file /opt/airflow/dags/ETL_json_postgresql_dag/etl_json_postgresql.py for tasks to queue
[2026-02-21T12:54:24.337+0000] {logging_mixin.py:190} INFO - [2026-02-21T12:54:24.331+0000] {dagbag.py:588} INFO - Filling up the DagBag from /opt/airflow/dags/ETL_json_postgresql_dag/etl_json_postgresql.py
[2026-02-21T12:54:24.577+0000] {processor.py:925} INFO - DAG(s) 'ETL_json_postgresql' retrieved from /opt/airflow/dags/ETL_json_postgresql_dag/etl_json_postgresql.py
[2026-02-21T12:54:24.742+0000] {logging_mixin.py:190} INFO - [2026-02-21T12:54:24.740+0000] {dag.py:3239} INFO - Sync 1 DAGs
[2026-02-21T12:54:24.883+0000] {logging_mixin.py:190} INFO - [2026-02-21T12:54:24.882+0000] {dag.py:4180} INFO - Setting next_dagrun for ETL_json_postgresql to 2026-02-21 00:00:00+00:00, run_after=2026-02-22 00:00:00+00:00
[2026-02-21T12:54:24.999+0000] {processor.py:208} INFO - Processing /opt/airflow/dags/ETL_json_postgresql_dag/etl_json_postgresql.py took 0.759 seconds
[2026-02-21T12:54:55.347+0000] {processor.py:186} INFO - Started process (PID=1068) to work on /opt/airflow/dags/ETL_json_postgresql_dag/etl_json_postgresql.py
[2026-02-21T12:54:55.354+0000] {processor.py:914} INFO - Processing file /opt/airflow/dags/ETL_json_postgresql_dag/etl_json_postgresql.py for tasks to queue
[2026-02-21T12:54:55.367+0000] {logging_mixin.py:190} INFO - [2026-02-21T12:54:55.365+0000] {dagbag.py:588} INFO - Filling up the DagBag from /opt/airflow/dags/ETL_json_postgresql_dag/etl_json_postgresql.py
[2026-02-21T12:54:55.575+0000] {processor.py:925} INFO - DAG(s) 'ETL_json_postgresql' retrieved from /opt/airflow/dags/ETL_json_postgresql_dag/etl_json_postgresql.py
[2026-02-21T12:54:55.682+0000] {logging_mixin.py:190} INFO - [2026-02-21T12:54:55.681+0000] {dag.py:3239} INFO - Sync 1 DAGs
[2026-02-21T12:54:55.834+0000] {logging_mixin.py:190} INFO - [2026-02-21T12:54:55.832+0000] {dag.py:4180} INFO - Setting next_dagrun for ETL_json_postgresql to 2026-02-21 00:00:00+00:00, run_after=2026-02-22 00:00:00+00:00
[2026-02-21T12:54:55.967+0000] {processor.py:208} INFO - Processing /opt/airflow/dags/ETL_json_postgresql_dag/etl_json_postgresql.py took 0.650 seconds
[2026-02-21T12:55:26.701+0000] {processor.py:186} INFO - Started process (PID=1132) to work on /opt/airflow/dags/ETL_json_postgresql_dag/etl_json_postgresql.py
[2026-02-21T12:55:26.704+0000] {processor.py:914} INFO - Processing file /opt/airflow/dags/ETL_json_postgresql_dag/etl_json_postgresql.py for tasks to queue
[2026-02-21T12:55:26.710+0000] {logging_mixin.py:190} INFO - [2026-02-21T12:55:26.709+0000] {dagbag.py:588} INFO - Filling up the DagBag from /opt/airflow/dags/ETL_json_postgresql_dag/etl_json_postgresql.py
[2026-02-21T12:55:26.770+0000] {processor.py:925} INFO - DAG(s) 'ETL_json_postgresql' retrieved from /opt/airflow/dags/ETL_json_postgresql_dag/etl_json_postgresql.py
[2026-02-21T12:55:26.809+0000] {logging_mixin.py:190} INFO - [2026-02-21T12:55:26.809+0000] {dag.py:3239} INFO - Sync 1 DAGs
[2026-02-21T12:55:26.850+0000] {logging_mixin.py:190} INFO - [2026-02-21T12:55:26.849+0000] {dag.py:4180} INFO - Setting next_dagrun for ETL_json_postgresql to 2026-02-21 00:00:00+00:00, run_after=2026-02-22 00:00:00+00:00
[2026-02-21T12:55:26.895+0000] {processor.py:208} INFO - Processing /opt/airflow/dags/ETL_json_postgresql_dag/etl_json_postgresql.py took 0.205 seconds
[2026-02-21T17:10:09.648+0000] {processor.py:186} INFO - Started process (PID=1177) to work on /opt/airflow/dags/ETL_json_postgresql_dag/etl_json_postgresql.py
[2026-02-21T17:10:09.666+0000] {processor.py:914} INFO - Processing file /opt/airflow/dags/ETL_json_postgresql_dag/etl_json_postgresql.py for tasks to queue
[2026-02-21T17:10:09.704+0000] {logging_mixin.py:190} INFO - [2026-02-21T17:10:09.697+0000] {dagbag.py:588} INFO - Filling up the DagBag from /opt/airflow/dags/ETL_json_postgresql_dag/etl_json_postgresql.py
[2026-02-21T17:10:10.087+0000] {processor.py:925} INFO - DAG(s) 'ETL_json_postgresql' retrieved from /opt/airflow/dags/ETL_json_postgresql_dag/etl_json_postgresql.py
[2026-02-21T17:10:10.622+0000] {logging_mixin.py:190} INFO - [2026-02-21T17:10:10.614+0000] {dag.py:3239} INFO - Sync 1 DAGs
[2026-02-21T17:10:10.853+0000] {logging_mixin.py:190} INFO - [2026-02-21T17:10:10.852+0000] {dag.py:4180} INFO - Setting next_dagrun for ETL_json_postgresql to 2026-02-21 00:00:00+00:00, run_after=2026-02-22 00:00:00+00:00
[2026-02-21T17:10:10.990+0000] {processor.py:208} INFO - Processing /opt/airflow/dags/ETL_json_postgresql_dag/etl_json_postgresql.py took 1.369 seconds
[2026-02-21T17:10:42.113+0000] {processor.py:186} INFO - Started process (PID=1242) to work on /opt/airflow/dags/ETL_json_postgresql_dag/etl_json_postgresql.py
[2026-02-21T17:10:42.115+0000] {processor.py:914} INFO - Processing file /opt/airflow/dags/ETL_json_postgresql_dag/etl_json_postgresql.py for tasks to queue
[2026-02-21T17:10:42.124+0000] {logging_mixin.py:190} INFO - [2026-02-21T17:10:42.122+0000] {dagbag.py:588} INFO - Filling up the DagBag from /opt/airflow/dags/ETL_json_postgresql_dag/etl_json_postgresql.py
[2026-02-21T17:10:42.204+0000] {processor.py:925} INFO - DAG(s) 'ETL_json_postgresql' retrieved from /opt/airflow/dags/ETL_json_postgresql_dag/etl_json_postgresql.py
[2026-02-21T17:10:42.265+0000] {logging_mixin.py:190} INFO - [2026-02-21T17:10:42.264+0000] {dag.py:3239} INFO - Sync 1 DAGs
[2026-02-21T17:10:42.331+0000] {logging_mixin.py:190} INFO - [2026-02-21T17:10:42.331+0000] {dag.py:4180} INFO - Setting next_dagrun for ETL_json_postgresql to 2026-02-21 00:00:00+00:00, run_after=2026-02-22 00:00:00+00:00
[2026-02-21T17:10:42.391+0000] {processor.py:208} INFO - Processing /opt/airflow/dags/ETL_json_postgresql_dag/etl_json_postgresql.py took 0.297 seconds
[2026-02-21T17:11:12.901+0000] {processor.py:186} INFO - Started process (PID=1307) to work on /opt/airflow/dags/ETL_json_postgresql_dag/etl_json_postgresql.py
[2026-02-21T17:11:12.903+0000] {processor.py:914} INFO - Processing file /opt/airflow/dags/ETL_json_postgresql_dag/etl_json_postgresql.py for tasks to queue
[2026-02-21T17:11:12.907+0000] {logging_mixin.py:190} INFO - [2026-02-21T17:11:12.906+0000] {dagbag.py:588} INFO - Filling up the DagBag from /opt/airflow/dags/ETL_json_postgresql_dag/etl_json_postgresql.py
[2026-02-21T17:11:12.944+0000] {processor.py:925} INFO - DAG(s) 'ETL_json_postgresql' retrieved from /opt/airflow/dags/ETL_json_postgresql_dag/etl_json_postgresql.py
[2026-02-21T17:11:12.975+0000] {logging_mixin.py:190} INFO - [2026-02-21T17:11:12.975+0000] {dag.py:3239} INFO - Sync 1 DAGs
[2026-02-21T17:11:13.006+0000] {logging_mixin.py:190} INFO - [2026-02-21T17:11:13.006+0000] {dag.py:4180} INFO - Setting next_dagrun for ETL_json_postgresql to 2026-02-21 00:00:00+00:00, run_after=2026-02-22 00:00:00+00:00
[2026-02-21T17:11:13.035+0000] {processor.py:208} INFO - Processing /opt/airflow/dags/ETL_json_postgresql_dag/etl_json_postgresql.py took 0.143 seconds
[2026-02-21T17:11:43.468+0000] {processor.py:186} INFO - Started process (PID=1372) to work on /opt/airflow/dags/ETL_json_postgresql_dag/etl_json_postgresql.py
[2026-02-21T17:11:43.470+0000] {processor.py:914} INFO - Processing file /opt/airflow/dags/ETL_json_postgresql_dag/etl_json_postgresql.py for tasks to queue
[2026-02-21T17:11:43.473+0000] {logging_mixin.py:190} INFO - [2026-02-21T17:11:43.472+0000] {dagbag.py:588} INFO - Filling up the DagBag from /opt/airflow/dags/ETL_json_postgresql_dag/etl_json_postgresql.py
[2026-02-21T17:11:43.516+0000] {processor.py:925} INFO - DAG(s) 'ETL_json_postgresql' retrieved from /opt/airflow/dags/ETL_json_postgresql_dag/etl_json_postgresql.py
[2026-02-21T17:11:43.541+0000] {logging_mixin.py:190} INFO - [2026-02-21T17:11:43.541+0000] {dag.py:3239} INFO - Sync 1 DAGs
[2026-02-21T17:11:43.569+0000] {logging_mixin.py:190} INFO - [2026-02-21T17:11:43.569+0000] {dag.py:4180} INFO - Setting next_dagrun for ETL_json_postgresql to 2026-02-21 00:00:00+00:00, run_after=2026-02-22 00:00:00+00:00
[2026-02-21T17:11:43.599+0000] {processor.py:208} INFO - Processing /opt/airflow/dags/ETL_json_postgresql_dag/etl_json_postgresql.py took 0.138 seconds
[2026-02-21T17:12:14.197+0000] {processor.py:186} INFO - Started process (PID=1435) to work on /opt/airflow/dags/ETL_json_postgresql_dag/etl_json_postgresql.py
[2026-02-21T17:12:14.207+0000] {processor.py:914} INFO - Processing file /opt/airflow/dags/ETL_json_postgresql_dag/etl_json_postgresql.py for tasks to queue
[2026-02-21T17:12:14.219+0000] {logging_mixin.py:190} INFO - [2026-02-21T17:12:14.217+0000] {dagbag.py:588} INFO - Filling up the DagBag from /opt/airflow/dags/ETL_json_postgresql_dag/etl_json_postgresql.py
[2026-02-21T17:12:14.323+0000] {processor.py:925} INFO - DAG(s) 'ETL_json_postgresql' retrieved from /opt/airflow/dags/ETL_json_postgresql_dag/etl_json_postgresql.py
[2026-02-21T17:12:14.405+0000] {logging_mixin.py:190} INFO - [2026-02-21T17:12:14.403+0000] {dag.py:3239} INFO - Sync 1 DAGs
[2026-02-21T17:12:14.517+0000] {logging_mixin.py:190} INFO - [2026-02-21T17:12:14.516+0000] {dag.py:4180} INFO - Setting next_dagrun for ETL_json_postgresql to 2026-02-21 00:00:00+00:00, run_after=2026-02-22 00:00:00+00:00
[2026-02-21T17:12:14.596+0000] {processor.py:208} INFO - Processing /opt/airflow/dags/ETL_json_postgresql_dag/etl_json_postgresql.py took 0.423 seconds
[2026-02-21T17:12:44.701+0000] {processor.py:186} INFO - Started process (PID=1498) to work on /opt/airflow/dags/ETL_json_postgresql_dag/etl_json_postgresql.py
[2026-02-21T17:12:44.703+0000] {processor.py:914} INFO - Processing file /opt/airflow/dags/ETL_json_postgresql_dag/etl_json_postgresql.py for tasks to queue
[2026-02-21T17:12:44.706+0000] {logging_mixin.py:190} INFO - [2026-02-21T17:12:44.706+0000] {dagbag.py:588} INFO - Filling up the DagBag from /opt/airflow/dags/ETL_json_postgresql_dag/etl_json_postgresql.py
[2026-02-21T17:12:44.747+0000] {processor.py:925} INFO - DAG(s) 'ETL_json_postgresql' retrieved from /opt/airflow/dags/ETL_json_postgresql_dag/etl_json_postgresql.py
[2026-02-21T17:12:44.772+0000] {logging_mixin.py:190} INFO - [2026-02-21T17:12:44.771+0000] {dag.py:3239} INFO - Sync 1 DAGs
[2026-02-21T17:12:44.799+0000] {logging_mixin.py:190} INFO - [2026-02-21T17:12:44.799+0000] {dag.py:4180} INFO - Setting next_dagrun for ETL_json_postgresql to 2026-02-21 00:00:00+00:00, run_after=2026-02-22 00:00:00+00:00
[2026-02-21T17:12:44.830+0000] {processor.py:208} INFO - Processing /opt/airflow/dags/ETL_json_postgresql_dag/etl_json_postgresql.py took 0.136 seconds
[2026-02-21T17:13:15.195+0000] {processor.py:186} INFO - Started process (PID=1556) to work on /opt/airflow/dags/ETL_json_postgresql_dag/etl_json_postgresql.py
[2026-02-21T17:13:15.197+0000] {processor.py:914} INFO - Processing file /opt/airflow/dags/ETL_json_postgresql_dag/etl_json_postgresql.py for tasks to queue
[2026-02-21T17:13:15.202+0000] {logging_mixin.py:190} INFO - [2026-02-21T17:13:15.201+0000] {dagbag.py:588} INFO - Filling up the DagBag from /opt/airflow/dags/ETL_json_postgresql_dag/etl_json_postgresql.py
[2026-02-21T17:13:15.244+0000] {processor.py:925} INFO - DAG(s) 'ETL_json_postgresql' retrieved from /opt/airflow/dags/ETL_json_postgresql_dag/etl_json_postgresql.py
[2026-02-21T17:13:15.276+0000] {logging_mixin.py:190} INFO - [2026-02-21T17:13:15.275+0000] {dag.py:3239} INFO - Sync 1 DAGs
[2026-02-21T17:13:15.318+0000] {logging_mixin.py:190} INFO - [2026-02-21T17:13:15.317+0000] {dag.py:4180} INFO - Setting next_dagrun for ETL_json_postgresql to 2026-02-21 00:00:00+00:00, run_after=2026-02-22 00:00:00+00:00
[2026-02-21T17:13:15.359+0000] {processor.py:208} INFO - Processing /opt/airflow/dags/ETL_json_postgresql_dag/etl_json_postgresql.py took 0.174 seconds
[2026-02-21T19:41:11.893+0000] {processor.py:186} INFO - Started process (PID=1623) to work on /opt/airflow/dags/ETL_json_postgresql_dag/etl_json_postgresql.py
[2026-02-21T19:41:11.904+0000] {processor.py:914} INFO - Processing file /opt/airflow/dags/ETL_json_postgresql_dag/etl_json_postgresql.py for tasks to queue
[2026-02-21T19:41:11.932+0000] {logging_mixin.py:190} INFO - [2026-02-21T19:41:11.930+0000] {dagbag.py:588} INFO - Filling up the DagBag from /opt/airflow/dags/ETL_json_postgresql_dag/etl_json_postgresql.py
[2026-02-21T19:41:12.175+0000] {processor.py:925} INFO - DAG(s) 'ETL_json_postgresql' retrieved from /opt/airflow/dags/ETL_json_postgresql_dag/etl_json_postgresql.py
[2026-02-21T19:41:12.294+0000] {logging_mixin.py:190} INFO - [2026-02-21T19:41:12.294+0000] {dag.py:3239} INFO - Sync 1 DAGs
[2026-02-21T19:41:12.372+0000] {logging_mixin.py:190} INFO - [2026-02-21T19:41:12.371+0000] {dag.py:4180} INFO - Setting next_dagrun for ETL_json_postgresql to 2026-02-21 00:00:00+00:00, run_after=2026-02-22 00:00:00+00:00
[2026-02-21T19:41:12.442+0000] {processor.py:208} INFO - Processing /opt/airflow/dags/ETL_json_postgresql_dag/etl_json_postgresql.py took 0.671 seconds
[2026-02-21T19:41:43.337+0000] {processor.py:186} INFO - Started process (PID=2281) to work on /opt/airflow/dags/ETL_json_postgresql_dag/etl_json_postgresql.py
[2026-02-21T19:41:43.341+0000] {processor.py:914} INFO - Processing file /opt/airflow/dags/ETL_json_postgresql_dag/etl_json_postgresql.py for tasks to queue
[2026-02-21T19:41:43.347+0000] {logging_mixin.py:190} INFO - [2026-02-21T19:41:43.346+0000] {dagbag.py:588} INFO - Filling up the DagBag from /opt/airflow/dags/ETL_json_postgresql_dag/etl_json_postgresql.py
[2026-02-21T19:41:43.458+0000] {processor.py:925} INFO - DAG(s) 'ETL_json_postgresql' retrieved from /opt/airflow/dags/ETL_json_postgresql_dag/etl_json_postgresql.py
[2026-02-21T19:41:43.580+0000] {logging_mixin.py:190} INFO - [2026-02-21T19:41:43.579+0000] {dag.py:3239} INFO - Sync 1 DAGs
[2026-02-21T19:41:43.742+0000] {logging_mixin.py:190} INFO - [2026-02-21T19:41:43.740+0000] {dag.py:4180} INFO - Setting next_dagrun for ETL_json_postgresql to 2026-02-21 00:00:00+00:00, run_after=2026-02-22 00:00:00+00:00
[2026-02-21T19:41:43.853+0000] {processor.py:208} INFO - Processing /opt/airflow/dags/ETL_json_postgresql_dag/etl_json_postgresql.py took 0.540 seconds
[2026-02-21T20:16:51.476+0000] {processor.py:186} INFO - Started process (PID=2349) to work on /opt/airflow/dags/ETL_json_postgresql_dag/etl_json_postgresql.py
[2026-02-21T20:16:51.500+0000] {processor.py:914} INFO - Processing file /opt/airflow/dags/ETL_json_postgresql_dag/etl_json_postgresql.py for tasks to queue
[2026-02-21T20:16:51.513+0000] {logging_mixin.py:190} INFO - [2026-02-21T20:16:51.511+0000] {dagbag.py:588} INFO - Filling up the DagBag from /opt/airflow/dags/ETL_json_postgresql_dag/etl_json_postgresql.py
[2026-02-21T20:16:52.113+0000] {processor.py:925} INFO - DAG(s) 'ETL_json_postgresql' retrieved from /opt/airflow/dags/ETL_json_postgresql_dag/etl_json_postgresql.py
[2026-02-21T20:16:52.500+0000] {logging_mixin.py:190} INFO - [2026-02-21T20:16:52.498+0000] {dag.py:3239} INFO - Sync 1 DAGs
[2026-02-21T20:16:53.013+0000] {logging_mixin.py:190} INFO - [2026-02-21T20:16:53.011+0000] {dag.py:4180} INFO - Setting next_dagrun for ETL_json_postgresql to 2026-02-21 00:00:00+00:00, run_after=2026-02-22 00:00:00+00:00
[2026-02-21T20:16:53.228+0000] {processor.py:208} INFO - Processing /opt/airflow/dags/ETL_json_postgresql_dag/etl_json_postgresql.py took 1.796 seconds
[2026-02-21T20:58:59.537+0000] {processor.py:186} INFO - Started process (PID=2381) to work on /opt/airflow/dags/ETL_json_postgresql_dag/etl_json_postgresql.py
[2026-02-21T20:58:59.566+0000] {processor.py:914} INFO - Processing file /opt/airflow/dags/ETL_json_postgresql_dag/etl_json_postgresql.py for tasks to queue
[2026-02-21T20:58:59.697+0000] {logging_mixin.py:190} INFO - [2026-02-21T20:58:59.643+0000] {dagbag.py:588} INFO - Filling up the DagBag from /opt/airflow/dags/ETL_json_postgresql_dag/etl_json_postgresql.py
[2026-02-21T20:59:01.291+0000] {processor.py:925} INFO - DAG(s) 'ETL_json_postgresql' retrieved from /opt/airflow/dags/ETL_json_postgresql_dag/etl_json_postgresql.py
[2026-02-21T20:59:03.243+0000] {logging_mixin.py:190} INFO - [2026-02-21T20:59:03.232+0000] {dag.py:3239} INFO - Sync 1 DAGs
[2026-02-21T20:59:04.027+0000] {logging_mixin.py:190} INFO - [2026-02-21T20:59:04.017+0000] {dag.py:4180} INFO - Setting next_dagrun for ETL_json_postgresql to 2026-02-21 00:00:00+00:00, run_after=2026-02-22 00:00:00+00:00
[2026-02-21T20:59:04.635+0000] {processor.py:208} INFO - Processing /opt/airflow/dags/ETL_json_postgresql_dag/etl_json_postgresql.py took 5.043 seconds
[2026-02-21T21:00:16.682+0000] {processor.py:186} INFO - Started process (PID=2452) to work on /opt/airflow/dags/ETL_json_postgresql_dag/etl_json_postgresql.py
[2026-02-21T21:00:16.689+0000] {processor.py:914} INFO - Processing file /opt/airflow/dags/ETL_json_postgresql_dag/etl_json_postgresql.py for tasks to queue
[2026-02-21T21:00:16.706+0000] {logging_mixin.py:190} INFO - [2026-02-21T21:00:16.703+0000] {dagbag.py:588} INFO - Filling up the DagBag from /opt/airflow/dags/ETL_json_postgresql_dag/etl_json_postgresql.py
[2026-02-21T21:00:17.115+0000] {processor.py:925} INFO - DAG(s) 'ETL_json_postgresql' retrieved from /opt/airflow/dags/ETL_json_postgresql_dag/etl_json_postgresql.py
[2026-02-21T21:00:17.224+0000] {logging_mixin.py:190} INFO - [2026-02-21T21:00:17.223+0000] {dag.py:3239} INFO - Sync 1 DAGs
[2026-02-21T21:00:17.349+0000] {logging_mixin.py:190} INFO - [2026-02-21T21:00:17.348+0000] {dag.py:4180} INFO - Setting next_dagrun for ETL_json_postgresql to 2026-02-21 00:00:00+00:00, run_after=2026-02-22 00:00:00+00:00
[2026-02-21T21:00:17.636+0000] {processor.py:208} INFO - Processing /opt/airflow/dags/ETL_json_postgresql_dag/etl_json_postgresql.py took 0.986 seconds
[2026-02-21T21:00:49.181+0000] {processor.py:186} INFO - Started process (PID=2496) to work on /opt/airflow/dags/ETL_json_postgresql_dag/etl_json_postgresql.py
[2026-02-21T21:00:49.193+0000] {processor.py:914} INFO - Processing file /opt/airflow/dags/ETL_json_postgresql_dag/etl_json_postgresql.py for tasks to queue
[2026-02-21T21:00:49.214+0000] {logging_mixin.py:190} INFO - [2026-02-21T21:00:49.212+0000] {dagbag.py:588} INFO - Filling up the DagBag from /opt/airflow/dags/ETL_json_postgresql_dag/etl_json_postgresql.py
[2026-02-21T21:00:49.478+0000] {processor.py:925} INFO - DAG(s) 'ETL_json_postgresql' retrieved from /opt/airflow/dags/ETL_json_postgresql_dag/etl_json_postgresql.py
[2026-02-21T21:00:49.650+0000] {logging_mixin.py:190} INFO - [2026-02-21T21:00:49.649+0000] {dag.py:3239} INFO - Sync 1 DAGs
[2026-02-21T21:00:49.870+0000] {logging_mixin.py:190} INFO - [2026-02-21T21:00:49.868+0000] {dag.py:4180} INFO - Setting next_dagrun for ETL_json_postgresql to 2026-02-21 00:00:00+00:00, run_after=2026-02-22 00:00:00+00:00
[2026-02-21T21:00:50.068+0000] {processor.py:208} INFO - Processing /opt/airflow/dags/ETL_json_postgresql_dag/etl_json_postgresql.py took 0.968 seconds
[2026-02-21T21:09:17.614+0000] {processor.py:186} INFO - Started process (PID=2552) to work on /opt/airflow/dags/ETL_json_postgresql_dag/etl_json_postgresql.py
[2026-02-21T21:09:17.632+0000] {processor.py:914} INFO - Processing file /opt/airflow/dags/ETL_json_postgresql_dag/etl_json_postgresql.py for tasks to queue
[2026-02-21T21:09:17.667+0000] {logging_mixin.py:190} INFO - [2026-02-21T21:09:17.652+0000] {dagbag.py:588} INFO - Filling up the DagBag from /opt/airflow/dags/ETL_json_postgresql_dag/etl_json_postgresql.py
[2026-02-21T21:09:18.568+0000] {processor.py:925} INFO - DAG(s) 'ETL_json_postgresql' retrieved from /opt/airflow/dags/ETL_json_postgresql_dag/etl_json_postgresql.py
[2026-02-21T21:09:18.882+0000] {logging_mixin.py:190} INFO - [2026-02-21T21:09:18.873+0000] {dag.py:3239} INFO - Sync 1 DAGs
[2026-02-21T21:09:19.234+0000] {logging_mixin.py:190} INFO - [2026-02-21T21:09:19.233+0000] {dag.py:4180} INFO - Setting next_dagrun for ETL_json_postgresql to 2026-02-21 00:00:00+00:00, run_after=2026-02-22 00:00:00+00:00
[2026-02-21T21:09:19.571+0000] {processor.py:208} INFO - Processing /opt/airflow/dags/ETL_json_postgresql_dag/etl_json_postgresql.py took 2.081 seconds
[2026-02-21T21:34:03.636+0000] {processor.py:186} INFO - Started process (PID=2599) to work on /opt/airflow/dags/ETL_json_postgresql_dag/etl_json_postgresql.py
[2026-02-21T21:34:03.657+0000] {processor.py:914} INFO - Processing file /opt/airflow/dags/ETL_json_postgresql_dag/etl_json_postgresql.py for tasks to queue
[2026-02-21T21:34:03.689+0000] {logging_mixin.py:190} INFO - [2026-02-21T21:34:03.677+0000] {dagbag.py:588} INFO - Filling up the DagBag from /opt/airflow/dags/ETL_json_postgresql_dag/etl_json_postgresql.py
[2026-02-21T21:34:04.380+0000] {processor.py:925} INFO - DAG(s) 'ETL_json_postgresql' retrieved from /opt/airflow/dags/ETL_json_postgresql_dag/etl_json_postgresql.py
[2026-02-21T21:34:05.839+0000] {logging_mixin.py:190} INFO - [2026-02-21T21:34:05.822+0000] {dag.py:3239} INFO - Sync 1 DAGs
[2026-02-21T21:34:06.232+0000] {logging_mixin.py:190} INFO - [2026-02-21T21:34:06.231+0000] {dag.py:4180} INFO - Setting next_dagrun for ETL_json_postgresql to 2026-02-21 00:00:00+00:00, run_after=2026-02-22 00:00:00+00:00
[2026-02-21T21:34:06.474+0000] {processor.py:208} INFO - Processing /opt/airflow/dags/ETL_json_postgresql_dag/etl_json_postgresql.py took 3.043 seconds
[2026-02-21T21:35:41.074+0000] {processor.py:186} INFO - Started process (PID=2667) to work on /opt/airflow/dags/ETL_json_postgresql_dag/etl_json_postgresql.py
[2026-02-21T21:35:41.078+0000] {processor.py:914} INFO - Processing file /opt/airflow/dags/ETL_json_postgresql_dag/etl_json_postgresql.py for tasks to queue
[2026-02-21T21:35:41.095+0000] {logging_mixin.py:190} INFO - [2026-02-21T21:35:41.093+0000] {dagbag.py:588} INFO - Filling up the DagBag from /opt/airflow/dags/ETL_json_postgresql_dag/etl_json_postgresql.py
[2026-02-21T21:35:41.579+0000] {processor.py:925} INFO - DAG(s) 'ETL_json_postgresql' retrieved from /opt/airflow/dags/ETL_json_postgresql_dag/etl_json_postgresql.py
[2026-02-21T21:35:41.757+0000] {logging_mixin.py:190} INFO - [2026-02-21T21:35:41.756+0000] {dag.py:3239} INFO - Sync 1 DAGs
[2026-02-21T21:35:42.056+0000] {logging_mixin.py:190} INFO - [2026-02-21T21:35:42.045+0000] {dag.py:4180} INFO - Setting next_dagrun for ETL_json_postgresql to 2026-02-21 00:00:00+00:00, run_after=2026-02-22 00:00:00+00:00
[2026-02-21T21:35:42.303+0000] {processor.py:208} INFO - Processing /opt/airflow/dags/ETL_json_postgresql_dag/etl_json_postgresql.py took 1.277 seconds
