[2026-01-20T16:12:33.292+0000] {local_task_job_runner.py:123} INFO - ::group::Pre task execution logs
[2026-01-20T16:12:33.378+0000] {taskinstance.py:2614} INFO - Dependencies all met for dep_context=non-requeueable deps ti=<TaskInstance: ELT_postgresql.daily_sales_country_currency manual__2026-01-20T16:12:14.863041+00:00 [queued]>
[2026-01-20T16:12:33.416+0000] {taskinstance.py:2614} INFO - Dependencies all met for dep_context=requeueable deps ti=<TaskInstance: ELT_postgresql.daily_sales_country_currency manual__2026-01-20T16:12:14.863041+00:00 [queued]>
[2026-01-20T16:12:33.418+0000] {taskinstance.py:2867} INFO - Starting attempt 1 of 1
[2026-01-20T16:12:33.465+0000] {taskinstance.py:2890} INFO - Executing <Task(BashOperator): daily_sales_country_currency> on 2026-01-20 16:12:14.863041+00:00
[2026-01-20T16:12:33.485+0000] {warnings.py:112} WARNING - /home/***/.local/lib/python3.12/site-packages/***/task/task_runner/standard_task_runner.py:70: DeprecationWarning: This process (pid=96) is multi-threaded, use of fork() may lead to deadlocks in the child.
  pid = os.fork()

[2026-01-20T16:12:33.492+0000] {standard_task_runner.py:72} INFO - Started process 112 to run task
[2026-01-20T16:12:33.494+0000] {standard_task_runner.py:104} INFO - Running: ['***', 'tasks', 'run', 'ELT_postgresql', 'daily_sales_country_currency', 'manual__2026-01-20T16:12:14.863041+00:00', '--job-id', '22', '--raw', '--subdir', 'DAGS_FOLDER/ETL_postgresql_dag/etl_postgresql.py', '--cfg-path', '/tmp/tmp3ea97hn1']
[2026-01-20T16:12:33.501+0000] {standard_task_runner.py:105} INFO - Job 22: Subtask daily_sales_country_currency
[2026-01-20T16:12:33.689+0000] {task_command.py:467} INFO - Running <TaskInstance: ELT_postgresql.daily_sales_country_currency manual__2026-01-20T16:12:14.863041+00:00 [running]> on host a20474984fd9
[2026-01-20T16:12:34.038+0000] {taskinstance.py:3134} INFO - Exporting env vars: AIRFLOW_CTX_DAG_OWNER='Bereket Tafesse' AIRFLOW_CTX_DAG_ID='ELT_postgresql' AIRFLOW_CTX_TASK_ID='daily_sales_country_currency' AIRFLOW_CTX_EXECUTION_DATE='2026-01-20T16:12:14.863041+00:00' AIRFLOW_CTX_TRY_NUMBER='1' AIRFLOW_CTX_DAG_RUN_ID='manual__2026-01-20T16:12:14.863041+00:00'
[2026-01-20T16:12:34.046+0000] {logging_mixin.py:190} INFO - Task instance is in running state
[2026-01-20T16:12:34.049+0000] {logging_mixin.py:190} INFO -  Previous state of the Task instance: queued
[2026-01-20T16:12:34.051+0000] {logging_mixin.py:190} INFO - Current task name:daily_sales_country_currency state:running start_date:2026-01-20 16:12:33.380720+00:00
[2026-01-20T16:12:34.054+0000] {logging_mixin.py:190} INFO - Dag name:ELT_postgresql and current dag run status:running
[2026-01-20T16:12:34.057+0000] {taskinstance.py:732} INFO - ::endgroup::
[2026-01-20T16:12:34.063+0000] {subprocess.py:78} INFO - Tmp dir root location: /tmp
[2026-01-20T16:12:34.068+0000] {subprocess.py:88} INFO - Running command: ['/usr/bin/bash', '-c', 'python /opt/***/dags/ETL_postgresql_dag/python_tasks/daily_sales_country_currency.py']
[2026-01-20T16:12:34.126+0000] {subprocess.py:99} INFO - Output:
[2026-01-20T16:12:48.807+0000] {subprocess.py:106} INFO - [2026-01-20T16:12:48.801+0000] {base.py:84} INFO - Retrieving connection 'postgresql_connection'
[2026-01-20T16:12:48.830+0000] {subprocess.py:106} INFO - [2026-01-20T16:12:48.828+0000] {sql.py:511} INFO - Running statement:
[2026-01-20T16:12:48.832+0000] {subprocess.py:106} INFO -         DROP TABLE IF EXISTS daily_sales_country_currency;
[2026-01-20T16:12:48.835+0000] {subprocess.py:106} INFO - 
[2026-01-20T16:12:48.837+0000] {subprocess.py:106} INFO -         CREATE TABLE daily_sales_country_currency AS
[2026-01-20T16:12:48.839+0000] {subprocess.py:106} INFO -         SELECT
[2026-01-20T16:12:48.841+0000] {subprocess.py:106} INFO -             DATE(purchase_timestamp) AS purchase_date,
[2026-01-20T16:12:48.843+0000] {subprocess.py:106} INFO -             store_country,
[2026-01-20T16:12:48.845+0000] {subprocess.py:106} INFO -             currency,
[2026-01-20T16:12:48.847+0000] {subprocess.py:106} INFO -             SUM(total_amount) AS daily_total_sales,
[2026-01-20T16:12:48.850+0000] {subprocess.py:106} INFO -             COUNT(DISTINCT transaction_id) AS number_of_transactions,
[2026-01-20T16:12:48.852+0000] {subprocess.py:106} INFO -             AVG(total_amount) AS average_transaction_value
[2026-01-20T16:12:48.854+0000] {subprocess.py:106} INFO -         FROM exploded_products
[2026-01-20T16:12:48.856+0000] {subprocess.py:106} INFO -         GROUP BY DATE(purchase_timestamp), store_country, currency;
[2026-01-20T16:12:48.858+0000] {subprocess.py:106} INFO -     , parameters: None
[2026-01-20T16:12:48.860+0000] {subprocess.py:106} INFO - Traceback (most recent call last):
[2026-01-20T16:12:48.861+0000] {subprocess.py:106} INFO -   File "/opt/***/dags/ETL_postgresql_dag/python_tasks/daily_sales_country_currency.py", line 22, in <module>
[2026-01-20T16:12:48.863+0000] {subprocess.py:106} INFO -     staging_daily_sales_country_currency()
[2026-01-20T16:12:48.865+0000] {subprocess.py:106} INFO -   File "/opt/***/dags/ETL_postgresql_dag/python_tasks/daily_sales_country_currency.py", line 6, in staging_daily_sales_country_currency
[2026-01-20T16:12:48.867+0000] {subprocess.py:106} INFO -     postgres_hook.run("""
[2026-01-20T16:12:48.871+0000] {subprocess.py:106} INFO -   File "/home/***/.local/lib/python3.12/site-packages/***/providers/common/sql/hooks/sql.py", line 467, in run
[2026-01-20T16:12:48.874+0000] {subprocess.py:106} INFO -     self._run_command(cur, sql_statement, parameters)
[2026-01-20T16:12:48.877+0000] {subprocess.py:106} INFO -   File "/home/***/.local/lib/python3.12/site-packages/***/providers/common/sql/hooks/sql.py", line 516, in _run_command
[2026-01-20T16:12:48.878+0000] {subprocess.py:106} INFO -     cur.execute(sql_statement)
[2026-01-20T16:12:48.880+0000] {subprocess.py:106} INFO - psycopg2.errors.UndefinedColumn: column "purchase_timestamp" does not exist
[2026-01-20T16:12:48.882+0000] {subprocess.py:106} INFO - LINE 6:             DATE(purchase_timestamp) AS purchase_date,
[2026-01-20T16:12:48.886+0000] {subprocess.py:106} INFO -                          ^
[2026-01-20T16:12:48.888+0000] {subprocess.py:106} INFO - HINT:  Perhaps you meant to reference the column "exploded_products.purchase_timsetamp".
[2026-01-20T16:12:48.890+0000] {subprocess.py:106} INFO - 
[2026-01-20T16:12:49.947+0000] {subprocess.py:110} INFO - Command exited with return code 1
[2026-01-20T16:12:50.009+0000] {taskinstance.py:3313} ERROR - Task failed with exception
Traceback (most recent call last):
  File "/home/airflow/.local/lib/python3.12/site-packages/airflow/models/taskinstance.py", line 768, in _execute_task
    result = _execute_callable(context=context, **execute_callable_kwargs)
             ^^^^^^^^^^^^^^^^^^^^^^^^^^^^^^^^^^^^^^^^^^^^^^^^^^^^^^^^^^^^^
  File "/home/airflow/.local/lib/python3.12/site-packages/airflow/models/taskinstance.py", line 734, in _execute_callable
    return ExecutionCallableRunner(
           ^^^^^^^^^^^^^^^^^^^^^^^^
  File "/home/airflow/.local/lib/python3.12/site-packages/airflow/utils/operator_helpers.py", line 252, in run
    return self.func(*args, **kwargs)
           ^^^^^^^^^^^^^^^^^^^^^^^^^^
  File "/home/airflow/.local/lib/python3.12/site-packages/airflow/models/baseoperator.py", line 424, in wrapper
    return func(self, *args, **kwargs)
           ^^^^^^^^^^^^^^^^^^^^^^^^^^^
  File "/home/airflow/.local/lib/python3.12/site-packages/airflow/operators/bash.py", line 276, in execute
    raise AirflowException(
airflow.exceptions.AirflowException: Bash command failed. The command returned a non-zero exit code 1.
[2026-01-20T16:12:50.036+0000] {logging_mixin.py:190} INFO - Task instance in failure state
[2026-01-20T16:12:50.040+0000] {logging_mixin.py:190} INFO - Task start:2026-01-20 16:12:33.380720+00:00 end:2026-01-20 16:12:50.031903+00:00 duration:16.651183
[2026-01-20T16:12:50.044+0000] {logging_mixin.py:190} INFO - Task:<Task(BashOperator): daily_sales_country_currency> dag:<DAG: ELT_postgresql> dagrun:<DagRun ELT_postgresql @ 2026-01-20 16:12:14.863041+00:00: manual__2026-01-20T16:12:14.863041+00:00, state:running, queued_at: 2026-01-20 16:12:14.918684+00:00. externally triggered: True>
[2026-01-20T16:12:50.048+0000] {logging_mixin.py:190} INFO - Failure caused by Bash command failed. The command returned a non-zero exit code 1.
[2026-01-20T16:12:50.053+0000] {taskinstance.py:1226} INFO - Marking task as FAILED. dag_id=ELT_postgresql, task_id=daily_sales_country_currency, run_id=manual__2026-01-20T16:12:14.863041+00:00, execution_date=20260120T161214, start_date=20260120T161233, end_date=20260120T161250
[2026-01-20T16:12:50.232+0000] {taskinstance.py:341} INFO - ::group::Post task execution logs
[2026-01-20T16:12:50.237+0000] {standard_task_runner.py:124} ERROR - Failed to execute job 22 for task daily_sales_country_currency (Bash command failed. The command returned a non-zero exit code 1.; 112)
Traceback (most recent call last):
  File "/home/airflow/.local/lib/python3.12/site-packages/airflow/task/task_runner/standard_task_runner.py", line 117, in _start_by_fork
    ret = args.func(args, dag=self.dag)
          ^^^^^^^^^^^^^^^^^^^^^^^^^^^^^
  File "/home/airflow/.local/lib/python3.12/site-packages/airflow/cli/cli_config.py", line 49, in command
    return func(*args, **kwargs)
           ^^^^^^^^^^^^^^^^^^^^^
  File "/home/airflow/.local/lib/python3.12/site-packages/airflow/utils/cli.py", line 116, in wrapper
    return f(*args, **kwargs)
           ^^^^^^^^^^^^^^^^^^
  File "/home/airflow/.local/lib/python3.12/site-packages/airflow/cli/commands/task_command.py", line 483, in task_run
    task_return_code = _run_task_by_selected_method(args, _dag, ti)
                       ^^^^^^^^^^^^^^^^^^^^^^^^^^^^^^^^^^^^^^^^^^^^
  File "/home/airflow/.local/lib/python3.12/site-packages/airflow/cli/commands/task_command.py", line 256, in _run_task_by_selected_method
    return _run_raw_task(args, ti)
           ^^^^^^^^^^^^^^^^^^^^^^^
  File "/home/airflow/.local/lib/python3.12/site-packages/airflow/cli/commands/task_command.py", line 341, in _run_raw_task
    return ti._run_raw_task(
           ^^^^^^^^^^^^^^^^^
  File "/home/airflow/.local/lib/python3.12/site-packages/airflow/utils/session.py", line 97, in wrapper
    return func(*args, session=session, **kwargs)
           ^^^^^^^^^^^^^^^^^^^^^^^^^^^^^^^^^^^^^^
  File "/home/airflow/.local/lib/python3.12/site-packages/airflow/models/taskinstance.py", line 3006, in _run_raw_task
    return _run_raw_task(
           ^^^^^^^^^^^^^^
  File "/home/airflow/.local/lib/python3.12/site-packages/airflow/models/taskinstance.py", line 274, in _run_raw_task
    TaskInstance._execute_task_with_callbacks(
  File "/home/airflow/.local/lib/python3.12/site-packages/airflow/models/taskinstance.py", line 3161, in _execute_task_with_callbacks
    result = self._execute_task(context, task_orig)
             ^^^^^^^^^^^^^^^^^^^^^^^^^^^^^^^^^^^^^^
  File "/home/airflow/.local/lib/python3.12/site-packages/airflow/models/taskinstance.py", line 3185, in _execute_task
    return _execute_task(self, context, task_orig)
           ^^^^^^^^^^^^^^^^^^^^^^^^^^^^^^^^^^^^^^^
  File "/home/airflow/.local/lib/python3.12/site-packages/airflow/models/taskinstance.py", line 768, in _execute_task
    result = _execute_callable(context=context, **execute_callable_kwargs)
             ^^^^^^^^^^^^^^^^^^^^^^^^^^^^^^^^^^^^^^^^^^^^^^^^^^^^^^^^^^^^^
  File "/home/airflow/.local/lib/python3.12/site-packages/airflow/models/taskinstance.py", line 734, in _execute_callable
    return ExecutionCallableRunner(
           ^^^^^^^^^^^^^^^^^^^^^^^^
  File "/home/airflow/.local/lib/python3.12/site-packages/airflow/utils/operator_helpers.py", line 252, in run
    return self.func(*args, **kwargs)
           ^^^^^^^^^^^^^^^^^^^^^^^^^^
  File "/home/airflow/.local/lib/python3.12/site-packages/airflow/models/baseoperator.py", line 424, in wrapper
    return func(self, *args, **kwargs)
           ^^^^^^^^^^^^^^^^^^^^^^^^^^^
  File "/home/airflow/.local/lib/python3.12/site-packages/airflow/operators/bash.py", line 276, in execute
    raise AirflowException(
airflow.exceptions.AirflowException: Bash command failed. The command returned a non-zero exit code 1.
[2026-01-20T16:12:50.320+0000] {local_task_job_runner.py:266} INFO - Task exited with return code 1
[2026-01-20T16:12:50.420+0000] {taskinstance.py:3901} INFO - 0 downstream tasks scheduled from follow-on schedule check
[2026-01-20T16:12:50.434+0000] {local_task_job_runner.py:245} INFO - ::endgroup::
