[2026-05-07T18:10:12.954+0000] {processor.py:186} INFO - Started process (PID=78) to work on /home/airflow/.local/lib/python3.12/site-packages/airflow/example_dags/example_subdag_operator.py
[2026-05-07T18:10:12.996+0000] {processor.py:914} INFO - Processing file /home/airflow/.local/lib/python3.12/site-packages/airflow/example_dags/example_subdag_operator.py for tasks to queue
[2026-05-07T18:10:13.050+0000] {logging_mixin.py:190} INFO - [2026-05-07T18:10:13.047+0000] {dagbag.py:588} INFO - Filling up the DagBag from /home/airflow/.local/lib/python3.12/site-packages/airflow/example_dags/example_subdag_operator.py
[2026-05-07T18:10:13.916+0000] {processor.py:925} INFO - DAG(s) 'example_subdag_operator.section-1', 'example_subdag_operator.section-2', 'example_subdag_operator' retrieved from /home/airflow/.local/lib/python3.12/site-packages/airflow/example_dags/example_subdag_operator.py
[2026-05-07T18:10:14.827+0000] {logging_mixin.py:190} INFO - [2026-05-07T18:10:14.825+0000] {dag.py:3239} INFO - Sync 3 DAGs
[2026-05-07T18:10:15.253+0000] {logging_mixin.py:190} INFO - [2026-05-07T18:10:15.252+0000] {dag.py:4180} INFO - Setting next_dagrun for example_subdag_operator to 2022-01-01 00:00:00+00:00, run_after=2022-01-01 00:00:00+00:00
[2026-05-07T18:10:15.344+0000] {logging_mixin.py:190} INFO - [2026-05-07T18:10:15.342+0000] {dag.py:4180} INFO - Setting next_dagrun for example_subdag_operator.section-1 to None, run_after=None
[2026-05-07T18:10:15.361+0000] {logging_mixin.py:190} INFO - [2026-05-07T18:10:15.360+0000] {dag.py:4180} INFO - Setting next_dagrun for example_subdag_operator.section-2 to None, run_after=None
[2026-05-07T18:10:15.520+0000] {logging_mixin.py:190} INFO - [2026-05-07T18:10:15.519+0000] {dag.py:3239} INFO - Sync 2 DAGs
[2026-05-07T18:10:15.688+0000] {logging_mixin.py:190} INFO - [2026-05-07T18:10:15.686+0000] {dag.py:4180} INFO - Setting next_dagrun for example_subdag_operator.section-1 to None, run_after=None
[2026-05-07T18:10:15.717+0000] {logging_mixin.py:190} INFO - [2026-05-07T18:10:15.714+0000] {dag.py:4180} INFO - Setting next_dagrun for example_subdag_operator.section-2 to None, run_after=None
[2026-05-07T18:10:16.048+0000] {processor.py:208} INFO - Processing /home/airflow/.local/lib/python3.12/site-packages/airflow/example_dags/example_subdag_operator.py took 3.386 seconds
[2026-05-07T18:18:50.165+0000] {processor.py:186} INFO - Started process (PID=176) to work on /home/airflow/.local/lib/python3.12/site-packages/airflow/example_dags/example_subdag_operator.py
[2026-05-07T18:18:50.179+0000] {processor.py:914} INFO - Processing file /home/airflow/.local/lib/python3.12/site-packages/airflow/example_dags/example_subdag_operator.py for tasks to queue
[2026-05-07T18:18:50.185+0000] {logging_mixin.py:190} INFO - [2026-05-07T18:18:50.183+0000] {dagbag.py:588} INFO - Filling up the DagBag from /home/airflow/.local/lib/python3.12/site-packages/airflow/example_dags/example_subdag_operator.py
[2026-05-07T18:18:50.488+0000] {processor.py:925} INFO - DAG(s) 'example_subdag_operator.section-1', 'example_subdag_operator.section-2', 'example_subdag_operator' retrieved from /home/airflow/.local/lib/python3.12/site-packages/airflow/example_dags/example_subdag_operator.py
[2026-05-07T18:18:50.710+0000] {logging_mixin.py:190} INFO - [2026-05-07T18:18:50.708+0000] {dag.py:3239} INFO - Sync 3 DAGs
[2026-05-07T18:18:51.086+0000] {logging_mixin.py:190} INFO - [2026-05-07T18:18:51.085+0000] {dag.py:4180} INFO - Setting next_dagrun for example_subdag_operator to 2022-01-01 00:00:00+00:00, run_after=2022-01-01 00:00:00+00:00
[2026-05-07T18:18:51.188+0000] {logging_mixin.py:190} INFO - [2026-05-07T18:18:51.186+0000] {dag.py:4180} INFO - Setting next_dagrun for example_subdag_operator.section-1 to None, run_after=None
[2026-05-07T18:18:51.223+0000] {logging_mixin.py:190} INFO - [2026-05-07T18:18:51.222+0000] {dag.py:4180} INFO - Setting next_dagrun for example_subdag_operator.section-2 to None, run_after=None
[2026-05-07T18:18:51.345+0000] {logging_mixin.py:190} INFO - [2026-05-07T18:18:51.344+0000] {dag.py:3239} INFO - Sync 2 DAGs
[2026-05-07T18:18:51.429+0000] {logging_mixin.py:190} INFO - [2026-05-07T18:18:51.428+0000] {dag.py:4180} INFO - Setting next_dagrun for example_subdag_operator.section-1 to None, run_after=None
[2026-05-07T18:18:51.432+0000] {logging_mixin.py:190} INFO - [2026-05-07T18:18:51.431+0000] {dag.py:4180} INFO - Setting next_dagrun for example_subdag_operator.section-2 to None, run_after=None
[2026-05-07T18:18:51.544+0000] {processor.py:208} INFO - Processing /home/airflow/.local/lib/python3.12/site-packages/airflow/example_dags/example_subdag_operator.py took 1.434 seconds
