[2026-01-20T14:44:54.789+0000] {local_task_job_runner.py:123} INFO - ::group::Pre task execution logs
[2026-01-20T14:44:54.895+0000] {taskinstance.py:2614} INFO - Dependencies all met for dep_context=non-requeueable deps ti=<TaskInstance: ETL_json_postgresql.load_data_to_mysql scheduled__2026-01-19T00:00:00+00:00 [queued]>
[2026-01-20T14:44:54.928+0000] {taskinstance.py:2614} INFO - Dependencies all met for dep_context=requeueable deps ti=<TaskInstance: ETL_json_postgresql.load_data_to_mysql scheduled__2026-01-19T00:00:00+00:00 [queued]>
[2026-01-20T14:44:54.932+0000] {taskinstance.py:2867} INFO - Starting attempt 1 of 1
[2026-01-20T14:44:54.987+0000] {taskinstance.py:2890} INFO - Executing <Task(PythonOperator): load_data_to_mysql> on 2026-01-19 00:00:00+00:00
[2026-01-20T14:44:55.070+0000] {warnings.py:112} WARNING - /home/***/.local/lib/python3.12/site-packages/***/task/task_runner/standard_task_runner.py:70: DeprecationWarning: This process (pid=103) is multi-threaded, use of fork() may lead to deadlocks in the child.
  pid = os.fork()

[2026-01-20T14:44:55.096+0000] {standard_task_runner.py:72} INFO - Started process 122 to run task
[2026-01-20T14:44:55.099+0000] {standard_task_runner.py:104} INFO - Running: ['***', 'tasks', 'run', 'ETL_json_postgresql', 'load_data_to_mysql', 'scheduled__2026-01-19T00:00:00+00:00', '--job-id', '11', '--raw', '--subdir', 'DAGS_FOLDER/ETL_json_postgresql_dag/etl_json_postgresql.py', '--cfg-path', '/tmp/tmp3_nc0ii9']
[2026-01-20T14:44:55.104+0000] {standard_task_runner.py:105} INFO - Job 11: Subtask load_data_to_mysql
[2026-01-20T14:44:55.677+0000] {task_command.py:467} INFO - Running <TaskInstance: ETL_json_postgresql.load_data_to_mysql scheduled__2026-01-19T00:00:00+00:00 [running]> on host ad5114d9f8bb
[2026-01-20T14:44:56.268+0000] {taskinstance.py:3134} INFO - Exporting env vars: AIRFLOW_CTX_DAG_OWNER='Bereket Tafesse' AIRFLOW_CTX_DAG_ID='ETL_json_postgresql' AIRFLOW_CTX_TASK_ID='load_data_to_mysql' AIRFLOW_CTX_EXECUTION_DATE='2026-01-19T00:00:00+00:00' AIRFLOW_CTX_TRY_NUMBER='1' AIRFLOW_CTX_DAG_RUN_ID='scheduled__2026-01-19T00:00:00+00:00'
[2026-01-20T14:44:56.281+0000] {logging_mixin.py:190} INFO - Task instance is in running state
[2026-01-20T14:44:56.284+0000] {logging_mixin.py:190} INFO -  Previous state of the Task instance: queued
[2026-01-20T14:44:56.287+0000] {logging_mixin.py:190} INFO - Current task name:load_data_to_mysql state:running start_date:2026-01-20 14:44:54.897003+00:00
[2026-01-20T14:44:56.289+0000] {logging_mixin.py:190} INFO - Dag name:ETL_json_postgresql and current dag run status:running
[2026-01-20T14:44:56.291+0000] {taskinstance.py:732} INFO - ::endgroup::
[2026-01-20T14:44:56.304+0000] {taskinstance.py:3313} ERROR - Task failed with exception
Traceback (most recent call last):
  File "/home/airflow/.local/lib/python3.12/site-packages/airflow/models/taskinstance.py", line 768, in _execute_task
    result = _execute_callable(context=context, **execute_callable_kwargs)
             ^^^^^^^^^^^^^^^^^^^^^^^^^^^^^^^^^^^^^^^^^^^^^^^^^^^^^^^^^^^^^
  File "/home/airflow/.local/lib/python3.12/site-packages/airflow/models/taskinstance.py", line 734, in _execute_callable
    return ExecutionCallableRunner(
           ^^^^^^^^^^^^^^^^^^^^^^^^
  File "/home/airflow/.local/lib/python3.12/site-packages/airflow/utils/operator_helpers.py", line 252, in run
    return self.func(*args, **kwargs)
           ^^^^^^^^^^^^^^^^^^^^^^^^^^
  File "/home/airflow/.local/lib/python3.12/site-packages/airflow/models/baseoperator.py", line 424, in wrapper
    return func(self, *args, **kwargs)
           ^^^^^^^^^^^^^^^^^^^^^^^^^^^
  File "/home/airflow/.local/lib/python3.12/site-packages/airflow/operators/python.py", line 238, in execute
    return_value = self.execute_callable()
                   ^^^^^^^^^^^^^^^^^^^^^^^
  File "/home/airflow/.local/lib/python3.12/site-packages/airflow/operators/python.py", line 256, in execute_callable
    return runner.run(*self.op_args, **self.op_kwargs)
           ^^^^^^^^^^^^^^^^^^^^^^^^^^^^^^^^^^^^^^^^^^^
  File "/home/airflow/.local/lib/python3.12/site-packages/airflow/utils/operator_helpers.py", line 252, in run
    return self.func(*args, **kwargs)
           ^^^^^^^^^^^^^^^^^^^^^^^^^^
  File "/opt/airflow/dags/ETL_json_postgresql_dag/etl_json_postgresql.py", line 21, in load_data
    conn = psycopg2.connect(**db_config)
           ^^^^^^^^^^^^^^^^^^^^^^^^^^^^^
  File "/home/airflow/.local/lib/python3.12/site-packages/psycopg2/__init__.py", line 122, in connect
    conn = _connect(dsn, connection_factory=connection_factory, **kwasync)
           ^^^^^^^^^^^^^^^^^^^^^^^^^^^^^^^^^^^^^^^^^^^^^^^^^^^^^^^^^^^^^^^
psycopg2.OperationalError: connection to server at "localhost" (127.0.0.1), port 5432 failed: Connection refused
	Is the server running on that host and accepting TCP/IP connections?
connection to server at "localhost" (::1), port 5432 failed: Cannot assign requested address
	Is the server running on that host and accepting TCP/IP connections?

[2026-01-20T14:44:56.395+0000] {logging_mixin.py:190} INFO - Task instance in failure state
[2026-01-20T14:44:56.402+0000] {logging_mixin.py:190} INFO - Task start:2026-01-20 14:44:54.897003+00:00 end:2026-01-20 14:44:56.393315+00:00 duration:1.496312
[2026-01-20T14:44:56.409+0000] {logging_mixin.py:190} INFO - Task:<Task(PythonOperator): load_data_to_mysql> dag:<DAG: ETL_json_postgresql> dagrun:<DagRun ETL_json_postgresql @ 2026-01-19 00:00:00+00:00: scheduled__2026-01-19T00:00:00+00:00, state:running, queued_at: 2026-01-20 14:44:34.224011+00:00. externally triggered: False>
[2026-01-20T14:44:56.412+0000] {logging_mixin.py:190} INFO - Failure caused by connection to server at "localhost" (127.0.0.1), port 5432 failed: Connection refused
	Is the server running on that host and accepting TCP/IP connections?
connection to server at "localhost" (::1), port 5432 failed: Cannot assign requested address
	Is the server running on that host and accepting TCP/IP connections?
[2026-01-20T14:44:56.415+0000] {taskinstance.py:1226} INFO - Marking task as FAILED. dag_id=ETL_json_postgresql, task_id=load_data_to_mysql, run_id=scheduled__2026-01-19T00:00:00+00:00, execution_date=20260119T000000, start_date=20260120T144454, end_date=20260120T144456
[2026-01-20T14:44:56.598+0000] {taskinstance.py:341} INFO - ::group::Post task execution logs
[2026-01-20T14:44:56.600+0000] {standard_task_runner.py:124} ERROR - Failed to execute job 11 for task load_data_to_mysql (connection to server at "localhost" (127.0.0.1), port 5432 failed: Connection refused
	Is the server running on that host and accepting TCP/IP connections?
connection to server at "localhost" (::1), port 5432 failed: Cannot assign requested address
	Is the server running on that host and accepting TCP/IP connections?
; 122)
Traceback (most recent call last):
  File "/home/airflow/.local/lib/python3.12/site-packages/airflow/task/task_runner/standard_task_runner.py", line 117, in _start_by_fork
    ret = args.func(args, dag=self.dag)
          ^^^^^^^^^^^^^^^^^^^^^^^^^^^^^
  File "/home/airflow/.local/lib/python3.12/site-packages/airflow/cli/cli_config.py", line 49, in command
    return func(*args, **kwargs)
           ^^^^^^^^^^^^^^^^^^^^^
  File "/home/airflow/.local/lib/python3.12/site-packages/airflow/utils/cli.py", line 116, in wrapper
    return f(*args, **kwargs)
           ^^^^^^^^^^^^^^^^^^
  File "/home/airflow/.local/lib/python3.12/site-packages/airflow/cli/commands/task_command.py", line 483, in task_run
    task_return_code = _run_task_by_selected_method(args, _dag, ti)
                       ^^^^^^^^^^^^^^^^^^^^^^^^^^^^^^^^^^^^^^^^^^^^
  File "/home/airflow/.local/lib/python3.12/site-packages/airflow/cli/commands/task_command.py", line 256, in _run_task_by_selected_method
    return _run_raw_task(args, ti)
           ^^^^^^^^^^^^^^^^^^^^^^^
  File "/home/airflow/.local/lib/python3.12/site-packages/airflow/cli/commands/task_command.py", line 341, in _run_raw_task
    return ti._run_raw_task(
           ^^^^^^^^^^^^^^^^^
  File "/home/airflow/.local/lib/python3.12/site-packages/airflow/utils/session.py", line 97, in wrapper
    return func(*args, session=session, **kwargs)
           ^^^^^^^^^^^^^^^^^^^^^^^^^^^^^^^^^^^^^^
  File "/home/airflow/.local/lib/python3.12/site-packages/airflow/models/taskinstance.py", line 3006, in _run_raw_task
    return _run_raw_task(
           ^^^^^^^^^^^^^^
  File "/home/airflow/.local/lib/python3.12/site-packages/airflow/models/taskinstance.py", line 274, in _run_raw_task
    TaskInstance._execute_task_with_callbacks(
  File "/home/airflow/.local/lib/python3.12/site-packages/airflow/models/taskinstance.py", line 3161, in _execute_task_with_callbacks
    result = self._execute_task(context, task_orig)
             ^^^^^^^^^^^^^^^^^^^^^^^^^^^^^^^^^^^^^^
  File "/home/airflow/.local/lib/python3.12/site-packages/airflow/models/taskinstance.py", line 3185, in _execute_task
    return _execute_task(self, context, task_orig)
           ^^^^^^^^^^^^^^^^^^^^^^^^^^^^^^^^^^^^^^^
  File "/home/airflow/.local/lib/python3.12/site-packages/airflow/models/taskinstance.py", line 768, in _execute_task
    result = _execute_callable(context=context, **execute_callable_kwargs)
             ^^^^^^^^^^^^^^^^^^^^^^^^^^^^^^^^^^^^^^^^^^^^^^^^^^^^^^^^^^^^^
  File "/home/airflow/.local/lib/python3.12/site-packages/airflow/models/taskinstance.py", line 734, in _execute_callable
    return ExecutionCallableRunner(
           ^^^^^^^^^^^^^^^^^^^^^^^^
  File "/home/airflow/.local/lib/python3.12/site-packages/airflow/utils/operator_helpers.py", line 252, in run
    return self.func(*args, **kwargs)
           ^^^^^^^^^^^^^^^^^^^^^^^^^^
  File "/home/airflow/.local/lib/python3.12/site-packages/airflow/models/baseoperator.py", line 424, in wrapper
    return func(self, *args, **kwargs)
           ^^^^^^^^^^^^^^^^^^^^^^^^^^^
  File "/home/airflow/.local/lib/python3.12/site-packages/airflow/operators/python.py", line 238, in execute
    return_value = self.execute_callable()
                   ^^^^^^^^^^^^^^^^^^^^^^^
  File "/home/airflow/.local/lib/python3.12/site-packages/airflow/operators/python.py", line 256, in execute_callable
    return runner.run(*self.op_args, **self.op_kwargs)
           ^^^^^^^^^^^^^^^^^^^^^^^^^^^^^^^^^^^^^^^^^^^
  File "/home/airflow/.local/lib/python3.12/site-packages/airflow/utils/operator_helpers.py", line 252, in run
    return self.func(*args, **kwargs)
           ^^^^^^^^^^^^^^^^^^^^^^^^^^
  File "/opt/airflow/dags/ETL_json_postgresql_dag/etl_json_postgresql.py", line 21, in load_data
    conn = psycopg2.connect(**db_config)
           ^^^^^^^^^^^^^^^^^^^^^^^^^^^^^
  File "/home/airflow/.local/lib/python3.12/site-packages/psycopg2/__init__.py", line 122, in connect
    conn = _connect(dsn, connection_factory=connection_factory, **kwasync)
           ^^^^^^^^^^^^^^^^^^^^^^^^^^^^^^^^^^^^^^^^^^^^^^^^^^^^^^^^^^^^^^^
psycopg2.OperationalError: connection to server at "localhost" (127.0.0.1), port 5432 failed: Connection refused
	Is the server running on that host and accepting TCP/IP connections?
connection to server at "localhost" (::1), port 5432 failed: Cannot assign requested address
	Is the server running on that host and accepting TCP/IP connections?

[2026-01-20T14:44:56.665+0000] {local_task_job_runner.py:266} INFO - Task exited with return code 1
[2026-01-20T14:44:56.742+0000] {taskinstance.py:3901} INFO - 0 downstream tasks scheduled from follow-on schedule check
[2026-01-20T14:44:56.749+0000] {local_task_job_runner.py:245} INFO - ::endgroup::
[2026-01-20T15:22:06.777+0000] {local_task_job_runner.py:123} INFO - ::group::Pre task execution logs
[2026-01-20T15:22:06.888+0000] {taskinstance.py:2614} INFO - Dependencies all met for dep_context=non-requeueable deps ti=<TaskInstance: ETL_json_postgresql.load_data_to_mysql scheduled__2026-01-19T00:00:00+00:00 [queued]>
[2026-01-20T15:22:06.931+0000] {taskinstance.py:2614} INFO - Dependencies all met for dep_context=requeueable deps ti=<TaskInstance: ETL_json_postgresql.load_data_to_mysql scheduled__2026-01-19T00:00:00+00:00 [queued]>
[2026-01-20T15:22:06.933+0000] {taskinstance.py:2867} INFO - Starting attempt 1 of 1
[2026-01-20T15:22:07.002+0000] {taskinstance.py:2890} INFO - Executing <Task(PythonOperator): load_data_to_mysql> on 2026-01-19 00:00:00+00:00
[2026-01-20T15:22:07.041+0000] {warnings.py:112} WARNING - /home/***/.local/lib/python3.12/site-packages/***/task/task_runner/standard_task_runner.py:70: DeprecationWarning: This process (pid=222) is multi-threaded, use of fork() may lead to deadlocks in the child.
  pid = os.fork()

[2026-01-20T15:22:07.068+0000] {standard_task_runner.py:104} INFO - Running: ['***', 'tasks', 'run', 'ETL_json_postgresql', 'load_data_to_mysql', 'scheduled__2026-01-19T00:00:00+00:00', '--job-id', '6', '--raw', '--subdir', 'DAGS_FOLDER/ETL_json_postgresql_dag/etl_json_postgresql.py', '--cfg-path', '/tmp/tmp95qnj3ac']
[2026-01-20T15:22:07.087+0000] {standard_task_runner.py:105} INFO - Job 6: Subtask load_data_to_mysql
[2026-01-20T15:22:07.087+0000] {standard_task_runner.py:72} INFO - Started process 243 to run task
[2026-01-20T15:22:07.682+0000] {task_command.py:467} INFO - Running <TaskInstance: ETL_json_postgresql.load_data_to_mysql scheduled__2026-01-19T00:00:00+00:00 [running]> on host 9de7224434ec
[2026-01-20T15:22:08.296+0000] {taskinstance.py:3134} INFO - Exporting env vars: AIRFLOW_CTX_DAG_OWNER='Bereket Tafesse' AIRFLOW_CTX_DAG_ID='ETL_json_postgresql' AIRFLOW_CTX_TASK_ID='load_data_to_mysql' AIRFLOW_CTX_EXECUTION_DATE='2026-01-19T00:00:00+00:00' AIRFLOW_CTX_TRY_NUMBER='1' AIRFLOW_CTX_DAG_RUN_ID='scheduled__2026-01-19T00:00:00+00:00'
[2026-01-20T15:22:08.311+0000] {logging_mixin.py:190} INFO - Task instance is in running state
[2026-01-20T15:22:08.313+0000] {logging_mixin.py:190} INFO -  Previous state of the Task instance: queued
[2026-01-20T15:22:08.315+0000] {logging_mixin.py:190} INFO - Current task name:load_data_to_mysql state:running start_date:2026-01-20 15:22:06.891427+00:00
[2026-01-20T15:22:08.317+0000] {logging_mixin.py:190} INFO - Dag name:ETL_json_postgresql and current dag run status:running
[2026-01-20T15:22:08.320+0000] {taskinstance.py:732} INFO - ::endgroup::
[2026-01-20T15:22:08.376+0000] {taskinstance.py:3313} ERROR - Task failed with exception
Traceback (most recent call last):
  File "/home/airflow/.local/lib/python3.12/site-packages/airflow/models/taskinstance.py", line 768, in _execute_task
    result = _execute_callable(context=context, **execute_callable_kwargs)
             ^^^^^^^^^^^^^^^^^^^^^^^^^^^^^^^^^^^^^^^^^^^^^^^^^^^^^^^^^^^^^
  File "/home/airflow/.local/lib/python3.12/site-packages/airflow/models/taskinstance.py", line 734, in _execute_callable
    return ExecutionCallableRunner(
           ^^^^^^^^^^^^^^^^^^^^^^^^
  File "/home/airflow/.local/lib/python3.12/site-packages/airflow/utils/operator_helpers.py", line 252, in run
    return self.func(*args, **kwargs)
           ^^^^^^^^^^^^^^^^^^^^^^^^^^
  File "/home/airflow/.local/lib/python3.12/site-packages/airflow/models/baseoperator.py", line 424, in wrapper
    return func(self, *args, **kwargs)
           ^^^^^^^^^^^^^^^^^^^^^^^^^^^
  File "/home/airflow/.local/lib/python3.12/site-packages/airflow/operators/python.py", line 238, in execute
    return_value = self.execute_callable()
                   ^^^^^^^^^^^^^^^^^^^^^^^
  File "/home/airflow/.local/lib/python3.12/site-packages/airflow/operators/python.py", line 256, in execute_callable
    return runner.run(*self.op_args, **self.op_kwargs)
           ^^^^^^^^^^^^^^^^^^^^^^^^^^^^^^^^^^^^^^^^^^^
  File "/home/airflow/.local/lib/python3.12/site-packages/airflow/utils/operator_helpers.py", line 252, in run
    return self.func(*args, **kwargs)
           ^^^^^^^^^^^^^^^^^^^^^^^^^^
  File "/opt/airflow/dags/ETL_json_postgresql_dag/etl_json_postgresql.py", line 25, in load_data
    with open(json_file_path, 'r') as json_file:
         ^^^^^^^^^^^^^^^^^^^^^^^^^
FileNotFoundError: [Errno 2] No such file or directory: 'fichier_source\\data\\pos_sales_data_30k.json'
[2026-01-20T15:22:08.480+0000] {logging_mixin.py:190} INFO - Task instance in failure state
[2026-01-20T15:22:08.483+0000] {logging_mixin.py:190} INFO - Task start:2026-01-20 15:22:06.891427+00:00 end:2026-01-20 15:22:08.472533+00:00 duration:1.581106
[2026-01-20T15:22:08.487+0000] {logging_mixin.py:190} INFO - Task:<Task(PythonOperator): load_data_to_mysql> dag:<DAG: ETL_json_postgresql> dagrun:<DagRun ETL_json_postgresql @ 2026-01-19 00:00:00+00:00: scheduled__2026-01-19T00:00:00+00:00, state:running, queued_at: 2026-01-20 15:21:43.394624+00:00. externally triggered: False>
[2026-01-20T15:22:08.489+0000] {logging_mixin.py:190} INFO - Failure caused by [Errno 2] No such file or directory: 'fichier_source\\data\\pos_sales_data_30k.json'
[2026-01-20T15:22:08.491+0000] {taskinstance.py:1226} INFO - Marking task as FAILED. dag_id=ETL_json_postgresql, task_id=load_data_to_mysql, run_id=scheduled__2026-01-19T00:00:00+00:00, execution_date=20260119T000000, start_date=20260120T152206, end_date=20260120T152208
[2026-01-20T15:22:08.675+0000] {taskinstance.py:341} INFO - ::group::Post task execution logs
[2026-01-20T15:22:08.678+0000] {standard_task_runner.py:124} ERROR - Failed to execute job 6 for task load_data_to_mysql ([Errno 2] No such file or directory: 'fichier_source\\data\\pos_sales_data_30k.json'; 243)
Traceback (most recent call last):
  File "/home/airflow/.local/lib/python3.12/site-packages/airflow/task/task_runner/standard_task_runner.py", line 117, in _start_by_fork
    ret = args.func(args, dag=self.dag)
          ^^^^^^^^^^^^^^^^^^^^^^^^^^^^^
  File "/home/airflow/.local/lib/python3.12/site-packages/airflow/cli/cli_config.py", line 49, in command
    return func(*args, **kwargs)
           ^^^^^^^^^^^^^^^^^^^^^
  File "/home/airflow/.local/lib/python3.12/site-packages/airflow/utils/cli.py", line 116, in wrapper
    return f(*args, **kwargs)
           ^^^^^^^^^^^^^^^^^^
  File "/home/airflow/.local/lib/python3.12/site-packages/airflow/cli/commands/task_command.py", line 483, in task_run
    task_return_code = _run_task_by_selected_method(args, _dag, ti)
                       ^^^^^^^^^^^^^^^^^^^^^^^^^^^^^^^^^^^^^^^^^^^^
  File "/home/airflow/.local/lib/python3.12/site-packages/airflow/cli/commands/task_command.py", line 256, in _run_task_by_selected_method
    return _run_raw_task(args, ti)
           ^^^^^^^^^^^^^^^^^^^^^^^
  File "/home/airflow/.local/lib/python3.12/site-packages/airflow/cli/commands/task_command.py", line 341, in _run_raw_task
    return ti._run_raw_task(
           ^^^^^^^^^^^^^^^^^
  File "/home/airflow/.local/lib/python3.12/site-packages/airflow/utils/session.py", line 97, in wrapper
    return func(*args, session=session, **kwargs)
           ^^^^^^^^^^^^^^^^^^^^^^^^^^^^^^^^^^^^^^
  File "/home/airflow/.local/lib/python3.12/site-packages/airflow/models/taskinstance.py", line 3006, in _run_raw_task
    return _run_raw_task(
           ^^^^^^^^^^^^^^
  File "/home/airflow/.local/lib/python3.12/site-packages/airflow/models/taskinstance.py", line 274, in _run_raw_task
    TaskInstance._execute_task_with_callbacks(
  File "/home/airflow/.local/lib/python3.12/site-packages/airflow/models/taskinstance.py", line 3161, in _execute_task_with_callbacks
    result = self._execute_task(context, task_orig)
             ^^^^^^^^^^^^^^^^^^^^^^^^^^^^^^^^^^^^^^
  File "/home/airflow/.local/lib/python3.12/site-packages/airflow/models/taskinstance.py", line 3185, in _execute_task
    return _execute_task(self, context, task_orig)
           ^^^^^^^^^^^^^^^^^^^^^^^^^^^^^^^^^^^^^^^
  File "/home/airflow/.local/lib/python3.12/site-packages/airflow/models/taskinstance.py", line 768, in _execute_task
    result = _execute_callable(context=context, **execute_callable_kwargs)
             ^^^^^^^^^^^^^^^^^^^^^^^^^^^^^^^^^^^^^^^^^^^^^^^^^^^^^^^^^^^^^
  File "/home/airflow/.local/lib/python3.12/site-packages/airflow/models/taskinstance.py", line 734, in _execute_callable
    return ExecutionCallableRunner(
           ^^^^^^^^^^^^^^^^^^^^^^^^
  File "/home/airflow/.local/lib/python3.12/site-packages/airflow/utils/operator_helpers.py", line 252, in run
    return self.func(*args, **kwargs)
           ^^^^^^^^^^^^^^^^^^^^^^^^^^
  File "/home/airflow/.local/lib/python3.12/site-packages/airflow/models/baseoperator.py", line 424, in wrapper
    return func(self, *args, **kwargs)
           ^^^^^^^^^^^^^^^^^^^^^^^^^^^
  File "/home/airflow/.local/lib/python3.12/site-packages/airflow/operators/python.py", line 238, in execute
    return_value = self.execute_callable()
                   ^^^^^^^^^^^^^^^^^^^^^^^
  File "/home/airflow/.local/lib/python3.12/site-packages/airflow/operators/python.py", line 256, in execute_callable
    return runner.run(*self.op_args, **self.op_kwargs)
           ^^^^^^^^^^^^^^^^^^^^^^^^^^^^^^^^^^^^^^^^^^^
  File "/home/airflow/.local/lib/python3.12/site-packages/airflow/utils/operator_helpers.py", line 252, in run
    return self.func(*args, **kwargs)
           ^^^^^^^^^^^^^^^^^^^^^^^^^^
  File "/opt/airflow/dags/ETL_json_postgresql_dag/etl_json_postgresql.py", line 25, in load_data
    with open(json_file_path, 'r') as json_file:
         ^^^^^^^^^^^^^^^^^^^^^^^^^
FileNotFoundError: [Errno 2] No such file or directory: 'fichier_source\\data\\pos_sales_data_30k.json'
[2026-01-20T15:22:08.785+0000] {local_task_job_runner.py:266} INFO - Task exited with return code 1
[2026-01-20T15:22:08.871+0000] {taskinstance.py:3901} INFO - 0 downstream tasks scheduled from follow-on schedule check
[2026-01-20T15:22:08.881+0000] {local_task_job_runner.py:245} INFO - ::endgroup::
